Energy-E_F (eV)    DOS (1/eV)    PDOS (1/eV)  of atom type W  Se 
     -5.44690      3.29604      0.92976      2.36628
     -5.43690      3.71803      1.07736      2.64067
     -5.42690      2.78999      0.84144      1.94855
     -5.41690      2.38743      0.72077      1.66666
     -5.40690      2.35143      0.71981      1.63162
     -5.39690      2.48897      0.74931      1.73965
     -5.38690      2.85991      0.80031      2.05961
     -5.37690      2.68512      0.75056      1.93456
     -5.36690      2.42866      0.73662      1.69204
     -5.35690      2.65486      0.82353      1.83134
     -5.34690      2.29563      0.69515      1.60048
     -5.33690      1.38236      0.41423      0.96813
     -5.32690      1.39664      0.40733      0.98931
     -5.31690      2.08600      0.56687      1.51913
     -5.30690      2.19647      0.59574      1.60073
     -5.29690      1.49239      0.43147      1.06092
     -5.28690      0.96331      0.28145      0.68185
     -5.27690      1.07376      0.28820      0.78556
     -5.26690      1.07525      0.27743      0.79782
     -5.25690      0.66330      0.17503      0.48827
     -5.24690      0.71686      0.19126      0.52560
     -5.23690      1.40285      0.35264      1.05021
     -5.22690      1.73242      0.41856      1.31387
     -5.21690      1.21828      0.30991      0.90837
     -5.20690      0.78129      0.23004      0.55125
     -5.19690      0.93918      0.27949      0.65969
     -5.18690      1.18970      0.32270      0.86699
     -5.17690      1.03018      0.26453      0.76565
     -5.16690      0.58311      0.15414      0.42896
     -5.15690      0.33640      0.09022      0.24618
     -5.14690      0.66231      0.16354      0.49877
     -5.13690      1.33878      0.31734      1.02144
     -5.12690      1.45852      0.35224      1.10628
     -5.11690      0.93816      0.24909      0.68907
     -5.10690      0.64907      0.18850      0.46057
     -5.09690      0.58277      0.16508      0.41770
     -5.08690      0.64973      0.16288      0.48684
     -5.07690      0.79676      0.19484      0.60192
     -5.06690      0.62847      0.16480      0.46366
     -5.05690      0.34282      0.09623      0.24659
     -5.04690      0.46830      0.12913      0.33917
     -5.03690      1.18148      0.30946      0.87203
     -5.02690      1.73899      0.43839      1.30060
     -5.01690      1.43422      0.37024      1.06398
     -5.00690      0.82980      0.23766      0.59214
     -4.99690      0.44518      0.13718      0.30800
     -4.98690      0.29528      0.08272      0.21256
     -4.97690      0.57820      0.14333      0.43487
     -4.96690      0.84987      0.21134      0.63853
     -4.95690      0.73405      0.19294      0.54111
     -4.94690      0.78611      0.21351      0.57261
     -4.93690      1.42373      0.37171      1.05202
     -4.92690      2.94960      0.74899      2.20062
     -4.91690      4.88826      1.23263      3.65562
     -4.90690      5.32156      1.35232      3.96923
     -4.89690      4.21208      1.08371      3.12837
     -4.88690      2.81424      0.72721      2.08703
     -4.87690      2.17374      0.55809      1.61565
     -4.86690      2.55580      0.65055      1.90525
     -4.85690      2.85356      0.72380      2.12976
     -4.84690      2.78295      0.71705      2.06590
     -4.83690      2.65424      0.70895      1.94530
     -4.82690      2.52299      0.69982      1.82316
     -4.81690      2.22752      0.63010      1.59742
     -4.80690      2.55846      0.70014      1.85832
     -4.79690      3.33889      0.87702      2.46187
     -4.78690      3.49659      0.89774      2.59884
     -4.77690      2.71474      0.69502      2.01972
     -4.76690      1.80792      0.48550      1.32242
     -4.75690      1.77651      0.49847      1.27804
     -4.74690      2.12323      0.55616      1.56707
     -4.73690      2.42791      0.59833      1.82958
     -4.72690      2.70368      0.67911      2.02457
     -4.71690      2.90547      0.77694      2.12853
     -4.70690      2.73453      0.77038      1.96415
     -4.69690      2.41172      0.66486      1.74686
     -4.68690      2.17879      0.58033      1.59846
     -4.67690      2.37812      0.65179      1.72633
     -4.66690      3.30969      0.92743      2.38226
     -4.65690      4.04614      1.12175      2.92440
     -4.64690      3.25137      0.88440      2.36697
     -4.63690      2.03139      0.56316      1.46824
     -4.62690      1.87190      0.54257      1.32933
     -4.61690      2.85963      0.79633      2.06330
     -4.60690      4.06512      1.11278      2.95233
     -4.59690      4.47184      1.28585      3.18598
     -4.58690      4.01950      1.21930      2.80020
     -4.57690      3.32857      1.03365      2.29492
     -4.56690      3.68491      1.12353      2.56138
     -4.55690      4.34838      1.31515      3.03324
     -4.54690      4.57696      1.43219      3.14477
     -4.53690      5.20093      1.65561      3.54532
     -4.52690      5.93095      1.83599      4.09496
     -4.51690      6.32969      1.89492      4.43477
     -4.50690      5.62873      1.67180      3.95693
     -4.49690      4.02358      1.23241      2.79117
     -4.48690      3.09923      0.98427      2.11496
     -4.47690      3.33369      1.05745      2.27623
     -4.46690      3.83532      1.20021      2.63512
     -4.45690      4.10716      1.27598      2.83118
     -4.44690      4.48693      1.36757      3.11936
     -4.43690      5.26663      1.57783      3.68880
     -4.42690      5.71712      1.72616      3.99096
     -4.41690      5.29077      1.62047      3.67031
     -4.40690      4.04594      1.23304      2.81290
     -4.39690      2.55871      0.76175      1.79696
     -4.38690      1.64067      0.46909      1.17158
     -4.37690      1.38039      0.39292      0.98747
     -4.36690      1.28533      0.40075      0.88458
     -4.35690      1.07436      0.38743      0.68693
     -4.34690      0.71722      0.28185      0.43537
     -4.33690      0.75681      0.29015      0.46666
     -4.32690      1.12155      0.41094      0.71061
     -4.31690      1.15015      0.40873      0.74142
     -4.30690      1.02860      0.35139      0.67721
     -4.29690      0.85301      0.26826      0.58475
     -4.28690      0.43329      0.12788      0.30541
     -4.27690      0.12113      0.03748      0.08365
     -4.26690      0.19721      0.07450      0.12271
     -4.25690      0.65275      0.23455      0.41820
     -4.24690      1.22922      0.41620      0.81302
     -4.23690      1.49430      0.48537      1.00893
     -4.22690      1.16936      0.36304      0.80632
     -4.21690      0.55275      0.16376      0.38898
     -4.20690      0.15993      0.04830      0.11163
     -4.19690      0.19460      0.07351      0.12110
     -4.18690      0.72419      0.26271      0.46148
     -4.17690      1.59229      0.52502      1.06727
     -4.16690      2.28170      0.68209      1.59961
     -4.15690      2.22822      0.63342      1.59480
     -4.14690      1.51020      0.40777      1.10244
     -4.13690      0.93952      0.24241      0.69710
     -4.12690      0.68780      0.21734      0.47046
     -4.11690      0.85937      0.28142      0.57795
     -4.10690      1.56434      0.42473      1.13961
     -4.09690      2.17998      0.54152      1.63846
     -4.08690      1.94923      0.49708      1.45214
     -4.07690      1.45868      0.43002      1.02866
     -4.06690      1.19027      0.37654      0.81374
     -4.05690      0.82834      0.25651      0.57183
     -4.04690      0.66770      0.23361      0.43409
     -4.03690      0.83352      0.31126      0.52225
     -4.02690      1.10043      0.37937      0.72107
     -4.01690      1.44345      0.44930      0.99415
     -4.00690      1.12778      0.34407      0.78371
     -3.99690      0.60830      0.18310      0.42519
     -3.98690      0.85107      0.25124      0.59983
     -3.97690      1.36335      0.42703      0.93632
     -3.96690      1.32873      0.41907      0.90966
     -3.95690      1.02933      0.31111      0.71822
     -3.94690      0.72491      0.20102      0.52390
     -3.93690      0.47598      0.11328      0.36271
     -3.92690      0.32076      0.08602      0.23474
     -3.91690      0.54691      0.20510      0.34181
     -3.90690      1.31329      0.46277      0.85052
     -3.89690      1.87977      0.55880      1.32097
     -3.88690      1.63106      0.40710      1.22396
     -3.87690      1.23164      0.30436      0.92728
     -3.86690      1.29450      0.33539      0.95910
     -3.85690      1.96729      0.49373      1.47356
     -3.84690      3.28948      0.84015      2.44933
     -3.83690      4.39723      1.15229      3.24494
     -3.82690      4.65374      1.16992      3.48383
     -3.81690      4.45765      1.01038      3.44727
     -3.80690      4.89347      0.97607      3.91740
     -3.79690      5.85806      1.09574      4.76232
     -3.78690      5.69075      1.15405      4.53670
     -3.77690      4.47475      1.04721      3.42754
     -3.76690      3.07394      0.75459      2.31934
     -3.75690      2.51978      0.66490      1.85488
     -3.74690      3.38381      0.98541      2.39840
     -3.73690      4.18711      1.23298      2.95412
     -3.72690      3.92543      1.15470      2.77073
     -3.71690      3.35540      1.01134      2.34405
     -3.70690      3.06391      0.93581      2.12809
     -3.69690      2.64247      0.78906      1.85341
     -3.68690      2.41725      0.72599      1.69126
     -3.67690      2.54326      0.77974      1.76352
     -3.66690      2.49215      0.79269      1.69945
     -3.65690      2.13304      0.68169      1.45135
     -3.64690      1.60517      0.50307      1.10211
     -3.63690      1.68108      0.56879      1.11230
     -3.62690      2.60657      0.93209      1.67448
     -3.61690      2.86640      1.03184      1.83456
     -3.60690      2.74427      0.97316      1.77111
     -3.59690      3.09905      1.09431      2.00474
     -3.58690      2.81755      0.98094      1.83662
     -3.57690      2.17133      0.68518      1.48615
     -3.56690      2.37828      0.68413      1.69415
     -3.55690      3.00418      0.92437      2.07981
     -3.54690      3.19586      1.04386      2.15200
     -3.53690      2.52229      0.82278      1.69951
     -3.52690      1.50380      0.47185      1.03195
     -3.51690      0.88168      0.28797      0.59371
     -3.50690      1.38212      0.50136      0.88075
     -3.49690      3.09424      1.13225      1.96199
     -3.48690      3.91162      1.42985      2.48178
     -3.47690      3.06211      1.13720      1.92491
     -3.46690      2.28340      0.89407      1.38932
     -3.45690      2.11504      0.84746      1.26758
     -3.44690      2.50933      0.97147      1.53786
     -3.43690      2.75157      1.04200      1.70957
     -3.42690      2.06115      0.77104      1.29011
     -3.41690      1.42377      0.52248      0.90129
     -3.40690      1.59865      0.56518      1.03347
     -3.39690      2.64907      0.91809      1.73098
     -3.38690      3.28152      1.12380      2.15772
     -3.37690      2.88218      1.00065      1.88152
     -3.36690      2.45219      0.89964      1.55256
     -3.35690      2.39540      0.92432      1.47108
     -3.34690      2.24349      0.91364      1.32985
     -3.33690      2.01471      0.82407      1.19064
     -3.32690      2.12047      0.80464      1.31583
     -3.31690      2.55190      0.95050      1.60141
     -3.30690      2.87200      1.09701      1.77499
     -3.29690      2.88038      1.15507      1.72530
     -3.28690      2.82689      1.18234      1.64455
     -3.27690      2.78993      1.16736      1.62257
     -3.26690      2.59805      1.06872      1.52933
     -3.25690      2.47822      1.01422      1.46400
     -3.24690      2.46247      1.01858      1.44389
     -3.23690      2.32763      0.96340      1.36423
     -3.22690      2.43770      0.99838      1.43932
     -3.21690      2.63927      1.05743      1.58184
     -3.20690      2.47350      0.94724      1.52626
     -3.19690      2.37892      0.88269      1.49624
     -3.18690      2.80197      0.98579      1.81618
     -3.17690      2.65480      0.89084      1.76396
     -3.16690      2.27043      0.77139      1.49903
     -3.15690      2.10050      0.73674      1.36376
     -3.14690      1.98876      0.71927      1.26949
     -3.13690      2.18436      0.79789      1.38647
     -3.12690      2.49483      0.91976      1.57508
     -3.11690      2.45545      0.89880      1.55665
     -3.10690      1.74241      0.62194      1.12047
     -3.09690      0.82627      0.29984      0.52643
     -3.08690      0.67658      0.25231      0.42427
     -3.07690      1.43780      0.50931      0.92850
     -3.06690      2.19035      0.77675      1.41360
     -3.05690      2.16053      0.83795      1.32258
     -3.04690      1.66113      0.68969      0.97144
     -3.03690      1.42708      0.53943      0.88765
     -3.02690      1.76192      0.60893      1.15299
     -3.01690      1.93914      0.65514      1.28400
     -3.00690      1.59255      0.55698      1.03557
     -2.99690      1.37991      0.51437      0.86554
     -2.98690      1.43623      0.48885      0.94738
     -2.97690      1.58807      0.49118      1.09688
     -2.96690      1.66039      0.51650      1.14389
     -2.95690      1.61745      0.53355      1.08389
     -2.94690      1.52771      0.58660      0.94111
     -2.93690      1.36727      0.52648      0.84079
     -2.92690      1.66947      0.57991      1.08956
     -2.91690      2.19410      0.77502      1.41907
     -2.90690      2.11826      0.77188      1.34639
     -2.89690      1.86374      0.65183      1.21191
     -2.88690      1.60386      0.53013      1.07374
     -2.87690      1.29523      0.40286      0.89237
     -2.86690      1.13690      0.33153      0.80537
     -2.85690      0.94901      0.28594      0.66307
     -2.84690      0.95960      0.27476      0.68484
     -2.83690      1.18152      0.35973      0.82179
     -2.82690      1.19483      0.44073      0.75410
     -2.81690      1.27684      0.53358      0.74326
     -2.80690      1.08859      0.45786      0.63073
     -2.79690      0.84171      0.30147      0.54023
     -2.78690      1.33349      0.36081      0.97268
     -2.77690      1.84726      0.49504      1.35222
     -2.76690      1.90957      0.59220      1.31736
     -2.75690      2.11111      0.74620      1.36492
     -2.74690      2.32294      0.86214      1.46080
     -2.73690      2.31792      0.85021      1.46771
     -2.72690      2.45388      0.87690      1.57698
     -2.71690      2.13214      0.72282      1.40932
     -2.70690      1.70083      0.49926      1.20158
     -2.69690      1.49291      0.41314      1.07976
     -2.68690      1.44068      0.43834      1.00234
     -2.67690      1.76557      0.57832      1.18725
     -2.66690      2.17761      0.73661      1.44100
     -2.65690      2.40996      0.85981      1.55015
     -2.64690      2.11237      0.72123      1.39114
     -2.63690      2.08877      0.58321      1.50556
     -2.62690      2.43751      0.64878      1.78872
     -2.61690      2.57993      0.75586      1.82407
     -2.60690      3.06298      0.87635      2.18664
     -2.59690      4.64141      1.16491      3.47650
     -2.58690      6.68216      1.63063      5.05153
     -2.57690      7.44149      1.78192      5.65957
     -2.56690      7.01511      1.57924      5.43587
     -2.55690      6.36179      1.38853      4.97326
     -2.54690      5.80992      1.26374      4.54618
     -2.53690      5.00415      1.11459      3.88956
     -2.52690      3.77675      0.85291      2.92384
     -2.51690      3.22527      0.70216      2.52311
     -2.50690      3.41775      0.81128      2.60647
     -2.49690      3.99814      1.10983      2.88832
     -2.48690      4.24136      1.25505      2.98631
     -2.47690      3.68830      1.05189      2.63641
     -2.46690      2.85935      0.79168      2.06767
     -2.45690      2.55092      0.69933      1.85160
     -2.44690      3.42584      0.90346      2.52238
     -2.43690      4.55174      1.21385      3.33790
     -2.42690      4.21389      1.16628      3.04761
     -2.41690      3.03657      0.90826      2.12830
     -2.40690      2.69243      0.87038      1.82205
     -2.39690      3.70779      1.09564      2.61215
     -2.38690      4.70878      1.32332      3.38546
     -2.37690      4.76882      1.40526      3.36357
     -2.36690      4.30890      1.28155      3.02735
     -2.35690      3.95517      1.10994      2.84523
     -2.34690      3.75646      0.98759      2.76887
     -2.33690      3.05072      0.78559      2.26513
     -2.32690      2.39938      0.70302      1.69636
     -2.31690      2.89908      0.97353      1.92554
     -2.30690      3.87787      1.20767      2.67020
     -2.29690      3.69336      1.07417      2.61919
     -2.28690      2.61083      0.83527      1.77556
     -2.27690      2.10188      0.74256      1.35932
     -2.26690      2.24055      0.74354      1.49702
     -2.25690      2.56457      0.75062      1.81395
     -2.24690      3.24706      0.89056      2.35650
     -2.23690      3.73903      1.06773      2.67130
     -2.22690      3.68553      1.12616      2.55937
     -2.21690      3.51723      1.14850      2.36873
     -2.20690      3.26397      1.11166      2.15230
     -2.19690      3.46274      1.09298      2.36977
     -2.18690      3.75370      1.00902      2.74468
     -2.17690      3.60296      0.96573      2.63723
     -2.16690      3.31662      1.10375      2.21287
     -2.15690      2.88567      1.04561      1.84005
     -2.14690      2.41912      0.83952      1.57960
     -2.13690      2.34791      0.79030      1.55761
     -2.12690      3.01479      0.92839      2.08640
     -2.11690      4.23475      1.33218      2.90258
     -2.10690      4.61693      1.54923      3.06770
     -2.09690      4.45104      1.43589      3.01515
     -2.08690      3.92523      1.22894      2.69628
     -2.07690      2.80558      0.94582      1.85976
     -2.06690      2.34590      0.79549      1.55041
     -2.05690      2.98294      0.95742      2.02551
     -2.04690      3.62087      1.15612      2.46475
     -2.03690      3.78881      1.23800      2.55081
     -2.02690      3.91788      1.24491      2.67297
     -2.01690      3.94363      1.22965      2.71399
     -2.00690      3.68040      1.13356      2.54683
     -1.99690      3.33748      0.97889      2.35859
     -1.98690      3.29276      0.93595      2.35682
     -1.97690      3.26007      0.90597      2.35410
     -1.96690      3.16518      0.82911      2.33608
     -1.95690      3.15436      0.74934      2.40502
     -1.94690      2.43386      0.52722      1.90665
     -1.93690      1.21382      0.27829      0.93554
     -1.92690      0.94815      0.31569      0.63246
     -1.91690      1.71913      0.54067      1.17846
     -1.90690      2.19360      0.55457      1.63904
     -1.89690      2.12308      0.46895      1.65413
     -1.88690      2.24780      0.59538      1.65242
     -1.87690      2.25452      0.65218      1.60234
     -1.86690      1.97831      0.58411      1.39420
     -1.85690      2.28632      0.71254      1.57378
     -1.84690      2.93823      0.87683      2.06140
     -1.83690      3.22224      0.90088      2.32136
     -1.82690      3.15629      0.82176      2.33452
     -1.81690      2.54176      0.56720      1.97456
     -1.80690      1.82925      0.39281      1.43644
     -1.79690      1.52229      0.36835      1.15394
     -1.78690      1.48651      0.34327      1.14323
     -1.77690      1.68081      0.36509      1.31572
     -1.76690      1.91799      0.47468      1.44331
     -1.75690      2.49751      0.69044      1.80708
     -1.74690      2.87626      0.87530      2.00096
     -1.73690      2.62796      0.86360      1.76436
     -1.72690      2.04787      0.59115      1.45672
     -1.71690      1.86722      0.37810      1.48912
     -1.70690      1.94728      0.33079      1.61649
     -1.69690      1.72000      0.34272      1.37728
     -1.68690      1.89196      0.48522      1.40674
     -1.67690      2.26169      0.58565      1.67604
     -1.66690      2.41894      0.57228      1.84666
     -1.65690      2.88669      0.75543      2.13126
     -1.64690      3.00904      0.91876      2.09028
     -1.63690      2.35444      0.71697      1.63748
     -1.62690      1.84102      0.42148      1.41954
     -1.61690      1.76701      0.30151      1.46550
     -1.60690      1.66365      0.31616      1.34749
     -1.59690      1.30832      0.30731      1.00101
     -1.58690      1.27858      0.34096      0.93761
     -1.57690      1.51142      0.45039      1.06102
     -1.56690      1.66202      0.49990      1.16213
     -1.55690      1.93870      0.49512      1.44358
     -1.54690      2.25627      0.50915      1.74712
     -1.53690      2.04958      0.49039      1.55919
     -1.52690      1.59801      0.47524      1.12278
     -1.51690      1.72413      0.57510      1.14903
     -1.50690      2.20469      0.75110      1.45359
     -1.49690      2.00135      0.68181      1.31954
     -1.48690      1.50895      0.48047      1.02848
     -1.47690      1.44834      0.45228      0.99606
     -1.46690      1.50056      0.51727      0.98328
     -1.45690      1.49451      0.56852      0.92599
     -1.44690      1.45586      0.56259      0.89327
     -1.43690      1.24035      0.47414      0.76622
     -1.42690      1.26101      0.50772      0.75329
     -1.41690      1.36654      0.58648      0.78006
     -1.40690      1.36317      0.59413      0.76905
     -1.39690      1.20837      0.50882      0.69955
     -1.38690      1.25091      0.50170      0.74922
     -1.37690      1.46765      0.55772      0.90993
     -1.36690      1.54656      0.56173      0.98483
     -1.35690      1.17805      0.41390      0.76415
     -1.34690      0.50001      0.16787      0.33214
     -1.33690      0.22705      0.07897      0.14808
     -1.32690      0.31339      0.13496      0.17842
     -1.31690      0.32628      0.16773      0.15855
     -1.30690      0.34626      0.17831      0.16795
     -1.29690      0.46268      0.20950      0.25318
     -1.28690      0.60356      0.27512      0.32844
     -1.27690      0.86277      0.44894      0.41383
     -1.26690      1.03554      0.59412      0.44141
     -1.25690      0.97495      0.58306      0.39189
     -1.24690      0.90453      0.54468      0.35986
     -1.23690      0.58169      0.33921      0.24249
     -1.22690      0.44156      0.24551      0.19605
     -1.21690      0.68373      0.41048      0.27325
     -1.20690      0.83898      0.53286      0.30612
     -1.19690      0.97738      0.59059      0.38679
     -1.18690      1.03881      0.61030      0.42851
     -1.17690      0.89661      0.54101      0.35560
     -1.16690      0.98193      0.57950      0.40243
     -1.15690      0.93571      0.53178      0.40394
     -1.14690      0.62676      0.34881      0.27795
     -1.13690      0.80810      0.45939      0.34871
     -1.12690      1.37057      0.81356      0.55701
     -1.11690      1.84027      1.12134      0.71893
     -1.10690      2.04248      1.24333      0.79915
     -1.09690      1.77613      1.06893      0.70720
     -1.08690      1.44929      0.84094      0.60835
     -1.07690      1.26206      0.71658      0.54547
     -1.06690      1.26753      0.75545      0.51208
     -1.05690      1.37290      0.85781      0.51508
     -1.04690      1.41325      0.86869      0.54456
     -1.03690      1.29016      0.78397      0.50619
     -1.02690      0.97916      0.61116      0.36800
     -1.01690      1.23303      0.78579      0.44724
     -1.00690      2.18936      1.40362      0.78574
     -0.99690      2.48027      1.60582      0.87445
     -0.98690      2.21198      1.40697      0.80501
     -0.97690      1.94506      1.19579      0.74927
     -0.96690      1.76434      1.12937      0.63496
     -0.95690      1.88301      1.25221      0.63079
     -0.94690      1.81119      1.18910      0.62209
     -0.93690      1.96560      1.27924      0.68636
     -0.92690      2.59122      1.68743      0.90380
     -0.91690      3.04359      1.98939      1.05420
     -0.90690      3.22671      2.10425      1.12246
     -0.89690      3.30915      2.16988      1.13927
     -0.88690      3.24933      2.21578      1.03355
     -0.87690      3.64278      2.56809      1.07469
     -0.86690      4.29558      3.02841      1.26717
     -0.85690      4.23836      2.97886      1.25949
     -0.84690      3.43625      2.41199      1.02425
     -0.83690      3.26894      2.22585      1.04309
     -0.82690      3.62956      2.41476      1.21479
     -0.81690      3.57926      2.43064      1.14862
     -0.80690      3.24302      2.24320      0.99983
     -0.79690      2.50141      1.70585      0.79556
     -0.78690      2.30720      1.55433      0.75288
     -0.77690      2.80327      1.88561      0.91766
     -0.76690      3.10180      2.04170      1.06010
     -0.75690      3.09336      2.00602      1.08733
     -0.74690      2.84196      1.90513      0.93684
     -0.73690      2.38650      1.65664      0.72986
     -0.72690      2.05845      1.41956      0.63889
     -0.71690      2.19581      1.48897      0.70684
     -0.70690      2.62749      1.77960      0.84790
     -0.69690      2.64208      1.78349      0.85859
     -0.68690      2.29934      1.55287      0.74646
     -0.67690      2.01359      1.37118      0.64241
     -0.66690      2.02125      1.38003      0.64122
     -0.65690      2.16415      1.48099      0.68316
     -0.64690      2.36190      1.59385      0.76806
     -0.63690      2.60501      1.74121      0.86380
     -0.62690      2.50420      1.70861      0.79558
     -0.61690      2.14436      1.51484      0.62952
     -0.60690      1.91702      1.35409      0.56293
     -0.59690      1.80468      1.23773      0.56695
     -0.58690      1.96146      1.33625      0.62521
     -0.57690      2.26153      1.56014      0.70138
     -0.56690      2.11936      1.47335      0.64601
     -0.55690      1.88123      1.30464      0.57659
     -0.54690      1.95928      1.34222      0.61706
     -0.53690      1.98081      1.35703      0.62377
     -0.52690      2.11800      1.47356      0.64444
     -0.51690      2.57683      1.81496      0.76187
     -0.50690      2.53956      1.80025      0.73931
     -0.49690      1.99748      1.40743      0.59005
     -0.48690      1.88002      1.29932      0.58070
     -0.47690      2.00647      1.38231      0.62416
     -0.46690      2.02134      1.39392      0.62742
     -0.45690      2.41144      1.66537      0.74607
     -0.44690      2.67666      1.85491      0.82175
     -0.43690      2.02473      1.40451      0.62023
     -0.42690      1.04704      0.73308      0.31396
     -0.41690      0.56314      0.40559      0.15755
     -0.40690      0.67396      0.49184      0.18212
     -0.39690      1.01903      0.74601      0.27302
     -0.38690      1.22365      0.90821      0.31545
     -0.37690      1.03942      0.78264      0.25678
     -0.36690      0.66489      0.49901      0.16588
     -0.35690      0.53895      0.39428      0.14466
     -0.34690      0.64292      0.46931      0.17361
     -0.33690      0.72729      0.53638      0.19091
     -0.32690      0.64362      0.47892      0.16470
     -0.31690      0.58961      0.44406      0.14554
     -0.30690      0.52310      0.39843      0.12467
     -0.29690      0.50755      0.38407      0.12348
     -0.28690      0.51748      0.38849      0.12899
     -0.27690      0.41077      0.31005      0.10071
     -0.26690      0.54175      0.41280      0.12895
     -0.25690      0.81342      0.62106      0.19236
     -0.24690      0.99102      0.75940      0.23162
     -0.23690      0.89287      0.68507      0.20780
     -0.22690      0.43019      0.32974      0.10044
     -0.21690      0.11737      0.09004      0.02732
     -0.20690      0.21846      0.16846      0.05000
     -0.19690      0.55917      0.43102      0.12814
     -0.18690      0.58263      0.44928      0.13336
     -0.17690      0.34456      0.26716      0.07741
     -0.16690      0.30457      0.23731      0.06726
     -0.15690      0.37937      0.29475      0.08462
     -0.14690      0.40946      0.31785      0.09161
     -0.13690      0.55708      0.43339      0.12369
     -0.12690      0.69164      0.53977      0.15187
     -0.11690      0.56934      0.44613      0.12321
     -0.10690      0.33414      0.26256      0.07158
     -0.09690      0.16098      0.12643      0.03455
     -0.08690      0.22176      0.17401      0.04775
     -0.07690      0.37339      0.29355      0.07984
     -0.06690      0.38516      0.30328      0.08188
     -0.05690      0.32746      0.25809      0.06937
     -0.04690      0.37525      0.29595      0.07930
     -0.03690      0.38636      0.30513      0.08123
     -0.02690      0.37065      0.29316      0.07750
     -0.01690      0.26681      0.21121      0.05561
     -0.00690      0.19436      0.15401      0.04034
      0.00310      0.12533      0.09936      0.02597
      0.01310      0.03652      0.02896      0.00757
      0.02310      0.00401      0.00318      0.00083
      0.03310      0.00016      0.00013      0.00003
      0.04310      0.00000      0.00000      0.00000
      0.05310      0.00000      0.00000      0.00000
      0.06310      0.00000      0.00000      0.00000
      0.07310      0.00000      0.00000      0.00000
      0.08310      0.00000      0.00000      0.00000
      0.09310      0.00000      0.00000      0.00000
      0.10310      0.00000      0.00000      0.00000
      0.11310      0.00000      0.00000      0.00000
      0.12310      0.00000      0.00000      0.00000
      0.13310      0.00000      0.00000      0.00000
      0.14310      0.00000      0.00000      0.00000
      0.15310      0.00000      0.00000      0.00000
      0.16310      0.00000      0.00000      0.00000
      0.17310      0.00000      0.00000      0.00000
      0.18310      0.00000      0.00000      0.00000
      0.19310      0.00000      0.00000      0.00000
      0.20310      0.00000      0.00000      0.00000
      0.21310      0.00000      0.00000      0.00000
      0.22310      0.00000      0.00000      0.00000
      0.23310      0.00000      0.00000      0.00000
      0.24310      0.00000      0.00000      0.00000
      0.25310      0.00000      0.00000      0.00000
      0.26310      0.00000      0.00000      0.00000
      0.27310      0.00000      0.00000      0.00000
      0.28310      0.00000      0.00000      0.00000
      0.29310      0.00000      0.00000      0.00000
      0.30310      0.00000      0.00000      0.00000
      0.31310      0.00000      0.00000      0.00000
      0.32310      0.00000      0.00000      0.00000
      0.33310      0.00000      0.00000      0.00000
      0.34310      0.00000      0.00000      0.00000
      0.35310      0.00000      0.00000      0.00000
      0.36310      0.00000      0.00000      0.00000
      0.37310      0.00000      0.00000      0.00000
      0.38310      0.00000      0.00000      0.00000
      0.39310      0.00000      0.00000      0.00000
      0.40310      0.00000      0.00000      0.00000
      0.41310      0.00000      0.00000      0.00000
      0.42310      0.00000      0.00000      0.00000
      0.43310      0.00000      0.00000      0.00000
      0.44310      0.00000      0.00000      0.00000
      0.45310      0.00000      0.00000      0.00000
      0.46310      0.00000      0.00000      0.00000
      0.47310      0.00000      0.00000      0.00000
      0.48310      0.00000      0.00000      0.00000
      0.49310      0.00000      0.00000      0.00000
      0.50310      0.00000      0.00000      0.00000
      0.51310      0.00000      0.00000      0.00000
      0.52310      0.00000      0.00000      0.00000
      0.53310      0.00000      0.00000      0.00000
      0.54310      0.00000      0.00000      0.00000
      0.55310      0.00000      0.00000      0.00000
      0.56310      0.00000      0.00000      0.00000
      0.57310      0.00000      0.00000      0.00000
      0.58310      0.00000      0.00000      0.00000
      0.59310      0.00000      0.00000      0.00000
      0.60310      0.00000      0.00000      0.00000
      0.61310      0.00000      0.00000      0.00000
      0.62310      0.00000      0.00000      0.00000
      0.63310      0.00000      0.00000      0.00000
      0.64310      0.00000      0.00000      0.00000
      0.65310      0.00000      0.00000      0.00000
      0.66310      0.00000      0.00000      0.00000
      0.67310      0.00000      0.00000      0.00000
      0.68310      0.00000      0.00000      0.00000
      0.69310      0.00000      0.00000      0.00000
      0.70310      0.00000      0.00000      0.00000
      0.71310      0.00000      0.00000      0.00000
      0.72310      0.00000      0.00000      0.00000
      0.73310      0.00000      0.00000      0.00000
      0.74310      0.00000      0.00000      0.00000
      0.75310      0.00000      0.00000      0.00000
      0.76310      0.00000      0.00000      0.00000
      0.77310      0.00000      0.00000      0.00000
      0.78310      0.00000      0.00000      0.00000
      0.79310      0.00000      0.00000      0.00000
      0.80310      0.00000      0.00000      0.00000
      0.81310      0.00000      0.00000      0.00000
      0.82310      0.00000      0.00000      0.00000
      0.83310      0.00000      0.00000      0.00000
      0.84310      0.00000      0.00000      0.00000
      0.85310      0.00000      0.00000      0.00000
      0.86310      0.00000      0.00000      0.00000
      0.87310      0.00000      0.00000      0.00000
      0.88310      0.00000      0.00000      0.00000
      0.89310      0.00000      0.00000      0.00000
      0.90310      0.00000      0.00000      0.00000
      0.91310      0.00000      0.00000      0.00000
      0.92310      0.00000      0.00000      0.00000
      0.93310      0.00000      0.00000      0.00000
      0.94310      0.00000      0.00000      0.00000
      0.95310      0.00000      0.00000      0.00000
      0.96310      0.00000      0.00000      0.00000
      0.97310      0.00000      0.00000      0.00000
      0.98310      0.00000      0.00000      0.00000
      0.99310      0.00000      0.00000      0.00000
      1.00310      0.00000      0.00000      0.00000
      1.01310      0.00000      0.00000      0.00000
      1.02310      0.00000      0.00000      0.00000
      1.03310      0.00000      0.00000      0.00000
      1.04310      0.00000      0.00000      0.00000
      1.05310      0.00000      0.00000      0.00000
      1.06310      0.00000      0.00000      0.00000
      1.07310      0.00000      0.00000      0.00000
      1.08310      0.00000      0.00000      0.00000
      1.09310      0.00000      0.00000      0.00000
      1.10310      0.00000      0.00000      0.00000
      1.11310      0.00000      0.00000      0.00000
      1.12310      0.00000      0.00000      0.00000
      1.13310      0.00000      0.00000      0.00000
      1.14310      0.00000      0.00000      0.00000
      1.15310      0.00000      0.00000      0.00000
      1.16310      0.00000      0.00000      0.00000
      1.17310      0.00000      0.00000      0.00000
      1.18310      0.00000      0.00000      0.00000
      1.19310      0.00000      0.00000      0.00000
      1.20310      0.00000      0.00000      0.00000
      1.21310      0.00000      0.00000      0.00000
      1.22310      0.00000      0.00000      0.00000
      1.23310      0.00000      0.00000      0.00000
      1.24310      0.00000      0.00000      0.00000
      1.25310      0.00000      0.00000      0.00000
      1.26310      0.00000      0.00000      0.00000
      1.27310      0.00000      0.00000      0.00000
      1.28310      0.00000      0.00000      0.00000
      1.29310      0.00000      0.00000      0.00000
      1.30310      0.00000      0.00000      0.00000
      1.31310      0.00000      0.00000      0.00000
      1.32310      0.00000      0.00000      0.00000
      1.33310      0.00000      0.00000      0.00000
      1.34310      0.00000      0.00000      0.00000
      1.35310      0.00000      0.00000      0.00000
      1.36310      0.00000      0.00000      0.00000
      1.37310      0.00000      0.00000      0.00000
      1.38310      0.00000      0.00000      0.00000
      1.39310      0.00000      0.00000      0.00000
      1.40310      0.00000      0.00000      0.00000
      1.41310      0.00000      0.00000      0.00000
      1.42310      0.00000      0.00000      0.00000
      1.43310      0.00000      0.00000      0.00000
      1.44310      0.00000      0.00000      0.00000
      1.45310      0.00000      0.00000      0.00000
      1.46310      0.00000      0.00000      0.00000
      1.47310      0.00000      0.00000      0.00000
      1.48310      0.00000      0.00000      0.00000
      1.49310      0.00000      0.00000      0.00000
      1.50310      0.00000      0.00000      0.00000
      1.51310      0.00000      0.00000      0.00000
      1.52310      0.00000      0.00000      0.00000
      1.53310      0.00000      0.00000      0.00000
      1.54310      0.00000      0.00000      0.00000
      1.55310      0.00000      0.00000      0.00000
      1.56310      0.00000      0.00000      0.00000
      1.57310      0.00000      0.00000      0.00000
      1.58310      0.00000      0.00000      0.00000
      1.59310      0.00000      0.00000      0.00000
      1.60310      0.00000      0.00000      0.00000
      1.61310      0.00000      0.00000      0.00000
      1.62310      0.00000      0.00000      0.00000
      1.63310      0.00000      0.00000      0.00000
      1.64310      0.00000      0.00000      0.00000
      1.65310      0.00000      0.00000      0.00000
      1.66310      0.00000      0.00000      0.00000
      1.67310      0.00000      0.00000      0.00000
      1.68310      0.00000      0.00000      0.00000
      1.69310      0.00000      0.00000      0.00000
      1.70310      0.00000      0.00000      0.00000
      1.71310      0.00000      0.00000      0.00000
      1.72310      0.00000      0.00000      0.00000
      1.73310      0.00000      0.00000      0.00000
      1.74310      0.00000      0.00000      0.00000
      1.75310      0.00000      0.00000      0.00000
      1.76310      0.00000      0.00000      0.00000
      1.77310      0.00000      0.00000      0.00000
      1.78310      0.00000      0.00000      0.00000
      1.79310      0.00000      0.00000      0.00000
      1.80310      0.00000      0.00000      0.00000
      1.81310      0.00000      0.00000      0.00000
      1.82310      0.00000      0.00000      0.00000
      1.83310      0.00000      0.00000      0.00000
      1.84310      0.00000      0.00000      0.00000
      1.85310      0.00000      0.00000      0.00000
      1.86310      0.00000      0.00000      0.00000
      1.87310      0.00000      0.00000      0.00000
      1.88310      0.00000      0.00000      0.00000
      1.89310      0.00000      0.00000      0.00000
      1.90310      0.00000      0.00000      0.00000
      1.91310      0.00000      0.00000      0.00000
      1.92310      0.00000      0.00000      0.00000
      1.93310      0.00000      0.00000      0.00000
      1.94310      0.00000      0.00000      0.00000
      1.95310      0.00000      0.00000      0.00000
      1.96310      0.00000      0.00000      0.00000
      1.97310      0.00000      0.00000      0.00000
      1.98310      0.00000      0.00000      0.00000
      1.99310      0.00000      0.00000      0.00000
      2.00310      0.00000      0.00000      0.00000
      2.01310      0.00000      0.00000      0.00000
      2.02310      0.00000      0.00000      0.00000
      2.03310      0.00000      0.00000      0.00000
      2.04310      0.00000      0.00000      0.00000
      2.05310      0.00000      0.00000      0.00000
      2.06310      0.00000      0.00000      0.00000
      2.07310      0.00000      0.00000      0.00000
      2.08310      0.00000      0.00000      0.00000
      2.09310      0.00000      0.00000      0.00000
      2.10310      0.00000      0.00000      0.00000
      2.11310      0.00000      0.00000      0.00000
      2.12310      0.00000      0.00000      0.00000
      2.13310      0.00000      0.00000      0.00000
      2.14310      0.00000      0.00000      0.00000
      2.15310      0.00000      0.00000      0.00000
      2.16310      0.00000      0.00000      0.00000
      2.17310      0.00028      0.00025      0.00003
      2.18310      0.00591      0.00530      0.00062
      2.19310      0.04634      0.04152      0.00482
      2.20310      0.13508      0.12102      0.01405
      2.21310      0.16744      0.14997      0.01747
      2.22310      0.20237      0.18104      0.02133
      2.23310      0.32213      0.28802      0.03410
      2.24310      0.31777      0.28406      0.03370
      2.25310      0.32972      0.29362      0.03610
      2.26310      0.37196      0.31639      0.05557
      2.27310      0.55983      0.40321      0.15662
      2.28310      1.13636      0.74004      0.39632
      2.29310      1.63138      0.99666      0.63472
      2.30310      1.86421      1.09873      0.76548
      2.31310      1.76070      1.02828      0.73242
      2.32310      1.72165      1.03554      0.68611
      2.33310      1.80293      1.11577      0.68716
      2.34310      1.96472      1.20691      0.75781
      2.35310      2.47726      1.51636      0.96090
      2.36310      2.68199      1.63953      1.04246
      2.37310      2.14824      1.31926      0.82898
      2.38310      1.90421      1.19212      0.71208
      2.39310      2.09675      1.30138      0.79537
      2.40310      1.89434      1.12768      0.76666
      2.41310      1.86460      1.07115      0.79345
      2.42310      2.51648      1.46345      1.05303
      2.43310      2.86193      1.71059      1.15134
      2.44310      2.76454      1.67967      1.08487
      2.45310      2.85666      1.72407      1.13259
      2.46310      2.93394      1.76148      1.17246
      2.47310      2.76681      1.66213      1.10468
      2.48310      2.57601      1.54475      1.03126
      2.49310      2.54510      1.55436      0.99074
      2.50310      3.41626      2.09833      1.31793
      2.51310      4.99694      2.91812      2.07882
      2.52310      5.05570      2.91451      2.14119
      2.53310      3.62254      2.16756      1.45498
      2.54310      2.71918      1.67223      1.04695
      2.55310      2.65461      1.60067      1.05394
      2.56310      2.94131      1.76628      1.17503
      2.57310      3.31864      2.05073      1.26791
      2.58310      3.45138      2.22981      1.22157
      2.59310      3.23937      2.14781      1.09156
      2.60310      2.46599      1.61188      0.85411
      2.61310      2.23769      1.40553      0.83216
      2.62310      3.23488      1.99864      1.23624
      2.63310      4.00111      2.50110      1.50001
      2.64310      3.93560      2.61552      1.32009
      2.65310      3.51045      2.46169      1.04876
      2.66310      2.82412      1.97274      0.85138
      2.67310      2.44259      1.65722      0.78537
      2.68310      2.51375      1.69192      0.82183
      2.69310      2.90863      1.97236      0.93627
      2.70310      3.17342      2.15810      1.01532
      2.71310      2.71874      1.84370      0.87504
      2.72310      2.09666      1.40927      0.68739
      2.73310      2.05605      1.38794      0.66811
      2.74310      2.08266      1.41674      0.66592
      2.75310      2.01473      1.36219      0.65255
      2.76310      2.02494      1.39582      0.62912
      2.77310      2.45293      1.78404      0.66889
      2.78310      2.78043      1.96291      0.81751
      2.79310      2.09640      1.35530      0.74110
      2.80310      1.05455      0.64419      0.41036
      2.81310      0.85380      0.60474      0.24905
      2.82310      1.76063      1.33517      0.42546
      2.83310      2.66943      2.01227      0.65717
      2.84310      2.39026      1.75152      0.63874
      2.85310      1.59387      1.10461      0.48926
      2.86310      1.42850      0.99096      0.43754
      2.87310      1.57935      1.18310      0.39625
      2.88310      2.09368      1.57234      0.52134
      2.89310      2.21316      1.60799      0.60517
      2.90310      1.44034      1.06402      0.37632
      2.91310      0.84280      0.65733      0.18547
      2.92310      1.11992      0.85085      0.26908
      2.93310      2.31492      1.71779      0.59713
      2.94310      3.65219      2.72473      0.92745
      2.95310      4.00268      2.97551      1.02717
      2.96310      3.65296      2.65961      0.99335
      2.97310      3.58179      2.55044      1.03134
      2.98310      3.93081      2.76374      1.16706
      2.99310      4.16469      2.92563      1.23906
      3.00310      4.74479      3.29537      1.44942
      3.01310      5.83394      4.04372      1.79022
      3.02310      7.18685      5.01689      2.16995
      3.03310      7.86952      5.47398      2.39555
      3.04310      6.70318      4.65894      2.04423
      3.05310      5.44377      3.91331      1.53046
      3.06310      5.53644      4.03392      1.50253
      3.07310      5.14686      3.75864      1.38822
      3.08310      4.37585      3.21034      1.16551
      3.09310      4.12468      2.87641      1.24827
      3.10310      3.91637      2.53521      1.38117
      3.11310      3.46340      2.29039      1.17301
      3.12310      3.11507      2.14410      0.97097
      3.13310      2.76239      1.90914      0.85325
      3.14310      2.84792      1.97130      0.87662
      3.15310      2.99726      2.04318      0.95408
      3.16310      2.82746      1.89815      0.92932
      3.17310      3.47655      2.35961      1.11694
      3.18310      4.96370      3.33928      1.62442
      3.19310      5.68550      3.63986      2.04565
      3.20310      5.09653      3.17688      1.91965
      3.21310      4.04183      2.65938      1.38245
      3.22310      3.65815      2.57219      1.08596
      3.23310      4.50067      3.19270      1.30797
      3.24310      5.80867      4.00763      1.80105
      3.25310      6.34505      4.28292      2.06213
      3.26310      5.67119      3.80446      1.86672
      3.27310      4.92055      3.35482      1.56573
      3.28310      4.91069      3.44335      1.46735
      3.29310      5.19752      3.56095      1.63656
      3.30310      5.94711      3.92685      2.02026
      3.31310      5.74003      3.78808      1.95195
      3.32310      4.69860      3.23896      1.45964
      3.33310      4.41630      3.29164      1.12466
      3.34310      4.86996      3.60188      1.26808
      3.35310      5.45104      3.79761      1.65343
      3.36310      5.45563      3.80571      1.64992
      3.37310      5.06820      3.66152      1.40668
      3.38310      4.43933      3.16568      1.27365
      3.39310      3.87251      2.59714      1.27537
      3.40310      3.72918      2.43203      1.29716
      3.41310      3.82964      2.56887      1.26077
      3.42310      3.81409      2.57668      1.23741
      3.43310      3.42979      2.20576      1.22403
      3.44310      2.92869      1.83601      1.09269
      3.45310      2.57663      1.73753      0.83910
      3.46310      2.84575      2.03439      0.81136
      3.47310      3.67171      2.57080      1.10091
      3.48310      4.38387      2.88707      1.49679
      3.49310      4.17191      2.57469      1.59723
      3.50310      3.22148      1.91665      1.30483
      3.51310      2.49900      1.48345      1.01556
      3.52310      2.38872      1.42442      0.96430
      3.53310      2.47792      1.46131      1.01660
      3.54310      2.59502      1.56395      1.03107
      3.55310      2.68661      1.67328      1.01333
      3.56310      3.14101      1.92128      1.21973
      3.57310      3.41120      1.94939      1.46182
      3.58310      3.29277      1.76325      1.52953
      3.59310      3.09118      1.64144      1.44974
      3.60310      3.11574      1.71965      1.39608
      3.61310      3.51054      1.99446      1.51608
      3.62310      4.00623      2.32388      1.68235
      3.63310      4.14770      2.43710      1.71060
      3.64310      4.15687      2.34334      1.81353
      3.65310      4.47302      2.39713      2.07589
      3.66310      4.27440      2.23358      2.04081
      3.67310      4.08569      2.13931      1.94638
      3.68310      4.76755      2.48799      2.27956
      3.69310      4.72060      2.45464      2.26597
      3.70310      3.27365      1.71739      1.55626
      3.71310      2.54824      1.36531      1.18293
      3.72310      3.02266      1.63287      1.38979
      3.73310      3.80813      2.00123      1.80690
      3.74310      3.89035      2.07414      1.81620
      3.75310      2.76617      1.56852      1.19765
      3.76310      1.76648      1.02792      0.73856
      3.77310      1.79298      1.00763      0.78536
      3.78310      2.04504      1.14980      0.89524
      3.79310      2.53145      1.46062      1.07082
      3.80310      2.87922      1.66418      1.21504
      3.81310      3.04525      1.69809      1.34716
      3.82310      3.45979      1.86664      1.59315
      3.83310      2.84336      1.51874      1.32462
      3.84310      1.83383      0.99291      0.84092
      3.85310      1.78097      0.97630      0.80467
      3.86310      2.04269      1.09959      0.94310
      3.87310      2.09460      1.11671      0.97789
      3.88310      1.89683      1.03036      0.86647
      3.89310      1.69940      0.92873      0.77067
      3.90310      1.59814      0.87146      0.72668
      3.91310      1.73725      0.96268      0.77457
      3.92310      1.87028      1.03151      0.83877
      3.93310      2.16861      1.20554      0.96307
      3.94310      2.28392      1.28055      1.00336
      3.95310      2.11155      1.11851      0.99303
      3.96310      1.74467      0.87505      0.86962
      3.97310      1.49741      0.77994      0.71747
      3.98310      1.94588      1.06010      0.88579
      3.99310      2.66381      1.42437      1.23943
      4.00310      2.46962      1.30402      1.16560
      4.01310      1.52757      0.84054      0.68702
      4.02310      1.17400      0.65814      0.51585
      4.03310      1.38329      0.73444      0.64885
      4.04310      1.70143      0.87499      0.82644
      4.05310      1.76335      0.88887      0.87448
      4.06310      1.56744      0.76418      0.80327
      4.07310      1.70351      0.81912      0.88439
      4.08310      1.62215      0.78150      0.84065
      4.09310      1.16664      0.56221      0.60443
      4.10310      1.00355      0.48421      0.51933
      4.11310      1.03998      0.50127      0.53870
      4.12310      1.00298      0.48841      0.51456
      4.13310      1.29267      0.63178      0.66090
      4.14310      1.72747      0.83845      0.88902
      4.15310      1.90116      0.91977      0.98139
      4.16310      1.91154      0.93384      0.97771
      4.17310      1.41118      0.69463      0.71655
      4.18310      1.00892      0.49174      0.51718
      4.19310      0.97235      0.46770      0.50464
      4.20310      0.70464      0.33766      0.36698
      4.21310      0.83800      0.40002      0.43798
      4.22310      1.43991      0.68121      0.75870
      4.23310      1.95572      0.92580      1.02992
      4.24310      2.11566      1.00878      1.10688
      4.25310      1.70258      0.81103      0.89156
      4.26310      1.27104      0.60166      0.66938
      4.27310      1.46534      0.69580      0.76953
      4.28310      1.42900      0.68465      0.74435
      4.29310      1.17005      0.56346      0.60659
      4.30310      1.68228      0.80500      0.87729
      4.31310      2.20878      1.05318      1.15561
      4.32310      1.82950      0.87516      0.95434
      4.33310      1.20466      0.57720      0.62746
      4.34310      1.21550      0.57614      0.63936
      4.35310      1.54485      0.72630      0.81855
      4.36310      1.68754      0.79789      0.88965
      4.37310      1.86082      0.88873      0.97209
      4.38310      2.26998      1.07909      1.19089
      4.39310      2.35861      1.11010      1.24851
      4.40310      1.77964      0.83329      0.94635
      4.41310      1.15238      0.54038      0.61201
      4.42310      0.82267      0.38907      0.43360
      4.43310      0.80786      0.38546      0.42239
      4.44310      0.82543      0.39746      0.42797
      4.45310      0.98599      0.47621      0.50979
      4.46310      1.28556      0.61455      0.67102
      4.47310      1.45849      0.69336      0.76513
      4.48310      1.12231      0.53678      0.58553
      4.49310      0.77098      0.37239      0.39859
      4.50310      0.77563      0.37421      0.40142
      4.51310      0.67448      0.32495      0.34953
      4.52310      0.32842      0.15763      0.17079
      4.53310      0.45440      0.21223      0.24216
      4.54310      1.32935      0.61951      0.70984
      4.55310      1.77762      0.83141      0.94621
      4.56310      1.15281      0.54171      0.61109
      4.57310      0.56280      0.26340      0.29940
      4.58310      0.37091      0.17169      0.19922
      4.59310      0.21694      0.10019      0.11676
      4.60310      0.27205      0.12626      0.14579
      4.61310      0.70219      0.32719      0.37500
      4.62310      1.00101      0.46732      0.53369
      4.63310      0.67110      0.31333      0.35777
      4.64310      0.38495      0.17883      0.20613
      4.65310      0.33960      0.15658      0.18301
      4.66310      0.30584      0.13888      0.16696
      4.67310      0.71650      0.32994      0.38656
      4.68310      1.78582      0.83448      0.95134
      4.69310      2.31783      1.08751      1.23032
      4.70310      1.54612      0.72537      0.82074
      4.71310      0.85677      0.40070      0.45607
      4.72310      0.61735      0.28839      0.32896
      4.73310      0.58619      0.27301      0.31318
      4.74310      1.06600      0.49689      0.56911
      4.75310      1.62414      0.76289      0.86125
      4.76310      1.75687      0.82707      0.92980
      4.77310      1.43279      0.66606      0.76673
      4.78310      0.88153      0.40320      0.47833
      4.79310      1.05419      0.48567      0.56853
      4.80310      1.90430      0.89148      1.01282
      4.81310      2.56636      1.21315      1.35321
      4.82310      2.72195      1.29413      1.42782
      4.83310      2.17689      1.04228      1.13462
      4.84310      1.76885      0.84944      0.91941
      4.85310      1.88773      0.89995      0.98778
      4.86310      2.05996      0.97985      1.08011
      4.87310      2.04209      0.97139      1.07070
      4.88310      1.97238      0.93177      1.04061
      4.89310      2.58165      1.22200      1.35966
      4.90310      3.17921      1.51500      1.66421
      4.91310      3.38962      1.62071      1.76891
      4.92310      3.64956      1.75206      1.89750
      4.93310      3.30778      1.59518      1.71259
      4.94310      2.91112      1.39593      1.51519
      4.95310      3.65324      1.73991      1.91333
      4.96310      4.89424      2.33868      2.55556
      4.97310      6.11230      2.91524      3.19706
      4.98310      6.47106      3.07392      3.39714
      4.99310      6.10173      2.91123      3.19050
      5.00310      5.88780      2.84811      3.03969
      5.01310      5.08092      2.49785      2.58307
      5.02310      3.73429      1.85836      1.87593
      5.03310      3.45146      1.71368      1.73778
      5.04310      3.71071      1.82514      1.88557
      5.05310      3.72567      1.82412      1.90155
      5.06310      3.22274      1.58898      1.63377
      5.07310      2.86811      1.42990      1.43821
      5.08310      3.13994      1.57171      1.56824
      5.09310      3.39798      1.70206      1.69591
      5.10310      3.30986      1.65984      1.65002
      5.11310      2.53086      1.27724      1.25363
      5.12310      1.50784      0.76804      0.73980
      5.13310      1.21605      0.62000      0.59606
      5.14310      1.61155      0.80685      0.80469
      5.15310      2.12299      1.07001      1.05297
      5.16310      2.66986      1.39958      1.27028
      5.17310      2.48942      1.34507      1.14436
      5.18310      1.50350      0.80530      0.69820
      5.19310      1.10142      0.53401      0.56740
      5.20310      1.22310      0.56916      0.65394
      5.21310      1.02301      0.50251      0.52050
      5.22310      0.78276      0.42235      0.36040
      5.23310      0.93725      0.52387      0.41338
      5.24310      1.29618      0.70174      0.59444
      5.25310      1.60018      0.80635      0.79383
      5.26310      1.43813      0.66992      0.76821
      5.27310      1.12999      0.52026      0.60973
      5.28310      1.03103      0.50569      0.52534
      5.29310      1.23007      0.62304      0.60703
      5.30310      1.55110      0.80162      0.74947
      5.31310      1.65260      0.88042      0.77218
      5.32310      1.17110      0.64610      0.52500
      5.33310      0.59377      0.31981      0.27396
      5.34310      0.72968      0.34330      0.38637
      5.35310      1.28710      0.60113      0.68598
      5.36310      1.24466      0.58257      0.66208
      5.37310      0.90875      0.45078      0.45797
      5.38310      0.77726      0.43249      0.34478
      5.39310      0.66233      0.39018      0.27215
      5.40310      0.71552      0.42678      0.28874
      5.41310      0.80496      0.46706      0.33789
      5.42310      0.99891      0.54505      0.45386
      5.43310      1.17951      0.62715      0.55236
      5.44310      1.20162      0.60575      0.59587
      5.45310      1.36056      0.62407      0.73649
      5.46310      1.49319      0.66891      0.82428
      5.47310      1.35349      0.63246      0.72103
      5.48310      1.18325      0.57905      0.60420
      5.49310      1.26417      0.64002      0.62415
      5.50310      1.10708      0.58084      0.52624
      5.51310      0.78840      0.42961      0.35879
      5.52310      0.76192      0.39527      0.36664
      5.53310      0.72664      0.33857      0.38806
      5.54310      0.54041      0.21712      0.32328
      5.55310      0.28887      0.10164      0.18723
      5.56310      0.08931      0.03118      0.05813
      5.57310      0.15812      0.07112      0.08699
      5.58310      0.72429      0.32221      0.40208
      5.59310      1.35732      0.58124      0.77608
      5.60310      1.09322      0.43710      0.65612
      5.61310      0.46075      0.16811      0.29264
      5.62310      0.15654      0.06935      0.08718
      5.63310      0.20297      0.11677      0.08621
      5.64310      0.44595      0.20167      0.24428
      5.65310      0.68119      0.25132      0.42987
      5.66310      0.55893      0.19443      0.36451
      5.67310      0.35534      0.12291      0.23243
      5.68310      0.26827      0.08941      0.17887
      5.69310      0.14038      0.04539      0.09500
      5.70310      0.06892      0.03067      0.03825
      5.71310      0.26954      0.13923      0.13031
      5.72310      0.82622      0.38282      0.44340
      5.73310      1.18498      0.48119      0.70379
      5.74310      1.00561      0.36042      0.64519
      5.75310      0.77786      0.26260      0.51527
      5.76310      0.72818      0.24245      0.48573
      5.77310      0.95738      0.31404      0.64334
      5.78310      1.02567      0.34185      0.68382
      5.79310      0.66459      0.22890      0.43569
      5.80310      0.31465      0.10923      0.20542
      5.81310      0.25171      0.08074      0.17098
      5.82310      0.40742      0.13875      0.26867
      5.83310      0.57705      0.24813      0.32892
      5.84310      0.65880      0.33517      0.32362
      5.85310      0.39836      0.21646      0.18191
      5.86310      0.28465      0.13251      0.15214
      5.87310      0.73701      0.31245      0.42456
      5.88310      1.12119      0.46972      0.65147
      5.89310      0.98945      0.38517      0.60428
      5.90310      0.80497      0.28164      0.52334
      5.91310      0.55670      0.18271      0.37399
      5.92310      0.23957      0.07683      0.16274
      5.93310      0.19706      0.07346      0.12360
      5.94310      0.57023      0.22325      0.34698
      5.95310      0.76707      0.30250      0.46457
      5.96310      0.44084      0.17384      0.26700
      5.97310      0.35209      0.13938      0.21271
      5.98310      0.58530      0.24033      0.34497
      5.99310      0.61351      0.24887      0.36464
      6.00310      0.33003      0.12507      0.20496
      6.01310      0.15253      0.05044      0.10209
      6.02310      0.46048      0.14438      0.31610
      6.03310      1.21146      0.39666      0.81480
      6.04310      1.71826      0.61907      1.09919
      6.05310      1.48930      0.59255      0.89676
      6.06310      0.95297      0.37325      0.57972
      6.07310      0.81138      0.27544      0.53594
      6.08310      0.71634      0.23264      0.48369
      6.09310      0.36703      0.11847      0.24856
      6.10310      0.33881      0.10517      0.23365
      6.11310      0.67368      0.20929      0.46439
      6.12310      0.77618      0.24554      0.53064
      6.13310      0.57983      0.21716      0.36267
      6.14310      0.59181      0.29134      0.30046
      6.15310      0.77813      0.36055      0.41758
      6.16310      0.80686      0.34801      0.45885
      6.17310      0.79057      0.36345      0.42711
      6.18310      0.97872      0.38857      0.59015
      6.19310      1.11551      0.37821      0.73730
      6.20310      0.82282      0.27635      0.54647
      6.21310      0.71535      0.26938      0.44597
      6.22310      1.07223      0.43303      0.63921
      6.23310      1.08733      0.42830      0.65902
      6.24310      0.64959      0.23518      0.41441
      6.25310      0.41663      0.14264      0.27399
      6.26310      0.25775      0.08840      0.16935
      6.27310      0.18638      0.06220      0.12417
      6.28310      0.43388      0.14479      0.28908
      6.29310      0.70015      0.25617      0.44398
      6.30310      0.77215      0.33893      0.43323
      6.31310      1.18385      0.50771      0.67614
      6.32310      1.75704      0.63702      1.12002
      6.33310      1.63869      0.52303      1.11566
      6.34310      1.10041      0.33106      0.76935
      6.35310      0.75905      0.22821      0.53084
      6.36310      0.94586      0.29015      0.65572
      6.37310      1.05580      0.32770      0.72810
      6.38310      0.87825      0.29342      0.58483
      6.39310      1.05913      0.40850      0.65063
      6.40310      1.06279      0.44317      0.61962
      6.41310      0.70076      0.27794      0.42282
      6.42310      0.76246      0.24334      0.51912
      6.43310      1.18516      0.35145      0.83371
      6.44310      1.34192      0.40438      0.93754
      6.45310      1.29545      0.44886      0.84658
      6.46310      1.53597      0.60821      0.92777
      6.47310      1.82458      0.72400      1.10058
      6.48310      1.71602      0.65641      1.05961
      6.49310      1.30962      0.46607      0.84356
      6.50310      0.99939      0.37233      0.62706
      6.51310      0.91660      0.39212      0.52448
      6.52310      0.61316      0.26770      0.34545
      6.53310      0.45958      0.16072      0.29886
      6.54310      0.68581      0.21966      0.46615
      6.55310      0.90637      0.32912      0.57725
      6.56310      0.90144      0.38532      0.51611
      6.57310      0.81898      0.34189      0.47709
      6.58310      0.89808      0.31210      0.58598
      6.59310      1.04200      0.33540      0.70660
      6.60310      0.85232      0.27735      0.57498
      6.61310      0.61534      0.23796      0.37738
      6.62310      0.69942      0.31565      0.38376
      6.63310      1.08640      0.48623      0.60016
      6.64310      1.12585      0.50365      0.62220
      6.65310      0.75735      0.31462      0.44273
      6.66310      0.53168      0.18611      0.34556
      6.67310      0.46956      0.15142      0.31814
      6.68310      0.34941      0.10851      0.24090
      6.69310      0.45963      0.14370      0.31593
      6.70310      0.84341      0.29200      0.55141
      6.71310      1.14265      0.45128      0.69137
      6.72310      0.97509      0.40550      0.56959
      6.73310      0.52530      0.20277      0.32253
      6.74310      0.48049      0.15866      0.32183
      6.75310      0.78399      0.28664      0.49735
      6.76310      1.10789      0.49638      0.61151
      6.77310      1.04746      0.55636      0.49110
      6.78310      0.76298      0.43865      0.32432
      6.79310      0.76875      0.37818      0.39057
      6.80310      0.93009      0.39314      0.53695
      6.81310      0.91771      0.39503      0.52268
      6.82310      0.84467      0.33340      0.51127
      6.83310      0.87019      0.31111      0.55908
      6.84310      0.98650      0.38957      0.59693
      6.85310      1.01327      0.41571      0.59756
      6.86310      0.58310      0.22824      0.35486
      6.87310      0.15005      0.05666      0.09339
      6.88310      0.07104      0.03682      0.03421
      6.89310      0.29741      0.15121      0.14620
      6.90310      0.88104      0.40839      0.47265
      6.91310      1.42538      0.63496      0.79042
      6.92310      1.17760      0.52714      0.65047
      6.93310      0.67356      0.28214      0.39142
      6.94310      0.71406      0.25600      0.45806
      6.95310      0.81124      0.31861      0.49263
      6.96310      0.77914      0.32984      0.44930
      6.97310      0.75277      0.28128      0.47149
      6.98310      0.81622      0.27037      0.54584
      6.99310      1.09530      0.35812      0.73718
      7.00310      1.30592      0.43770      0.86822
      7.01310      1.12448      0.40291      0.72158
      7.02310      1.11027      0.51132      0.59895
      7.03310      1.68304      0.93392      0.74912
      7.04310      1.82533      1.04860      0.77673
      7.05310      1.28458      0.66599      0.61859
      7.06310      0.85634      0.35095      0.50539
      7.07310      0.69676      0.25822      0.43854
      7.08310      0.55123      0.20502      0.34621
      7.09310      0.40944      0.14969      0.25976
      7.10310      0.52643      0.21536      0.31107
      7.11310      0.77954      0.35861      0.42092
      7.12310      0.92367      0.43441      0.48927
      7.13310      0.98364      0.41845      0.56519
      7.14310      1.27416      0.50774      0.76642
      7.15310      1.92098      0.80940      1.11158
      7.16310      2.33641      1.00721      1.32920
      7.17310      2.14273      0.93802      1.20471
      7.18310      1.52525      0.68907      0.83618
      7.19310      0.91265      0.42253      0.49012
      7.20310      0.90445      0.37413      0.53032
