Energy-E_F (eV)    DOS (1/eV)    PDOS (1/eV)  of atom type W  Se 
     -5.64794      5.50272      0.00000      0.00000
     -5.63794      5.54008      0.00000      0.00000
     -5.62794      5.03199      0.00000      0.00000
     -5.61794      5.00537      0.00000      0.00000
     -5.60794      4.16375      0.00000      0.00000
     -5.59794      2.79200      0.00000      0.00000
     -5.58794      3.01296      0.00000      0.00000
     -5.57794      3.86742      0.00000      0.00000
     -5.56794      3.78526      0.00000      0.00000
     -5.55794      3.23691      0.00000      0.00000
     -5.54794      3.41709      0.00000      0.00000
     -5.53794      3.36837      0.00000      0.00000
     -5.52794      2.18346      0.00000      0.00000
     -5.51794      1.72478      0.00000      0.00000
     -5.50794      2.53224      0.00000      0.00000
     -5.49794      3.25381      0.00000      0.00000
     -5.48794      2.99289      0.00000      0.00000
     -5.47794      2.25835      0.00000      0.00000
     -5.46794      2.21191      0.00000      0.00000
     -5.45794      2.83173      0.00000      0.00000
     -5.44794      2.57724      0.00000      0.00000
     -5.43794      1.46387      0.00000      0.00000
     -5.42794      0.96473      0.00000      0.00000
     -5.41794      1.53183      0.00000      0.00000
     -5.40794      2.56868      0.00000      0.00000
     -5.39794      2.60642      0.00000      0.00000
     -5.38794      1.72557      0.00000      0.00000
     -5.37794      1.31686      0.00000      0.00000
     -5.36794      1.79105      0.00000      0.00000
     -5.35794      2.11458      0.00000      0.00000
     -5.34794      1.60791      0.00000      0.00000
     -5.33794      1.07694      0.00000      0.00000
     -5.32794      1.02595      0.00000      0.00000
     -5.31794      1.45849      0.00000      0.00000
     -5.30794      2.23214      0.00000      0.00000
     -5.29794      2.38864      0.00000      0.00000
     -5.28794      1.80026      0.00000      0.00000
     -5.27794      1.34745      0.00000      0.00000
     -5.26794      1.41232      0.00000      0.00000
     -5.25794      2.00816      0.00000      0.00000
     -5.24794      2.25889      0.00000      0.00000
     -5.23794      1.56845      0.00000      0.00000
     -5.22794      1.07098      0.00000      0.00000
     -5.21794      1.43828      0.00000      0.00000
     -5.20794      2.38560      0.00000      0.00000
     -5.19794      3.31455      0.00000      0.00000
     -5.18794      4.21303      0.00000      0.00000
     -5.17794      5.37780      0.00000      0.00000
     -5.16794      6.09644      0.00000      0.00000
     -5.15794      6.81966      0.00000      0.00000
     -5.14794      7.92278      0.00000      0.00000
     -5.13794      8.33161      0.00000      0.00000
     -5.12794      7.53916      0.00000      0.00000
     -5.11794      6.32898      0.00000      0.00000
     -5.10794      5.70086      0.00000      0.00000
     -5.09794      4.89671      0.00000      0.00000
     -5.08794      4.07360      0.00000      0.00000
     -5.07794      3.77149      0.00000      0.00000
     -5.06794      3.97185      0.00000      0.00000
     -5.05794      4.04002      0.00000      0.00000
     -5.04794      3.39285      0.00000      0.00000
     -5.03794      2.51875      0.00000      0.00000
     -5.02794      2.15044      0.00000      0.00000
     -5.01794      3.04348      0.00000      0.00000
     -5.00794      4.39604      0.00000      0.00000
     -4.99794      5.22566      0.00000      0.00000
     -4.98794      6.04034      0.00000      0.00000
     -4.97794      6.70703      0.00000      0.00000
     -4.96794      6.62908      0.00000      0.00000
     -4.95794      5.83757      0.00000      0.00000
     -4.94794      5.34457      0.00000      0.00000
     -4.93794      5.38634      0.00000      0.00000
     -4.92794      5.83372      0.00000      0.00000
     -4.91794      6.24281      0.00000      0.00000
     -4.90794      6.32395      0.00000      0.00000
     -4.89794      6.16005      0.00000      0.00000
     -4.88794      6.16401      0.00000      0.00000
     -4.87794      6.64149      0.00000      0.00000
     -4.86794      6.56904      0.00000      0.00000
     -4.85794      6.58204      0.00000      0.00000
     -4.84794      7.31537      0.00000      0.00000
     -4.83794      7.71666      0.00000      0.00000
     -4.82794      8.17647      0.00000      0.00000
     -4.81794      9.84589      0.00000      0.00000
     -4.80794     12.32423      0.00000      0.00000
     -4.79794     13.30932      0.00000      0.00000
     -4.78794     11.69630      0.00000      0.00000
     -4.77794     10.49062      0.00000      0.00000
     -4.76794     11.05519      0.00000      0.00000
     -4.75794     11.40971      0.00000      0.00000
     -4.74794      9.78437      0.00000      0.00000
     -4.73794      7.70159      0.00000      0.00000
     -4.72794      7.28531      0.00000      0.00000
     -4.71794      7.97138      0.00000      0.00000
     -4.70794      7.96831      0.00000      0.00000
     -4.69794      6.72087      0.00000      0.00000
     -4.68794      5.08650      0.00000      0.00000
     -4.67794      3.95162      0.00000      0.00000
     -4.66794      4.14312      0.00000      0.00000
     -4.65794      4.89739      0.00000      0.00000
     -4.64794      5.33907      0.00000      0.00000
     -4.63794      6.25586      0.00000      0.00000
     -4.62794      7.14789      0.00000      0.00000
     -4.61794      6.19571      0.00000      0.00000
     -4.60794      3.52898      0.00000      0.00000
     -4.59794      2.14864      0.00000      0.00000
     -4.58794      2.65666      0.00000      0.00000
     -4.57794      2.96333      0.00000      0.00000
     -4.56794      2.36986      0.00000      0.00000
     -4.55794      1.51815      0.00000      0.00000
     -4.54794      1.06535      0.00000      0.00000
     -4.53794      0.94212      0.00000      0.00000
     -4.52794      1.36855      0.00000      0.00000
     -4.51794      2.12860      0.00000      0.00000
     -4.50794      2.47860      0.00000      0.00000
     -4.49794      2.57527      0.00000      0.00000
     -4.48794      2.28753      0.00000      0.00000
     -4.47794      1.37193      0.00000      0.00000
     -4.46794      1.00363      0.00000      0.00000
     -4.45794      1.43202      0.00000      0.00000
     -4.44794      1.85287      0.00000      0.00000
     -4.43794      2.17954      0.00000      0.00000
     -4.42794      2.37183      0.00000      0.00000
     -4.41794      1.89711      0.00000      0.00000
     -4.40794      1.35597      0.00000      0.00000
     -4.39794      1.77820      0.00000      0.00000
     -4.38794      2.78647      0.00000      0.00000
     -4.37794      3.27370      0.00000      0.00000
     -4.36794      3.94750      0.00000      0.00000
     -4.35794      5.22070      0.00000      0.00000
     -4.34794      5.18966      0.00000      0.00000
     -4.33794      3.25624      0.00000      0.00000
     -4.32794      2.11303      0.00000      0.00000
     -4.31794      2.85699      0.00000      0.00000
     -4.30794      3.39491      0.00000      0.00000
     -4.29794      3.24490      0.00000      0.00000
     -4.28794      2.95810      0.00000      0.00000
     -4.27794      2.02522      0.00000      0.00000
     -4.26794      1.41802      0.00000      0.00000
     -4.25794      2.06430      0.00000      0.00000
     -4.24794      2.73721      0.00000      0.00000
     -4.23794      2.68997      0.00000      0.00000
     -4.22794      2.63646      0.00000      0.00000
     -4.21794      2.85852      0.00000      0.00000
     -4.20794      2.38902      0.00000      0.00000
     -4.19794      1.88314      0.00000      0.00000
     -4.18794      2.23332      0.00000      0.00000
     -4.17794      2.88362      0.00000      0.00000
     -4.16794      3.61753      0.00000      0.00000
     -4.15794      4.62065      0.00000      0.00000
     -4.14794      4.79633      0.00000      0.00000
     -4.13794      4.24087      0.00000      0.00000
     -4.12794      4.03107      0.00000      0.00000
     -4.11794      3.95835      0.00000      0.00000
     -4.10794      5.08108      0.00000      0.00000
     -4.09794      6.45651      0.00000      0.00000
     -4.08794      6.27462      0.00000      0.00000
     -4.07794      5.92458      0.00000      0.00000
     -4.06794      6.20223      0.00000      0.00000
     -4.05794      5.34388      0.00000      0.00000
     -4.04794      4.24952      0.00000      0.00000
     -4.03794      4.57967      0.00000      0.00000
     -4.02794      5.54407      0.00000      0.00000
     -4.01794      5.71835      0.00000      0.00000
     -4.00794      4.88174      0.00000      0.00000
     -3.99794      4.05324      0.00000      0.00000
     -3.98794      3.85593      0.00000      0.00000
     -3.97794      4.26156      0.00000      0.00000
     -3.96794      5.19243      0.00000      0.00000
     -3.95794      5.61558      0.00000      0.00000
     -3.94794      5.05342      0.00000      0.00000
     -3.93794      4.57305      0.00000      0.00000
     -3.92794      3.63771      0.00000      0.00000
     -3.91794      3.09949      0.00000      0.00000
     -3.90794      4.60976      0.00000      0.00000
     -3.89794      6.02805      0.00000      0.00000
     -3.88794      6.42319      0.00000      0.00000
     -3.87794      6.65860      0.00000      0.00000
     -3.86794      6.28465      0.00000      0.00000
     -3.85794      6.08079      0.00000      0.00000
     -3.84794      6.90494      0.00000      0.00000
     -3.83794      7.86584      0.00000      0.00000
     -3.82794      7.86896      0.00000      0.00000
     -3.81794      6.65590      0.00000      0.00000
     -3.80794      4.53430      0.00000      0.00000
     -3.79794      3.39460      0.00000      0.00000
     -3.78794      4.11292      0.00000      0.00000
     -3.77794      5.90661      0.00000      0.00000
     -3.76794      6.08831      0.00000      0.00000
     -3.75794      4.47581      0.00000      0.00000
     -3.74794      4.13376      0.00000      0.00000
     -3.73794      5.13184      0.00000      0.00000
     -3.72794      6.13800      0.00000      0.00000
     -3.71794      7.08173      0.00000      0.00000
     -3.70794      6.38626      0.00000      0.00000
     -3.69794      4.12490      0.00000      0.00000
     -3.68794      3.39659      0.00000      0.00000
     -3.67794      4.27620      0.00000      0.00000
     -3.66794      4.94297      0.00000      0.00000
     -3.65794      4.86687      0.00000      0.00000
     -3.64794      4.97027      0.00000      0.00000
     -3.63794      5.72096      0.00000      0.00000
     -3.62794      6.21069      0.00000      0.00000
     -3.61794      5.74878      0.00000      0.00000
     -3.60794      4.68475      0.00000      0.00000
     -3.59794      4.03646      0.00000      0.00000
     -3.58794      4.34214      0.00000      0.00000
     -3.57794      4.80998      0.00000      0.00000
     -3.56794      5.12512      0.00000      0.00000
     -3.55794      5.27004      0.00000      0.00000
     -3.54794      4.95094      0.00000      0.00000
     -3.53794      5.05487      0.00000      0.00000
     -3.52794      6.46062      0.00000      0.00000
     -3.51794      8.09669      0.00000      0.00000
     -3.50794      7.35584      0.00000      0.00000
     -3.49794      5.80186      0.00000      0.00000
     -3.48794      5.78656      0.00000      0.00000
     -3.47794      5.80829      0.00000      0.00000
     -3.46794      5.35407      0.00000      0.00000
     -3.45794      5.27910      0.00000      0.00000
     -3.44794      5.03504      0.00000      0.00000
     -3.43794      4.25381      0.00000      0.00000
     -3.42794      3.32430      0.00000      0.00000
     -3.41794      2.77595      0.00000      0.00000
     -3.40794      2.96698      0.00000      0.00000
     -3.39794      3.61596      0.00000      0.00000
     -3.38794      4.47827      0.00000      0.00000
     -3.37794      5.02232      0.00000      0.00000
     -3.36794      4.62698      0.00000      0.00000
     -3.35794      3.75428      0.00000      0.00000
     -3.34794      2.78948      0.00000      0.00000
     -3.33794      2.57776      0.00000      0.00000
     -3.32794      3.03567      0.00000      0.00000
     -3.31794      3.77504      0.00000      0.00000
     -3.30794      4.17973      0.00000      0.00000
     -3.29794      3.97529      0.00000      0.00000
     -3.28794      4.05408      0.00000      0.00000
     -3.27794      4.19720      0.00000      0.00000
     -3.26794      3.71718      0.00000      0.00000
     -3.25794      3.35888      0.00000      0.00000
     -3.24794      3.40816      0.00000      0.00000
     -3.23794      3.66136      0.00000      0.00000
     -3.22794      3.73361      0.00000      0.00000
     -3.21794      3.67751      0.00000      0.00000
     -3.20794      4.08330      0.00000      0.00000
     -3.19794      4.52465      0.00000      0.00000
     -3.18794      3.42183      0.00000      0.00000
     -3.17794      2.66294      0.00000      0.00000
     -3.16794      3.35413      0.00000      0.00000
     -3.15794      4.07347      0.00000      0.00000
     -3.14794      4.19678      0.00000      0.00000
     -3.13794      3.63105      0.00000      0.00000
     -3.12794      2.69571      0.00000      0.00000
     -3.11794      2.23302      0.00000      0.00000
     -3.10794      2.41571      0.00000      0.00000
     -3.09794      2.75305      0.00000      0.00000
     -3.08794      2.73754      0.00000      0.00000
     -3.07794      2.35732      0.00000      0.00000
     -3.06794      2.22120      0.00000      0.00000
     -3.05794      2.28055      0.00000      0.00000
     -3.04794      2.35873      0.00000      0.00000
     -3.03794      2.54649      0.00000      0.00000
     -3.02794      2.91277      0.00000      0.00000
     -3.01794      3.27373      0.00000      0.00000
     -3.00794      3.84919      0.00000      0.00000
     -2.99794      4.24728      0.00000      0.00000
     -2.98794      3.72490      0.00000      0.00000
     -2.97794      3.11309      0.00000      0.00000
     -2.96794      3.04310      0.00000      0.00000
     -2.95794      3.37587      0.00000      0.00000
     -2.94794      4.42140      0.00000      0.00000
     -2.93794      5.31116      0.00000      0.00000
     -2.92794      5.49189      0.00000      0.00000
     -2.91794      5.69270      0.00000      0.00000
     -2.90794      5.68832      0.00000      0.00000
     -2.89794      6.00837      0.00000      0.00000
     -2.88794      7.44914      0.00000      0.00000
     -2.87794     10.32829      0.00000      0.00000
     -2.86794     12.39913      0.00000      0.00000
     -2.85794     12.42066      0.00000      0.00000
     -2.84794     11.60177      0.00000      0.00000
     -2.83794     10.46286      0.00000      0.00000
     -2.82794      8.36523      0.00000      0.00000
     -2.81794      7.09542      0.00000      0.00000
     -2.80794      7.89873      0.00000      0.00000
     -2.79794      8.88060      0.00000      0.00000
     -2.78794      7.65545      0.00000      0.00000
     -2.77794      5.50169      0.00000      0.00000
     -2.76794      4.86611      0.00000      0.00000
     -2.75794      6.58673      0.00000      0.00000
     -2.74794      8.31850      0.00000      0.00000
     -2.73794      7.59523      0.00000      0.00000
     -2.72794      6.44456      0.00000      0.00000
     -2.71794      6.01950      0.00000      0.00000
     -2.70794      6.03566      0.00000      0.00000
     -2.69794      6.46457      0.00000      0.00000
     -2.68794      6.06181      0.00000      0.00000
     -2.67794      5.12260      0.00000      0.00000
     -2.66794      5.27954      0.00000      0.00000
     -2.65794      6.95787      0.00000      0.00000
     -2.64794      8.84503      0.00000      0.00000
     -2.63794      9.21682      0.00000      0.00000
     -2.62794      8.06097      0.00000      0.00000
     -2.61794      7.46964      0.00000      0.00000
     -2.60794      7.66562      0.00000      0.00000
     -2.59794      8.47706      0.00000      0.00000
     -2.58794      8.92471      0.00000      0.00000
     -2.57794      8.85059      0.00000      0.00000
     -2.56794      8.65404      0.00000      0.00000
     -2.55794      7.87489      0.00000      0.00000
     -2.54794      7.19425      0.00000      0.00000
     -2.53794      7.09340      0.00000      0.00000
     -2.52794      7.34936      0.00000      0.00000
     -2.51794      7.54901      0.00000      0.00000
     -2.50794      7.58380      0.00000      0.00000
     -2.49794      7.00766      0.00000      0.00000
     -2.48794      6.49895      0.00000      0.00000
     -2.47794      6.83776      0.00000      0.00000
     -2.46794      6.52041      0.00000      0.00000
     -2.45794      6.27354      0.00000      0.00000
     -2.44794      6.54622      0.00000      0.00000
     -2.43794      6.03582      0.00000      0.00000
     -2.42794      5.48051      0.00000      0.00000
     -2.41794      5.79168      0.00000      0.00000
     -2.40794      5.72386      0.00000      0.00000
     -2.39794      4.51275      0.00000      0.00000
     -2.38794      3.83830      0.00000      0.00000
     -2.37794      3.74220      0.00000      0.00000
     -2.36794      4.00365      0.00000      0.00000
     -2.35794      4.18297      0.00000      0.00000
     -2.34794      3.58825      0.00000      0.00000
     -2.33794      3.72149      0.00000      0.00000
     -2.32794      5.42706      0.00000      0.00000
     -2.31794      6.59439      0.00000      0.00000
     -2.30794      5.92038      0.00000      0.00000
     -2.29794      4.95004      0.00000      0.00000
     -2.28794      4.40054      0.00000      0.00000
     -2.27794      4.08750      0.00000      0.00000
     -2.26794      4.41891      0.00000      0.00000
     -2.25794      5.13476      0.00000      0.00000
     -2.24794      5.28147      0.00000      0.00000
     -2.23794      4.90499      0.00000      0.00000
     -2.22794      4.61792      0.00000      0.00000
     -2.21794      5.11097      0.00000      0.00000
     -2.20794      5.40859      0.00000      0.00000
     -2.19794      4.68145      0.00000      0.00000
     -2.18794      3.68709      0.00000      0.00000
     -2.17794      3.16820      0.00000      0.00000
     -2.16794      3.01599      0.00000      0.00000
     -2.15794      3.10816      0.00000      0.00000
     -2.14794      2.97854      0.00000      0.00000
     -2.13794      2.51477      0.00000      0.00000
     -2.12794      2.22728      0.00000      0.00000
     -2.11794      1.89175      0.00000      0.00000
     -2.10794      1.85862      0.00000      0.00000
     -2.09794      2.57550      0.00000      0.00000
     -2.08794      4.02207      0.00000      0.00000
     -2.07794      5.72110      0.00000      0.00000
     -2.06794      7.08840      0.00000      0.00000
     -2.05794      7.97601      0.00000      0.00000
     -2.04794      7.79240      0.00000      0.00000
     -2.03794      6.66996      0.00000      0.00000
     -2.02794      6.16631      0.00000      0.00000
     -2.01794      6.36221      0.00000      0.00000
     -2.00794      6.48675      0.00000      0.00000
     -1.99794      6.18620      0.00000      0.00000
     -1.98794      5.32748      0.00000      0.00000
     -1.97794      4.51081      0.00000      0.00000
     -1.96794      4.71944      0.00000      0.00000
     -1.95794      5.18327      0.00000      0.00000
     -1.94794      5.49797      0.00000      0.00000
     -1.93794      5.23246      0.00000      0.00000
     -1.92794      4.53824      0.00000      0.00000
     -1.91794      4.35663      0.00000      0.00000
     -1.90794      4.64927      0.00000      0.00000
     -1.89794      5.20233      0.00000      0.00000
     -1.88794      5.24451      0.00000      0.00000
     -1.87794      4.89165      0.00000      0.00000
     -1.86794      4.51675      0.00000      0.00000
     -1.85794      4.23745      0.00000      0.00000
     -1.84794      4.15210      0.00000      0.00000
     -1.83794      4.51237      0.00000      0.00000
     -1.82794      5.01934      0.00000      0.00000
     -1.81794      5.23089      0.00000      0.00000
     -1.80794      4.31375      0.00000      0.00000
     -1.79794      3.20128      0.00000      0.00000
     -1.78794      2.84648      0.00000      0.00000
     -1.77794      3.35159      0.00000      0.00000
     -1.76794      3.73756      0.00000      0.00000
     -1.75794      3.24563      0.00000      0.00000
     -1.74794      2.46973      0.00000      0.00000
     -1.73794      2.16962      0.00000      0.00000
     -1.72794      2.19315      0.00000      0.00000
     -1.71794      2.49555      0.00000      0.00000
     -1.70794      3.08839      0.00000      0.00000
     -1.69794      3.43971      0.00000      0.00000
     -1.68794      3.50836      0.00000      0.00000
     -1.67794      3.37741      0.00000      0.00000
     -1.66794      3.03778      0.00000      0.00000
     -1.65794      2.82901      0.00000      0.00000
     -1.64794      2.70333      0.00000      0.00000
     -1.63794      2.19701      0.00000      0.00000
     -1.62794      1.76321      0.00000      0.00000
     -1.61794      1.69240      0.00000      0.00000
     -1.60794      1.85637      0.00000      0.00000
     -1.59794      1.76760      0.00000      0.00000
     -1.58794      1.72045      0.00000      0.00000
     -1.57794      1.68482      0.00000      0.00000
     -1.56794      1.33654      0.00000      0.00000
     -1.55794      1.23281      0.00000      0.00000
     -1.54794      1.41789      0.00000      0.00000
     -1.53794      1.62367      0.00000      0.00000
     -1.52794      1.50478      0.00000      0.00000
     -1.51794      1.49939      0.00000      0.00000
     -1.50794      1.73330      0.00000      0.00000
     -1.49794      1.94524      0.00000      0.00000
     -1.48794      2.08953      0.00000      0.00000
     -1.47794      2.23375      0.00000      0.00000
     -1.46794      2.41170      0.00000      0.00000
     -1.45794      2.25563      0.00000      0.00000
     -1.44794      2.25283      0.00000      0.00000
     -1.43794      2.24831      0.00000      0.00000
     -1.42794      2.23515      0.00000      0.00000
     -1.41794      2.41887      0.00000      0.00000
     -1.40794      2.29075      0.00000      0.00000
     -1.39794      2.13378      0.00000      0.00000
     -1.38794      2.22825      0.00000      0.00000
     -1.37794      2.76161      0.00000      0.00000
     -1.36794      3.38901      0.00000      0.00000
     -1.35794      3.38086      0.00000      0.00000
     -1.34794      3.55968      0.00000      0.00000
     -1.33794      3.55291      0.00000      0.00000
     -1.32794      3.00005      0.00000      0.00000
     -1.31794      2.63844      0.00000      0.00000
     -1.30794      2.79344      0.00000      0.00000
     -1.29794      2.88803      0.00000      0.00000
     -1.28794      3.23391      0.00000      0.00000
     -1.27794      3.78070      0.00000      0.00000
     -1.26794      4.08275      0.00000      0.00000
     -1.25794      4.19363      0.00000      0.00000
     -1.24794      4.45343      0.00000      0.00000
     -1.23794      4.88476      0.00000      0.00000
     -1.22794      5.31201      0.00000      0.00000
     -1.21794      5.95287      0.00000      0.00000
     -1.20794      6.29898      0.00000      0.00000
     -1.19794      5.41849      0.00000      0.00000
     -1.18794      4.66616      0.00000      0.00000
     -1.17794      4.44288      0.00000      0.00000
     -1.16794      3.69025      0.00000      0.00000
     -1.15794      3.85392      0.00000      0.00000
     -1.14794      4.78529      0.00000      0.00000
     -1.13794      4.73548      0.00000      0.00000
     -1.12794      4.26458      0.00000      0.00000
     -1.11794      4.05537      0.00000      0.00000
     -1.10794      4.38611      0.00000      0.00000
     -1.09794      5.21482      0.00000      0.00000
     -1.08794      4.93747      0.00000      0.00000
     -1.07794      4.32266      0.00000      0.00000
     -1.06794      3.90142      0.00000      0.00000
     -1.05794      3.29428      0.00000      0.00000
     -1.04794      3.89146      0.00000      0.00000
     -1.03794      4.58236      0.00000      0.00000
     -1.02794      4.84094      0.00000      0.00000
     -1.01794      5.23075      0.00000      0.00000
     -1.00794      5.09031      0.00000      0.00000
     -0.99794      4.79181      0.00000      0.00000
     -0.98794      5.66890      0.00000      0.00000
     -0.97794      6.39624      0.00000      0.00000
     -0.96794      5.54047      0.00000      0.00000
     -0.95794      5.01545      0.00000      0.00000
     -0.94794      5.68507      0.00000      0.00000
     -0.93794      5.74675      0.00000      0.00000
     -0.92794      5.10192      0.00000      0.00000
     -0.91794      4.61222      0.00000      0.00000
     -0.90794      4.48573      0.00000      0.00000
     -0.89794      4.60047      0.00000      0.00000
     -0.88794      4.65000      0.00000      0.00000
     -0.87794      4.81420      0.00000      0.00000
     -0.86794      4.38617      0.00000      0.00000
     -0.85794      3.50042      0.00000      0.00000
     -0.84794      3.68743      0.00000      0.00000
     -0.83794      4.37846      0.00000      0.00000
     -0.82794      4.34207      0.00000      0.00000
     -0.81794      3.91254      0.00000      0.00000
     -0.80794      3.84372      0.00000      0.00000
     -0.79794      4.09523      0.00000      0.00000
     -0.78794      4.04891      0.00000      0.00000
     -0.77794      4.41994      0.00000      0.00000
     -0.76794      4.51575      0.00000      0.00000
     -0.75794      3.45756      0.00000      0.00000
     -0.74794      2.82607      0.00000      0.00000
     -0.73794      3.47150      0.00000      0.00000
     -0.72794      3.80861      0.00000      0.00000
     -0.71794      3.48213      0.00000      0.00000
     -0.70794      3.65575      0.00000      0.00000
     -0.69794      3.99253      0.00000      0.00000
     -0.68794      4.18706      0.00000      0.00000
     -0.67794      4.33991      0.00000      0.00000
     -0.66794      3.92931      0.00000      0.00000
     -0.65794      3.45652      0.00000      0.00000
     -0.64794      3.30177      0.00000      0.00000
     -0.63794      3.32494      0.00000      0.00000
     -0.62794      3.48617      0.00000      0.00000
     -0.61794      3.68570      0.00000      0.00000
     -0.60794      3.58816      0.00000      0.00000
     -0.59794      3.21573      0.00000      0.00000
     -0.58794      2.64660      0.00000      0.00000
     -0.57794      2.25375      0.00000      0.00000
     -0.56794      2.17132      0.00000      0.00000
     -0.55794      1.92962      0.00000      0.00000
     -0.54794      1.39953      0.00000      0.00000
     -0.53794      0.96525      0.00000      0.00000
     -0.52794      0.94850      0.00000      0.00000
     -0.51794      1.25264      0.00000      0.00000
     -0.50794      1.28664      0.00000      0.00000
     -0.49794      1.37920      0.00000      0.00000
     -0.48794      1.39950      0.00000      0.00000
     -0.47794      1.12581      0.00000      0.00000
     -0.46794      0.83787      0.00000      0.00000
     -0.45794      0.58020      0.00000      0.00000
     -0.44794      0.61386      0.00000      0.00000
     -0.43794      1.00032      0.00000      0.00000
     -0.42794      1.38477      0.00000      0.00000
     -0.41794      1.05562      0.00000      0.00000
     -0.40794      0.43521      0.00000      0.00000
     -0.39794      0.33336      0.00000      0.00000
     -0.38794      0.55192      0.00000      0.00000
     -0.37794      0.74592      0.00000      0.00000
     -0.36794      0.71409      0.00000      0.00000
     -0.35794      0.66741      0.00000      0.00000
     -0.34794      0.58972      0.00000      0.00000
     -0.33794      0.38118      0.00000      0.00000
     -0.32794      0.42839      0.00000      0.00000
     -0.31794      0.47136      0.00000      0.00000
     -0.30794      0.41158      0.00000      0.00000
     -0.29794      0.56268      0.00000      0.00000
     -0.28794      0.81862      0.00000      0.00000
     -0.27794      0.95889      0.00000      0.00000
     -0.26794      0.80964      0.00000      0.00000
     -0.25794      0.40646      0.00000      0.00000
     -0.24794      0.10661      0.00000      0.00000
     -0.23794      0.11758      0.00000      0.00000
     -0.22794      0.41410      0.00000      0.00000
     -0.21794      0.62341      0.00000      0.00000
     -0.20794      0.43200      0.00000      0.00000
     -0.19794      0.26001      0.00000      0.00000
     -0.18794      0.26697      0.00000      0.00000
     -0.17794      0.34641      0.00000      0.00000
     -0.16794      0.34765      0.00000      0.00000
     -0.15794      0.49967      0.00000      0.00000
     -0.14794      0.67595      0.00000      0.00000
     -0.13794      0.57128      0.00000      0.00000
     -0.12794      0.36539      0.00000      0.00000
     -0.11794      0.14981      0.00000      0.00000
     -0.10794      0.10868      0.00000      0.00000
     -0.09794      0.23795      0.00000      0.00000
     -0.08794      0.36892      0.00000      0.00000
     -0.07794      0.33984      0.00000      0.00000
     -0.06794      0.24965      0.00000      0.00000
     -0.05794      0.32176      0.00000      0.00000
     -0.04794      0.33659      0.00000      0.00000
     -0.03794      0.33689      0.00000      0.00000
     -0.02794      0.31030      0.00000      0.00000
     -0.01794      0.18643      0.00000      0.00000
     -0.00794      0.16648      0.00000      0.00000
      0.00206      0.12499      0.00000      0.00000
      0.01206      0.03823      0.00000      0.00000
      0.02206      0.00433      0.00000      0.00000
      0.03206      0.00018      0.00000      0.00000
      0.04206      0.00000      0.00000      0.00000
      0.05206      0.00000      0.00000      0.00000
      0.06206      0.00000      0.00000      0.00000
      0.07206      0.00000      0.00000      0.00000
      0.08206      0.00000      0.00000      0.00000
      0.09206      0.00000      0.00000      0.00000
      0.10206      0.00000      0.00000      0.00000
      0.11206      0.00000      0.00000      0.00000
      0.12206      0.00000      0.00000      0.00000
      0.13206      0.00000      0.00000      0.00000
      0.14206      0.00000      0.00000      0.00000
      0.15206      0.00000      0.00000      0.00000
      0.16206      0.00000      0.00000      0.00000
      0.17206      0.00000      0.00000      0.00000
      0.18206      0.00000      0.00000      0.00000
      0.19206      0.00000      0.00000      0.00000
      0.20206      0.00000      0.00000      0.00000
      0.21206      0.00000      0.00000      0.00000
      0.22206      0.00000      0.00000      0.00000
      0.23206      0.00000      0.00000      0.00000
      0.24206      0.00000      0.00000      0.00000
      0.25206      0.00000      0.00000      0.00000
      0.26206      0.00000      0.00000      0.00000
      0.27206      0.00000      0.00000      0.00000
      0.28206      0.00000      0.00000      0.00000
      0.29206      0.00000      0.00000      0.00000
      0.30206      0.00000      0.00000      0.00000
      0.31206      0.00000      0.00000      0.00000
      0.32206      0.00000      0.00000      0.00000
      0.33206      0.00000      0.00000      0.00000
      0.34206      0.00000      0.00000      0.00000
      0.35206      0.00000      0.00000      0.00000
      0.36206      0.00000      0.00000      0.00000
      0.37206      0.00000      0.00000      0.00000
      0.38206      0.00000      0.00000      0.00000
      0.39206      0.00000      0.00000      0.00000
      0.40206      0.00000      0.00000      0.00000
      0.41206      0.00000      0.00000      0.00000
      0.42206      0.00000      0.00000      0.00000
      0.43206      0.00000      0.00000      0.00000
      0.44206      0.00000      0.00000      0.00000
      0.45206      0.00000      0.00000      0.00000
      0.46206      0.00000      0.00000      0.00000
      0.47206      0.00000      0.00000      0.00000
      0.48206      0.00000      0.00000      0.00000
      0.49206      0.00000      0.00000      0.00000
      0.50206      0.00000      0.00000      0.00000
      0.51206      0.00000      0.00000      0.00000
      0.52206      0.00000      0.00000      0.00000
      0.53206      0.00000      0.00000      0.00000
      0.54206      0.00000      0.00000      0.00000
      0.55206      0.00000      0.00000      0.00000
      0.56206      0.00000      0.00000      0.00000
      0.57206      0.00000      0.00000      0.00000
      0.58206      0.00000      0.00000      0.00000
      0.59206      0.00000      0.00000      0.00000
      0.60206      0.00000      0.00000      0.00000
      0.61206      0.00000      0.00000      0.00000
      0.62206      0.00000      0.00000      0.00000
      0.63206      0.00000      0.00000      0.00000
      0.64206      0.00000      0.00000      0.00000
      0.65206      0.00000      0.00000      0.00000
      0.66206      0.00000      0.00000      0.00000
      0.67206      0.00000      0.00000      0.00000
      0.68206      0.00000      0.00000      0.00000
      0.69206      0.00000      0.00000      0.00000
      0.70206      0.00000      0.00000      0.00000
      0.71206      0.00000      0.00000      0.00000
      0.72206      0.00000      0.00000      0.00000
      0.73206      0.00000      0.00000      0.00000
      0.74206      0.00000      0.00000      0.00000
      0.75206      0.00000      0.00000      0.00000
      0.76206      0.00000      0.00000      0.00000
      0.77206      0.00000      0.00000      0.00000
      0.78206      0.00000      0.00000      0.00000
      0.79206      0.00000      0.00000      0.00000
      0.80206      0.00000      0.00000      0.00000
      0.81206      0.00000      0.00000      0.00000
      0.82206      0.00000      0.00000      0.00000
      0.83206      0.00000      0.00000      0.00000
      0.84206      0.00000      0.00000      0.00000
      0.85206      0.00000      0.00000      0.00000
      0.86206      0.00000      0.00000      0.00000
      0.87206      0.00000      0.00000      0.00000
      0.88206      0.00000      0.00000      0.00000
      0.89206      0.00000      0.00000      0.00000
      0.90206      0.00000      0.00000      0.00000
      0.91206      0.00000      0.00000      0.00000
      0.92206      0.00000      0.00000      0.00000
      0.93206      0.00000      0.00000      0.00000
      0.94206      0.00000      0.00000      0.00000
      0.95206      0.00000      0.00000      0.00000
      0.96206      0.00000      0.00000      0.00000
      0.97206      0.00000      0.00000      0.00000
      0.98206      0.00000      0.00000      0.00000
      0.99206      0.00000      0.00000      0.00000
      1.00206      0.00000      0.00000      0.00000
      1.01206      0.00000      0.00000      0.00000
      1.02206      0.00000      0.00000      0.00000
      1.03206      0.00000      0.00000      0.00000
      1.04206      0.00000      0.00000      0.00000
      1.05206      0.00000      0.00000      0.00000
      1.06206      0.00000      0.00000      0.00000
      1.07206      0.00000      0.00000      0.00000
      1.08206      0.00000      0.00000      0.00000
      1.09206      0.00000      0.00000      0.00000
      1.10206      0.00000      0.00000      0.00000
      1.11206      0.00000      0.00000      0.00000
      1.12206      0.00000      0.00000      0.00000
      1.13206      0.00000      0.00000      0.00000
      1.14206      0.00000      0.00000      0.00000
      1.15206      0.00000      0.00000      0.00000
      1.16206      0.00000      0.00000      0.00000
      1.17206      0.00000      0.00000      0.00000
      1.18206      0.00000      0.00000      0.00000
      1.19206      0.00000      0.00000      0.00000
      1.20206      0.00000      0.00000      0.00000
      1.21206      0.00000      0.00000      0.00000
      1.22206      0.00000      0.00000      0.00000
      1.23206      0.00000      0.00000      0.00000
      1.24206      0.00000      0.00000      0.00000
      1.25206      0.00000      0.00000      0.00000
      1.26206      0.00000      0.00000      0.00000
      1.27206      0.00000      0.00000      0.00000
      1.28206      0.00000      0.00000      0.00000
      1.29206      0.00000      0.00000      0.00000
      1.30206      0.00000      0.00000      0.00000
      1.31206      0.00000      0.00000      0.00000
      1.32206      0.00000      0.00000      0.00000
      1.33206      0.00000      0.00000      0.00000
      1.34206      0.00000      0.00000      0.00000
      1.35206      0.00000      0.00000      0.00000
      1.36206      0.00000      0.00000      0.00000
      1.37206      0.00000      0.00000      0.00000
      1.38206      0.00000      0.00000      0.00000
      1.39206      0.00000      0.00000      0.00000
      1.40206      0.00000      0.00000      0.00000
      1.41206      0.00000      0.00000      0.00000
      1.42206      0.00000      0.00000      0.00000
      1.43206      0.00000      0.00000      0.00000
      1.44206      0.00000      0.00000      0.00000
      1.45206      0.00000      0.00000      0.00000
      1.46206      0.00000      0.00000      0.00000
      1.47206      0.00000      0.00000      0.00000
      1.48206      0.00000      0.00000      0.00000
      1.49206      0.00000      0.00000      0.00000
      1.50206      0.00000      0.00000      0.00000
      1.51206      0.00000      0.00000      0.00000
      1.52206      0.00000      0.00000      0.00000
      1.53206      0.00000      0.00000      0.00000
      1.54206      0.00000      0.00000      0.00000
      1.55206      0.00000      0.00000      0.00000
      1.56206      0.00000      0.00000      0.00000
      1.57206      0.00000      0.00000      0.00000
      1.58206      0.00000      0.00000      0.00000
      1.59206      0.00000      0.00000      0.00000
      1.60206      0.00000      0.00000      0.00000
      1.61206      0.00000      0.00000      0.00000
      1.62206      0.00000      0.00000      0.00000
      1.63206      0.00000      0.00000      0.00000
      1.64206      0.00000      0.00000      0.00000
      1.65206      0.00000      0.00000      0.00000
      1.66206      0.00000      0.00000      0.00000
      1.67206      0.00000      0.00000      0.00000
      1.68206      0.00000      0.00000      0.00000
      1.69206      0.00000      0.00000      0.00000
      1.70206      0.00000      0.00000      0.00000
      1.71206      0.00000      0.00000      0.00000
      1.72206      0.00000      0.00000      0.00000
      1.73206      0.00000      0.00000      0.00000
      1.74206      0.00000      0.00000      0.00000
      1.75206      0.00000      0.00000      0.00000
      1.76206      0.00000      0.00000      0.00000
      1.77206      0.00000      0.00000      0.00000
      1.78206      0.00000      0.00000      0.00000
      1.79206      0.00000      0.00000      0.00000
      1.80206      0.00000      0.00000      0.00000
      1.81206      0.00000      0.00000      0.00000
      1.82206      0.00000      0.00000      0.00000
      1.83206      0.00000      0.00000      0.00000
      1.84206      0.00000      0.00000      0.00000
      1.85206      0.00000      0.00000      0.00000
      1.86206      0.00000      0.00000      0.00000
      1.87206      0.00000      0.00000      0.00000
      1.88206      0.00000      0.00000      0.00000
      1.89206      0.00000      0.00000      0.00000
      1.90206      0.00000      0.00000      0.00000
      1.91206      0.00027      0.00000      0.00000
      1.92206      0.00584      0.00000      0.00000
      1.93206      0.04772      0.00000      0.00000
      1.94206      0.17024      0.00000      0.00000
      1.95206      0.42325      0.00000      0.00000
      1.96206      0.96920      0.00000      0.00000
      1.97206      1.54109      0.00000      0.00000
      1.98206      1.82425      0.00000      0.00000
      1.99206      2.09299      0.00000      0.00000
      2.00206      2.22315      0.00000      0.00000
      2.01206      1.95807      0.00000      0.00000
      2.02206      1.94951      0.00000      0.00000
      2.03206      2.08325      0.00000      0.00000
      2.04206      1.77051      0.00000      0.00000
      2.05206      1.84949      0.00000      0.00000
      2.06206      2.62601      0.00000      0.00000
      2.07206      2.85152      0.00000      0.00000
      2.08206      2.40131      0.00000      0.00000
      2.09206      2.13979      0.00000      0.00000
      2.10206      1.91724      0.00000      0.00000
      2.11206      2.12738      0.00000      0.00000
      2.12206      2.51001      0.00000      0.00000
      2.13206      2.48287      0.00000      0.00000
      2.14206      2.70945      0.00000      0.00000
      2.15206      2.67169      0.00000      0.00000
      2.16206      2.63913      0.00000      0.00000
      2.17206      3.50681      0.00000      0.00000
      2.18206      4.65362      0.00000      0.00000
      2.19206      5.25960      0.00000      0.00000
      2.20206      5.02681      0.00000      0.00000
      2.21206      4.55315      0.00000      0.00000
      2.22206      4.76903      0.00000      0.00000
      2.23206      5.89293      0.00000      0.00000
      2.24206      6.49237      0.00000      0.00000
      2.25206      5.87444      0.00000      0.00000
      2.26206      5.60040      0.00000      0.00000
      2.27206      6.28815      0.00000      0.00000
      2.28206      7.09349      0.00000      0.00000
      2.29206      8.24413      0.00000      0.00000
      2.30206      9.23178      0.00000      0.00000
      2.31206      8.95462      0.00000      0.00000
      2.32206      7.84061      0.00000      0.00000
      2.33206      6.95032      0.00000      0.00000
      2.34206      6.63544      0.00000      0.00000
      2.35206      6.94861      0.00000      0.00000
      2.36206      7.15948      0.00000      0.00000
      2.37206      7.05586      0.00000      0.00000
      2.38206      6.81932      0.00000      0.00000
      2.39206      6.76314      0.00000      0.00000
      2.40206      7.07183      0.00000      0.00000
      2.41206      7.33731      0.00000      0.00000
      2.42206      6.82463      0.00000      0.00000
      2.43206      6.96905      0.00000      0.00000
      2.44206      7.33507      0.00000      0.00000
      2.45206      6.37490      0.00000      0.00000
      2.46206      5.55566      0.00000      0.00000
      2.47206      5.21927      0.00000      0.00000
      2.48206      4.53235      0.00000      0.00000
      2.49206      4.54915      0.00000      0.00000
      2.50206      5.40117      0.00000      0.00000
      2.51206      5.69485      0.00000      0.00000
      2.52206      5.53035      0.00000      0.00000
      2.53206      5.56713      0.00000      0.00000
      2.54206      5.02460      0.00000      0.00000
      2.55206      4.30742      0.00000      0.00000
      2.56206      4.08243      0.00000      0.00000
      2.57206      4.17136      0.00000      0.00000
      2.58206      4.31515      0.00000      0.00000
      2.59206      4.27136      0.00000      0.00000
      2.60206      4.25363      0.00000      0.00000
      2.61206      4.99919      0.00000      0.00000
      2.62206      5.44122      0.00000      0.00000
      2.63206      4.94447      0.00000      0.00000
      2.64206      4.19986      0.00000      0.00000
      2.65206      3.53229      0.00000      0.00000
      2.66206      3.39010      0.00000      0.00000
      2.67206      3.65330      0.00000      0.00000
      2.68206      4.24316      0.00000      0.00000
      2.69206      4.14571      0.00000      0.00000
      2.70206      3.52305      0.00000      0.00000
      2.71206      3.60089      0.00000      0.00000
      2.72206      3.98252      0.00000      0.00000
      2.73206      4.13149      0.00000      0.00000
      2.74206      5.00975      0.00000      0.00000
      2.75206      6.12880      0.00000      0.00000
      2.76206      6.87248      0.00000      0.00000
      2.77206      8.18703      0.00000      0.00000
      2.78206      9.34683      0.00000      0.00000
      2.79206     10.19299      0.00000      0.00000
      2.80206     10.91232      0.00000      0.00000
      2.81206     11.13733      0.00000      0.00000
      2.82206     11.10888      0.00000      0.00000
      2.83206     10.55491      0.00000      0.00000
      2.84206      9.58566      0.00000      0.00000
      2.85206      8.08718      0.00000      0.00000
      2.86206      7.25270      0.00000      0.00000
      2.87206      7.14853      0.00000      0.00000
      2.88206      6.85995      0.00000      0.00000
      2.89206      6.71019      0.00000      0.00000
      2.90206      6.78238      0.00000      0.00000
      2.91206      7.00214      0.00000      0.00000
      2.92206      7.61127      0.00000      0.00000
      2.93206      8.18199      0.00000      0.00000
      2.94206      7.46174      0.00000      0.00000
      2.95206      6.49087      0.00000      0.00000
      2.96206      7.02155      0.00000      0.00000
      2.97206      8.11376      0.00000      0.00000
      2.98206      8.07452      0.00000      0.00000
      2.99206      8.43164      0.00000      0.00000
      3.00206      9.27479      0.00000      0.00000
      3.01206     10.77096      0.00000      0.00000
      3.02206     13.13128      0.00000      0.00000
      3.03206     13.38685      0.00000      0.00000
      3.04206     11.84198      0.00000      0.00000
      3.05206     11.40513      0.00000      0.00000
      3.06206     11.59187      0.00000      0.00000
      3.07206     10.12848      0.00000      0.00000
      3.08206      7.93747      0.00000      0.00000
      3.09206      6.66042      0.00000      0.00000
      3.10206      6.03012      0.00000      0.00000
      3.11206      6.78081      0.00000      0.00000
      3.12206      8.94735      0.00000      0.00000
      3.13206      9.09704      0.00000      0.00000
      3.14206      6.59181      0.00000      0.00000
      3.15206      4.84726      0.00000      0.00000
      3.16206      4.90290      0.00000      0.00000
      3.17206      6.00155      0.00000      0.00000
      3.18206      7.14622      0.00000      0.00000
      3.19206      8.40703      0.00000      0.00000
      3.20206      9.15154      0.00000      0.00000
      3.21206      8.79045      0.00000      0.00000
      3.22206      7.89844      0.00000      0.00000
      3.23206      6.51185      0.00000      0.00000
      3.24206      6.29584      0.00000      0.00000
      3.25206      7.68172      0.00000      0.00000
      3.26206     10.09539      0.00000      0.00000
      3.27206     11.01623      0.00000      0.00000
      3.28206      8.43738      0.00000      0.00000
      3.29206      5.91772      0.00000      0.00000
      3.30206      5.55163      0.00000      0.00000
      3.31206      5.80357      0.00000      0.00000
      3.32206      6.72512      0.00000      0.00000
      3.33206      7.49824      0.00000      0.00000
      3.34206      6.86823      0.00000      0.00000
      3.35206      5.62695      0.00000      0.00000
      3.36206      3.97133      0.00000      0.00000
      3.37206      3.42794      0.00000      0.00000
      3.38206      4.03972      0.00000      0.00000
      3.39206      4.51345      0.00000      0.00000
      3.40206      5.44779      0.00000      0.00000
      3.41206      7.00220      0.00000      0.00000
      3.42206      8.30318      0.00000      0.00000
      3.43206      8.36801      0.00000      0.00000
      3.44206      7.10740      0.00000      0.00000
      3.45206      5.88129      0.00000      0.00000
      3.46206      5.10343      0.00000      0.00000
      3.47206      4.57059      0.00000      0.00000
      3.48206      4.43263      0.00000      0.00000
      3.49206      5.08674      0.00000      0.00000
      3.50206      6.28813      0.00000      0.00000
      3.51206      6.20257      0.00000      0.00000
      3.52206      4.92103      0.00000      0.00000
      3.53206      4.39599      0.00000      0.00000
      3.54206      4.91280      0.00000      0.00000
      3.55206      5.39017      0.00000      0.00000
      3.56206      6.10825      0.00000      0.00000
      3.57206      6.70737      0.00000      0.00000
      3.58206      6.66407      0.00000      0.00000
      3.59206      6.11149      0.00000      0.00000
      3.60206      4.81687      0.00000      0.00000
      3.61206      3.68000      0.00000      0.00000
      3.62206      3.48873      0.00000      0.00000
      3.63206      4.78817      0.00000      0.00000
      3.64206      5.88328      0.00000      0.00000
      3.65206      5.17195      0.00000      0.00000
      3.66206      4.01259      0.00000      0.00000
      3.67206      3.78744      0.00000      0.00000
      3.68206      3.99873      0.00000      0.00000
      3.69206      3.60155      0.00000      0.00000
      3.70206      3.71943      0.00000      0.00000
      3.71206      4.77473      0.00000      0.00000
      3.72206      5.45300      0.00000      0.00000
      3.73206      5.39974      0.00000      0.00000
      3.74206      5.00154      0.00000      0.00000
      3.75206      4.89064      0.00000      0.00000
      3.76206      4.97279      0.00000      0.00000
      3.77206      4.17669      0.00000      0.00000
      3.78206      3.14885      0.00000      0.00000
      3.79206      3.24255      0.00000      0.00000
      3.80206      3.70752      0.00000      0.00000
      3.81206      3.73133      0.00000      0.00000
      3.82206      3.60754      0.00000      0.00000
      3.83206      4.04513      0.00000      0.00000
      3.84206      3.97200      0.00000      0.00000
      3.85206      3.31870      0.00000      0.00000
      3.86206      3.12909      0.00000      0.00000
      3.87206      3.18112      0.00000      0.00000
      3.88206      3.75985      0.00000      0.00000
      3.89206      4.54616      0.00000      0.00000
      3.90206      4.39360      0.00000      0.00000
      3.91206      3.14711      0.00000      0.00000
      3.92206      2.06961      0.00000      0.00000
      3.93206      2.22578      0.00000      0.00000
      3.94206      3.19011      0.00000      0.00000
      3.95206      4.17672      0.00000      0.00000
      3.96206      4.67834      0.00000      0.00000
      3.97206      3.95191      0.00000      0.00000
      3.98206      2.72529      0.00000      0.00000
      3.99206      2.12013      0.00000      0.00000
      4.00206      2.50039      0.00000      0.00000
      4.01206      3.07575      0.00000      0.00000
      4.02206      3.37247      0.00000      0.00000
      4.03206      3.60365      0.00000      0.00000
      4.04206      3.31918      0.00000      0.00000
      4.05206      2.90681      0.00000      0.00000
      4.06206      2.85243      0.00000      0.00000
      4.07206      2.54519      0.00000      0.00000
      4.08206      2.16260      0.00000      0.00000
      4.09206      2.75058      0.00000      0.00000
      4.10206      4.14802      0.00000      0.00000
      4.11206      4.88584      0.00000      0.00000
      4.12206      4.06447      0.00000      0.00000
      4.13206      2.70997      0.00000      0.00000
      4.14206      2.17469      0.00000      0.00000
      4.15206      1.97681      0.00000      0.00000
      4.16206      2.26478      0.00000      0.00000
      4.17206      3.69809      0.00000      0.00000
      4.18206      4.91570      0.00000      0.00000
      4.19206      4.75078      0.00000      0.00000
      4.20206      3.84475      0.00000      0.00000
      4.21206      3.17214      0.00000      0.00000
      4.22206      2.73335      0.00000      0.00000
      4.23206      2.37034      0.00000      0.00000
      4.24206      2.12035      0.00000      0.00000
      4.25206      2.43373      0.00000      0.00000
      4.26206      3.57567      0.00000      0.00000
      4.27206      4.20086      0.00000      0.00000
      4.28206      3.56420      0.00000      0.00000
      4.29206      2.38944      0.00000      0.00000
      4.30206      1.36660      0.00000      0.00000
      4.31206      0.95042      0.00000      0.00000
      4.32206      1.29524      0.00000      0.00000
      4.33206      1.93277      0.00000      0.00000
      4.34206      2.13398      0.00000      0.00000
      4.35206      1.67676      0.00000      0.00000
      4.36206      1.37096      0.00000      0.00000
      4.37206      1.10994      0.00000      0.00000
      4.38206      0.54750      0.00000      0.00000
      4.39206      0.42401      0.00000      0.00000
      4.40206      1.36626      0.00000      0.00000
      4.41206      2.81843      0.00000      0.00000
      4.42206      3.32286      0.00000      0.00000
      4.43206      2.72666      0.00000      0.00000
      4.44206      1.67642      0.00000      0.00000
      4.45206      0.76025      0.00000      0.00000
      4.46206      0.62323      0.00000      0.00000
      4.47206      0.97063      0.00000      0.00000
      4.48206      1.51202      0.00000      0.00000
      4.49206      1.95182      0.00000      0.00000
      4.50206      1.82332      0.00000      0.00000
      4.51206      1.14989      0.00000      0.00000
      4.52206      0.79581      0.00000      0.00000
      4.53206      1.58109      0.00000      0.00000
      4.54206      3.08478      0.00000      0.00000
      4.55206      4.17015      0.00000      0.00000
      4.56206      3.91422      0.00000      0.00000
      4.57206      2.87351      0.00000      0.00000
      4.58206      2.52673      0.00000      0.00000
      4.59206      2.71336      0.00000      0.00000
      4.60206      2.83183      0.00000      0.00000
      4.61206      2.74612      0.00000      0.00000
      4.62206      2.66535      0.00000      0.00000
      4.63206      2.90447      0.00000      0.00000
      4.64206      3.82634      0.00000      0.00000
      4.65206      4.71792      0.00000      0.00000
      4.66206      4.60217      0.00000      0.00000
      4.67206      4.40632      0.00000      0.00000
      4.68206      4.44271      0.00000      0.00000
      4.69206      4.57125      0.00000      0.00000
      4.70206      4.56376      0.00000      0.00000
      4.71206      4.30738      0.00000      0.00000
      4.72206      4.81158      0.00000      0.00000
      4.73206      6.30281      0.00000      0.00000
      4.74206      7.35132      0.00000      0.00000
      4.75206      7.66775      0.00000      0.00000
      4.76206      8.37729      0.00000      0.00000
      4.77206      9.02211      0.00000      0.00000
      4.78206      8.28502      0.00000      0.00000
      4.79206      8.11099      0.00000      0.00000
      4.80206      8.70706      0.00000      0.00000
      4.81206      8.87768      0.00000      0.00000
      4.82206      9.02843      0.00000      0.00000
      4.83206      9.73862      0.00000      0.00000
      4.84206      9.58683      0.00000      0.00000
      4.85206      8.49300      0.00000      0.00000
      4.86206      7.66934      0.00000      0.00000
      4.87206      7.25270      0.00000      0.00000
      4.88206      7.20972      0.00000      0.00000
      4.89206      7.44374      0.00000      0.00000
      4.90206      7.14198      0.00000      0.00000
      4.91206      6.63457      0.00000      0.00000
      4.92206      6.55029      0.00000      0.00000
      4.93206      6.13762      0.00000      0.00000
      4.94206      5.65512      0.00000      0.00000
      4.95206      4.87641      0.00000      0.00000
      4.96206      3.40609      0.00000      0.00000
      4.97206      2.53252      0.00000      0.00000
      4.98206      2.43178      0.00000      0.00000
      4.99206      2.97856      0.00000      0.00000
      5.00206      4.08642      0.00000      0.00000
      5.01206      4.30298      0.00000      0.00000
      5.02206      3.07922      0.00000      0.00000
      5.03206      1.84609      0.00000      0.00000
      5.04206      1.80929      0.00000      0.00000
      5.05206      2.33859      0.00000      0.00000
      5.06206      2.83819      0.00000      0.00000
      5.07206      2.83891      0.00000      0.00000
      5.08206      2.76407      0.00000      0.00000
      5.09206      3.15712      0.00000      0.00000
      5.10206      3.02767      0.00000      0.00000
      5.11206      2.53815      0.00000      0.00000
      5.12206      2.17027      0.00000      0.00000
      5.13206      2.14122      0.00000      0.00000
      5.14206      2.48988      0.00000      0.00000
      5.15206      2.32437      0.00000      0.00000
      5.16206      1.91919      0.00000      0.00000
      5.17206      1.86609      0.00000      0.00000
      5.18206      1.73409      0.00000      0.00000
      5.19206      1.58971      0.00000      0.00000
      5.20206      1.55957      0.00000      0.00000
      5.21206      1.60177      0.00000      0.00000
      5.22206      1.89614      0.00000      0.00000
      5.23206      2.28003      0.00000      0.00000
      5.24206      2.46187      0.00000      0.00000
      5.25206      2.08574      0.00000      0.00000
      5.26206      1.51255      0.00000      0.00000
      5.27206      1.27109      0.00000      0.00000
      5.28206      1.28301      0.00000      0.00000
      5.29206      1.17613      0.00000      0.00000
      5.30206      0.92032      0.00000      0.00000
      5.31206      1.09127      0.00000      0.00000
      5.32206      1.38246      0.00000      0.00000
      5.33206      2.03840      0.00000      0.00000
      5.34206      2.72540      0.00000      0.00000
      5.35206      2.41036      0.00000      0.00000
      5.36206      1.75607      0.00000      0.00000
      5.37206      1.50075      0.00000      0.00000
      5.38206      1.48200      0.00000      0.00000
      5.39206      1.41163      0.00000      0.00000
      5.40206      1.33836      0.00000      0.00000
      5.41206      1.25168      0.00000      0.00000
      5.42206      1.12026      0.00000      0.00000
      5.43206      1.32589      0.00000      0.00000
      5.44206      1.74296      0.00000      0.00000
      5.45206      1.85260      0.00000      0.00000
      5.46206      1.85055      0.00000      0.00000
      5.47206      1.74261      0.00000      0.00000
      5.48206      1.59216      0.00000      0.00000
      5.49206      1.54253      0.00000      0.00000
      5.50206      1.34629      0.00000      0.00000
      5.51206      1.28275      0.00000      0.00000
      5.52206      1.12220      0.00000      0.00000
      5.53206      0.91647      0.00000      0.00000
      5.54206      0.82985      0.00000      0.00000
      5.55206      0.90864      0.00000      0.00000
      5.56206      0.78402      0.00000      0.00000
      5.57206      0.64040      0.00000      0.00000
      5.58206      0.82238      0.00000      0.00000
      5.59206      1.03961      0.00000      0.00000
      5.60206      1.30413      0.00000      0.00000
      5.61206      1.66647      0.00000      0.00000
      5.62206      1.93192      0.00000      0.00000
      5.63206      1.69127      0.00000      0.00000
      5.64206      1.49899      0.00000      0.00000
      5.65206      1.33677      0.00000      0.00000
      5.66206      0.89378      0.00000      0.00000
      5.67206      0.82921      0.00000      0.00000
      5.68206      1.38298      0.00000      0.00000
      5.69206      1.72324      0.00000      0.00000
      5.70206      1.26219      0.00000      0.00000
      5.71206      0.64062      0.00000      0.00000
      5.72206      0.52919      0.00000      0.00000
      5.73206      1.25251      0.00000      0.00000
      5.74206      2.22915      0.00000      0.00000
      5.75206      2.06688      0.00000      0.00000
      5.76206      1.46600      0.00000      0.00000
      5.77206      1.34171      0.00000      0.00000
      5.78206      1.17193      0.00000      0.00000
      5.79206      1.23737      0.00000      0.00000
      5.80206      1.80722      0.00000      0.00000
      5.81206      2.07748      0.00000      0.00000
      5.82206      1.50178      0.00000      0.00000
      5.83206      0.87024      0.00000      0.00000
      5.84206      0.97794      0.00000      0.00000
      5.85206      1.08721      0.00000      0.00000
      5.86206      0.69436      0.00000      0.00000
      5.87206      0.56471      0.00000      0.00000
      5.88206      0.90102      0.00000      0.00000
      5.89206      1.32054      0.00000      0.00000
      5.90206      1.61404      0.00000      0.00000
      5.91206      2.01236      0.00000      0.00000
      5.92206      2.22121      0.00000      0.00000
      5.93206      2.05878      0.00000      0.00000
      5.94206      2.07365      0.00000      0.00000
      5.95206      1.93528      0.00000      0.00000
      5.96206      1.40157      0.00000      0.00000
      5.97206      1.15040      0.00000      0.00000
      5.98206      0.95288      0.00000      0.00000
      5.99206      0.70121      0.00000      0.00000
      6.00206      1.15192      0.00000      0.00000
      6.01206      2.03489      0.00000      0.00000
      6.02206      2.45470      0.00000      0.00000
      6.03206      2.39802      0.00000      0.00000
      6.04206      2.17747      0.00000      0.00000
      6.05206      1.87793      0.00000      0.00000
      6.06206      1.62088      0.00000      0.00000
      6.07206      1.74874      0.00000      0.00000
      6.08206      1.86655      0.00000      0.00000
      6.09206      2.10529      0.00000      0.00000
      6.10206      2.04437      0.00000      0.00000
      6.11206      1.28877      0.00000      0.00000
      6.12206      0.66352      0.00000      0.00000
      6.13206      1.14290      0.00000      0.00000
      6.14206      2.29925      0.00000      0.00000
      6.15206      2.50824      0.00000      0.00000
      6.16206      1.72703      0.00000      0.00000
      6.17206      1.13694      0.00000      0.00000
      6.18206      1.26520      0.00000      0.00000
      6.19206      1.74761      0.00000      0.00000
      6.20206      2.39508      0.00000      0.00000
      6.21206      2.94998      0.00000      0.00000
      6.22206      2.68909      0.00000      0.00000
      6.23206      2.30510      0.00000      0.00000
      6.24206      2.17391      0.00000      0.00000
      6.25206      1.79752      0.00000      0.00000
      6.26206      1.76152      0.00000      0.00000
      6.27206      2.07934      0.00000      0.00000
      6.28206      1.70686      0.00000      0.00000
      6.29206      1.38628      0.00000      0.00000
      6.30206      1.73859      0.00000      0.00000
      6.31206      1.91299      0.00000      0.00000
      6.32206      1.96097      0.00000      0.00000
      6.33206      2.63416      0.00000      0.00000
      6.34206      3.24936      0.00000      0.00000
      6.35206      2.96527      0.00000      0.00000
      6.36206      2.20908      0.00000      0.00000
      6.37206      1.78826      0.00000      0.00000
      6.38206      1.79775      0.00000      0.00000
      6.39206      1.59907      0.00000      0.00000
      6.40206      1.20995      0.00000      0.00000
      6.41206      1.23285      0.00000      0.00000
      6.42206      2.06257      0.00000      0.00000
      6.43206      2.23844      0.00000      0.00000
      6.44206      1.67088      0.00000      0.00000
      6.45206      1.48798      0.00000      0.00000
      6.46206      1.59455      0.00000      0.00000
      6.47206      1.52982      0.00000      0.00000
      6.48206      1.22118      0.00000      0.00000
      6.49206      1.07132      0.00000      0.00000
      6.50206      1.31084      0.00000      0.00000
      6.51206      1.57847      0.00000      0.00000
      6.52206      1.79800      0.00000      0.00000
      6.53206      1.85331      0.00000      0.00000
      6.54206      1.73386      0.00000      0.00000
      6.55206      1.59762      0.00000      0.00000
      6.56206      1.48629      0.00000      0.00000
      6.57206      1.59369      0.00000      0.00000
      6.58206      1.84207      0.00000      0.00000
      6.59206      2.08119      0.00000      0.00000
      6.60206      1.94810      0.00000      0.00000
      6.61206      1.22176      0.00000      0.00000
      6.62206      0.99848      0.00000      0.00000
      6.63206      1.34228      0.00000      0.00000
      6.64206      1.45061      0.00000      0.00000
      6.65206      1.46479      0.00000      0.00000
      6.66206      1.46365      0.00000      0.00000
      6.67206      1.86098      0.00000      0.00000
      6.68206      2.66075      0.00000      0.00000
      6.69206      2.46915      0.00000      0.00000
      6.70206      1.47096      0.00000      0.00000
      6.71206      1.09701      0.00000      0.00000
      6.72206      1.50357      0.00000      0.00000
      6.73206      1.71450      0.00000      0.00000
      6.74206      1.77164      0.00000      0.00000
      6.75206      1.87132      0.00000      0.00000
      6.76206      1.81015      0.00000      0.00000
      6.77206      1.90575      0.00000      0.00000
      6.78206      1.77205      0.00000      0.00000
      6.79206      1.79334      0.00000      0.00000
      6.80206      2.22511      0.00000      0.00000
      6.81206      2.46330      0.00000      0.00000
      6.82206      2.89116      0.00000      0.00000
      6.83206      2.93977      0.00000      0.00000
      6.84206      2.15263      0.00000      0.00000
      6.85206      1.19648      0.00000      0.00000
      6.86206      1.01755      0.00000      0.00000
      6.87206      1.51806      0.00000      0.00000
      6.88206      1.98263      0.00000      0.00000
      6.89206      2.02658      0.00000      0.00000
      6.90206      1.89127      0.00000      0.00000
      6.91206      2.22920      0.00000      0.00000
      6.92206      2.54876      0.00000      0.00000
      6.93206      2.25236      0.00000      0.00000
      6.94206      2.46163      0.00000      0.00000
      6.95206      3.17464      0.00000      0.00000
      6.96206      3.26464      0.00000      0.00000
      6.97206      2.84187      0.00000      0.00000
      6.98206      2.31735      0.00000      0.00000
      6.99206      1.78999      0.00000      0.00000
      7.00206      1.98755      0.00000      0.00000
