Energy-E_F (eV)    DOS (1/eV)    PDOS (1/eV)  of atom type Mo S  
     -5.28593      3.41832      1.21111      2.20721
     -5.27593      3.70474      1.29629      2.40846
     -5.26593      4.15616      1.45395      2.70220
     -5.25593      3.99120      1.40975      2.58146
     -5.24593      4.15832      1.47716      2.68115
     -5.23593      5.79257      2.04158      3.75099
     -5.22593      7.07172      2.48147      4.59025
     -5.21593      6.49391      2.28966      4.20425
     -5.20593      5.34838      1.88705      3.46133
     -5.19593      4.74033      1.64232      3.09801
     -5.18593      4.49228      1.53493      2.95734
     -5.17593      4.37668      1.48723      2.88945
     -5.16593      4.21722      1.42223      2.79499
     -5.15593      4.24116      1.41294      2.82823
     -5.14593      4.16737      1.34425      2.82312
     -5.13593      3.24482      0.97596      2.26886
     -5.12593      2.11962      0.58765      1.53197
     -5.11593      1.62910      0.43536      1.19375
     -5.10593      1.81683      0.49888      1.31795
     -5.09593      2.21980      0.63871      1.58109
     -5.08593      2.37242      0.72451      1.64791
     -5.07593      2.64344      0.85554      1.78789
     -5.06593      2.88476      0.95301      1.93175
     -5.05593      2.33105      0.74697      1.58408
     -5.04593      1.42387      0.42308      1.00080
     -5.03593      0.92409      0.26152      0.66258
     -5.02593      0.94186      0.26796      0.67390
     -5.01593      1.14774      0.32633      0.82141
     -5.00593      1.33437      0.38728      0.94709
     -4.99593      1.26251      0.37748      0.88503
     -4.98593      1.22992      0.37958      0.85035
     -4.97593      1.50944      0.47260      1.03684
     -4.96593      1.76775      0.54430      1.22345
     -4.95593      1.40990      0.42260      0.98731
     -4.94593      0.85175      0.25385      0.59791
     -4.93593      0.75322      0.22716      0.52606
     -4.92593      1.11487      0.33224      0.78263
     -4.91593      1.33519      0.40092      0.93427
     -4.90593      1.16964      0.35846      0.81119
     -4.89593      1.15553      0.35662      0.79891
     -4.88593      1.24625      0.39234      0.85390
     -4.87593      1.43505      0.47132      0.96373
     -4.86593      1.67850      0.55482      1.12368
     -4.85593      1.24331      0.40098      0.84234
     -4.84593      0.64664      0.19568      0.45096
     -4.83593      0.53429      0.15660      0.37769
     -4.82593      0.73866      0.22040      0.51826
     -4.81593      1.03914      0.30774      0.73139
     -4.80593      0.95914      0.28047      0.67867
     -4.79593      0.55627      0.16620      0.39007
     -4.78593      0.50255      0.16159      0.34095
     -4.77593      0.86047      0.27395      0.58652
     -4.76593      0.93682      0.29587      0.64095
     -4.75593      0.80378      0.26119      0.54260
     -4.74593      0.88009      0.28015      0.59994
     -4.73593      0.94844      0.28628      0.66216
     -4.72593      0.89275      0.25947      0.63329
     -4.71593      0.71701      0.21438      0.50263
     -4.70593      0.47238      0.14940      0.32298
     -4.69593      0.49029      0.15480      0.33549
     -4.68593      0.79115      0.24705      0.54410
     -4.67593      0.90511      0.28480      0.62031
     -4.66593      0.88767      0.28880      0.59887
     -4.65593      0.88640      0.29618      0.59022
     -4.64593      1.13549      0.37298      0.76251
     -4.63593      1.23867      0.38908      0.84959
     -4.62593      0.83188      0.24798      0.58390
     -4.61593      0.39366      0.11599      0.27767
     -4.60593      0.47165      0.14803      0.32362
     -4.59593      0.68248      0.21588      0.46660
     -4.58593      0.58101      0.17757      0.40344
     -4.57593      0.40581      0.11843      0.28739
     -4.56593      0.33056      0.10001      0.23055
     -4.55593      0.47972      0.15271      0.32701
     -4.54593      0.78211      0.24937      0.53274
     -4.53593      1.13634      0.35121      0.78513
     -4.52593      1.16539      0.35520      0.81019
     -4.51593      0.82150      0.25762      0.56389
     -4.50593      0.38955      0.12583      0.26371
     -4.49593      0.17542      0.05534      0.12008
     -4.48593      0.41298      0.12613      0.28685
     -4.47593      0.75949      0.23339      0.52610
     -4.46593      0.55410      0.17185      0.38225
     -4.45593      0.27074      0.08673      0.18401
     -4.44593      0.50461      0.16485      0.33976
     -4.43593      0.92259      0.29379      0.62880
     -4.42593      1.25942      0.38763      0.87179
     -4.41593      1.32886      0.40936      0.91950
     -4.40593      0.96899      0.30512      0.66386
     -4.39593      0.55367      0.17725      0.37642
     -4.38593      0.27053      0.08587      0.18467
     -4.37593      0.40007      0.12144      0.27863
     -4.36593      0.64684      0.19460      0.45225
     -4.35593      0.62772      0.19001      0.43771
     -4.34593      0.68524      0.20787      0.47737
     -4.33593      0.90405      0.28998      0.61407
     -4.32593      1.91596      0.66959      1.24637
     -4.31593      3.95920      1.37879      2.58041
     -4.30593      5.40308      1.84296      3.56012
     -4.29593      5.55109      1.87301      3.67808
     -4.28593      5.59881      1.85177      3.74704
     -4.27593      6.46137      2.03563      4.42574
     -4.26593      7.65728      2.29561      5.36167
     -4.25593      8.23480      2.40950      5.82530
     -4.24593      7.72110      2.25391      5.46719
     -4.23593      6.73542      1.96766      4.76777
     -4.22593      6.42371      1.88367      4.54004
     -4.21593      6.33305      1.87871      4.45434
     -4.20593      6.40991      1.90634      4.50357
     -4.19593      7.65460      2.26675      5.38785
     -4.18593      8.64941      2.57450      6.07490
     -4.17593      7.65462      2.27771      5.37691
     -4.16593      6.34531      1.85657      4.48874
     -4.15593      6.08825      1.74158      4.34667
     -4.14593      6.19837      1.78418      4.41419
     -4.13593      5.81507      1.69875      4.11632
     -4.12593      5.11083      1.46937      3.64146
     -4.11593      4.61998      1.31044      3.30953
     -4.10593      4.01403      1.12543      2.88860
     -4.09593      3.56800      0.98852      2.57948
     -4.08593      3.61040      1.02957      2.58084
     -4.07593      4.09458      1.21380      2.88078
     -4.06593      4.28679      1.27681      3.00997
     -4.05593      3.69245      1.05317      2.63928
     -4.04593      3.04329      0.80452      2.23877
     -4.03593      2.85595      0.77140      2.08455
     -4.02593      2.64978      0.75609      1.89369
     -4.01593      2.45650      0.69828      1.75822
     -4.00593      2.71654      0.76105      1.95548
     -3.99593      2.40618      0.67174      1.73444
     -3.98593      1.47705      0.43501      1.04204
     -3.97593      1.09356      0.39859      0.69498
     -3.96593      1.26038      0.49535      0.76502
     -3.95593      1.60459      0.59577      1.00882
     -3.94593      1.92534      0.67770      1.24764
     -3.93593      1.92948      0.64197      1.28751
     -3.92593      1.58808      0.51376      1.07432
     -3.91593      1.12659      0.38982      0.73677
     -3.90593      0.96628      0.33654      0.62974
     -3.89593      1.13819      0.34220      0.79600
     -3.88593      1.29146      0.38015      0.91131
     -3.87593      1.41666      0.47537      0.94129
     -3.86593      1.29427      0.49736      0.79691
     -3.85593      0.90244      0.36693      0.53551
     -3.84593      0.92630      0.32378      0.60252
     -3.83593      1.49217      0.47257      1.01960
     -3.82593      1.72910      0.53316      1.19594
     -3.81593      1.51951      0.48947      1.03004
     -3.80593      1.15375      0.42615      0.72759
     -3.79593      0.71349      0.30492      0.40856
     -3.78593      0.60617      0.27844      0.32773
     -3.77593      1.01543      0.42790      0.58752
     -3.76593      1.59454      0.59364      1.00090
     -3.75593      1.58505      0.54377      1.04127
     -3.74593      1.31782      0.42180      0.89602
     -3.73593      1.28951      0.36551      0.92400
     -3.72593      1.00894      0.25850      0.75044
     -3.71593      0.84037      0.23570      0.60467
     -3.70593      1.45722      0.49435      0.96287
     -3.69593      2.07978      0.73242      1.34736
     -3.68593      1.41752      0.50657      0.91096
     -3.67593      0.66027      0.24719      0.41308
     -3.66593      0.98173      0.33453      0.64720
     -3.65593      2.10007      0.68286      1.41721
     -3.64593      2.98082      0.95086      2.02995
     -3.63593      3.28720      1.04164      2.24556
     -3.62593      3.52256      1.14985      2.37272
     -3.61593      3.46010      1.13118      2.32892
     -3.60593      2.99813      0.94979      2.04834
     -3.59593      3.19334      1.02256      2.17078
     -3.58593      4.34189      1.39489      2.94700
     -3.57593      4.66382      1.47390      3.18992
     -3.56593      3.77146      1.17296      2.59849
     -3.55593      3.22449      0.99384      2.23065
     -3.54593      3.63808      1.15086      2.48722
     -3.53593      3.94970      1.30236      2.64734
     -3.52593      3.90458      1.25809      2.64649
     -3.51593      4.57093      1.39148      3.17945
     -3.50593      5.14631      1.57755      3.56876
     -3.49593      5.29351      1.66289      3.63062
     -3.48593      5.72264      1.79162      3.93102
     -3.47593      6.10317      1.87986      4.22332
     -3.46593      6.96319      2.16054      4.80264
     -3.45593      7.29625      2.27946      5.01679
     -3.44593      5.83300      1.80399      4.02901
     -3.43593      4.81127      1.54886      3.26241
     -3.42593      4.67524      1.59747      3.07777
     -3.41593      4.42850      1.55153      2.87697
     -3.40593      4.60010      1.63932      2.96077
     -3.39593      5.12941      1.88831      3.24110
     -3.38593      5.11550      1.93554      3.17996
     -3.37593      4.84343      1.88216      2.96127
     -3.36593      4.18395      1.63419      2.54976
     -3.35593      3.69930      1.36391      2.33539
     -3.34593      3.94639      1.38901      2.55737
     -3.33593      4.16261      1.45576      2.70685
     -3.32593      3.44723      1.23445      2.21278
     -3.31593      2.58491      0.98119      1.60372
     -3.30593      2.44894      0.96207      1.48687
     -3.29593      2.54708      0.98769      1.55939
     -3.28593      2.52197      0.99522      1.52675
     -3.27593      2.42813      0.98507      1.44306
     -3.26593      2.12438      0.84233      1.28205
     -3.25593      1.73789      0.65841      1.07948
     -3.24593      1.73139      0.68407      1.04732
     -3.23593      2.16613      0.89741      1.26872
     -3.22593      2.52586      1.05712      1.46874
     -3.21593      2.42600      1.01865      1.40735
     -3.20593      2.03519      0.87829      1.15690
     -3.19593      1.94705      0.84443      1.10262
     -3.18593      1.81305      0.75037      1.06268
     -3.17593      1.40181      0.57005      0.83176
     -3.16593      1.50779      0.62826      0.87953
     -3.15593      1.88990      0.77275      1.11715
     -3.14593      1.72092      0.65362      1.06730
     -3.13593      1.65886      0.54394      1.11491
     -3.12593      1.86892      0.60476      1.26416
     -3.11593      1.83254      0.63282      1.19972
     -3.10593      2.02942      0.77904      1.25039
     -3.09593      2.56883      1.01382      1.55501
     -3.08593      2.40115      0.89589      1.50526
     -3.07593      1.72241      0.63730      1.08511
     -3.06593      1.55774      0.60922      0.94852
     -3.05593      1.49848      0.57964      0.91884
     -3.04593      1.26853      0.48388      0.78465
     -3.03593      1.29765      0.53220      0.76545
     -3.02593      1.50391      0.66083      0.84308
     -3.01593      1.75543      0.76685      0.98857
     -3.00593      1.75482      0.75295      1.00186
     -2.99593      1.22115      0.51211      0.70904
     -2.98593      1.03495      0.41587      0.61908
     -2.97593      1.64569      0.64865      0.99704
     -2.96593      2.11714      0.80421      1.31293
     -2.95593      1.88980      0.66733      1.22247
     -2.94593      1.44234      0.50743      0.93490
     -2.93593      1.29538      0.50659      0.78879
     -2.92593      1.27860      0.52130      0.75730
     -2.91593      1.19010      0.46769      0.72241
     -2.90593      1.04545      0.38647      0.65898
     -2.89593      1.20666      0.45793      0.74873
     -2.88593      1.59456      0.66875      0.92580
     -2.87593      1.94181      0.85485      1.08696
     -2.86593      2.00206      0.86407      1.13799
     -2.85593      1.61413      0.63236      0.98176
     -2.84593      1.13510      0.41143      0.72367
     -2.83593      0.69187      0.27550      0.41636
     -2.82593      0.63578      0.29174      0.34404
     -2.81593      1.01325      0.44604      0.56721
     -2.80593      1.18600      0.47668      0.70932
     -2.79593      1.30323      0.46979      0.83344
     -2.78593      1.69728      0.54144      1.15584
     -2.77593      2.01818      0.63068      1.38750
     -2.76593      1.89029      0.63709      1.25320
     -2.75593      1.64143      0.55577      1.08566
     -2.74593      1.64405      0.56351      1.08055
     -2.73593      1.81266      0.69251      1.12015
     -2.72593      2.03113      0.81571      1.21542
     -2.71593      2.02144      0.80969      1.21175
     -2.70593      1.43872      0.59117      0.84755
     -2.69593      1.20638      0.50534      0.70104
     -2.68593      1.46966      0.64486      0.82480
     -2.67593      1.43160      0.68175      0.74985
     -2.66593      0.94812      0.47929      0.46883
     -2.65593      0.89381      0.41098      0.48283
     -2.64593      1.50246      0.63960      0.86287
     -2.63593      1.93875      0.86605      1.07270
     -2.62593      1.50500      0.69576      0.80924
     -2.61593      1.19080      0.51092      0.67988
     -2.60593      1.84613      0.66124      1.18489
     -2.59593      2.49741      0.86172      1.63569
     -2.58593      2.38193      0.89415      1.48778
     -2.57593      2.32784      0.95529      1.37256
     -2.56593      2.28081      0.95361      1.32720
     -2.55593      2.06088      0.86128      1.19960
     -2.54593      2.09483      0.81875      1.27608
     -2.53593      2.03549      0.73551      1.29998
     -2.52593      1.58192      0.54324      1.03868
     -2.51593      1.61776      0.59072      1.02704
     -2.50593      2.09765      0.81834      1.27931
     -2.49593      2.02877      0.81734      1.21144
     -2.48593      1.73679      0.71202      1.02477
     -2.47593      1.94409      0.79593      1.14815
     -2.46593      2.39598      0.95794      1.43804
     -2.45593      2.52675      0.95243      1.57432
     -2.44593      2.30448      0.81102      1.49347
     -2.43593      2.48094      0.78718      1.69377
     -2.42593      3.33289      0.93941      2.39348
     -2.41593      4.07672      1.23182      2.84491
     -2.40593      4.08405      1.36900      2.71505
     -2.39593      3.36815      1.14131      2.22684
     -2.38593      2.90164      0.97934      1.92230
     -2.37593      2.84761      0.98835      1.85926
     -2.36593      2.63919      0.89441      1.74478
     -2.35593      3.11459      0.95031      2.16429
     -2.34593      4.47366      1.24768      3.22597
     -2.33593      5.40080      1.39042      4.01038
     -2.32593      5.92767      1.46072      4.46695
     -2.31593      6.33875      1.54564      4.79310
     -2.30593      6.64062      1.58515      5.05547
     -2.29593      6.44990      1.57254      4.87735
     -2.28593      5.52336      1.45887      4.06449
     -2.27593      4.14904      1.16905      2.97999
     -2.26593      4.07579      1.06742      3.00837
     -2.25593      5.40021      1.30469      4.09553
     -2.24593      5.29188      1.39074      3.90113
     -2.23593      4.44174      1.34049      3.10125
     -2.22593      4.40420      1.34599      3.05820
     -2.21593      4.34717      1.40217      2.94500
     -2.20593      4.05162      1.38428      2.66734
     -2.19593      4.08022      1.23388      2.84634
     -2.18593      4.40177      1.15275      3.24902
     -2.17593      4.37337      1.13586      3.23751
     -2.16593      4.31469      1.19742      3.11727
     -2.15593      4.37361      1.29174      3.08187
     -2.14593      3.75044      1.19632      2.55412
     -2.13593      3.14849      1.04240      2.10609
     -2.12593      3.09377      0.97093      2.12284
     -2.11593      3.87749      1.17804      2.69946
     -2.10593      5.23707      1.45946      3.77761
     -2.09593      6.03293      1.54406      4.48887
     -2.08593      5.93723      1.49645      4.44079
     -2.07593      4.98202      1.28574      3.69628
     -2.06593      3.55408      0.96485      2.58923
     -2.05593      2.18282      0.57665      1.60616
     -2.04593      1.85324      0.48906      1.36418
     -2.03593      2.83683      0.89667      1.94017
     -2.02593      3.66908      1.17289      2.49620
     -2.01593      3.09396      0.86883      2.22513
     -2.00593      2.41645      0.56386      1.85259
     -1.99593      2.33004      0.53657      1.79348
     -1.98593      2.37354      0.57764      1.79591
     -1.97593      2.60299      0.66222      1.94077
     -1.96593      3.14512      0.80504      2.34008
     -1.95593      3.79706      0.95030      2.84676
     -1.94593      3.38169      0.82467      2.55701
     -1.93593      2.41756      0.59072      1.82685
     -1.92593      1.98654      0.49309      1.49345
     -1.91593      1.80012      0.44753      1.35259
     -1.90593      2.24813      0.53651      1.71162
     -1.89593      2.93543      0.62320      2.31223
     -1.88593      3.24888      0.72062      2.52826
     -1.87593      3.15570      0.85985      2.29585
     -1.86593      2.63581      0.82299      1.81282
     -1.85593      2.30617      0.67845      1.62772
     -1.84593      2.30296      0.57745      1.72550
     -1.83593      2.31387      0.45774      1.85614
     -1.82593      2.53288      0.43002      2.10286
     -1.81593      3.01261      0.59360      2.41901
     -1.80593      2.88994      0.69347      2.19647
     -1.79593      2.15110      0.58269      1.56841
     -1.78593      1.89302      0.44511      1.44791
     -1.77593      2.38977      0.42852      1.96125
     -1.76593      3.16706      0.55536      2.61170
     -1.75593      3.41170      0.72717      2.68453
     -1.74593      2.86162      0.68335      2.17827
     -1.73593      1.87793      0.45004      1.42790
     -1.72593      1.65292      0.38924      1.26368
     -1.71593      2.04978      0.44665      1.60313
     -1.70593      2.18663      0.45144      1.73518
     -1.69593      1.91093      0.33925      1.57168
     -1.68593      2.20569      0.33502      1.87067
     -1.67593      2.58363      0.49991      2.08372
     -1.66593      2.39949      0.59135      1.80814
     -1.65593      2.12911      0.50986      1.61926
     -1.64593      2.28964      0.45757      1.83208
     -1.63593      2.75245      0.54266      2.20979
     -1.62593      3.08491      0.61890      2.46602
     -1.61593      2.81736      0.54467      2.27269
     -1.60593      2.12542      0.36947      1.75594
     -1.59593      1.74169      0.26467      1.47701
     -1.58593      1.72649      0.23651      1.48998
     -1.57593      1.85305      0.20884      1.64422
     -1.56593      2.48008      0.29553      2.18455
     -1.55593      3.18483      0.44711      2.73772
     -1.54593      2.94490      0.43760      2.50731
     -1.53593      2.25784      0.31776      1.94008
     -1.52593      2.25459      0.28087      1.97372
     -1.51593      2.73245      0.36138      2.37107
     -1.50593      3.09474      0.41477      2.67997
     -1.49593      3.63584      0.44079      3.19505
     -1.48593      3.99965      0.45717      3.54248
     -1.47593      3.47731      0.39230      3.08501
     -1.46593      2.88436      0.30715      2.57721
     -1.45593      2.64689      0.24901      2.39788
     -1.44593      2.40059      0.21041      2.19018
     -1.43593      2.74173      0.27248      2.46925
     -1.42593      2.71040      0.30592      2.40448
     -1.41593      2.13497      0.22204      1.91293
     -1.40593      2.27214      0.20666      2.06547
     -1.39593      2.85155      0.25910      2.59245
     -1.38593      2.57226      0.22251      2.34975
     -1.37593      1.80592      0.15452      1.65140
     -1.36593      1.30505      0.12709      1.17796
     -1.35593      0.83582      0.10298      0.73284
     -1.34593      0.60708      0.08842      0.51866
     -1.33593      0.62609      0.08934      0.53675
     -1.32593      0.82646      0.11168      0.71478
     -1.31593      0.83455      0.10984      0.72471
     -1.30593      0.48170      0.06223      0.41947
     -1.29593      0.23614      0.02893      0.20721
     -1.28593      0.14443      0.01701      0.12742
     -1.27593      0.04885      0.00572      0.04313
     -1.26593      0.00639      0.00075      0.00565
     -1.25593      0.00031      0.00004      0.00027
     -1.24593      0.00001      0.00000      0.00000
     -1.23593      0.00000      0.00000      0.00000
     -1.22593      0.00000      0.00000      0.00000
     -1.21593      0.00000      0.00000      0.00000
     -1.20593      0.00000      0.00000      0.00000
     -1.19593      0.00000      0.00000      0.00000
     -1.18593      0.00000      0.00000      0.00000
     -1.17593      0.00000      0.00000      0.00000
     -1.16593      0.00000      0.00000      0.00000
     -1.15593      0.00000      0.00000      0.00000
     -1.14593      0.00000      0.00000      0.00000
     -1.13593      0.00000      0.00000      0.00000
     -1.12593      0.00000      0.00000      0.00000
     -1.11593      0.00000      0.00000      0.00000
     -1.10593      0.00000      0.00000      0.00000
     -1.09593      0.00000      0.00000      0.00000
     -1.08593      0.00000      0.00000      0.00000
     -1.07593      0.00000      0.00000      0.00000
     -1.06593      0.00003      0.00002      0.00001
     -1.05593      0.00182      0.00128      0.00054
     -1.04593      0.03651      0.02570      0.01081
     -1.03593      0.28106      0.19779      0.08327
     -1.02593      0.86939      0.61122      0.25817
     -1.01593      1.28053      0.89726      0.38328
     -1.00593      1.24679      0.86763      0.37915
     -0.99593      1.04226      0.72110      0.32116
     -0.98593      1.33963      0.92449      0.41514
     -0.97593      1.96548      1.34889      0.61659
     -0.96593      1.95775      1.33203      0.62572
     -0.95593      1.68763      1.14186      0.54577
     -0.94593      1.58070      1.06592      0.51478
     -0.93593      1.50075      1.02091      0.47984
     -0.92593      1.91961      1.31581      0.60380
     -0.91593      2.64943      1.79138      0.85805
     -0.90593      2.75778      1.84295      0.91483
     -0.89593      2.42741      1.62457      0.80284
     -0.88593      2.51801      1.70745      0.81056
     -0.87593      3.45229      2.35382      1.09846
     -0.86593      4.02284      2.74841      1.27443
     -0.85593      4.28724      2.96634      1.32090
     -0.84593      4.77623      3.31154      1.46469
     -0.83593      4.87057      3.33167      1.53889
     -0.82593      4.47565      3.03269      1.44295
     -0.81593      4.01118      2.71530      1.29588
     -0.80593      3.36572      2.25700      1.10872
     -0.79593      3.22373      2.13321      1.09052
     -0.78593      3.89173      2.57066      1.32107
     -0.77593      3.64426      2.41472      1.22955
     -0.76593      2.91165      1.91691      0.99474
     -0.75593      3.09548      2.02990      1.06559
     -0.74593      3.16820      2.09023      1.07797
     -0.73593      2.38527      1.56717      0.81810
     -0.72593      1.82830      1.17960      0.64870
     -0.71593      2.25534      1.47304      0.78230
     -0.70593      3.29798      2.18347      1.11451
     -0.69593      3.84012      2.52873      1.31139
     -0.68593      2.70203      1.75092      0.95111
     -0.67593      1.74650      1.14016      0.60634
     -0.66593      1.99424      1.32969      0.66455
     -0.65593      2.49472      1.66825      0.82648
     -0.64593      2.43272      1.61540      0.81732
     -0.63593      1.88745      1.22182      0.66563
     -0.62593      1.63212      1.04489      0.58723
     -0.61593      1.61630      1.04386      0.57244
     -0.60593      2.37768      1.57344      0.80424
     -0.59593      3.63856      2.45794      1.18062
     -0.58593      3.19321      2.16046      1.03274
     -0.57593      1.83545      1.21366      0.62178
     -0.56593      1.14809      0.74371      0.40439
     -0.55593      1.24541      0.81866      0.42675
     -0.54593      2.00506      1.34078      0.66428
     -0.53593      2.47771      1.68335      0.79437
     -0.52593      2.24544      1.51753      0.72791
     -0.51593      1.80849      1.19065      0.61784
     -0.50593      1.49840      0.97873      0.51967
     -0.49593      1.37466      0.91929      0.45537
     -0.48593      1.97859      1.36246      0.61612
     -0.47593      2.85422      1.98897      0.86525
     -0.46593      2.47078      1.72848      0.74231
     -0.45593      1.39807      0.96566      0.43241
     -0.44593      1.29594      0.87258      0.42336
     -0.43593      1.71252      1.15061      0.56191
     -0.42593      1.84929      1.25202      0.59727
     -0.41593      1.83472      1.26405      0.57067
     -0.40593      1.63830      1.14859      0.48971
     -0.39593      1.40732      0.98366      0.42366
     -0.38593      1.27097      0.87555      0.39543
     -0.37593      1.41645      0.97500      0.44145
     -0.36593      1.68360      1.16726      0.51634
     -0.35593      1.77159      1.24454      0.52705
     -0.34593      1.76869      1.26515      0.50355
     -0.33593      1.79654      1.29001      0.50653
     -0.32593      1.93385      1.35536      0.57849
     -0.31593      1.72459      1.18341      0.54117
     -0.30593      0.96337      0.65860      0.30476
     -0.29593      0.87623      0.61372      0.26251
     -0.28593      1.39579      0.98340      0.41239
     -0.27593      1.66081      1.17230      0.48851
     -0.26593      1.58838      1.12399      0.46438
     -0.25593      1.26763      0.88188      0.38575
     -0.24593      1.26871      0.86485      0.40386
     -0.23593      1.41090      0.97022      0.44068
     -0.22593      1.34543      0.94661      0.39881
     -0.21593      1.49455      1.07231      0.42225
     -0.20593      1.78490      1.28183      0.50307
     -0.19593      1.67377      1.17907      0.49470
     -0.18593      1.40100      0.95610      0.44489
     -0.17593      1.08713      0.72824      0.35890
     -0.16593      1.13530      0.77499      0.36032
     -0.15593      1.48532      1.03242      0.45289
     -0.14593      1.49630      1.02994      0.46637
     -0.13593      1.23491      0.83557      0.39934
     -0.12593      1.22978      0.83315      0.39663
     -0.11593      1.27964      0.88580      0.39384
     -0.10593      1.24163      0.90165      0.33998
     -0.09593      0.95215      0.72325      0.22890
     -0.08593      0.46570      0.36306      0.10264
     -0.07593      0.22302      0.17611      0.04690
     -0.06593      0.33995      0.26951      0.07044
     -0.05593      0.46574      0.36977      0.09597
     -0.04593      0.43653      0.34724      0.08930
     -0.03593      0.46702      0.37227      0.09475
     -0.02593      0.48395      0.38646      0.09749
     -0.01593      0.38732      0.30981      0.07751
     -0.00593      0.25458      0.20399      0.05059
      0.00407      0.13494      0.10823      0.02670
      0.01407      0.03677      0.02950      0.00727
      0.02407      0.00397      0.00318      0.00078
      0.03407      0.00016      0.00013      0.00003
      0.04407      0.00000      0.00000      0.00000
      0.05407      0.00000      0.00000      0.00000
      0.06407      0.00000      0.00000      0.00000
      0.07407      0.00000      0.00000      0.00000
      0.08407      0.00000      0.00000      0.00000
      0.09407      0.00000      0.00000      0.00000
      0.10407      0.00000      0.00000      0.00000
      0.11407      0.00000      0.00000      0.00000
      0.12407      0.00000      0.00000      0.00000
      0.13407      0.00000      0.00000      0.00000
      0.14407      0.00000      0.00000      0.00000
      0.15407      0.00000      0.00000      0.00000
      0.16407      0.00000      0.00000      0.00000
      0.17407      0.00000      0.00000      0.00000
      0.18407      0.00000      0.00000      0.00000
      0.19407      0.00000      0.00000      0.00000
      0.20407      0.00000      0.00000      0.00000
      0.21407      0.00000      0.00000      0.00000
      0.22407      0.00000      0.00000      0.00000
      0.23407      0.00000      0.00000      0.00000
      0.24407      0.00000      0.00000      0.00000
      0.25407      0.00000      0.00000      0.00000
      0.26407      0.00000      0.00000      0.00000
      0.27407      0.00000      0.00000      0.00000
      0.28407      0.00000      0.00000      0.00000
      0.29407      0.00000      0.00000      0.00000
      0.30407      0.00000      0.00000      0.00000
      0.31407      0.00000      0.00000      0.00000
      0.32407      0.00000      0.00000      0.00000
      0.33407      0.00000      0.00000      0.00000
      0.34407      0.00000      0.00000      0.00000
      0.35407      0.00000      0.00000      0.00000
      0.36407      0.00000      0.00000      0.00000
      0.37407      0.00000      0.00000      0.00000
      0.38407      0.00000      0.00000      0.00000
      0.39407      0.00000      0.00000      0.00000
      0.40407      0.00000      0.00000      0.00000
      0.41407      0.00000      0.00000      0.00000
      0.42407      0.00000      0.00000      0.00000
      0.43407      0.00000      0.00000      0.00000
      0.44407      0.00000      0.00000      0.00000
      0.45407      0.00000      0.00000      0.00000
      0.46407      0.00000      0.00000      0.00000
      0.47407      0.00000      0.00000      0.00000
      0.48407      0.00000      0.00000      0.00000
      0.49407      0.00000      0.00000      0.00000
      0.50407      0.00000      0.00000      0.00000
      0.51407      0.00000      0.00000      0.00000
      0.52407      0.00000      0.00000      0.00000
      0.53407      0.00000      0.00000      0.00000
      0.54407      0.00000      0.00000      0.00000
      0.55407      0.00000      0.00000      0.00000
      0.56407      0.00000      0.00000      0.00000
      0.57407      0.00000      0.00000      0.00000
      0.58407      0.00000      0.00000      0.00000
      0.59407      0.00000      0.00000      0.00000
      0.60407      0.00000      0.00000      0.00000
      0.61407      0.00000      0.00000      0.00000
      0.62407      0.00000      0.00000      0.00000
      0.63407      0.00000      0.00000      0.00000
      0.64407      0.00000      0.00000      0.00000
      0.65407      0.00000      0.00000      0.00000
      0.66407      0.00000      0.00000      0.00000
      0.67407      0.00000      0.00000      0.00000
      0.68407      0.00000      0.00000      0.00000
      0.69407      0.00000      0.00000      0.00000
      0.70407      0.00000      0.00000      0.00000
      0.71407      0.00000      0.00000      0.00000
      0.72407      0.00000      0.00000      0.00000
      0.73407      0.00000      0.00000      0.00000
      0.74407      0.00000      0.00000      0.00000
      0.75407      0.00000      0.00000      0.00000
      0.76407      0.00000      0.00000      0.00000
      0.77407      0.00000      0.00000      0.00000
      0.78407      0.00000      0.00000      0.00000
      0.79407      0.00000      0.00000      0.00000
      0.80407      0.00000      0.00000      0.00000
      0.81407      0.00000      0.00000      0.00000
      0.82407      0.00000      0.00000      0.00000
      0.83407      0.00000      0.00000      0.00000
      0.84407      0.00000      0.00000      0.00000
      0.85407      0.00000      0.00000      0.00000
      0.86407      0.00000      0.00000      0.00000
      0.87407      0.00000      0.00000      0.00000
      0.88407      0.00000      0.00000      0.00000
      0.89407      0.00000      0.00000      0.00000
      0.90407      0.00000      0.00000      0.00000
      0.91407      0.00000      0.00000      0.00000
      0.92407      0.00000      0.00000      0.00000
      0.93407      0.00000      0.00000      0.00000
      0.94407      0.00000      0.00000      0.00000
      0.95407      0.00000      0.00000      0.00000
      0.96407      0.00000      0.00000      0.00000
      0.97407      0.00000      0.00000      0.00000
      0.98407      0.00000      0.00000      0.00000
      0.99407      0.00000      0.00000      0.00000
      1.00407      0.00000      0.00000      0.00000
      1.01407      0.00000      0.00000      0.00000
      1.02407      0.00000      0.00000      0.00000
      1.03407      0.00000      0.00000      0.00000
      1.04407      0.00000      0.00000      0.00000
      1.05407      0.00000      0.00000      0.00000
      1.06407      0.00000      0.00000      0.00000
      1.07407      0.00000      0.00000      0.00000
      1.08407      0.00000      0.00000      0.00000
      1.09407      0.00000      0.00000      0.00000
      1.10407      0.00000      0.00000      0.00000
      1.11407      0.00000      0.00000      0.00000
      1.12407      0.00000      0.00000      0.00000
      1.13407      0.00000      0.00000      0.00000
      1.14407      0.00000      0.00000      0.00000
      1.15407      0.00000      0.00000      0.00000
      1.16407      0.00000      0.00000      0.00000
      1.17407      0.00000      0.00000      0.00000
      1.18407      0.00000      0.00000      0.00000
      1.19407      0.00000      0.00000      0.00000
      1.20407      0.00000      0.00000      0.00000
      1.21407      0.00000      0.00000      0.00000
      1.22407      0.00000      0.00000      0.00000
      1.23407      0.00000      0.00000      0.00000
      1.24407      0.00000      0.00000      0.00000
      1.25407      0.00000      0.00000      0.00000
      1.26407      0.00000      0.00000      0.00000
      1.27407      0.00000      0.00000      0.00000
      1.28407      0.00000      0.00000      0.00000
      1.29407      0.00000      0.00000      0.00000
      1.30407      0.00000      0.00000      0.00000
      1.31407      0.00000      0.00000      0.00000
      1.32407      0.00000      0.00000      0.00000
      1.33407      0.00000      0.00000      0.00000
      1.34407      0.00000      0.00000      0.00000
      1.35407      0.00000      0.00000      0.00000
      1.36407      0.00000      0.00000      0.00000
      1.37407      0.00000      0.00000      0.00000
      1.38407      0.00000      0.00000      0.00000
      1.39407      0.00000      0.00000      0.00000
      1.40407      0.00000      0.00000      0.00000
      1.41407      0.00000      0.00000      0.00000
      1.42407      0.00000      0.00000      0.00000
      1.43407      0.00000      0.00000      0.00000
      1.44407      0.00000      0.00000      0.00000
      1.45407      0.00000      0.00000      0.00000
      1.46407      0.00000      0.00000      0.00000
      1.47407      0.00000      0.00000      0.00000
      1.48407      0.00000      0.00000      0.00000
      1.49407      0.00000      0.00000      0.00000
      1.50407      0.00000      0.00000      0.00000
      1.51407      0.00000      0.00000      0.00000
      1.52407      0.00000      0.00000      0.00000
      1.53407      0.00000      0.00000      0.00000
      1.54407      0.00000      0.00000      0.00000
      1.55407      0.00000      0.00000      0.00000
      1.56407      0.00000      0.00000      0.00000
      1.57407      0.00000      0.00000      0.00000
      1.58407      0.00000      0.00000      0.00000
      1.59407      0.00000      0.00000      0.00000
      1.60407      0.00000      0.00000      0.00000
      1.61407      0.00000      0.00000      0.00000
      1.62407      0.00000      0.00000      0.00000
      1.63407      0.00000      0.00000      0.00000
      1.64407      0.00000      0.00000      0.00000
      1.65407      0.00000      0.00000      0.00000
      1.66407      0.00000      0.00000      0.00000
      1.67407      0.00000      0.00000      0.00000
      1.68407      0.00000      0.00000      0.00000
      1.69407      0.00000      0.00000      0.00000
      1.70407      0.00000      0.00000      0.00000
      1.71407      0.00000      0.00000      0.00000
      1.72407      0.00000      0.00000      0.00000
      1.73407      0.00000      0.00000      0.00000
      1.74407      0.00000      0.00000      0.00000
      1.75407      0.00000      0.00000      0.00000
      1.76407      0.00000      0.00000      0.00000
      1.77407      0.00000      0.00000      0.00000
      1.78407      0.00000      0.00000      0.00000
      1.79407      0.00000      0.00000      0.00000
      1.80407      0.00000      0.00000      0.00000
      1.81407      0.00000      0.00000      0.00000
      1.82407      0.00000      0.00000      0.00000
      1.83407      0.00000      0.00000      0.00000
      1.84407      0.00000      0.00000      0.00000
      1.85407      0.00000      0.00000      0.00000
      1.86407      0.00000      0.00000      0.00000
      1.87407      0.00000      0.00000      0.00000
      1.88407      0.00000      0.00000      0.00000
      1.89407      0.00000      0.00000      0.00000
      1.90407      0.00000      0.00000      0.00000
      1.91407      0.00000      0.00000      0.00000
      1.92407      0.00000      0.00000      0.00000
      1.93407      0.00000      0.00000      0.00000
      1.94407      0.00000      0.00000      0.00000
      1.95407      0.00000      0.00000      0.00000
      1.96407      0.00000      0.00000      0.00000
      1.97407      0.00000      0.00000      0.00000
      1.98407      0.00000      0.00000      0.00000
      1.99407      0.00000      0.00000      0.00000
      2.00407      0.00000      0.00000      0.00000
      2.01407      0.00000      0.00000      0.00000
      2.02407      0.00000      0.00000      0.00000
      2.03407      0.00000      0.00000      0.00000
      2.04407      0.00000      0.00000      0.00000
      2.05407      0.00000      0.00000      0.00000
      2.06407      0.00000      0.00000      0.00000
      2.07407      0.00000      0.00000      0.00000
      2.08407      0.00000      0.00000      0.00000
      2.09407      0.00000      0.00000      0.00000
      2.10407      0.00000      0.00000      0.00000
      2.11407      0.00000      0.00000      0.00000
      2.12407      0.00000      0.00000      0.00000
      2.13407      0.00000      0.00000      0.00000
      2.14407      0.00000      0.00000      0.00000
      2.15407      0.00000      0.00000      0.00000
      2.16407      0.00000      0.00000      0.00000
      2.17407      0.00000      0.00000      0.00000
      2.18407      0.00000      0.00000      0.00000
      2.19407      0.00000      0.00000      0.00000
      2.20407      0.00000      0.00000      0.00000
      2.21407      0.00000      0.00000      0.00000
      2.22407      0.00000      0.00000      0.00000
      2.23407      0.00000      0.00000      0.00000
      2.24407      0.00000      0.00000      0.00000
      2.25407      0.00000      0.00000      0.00000
      2.26407      0.00000      0.00000      0.00000
      2.27407      0.00000      0.00000      0.00000
      2.28407      0.00000      0.00000      0.00000
      2.29407      0.00000      0.00000      0.00000
      2.30407      0.00000      0.00000      0.00000
      2.31407      0.00000      0.00000      0.00000
      2.32407      0.00000      0.00000      0.00000
      2.33407      0.00000      0.00000      0.00000
      2.34407      0.00000      0.00000      0.00000
      2.35407      0.00000      0.00000      0.00000
      2.36407      0.00000      0.00000      0.00000
      2.37407      0.00000      0.00000      0.00000
      2.38407      0.00000      0.00000      0.00000
      2.39407      0.00009      0.00008      0.00002
      2.40407      0.00270      0.00227      0.00043
      2.41407      0.02863      0.02403      0.00460
      2.42407      0.11798      0.09903      0.01895
      2.43407      0.23499      0.19721      0.03777
      2.44407      0.35644      0.29909      0.05735
      2.45407      0.45320      0.38031      0.07290
      2.46407      0.46654      0.39153      0.07500
      2.47407      0.44464      0.37299      0.07165
      2.48407      0.44573      0.37375      0.07199
      2.49407      0.37089      0.31107      0.05981
      2.50407      0.28885      0.24195      0.04690
      2.51407      0.40469      0.33815      0.06654
      2.52407      0.60244      0.50367      0.09877
      2.53407      0.68843      0.57658      0.11185
      2.54407      0.60710      0.50892      0.09818
      2.55407      0.53355      0.44648      0.08707
      2.56407      0.43328      0.36159      0.07169
      2.57407      0.38053      0.31729      0.06323
      2.58407      0.57950      0.48407      0.09544
      2.59407      0.55428      0.46280      0.09148
      2.60407      0.36793      0.29573      0.07221
      2.61407      0.74169      0.53548      0.20621
      2.62407      1.72621      1.15258      0.57363
      2.63407      2.70727      1.71514      0.99214
      2.64407      2.98426      1.84272      1.14154
      2.65407      2.63627      1.57096      1.06531
      2.66407      2.61932      1.54108      1.07824
      2.67407      3.22619      1.92910      1.29709
      2.68407      3.31163      1.94104      1.37059
      2.69407      2.90910      1.70320      1.20590
      2.70407      2.82961      1.71592      1.11369
      2.71407      2.89423      1.76249      1.13174
      2.72407      3.78751      2.29880      1.48871
      2.73407      4.43390      2.71773      1.71617
      2.74407      4.05936      2.49750      1.56186
      2.75407      3.90013      2.38058      1.51955
      2.76407      4.00750      2.44607      1.56143
      2.77407      3.97689      2.46715      1.50974
      2.78407      3.86639      2.38475      1.48164
      2.79407      4.22949      2.52139      1.70811
      2.80407      5.90792      3.55807      2.34986
      2.81407      7.08983      4.34765      2.74218
      2.82407      6.98177      4.32396      2.65781
      2.83407      6.75957      4.25205      2.50752
      2.84407      6.84933      4.36081      2.48853
      2.85407      6.60107      4.25726      2.34381
      2.86407      6.07207      4.00875      2.06332
      2.87407      5.47324      3.67296      1.80028
      2.88407      5.36844      3.67309      1.69535
      2.89407      6.10165      4.18357      1.91808
      2.90407      7.01205      4.81945      2.19260
      2.91407      7.11995      5.09065      2.02930
      2.92407      6.29753      4.80615      1.49138
      2.93407      6.09285      4.85173      1.24112
      2.94407      6.35867      5.11849      1.24018
      2.95407      6.74920      5.48402      1.26517
      2.96407      6.47297      5.19832      1.27465
      2.97407      4.20864      3.22338      0.98525
      2.98407      1.95307      1.30929      0.64377
      2.99407      1.43969      0.81154      0.62815
      3.00407      1.78526      0.99093      0.79433
      3.01407      1.92205      1.03628      0.88577
      3.02407      2.19508      1.14984      1.04523
      3.03407      2.39945      1.30843      1.09103
      3.04407      2.42078      1.41871      1.00207
      3.05407      2.70526      1.63066      1.07460
      3.06407      2.72183      1.61391      1.10791
      3.07407      2.91896      1.69295      1.22601
      3.08407      3.52951      2.07014      1.45937
      3.09407      4.20571      2.46775      1.73797
      3.10407      4.58254      2.66818      1.91436
      3.11407      5.22625      3.10019      2.12605
      3.12407      6.31511      3.81831      2.49680
      3.13407      6.39811      3.88441      2.51370
      3.14407      5.41992      3.32403      2.09590
      3.15407      4.82085      2.96373      1.85711
      3.16407      4.88775      3.00253      1.88522
      3.17407      4.45484      2.76171      1.69313
      3.18407      3.81870      2.42384      1.39486
      3.19407      3.96092      2.63882      1.32210
      3.20407      4.17256      2.89696      1.27560
      3.21407      3.82517      2.64838      1.17679
      3.22407      3.90459      2.53399      1.37059
      3.23407      4.22507      2.71679      1.50828
      3.24407      3.68592      2.56061      1.12532
      3.25407      2.81359      1.98843      0.82516
      3.26407      2.72411      1.80442      0.91969
      3.27407      3.66994      2.49024      1.17970
      3.28407      4.46202      3.05839      1.40363
      3.29407      4.95561      3.24804      1.70757
      3.30407      5.53117      3.52823      2.00294
      3.31407      5.68285      3.61020      2.07265
      3.32407      5.35219      3.35736      1.99483
      3.33407      4.87806      3.02068      1.85738
      3.34407      5.30664      3.33312      1.97352
      3.35407      6.81585      4.39309      2.42277
      3.36407      6.85061      4.48127      2.36934
      3.37407      5.51205      3.59215      1.91990
      3.38407      5.08650      3.21150      1.87501
      3.39407      5.71087      3.54014      2.17073
      3.40407      6.31655      3.99818      2.31837
      3.41407      5.50121      3.55389      1.94732
      3.42407      3.88099      2.45185      1.42914
      3.43407      3.05014      1.78730      1.26283
      3.44407      3.35529      1.87939      1.47589
      3.45407      3.53294      2.07954      1.45340
      3.46407      3.40504      2.09968      1.30536
      3.47407      3.48245      2.14077      1.34168
      3.48407      3.18202      1.91498      1.26703
      3.49407      2.71180      1.53916      1.17264
      3.50407      2.84706      1.60485      1.24221
      3.51407      3.61567      2.16362      1.45206
      3.52407      4.03363      2.41508      1.61854
      3.53407      3.41467      1.94529      1.46939
      3.54407      3.15754      1.78681      1.37073
      3.55407      3.28345      1.99547      1.28798
      3.56407      3.06548      1.92880      1.13669
      3.57407      2.60642      1.55489      1.05153
      3.58407      2.58812      1.39436      1.19376
      3.59407      2.56403      1.33988      1.22415
      3.60407      2.36461      1.29766      1.06694
      3.61407      2.31985      1.35452      0.96533
      3.62407      1.84827      1.12438      0.72389
      3.63407      1.48061      0.97275      0.50785
      3.64407      1.79480      1.19567      0.59913
      3.65407      2.24381      1.39735      0.84646
      3.66407      3.11386      1.85500      1.25886
      3.67407      3.42002      2.03918      1.38084
      3.68407      2.42719      1.45585      0.97134
      3.69407      1.67110      1.02278      0.64832
      3.70407      1.69169      1.08401      0.60769
      3.71407      2.25951      1.47955      0.77996
      3.72407      2.44187      1.54118      0.90069
      3.73407      1.68945      1.00980      0.67965
      3.74407      1.37294      0.81004      0.56290
      3.75407      2.05207      1.21621      0.83585
      3.76407      2.47089      1.44092      1.02997
      3.77407      2.35613      1.36494      0.99119
      3.78407      2.00681      1.16543      0.84138
      3.79407      1.97528      1.14830      0.82698
      3.80407      2.06240      1.15044      0.91197
      3.81407      2.50529      1.33067      1.17462
      3.82407      3.50114      1.87466      1.62648
      3.83407      4.79373      2.61096      2.18277
      3.84407      5.24326      2.88122      2.36204
      3.85407      5.09187      2.76767      2.32421
      3.86407      5.19026      2.78435      2.40591
      3.87407      3.90798      2.11592      1.79206
      3.88407      2.59095      1.38547      1.20548
      3.89407      2.76385      1.39271      1.37113
      3.90407      3.33317      1.68379      1.64937
      3.91407      3.62359      1.91708      1.70652
      3.92407      3.63883      1.95481      1.68402
      3.93407      3.16649      1.65582      1.51067
      3.94407      2.30655      1.20883      1.09772
      3.95407      1.96490      1.07125      0.89365
      3.96407      2.31155      1.26817      1.04337
      3.97407      2.82060      1.55488      1.26571
      3.98407      2.96566      1.62036      1.34529
      3.99407      2.62835      1.41737      1.21097
      4.00407      2.69418      1.45207      1.24210
      4.01407      3.15937      1.71970      1.43968
      4.02407      2.60250      1.42636      1.17614
      4.03407      1.89170      1.02760      0.86410
      4.04407      2.11293      1.10428      1.00865
      4.05407      2.52664      1.27125      1.25540
      4.06407      2.18163      1.08814      1.09348
      4.07407      1.73915      0.87943      0.85972
      4.08407      1.70902      0.85729      0.85172
      4.09407      1.75308      0.87718      0.87590
      4.10407      1.60172      0.81071      0.79101
      4.11407      1.37866      0.68567      0.69299
      4.12407      1.35157      0.65158      0.69999
      4.13407      1.49717      0.70852      0.78864
      4.14407      1.35605      0.64954      0.70652
      4.15407      1.25795      0.62696      0.63099
      4.16407      1.74557      0.87679      0.86879
      4.17407      2.33899      1.18238      1.15662
      4.18407      2.63133      1.33984      1.29149
      4.19407      1.87093      0.94211      0.92883
      4.20407      1.11784      0.52424      0.59361
      4.21407      1.46287      0.64530      0.81756
      4.22407      1.74270      0.78745      0.95525
      4.23407      1.62168      0.77228      0.84940
      4.24407      1.42744      0.69511      0.73233
      4.25407      1.21962      0.60053      0.61908
      4.26407      1.28956      0.64564      0.64392
      4.27407      1.41235      0.69776      0.71459
      4.28407      1.30270      0.62668      0.67602
      4.29407      1.33517      0.62483      0.71035
      4.30407      1.37398      0.64704      0.72694
      4.31407      1.45724      0.70610      0.75114
      4.32407      1.59686      0.79215      0.80471
      4.33407      1.68270      0.85384      0.82885
      4.34407      1.64517      0.83342      0.81175
      4.35407      1.30934      0.64076      0.66858
      4.36407      1.68629      0.78511      0.90118
      4.37407      2.55681      1.17431      1.38250
      4.38407      2.34396      1.08085      1.26312
      4.39407      1.29158      0.60575      0.68583
      4.40407      0.86015      0.42233      0.43781
      4.41407      1.02021      0.50850      0.51170
      4.42407      1.01824      0.50127      0.51697
      4.43407      1.08219      0.51910      0.56310
      4.44407      1.48369      0.70093      0.78277
      4.45407      1.86648      0.88362      0.98286
      4.46407      1.94223      0.93556      1.00667
      4.47407      1.76829      0.87383      0.89446
      4.48407      1.26019      0.63066      0.62953
      4.49407      0.84079      0.41340      0.42739
      4.50407      1.29767      0.61043      0.68724
      4.51407      2.01288      0.93167      1.08121
      4.52407      2.34918      1.09490      1.25428
      4.53407      2.52161      1.19226      1.32934
      4.54407      2.05183      0.97758      1.07426
      4.55407      1.16216      0.55892      0.60324
      4.56407      1.10157      0.53141      0.57016
      4.57407      1.60327      0.76713      0.83614
      4.58407      1.82298      0.87437      0.94861
      4.59407      1.73140      0.83873      0.89267
      4.60407      1.58052      0.76598      0.81454
      4.61407      1.73300      0.83033      0.90267
      4.62407      2.44797      1.16450      1.28348
      4.63407      2.72842      1.29260      1.43582
      4.64407      2.23126      1.06029      1.17097
      4.65407      1.82694      0.87415      0.95279
      4.66407      1.60604      0.76825      0.83779
      4.67407      1.99731      0.95354      1.04377
      4.68407      2.29912      1.09728      1.20183
      4.69407      1.44983      0.69132      0.75851
      4.70407      0.67832      0.31959      0.35872
      4.71407      0.72894      0.33695      0.39199
      4.72407      1.18670      0.54639      0.64030
      4.73407      1.44371      0.66756      0.77615
      4.74407      1.29224      0.60144      0.69080
      4.75407      1.18525      0.55353      0.63172
      4.76407      1.29452      0.60158      0.69294
      4.77407      1.34821      0.62366      0.72455
      4.78407      1.33831      0.62018      0.71813
      4.79407      1.92872      0.89792      1.03081
      4.80407      2.81038      1.30930      1.50107
      4.81407      2.72717      1.27119      1.45598
      4.82407      2.12800      0.99306      1.13494
      4.83407      2.16716      1.01376      1.15340
      4.84407      2.51401      1.17508      1.33893
      4.85407      3.48397      1.62586      1.85811
      4.86407      4.64094      2.17300      2.46794
      4.87407      5.11020      2.39493      2.71528
      4.88407      5.37066      2.51442      2.85624
      4.89407      5.37186      2.52258      2.84928
      4.90407      5.11303      2.41486      2.69817
      4.91407      4.54926      2.16667      2.38260
      4.92407      4.03528      1.93105      2.10423
      4.93407      3.41398      1.63737      1.77661
      4.94407      2.69001      1.30782      1.38219
      4.95407      2.49857      1.23173      1.26684
      4.96407      2.24490      1.11372      1.13119
      4.97407      1.97723      0.99570      0.98153
      4.98407      2.18643      1.11632      1.07011
      4.99407      2.47468      1.26411      1.21056
      5.00407      2.37459      1.21172      1.16286
      5.01407      2.09502      1.07137      1.02365
      5.02407      2.07543      1.06443      1.01100
      5.03407      2.08956      1.07633      1.01323
      5.04407      1.77283      0.92220      0.85063
      5.05407      1.54721      0.81196      0.73525
      5.06407      1.67746      0.87967      0.79779
      5.07407      1.67147      0.87427      0.79720
      5.08407      1.35296      0.70926      0.64369
      5.09407      1.49506      0.79883      0.69623
      5.10407      2.63435      1.42592      1.20843
      5.11407      2.92246      1.58412      1.33834
      5.12407      1.66662      0.90098      0.76564
      5.13407      1.00905      0.54394      0.46511
      5.14407      1.13559      0.61561      0.51999
      5.15407      1.34373      0.73740      0.60633
      5.16407      1.53740      0.85259      0.68481
      5.17407      1.36523      0.75887      0.60636
      5.18407      1.14227      0.63497      0.50730
      5.19407      1.27606      0.71219      0.56387
      5.20407      1.38776      0.78101      0.60676
      5.21407      1.60866      0.91543      0.69323
      5.22407      1.84589      1.05515      0.79074
      5.23407      1.31057      0.74927      0.56130
      5.24407      0.77790      0.44566      0.33224
      5.25407      0.93859      0.54023      0.39835
      5.26407      1.11515      0.64468      0.47048
      5.27407      1.08232      0.62935      0.45297
      5.28407      0.93936      0.54869      0.39067
      5.29407      0.83164      0.48725      0.34439
      5.30407      0.93688      0.55155      0.38533
      5.31407      1.27032      0.75111      0.51921
      5.32407      1.39144      0.82520      0.56624
      5.33407      0.99870      0.59390      0.40480
      5.34407      0.72005      0.42997      0.29008
      5.35407      0.74102      0.44377      0.29726
      5.36407      0.73699      0.44317      0.29381
      5.37407      0.88426      0.53369      0.35057
      5.38407      0.92824      0.56156      0.36667
      5.39407      0.88170      0.53517      0.34654
      5.40407      0.88911      0.54160      0.34750
      5.41407      0.84236      0.51446      0.32790
      5.42407      0.74327      0.45534      0.28792
      5.43407      0.75029      0.46111      0.28919
      5.44407      0.74283      0.45780      0.28503
      5.45407      0.76053      0.47019      0.29034
      5.46407      0.76265      0.47266      0.28999
      5.47407      0.62015      0.38514      0.23501
      5.48407      0.35652      0.22175      0.13477
      5.49407      0.11622      0.07235      0.04387
      5.50407      0.01783      0.01110      0.00672
      5.51407      0.00114      0.00071      0.00043
      5.52407      0.00003      0.00002      0.00001
      5.53407      0.00000      0.00000      0.00000
      5.54407      0.00000      0.00000      0.00000
      5.55407      0.00000      0.00000      0.00000
      5.56407      0.00000      0.00000      0.00000
      5.57407      0.00000      0.00000      0.00000
      5.58407      0.00000      0.00000      0.00000
      5.59407      0.00000      0.00000      0.00000
      5.60407      0.00000      0.00000      0.00000
      5.61407      0.00000      0.00000      0.00000
      5.62407      0.00000      0.00000      0.00000
      5.63407      0.00000      0.00000      0.00000
      5.64407      0.00000      0.00000      0.00000
      5.65407      0.00000      0.00000      0.00000
      5.66407      0.00000      0.00000      0.00000
      5.67407      0.00000      0.00000      0.00000
      5.68407      0.00000      0.00000      0.00000
      5.69407      0.00000      0.00000      0.00000
      5.70407      0.00000      0.00000      0.00000
      5.71407      0.00000      0.00000      0.00000
      5.72407      0.00000      0.00000      0.00000
      5.73407      0.00000      0.00000      0.00000
      5.74407      0.00000      0.00000      0.00000
      5.75407      0.00000      0.00000      0.00000
      5.76407      0.00000      0.00000      0.00000
      5.77407      0.00000      0.00000      0.00000
      5.78407      0.00000      0.00000      0.00000
      5.79407      0.00000      0.00000      0.00000
      5.80407      0.00000      0.00000      0.00000
      5.81407      0.00000      0.00000      0.00000
      5.82407      0.00000      0.00000      0.00000
      5.83407      0.00000      0.00000      0.00000
      5.84407      0.00000      0.00000      0.00000
      5.85407      0.00000      0.00000      0.00000
      5.86407      0.00000      0.00000      0.00000
      5.87407      0.00000      0.00000      0.00000
      5.88407      0.00000      0.00000      0.00000
      5.89407      0.00000      0.00000      0.00000
      5.90407      0.00000      0.00000      0.00000
      5.91407      0.00000      0.00000      0.00000
      5.92407      0.00000      0.00000      0.00000
      5.93407      0.00000      0.00000      0.00000
      5.94407      0.00000      0.00000      0.00000
      5.95407      0.00000      0.00000      0.00000
      5.96407      0.00000      0.00000      0.00000
      5.97407      0.00000      0.00000      0.00000
      5.98407      0.00000      0.00000      0.00000
      5.99407      0.00000      0.00000      0.00000
      6.00407      0.00000      0.00000      0.00000
      6.01407      0.00000      0.00000      0.00000
      6.02407      0.00000      0.00000      0.00000
      6.03407      0.00000      0.00000      0.00000
      6.04407      0.00000      0.00000      0.00000
      6.05407      0.00000      0.00000      0.00000
      6.06407      0.00000      0.00000      0.00000
      6.07407      0.00000      0.00000      0.00000
      6.08407      0.00000      0.00000      0.00000
      6.09407      0.00000      0.00000      0.00000
      6.10407      0.00000      0.00000      0.00000
      6.11407      0.00000      0.00000      0.00000
      6.12407      0.00000      0.00000      0.00000
      6.13407      0.00000      0.00000      0.00000
      6.14407      0.00000      0.00000      0.00000
      6.15407      0.00000      0.00000      0.00000
      6.16407      0.00000      0.00000      0.00000
      6.17407      0.00000      0.00000      0.00000
      6.18407      0.00000      0.00000      0.00000
      6.19407      0.00000      0.00000      0.00000
      6.20407      0.00000      0.00000      0.00000
      6.21407      0.00000      0.00000      0.00000
      6.22407      0.00000      0.00000      0.00000
      6.23407      0.00000      0.00000      0.00000
      6.24407      0.00000      0.00000      0.00000
      6.25407      0.00000      0.00000      0.00000
      6.26407      0.00000      0.00000      0.00000
      6.27407      0.00000      0.00000      0.00000
      6.28407      0.00000      0.00000      0.00000
      6.29407      0.00000      0.00000      0.00000
      6.30407      0.00000      0.00000      0.00000
      6.31407      0.00000      0.00000      0.00000
      6.32407      0.00000      0.00000      0.00000
      6.33407      0.00000      0.00000      0.00000
      6.34407      0.00000      0.00000      0.00000
      6.35407      0.00000      0.00000      0.00000
      6.36407      0.00000      0.00000      0.00000
      6.37407      0.00000      0.00000      0.00000
      6.38407      0.00000      0.00000      0.00000
      6.39407      0.00000      0.00000      0.00000
      6.40407      0.00000      0.00000      0.00000
      6.41407      0.00000      0.00000      0.00000
      6.42407      0.00000      0.00000      0.00000
      6.43407      0.00000      0.00000      0.00000
      6.44407      0.00000      0.00000      0.00000
      6.45407      0.00000      0.00000      0.00000
      6.46407      0.00000      0.00000      0.00000
      6.47407      0.00000      0.00000      0.00000
      6.48407      0.00000      0.00000      0.00000
      6.49407      0.00000      0.00000      0.00000
      6.50407      0.00000      0.00000      0.00000
      6.51407      0.00000      0.00000      0.00000
      6.52407      0.00000      0.00000      0.00000
      6.53407      0.00000      0.00000      0.00000
      6.54407      0.00000      0.00000      0.00000
      6.55407      0.00000      0.00000      0.00000
      6.56407      0.00000      0.00000      0.00000
      6.57407      0.00000      0.00000      0.00000
      6.58407      0.00000      0.00000      0.00000
      6.59407      0.00000      0.00000      0.00000
      6.60407      0.00000      0.00000      0.00000
      6.61407      0.00000      0.00000      0.00000
      6.62407      0.00000      0.00000      0.00000
      6.63407      0.00000      0.00000      0.00000
      6.64407      0.00000      0.00000      0.00000
      6.65407      0.00000      0.00000      0.00000
      6.66407      0.00000      0.00000      0.00000
      6.67407      0.00000      0.00000      0.00000
      6.68407      0.00000      0.00000      0.00000
      6.69407      0.00000      0.00000      0.00000
      6.70407      0.00000      0.00000      0.00000
      6.71407      0.00000      0.00000      0.00000
      6.72407      0.00000      0.00000      0.00000
      6.73407      0.00000      0.00000      0.00000
      6.74407      0.00000      0.00000      0.00000
      6.75407      0.00000      0.00000      0.00000
      6.76407      0.00000      0.00000      0.00000
      6.77407      0.00000      0.00000      0.00000
      6.78407      0.00000      0.00000      0.00000
      6.79407      0.00000      0.00000      0.00000
      6.80407      0.00000      0.00000      0.00000
      6.81407      0.00000      0.00000      0.00000
      6.82407      0.00000      0.00000      0.00000
      6.83407      0.00000      0.00000      0.00000
      6.84407      0.00000      0.00000      0.00000
      6.85407      0.00000      0.00000      0.00000
      6.86407      0.00000      0.00000      0.00000
      6.87407      0.00000      0.00000      0.00000
      6.88407      0.00000      0.00000      0.00000
      6.89407      0.00000      0.00000      0.00000
      6.90407      0.00000      0.00000      0.00000
      6.91407      0.00000      0.00000      0.00000
      6.92407      0.00000      0.00000      0.00000
      6.93407      0.00000      0.00000      0.00000
      6.94407      0.00000      0.00000      0.00000
      6.95407      0.00000      0.00000      0.00000
      6.96407      0.00000      0.00000      0.00000
      6.97407      0.00000      0.00000      0.00000
      6.98407      0.00000      0.00000      0.00000
      6.99407      0.00000      0.00000      0.00000
      7.00407      0.00000      0.00000      0.00000
      7.01407      0.00000      0.00000      0.00000
      7.02407      0.00000      0.00000      0.00000
      7.03407      0.00000      0.00000      0.00000
      7.04407      0.00000      0.00000      0.00000
      7.05407      0.00000      0.00000      0.00000
      7.06407      0.00000      0.00000      0.00000
      7.07407      0.00000      0.00000      0.00000
      7.08407      0.00000      0.00000      0.00000
      7.09407      0.00000      0.00000      0.00000
      7.10407      0.00000      0.00000      0.00000
      7.11407      0.00000      0.00000      0.00000
      7.12407      0.00000      0.00000      0.00000
      7.13407      0.00000      0.00000      0.00000
      7.14407      0.00000      0.00000      0.00000
      7.15407      0.00000      0.00000      0.00000
      7.16407      0.00000      0.00000      0.00000
      7.17407      0.00000      0.00000      0.00000
      7.18407      0.00000      0.00000      0.00000
      7.19407      0.00000      0.00000      0.00000
      7.20407      0.00001      0.00000      0.00001
      7.21407      0.00049      0.00012      0.00037
      7.22407      0.01138      0.00279      0.00859
      7.23407      0.10178      0.02496      0.07682
      7.24407      0.36655      0.08989      0.27666
      7.25407      0.56665      0.13898      0.42766
      7.26407      0.43159      0.10588      0.32571
      7.27407      0.37170      0.09119      0.28051
      7.28407      0.57989      0.14242      0.43747
      7.29407      0.50060      0.12313      0.37747
      7.30407      0.22320      0.05493      0.16827
      7.31407      0.32503      0.07984      0.24519
      7.32407      0.72831      0.17901      0.54930
      7.33407      0.85129      0.20947      0.64182
      7.34407      0.68088      0.16727      0.51360
      7.35407      0.46029      0.11294      0.34735
      7.36407      0.40385      0.09996      0.30389
      7.37407      0.53605      0.13259      0.40346
      7.38407      0.60657      0.14914      0.45744
      7.39407      0.55166      0.13594      0.41572
      7.40407      0.46672      0.11598      0.35074
      7.41407      0.38349      0.09562      0.28787
      7.42407      0.38459      0.09498      0.28960
