Energy-E_F (eV)    DOS (1/eV)    PDOS (1/eV)  of atom type Mo S  
     -5.36693      3.70131      0.00000      0.00000
     -5.35693      4.11095      0.00000      0.00000
     -5.34693      4.20847      0.00000      0.00000
     -5.33693      4.49678      0.00000      0.00000
     -5.32693      5.31947      0.00000      0.00000
     -5.31693      5.56231      0.00000      0.00000
     -5.30693      4.46474      0.00000      0.00000
     -5.29693      2.77938      0.00000      0.00000
     -5.28693      1.88167      0.00000      0.00000
     -5.27693      1.62425      0.00000      0.00000
     -5.26693      1.48460      0.00000      0.00000
     -5.25693      1.67093      0.00000      0.00000
     -5.24693      1.87614      0.00000      0.00000
     -5.23693      2.09980      0.00000      0.00000
     -5.22693      2.12352      0.00000      0.00000
     -5.21693      1.50273      0.00000      0.00000
     -5.20693      1.14079      0.00000      0.00000
     -5.19693      1.73691      0.00000      0.00000
     -5.18693      2.22727      0.00000      0.00000
     -5.17693      2.52117      0.00000      0.00000
     -5.16693      3.20889      0.00000      0.00000
     -5.15693      3.30715      0.00000      0.00000
     -5.14693      2.51331      0.00000      0.00000
     -5.13693      1.67355      0.00000      0.00000
     -5.12693      1.41378      0.00000      0.00000
     -5.11693      1.49199      0.00000      0.00000
     -5.10693      1.23578      0.00000      0.00000
     -5.09693      1.09997      0.00000      0.00000
     -5.08693      1.48497      0.00000      0.00000
     -5.07693      1.87316      0.00000      0.00000
     -5.06693      2.14746      0.00000      0.00000
     -5.05693      2.27798      0.00000      0.00000
     -5.04693      1.83619      0.00000      0.00000
     -5.03693      1.31012      0.00000      0.00000
     -5.02693      1.28533      0.00000      0.00000
     -5.01693      1.77593      0.00000      0.00000
     -5.00693      2.58310      0.00000      0.00000
     -4.99693      2.80953      0.00000      0.00000
     -4.98693      2.16327      0.00000      0.00000
     -4.97693      1.41709      0.00000      0.00000
     -4.96693      0.88501      0.00000      0.00000
     -4.95693      0.76048      0.00000      0.00000
     -4.94693      1.20642      0.00000      0.00000
     -4.93693      1.61001      0.00000      0.00000
     -4.92693      1.35016      0.00000      0.00000
     -4.91693      0.68578      0.00000      0.00000
     -4.90693      0.47064      0.00000      0.00000
     -4.89693      1.12085      0.00000      0.00000
     -4.88693      1.81562      0.00000      0.00000
     -4.87693      1.68427      0.00000      0.00000
     -4.86693      1.06331      0.00000      0.00000
     -4.85693      0.61421      0.00000      0.00000
     -4.84693      0.48016      0.00000      0.00000
     -4.83693      0.95589      0.00000      0.00000
     -4.82693      1.68757      0.00000      0.00000
     -4.81693      1.83081      0.00000      0.00000
     -4.80693      1.64636      0.00000      0.00000
     -4.79693      1.83408      0.00000      0.00000
     -4.78693      1.98231      0.00000      0.00000
     -4.77693      1.62046      0.00000      0.00000
     -4.76693      1.14265      0.00000      0.00000
     -4.75693      0.71091      0.00000      0.00000
     -4.74693      0.29032      0.00000      0.00000
     -4.73693      0.29090      0.00000      0.00000
     -4.72693      0.97364      0.00000      0.00000
     -4.71693      1.70577      0.00000      0.00000
     -4.70693      1.58387      0.00000      0.00000
     -4.69693      0.89673      0.00000      0.00000
     -4.68693      0.60346      0.00000      0.00000
     -4.67693      0.89404      0.00000      0.00000
     -4.66693      1.48780      0.00000      0.00000
     -4.65693      2.24977      0.00000      0.00000
     -4.64693      2.89651      0.00000      0.00000
     -4.63693      3.04054      0.00000      0.00000
     -4.62693      2.02119      0.00000      0.00000
     -4.61693      0.70211      0.00000      0.00000
     -4.60693      0.11755      0.00000      0.00000
     -4.59693      0.09684      0.00000      0.00000
     -4.58693      0.42178      0.00000      0.00000
     -4.57693      0.94723      0.00000      0.00000
     -4.56693      1.47542      0.00000      0.00000
     -4.55693      2.30842      0.00000      0.00000
     -4.54693      3.77035      0.00000      0.00000
     -4.53693      5.33771      0.00000      0.00000
     -4.52693      6.64095      0.00000      0.00000
     -4.51693      7.70936      0.00000      0.00000
     -4.50693      7.60508      0.00000      0.00000
     -4.49693      7.03546      0.00000      0.00000
     -4.48693      8.76122      0.00000      0.00000
     -4.47693     10.99236      0.00000      0.00000
     -4.46693     10.84047      0.00000      0.00000
     -4.45693      9.94967      0.00000      0.00000
     -4.44693     10.43287      0.00000      0.00000
     -4.43693     11.30261      0.00000      0.00000
     -4.42693     11.88503      0.00000      0.00000
     -4.41693     12.68794      0.00000      0.00000
     -4.40693     12.91037      0.00000      0.00000
     -4.39693     12.22257      0.00000      0.00000
     -4.38693     11.65280      0.00000      0.00000
     -4.37693     12.01034      0.00000      0.00000
     -4.36693     12.65896      0.00000      0.00000
     -4.35693     11.80458      0.00000      0.00000
     -4.34693      9.76994      0.00000      0.00000
     -4.33693      8.88463      0.00000      0.00000
     -4.32693     10.55363      0.00000      0.00000
     -4.31693     12.91983      0.00000      0.00000
     -4.30693     12.66033      0.00000      0.00000
     -4.29693     10.62634      0.00000      0.00000
     -4.28693      9.31805      0.00000      0.00000
     -4.27693      8.70362      0.00000      0.00000
     -4.26693      8.18657      0.00000      0.00000
     -4.25693      8.26028      0.00000      0.00000
     -4.24693      7.80763      0.00000      0.00000
     -4.23693      6.38621      0.00000      0.00000
     -4.22693      5.57508      0.00000      0.00000
     -4.21693      5.31623      0.00000      0.00000
     -4.20693      5.00683      0.00000      0.00000
     -4.19693      5.20803      0.00000      0.00000
     -4.18693      5.02156      0.00000      0.00000
     -4.17693      4.19287      0.00000      0.00000
     -4.16693      3.97707      0.00000      0.00000
     -4.15693      4.54920      0.00000      0.00000
     -4.14693      4.67276      0.00000      0.00000
     -4.13693      3.91101      0.00000      0.00000
     -4.12693      3.80614      0.00000      0.00000
     -4.11693      4.02038      0.00000      0.00000
     -4.10693      3.69243      0.00000      0.00000
     -4.09693      2.92394      0.00000      0.00000
     -4.08693      2.31478      0.00000      0.00000
     -4.07693      2.01551      0.00000      0.00000
     -4.06693      1.42713      0.00000      0.00000
     -4.05693      0.94777      0.00000      0.00000
     -4.04693      1.60231      0.00000      0.00000
     -4.03693      2.99741      0.00000      0.00000
     -4.02693      3.23863      0.00000      0.00000
     -4.01693      3.01340      0.00000      0.00000
     -4.00693      2.75335      0.00000      0.00000
     -3.99693      1.66754      0.00000      0.00000
     -3.98693      0.91935      0.00000      0.00000
     -3.97693      0.81490      0.00000      0.00000
     -3.96693      1.42842      0.00000      0.00000
     -3.95693      2.35788      0.00000      0.00000
     -3.94693      3.06614      0.00000      0.00000
     -3.93693      3.88141      0.00000      0.00000
     -3.92693      4.46601      0.00000      0.00000
     -3.91693      3.87687      0.00000      0.00000
     -3.90693      2.99407      0.00000      0.00000
     -3.89693      2.69707      0.00000      0.00000
     -3.88693      1.91368      0.00000      0.00000
     -3.87693      0.90395      0.00000      0.00000
     -3.86693      1.05968      0.00000      0.00000
     -3.85693      1.87060      0.00000      0.00000
     -3.84693      2.11815      0.00000      0.00000
     -3.83693      2.03043      0.00000      0.00000
     -3.82693      1.75707      0.00000      0.00000
     -3.81693      1.63712      0.00000      0.00000
     -3.80693      1.92668      0.00000      0.00000
     -3.79693      2.23912      0.00000      0.00000
     -3.78693      3.55045      0.00000      0.00000
     -3.77693      6.70507      0.00000      0.00000
     -3.76693      8.88772      0.00000      0.00000
     -3.75693      8.23023      0.00000      0.00000
     -3.74693      6.64985      0.00000      0.00000
     -3.73693      5.52062      0.00000      0.00000
     -3.72693      5.11387      0.00000      0.00000
     -3.71693      5.47391      0.00000      0.00000
     -3.70693      5.45386      0.00000      0.00000
     -3.69693      6.10870      0.00000      0.00000
     -3.68693      7.86712      0.00000      0.00000
     -3.67693      8.33417      0.00000      0.00000
     -3.66693      7.83281      0.00000      0.00000
     -3.65693      7.49032      0.00000      0.00000
     -3.64693      7.26954      0.00000      0.00000
     -3.63693      7.33970      0.00000      0.00000
     -3.62693      8.58402      0.00000      0.00000
     -3.61693     11.13154      0.00000      0.00000
     -3.60693     13.57278      0.00000      0.00000
     -3.59693     13.78846      0.00000      0.00000
     -3.58693     11.33756      0.00000      0.00000
     -3.57693      9.20666      0.00000      0.00000
     -3.56693      9.00788      0.00000      0.00000
     -3.55693      8.60080      0.00000      0.00000
     -3.54693      7.13515      0.00000      0.00000
     -3.53693      7.04802      0.00000      0.00000
     -3.52693      7.72884      0.00000      0.00000
     -3.51693      8.18111      0.00000      0.00000
     -3.50693      9.64015      0.00000      0.00000
     -3.49693     11.84278      0.00000      0.00000
     -3.48693     12.04684      0.00000      0.00000
     -3.47693      9.88449      0.00000      0.00000
     -3.46693      7.62846      0.00000      0.00000
     -3.45693      6.97663      0.00000      0.00000
     -3.44693      6.94557      0.00000      0.00000
     -3.43693      7.64511      0.00000      0.00000
     -3.42693      8.23822      0.00000      0.00000
     -3.41693      6.48568      0.00000      0.00000
     -3.40693      3.80136      0.00000      0.00000
     -3.39693      2.59811      0.00000      0.00000
     -3.38693      3.43499      0.00000      0.00000
     -3.37693      4.41382      0.00000      0.00000
     -3.36693      4.19527      0.00000      0.00000
     -3.35693      4.78795      0.00000      0.00000
     -3.34693      5.61679      0.00000      0.00000
     -3.33693      4.88321      0.00000      0.00000
     -3.32693      4.04620      0.00000      0.00000
     -3.31693      3.36540      0.00000      0.00000
     -3.30693      2.66965      0.00000      0.00000
     -3.29693      2.26001      0.00000      0.00000
     -3.28693      2.33329      0.00000      0.00000
     -3.27693      3.14269      0.00000      0.00000
     -3.26693      4.63654      0.00000      0.00000
     -3.25693      5.40945      0.00000      0.00000
     -3.24693      4.21083      0.00000      0.00000
     -3.23693      2.06447      0.00000      0.00000
     -3.22693      2.03059      0.00000      0.00000
     -3.21693      3.65792      0.00000      0.00000
     -3.20693      4.43555      0.00000      0.00000
     -3.19693      4.45031      0.00000      0.00000
     -3.18693      3.81988      0.00000      0.00000
     -3.17693      2.47326      0.00000      0.00000
     -3.16693      1.03557      0.00000      0.00000
     -3.15693      0.43931      0.00000      0.00000
     -3.14693      1.13411      0.00000      0.00000
     -3.13693      2.63507      0.00000      0.00000
     -3.12693      3.86446      0.00000      0.00000
     -3.11693      4.46135      0.00000      0.00000
     -3.10693      4.15871      0.00000      0.00000
     -3.09693      3.92889      0.00000      0.00000
     -3.08693      3.83430      0.00000      0.00000
     -3.07693      2.97888      0.00000      0.00000
     -3.06693      2.30977      0.00000      0.00000
     -3.05693      2.52479      0.00000      0.00000
     -3.04693      3.07035      0.00000      0.00000
     -3.03693      3.91131      0.00000      0.00000
     -3.02693      4.95488      0.00000      0.00000
     -3.01693      5.31650      0.00000      0.00000
     -3.00693      4.97392      0.00000      0.00000
     -2.99693      3.51290      0.00000      0.00000
     -2.98693      1.71202      0.00000      0.00000
     -2.97693      1.04718      0.00000      0.00000
     -2.96693      1.13332      0.00000      0.00000
     -2.95693      1.59879      0.00000      0.00000
     -2.94693      2.51731      0.00000      0.00000
     -2.93693      3.75348      0.00000      0.00000
     -2.92693      4.50981      0.00000      0.00000
     -2.91693      3.49917      0.00000      0.00000
     -2.90693      1.89085      0.00000      0.00000
     -2.89693      1.34190      0.00000      0.00000
     -2.88693      1.03663      0.00000      0.00000
     -2.87693      1.17534      0.00000      0.00000
     -2.86693      2.47708      0.00000      0.00000
     -2.85693      3.53027      0.00000      0.00000
     -2.84693      3.22170      0.00000      0.00000
     -2.83693      2.44804      0.00000      0.00000
     -2.82693      2.33144      0.00000      0.00000
     -2.81693      2.33130      0.00000      0.00000
     -2.80693      2.41927      0.00000      0.00000
     -2.79693      2.82551      0.00000      0.00000
     -2.78693      3.17571      0.00000      0.00000
     -2.77693      3.32334      0.00000      0.00000
     -2.76693      3.71558      0.00000      0.00000
     -2.75693      3.76616      0.00000      0.00000
     -2.74693      3.12886      0.00000      0.00000
     -2.73693      2.70652      0.00000      0.00000
     -2.72693      3.11273      0.00000      0.00000
     -2.71693      3.68195      0.00000      0.00000
     -2.70693      3.02868      0.00000      0.00000
     -2.69693      1.89900      0.00000      0.00000
     -2.68693      1.93135      0.00000      0.00000
     -2.67693      2.30895      0.00000      0.00000
     -2.66693      2.35208      0.00000      0.00000
     -2.65693      2.44221      0.00000      0.00000
     -2.64693      2.85372      0.00000      0.00000
     -2.63693      3.99111      0.00000      0.00000
     -2.62693      5.11188      0.00000      0.00000
     -2.61693      5.66797      0.00000      0.00000
     -2.60693      6.25415      0.00000      0.00000
     -2.59693      6.17553      0.00000      0.00000
     -2.58693      5.00055      0.00000      0.00000
     -2.57693      4.02763      0.00000      0.00000
     -2.56693      3.89500      0.00000      0.00000
     -2.55693      4.24292      0.00000      0.00000
     -2.54693      5.09748      0.00000      0.00000
     -2.53693      5.98561      0.00000      0.00000
     -2.52693      6.22457      0.00000      0.00000
     -2.51693      5.89023      0.00000      0.00000
     -2.50693      5.33813      0.00000      0.00000
     -2.49693      4.96371      0.00000      0.00000
     -2.48693      4.93298      0.00000      0.00000
     -2.47693      4.46895      0.00000      0.00000
     -2.46693      3.69624      0.00000      0.00000
     -2.45693      3.58792      0.00000      0.00000
     -2.44693      3.98837      0.00000      0.00000
     -2.43693      5.49556      0.00000      0.00000
     -2.42693      9.36171      0.00000      0.00000
     -2.41693     13.43930      0.00000      0.00000
     -2.40693     15.43901      0.00000      0.00000
     -2.39693     15.73622      0.00000      0.00000
     -2.38693     13.06622      0.00000      0.00000
     -2.37693     10.56601      0.00000      0.00000
     -2.36693      9.40956      0.00000      0.00000
     -2.35693      8.95509      0.00000      0.00000
     -2.34693     10.44145      0.00000      0.00000
     -2.33693     10.26698      0.00000      0.00000
     -2.32693      7.46808      0.00000      0.00000
     -2.31693      6.45396      0.00000      0.00000
     -2.30693      7.55992      0.00000      0.00000
     -2.29693      7.97833      0.00000      0.00000
     -2.28693      7.62066      0.00000      0.00000
     -2.27693      8.42045      0.00000      0.00000
     -2.26693     10.31258      0.00000      0.00000
     -2.25693     11.35960      0.00000      0.00000
     -2.24693     11.18644      0.00000      0.00000
     -2.23693      9.25285      0.00000      0.00000
     -2.22693      5.74157      0.00000      0.00000
     -2.21693      4.97539      0.00000      0.00000
     -2.20693      6.18961      0.00000      0.00000
     -2.19693      7.14836      0.00000      0.00000
     -2.18693      8.32069      0.00000      0.00000
     -2.17693      8.27449      0.00000      0.00000
     -2.16693      6.24281      0.00000      0.00000
     -2.15693      5.19884      0.00000      0.00000
     -2.14693      6.76464      0.00000      0.00000
     -2.13693      9.16555      0.00000      0.00000
     -2.12693     10.36919      0.00000      0.00000
     -2.11693      9.83712      0.00000      0.00000
     -2.10693      8.59340      0.00000      0.00000
     -2.09693      8.16598      0.00000      0.00000
     -2.08693      7.92790      0.00000      0.00000
     -2.07693      7.67028      0.00000      0.00000
     -2.06693      6.71439      0.00000      0.00000
     -2.05693      4.95329      0.00000      0.00000
     -2.04693      3.57975      0.00000      0.00000
     -2.03693      3.94767      0.00000      0.00000
     -2.02693      5.04238      0.00000      0.00000
     -2.01693      5.88450      0.00000      0.00000
     -2.00693      5.85371      0.00000      0.00000
     -1.99693      5.06860      0.00000      0.00000
     -1.98693      4.88781      0.00000      0.00000
     -1.97693      4.51187      0.00000      0.00000
     -1.96693      3.42135      0.00000      0.00000
     -1.95693      2.57661      0.00000      0.00000
     -1.94693      2.71121      0.00000      0.00000
     -1.93693      3.64368      0.00000      0.00000
     -1.92693      5.41346      0.00000      0.00000
     -1.91693      6.69396      0.00000      0.00000
     -1.90693      6.69665      0.00000      0.00000
     -1.89693      6.89987      0.00000      0.00000
     -1.88693      5.59860      0.00000      0.00000
     -1.87693      3.97394      0.00000      0.00000
     -1.86693      3.37399      0.00000      0.00000
     -1.85693      3.76904      0.00000      0.00000
     -1.84693      4.61105      0.00000      0.00000
     -1.83693      4.97378      0.00000      0.00000
     -1.82693      4.92858      0.00000      0.00000
     -1.81693      4.81884      0.00000      0.00000
     -1.80693      4.69571      0.00000      0.00000
     -1.79693      4.91204      0.00000      0.00000
     -1.78693      4.99954      0.00000      0.00000
     -1.77693      5.18867      0.00000      0.00000
     -1.76693      5.50607      0.00000      0.00000
     -1.75693      6.01475      0.00000      0.00000
     -1.74693      7.28633      0.00000      0.00000
     -1.73693      6.73732      0.00000      0.00000
     -1.72693      4.37316      0.00000      0.00000
     -1.71693      3.35543      0.00000      0.00000
     -1.70693      2.78707      0.00000      0.00000
     -1.69693      2.76399      0.00000      0.00000
     -1.68693      4.12682      0.00000      0.00000
     -1.67693      5.45443      0.00000      0.00000
     -1.66693      5.99955      0.00000      0.00000
     -1.65693      5.73738      0.00000      0.00000
     -1.64693      5.09920      0.00000      0.00000
     -1.63693      4.20935      0.00000      0.00000
     -1.62693      4.46056      0.00000      0.00000
     -1.61693      5.49868      0.00000      0.00000
     -1.60693      4.75197      0.00000      0.00000
     -1.59693      3.70997      0.00000      0.00000
     -1.58693      5.07119      0.00000      0.00000
     -1.57693      7.75476      0.00000      0.00000
     -1.56693      8.55559      0.00000      0.00000
     -1.55693      7.49392      0.00000      0.00000
     -1.54693      5.76043      0.00000      0.00000
     -1.53693      4.50996      0.00000      0.00000
     -1.52693      4.34989      0.00000      0.00000
     -1.51693      4.74699      0.00000      0.00000
     -1.50693      5.56452      0.00000      0.00000
     -1.49693      5.81634      0.00000      0.00000
     -1.48693      5.52710      0.00000      0.00000
     -1.47693      5.55955      0.00000      0.00000
     -1.46693      5.08029      0.00000      0.00000
     -1.45693      3.78712      0.00000      0.00000
     -1.44693      3.09927      0.00000      0.00000
     -1.43693      2.77998      0.00000      0.00000
     -1.42693      1.69505      0.00000      0.00000
     -1.41693      1.03061      0.00000      0.00000
     -1.40693      1.25978      0.00000      0.00000
     -1.39693      1.48584      0.00000      0.00000
     -1.38693      1.28592      0.00000      0.00000
     -1.37693      0.84088      0.00000      0.00000
     -1.36693      0.66094      0.00000      0.00000
     -1.35693      0.50286      0.00000      0.00000
     -1.34693      0.17618      0.00000      0.00000
     -1.33693      0.02337      0.00000      0.00000
     -1.32693      0.00114      0.00000      0.00000
     -1.31693      0.00002      0.00000      0.00000
     -1.30693      0.00000      0.00000      0.00000
     -1.29693      0.00000      0.00000      0.00000
     -1.28693      0.00000      0.00000      0.00000
     -1.27693      0.00000      0.00000      0.00000
     -1.26693      0.00000      0.00000      0.00000
     -1.25693      0.00000      0.00000      0.00000
     -1.24693      0.00000      0.00000      0.00000
     -1.23693      0.00000      0.00000      0.00000
     -1.22693      0.00000      0.00000      0.00000
     -1.21693      0.00000      0.00000      0.00000
     -1.20693      0.00000      0.00000      0.00000
     -1.19693      0.00000      0.00000      0.00000
     -1.18693      0.00000      0.00000      0.00000
     -1.17693      0.00000      0.00000      0.00000
     -1.16693      0.00000      0.00000      0.00000
     -1.15693      0.00000      0.00000      0.00000
     -1.14693      0.00000      0.00000      0.00000
     -1.13693      0.00007      0.00000      0.00000
     -1.12693      0.00317      0.00000      0.00000
     -1.11693      0.05387      0.00000      0.00000
     -1.10693      0.38168      0.00000      0.00000
     -1.09693      1.25341      0.00000      0.00000
     -1.08693      2.10916      0.00000      0.00000
     -1.07693      2.06332      0.00000      0.00000
     -1.06693      1.95680      0.00000      0.00000
     -1.05693      2.91501      0.00000      0.00000
     -1.04693      3.97113      0.00000      0.00000
     -1.03693      3.90340      0.00000      0.00000
     -1.02693      3.42263      0.00000      0.00000
     -1.01693      3.97302      0.00000      0.00000
     -1.00693      3.79150      0.00000      0.00000
     -0.99693      2.74701      0.00000      0.00000
     -0.98693      3.25421      0.00000      0.00000
     -0.97693      5.33092      0.00000      0.00000
     -0.96693      7.47347      0.00000      0.00000
     -0.95693      7.54335      0.00000      0.00000
     -0.94693      6.51716      0.00000      0.00000
     -0.93693      6.89871      0.00000      0.00000
     -0.92693      7.13085      0.00000      0.00000
     -0.91693      5.89366      0.00000      0.00000
     -0.90693      5.86891      0.00000      0.00000
     -0.89693      6.89981      0.00000      0.00000
     -0.88693      7.34258      0.00000      0.00000
     -0.87693      7.78259      0.00000      0.00000
     -0.86693      9.30017      0.00000      0.00000
     -0.85693     10.08648      0.00000      0.00000
     -0.84693      7.82504      0.00000      0.00000
     -0.83693      5.85839      0.00000      0.00000
     -0.82693      6.00695      0.00000      0.00000
     -0.81693      5.71912      0.00000      0.00000
     -0.80693      5.41753      0.00000      0.00000
     -0.79693      5.95348      0.00000      0.00000
     -0.78693      5.60274      0.00000      0.00000
     -0.77693      4.87434      0.00000      0.00000
     -0.76693      5.35397      0.00000      0.00000
     -0.75693      5.93030      0.00000      0.00000
     -0.74693      5.46495      0.00000      0.00000
     -0.73693      5.33917      0.00000      0.00000
     -0.72693      5.58410      0.00000      0.00000
     -0.71693      5.05588      0.00000      0.00000
     -0.70693      4.25611      0.00000      0.00000
     -0.69693      3.95806      0.00000      0.00000
     -0.68693      3.86069      0.00000      0.00000
     -0.67693      3.87023      0.00000      0.00000
     -0.66693      3.91626      0.00000      0.00000
     -0.65693      4.20288      0.00000      0.00000
     -0.64693      3.86727      0.00000      0.00000
     -0.63693      3.90452      0.00000      0.00000
     -0.62693      4.77571      0.00000      0.00000
     -0.61693      4.33078      0.00000      0.00000
     -0.60693      3.97387      0.00000      0.00000
     -0.59693      5.29015      0.00000      0.00000
     -0.58693      5.61879      0.00000      0.00000
     -0.57693      4.49815      0.00000      0.00000
     -0.56693      3.30726      0.00000      0.00000
     -0.55693      3.10268      0.00000      0.00000
     -0.54693      3.03896      0.00000      0.00000
     -0.53693      2.99855      0.00000      0.00000
     -0.52693      3.11230      0.00000      0.00000
     -0.51693      3.13871      0.00000      0.00000
     -0.50693      3.44799      0.00000      0.00000
     -0.49693      3.40629      0.00000      0.00000
     -0.48693      2.86333      0.00000      0.00000
     -0.47693      3.15693      0.00000      0.00000
     -0.46693      4.27868      0.00000      0.00000
     -0.45693      4.71533      0.00000      0.00000
     -0.44693      3.74137      0.00000      0.00000
     -0.43693      3.34151      0.00000      0.00000
     -0.42693      3.56572      0.00000      0.00000
     -0.41693      3.50521      0.00000      0.00000
     -0.40693      2.80485      0.00000      0.00000
     -0.39693      1.93807      0.00000      0.00000
     -0.38693      2.38598      0.00000      0.00000
     -0.37693      3.16464      0.00000      0.00000
     -0.36693      2.69028      0.00000      0.00000
     -0.35693      2.39990      0.00000      0.00000
     -0.34693      2.84156      0.00000      0.00000
     -0.33693      3.23339      0.00000      0.00000
     -0.32693      3.64760      0.00000      0.00000
     -0.31693      3.25649      0.00000      0.00000
     -0.30693      2.65563      0.00000      0.00000
     -0.29693      2.72651      0.00000      0.00000
     -0.28693      3.10583      0.00000      0.00000
     -0.27693      3.24541      0.00000      0.00000
     -0.26693      3.16047      0.00000      0.00000
     -0.25693      3.63298      0.00000      0.00000
     -0.24693      3.68325      0.00000      0.00000
     -0.23693      2.61322      0.00000      0.00000
     -0.22693      1.77183      0.00000      0.00000
     -0.21693      2.43436      0.00000      0.00000
     -0.20693      3.10588      0.00000      0.00000
     -0.19693      2.44612      0.00000      0.00000
     -0.18693      1.54367      0.00000      0.00000
     -0.17693      1.34648      0.00000      0.00000
     -0.16693      0.98133      0.00000      0.00000
     -0.15693      0.37042      0.00000      0.00000
     -0.14693      0.26812      0.00000      0.00000
     -0.13693      0.58436      0.00000      0.00000
     -0.12693      0.77995      0.00000      0.00000
     -0.11693      0.80385      0.00000      0.00000
     -0.10693      0.76659      0.00000      0.00000
     -0.09693      0.63335      0.00000      0.00000
     -0.08693      0.29047      0.00000      0.00000
     -0.07693      0.07019      0.00000      0.00000
     -0.06693      0.13519      0.00000      0.00000
     -0.05693      0.41340      0.00000      0.00000
     -0.04693      0.52176      0.00000      0.00000
     -0.03693      0.32920      0.00000      0.00000
     -0.02693      0.38078      0.00000      0.00000
     -0.01693      0.55786      0.00000      0.00000
     -0.00693      0.34195      0.00000      0.00000
      0.00307      0.07759      0.00000      0.00000
      0.01307      0.00648      0.00000      0.00000
      0.02307      0.00020      0.00000      0.00000
      0.03307      0.00000      0.00000      0.00000
      0.04307      0.00000      0.00000      0.00000
      0.05307      0.00000      0.00000      0.00000
      0.06307      0.00000      0.00000      0.00000
      0.07307      0.00000      0.00000      0.00000
      0.08307      0.00000      0.00000      0.00000
      0.09307      0.00000      0.00000      0.00000
      0.10307      0.00000      0.00000      0.00000
      0.11307      0.00000      0.00000      0.00000
      0.12307      0.00000      0.00000      0.00000
      0.13307      0.00000      0.00000      0.00000
      0.14307      0.00000      0.00000      0.00000
      0.15307      0.00000      0.00000      0.00000
      0.16307      0.00000      0.00000      0.00000
      0.17307      0.00000      0.00000      0.00000
      0.18307      0.00000      0.00000      0.00000
      0.19307      0.00000      0.00000      0.00000
      0.20307      0.00000      0.00000      0.00000
      0.21307      0.00000      0.00000      0.00000
      0.22307      0.00000      0.00000      0.00000
      0.23307      0.00000      0.00000      0.00000
      0.24307      0.00000      0.00000      0.00000
      0.25307      0.00000      0.00000      0.00000
      0.26307      0.00000      0.00000      0.00000
      0.27307      0.00000      0.00000      0.00000
      0.28307      0.00000      0.00000      0.00000
      0.29307      0.00000      0.00000      0.00000
      0.30307      0.00000      0.00000      0.00000
      0.31307      0.00000      0.00000      0.00000
      0.32307      0.00000      0.00000      0.00000
      0.33307      0.00000      0.00000      0.00000
      0.34307      0.00000      0.00000      0.00000
      0.35307      0.00000      0.00000      0.00000
      0.36307      0.00000      0.00000      0.00000
      0.37307      0.00000      0.00000      0.00000
      0.38307      0.00000      0.00000      0.00000
      0.39307      0.00000      0.00000      0.00000
      0.40307      0.00000      0.00000      0.00000
      0.41307      0.00000      0.00000      0.00000
      0.42307      0.00000      0.00000      0.00000
      0.43307      0.00000      0.00000      0.00000
      0.44307      0.00000      0.00000      0.00000
      0.45307      0.00000      0.00000      0.00000
      0.46307      0.00000      0.00000      0.00000
      0.47307      0.00000      0.00000      0.00000
      0.48307      0.00000      0.00000      0.00000
      0.49307      0.00000      0.00000      0.00000
      0.50307      0.00000      0.00000      0.00000
      0.51307      0.00000      0.00000      0.00000
      0.52307      0.00000      0.00000      0.00000
      0.53307      0.00000      0.00000      0.00000
      0.54307      0.00000      0.00000      0.00000
      0.55307      0.00000      0.00000      0.00000
      0.56307      0.00000      0.00000      0.00000
      0.57307      0.00000      0.00000      0.00000
      0.58307      0.00000      0.00000      0.00000
      0.59307      0.00000      0.00000      0.00000
      0.60307      0.00000      0.00000      0.00000
      0.61307      0.00000      0.00000      0.00000
      0.62307      0.00000      0.00000      0.00000
      0.63307      0.00000      0.00000      0.00000
      0.64307      0.00000      0.00000      0.00000
      0.65307      0.00000      0.00000      0.00000
      0.66307      0.00000      0.00000      0.00000
      0.67307      0.00000      0.00000      0.00000
      0.68307      0.00000      0.00000      0.00000
      0.69307      0.00000      0.00000      0.00000
      0.70307      0.00000      0.00000      0.00000
      0.71307      0.00000      0.00000      0.00000
      0.72307      0.00000      0.00000      0.00000
      0.73307      0.00000      0.00000      0.00000
      0.74307      0.00000      0.00000      0.00000
      0.75307      0.00000      0.00000      0.00000
      0.76307      0.00000      0.00000      0.00000
      0.77307      0.00000      0.00000      0.00000
      0.78307      0.00000      0.00000      0.00000
      0.79307      0.00000      0.00000      0.00000
      0.80307      0.00000      0.00000      0.00000
      0.81307      0.00000      0.00000      0.00000
      0.82307      0.00000      0.00000      0.00000
      0.83307      0.00000      0.00000      0.00000
      0.84307      0.00000      0.00000      0.00000
      0.85307      0.00000      0.00000      0.00000
      0.86307      0.00000      0.00000      0.00000
      0.87307      0.00000      0.00000      0.00000
      0.88307      0.00000      0.00000      0.00000
      0.89307      0.00000      0.00000      0.00000
      0.90307      0.00000      0.00000      0.00000
      0.91307      0.00000      0.00000      0.00000
      0.92307      0.00000      0.00000      0.00000
      0.93307      0.00000      0.00000      0.00000
      0.94307      0.00000      0.00000      0.00000
      0.95307      0.00000      0.00000      0.00000
      0.96307      0.00000      0.00000      0.00000
      0.97307      0.00000      0.00000      0.00000
      0.98307      0.00000      0.00000      0.00000
      0.99307      0.00000      0.00000      0.00000
      1.00307      0.00000      0.00000      0.00000
      1.01307      0.00000      0.00000      0.00000
      1.02307      0.00000      0.00000      0.00000
      1.03307      0.00000      0.00000      0.00000
      1.04307      0.00000      0.00000      0.00000
      1.05307      0.00000      0.00000      0.00000
      1.06307      0.00000      0.00000      0.00000
      1.07307      0.00000      0.00000      0.00000
      1.08307      0.00000      0.00000      0.00000
      1.09307      0.00000      0.00000      0.00000
      1.10307      0.00000      0.00000      0.00000
      1.11307      0.00000      0.00000      0.00000
      1.12307      0.00000      0.00000      0.00000
      1.13307      0.00000      0.00000      0.00000
      1.14307      0.00000      0.00000      0.00000
      1.15307      0.00000      0.00000      0.00000
      1.16307      0.00000      0.00000      0.00000
      1.17307      0.00000      0.00000      0.00000
      1.18307      0.00000      0.00000      0.00000
      1.19307      0.00000      0.00000      0.00000
      1.20307      0.00000      0.00000      0.00000
      1.21307      0.00000      0.00000      0.00000
      1.22307      0.00000      0.00000      0.00000
      1.23307      0.00000      0.00000      0.00000
      1.24307      0.00000      0.00000      0.00000
      1.25307      0.00000      0.00000      0.00000
      1.26307      0.00000      0.00000      0.00000
      1.27307      0.00000      0.00000      0.00000
      1.28307      0.00000      0.00000      0.00000
      1.29307      0.00000      0.00000      0.00000
      1.30307      0.00000      0.00000      0.00000
      1.31307      0.00000      0.00000      0.00000
      1.32307      0.00000      0.00000      0.00000
      1.33307      0.00000      0.00000      0.00000
      1.34307      0.00000      0.00000      0.00000
      1.35307      0.00000      0.00000      0.00000
      1.36307      0.00000      0.00000      0.00000
      1.37307      0.00000      0.00000      0.00000
      1.38307      0.00000      0.00000      0.00000
      1.39307      0.00000      0.00000      0.00000
      1.40307      0.00000      0.00000      0.00000
      1.41307      0.00000      0.00000      0.00000
      1.42307      0.00000      0.00000      0.00000
      1.43307      0.00000      0.00000      0.00000
      1.44307      0.00000      0.00000      0.00000
      1.45307      0.00000      0.00000      0.00000
      1.46307      0.00000      0.00000      0.00000
      1.47307      0.00000      0.00000      0.00000
      1.48307      0.00000      0.00000      0.00000
      1.49307      0.00000      0.00000      0.00000
      1.50307      0.00000      0.00000      0.00000
      1.51307      0.00000      0.00000      0.00000
      1.52307      0.00000      0.00000      0.00000
      1.53307      0.00000      0.00000      0.00000
      1.54307      0.00000      0.00000      0.00000
      1.55307      0.00000      0.00000      0.00000
      1.56307      0.00000      0.00000      0.00000
      1.57307      0.00000      0.00000      0.00000
      1.58307      0.00000      0.00000      0.00000
      1.59307      0.00000      0.00000      0.00000
      1.60307      0.00000      0.00000      0.00000
      1.61307      0.00000      0.00000      0.00000
      1.62307      0.00000      0.00000      0.00000
      1.63307      0.00000      0.00000      0.00000
      1.64307      0.00000      0.00000      0.00000
      1.65307      0.00000      0.00000      0.00000
      1.66307      0.00000      0.00000      0.00000
      1.67307      0.00000      0.00000      0.00000
      1.68307      0.00000      0.00000      0.00000
      1.69307      0.00000      0.00000      0.00000
      1.70307      0.00000      0.00000      0.00000
      1.71307      0.00000      0.00000      0.00000
      1.72307      0.00000      0.00000      0.00000
      1.73307      0.00000      0.00000      0.00000
      1.74307      0.00000      0.00000      0.00000
      1.75307      0.00000      0.00000      0.00000
      1.76307      0.00000      0.00000      0.00000
      1.77307      0.00000      0.00000      0.00000
      1.78307      0.00000      0.00000      0.00000
      1.79307      0.00000      0.00000      0.00000
      1.80307      0.00000      0.00000      0.00000
      1.81307      0.00000      0.00000      0.00000
      1.82307      0.00000      0.00000      0.00000
      1.83307      0.00000      0.00000      0.00000
      1.84307      0.00000      0.00000      0.00000
      1.85307      0.00000      0.00000      0.00000
      1.86307      0.00000      0.00000      0.00000
      1.87307      0.00000      0.00000      0.00000
      1.88307      0.00000      0.00000      0.00000
      1.89307      0.00000      0.00000      0.00000
      1.90307      0.00000      0.00000      0.00000
      1.91307      0.00000      0.00000      0.00000
      1.92307      0.00000      0.00000      0.00000
      1.93307      0.00000      0.00000      0.00000
      1.94307      0.00000      0.00000      0.00000
      1.95307      0.00000      0.00000      0.00000
      1.96307      0.00000      0.00000      0.00000
      1.97307      0.00000      0.00000      0.00000
      1.98307      0.00000      0.00000      0.00000
      1.99307      0.00000      0.00000      0.00000
      2.00307      0.00000      0.00000      0.00000
      2.01307      0.00000      0.00000      0.00000
      2.02307      0.00000      0.00000      0.00000
      2.03307      0.00000      0.00000      0.00000
      2.04307      0.00000      0.00000      0.00000
      2.05307      0.00000      0.00000      0.00000
      2.06307      0.00000      0.00000      0.00000
      2.07307      0.00000      0.00000      0.00000
      2.08307      0.00000      0.00000      0.00000
      2.09307      0.00000      0.00000      0.00000
      2.10307      0.00000      0.00000      0.00000
      2.11307      0.00000      0.00000      0.00000
      2.12307      0.00000      0.00000      0.00000
      2.13307      0.00000      0.00000      0.00000
      2.14307      0.00000      0.00000      0.00000
      2.15307      0.00000      0.00000      0.00000
      2.16307      0.00000      0.00000      0.00000
      2.17307      0.00000      0.00000      0.00000
      2.18307      0.00000      0.00000      0.00000
      2.19307      0.00000      0.00000      0.00000
      2.20307      0.00000      0.00000      0.00000
      2.21307      0.00000      0.00000      0.00000
      2.22307      0.00000      0.00000      0.00000
      2.23307      0.00000      0.00000      0.00000
      2.24307      0.00000      0.00000      0.00000
      2.25307      0.00000      0.00000      0.00000
      2.26307      0.00000      0.00000      0.00000
      2.27307      0.00000      0.00000      0.00000
      2.28307      0.00000      0.00000      0.00000
      2.29307      0.00000      0.00000      0.00000
      2.30307      0.00000      0.00000      0.00000
      2.31307      0.00000      0.00000      0.00000
      2.32307      0.00001      0.00000      0.00000
      2.33307      0.00064      0.00000      0.00000
      2.34307      0.01812      0.00000      0.00000
      2.35307      0.19104      0.00000      0.00000
      2.36307      0.74999      0.00000      0.00000
      2.37307      1.10938      0.00000      0.00000
      2.38307      0.75926      0.00000      0.00000
      2.39307      0.80356      0.00000      0.00000
      2.40307      1.09427      0.00000      0.00000
      2.41307      0.66209      0.00000      0.00000
      2.42307      0.18175      0.00000      0.00000
      2.43307      0.26263      0.00000      0.00000
      2.44307      0.97568      0.00000      0.00000
      2.45307      1.84212      0.00000      0.00000
      2.46307      1.96280      0.00000      0.00000
      2.47307      1.50162      0.00000      0.00000
      2.48307      1.04572      0.00000      0.00000
      2.49307      0.73185      0.00000      0.00000
      2.50307      1.04610      0.00000      0.00000
      2.51307      2.28088      0.00000      0.00000
      2.52307      3.40424      0.00000      0.00000
      2.53307      3.35106      0.00000      0.00000
      2.54307      2.75533      0.00000      0.00000
      2.55307      2.79892      0.00000      0.00000
      2.56307      3.53529      0.00000      0.00000
      2.57307      4.68717      0.00000      0.00000
      2.58307      6.28115      0.00000      0.00000
      2.59307      6.62446      0.00000      0.00000
      2.60307      6.20074      0.00000      0.00000
      2.61307      6.13610      0.00000      0.00000
      2.62307      6.22830      0.00000      0.00000
      2.63307      6.92215      0.00000      0.00000
      2.64307      7.84240      0.00000      0.00000
      2.65307      8.06375      0.00000      0.00000
      2.66307      7.87679      0.00000      0.00000
      2.67307      7.52945      0.00000      0.00000
      2.68307      7.45907      0.00000      0.00000
      2.69307      9.14752      0.00000      0.00000
      2.70307      9.51597      0.00000      0.00000
      2.71307      9.08290      0.00000      0.00000
      2.72307     11.89914      0.00000      0.00000
      2.73307     14.83808      0.00000      0.00000
      2.74307     15.96857      0.00000      0.00000
      2.75307     16.01607      0.00000      0.00000
      2.76307     14.10412      0.00000      0.00000
      2.77307     12.20737      0.00000      0.00000
      2.78307     11.84108      0.00000      0.00000
      2.79307     11.64407      0.00000      0.00000
      2.80307     12.28938      0.00000      0.00000
      2.81307     14.94570      0.00000      0.00000
      2.82307     15.80388      0.00000      0.00000
      2.83307     12.94464      0.00000      0.00000
      2.84307     11.33986      0.00000      0.00000
      2.85307     11.14340      0.00000      0.00000
      2.86307     10.28952      0.00000      0.00000
      2.87307      9.61145      0.00000      0.00000
      2.88307      8.54353      0.00000      0.00000
      2.89307      6.06963      0.00000      0.00000
      2.90307      4.19491      0.00000      0.00000
      2.91307      4.19220      0.00000      0.00000
      2.92307      4.06617      0.00000      0.00000
      2.93307      2.73098      0.00000      0.00000
      2.94307      2.18795      0.00000      0.00000
      2.95307      3.98944      0.00000      0.00000
      2.96307      6.00934      0.00000      0.00000
      2.97307      6.11240      0.00000      0.00000
      2.98307      6.31695      0.00000      0.00000
      2.99307      6.17244      0.00000      0.00000
      3.00307      6.10887      0.00000      0.00000
      3.01307      8.20252      0.00000      0.00000
      3.02307      9.72968      0.00000      0.00000
      3.03307     11.19132      0.00000      0.00000
      3.04307     11.60298      0.00000      0.00000
      3.05307     10.74348      0.00000      0.00000
      3.06307     10.66490      0.00000      0.00000
      3.07307     10.67034      0.00000      0.00000
      3.08307     10.09819      0.00000      0.00000
      3.09307      9.50990      0.00000      0.00000
      3.10307      8.50537      0.00000      0.00000
      3.11307      7.80292      0.00000      0.00000
      3.12307      7.90109      0.00000      0.00000
      3.13307      7.61624      0.00000      0.00000
      3.14307      7.07797      0.00000      0.00000
      3.15307      6.84108      0.00000      0.00000
      3.16307      5.92118      0.00000      0.00000
      3.17307      6.41649      0.00000      0.00000
      3.18307      9.21188      0.00000      0.00000
      3.19307     10.35503      0.00000      0.00000
      3.20307      9.04063      0.00000      0.00000
      3.21307      7.79443      0.00000      0.00000
      3.22307      7.63498      0.00000      0.00000
      3.23307      8.47159      0.00000      0.00000
      3.24307      9.13869      0.00000      0.00000
      3.25307      9.59227      0.00000      0.00000
      3.26307     10.48435      0.00000      0.00000
      3.27307     10.33647      0.00000      0.00000
      3.28307      9.35176      0.00000      0.00000
      3.29307     10.23630      0.00000      0.00000
      3.30307     12.32175      0.00000      0.00000
      3.31307     12.44476      0.00000      0.00000
      3.32307     10.28406      0.00000      0.00000
      3.33307      8.57710      0.00000      0.00000
      3.34307      8.93659      0.00000      0.00000
      3.35307      9.96026      0.00000      0.00000
      3.36307     10.22574      0.00000      0.00000
      3.37307      8.93496      0.00000      0.00000
      3.38307      6.68242      0.00000      0.00000
      3.39307      5.32431      0.00000      0.00000
      3.40307      6.17572      0.00000      0.00000
      3.41307      7.33970      0.00000      0.00000
      3.42307      7.24048      0.00000      0.00000
      3.43307      6.68021      0.00000      0.00000
      3.44307      6.87231      0.00000      0.00000
      3.45307      6.84491      0.00000      0.00000
      3.46307      5.60072      0.00000      0.00000
      3.47307      4.67918      0.00000      0.00000
      3.48307      4.16042      0.00000      0.00000
      3.49307      4.21233      0.00000      0.00000
      3.50307      4.45216      0.00000      0.00000
      3.51307      4.15127      0.00000      0.00000
      3.52307      3.37494      0.00000      0.00000
      3.53307      3.12282      0.00000      0.00000
      3.54307      4.21655      0.00000      0.00000
      3.55307      6.19839      0.00000      0.00000
      3.56307      6.95407      0.00000      0.00000
      3.57307      6.21028      0.00000      0.00000
      3.58307      5.54687      0.00000      0.00000
      3.59307      4.39675      0.00000      0.00000
      3.60307      3.70418      0.00000      0.00000
      3.61307      4.32928      0.00000      0.00000
      3.62307      4.26988      0.00000      0.00000
      3.63307      3.49760      0.00000      0.00000
      3.64307      3.25459      0.00000      0.00000
      3.65307      3.93380      0.00000      0.00000
      3.66307      4.37794      0.00000      0.00000
      3.67307      3.93221      0.00000      0.00000
      3.68307      4.20999      0.00000      0.00000
      3.69307      4.48782      0.00000      0.00000
      3.70307      3.64571      0.00000      0.00000
      3.71307      3.70578      0.00000      0.00000
      3.72307      5.02650      0.00000      0.00000
      3.73307      5.58610      0.00000      0.00000
      3.74307      5.20350      0.00000      0.00000
      3.75307      5.06189      0.00000      0.00000
      3.76307      5.04444      0.00000      0.00000
      3.77307      6.18527      0.00000      0.00000
      3.78307      8.63977      0.00000      0.00000
      3.79307      8.80997      0.00000      0.00000
      3.80307      7.18776      0.00000      0.00000
      3.81307      7.26218      0.00000      0.00000
      3.82307      8.95524      0.00000      0.00000
      3.83307      8.70680      0.00000      0.00000
      3.84307      6.29887      0.00000      0.00000
      3.85307      4.43843      0.00000      0.00000
      3.86307      3.67909      0.00000      0.00000
      3.87307      4.26733      0.00000      0.00000
      3.88307      6.23581      0.00000      0.00000
      3.89307      7.39108      0.00000      0.00000
      3.90307      7.08482      0.00000      0.00000
      3.91307      6.01383      0.00000      0.00000
      3.92307      4.28344      0.00000      0.00000
      3.93307      3.66907      0.00000      0.00000
      3.94307      4.42263      0.00000      0.00000
      3.95307      4.40844      0.00000      0.00000
      3.96307      3.34970      0.00000      0.00000
      3.97307      3.42921      0.00000      0.00000
      3.98307      4.31013      0.00000      0.00000
      3.99307      4.70198      0.00000      0.00000
      4.00307      4.46361      0.00000      0.00000
      4.01307      4.23224      0.00000      0.00000
      4.02307      4.48188      0.00000      0.00000
      4.03307      4.44241      0.00000      0.00000
      4.04307      3.95797      0.00000      0.00000
      4.05307      3.85632      0.00000      0.00000
      4.06307      4.65316      0.00000      0.00000
      4.07307      5.16289      0.00000      0.00000
      4.08307      4.25196      0.00000      0.00000
      4.09307      3.44142      0.00000      0.00000
      4.10307      3.79609      0.00000      0.00000
      4.11307      3.79030      0.00000      0.00000
      4.12307      2.65468      0.00000      0.00000
      4.13307      1.70331      0.00000      0.00000
      4.14307      1.68371      0.00000      0.00000
      4.15307      2.69282      0.00000      0.00000
      4.16307      3.65511      0.00000      0.00000
      4.17307      3.31399      0.00000      0.00000
      4.18307      2.54942      0.00000      0.00000
      4.19307      1.64695      0.00000      0.00000
      4.20307      1.42720      0.00000      0.00000
      4.21307      2.43329      0.00000      0.00000
      4.22307      3.65851      0.00000      0.00000
      4.23307      3.47740      0.00000      0.00000
      4.24307      2.44246      0.00000      0.00000
      4.25307      2.35193      0.00000      0.00000
      4.26307      3.09006      0.00000      0.00000
      4.27307      3.43349      0.00000      0.00000
      4.28307      3.72880      0.00000      0.00000
      4.29307      4.59480      0.00000      0.00000
      4.30307      4.02820      0.00000      0.00000
      4.31307      2.43199      0.00000      0.00000
      4.32307      2.02893      0.00000      0.00000
      4.33307      2.99135      0.00000      0.00000
      4.34307      3.77427      0.00000      0.00000
      4.35307      3.71150      0.00000      0.00000
      4.36307      3.24647      0.00000      0.00000
      4.37307      2.22650      0.00000      0.00000
      4.38307      1.20531      0.00000      0.00000
      4.39307      1.09580      0.00000      0.00000
      4.40307      1.67637      0.00000      0.00000
      4.41307      2.38485      0.00000      0.00000
      4.42307      2.88947      0.00000      0.00000
      4.43307      2.92433      0.00000      0.00000
      4.44307      3.17912      0.00000      0.00000
      4.45307      3.45721      0.00000      0.00000
      4.46307      2.88814      0.00000      0.00000
      4.47307      1.91580      0.00000      0.00000
      4.48307      1.93160      0.00000      0.00000
      4.49307      2.83768      0.00000      0.00000
      4.50307      3.71478      0.00000      0.00000
      4.51307      4.09185      0.00000      0.00000
      4.52307      3.96966      0.00000      0.00000
      4.53307      3.84064      0.00000      0.00000
      4.54307      3.74714      0.00000      0.00000
      4.55307      3.40479      0.00000      0.00000
      4.56307      3.52826      0.00000      0.00000
      4.57307      3.49276      0.00000      0.00000
      4.58307      2.81643      0.00000      0.00000
      4.59307      2.75729      0.00000      0.00000
      4.60307      3.49159      0.00000      0.00000
      4.61307      4.38351      0.00000      0.00000
      4.62307      4.16757      0.00000      0.00000
      4.63307      3.02890      0.00000      0.00000
      4.64307      2.57701      0.00000      0.00000
      4.65307      2.63096      0.00000      0.00000
      4.66307      2.27274      0.00000      0.00000
      4.67307      2.55111      0.00000      0.00000
      4.68307      2.93135      0.00000      0.00000
      4.69307      2.49085      0.00000      0.00000
      4.70307      2.69303      0.00000      0.00000
      4.71307      3.02867      0.00000      0.00000
      4.72307      2.25988      0.00000      0.00000
      4.73307      1.92207      0.00000      0.00000
      4.74307      2.76917      0.00000      0.00000
      4.75307      2.94081      0.00000      0.00000
      4.76307      1.93002      0.00000      0.00000
      4.77307      1.26859      0.00000      0.00000
      4.78307      1.95866      0.00000      0.00000
      4.79307      2.94017      0.00000      0.00000
      4.80307      3.76939      0.00000      0.00000
      4.81307      3.71203      0.00000      0.00000
      4.82307      3.21067      0.00000      0.00000
      4.83307      3.84465      0.00000      0.00000
      4.84307      4.98723      0.00000      0.00000
      4.85307      5.02834      0.00000      0.00000
      4.86307      4.50346      0.00000      0.00000
      4.87307      5.18528      0.00000      0.00000
      4.88307      7.11364      0.00000      0.00000
      4.89307      9.06066      0.00000      0.00000
      4.90307      9.55125      0.00000      0.00000
      4.91307      9.13202      0.00000      0.00000
      4.92307      8.92580      0.00000      0.00000
      4.93307      8.11350      0.00000      0.00000
      4.94307      7.71739      0.00000      0.00000
      4.95307      8.37381      0.00000      0.00000
      4.96307      7.20766      0.00000      0.00000
      4.97307      4.74694      0.00000      0.00000
      4.98307      4.31173      0.00000      0.00000
      4.99307      4.12146      0.00000      0.00000
      5.00307      3.45017      0.00000      0.00000
      5.01307      3.60310      0.00000      0.00000
      5.02307      4.04006      0.00000      0.00000
      5.03307      3.68308      0.00000      0.00000
      5.04307      3.46720      0.00000      0.00000
      5.05307      3.41492      0.00000      0.00000
      5.06307      3.69699      0.00000      0.00000
      5.07307      4.48745      0.00000      0.00000
      5.08307      4.90452      0.00000      0.00000
      5.09307      4.51301      0.00000      0.00000
      5.10307      3.30043      0.00000      0.00000
      5.11307      2.13472      0.00000      0.00000
      5.12307      2.01247      0.00000      0.00000
      5.13307      2.78243      0.00000      0.00000
      5.14307      2.84045      0.00000      0.00000
      5.15307      2.46148      0.00000      0.00000
      5.16307      3.00262      0.00000      0.00000
      5.17307      3.22972      0.00000      0.00000
      5.18307      2.52619      0.00000      0.00000
      5.19307      2.70029      0.00000      0.00000
      5.20307      3.48199      0.00000      0.00000
      5.21307      3.45149      0.00000      0.00000
      5.22307      2.60249      0.00000      0.00000
      5.23307      1.84568      0.00000      0.00000
      5.24307      2.13642      0.00000      0.00000
      5.25307      3.16211      0.00000      0.00000
      5.26307      3.67744      0.00000      0.00000
      5.27307      2.91870      0.00000      0.00000
      5.28307      1.85502      0.00000      0.00000
      5.29307      1.58396      0.00000      0.00000
      5.30307      1.71945      0.00000      0.00000
      5.31307      1.56663      0.00000      0.00000
      5.32307      1.22362      0.00000      0.00000
      5.33307      1.11454      0.00000      0.00000
      5.34307      1.61558      0.00000      0.00000
      5.35307      2.59036      0.00000      0.00000
      5.36307      2.49980      0.00000      0.00000
      5.37307      1.88996      0.00000      0.00000
      5.38307      1.83867      0.00000      0.00000
      5.39307      1.49532      0.00000      0.00000
      5.40307      1.29010      0.00000      0.00000
      5.41307      1.59122      0.00000      0.00000
      5.42307      1.77761      0.00000      0.00000
      5.43307      1.36287      0.00000      0.00000
      5.44307      1.07568      0.00000      0.00000
      5.45307      1.51913      0.00000      0.00000
      5.46307      1.55695      0.00000      0.00000
      5.47307      1.28325      0.00000      0.00000
      5.48307      1.38680      0.00000      0.00000
      5.49307      1.51605      0.00000      0.00000
      5.50307      1.48612      0.00000      0.00000
      5.51307      1.28065      0.00000      0.00000
      5.52307      1.51417      0.00000      0.00000
      5.53307      1.46999      0.00000      0.00000
      5.54307      0.70848      0.00000      0.00000
      5.55307      0.35718      0.00000      0.00000
      5.56307      0.71292      0.00000      0.00000
      5.57307      1.20062      0.00000      0.00000
      5.58307      1.45730      0.00000      0.00000
      5.59307      1.35923      0.00000      0.00000
      5.60307      1.13527      0.00000      0.00000
      5.61307      1.20295      0.00000      0.00000
      5.62307      0.79099      0.00000      0.00000
      5.63307      0.22505      0.00000      0.00000
      5.64307      0.13565      0.00000      0.00000
      5.65307      0.30719      0.00000      0.00000
      5.66307      0.43648      0.00000      0.00000
      5.67307      0.55007      0.00000      0.00000
      5.68307      0.66995      0.00000      0.00000
      5.69307      0.49942      0.00000      0.00000
      5.70307      0.16072      0.00000      0.00000
      5.71307      0.01979      0.00000      0.00000
      5.72307      0.00090      0.00000      0.00000
      5.73307      0.00002      0.00000      0.00000
      5.74307      0.00000      0.00000      0.00000
      5.75307      0.00000      0.00000      0.00000
      5.76307      0.00000      0.00000      0.00000
      5.77307      0.00000      0.00000      0.00000
      5.78307      0.00000      0.00000      0.00000
      5.79307      0.00000      0.00000      0.00000
      5.80307      0.00000      0.00000      0.00000
      5.81307      0.00000      0.00000      0.00000
      5.82307      0.00000      0.00000      0.00000
      5.83307      0.00000      0.00000      0.00000
      5.84307      0.00000      0.00000      0.00000
      5.85307      0.00000      0.00000      0.00000
      5.86307      0.00000      0.00000      0.00000
      5.87307      0.00000      0.00000      0.00000
      5.88307      0.00000      0.00000      0.00000
      5.89307      0.00000      0.00000      0.00000
      5.90307      0.00000      0.00000      0.00000
      5.91307      0.00000      0.00000      0.00000
      5.92307      0.00000      0.00000      0.00000
      5.93307      0.00000      0.00000      0.00000
      5.94307      0.00000      0.00000      0.00000
      5.95307      0.00000      0.00000      0.00000
      5.96307      0.00000      0.00000      0.00000
      5.97307      0.00000      0.00000      0.00000
      5.98307      0.00000      0.00000      0.00000
      5.99307      0.00000      0.00000      0.00000
      6.00307      0.00000      0.00000      0.00000
      6.01307      0.00000      0.00000      0.00000
      6.02307      0.00000      0.00000      0.00000
      6.03307      0.00000      0.00000      0.00000
      6.04307      0.00000      0.00000      0.00000
      6.05307      0.00000      0.00000      0.00000
      6.06307      0.00000      0.00000      0.00000
      6.07307      0.00000      0.00000      0.00000
      6.08307      0.00000      0.00000      0.00000
      6.09307      0.00000      0.00000      0.00000
      6.10307      0.00000      0.00000      0.00000
      6.11307      0.00000      0.00000      0.00000
      6.12307      0.00000      0.00000      0.00000
      6.13307      0.00000      0.00000      0.00000
      6.14307      0.00000      0.00000      0.00000
      6.15307      0.00000      0.00000      0.00000
      6.16307      0.00000      0.00000      0.00000
      6.17307      0.00000      0.00000      0.00000
      6.18307      0.00000      0.00000      0.00000
      6.19307      0.00000      0.00000      0.00000
      6.20307      0.00000      0.00000      0.00000
      6.21307      0.00000      0.00000      0.00000
      6.22307      0.00000      0.00000      0.00000
      6.23307      0.00000      0.00000      0.00000
      6.24307      0.00000      0.00000      0.00000
      6.25307      0.00000      0.00000      0.00000
      6.26307      0.00000      0.00000      0.00000
      6.27307      0.00000      0.00000      0.00000
      6.28307      0.00000      0.00000      0.00000
      6.29307      0.00000      0.00000      0.00000
      6.30307      0.00000      0.00000      0.00000
      6.31307      0.00000      0.00000      0.00000
      6.32307      0.00000      0.00000      0.00000
      6.33307      0.00000      0.00000      0.00000
      6.34307      0.00000      0.00000      0.00000
      6.35307      0.00000      0.00000      0.00000
      6.36307      0.00000      0.00000      0.00000
      6.37307      0.00000      0.00000      0.00000
      6.38307      0.00000      0.00000      0.00000
      6.39307      0.00000      0.00000      0.00000
      6.40307      0.00000      0.00000      0.00000
      6.41307      0.00000      0.00000      0.00000
      6.42307      0.00000      0.00000      0.00000
      6.43307      0.00000      0.00000      0.00000
      6.44307      0.00000      0.00000      0.00000
      6.45307      0.00000      0.00000      0.00000
      6.46307      0.00000      0.00000      0.00000
      6.47307      0.00000      0.00000      0.00000
      6.48307      0.00000      0.00000      0.00000
      6.49307      0.00000      0.00000      0.00000
      6.50307      0.00000      0.00000      0.00000
      6.51307      0.00000      0.00000      0.00000
      6.52307      0.00000      0.00000      0.00000
      6.53307      0.00000      0.00000      0.00000
      6.54307      0.00000      0.00000      0.00000
      6.55307      0.00000      0.00000      0.00000
      6.56307      0.00000      0.00000      0.00000
      6.57307      0.00000      0.00000      0.00000
      6.58307      0.00000      0.00000      0.00000
      6.59307      0.00000      0.00000      0.00000
      6.60307      0.00000      0.00000      0.00000
      6.61307      0.00000      0.00000      0.00000
      6.62307      0.00000      0.00000      0.00000
      6.63307      0.00000      0.00000      0.00000
      6.64307      0.00000      0.00000      0.00000
      6.65307      0.00000      0.00000      0.00000
      6.66307      0.00000      0.00000      0.00000
      6.67307      0.00000      0.00000      0.00000
      6.68307      0.00000      0.00000      0.00000
      6.69307      0.00000      0.00000      0.00000
      6.70307      0.00000      0.00000      0.00000
      6.71307      0.00000      0.00000      0.00000
      6.72307      0.00000      0.00000      0.00000
      6.73307      0.00000      0.00000      0.00000
      6.74307      0.00000      0.00000      0.00000
      6.75307      0.00000      0.00000      0.00000
      6.76307      0.00000      0.00000      0.00000
      6.77307      0.00000      0.00000      0.00000
      6.78307      0.00000      0.00000      0.00000
      6.79307      0.00000      0.00000      0.00000
      6.80307      0.00000      0.00000      0.00000
      6.81307      0.00000      0.00000      0.00000
      6.82307      0.00000      0.00000      0.00000
      6.83307      0.00000      0.00000      0.00000
      6.84307      0.00000      0.00000      0.00000
      6.85307      0.00000      0.00000      0.00000
      6.86307      0.00000      0.00000      0.00000
      6.87307      0.00000      0.00000      0.00000
      6.88307      0.00000      0.00000      0.00000
      6.89307      0.00000      0.00000      0.00000
      6.90307      0.00000      0.00000      0.00000
      6.91307      0.00000      0.00000      0.00000
      6.92307      0.00000      0.00000      0.00000
      6.93307      0.00000      0.00000      0.00000
      6.94307      0.00000      0.00000      0.00000
      6.95307      0.00000      0.00000      0.00000
      6.96307      0.00000      0.00000      0.00000
      6.97307      0.00000      0.00000      0.00000
      6.98307      0.00000      0.00000      0.00000
      6.99307      0.00000      0.00000      0.00000
      7.00307      0.00000      0.00000      0.00000
      7.01307      0.00000      0.00000      0.00000
      7.02307      0.00000      0.00000      0.00000
      7.03307      0.00000      0.00000      0.00000
      7.04307      0.00000      0.00000      0.00000
      7.05307      0.00000      0.00000      0.00000
      7.06307      0.00000      0.00000      0.00000
      7.07307      0.00000      0.00000      0.00000
      7.08307      0.00000      0.00000      0.00000
      7.09307      0.00000      0.00000      0.00000
      7.10307      0.00000      0.00000      0.00000
      7.11307      0.00000      0.00000      0.00000
      7.12307      0.00000      0.00000      0.00000
      7.13307      0.00000      0.00000      0.00000
      7.14307      0.00000      0.00000      0.00000
      7.15307      0.00000      0.00000      0.00000
      7.16307      0.00000      0.00000      0.00000
      7.17307      0.00000      0.00000      0.00000
      7.18307      0.00000      0.00000      0.00000
      7.19307      0.00000      0.00000      0.00000
      7.20307      0.00000      0.00000      0.00000
      7.21307      0.00000      0.00000      0.00000
      7.22307      0.00000      0.00000      0.00000
      7.23307      0.00000      0.00000      0.00000
      7.24307      0.00000      0.00000      0.00000
      7.25307      0.00000      0.00000      0.00000
      7.26307      0.00000      0.00000      0.00000
      7.27307      0.00000      0.00000      0.00000
      7.28307      0.00000      0.00000      0.00000
      7.29307      0.00000      0.00000      0.00000
      7.30307      0.00000      0.00000      0.00000
      7.31307      0.00000      0.00000      0.00000
      7.32307      0.00000      0.00000      0.00000
      7.33307      0.00000      0.00000      0.00000
      7.34307      0.00000      0.00000      0.00000
      7.35307      0.00000      0.00000      0.00000
