Energy-E_F (eV)    DOS (1/eV)    PDOS (1/eV)  of atom type W  Se 
     -5.36782      2.73076      0.75848      1.97227
     -5.35782      2.38187      0.71219      1.66968
     -5.34782      2.57731      0.79894      1.77837
     -5.33782      2.47471      0.75409      1.72062
     -5.32782      1.55990      0.46920      1.09069
     -5.31782      1.30450      0.38565      0.91885
     -5.30782      1.94030      0.53331      1.40700
     -5.29782      2.24127      0.60213      1.63913
     -5.28782      1.66995      0.47698      1.19297
     -5.27782      1.04222      0.31071      0.73151
     -5.26782      1.01792      0.28067      0.73725
     -5.25782      1.12843      0.29165      0.83677
     -5.24782      0.75738      0.19674      0.56063
     -5.23782      0.60817      0.16315      0.44502
     -5.22782      1.19597      0.30591      0.89006
     -5.21782      1.73432      0.42095      1.31336
     -5.20782      1.39959      0.34635      1.05324
     -5.19782      0.82680      0.23400      0.59280
     -5.18782      0.83321      0.25275      0.58046
     -5.17782      1.13016      0.31618      0.81398
     -5.16782      1.12604      0.29119      0.83486
     -5.15782      0.73296      0.19047      0.54249
     -5.14782      0.36572      0.09906      0.26666
     -5.13782      0.48164      0.12225      0.35939
     -5.12782      1.10882      0.26510      0.84373
     -5.11782      1.51787      0.36091      1.15696
     -5.10782      1.12543      0.28655      0.83889
     -5.09782      0.70019      0.19934      0.50085
     -5.08782      0.59509      0.17282      0.42227
     -5.07782      0.58470      0.15389      0.43081
     -5.06782      0.75926      0.18415      0.57512
     -5.05782      0.73904      0.18760      0.55144
     -5.04782      0.43616      0.11970      0.31647
     -5.03782      0.32916      0.09250      0.23666
     -5.02782      0.83164      0.22288      0.60876
     -5.01782      1.58181      0.40363      1.17819
     -5.00782      1.65475      0.41778      1.23696
     -4.99782      1.06531      0.28983      0.77547
     -4.98782      0.58743      0.17764      0.40979
     -4.97782      0.31394      0.09493      0.21901
     -4.96782      0.39438      0.10087      0.29351
     -4.95782      0.77624      0.19161      0.58464
     -4.94782      0.85266      0.21745      0.63521
     -4.93782      0.87880      0.23638      0.64242
     -4.92782      1.36028      0.35860      1.00169
     -4.91782      2.55369      0.65098      1.90271
     -4.90782      4.35748      1.09995      3.25753
     -4.89782      5.26355      1.33360      3.92995
     -4.88782      4.67440      1.19730      3.47711
     -4.87782      3.18536      0.82332      2.36204
     -4.86782      2.19130      0.56227      1.62903
     -4.85782      2.46123      0.62782      1.83341
     -4.84782      2.75937      0.70405      2.05532
     -4.83782      2.72628      0.70163      2.02464
     -4.82782      2.70682      0.71541      1.99141
     -4.81782      2.63335      0.72370      1.90965
     -4.80782      2.29554      0.64908      1.64645
     -4.79782      2.33317      0.64230      1.69087
     -4.78782      2.93481      0.77126      2.16354
     -4.77782      3.29984      0.84896      2.45088
     -4.76782      3.06839      0.78989      2.27849
     -4.75782      2.29850      0.61336      1.68513
     -4.74782      1.89982      0.52979      1.37003
     -4.73782      2.09953      0.55013      1.54940
     -4.72782      2.28314      0.56343      1.71970
     -4.71782      2.39987      0.60189      1.79798
     -4.70782      2.81728      0.74933      2.06795
     -4.69782      2.91919      0.81228      2.10691
     -4.68782      2.56796      0.70498      1.86297
     -4.67782      2.27048      0.60977      1.66072
     -4.66782      2.24899      0.62180      1.62719
     -4.65782      2.88118      0.81178      2.06940
     -4.64782      3.74179      1.03793      2.70386
     -4.63782      3.52831      0.95656      2.57175
     -4.62782      2.46285      0.67555      1.78731
     -4.61782      1.94922      0.56298      1.38624
     -4.60782      2.56555      0.71932      1.84623
     -4.59782      3.81939      1.04230      2.77709
     -4.58782      4.50119      1.28474      3.21644
     -4.57782      4.11273      1.23933      2.87340
     -4.56782      3.32214      1.02889      2.29325
     -4.55782      3.55110      1.08293      2.46817
     -4.54782      4.29042      1.28807      3.00235
     -4.53782      4.38553      1.35679      3.02874
     -4.52782      5.00793      1.60101      3.40692
     -4.51782      5.79597      1.82060      3.97537
     -4.50782      6.28407      1.89634      4.38773
     -4.49782      6.00751      1.77827      4.22924
     -4.48782      4.49991      1.35966      3.14026
     -4.47782      3.30950      1.04435      2.26515
     -4.46782      3.34853      1.06638      2.28215
     -4.45782      3.77936      1.18737      2.59199
     -4.44782      3.98132      1.24316      2.73817
     -4.43782      4.29791      1.31463      2.98328
     -4.42782      5.18745      1.55194      3.63551
     -4.41782      5.90948      1.77821      4.13128
     -4.40782      5.57588      1.70631      3.86957
     -4.39782      4.23454      1.29474      2.93980
     -4.38782      2.52235      0.75305      1.76929
     -4.37782      1.39188      0.39772      0.99416
     -4.36782      1.26492      0.36186      0.90306
     -4.35782      1.53385      0.47640      1.05745
     -4.34782      1.43204      0.48950      0.94254
     -4.33782      0.85237      0.31602      0.53635
     -4.32782      0.68050      0.26884      0.41166
     -4.31782      0.94316      0.35928      0.58388
     -4.30782      1.06043      0.38097      0.67946
     -4.29782      0.97458      0.33360      0.64098
     -4.28782      0.84251      0.26303      0.57948
     -4.27782      0.64624      0.18769      0.45856
     -4.26782      0.28956      0.08596      0.20360
     -4.25782      0.20661      0.08026      0.12635
     -4.24782      0.47950      0.18919      0.29031
     -4.23782      0.91974      0.33050      0.58924
     -4.22782      1.30990      0.43020      0.87970
     -4.21782      1.27470      0.38758      0.88712
     -4.20782      0.85985      0.24927      0.61058
     -4.19782      0.38195      0.11257      0.26939
     -4.18782      0.25184      0.09586      0.15598
     -4.17782      0.64215      0.24821      0.39393
     -4.16782      1.40841      0.47400      0.93441
     -4.15782      2.17829      0.64894      1.52934
     -4.14782      2.29075      0.64681      1.64394
     -4.13782      1.67995      0.45081      1.22915
     -4.12782      1.08063      0.28461      0.79602
     -4.11782      0.67650      0.21724      0.45926
     -4.10782      0.57931      0.19375      0.38557
     -4.09782      1.18881      0.30891      0.87990
     -4.08782      2.09792      0.51930      1.57862
     -4.07782      2.14478      0.56270      1.58209
     -4.06782      1.69773      0.50670      1.19103
     -4.05782      1.32317      0.41177      0.91140
     -4.04782      0.91606      0.27835      0.63771
     -4.03782      0.62386      0.22337      0.40049
     -4.02782      0.74890      0.28795      0.46095
     -4.01782      1.12302      0.38907      0.73395
     -4.00782      1.50419      0.46883      1.03536
     -3.99782      1.22997      0.36831      0.86166
     -3.98782      0.63946      0.18830      0.45116
     -3.97782      0.68591      0.20764      0.47826
     -3.96782      0.96021      0.30496      0.65525
     -3.95782      1.10255      0.34247      0.76008
     -3.94782      1.12339      0.33632      0.78708
     -3.93782      1.06412      0.30144      0.76268
     -3.92782      0.77444      0.20317      0.57127
     -3.91782      0.40827      0.12070      0.28757
     -3.90782      0.49790      0.20640      0.29150
     -3.89782      1.03462      0.38211      0.65251
     -3.88782      1.70014      0.48967      1.21047
     -3.87782      1.83506      0.46291      1.37215
     -3.86782      1.27567      0.32339      0.95228
     -3.85782      0.97548      0.25211      0.72336
     -3.84782      1.43581      0.36514      1.07067
     -3.83782      2.66146      0.68355      1.97791
     -3.82782      3.82830      0.99803      2.83028
     -3.81782      4.47120      1.13062      3.34059
     -3.80782      4.75956      1.14116      3.61840
     -3.79782      5.02936      1.11036      3.91899
     -3.78782      5.62302      1.09938      4.52364
     -3.77782      5.69482      1.07395      4.62087
     -3.76782      4.71123      0.98683      3.72441
     -3.75782      3.65097      0.87869      2.77228
     -3.74782      2.92081      0.77179      2.14902
     -3.73782      3.06770      0.86482      2.20288
     -3.72782      3.93686      1.14240      2.79446
     -3.71782      3.94715      1.15968      2.78747
     -3.70782      3.22816      0.96418      2.26398
     -3.69782      3.10705      0.94328      2.16377
     -3.68782      2.99976      0.89185      2.10792
     -3.67782      2.61672      0.77680      1.83992
     -3.66782      2.71531      0.84326      1.87204
     -3.65782      2.65225      0.84903      1.80323
     -3.64782      2.11809      0.66479      1.45331
     -3.63782      1.64710      0.51432      1.13277
     -3.62782      1.55815      0.52918      1.02896
     -3.61782      2.16174      0.77626      1.38548
     -3.60782      2.77390      0.98620      1.78770
     -3.59782      2.70268      0.96385      1.73882
     -3.58782      2.88209      1.03883      1.84325
     -3.57782      3.17912      1.09917      2.07995
     -3.56782      2.75568      0.86489      1.89079
     -3.55782      2.48287      0.72422      1.75865
     -3.54782      2.75933      0.84536      1.91397
     -3.53782      2.88792      0.92892      1.95900
     -3.52782      2.58934      0.84575      1.74359
     -3.51782      1.98174      0.63311      1.34863
     -3.50782      1.21451      0.40665      0.80786
     -3.49782      1.13061      0.42100      0.70961
     -3.48782      2.26222      0.82400      1.43823
     -3.47782      3.52020      1.28489      2.23530
     -3.46782      3.37412      1.26090      2.11321
     -3.45782      2.91186      1.13643      1.77543
     -3.44782      2.56573      1.01653      1.54921
     -3.43782      2.29052      0.87780      1.41272
     -3.42782      2.43965      0.90962      1.53003
     -3.41782      2.15266      0.79706      1.35559
     -3.40782      1.49739      0.55570      0.94169
     -3.39782      1.47070      0.52036      0.95034
     -3.38782      2.35052      0.80225      1.54827
     -3.37782      3.10749      1.06600      2.04149
     -3.36782      3.01325      1.05729      1.95596
     -3.35782      2.73683      0.99001      1.74682
     -3.34782      2.61339      0.98483      1.62856
     -3.33782      2.41185      0.98619      1.42566
     -3.32782      1.90024      0.80226      1.09798
     -3.31782      1.76251      0.67965      1.08286
     -3.30782      2.60578      0.94825      1.65753
     -3.29782      3.16887      1.20159      1.96728
     -3.28782      2.85940      1.16882      1.69059
     -3.27782      2.52926      1.07258      1.45669
     -3.26782      2.55954      1.07228      1.48726
     -3.25782      2.56697      1.06319      1.50377
     -3.24782      2.50475      1.02435      1.48041
     -3.23782      2.71194      1.11322      1.59872
     -3.22782      2.68871      1.10180      1.58691
     -3.21782      2.37794      0.96016      1.41778
     -3.20782      2.44132      0.97324      1.46808
     -3.19782      2.57032      1.01007      1.56025
     -3.18782      2.54778      0.96852      1.57927
     -3.17782      2.79397      0.99171      1.80227
     -3.16782      2.80436      0.94380      1.86055
     -3.15782      2.37994      0.78936      1.59058
     -3.14782      1.90452      0.66367      1.24085
     -3.13782      2.03516      0.75865      1.27652
     -3.12782      2.16381      0.80584      1.35797
     -3.11782      2.06420      0.76486      1.29934
     -3.10782      2.28591      0.84071      1.44520
     -3.09782      1.99641      0.71038      1.28603
     -3.08782      1.23201      0.41629      0.81572
     -3.07782      0.86534      0.29107      0.57427
     -3.06782      1.25856      0.46146      0.79710
     -3.05782      1.98068      0.77009      1.21059
     -3.04782      2.31394      0.92450      1.38944
     -3.03782      1.76064      0.68911      1.07153
     -3.02782      1.24615      0.45797      0.78818
     -3.01782      1.63558      0.56825      1.06733
     -3.00782      1.80464      0.63879      1.16585
     -2.99782      1.58528      0.59217      0.99312
     -2.98782      1.75048      0.63021      1.12027
     -2.97782      1.59435      0.50229      1.09205
     -2.96782      1.38379      0.41776      0.96603
     -2.95782      1.68642      0.54335      1.14307
     -2.94782      1.76615      0.61557      1.15058
     -2.93782      1.49457      0.59191      0.90267
     -2.92782      1.30106      0.52524      0.77582
     -2.91782      1.38202      0.52275      0.85928
     -2.90782      1.94872      0.68671      1.26201
     -2.89782      2.34558      0.79253      1.55305
     -2.88782      2.06411      0.69394      1.37017
     -2.87782      1.53980      0.54888      0.99092
     -2.86782      1.28603      0.46524      0.82080
     -2.85782      1.09001      0.37664      0.71337
     -2.84782      0.71696      0.21982      0.49713
     -2.83782      0.89908      0.22689      0.67220
     -2.82782      1.45317      0.39338      1.05980
     -2.81782      1.63616      0.52123      1.11493
     -2.80782      1.60458      0.58245      1.02213
     -2.79782      1.20352      0.45983      0.74369
     -2.78782      0.86399      0.28830      0.57569
     -2.77782      1.33656      0.33799      0.99857
     -2.76782      1.83556      0.49296      1.34260
     -2.75782      1.87160      0.61738      1.25422
     -2.74782      2.02684      0.76885      1.25799
     -2.73782      2.15360      0.81741      1.33619
     -2.72782      2.32170      0.85313      1.46858
     -2.71782      2.47608      0.86674      1.60934
     -2.70782      1.83945      0.59571      1.24375
     -2.69782      1.41214      0.40113      1.01101
     -2.68782      1.60209      0.44398      1.15811
     -2.67782      1.58820      0.49251      1.09569
     -2.66782      1.82904      0.63364      1.19540
     -2.65782      2.41896      0.86316      1.55580
     -2.64782      2.46507      0.87260      1.59247
     -2.63782      1.73884      0.56045      1.17839
     -2.62782      1.67400      0.45920      1.21480
     -2.61782      2.42538      0.67733      1.74805
     -2.60782      2.81860      0.85786      1.96075
     -2.59782      2.57028      0.79917      1.77111
     -2.58782      3.42828      0.97594      2.45235
     -2.57782      5.81093      1.48798      4.32295
     -2.56782      7.03903      1.63931      5.39972
     -2.55782      6.81201      1.49166      5.32035
     -2.54782      6.63111      1.44050      5.19062
     -2.53782      6.30575      1.38909      4.91666
     -2.52782      5.64616      1.25831      4.38785
     -2.51782      4.25854      0.94097      3.31757
     -2.50782      3.39544      0.76883      2.62661
     -2.49782      3.77807      0.96976      2.80831
     -2.48782      4.38058      1.27647      3.10411
     -2.47782      4.31078      1.27360      3.03718
     -2.46782      3.61305      1.00571      2.60734
     -2.45782      2.97275      0.77561      2.19714
     -2.44782      2.68126      0.70531      1.97595
     -2.43782      3.20976      0.92686      2.28290
     -2.42782      4.24153      1.21098      3.03055
     -2.41782      4.44049      1.15950      3.28100
     -2.40782      3.72964      1.01334      2.71630
     -2.39782      2.94523      0.94190      2.00334
     -2.38782      3.44014      1.07406      2.36608
     -2.37782      5.06150      1.41045      3.65106
     -2.36782      5.02354      1.43446      3.58908
     -2.35782      3.88633      1.18287      2.70346
     -2.34782      3.42949      1.01699      2.41250
     -2.33782      3.33706      0.87136      2.46570
     -2.32782      3.40879      0.82122      2.58757
     -2.31782      3.21759      0.94544      2.27215
     -2.30782      3.11689      1.07575      2.04113
     -2.29782      3.26443      1.05244      2.21199
     -2.28782      3.53142      0.99402      2.53740
     -2.27782      3.13827      0.90651      2.23176
     -2.26782      2.31241      0.77163      1.54078
     -2.25782      2.02056      0.68123      1.33933
     -2.24782      2.36306      0.75184      1.61122
     -2.23782      3.03339      0.98142      2.05197
     -2.22782      3.72484      1.12430      2.60054
     -2.21782      3.95258      1.15757      2.79501
     -2.20782      3.75484      1.12750      2.62733
     -2.19782      3.60005      1.09527      2.50478
     -2.18782      3.30755      1.02149      2.28606
     -2.17782      3.19113      0.94971      2.24142
     -2.16782      3.83795      1.14092      2.69703
     -2.15782      3.81259      1.16704      2.64555
     -2.14782      2.81888      0.89969      1.91918
     -2.13782      2.35287      0.80055      1.55232
     -2.12782      2.33913      0.81583      1.52330
     -2.11782      3.02369      1.08667      1.93702
     -2.10782      4.19740      1.47604      2.72136
     -2.09782      4.58344      1.48720      3.09624
     -2.08782      4.30544      1.33191      2.97352
     -2.07782      3.88314      1.16019      2.72295
     -2.06782      3.04790      0.89039      2.15752
     -2.05782      2.60262      0.86973      1.73289
     -2.04782      2.82585      1.02158      1.80427
     -2.03782      3.39919      1.13811      2.26107
     -2.02782      3.97840      1.19734      2.78106
     -2.01782      4.10416      1.23859      2.86557
     -2.00782      3.83473      1.17996      2.65477
     -1.99782      3.49584      1.02032      2.47552
     -1.98782      3.26651      0.95350      2.31301
     -1.97782      3.05998      0.95703      2.10295
     -1.96782      2.95338      0.91353      2.03985
     -1.95782      2.98760      0.82579      2.16182
     -1.94782      2.89777      0.65974      2.23803
     -1.93782      2.46653      0.43420      2.03233
     -1.92782      1.89048      0.36418      1.52630
     -1.91782      1.40763      0.44096      0.96667
     -1.90782      1.29901      0.45818      0.84083
     -1.89782      1.61149      0.41441      1.19708
     -1.88782      2.14762      0.47562      1.67200
     -1.87782      2.58306      0.66278      1.92028
     -1.86782      2.46638      0.69254      1.77384
     -1.85782      2.45885      0.76703      1.69181
     -1.84782      2.63546      0.91019      1.72527
     -1.83782      2.59723      0.86231      1.73492
     -1.82782      2.84585      0.78776      2.05809
     -1.81782      2.62815      0.58479      2.04336
     -1.80782      2.25028      0.40612      1.84416
     -1.79782      2.02878      0.40448      1.62430
     -1.78782      1.67320      0.37299      1.30021
     -1.77782      1.45461      0.32014      1.13447
     -1.76782      1.65819      0.37904      1.27915
     -1.75782      2.23453      0.59724      1.63729
     -1.74782      2.88856      0.90144      1.98712
     -1.73782      3.03373      0.97021      2.06352
     -1.72782      2.36359      0.68161      1.68198
     -1.71782      1.64253      0.38741      1.25512
     -1.70782      1.52095      0.29386      1.22709
     -1.69782      1.89121      0.33218      1.55903
     -1.68782      2.20167      0.45024      1.75143
     -1.67782      2.18933      0.57351      1.61582
     -1.66782      2.20875      0.62998      1.57878
     -1.65782      2.71451      0.80302      1.91149
     -1.64782      3.10512      0.86267      2.24245
     -1.63782      2.71512      0.67057      2.04455
     -1.62782      1.98074      0.48723      1.49350
     -1.61782      1.46267      0.30980      1.15287
     -1.60782      1.62060      0.28023      1.34037
     -1.59782      1.94431      0.38097      1.56334
     -1.58782      1.77792      0.45656      1.32136
     -1.57782      1.57666      0.48780      1.08887
     -1.56782      1.42178      0.40091      1.02087
     -1.55782      1.35477      0.33227      1.02250
     -1.54782      1.69901      0.41345      1.28556
     -1.53782      2.30002      0.55926      1.74076
     -1.52782      2.45034      0.62834      1.82200
     -1.51782      2.11837      0.67649      1.44188
     -1.50782      1.95844      0.68825      1.27019
     -1.49782      1.94341      0.59750      1.34591
     -1.48782      1.63468      0.47470      1.15998
     -1.47782      1.48042      0.44648      1.03394
     -1.46782      1.79153      0.60126      1.19027
     -1.45782      1.78547      0.65938      1.12609
     -1.44782      1.44062      0.54094      0.89968
     -1.43782      1.38044      0.51983      0.86062
     -1.42782      1.49844      0.60264      0.89580
     -1.41782      1.53729      0.65741      0.87988
     -1.40782      1.33311      0.57637      0.75673
     -1.39782      1.18604      0.50765      0.67839
     -1.38782      1.21222      0.52576      0.68646
     -1.37782      1.28712      0.54069      0.74643
     -1.36782      1.34197      0.50588      0.83609
     -1.35782      1.18544      0.37200      0.81344
     -1.34782      0.77848      0.20818      0.57029
     -1.33782      0.34046      0.09893      0.24153
     -1.32782      0.24804      0.11430      0.13374
     -1.31782      0.36473      0.17407      0.19066
     -1.30782      0.35474      0.17935      0.17539
     -1.29782      0.31620      0.17123      0.14497
     -1.28782      0.43598      0.20982      0.22616
     -1.27782      0.72390      0.34485      0.37904
     -1.26782      1.09038      0.56389      0.52649
     -1.25782      1.11584      0.62391      0.49192
     -1.24782      0.96368      0.57337      0.39031
     -1.23782      0.72875      0.43081      0.29794
     -1.22782      0.42105      0.23454      0.18651
     -1.21782      0.52753      0.30011      0.22742
     -1.20782      0.79042      0.49062      0.29980
     -1.19782      0.95350      0.59604      0.35746
     -1.18782      1.07797      0.63783      0.44014
     -1.17782      0.91890      0.54462      0.37428
     -1.16782      0.84905      0.50662      0.34243
     -1.15782      1.06693      0.61678      0.45015
     -1.14782      0.84914      0.48107      0.36807
     -1.13782      0.61232      0.34116      0.27117
     -1.12782      1.01120      0.58376      0.42744
     -1.11782      1.54666      0.92730      0.61935
     -1.10782      1.93535      1.16791      0.76744
     -1.09782      1.97945      1.19619      0.78327
     -1.08782      1.70481      1.01312      0.69169
     -1.07782      1.35336      0.77553      0.57782
     -1.06782      1.17914      0.68963      0.48951
     -1.05782      1.26611      0.78109      0.48502
     -1.04782      1.37233      0.85268      0.51965
     -1.03782      1.34551      0.81497      0.53053
     -1.02782      1.15645      0.71223      0.44422
     -1.01782      1.00916      0.64208      0.36708
     -1.00782      1.60737      1.01369      0.59368
     -0.99782      2.34649      1.49520      0.85129
     -0.98782      2.34254      1.51328      0.82926
     -0.97782      2.18050      1.37339      0.80711
     -0.96782      1.81122      1.12814      0.68308
     -0.95782      1.71484      1.11971      0.59513
     -0.94782      1.87181      1.23908      0.63274
     -0.93782      1.83774      1.20089      0.63684
     -0.92782      2.21383      1.43574      0.77809
     -0.91782      2.78864      1.80705      0.98159
     -0.90782      3.07745      2.00105      1.07640
     -0.89782      3.24534      2.11226      1.13308
     -0.88782      3.13203      2.08405      1.04797
     -0.87782      3.19963      2.22262      0.97700
     -0.86782      3.93398      2.77230      1.16168
     -0.85782      4.41096      3.09737      1.31359
     -0.84782      3.94010      2.77899      1.16110
     -0.83782      3.33418      2.32518      1.00900
     -0.82782      3.56399      2.39094      1.17305
     -0.81782      3.45830      2.29687      1.16143
     -0.80782      3.17524      2.17046      1.00478
     -0.79782      3.22483      2.24117      0.98366
     -0.78782      2.62690      1.80001      0.82689
     -0.77782      2.38273      1.59317      0.78956
     -0.76782      3.00354      1.99701      1.00653
     -0.75782      3.22455      2.10110      1.12346
     -0.74782      2.71470      1.76619      0.94851
     -0.73782      2.43141      1.66159      0.76983
     -0.72782      2.43429      1.69995      0.73434
     -0.71782      2.35462      1.61764      0.73698
     -0.70782      2.48139      1.67965      0.80173
     -0.69782      2.62405      1.77068      0.85337
     -0.68782      2.27308      1.52537      0.74771
     -0.67782      1.99612      1.35571      0.64042
     -0.66782      2.15915      1.48070      0.67846
     -0.65782      2.10167      1.43625      0.66542
     -0.64782      2.07231      1.39763      0.67468
     -0.63782      2.55644      1.71107      0.84537
     -0.62782      2.74337      1.86187      0.88150
     -0.61782      2.34762      1.64648      0.70114
     -0.60782      1.91649      1.36191      0.55458
     -0.59782      1.77736      1.22870      0.54866
     -0.58782      1.75333      1.18963      0.56370
     -0.57782      1.80306      1.23332      0.56973
     -0.56782      2.24510      1.56009      0.68501
     -0.55782      2.25607      1.57548      0.68060
     -0.54782      1.87402      1.29095      0.58307
     -0.53782      1.78044      1.21604      0.56440
     -0.52782      1.87785      1.30186      0.57599
     -0.51782      2.19640      1.54719      0.64921
     -0.50782      2.58865      1.83609      0.75257
     -0.49782      2.26167      1.60472      0.65696
     -0.48782      1.65722      1.15875      0.49847
     -0.47782      1.65121      1.14292      0.50828
     -0.46782      1.82609      1.26588      0.56021
     -0.45782      2.03596      1.41147      0.62449
     -0.44782      2.40222      1.67255      0.72967
     -0.43782      2.44123      1.70007      0.74116
     -0.42782      2.11006      1.46004      0.65002
     -0.41782      1.68959      1.16245      0.52714
     -0.40782      1.27628      0.88860      0.38768
     -0.39782      1.14259      0.82069      0.32190
     -0.38782      1.22871      0.90317      0.32554
     -0.37782      1.14513      0.85743      0.28770
     -0.36782      0.83500      0.62912      0.20589
     -0.35782      0.59273      0.43743      0.15530
     -0.34782      0.57291      0.41696      0.15594
     -0.33782      0.66259      0.48681      0.17579
     -0.32782      0.62511      0.46420      0.16091
     -0.31782      0.56578      0.42332      0.14246
     -0.30782      0.56957      0.43169      0.13788
     -0.29782      0.57813      0.43972      0.13841
     -0.28782      0.56143      0.42297      0.13846
     -0.27782      0.40866      0.30695      0.10171
     -0.26782      0.43738      0.33237      0.10501
     -0.25782      0.75909      0.57919      0.17989
     -0.24782      0.99804      0.76347      0.23457
     -0.23782      0.97792      0.74992      0.22801
     -0.22782      0.57525      0.44153      0.13372
     -0.21782      0.16281      0.12509      0.03772
     -0.20782      0.11835      0.09122      0.02713
     -0.19782      0.41548      0.32023      0.09525
     -0.18782      0.63440      0.48894      0.14546
     -0.17782      0.43358      0.33506      0.09851
     -0.16782      0.32877      0.25591      0.07285
     -0.15782      0.40638      0.31611      0.09027
     -0.14782      0.39923      0.31000      0.08923
     -0.13782      0.49047      0.38138      0.10909
     -0.12782      0.69091      0.53880      0.15211
     -0.11782      0.63117      0.49410      0.13707
     -0.10782      0.39110      0.30716      0.08394
     -0.09782      0.17910      0.14070      0.03840
     -0.08782      0.18683      0.14653      0.04030
     -0.07782      0.31853      0.25027      0.06825
     -0.06782      0.39393      0.31013      0.08379
     -0.05782      0.36443      0.28719      0.07723
     -0.04782      0.38945      0.30712      0.08233
     -0.03782      0.40555      0.32022      0.08533
     -0.02782      0.38193      0.30203      0.07990
     -0.01782      0.26847      0.21249      0.05598
     -0.00782      0.19240      0.15246      0.03995
      0.00218      0.13769      0.10915      0.02854
      0.01218      0.04621      0.03664      0.00957
      0.02218      0.00586      0.00465      0.00122
      0.03218      0.00027      0.00022      0.00006
      0.04218      0.00000      0.00000      0.00000
      0.05218      0.00000      0.00000      0.00000
      0.06218      0.00000      0.00000      0.00000
      0.07218      0.00000      0.00000      0.00000
      0.08218      0.00000      0.00000      0.00000
      0.09218      0.00000      0.00000      0.00000
      0.10218      0.00000      0.00000      0.00000
      0.11218      0.00000      0.00000      0.00000
      0.12218      0.00000      0.00000      0.00000
      0.13218      0.00000      0.00000      0.00000
      0.14218      0.00000      0.00000      0.00000
      0.15218      0.00000      0.00000      0.00000
      0.16218      0.00000      0.00000      0.00000
      0.17218      0.00000      0.00000      0.00000
      0.18218      0.00000      0.00000      0.00000
      0.19218      0.00000      0.00000      0.00000
      0.20218      0.00000      0.00000      0.00000
      0.21218      0.00000      0.00000      0.00000
      0.22218      0.00000      0.00000      0.00000
      0.23218      0.00000      0.00000      0.00000
      0.24218      0.00000      0.00000      0.00000
      0.25218      0.00000      0.00000      0.00000
      0.26218      0.00000      0.00000      0.00000
      0.27218      0.00000      0.00000      0.00000
      0.28218      0.00000      0.00000      0.00000
      0.29218      0.00000      0.00000      0.00000
      0.30218      0.00000      0.00000      0.00000
      0.31218      0.00000      0.00000      0.00000
      0.32218      0.00000      0.00000      0.00000
      0.33218      0.00000      0.00000      0.00000
      0.34218      0.00000      0.00000      0.00000
      0.35218      0.00000      0.00000      0.00000
      0.36218      0.00000      0.00000      0.00000
      0.37218      0.00000      0.00000      0.00000
      0.38218      0.00000      0.00000      0.00000
      0.39218      0.00000      0.00000      0.00000
      0.40218      0.00000      0.00000      0.00000
      0.41218      0.00000      0.00000      0.00000
      0.42218      0.00000      0.00000      0.00000
      0.43218      0.00000      0.00000      0.00000
      0.44218      0.00000      0.00000      0.00000
      0.45218      0.00000      0.00000      0.00000
      0.46218      0.00000      0.00000      0.00000
      0.47218      0.00000      0.00000      0.00000
      0.48218      0.00000      0.00000      0.00000
      0.49218      0.00000      0.00000      0.00000
      0.50218      0.00000      0.00000      0.00000
      0.51218      0.00000      0.00000      0.00000
      0.52218      0.00000      0.00000      0.00000
      0.53218      0.00000      0.00000      0.00000
      0.54218      0.00000      0.00000      0.00000
      0.55218      0.00000      0.00000      0.00000
      0.56218      0.00000      0.00000      0.00000
      0.57218      0.00000      0.00000      0.00000
      0.58218      0.00000      0.00000      0.00000
      0.59218      0.00000      0.00000      0.00000
      0.60218      0.00000      0.00000      0.00000
      0.61218      0.00000      0.00000      0.00000
      0.62218      0.00000      0.00000      0.00000
      0.63218      0.00000      0.00000      0.00000
      0.64218      0.00000      0.00000      0.00000
      0.65218      0.00000      0.00000      0.00000
      0.66218      0.00000      0.00000      0.00000
      0.67218      0.00000      0.00000      0.00000
      0.68218      0.00000      0.00000      0.00000
      0.69218      0.00000      0.00000      0.00000
      0.70218      0.00000      0.00000      0.00000
      0.71218      0.00000      0.00000      0.00000
      0.72218      0.00000      0.00000      0.00000
      0.73218      0.00000      0.00000      0.00000
      0.74218      0.00000      0.00000      0.00000
      0.75218      0.00000      0.00000      0.00000
      0.76218      0.00000      0.00000      0.00000
      0.77218      0.00000      0.00000      0.00000
      0.78218      0.00000      0.00000      0.00000
      0.79218      0.00000      0.00000      0.00000
      0.80218      0.00000      0.00000      0.00000
      0.81218      0.00000      0.00000      0.00000
      0.82218      0.00000      0.00000      0.00000
      0.83218      0.00000      0.00000      0.00000
      0.84218      0.00000      0.00000      0.00000
      0.85218      0.00000      0.00000      0.00000
      0.86218      0.00000      0.00000      0.00000
      0.87218      0.00000      0.00000      0.00000
      0.88218      0.00000      0.00000      0.00000
      0.89218      0.00000      0.00000      0.00000
      0.90218      0.00000      0.00000      0.00000
      0.91218      0.00000      0.00000      0.00000
      0.92218      0.00000      0.00000      0.00000
      0.93218      0.00000      0.00000      0.00000
      0.94218      0.00000      0.00000      0.00000
      0.95218      0.00000      0.00000      0.00000
      0.96218      0.00000      0.00000      0.00000
      0.97218      0.00000      0.00000      0.00000
      0.98218      0.00000      0.00000      0.00000
      0.99218      0.00000      0.00000      0.00000
      1.00218      0.00000      0.00000      0.00000
      1.01218      0.00000      0.00000      0.00000
      1.02218      0.00000      0.00000      0.00000
      1.03218      0.00000      0.00000      0.00000
      1.04218      0.00000      0.00000      0.00000
      1.05218      0.00000      0.00000      0.00000
      1.06218      0.00000      0.00000      0.00000
      1.07218      0.00000      0.00000      0.00000
      1.08218      0.00000      0.00000      0.00000
      1.09218      0.00000      0.00000      0.00000
      1.10218      0.00000      0.00000      0.00000
      1.11218      0.00000      0.00000      0.00000
      1.12218      0.00000      0.00000      0.00000
      1.13218      0.00000      0.00000      0.00000
      1.14218      0.00000      0.00000      0.00000
      1.15218      0.00000      0.00000      0.00000
      1.16218      0.00000      0.00000      0.00000
      1.17218      0.00000      0.00000      0.00000
      1.18218      0.00000      0.00000      0.00000
      1.19218      0.00000      0.00000      0.00000
      1.20218      0.00000      0.00000      0.00000
      1.21218      0.00000      0.00000      0.00000
      1.22218      0.00000      0.00000      0.00000
      1.23218      0.00000      0.00000      0.00000
      1.24218      0.00000      0.00000      0.00000
      1.25218      0.00000      0.00000      0.00000
      1.26218      0.00000      0.00000      0.00000
      1.27218      0.00000      0.00000      0.00000
      1.28218      0.00000      0.00000      0.00000
      1.29218      0.00000      0.00000      0.00000
      1.30218      0.00000      0.00000      0.00000
      1.31218      0.00000      0.00000      0.00000
      1.32218      0.00000      0.00000      0.00000
      1.33218      0.00000      0.00000      0.00000
      1.34218      0.00000      0.00000      0.00000
      1.35218      0.00000      0.00000      0.00000
      1.36218      0.00000      0.00000      0.00000
      1.37218      0.00000      0.00000      0.00000
      1.38218      0.00000      0.00000      0.00000
      1.39218      0.00000      0.00000      0.00000
      1.40218      0.00000      0.00000      0.00000
      1.41218      0.00000      0.00000      0.00000
      1.42218      0.00000      0.00000      0.00000
      1.43218      0.00000      0.00000      0.00000
      1.44218      0.00000      0.00000      0.00000
      1.45218      0.00000      0.00000      0.00000
      1.46218      0.00000      0.00000      0.00000
      1.47218      0.00000      0.00000      0.00000
      1.48218      0.00000      0.00000      0.00000
      1.49218      0.00000      0.00000      0.00000
      1.50218      0.00000      0.00000      0.00000
      1.51218      0.00000      0.00000      0.00000
      1.52218      0.00000      0.00000      0.00000
      1.53218      0.00000      0.00000      0.00000
      1.54218      0.00000      0.00000      0.00000
      1.55218      0.00000      0.00000      0.00000
      1.56218      0.00000      0.00000      0.00000
      1.57218      0.00000      0.00000      0.00000
      1.58218      0.00000      0.00000      0.00000
      1.59218      0.00000      0.00000      0.00000
      1.60218      0.00000      0.00000      0.00000
      1.61218      0.00000      0.00000      0.00000
      1.62218      0.00000      0.00000      0.00000
      1.63218      0.00000      0.00000      0.00000
      1.64218      0.00000      0.00000      0.00000
      1.65218      0.00000      0.00000      0.00000
      1.66218      0.00000      0.00000      0.00000
      1.67218      0.00000      0.00000      0.00000
      1.68218      0.00000      0.00000      0.00000
      1.69218      0.00000      0.00000      0.00000
      1.70218      0.00000      0.00000      0.00000
      1.71218      0.00000      0.00000      0.00000
      1.72218      0.00000      0.00000      0.00000
      1.73218      0.00000      0.00000      0.00000
      1.74218      0.00000      0.00000      0.00000
      1.75218      0.00000      0.00000      0.00000
      1.76218      0.00000      0.00000      0.00000
      1.77218      0.00000      0.00000      0.00000
      1.78218      0.00000      0.00000      0.00000
      1.79218      0.00000      0.00000      0.00000
      1.80218      0.00000      0.00000      0.00000
      1.81218      0.00000      0.00000      0.00000
      1.82218      0.00000      0.00000      0.00000
      1.83218      0.00000      0.00000      0.00000
      1.84218      0.00000      0.00000      0.00000
      1.85218      0.00000      0.00000      0.00000
      1.86218      0.00000      0.00000      0.00000
      1.87218      0.00000      0.00000      0.00000
      1.88218      0.00000      0.00000      0.00000
      1.89218      0.00000      0.00000      0.00000
      1.90218      0.00000      0.00000      0.00000
      1.91218      0.00000      0.00000      0.00000
      1.92218      0.00000      0.00000      0.00000
      1.93218      0.00000      0.00000      0.00000
      1.94218      0.00000      0.00000      0.00000
      1.95218      0.00000      0.00000      0.00000
      1.96218      0.00000      0.00000      0.00000
      1.97218      0.00000      0.00000      0.00000
      1.98218      0.00000      0.00000      0.00000
      1.99218      0.00000      0.00000      0.00000
      2.00218      0.00000      0.00000      0.00000
      2.01218      0.00000      0.00000      0.00000
      2.02218      0.00000      0.00000      0.00000
      2.03218      0.00000      0.00000      0.00000
      2.04218      0.00000      0.00000      0.00000
      2.05218      0.00000      0.00000      0.00000
      2.06218      0.00000      0.00000      0.00000
      2.07218      0.00000      0.00000      0.00000
      2.08218      0.00000      0.00000      0.00000
      2.09218      0.00000      0.00000      0.00000
      2.10218      0.00000      0.00000      0.00000
      2.11218      0.00000      0.00000      0.00000
      2.12218      0.00000      0.00000      0.00000
      2.13218      0.00000      0.00000      0.00000
      2.14218      0.00000      0.00000      0.00000
      2.15218      0.00000      0.00000      0.00000
      2.16218      0.00000      0.00000      0.00000
      2.17218      0.00000      0.00000      0.00000
      2.18218      0.00000      0.00000      0.00000
      2.19218      0.00000      0.00000      0.00000
      2.20218      0.00000      0.00000      0.00000
      2.21218      0.00007      0.00006      0.00001
      2.22218      0.00219      0.00196      0.00023
      2.23218      0.02466      0.02210      0.00257
      2.24218      0.10298      0.09226      0.01071
      2.25218      0.17287      0.15485      0.01802
      2.26218      0.20427      0.18280      0.02147
      2.27218      0.31088      0.27799      0.03289
      2.28218      0.31657      0.28304      0.03354
      2.29218      0.30291      0.27076      0.03214
      2.30218      0.34478      0.30774      0.03703
      2.31218      0.32809      0.28560      0.04250
      2.32218      0.52863      0.41314      0.11548
      2.33218      0.95504      0.64255      0.31250
      2.34218      1.42652      0.86395      0.56257
      2.35218      1.78194      1.03742      0.74453
      2.36218      1.93156      1.15538      0.77618
      2.37218      1.96901      1.22702      0.74199
      2.38218      1.93865      1.22506      0.71359
      2.39218      1.95344      1.22197      0.73148
      2.40218      2.34584      1.43399      0.91185
      2.41218      2.69627      1.63789      1.05837
      2.42218      2.38987      1.48530      0.90457
      2.43218      1.85181      1.13356      0.71824
      2.44218      1.87473      1.10381      0.77092
      2.45218      2.12081      1.31222      0.80859
      2.46218      2.15011      1.37081      0.77930
      2.47218      2.37280      1.41113      0.96166
      2.48218      2.72965      1.56641      1.16324
      2.49218      2.91748      1.74725      1.17024
      2.50218      2.94641      1.80760      1.13881
      2.51218      2.77854      1.67059      1.10795
      2.52218      2.78454      1.68120      1.10333
      2.53218      2.94343      1.87862      1.06481
      2.54218      2.86197      1.86390      0.99807
      2.55218      2.88424      1.80698      1.07726
      2.56218      3.89483      2.24372      1.65111
      2.57218      5.11644      2.86059      2.25585
      2.58218      4.20283      2.39259      1.81024
      2.59218      2.82225      1.69460      1.12765
      2.60218      3.06776      1.93761      1.13015
      2.61218      3.72446      2.39492      1.32955
      2.62218      3.66668      2.33453      1.33214
      2.63218      3.19300      1.96840      1.22460
      2.64218      2.79124      1.72359      1.06765
      2.65218      2.23193      1.40051      0.83142
      2.66218      2.25144      1.43212      0.81932
      2.67218      3.63335      2.38272      1.25063
      2.68218      4.65523      3.06397      1.59126
      2.69218      4.19456      2.73142      1.46314
      2.70218      3.05254      2.00155      1.05099
      2.71218      2.23154      1.49495      0.73659
      2.72218      2.29808      1.55983      0.73825
      2.73218      2.79941      1.91472      0.88469
      2.74218      3.20739      2.21018      0.99721
      2.75218      2.80853      1.88174      0.92679
      2.76218      2.25467      1.45880      0.79587
      2.77218      2.01077      1.32544      0.68533
      2.78218      2.00154      1.32709      0.67445
      2.79218      2.12657      1.42315      0.70342
      2.80218      2.26879      1.60090      0.66789
      2.81218      2.54978      1.87590      0.67388
      2.82218      2.52244      1.84777      0.67467
      2.83218      1.99168      1.33602      0.65566
      2.84218      1.52706      0.88378      0.64328
      2.85218      1.20476      0.72010      0.48466
      2.86218      1.61202      1.17517      0.43685
      2.87218      2.48095      1.88627      0.59468
      2.88218      2.47839      1.85227      0.62612
      2.89218      1.70592      1.22656      0.47936
      2.90218      1.44009      1.00969      0.43040
      2.91218      1.77230      1.29541      0.47689
      2.92218      1.97741      1.51627      0.46113
      2.93218      2.07924      1.53146      0.54777
      2.94218      1.80355      1.25913      0.54442
      2.95218      1.13428      0.82665      0.30763
      2.96218      1.04704      0.83063      0.21640
      2.97218      2.03454      1.55319      0.48135
      2.98218      3.56675      2.63849      0.92826
      2.99218      4.04554      3.00479      1.04075
      3.00218      3.54898      2.63924      0.90974
      3.01218      3.49145      2.51417      0.97727
      3.02218      3.84482      2.70502      1.13980
      3.03218      4.07917      2.85711      1.22206
      3.04218      4.48476      3.12856      1.35621
      3.05218      5.63139      3.91958      1.71181
      3.06218      6.96223      4.87000      2.09223
      3.07218      7.74256      5.35401      2.38856
      3.08218      7.15363      4.93625      2.21738
      3.09218      5.80402      4.16724      1.63678
      3.10218      5.59066      4.11718      1.47349
      3.11218      5.22777      3.83304      1.39473
      3.12218      4.44285      3.19202      1.25083
      3.13218      4.20588      2.86021      1.34566
      3.14218      3.96072      2.53911      1.42161
      3.15218      3.35793      2.22078      1.13715
      3.16218      3.07936      2.14209      0.93727
      3.17218      3.01859      2.08200      0.93659
      3.18218      3.03266      2.08791      0.94476
      3.19218      3.04180      2.09515      0.94665
      3.20218      2.87693      1.96763      0.90930
      3.21218      3.59586      2.44418      1.15167
      3.22218      5.03466      3.37964      1.65502
      3.23218      5.85076      3.73752      2.11323
      3.24218      5.33026      3.32603      2.00423
      3.25218      4.18141      2.76418      1.41723
      3.26218      3.72606      2.62537      1.10068
      3.27218      4.55237      3.24770      1.30467
      3.28218      5.91647      4.12094      1.79553
      3.29218      6.47020      4.36398      2.10622
      3.30218      5.66745      3.75283      1.91462
      3.31218      4.92869      3.35357      1.57512
      3.32218      4.96846      3.48899      1.47948
      3.33218      5.38298      3.67574      1.70724
      3.34218      6.04192      4.00767      2.03425
      3.35218      5.47045      3.61945      1.85100
      3.36218      4.42714      3.04980      1.37734
      3.37218      4.39398      3.25642      1.13756
      3.38218      4.83136      3.53973      1.29162
      3.39218      5.37419      3.74271      1.63149
      3.40218      5.51773      3.89128      1.62644
      3.41218      5.19066      3.74376      1.44690
      3.42218      4.36932      3.06010      1.30922
      3.43218      3.76147      2.49106      1.27041
      3.44218      3.60507      2.34457      1.26050
      3.45218      3.73665      2.49282      1.24383
      3.46218      3.94515      2.63060      1.31455
      3.47218      3.50875      2.24054      1.26821
      3.48218      2.71708      1.73142      0.98566
      3.49218      2.41501      1.65230      0.76271
      3.50218      2.82858      1.99827      0.83031
      3.51218      3.62144      2.52369      1.09775
      3.52218      4.36115      2.88100      1.48016
      3.53218      4.24737      2.61572      1.63164
      3.54218      3.33445      1.97380      1.36065
      3.55218      2.52472      1.49014      1.03458
      3.56218      2.34622      1.37845      0.96777
      3.57218      2.43702      1.41662      1.02040
      3.58218      2.43424      1.47610      0.95814
      3.59218      2.50667      1.59516      0.91150
      3.60218      3.07968      1.90765      1.17203
      3.61218      3.32107      1.91075      1.41032
      3.62218      3.18013      1.71063      1.46950
      3.63218      2.96104      1.57330      1.38774
      3.64218      3.04515      1.65941      1.38574
      3.65218      3.55821      1.97141      1.58680
      3.66218      3.90854      2.24065      1.66789
      3.67218      3.77369      2.28683      1.48686
      3.68218      3.90084      2.27293      1.62791
      3.69218      4.71139      2.52133      2.19006
      3.70218      4.58526      2.39041      2.19485
      3.71218      4.09854      2.13437      1.96417
      3.72218      4.51544      2.34241      2.17303
      3.73218      4.89456      2.53521      2.35934
      3.74218      3.75176      1.95483      1.79693
      3.75218      2.45571      1.32142      1.13429
      3.76218      2.58046      1.43353      1.14694
      3.77218      3.50210      1.87781      1.62429
      3.78218      4.06572      2.15641      1.90931
      3.79218      3.23606      1.79989      1.43616
      3.80218      1.93335      1.11463      0.81872
      3.81218      1.72654      0.96733      0.75921
      3.82218      1.80480      1.02091      0.78389
      3.83218      2.17627      1.26081      0.91546
      3.84218      2.97603      1.70606      1.26997
      3.85218      3.38619      1.88162      1.50457
      3.86218      3.53452      1.92266      1.61186
      3.87218      2.95364      1.60169      1.35195
      3.88218      1.83849      0.99914      0.83935
      3.89218      1.66173      0.91112      0.75061
      3.90218      1.97716      1.06814      0.90901
      3.91218      2.14588      1.13722      1.00866
      3.92218      2.01000      1.07241      0.93759
      3.93218      1.68447      0.93346      0.75100
      3.94218      1.55282      0.86040      0.69242
      3.95218      1.79436      0.97859      0.81577
      3.96218      2.00346      1.07480      0.92866
      3.97218      2.12990      1.15499      0.97491
      3.98218      2.23818      1.26800      0.97018
      3.99218      2.09806      1.15977      0.93830
      4.00218      1.72200      0.89076      0.83124
      4.01218      1.48214      0.75730      0.72483
      4.02218      1.84514      0.97843      0.86671
      4.03218      2.57334      1.37874      1.19460
      4.04218      2.53119      1.34875      1.18244
      4.05218      1.73637      0.94304      0.79333
      4.06218      1.34587      0.74165      0.60423
      4.07218      1.27395      0.69433      0.57962
      4.08218      1.43781      0.75922      0.67859
      4.09218      1.92194      0.97218      0.94976
      4.10218      1.99480      0.96889      1.02591
      4.11218      1.77622      0.84990      0.92632
      4.12218      1.56706      0.76269      0.80438
      4.13218      1.13406      0.55307      0.58099
      4.14218      1.00268      0.48447      0.51820
      4.15218      0.92445      0.45046      0.47399
      4.16218      0.83645      0.41000      0.42644
      4.17218      1.27910      0.61788      0.66122
      4.18218      1.86398      0.89884      0.96514
      4.19218      1.84289      0.89723      0.94566
      4.20218      1.74266      0.85879      0.88387
      4.21218      1.58047      0.77661      0.80386
      4.22218      1.12840      0.54589      0.58251
      4.23218      0.88632      0.42972      0.45660
      4.24218      0.77458      0.37545      0.39913
      4.25218      1.07472      0.50582      0.56890
      4.26218      1.65478      0.77418      0.88059
      4.27218      1.77607      0.84071      0.93536
      4.28218      1.81683      0.87176      0.94507
      4.29218      1.71118      0.82105      0.89013
      4.30218      1.36342      0.64691      0.71650
      4.31218      1.26003      0.59896      0.66106
      4.32218      1.31988      0.63460      0.68528
      4.33218      1.36131      0.65040      0.71092
      4.34218      1.70276      0.80909      0.89367
      4.35218      2.01221      0.96359      1.04862
      4.36218      1.74861      0.84412      0.90449
      4.37218      1.23295      0.59269      0.64026
      4.38218      1.16966      0.55313      0.61652
      4.39218      1.31961      0.62245      0.69716
      4.40218      1.59379      0.75379      0.83999
      4.41218      2.28672      1.08252      1.20419
      4.42218      2.86595      1.35370      1.51226
      4.43218      2.45347      1.15763      1.29584
      4.44218      1.49884      0.70638      0.79247
      4.45218      1.03321      0.48675      0.54646
      4.46218      0.91845      0.43407      0.48438
      4.47218      0.76050      0.36442      0.39609
      4.48218      0.75416      0.36496      0.38920
      4.49218      1.21221      0.58030      0.63191
      4.50218      1.58699      0.75441      0.83258
      4.51218      1.29968      0.62025      0.67943
      4.52218      0.89956      0.43542      0.46414
      4.53218      0.84140      0.40602      0.43538
      4.54218      0.76213      0.36586      0.39627
      4.55218      0.54705      0.26658      0.28047
      4.56218      0.44885      0.21646      0.23239
      4.57218      0.99579      0.46483      0.53095
      4.58218      1.72743      0.80445      0.92298
      4.59218      1.43813      0.67354      0.76459
      4.60218      0.78080      0.36860      0.41220
      4.61218      0.46088      0.21578      0.24510
      4.62218      0.25459      0.11794      0.13665
      4.63218      0.19946      0.09239      0.10707
      4.64218      0.51393      0.23919      0.27474
      4.65218      0.95568      0.44596      0.50971
      4.66218      0.84266      0.39354      0.44912
      4.67218      0.45992      0.21416      0.24576
      4.68218      0.34757      0.16107      0.18651
      4.69218      0.20931      0.09678      0.11253
      4.70218      0.25938      0.11958      0.13980
      4.71218      1.05809      0.49126      0.56683
      4.72218      2.25475      1.05297      1.20178
      4.73218      2.22112      1.04046      1.18066
      4.74218      1.16029      0.54318      0.61711
      4.75218      0.55472      0.25893      0.29579
      4.76218      0.55205      0.25812      0.29393
      4.77218      0.79474      0.37183      0.42291
      4.78218      1.19052      0.55698      0.63355
      4.79218      1.53838      0.72121      0.81716
      4.80218      1.57751      0.74092      0.83659
      4.81218      1.32202      0.61546      0.70656
      4.82218      1.03052      0.47464      0.55588
      4.83218      1.48520      0.68903      0.79617
      4.84218      2.18573      1.02381      1.16191
      4.85218      2.34529      1.10807      1.23723
      4.86218      2.26481      1.07520      1.18961
      4.87218      2.00747      0.95934      1.04812
      4.88218      1.90443      0.91440      0.99002
      4.89218      1.92825      0.92175      1.00650
      4.90218      2.06259      0.98132      1.08127
      4.91218      2.16921      1.03169      1.13753
      4.92218      2.19023      1.03510      1.15513
      4.93218      2.57230      1.21590      1.35640
      4.94218      2.98904      1.42433      1.56471
      4.95218      3.39547      1.62438      1.77109
      4.96218      3.64462      1.74892      1.89571
      4.97218      3.28232      1.58271      1.69961
      4.98218      3.15123      1.51090      1.64033
      4.99218      3.75328      1.78641      1.96687
      5.00218      4.83846      2.30909      2.52937
      5.01218      6.22651      2.96674      3.25977
      5.02218      6.47906      3.07804      3.40102
      5.03218      5.97859      2.85236      3.12623
      5.04218      5.66604      2.74043      2.92561
      5.05218      4.79611      2.36371      2.43239
      5.06218      3.66948      1.82986      1.83962
      5.07218      3.52791      1.74870      1.77921
      5.08218      3.74558      1.83875      1.90683
      5.09218      3.66465      1.79512      1.86954
      5.10218      3.16572      1.56511      1.60062
      5.11218      2.94519      1.46932      1.47587
      5.12218      3.28584      1.64414      1.64170
      5.13218      3.47223      1.73799      1.73424
      5.14218      3.19035      1.60078      1.58958
      5.15218      2.38728      1.20963      1.17765
      5.16218      1.52125      0.77364      0.74761
      5.17218      1.37646      0.68442      0.69204
      5.18218      1.81590      0.89396      0.92194
      5.19218      2.23353      1.13534      1.09819
      5.20218      2.62117      1.40149      1.21968
      5.21218      2.32990      1.26893      1.06097
      5.22218      1.53362      0.79219      0.74143
      5.23218      1.25396      0.58912      0.66484
      5.24218      1.13514      0.54529      0.58985
      5.25218      0.83946      0.43864      0.40082
      5.26218      0.76829      0.42645      0.34185
      5.27218      1.09290      0.59866      0.49424
      5.28218      1.59032      0.82136      0.76896
      5.29218      1.72438      0.83295      0.89143
      5.30218      1.28770      0.59346      0.69424
      5.31218      0.99894      0.47872      0.52022
      5.32218      1.08396      0.54440      0.53956
      5.33218      1.30102      0.66861      0.63241
      5.34218      1.58617      0.83635      0.74982
      5.35218      1.51091      0.82192      0.68899
      5.36218      0.95142      0.52384      0.42757
      5.37218      0.70440      0.34164      0.36276
      5.38218      1.08472      0.49959      0.58513
      5.39218      1.29660      0.61303      0.68357
      5.40218      1.00450      0.48606      0.51844
      5.41218      0.79107      0.42403      0.36704
      5.42218      0.69037      0.40152      0.28885
      5.43218      0.68186      0.40409      0.27776
      5.44218      0.83213      0.47879      0.35334
      5.45218      0.99861      0.54227      0.45634
      5.46218      1.05675      0.56933      0.48742
      5.47218      1.00697      0.53402      0.47295
      5.48218      1.37149      0.65619      0.71529
      5.49218      1.68975      0.76466      0.92509
      5.50218      1.48924      0.68576      0.80348
      5.51218      1.16482      0.55780      0.60702
      5.52218      1.09139      0.54368      0.54771
      5.53218      1.17906      0.62056      0.55850
      5.54218      0.99279      0.54396      0.44883
      5.55218      0.81702      0.43686      0.38015
      5.56218      0.71043      0.34876      0.36168
      5.57218      0.51208      0.21957      0.29251
      5.58218      0.37780      0.13432      0.24348
      5.59218      0.19514      0.06456      0.13058
      5.60218      0.14635      0.05204      0.09432
      5.61218      0.51467      0.19445      0.32022
      5.62218      1.04118      0.42305      0.61813
      5.63218      1.05121      0.47044      0.58078
      5.64218      0.69233      0.30686      0.38548
      5.65218      0.37903      0.14363      0.23540
      5.66218      0.24083      0.09612      0.14471
      5.67218      0.41626      0.19022      0.22604
      5.68218      0.55443      0.24604      0.30839
      5.69218      0.53261      0.20323      0.32938
      5.70218      0.45841      0.15812      0.30029
      5.71218      0.27796      0.09408      0.18388
      5.72218      0.19407      0.06203      0.13204
      5.73218      0.14985      0.04742      0.10244
      5.74218      0.20487      0.07561      0.12926
      5.75218      0.63055      0.25918      0.37138
      5.76218      1.16495      0.49631      0.66864
      5.77218      1.19120      0.48504      0.70616
      5.78218      0.91825      0.33435      0.58390
      5.79218      0.64336      0.22371      0.41964
      5.80218      0.59018      0.20510      0.38508
      5.81218      0.86695      0.28872      0.57824
      5.82218      0.98138      0.32037      0.66101
      5.83218      0.52646      0.17248      0.35398
      5.84218      0.15553      0.05100      0.10453
      5.85218      0.26854      0.08791      0.18062
      5.86218      0.60607      0.20973      0.39634
      5.87218      0.64689      0.26997      0.37692
      5.88218      0.46928      0.26566      0.20362
      5.89218      0.28008      0.17551      0.10456
      5.90218      0.33000      0.14859      0.18141
      5.91218      0.92780      0.37899      0.54881
      5.92218      1.38691      0.56367      0.82324
      5.93218      0.97746      0.38341      0.59405
      5.94218      0.47134      0.16672      0.30461
      5.95218      0.40154      0.12756      0.27399
      5.96218      0.42302      0.13921      0.28381
      5.97218      0.41522      0.15209      0.26314
      5.98218      0.42491      0.18037      0.24454
      5.99218      0.58501      0.24079      0.34423
      6.00218      0.63254      0.23567      0.39686
      6.01218      0.42415      0.16468      0.25947
      6.02218      0.30876      0.14875      0.16000
      6.03218      0.39945      0.17402      0.22543
      6.04218      0.41419      0.14576      0.26844
      6.05218      0.56571      0.18224      0.38347
      6.06218      1.19150      0.38560      0.80591
      6.07218      1.43618      0.47813      0.95805
      6.08218      1.30183      0.48842      0.81341
      6.09218      1.24270      0.50887      0.73383
      6.10218      1.02800      0.39319      0.63481
      6.11218      0.74186      0.24885      0.49301
      6.12218      0.35733      0.11238      0.24495
      6.13218      0.21468      0.06975      0.14493
      6.14218      0.40946      0.13386      0.27560
      6.15218      0.56338      0.17697      0.38641
      6.16218      0.57424      0.17894      0.39530
      6.17218      0.73058      0.26246      0.46811
      6.18218      0.83825      0.36740      0.47085
      6.19218      0.67814      0.32923      0.34891
      6.20218      0.78820      0.34760      0.44059
      6.21218      1.21289      0.50313      0.70976
      6.22218      1.34490      0.50420      0.84070
      6.23218      0.95899      0.32584      0.63315
      6.24218      0.51861      0.17283      0.34578
      6.25218      0.53691      0.20232      0.33459
      6.26218      0.87958      0.36612      0.51346
      6.27218      1.13717      0.45172      0.68545
      6.28218      0.81777      0.29814      0.51963
      6.29218      0.33459      0.11545      0.21913
      6.30218      0.22794      0.07623      0.15171
      6.31218      0.32046      0.10700      0.21347
      6.32218      0.28036      0.09986      0.18050
      6.33218      0.46881      0.18822      0.28059
      6.34218      1.01873      0.41403      0.60470
      6.35218      1.55120      0.61087      0.94033
      6.36218      1.84287      0.65555      1.18732
      6.37218      1.46869      0.47066      0.99803
      6.38218      1.10066      0.33691      0.76375
      6.39218      1.04229      0.32279      0.71950
      6.40218      0.93416      0.28807      0.64609
      6.41218      0.92476      0.28411      0.64066
      6.42218      0.84815      0.27773      0.57042
      6.43218      0.76234      0.29775      0.46459
      6.44218      0.94851      0.40361      0.54489
      6.45218      0.87500      0.34820      0.52680
      6.46218      0.68648      0.22650      0.45997
      6.47218      1.02375      0.30195      0.72181
      6.48218      1.48920      0.44607      1.04313
      6.49218      1.70379      0.55635      1.14744
      6.50218      1.65633      0.62033      1.03601
      6.51218      1.62635      0.64554      0.98082
      6.52218      1.56564      0.61946      0.94618
      6.53218      1.28560      0.49147      0.79412
      6.54218      0.97117      0.35900      0.61217
      6.55218      0.71051      0.31690      0.39361
      6.56218      0.70029      0.31340      0.38689
      6.57218      0.94782      0.32992      0.61790
      6.58218      0.80954      0.25923      0.55031
      6.59218      0.42139      0.14646      0.27493
      6.60218      0.60849      0.25392      0.35457
      6.61218      1.09786      0.45138      0.64648
      6.62218      1.23850      0.45562      0.78289
      6.63218      0.97461      0.32033      0.65428
      6.64218      0.68007      0.21704      0.46303
      6.65218      0.69574      0.24561      0.45013
      6.66218      0.79818      0.32648      0.47171
      6.67218      0.73452      0.34688      0.38763
      6.68218      0.79870      0.38826      0.41044
      6.69218      0.83299      0.38582      0.44716
      6.70218      0.68454      0.27286      0.41168
      6.71218      0.58585      0.19192      0.39393
      6.72218      0.63656      0.19398      0.44258
      6.73218      0.72349      0.22285      0.50064
      6.74218      0.70586      0.22992      0.47594
      6.75218      0.67041      0.25534      0.41507
      6.76218      0.73244      0.32921      0.40323
      6.77218      0.72766      0.31369      0.41397
      6.78218      0.64069      0.22443      0.41627
      6.79218      0.52063      0.16534      0.35529
      6.80218      0.50411      0.18666      0.31745
      6.81218      0.69643      0.33557      0.36086
      6.82218      1.07990      0.55685      0.52304
      6.83218      1.30717      0.63001      0.67717
      6.84218      1.10595      0.50685      0.59910
      6.85218      0.81387      0.36968      0.44420
      6.86218      0.73027      0.34073      0.38954
      6.87218      0.83508      0.33356      0.50151
      6.88218      1.00839      0.35158      0.65681
      6.89218      0.91090      0.35583      0.55507
      6.90218      0.55296      0.27323      0.27973
      6.91218      0.23138      0.12814      0.10324
      6.92218      0.19407      0.07657      0.11750
      6.93218      0.49569      0.17837      0.31732
      6.94218      0.86055      0.32023      0.54032
      6.95218      0.92197      0.35856      0.56341
      6.96218      0.92039      0.41358      0.50681
      6.97218      1.19765      0.56263      0.63502
      6.98218      1.03598      0.46023      0.57575
      6.99218      0.74827      0.28389      0.46438
      7.00218      0.83439      0.30840      0.52599
      7.01218      0.89972      0.37239      0.52733
      7.02218      1.09866      0.42304      0.67562
      7.03218      1.17183      0.40359      0.76824
      7.04218      0.91318      0.30804      0.60514
      7.05218      0.67137      0.23082      0.44055
      7.06218      0.51673      0.18303      0.33371
      7.07218      0.45910      0.19184      0.26726
      7.08218      0.81424      0.42822      0.38602
      7.09218      1.75207      0.92553      0.82654
      7.10218      2.23899      1.14698      1.09200
      7.11218      1.52459      0.76618      0.75841
      7.12218      0.70644      0.33344      0.37300
      7.13218      0.50546      0.19951      0.30595
      7.14218      0.54411      0.19945      0.34466
      7.15218      0.55067      0.20493      0.34574
      7.16218      0.60352      0.24556      0.35796
      7.17218      0.94451      0.39828      0.54623
      7.18218      1.38487      0.56319      0.82168
      7.19218      1.56841      0.61501      0.95340
      7.20218      1.51864      0.62059      0.89805
      7.21218      1.63031      0.74335      0.88696
      7.22218      1.80780      0.86079      0.94701
      7.23218      1.64603      0.76405      0.88197
      7.24218      1.58695      0.67137      0.91557
