Energy-E_F (eV)    DOS (1/eV)    PDOS (1/eV)  of atom type W  S  
     -4.99000      1.15625      0.34829      0.80796
     -4.98000      0.80846      0.21904      0.58942
     -4.97000      0.62033      0.15073      0.46960
     -4.96000      0.70964      0.16877      0.54087
     -4.95000      1.11127      0.26190      0.84937
     -4.94000      0.97545      0.23296      0.74249
     -4.93000      0.71864      0.18607      0.53257
     -4.92000      0.61368      0.16765      0.44603
     -4.91000      0.62205      0.17328      0.44877
     -4.90000      0.86477      0.23714      0.62763
     -4.89000      0.91989      0.25345      0.66643
     -4.88000      1.08714      0.30919      0.77795
     -4.87000      1.32228      0.37865      0.94363
     -4.86000      1.40522      0.41872      0.98650
     -4.85000      1.66946      0.50907      1.16039
     -4.84000      1.63708      0.50522      1.13186
     -4.83000      0.81634      0.25880      0.55754
     -4.82000      0.21220      0.06671      0.14550
     -4.81000      0.32273      0.08349      0.23924
     -4.80000      0.92335      0.23650      0.68685
     -4.79000      1.02271      0.26319      0.75952
     -4.78000      0.41978      0.10854      0.31123
     -4.77000      0.08919      0.02291      0.06627
     -4.76000      0.19239      0.04813      0.14426
     -4.75000      0.53789      0.13524      0.40266
     -4.74000      0.81442      0.21102      0.60341
     -4.73000      1.12417      0.30443      0.81974
     -4.72000      1.05268      0.29027      0.76241
     -4.71000      0.58822      0.16161      0.42661
     -4.70000      0.61367      0.16833      0.44534
     -4.69000      0.77504      0.22856      0.54648
     -4.68000      0.74349      0.23932      0.50417
     -4.67000      0.56538      0.17643      0.38895
     -4.66000      0.57055      0.15542      0.41514
     -4.65000      0.71951      0.19560      0.52391
     -4.64000      0.57138      0.16212      0.40926
     -4.63000      0.47755      0.15128      0.32627
     -4.62000      1.10850      0.36006      0.74844
     -4.61000      2.98266      0.96280      2.01986
     -4.60000      5.76345      1.86009      3.90336
     -4.59000      6.20917      1.96292      4.24625
     -4.58000      4.57273      1.40136      3.17137
     -4.57000      3.62090      1.10177      2.51913
     -4.56000      3.09634      0.95212      2.14421
     -4.55000      2.84939      0.89310      1.95629
     -4.54000      3.15150      0.98607      2.16543
     -4.53000      3.85194      1.18674      2.66519
     -4.52000      3.85830      1.19795      2.66034
     -4.51000      2.94290      0.90968      2.03322
     -4.50000      2.44580      0.72447      1.72133
     -4.49000      2.51759      0.74549      1.77210
     -4.48000      2.67301      0.79089      1.88212
     -4.47000      3.01037      0.84542      2.16495
     -4.46000      4.29111      1.23144      3.05967
     -4.45000      5.52927      1.63434      3.89493
     -4.44000      5.34339      1.57806      3.76533
     -4.43000      5.55531      1.73960      3.81571
     -4.42000      6.99992      2.33299      4.66693
     -4.41000      7.81306      2.59459      5.21847
     -4.40000      7.11046      2.27881      4.83165
     -4.39000      6.45281      1.99557      4.45724
     -4.38000      6.01466      1.86139      4.15328
     -4.37000      5.25207      1.65670      3.59537
     -4.36000      4.56373      1.45906      3.10467
     -4.35000      4.18657      1.36091      2.82566
     -4.34000      4.18228      1.33258      2.84970
     -4.33000      4.56860      1.39838      3.17022
     -4.32000      5.59467      1.67553      3.91914
     -4.31000      6.43514      1.95202      4.48312
     -4.30000      5.90462      1.83717      4.06745
     -4.29000      5.47397      1.75699      3.71698
     -4.28000      4.75863      1.54993      3.20870
     -4.27000      3.69157      1.15602      2.53555
     -4.26000      3.19661      0.97513      2.22149
     -4.25000      3.49752      1.07759      2.41993
     -4.24000      3.70722      1.15201      2.55520
     -4.23000      2.71335      0.82608      1.88727
     -4.22000      2.08281      0.58985      1.49296
     -4.21000      2.49383      0.68724      1.80659
     -4.20000      2.93268      0.84798      2.08470
     -4.19000      2.91168      0.91605      1.99563
     -4.18000      2.56646      0.80539      1.76107
     -4.17000      2.17682      0.63045      1.54636
     -4.16000      1.78347      0.55062      1.23285
     -4.15000      2.24733      0.78029      1.46704
     -4.14000      3.02737      1.08080      1.94657
     -4.13000      3.04799      1.09671      1.95129
     -4.12000      1.85237      0.67154      1.18082
     -4.11000      0.53324      0.19543      0.33781
     -4.10000      0.06309      0.02343      0.03966
     -4.09000      0.00289      0.00109      0.00180
     -4.08000      0.00067      0.00021      0.00047
     -4.07000      0.01587      0.00488      0.01099
     -4.06000      0.16073      0.05092      0.10981
     -4.05000      0.65456      0.21532      0.43924
     -4.04000      1.07443      0.36877      0.70566
     -4.03000      0.77810      0.28695      0.49114
     -4.02000      0.63963      0.27175      0.36788
     -4.01000      1.00567      0.41723      0.58844
     -4.00000      0.86681      0.33189      0.53491
     -3.99000      0.32624      0.11677      0.20947
     -3.98000      0.21487      0.08248      0.13239
     -3.97000      0.88592      0.32881      0.55711
     -3.96000      2.05589      0.73952      1.31637
     -3.95000      2.08647      0.75698      1.32949
     -3.94000      0.88481      0.33110      0.55371
     -3.93000      0.20080      0.07048      0.13032
     -3.92000      0.29691      0.07292      0.22398
     -3.91000      0.63698      0.15469      0.48230
     -3.90000      0.78937      0.21406      0.57531
     -3.89000      1.17805      0.39747      0.78059
     -3.88000      1.82005      0.63562      1.18443
     -3.87000      1.67172      0.53798      1.13374
     -3.86000      1.07692      0.29513      0.78179
     -3.85000      0.76798      0.20978      0.55820
     -3.84000      0.90799      0.33660      0.57140
     -3.83000      1.16209      0.47122      0.69087
     -3.82000      0.87867      0.36489      0.51378
     -3.81000      1.00649      0.39099      0.61550
     -3.80000      1.71564      0.53836      1.17728
     -3.79000      2.30827      0.64200      1.66628
     -3.78000      2.36912      0.68255      1.68657
     -3.77000      1.91806      0.60957      1.30848
     -3.76000      1.19158      0.43221      0.75937
     -3.75000      0.41468      0.16799      0.24669
     -3.74000      0.07217      0.02938      0.04278
     -3.73000      0.10920      0.02426      0.08494
     -3.72000      0.44112      0.09788      0.34324
     -3.71000      0.82514      0.20101      0.62412
     -3.70000      0.98245      0.27516      0.70729
     -3.69000      0.98531      0.29543      0.68988
     -3.68000      0.82034      0.24489      0.57545
     -3.67000      1.00207      0.32718      0.67489
     -3.66000      1.32048      0.51006      0.81041
     -3.65000      0.88229      0.38620      0.49609
     -3.64000      0.37548      0.14784      0.22765
     -3.63000      0.85235      0.22450      0.62785
     -3.62000      2.47117      0.67966      1.79152
     -3.61000      3.77912      1.08639      2.69273
     -3.60000      3.39472      1.00541      2.38932
     -3.59000      2.65027      0.82788      1.82239
     -3.58000      3.19789      1.03766      2.16023
     -3.57000      3.72343      1.17812      2.54531
     -3.56000      2.82221      0.84089      1.98132
     -3.55000      1.89179      0.51732      1.37446
     -3.54000      2.29852      0.67151      1.62701
     -3.53000      4.05493      1.30740      2.74752
     -3.52000      5.06310      1.66671      3.39639
     -3.51000      4.82938      1.48424      3.34514
     -3.50000      4.66221      1.33433      3.32788
     -3.49000      5.12704      1.48131      3.64574
     -3.48000      5.86805      1.69947      4.16857
     -3.47000      7.20480      2.05241      5.15238
     -3.46000      8.68685      2.52583      6.16102
     -3.45000      8.46931      2.60673      5.86258
     -3.44000      7.89914      2.48019      5.41895
     -3.43000      7.81452      2.44090      5.37362
     -3.42000      7.42273      2.41702      5.00571
     -3.41000      6.71523      2.39831      4.31692
     -3.40000      5.40901      2.01493      3.39408
     -3.39000      3.72822      1.29643      2.43178
     -3.38000      3.60791      1.09997      2.50794
     -3.37000      4.25410      1.28662      2.96748
     -3.36000      3.83645      1.24918      2.58727
     -3.35000      3.57034      1.23889      2.33144
     -3.34000      3.86930      1.33734      2.53196
     -3.33000      3.75074      1.16641      2.58433
     -3.32000      2.92423      0.82583      2.09841
     -3.31000      2.11444      0.64799      1.46645
     -3.30000      1.85272      0.62759      1.22513
     -3.29000      2.96700      0.92467      2.04233
     -3.28000      4.47161      1.32067      3.15094
     -3.27000      4.61647      1.37519      3.24128
     -3.26000      3.47385      1.12980      2.34405
     -3.25000      2.28484      0.90876      1.37608
     -3.24000      1.38868      0.61725      0.77143
     -3.23000      1.00757      0.38090      0.62667
     -3.22000      1.64255      0.61591      1.02664
     -3.21000      2.40396      0.99741      1.40655
     -3.20000      2.30424      0.95304      1.35120
     -3.19000      1.66827      0.64906      1.01921
     -3.18000      0.87519      0.32416      0.55103
     -3.17000      0.57474      0.19170      0.38304
     -3.16000      1.02884      0.35480      0.67404
     -3.15000      1.35469      0.52267      0.83202
     -3.14000      1.54518      0.63593      0.90925
     -3.13000      2.25152      0.91439      1.33713
     -3.12000      2.66553      1.10121      1.56431
     -3.11000      2.13283      0.90911      1.22372
     -3.10000      1.74429      0.66600      1.07829
     -3.09000      1.58685      0.50051      1.08634
     -3.08000      1.00009      0.29520      0.70489
     -3.07000      0.72864      0.25378      0.47487
     -3.06000      1.75775      0.60621      1.15153
     -3.05000      3.01150      0.92745      2.08405
     -3.04000      2.80865      0.81624      1.99241
     -3.03000      1.75874      0.50407      1.25466
     -3.02000      1.37863      0.41756      0.96107
     -3.01000      1.93546      0.69072      1.24474
     -3.00000      2.36468      0.94003      1.42464
     -2.99000      2.02882      0.84006      1.18876
     -2.98000      1.58260      0.62432      0.95828
     -2.97000      1.47234      0.56016      0.91218
     -2.96000      1.54026      0.56172      0.97854
     -2.95000      1.33317      0.46866      0.86451
     -2.94000      1.24604      0.45641      0.78963
     -2.93000      1.32417      0.53053      0.79364
     -2.92000      0.79039      0.35020      0.44019
     -2.91000      0.26866      0.12346      0.14520
     -2.90000      0.37554      0.13428      0.24127
     -2.89000      1.07212      0.39529      0.67683
     -2.88000      1.89419      0.73868      1.15552
     -2.87000      2.30827      0.92734      1.38093
     -2.86000      2.21658      0.90163      1.31495
     -2.85000      1.88753      0.75948      1.12805
     -2.84000      1.32565      0.51369      0.81196
     -2.83000      0.93555      0.35309      0.58246
     -2.82000      1.38329      0.49713      0.88616
     -2.81000      2.31525      0.77564      1.53961
     -2.80000      2.59411      0.90566      1.68845
     -2.79000      2.28434      0.83479      1.44954
     -2.78000      2.26914      0.86145      1.40769
     -2.77000      1.92626      0.77956      1.14670
     -2.76000      0.92778      0.39565      0.53213
     -2.75000      0.72492      0.33630      0.38862
     -2.74000      1.12412      0.55678      0.56734
     -2.73000      1.24199      0.64051      0.60147
     -2.72000      1.31484      0.64625      0.66859
     -2.71000      1.36618      0.58240      0.78378
     -2.70000      1.65614      0.60563      1.05051
     -2.69000      2.19402      0.78466      1.40936
     -2.68000      1.92192      0.74104      1.18088
     -2.67000      1.40636      0.61968      0.78668
     -2.66000      1.24839      0.60639      0.64200
     -2.65000      0.82047      0.41563      0.40484
     -2.64000      0.47833      0.22531      0.25302
     -2.63000      1.09876      0.46432      0.63444
     -2.62000      1.88111      0.80251      1.07859
     -2.61000      1.53049      0.68664      0.84385
     -2.60000      1.04516      0.43660      0.60856
     -2.59000      2.14369      0.66109      1.48259
     -2.58000      4.53377      1.31691      3.21686
     -2.57000      4.88241      1.39617      3.48624
     -2.56000      3.14886      0.99501      2.15385
     -2.55000      2.47146      0.98284      1.48861
     -2.54000      2.23472      0.89402      1.34070
     -2.53000      1.32547      0.47806      0.84741
     -2.52000      0.55628      0.18156      0.37472
     -2.51000      0.61962      0.22497      0.39465
     -2.50000      1.52376      0.62704      0.89672
     -2.49000      2.24579      0.96952      1.27627
     -2.48000      2.08384      0.85987      1.22396
     -2.47000      1.51724      0.58681      0.93043
     -2.46000      1.01608      0.37809      0.63799
     -2.45000      1.12494      0.42919      0.69575
     -2.44000      1.44226      0.59726      0.84500
     -2.43000      1.25173      0.55706      0.69467
     -2.42000      0.82481      0.38254      0.44227
     -2.41000      0.69659      0.31681      0.37978
     -2.40000      1.18365      0.49151      0.69214
     -2.39000      1.91859      0.72712      1.19147
     -2.38000      2.50178      0.87546      1.62631
     -2.37000      2.89705      0.93998      1.95708
     -2.36000      3.68483      1.18822      2.49661
     -2.35000      4.00707      1.32698      2.68008
     -2.34000      3.40837      1.11321      2.29516
     -2.33000      3.25820      1.04752      2.21068
     -2.32000      3.34916      1.10759      2.24157
     -2.31000      3.06965      1.10346      1.96618
     -2.30000      2.95821      1.09770      1.86050
     -2.29000      2.42662      0.85025      1.57637
     -2.28000      1.75102      0.55099      1.20004
     -2.27000      1.72785      0.52011      1.20774
     -2.26000      2.33895      0.77440      1.56455
     -2.25000      3.22730      1.04621      2.18109
     -2.24000      3.34134      0.98618      2.35516
     -2.23000      2.58035      0.77937      1.80098
     -2.22000      2.56520      0.86195      1.70325
     -2.21000      2.81178      0.98136      1.83043
     -2.20000      2.64083      0.98566      1.65517
     -2.19000      3.23845      1.15839      2.08006
     -2.18000      4.44173      1.27553      3.16620
     -2.17000      5.66056      1.41257      4.24799
     -2.16000      5.71375      1.41521      4.29854
     -2.15000      5.04712      1.22318      3.82394
     -2.14000      5.33349      1.16913      4.16436
     -2.13000      6.34354      1.26003      5.08351
     -2.12000      6.75088      1.24207      5.50881
     -2.11000      6.48702      1.20667      5.28035
     -2.10000      6.28348      1.28312      5.00036
     -2.09000      5.90478      1.38485      4.51993
     -2.08000      5.89719      1.53199      4.36520
     -2.07000      5.97235      1.53953      4.43282
     -2.06000      4.36382      1.11730      3.24652
     -2.05000      2.91595      0.69285      2.22310
     -2.04000      3.22283      0.62906      2.59377
     -2.03000      3.55150      0.63492      2.91659
     -2.02000      3.10968      0.55973      2.54996
     -2.01000      2.84054      0.55447      2.28607
     -2.00000      3.41138      0.69903      2.71235
     -1.99000      4.20066      0.85067      3.34999
     -1.98000      3.66696      0.71967      2.94729
     -1.97000      2.95558      0.68171      2.27386
     -1.96000      2.75333      0.73280      2.02053
     -1.95000      2.39378      0.58646      1.80732
     -1.94000      2.22072      0.47486      1.74586
     -1.93000      2.42548      0.46036      1.96512
     -1.92000      2.55843      0.46299      2.09544
     -1.91000      2.42883      0.51877      1.91007
     -1.90000      2.75266      0.71039      2.04227
     -1.89000      3.76002      0.87666      2.88336
     -1.88000      4.19420      0.82310      3.37110
     -1.87000      3.99699      0.83208      3.16491
     -1.86000      4.10432      0.94974      3.15458
     -1.85000      3.87234      0.83980      3.03254
     -1.84000      2.65758      0.51934      2.13825
     -1.83000      1.44534      0.25018      1.19516
     -1.82000      0.83572      0.14160      0.69411
     -1.81000      1.41016      0.29282      1.11734
     -1.80000      2.57245      0.50673      2.06572
     -1.79000      2.34487      0.45823      1.88664
     -1.78000      1.99799      0.49105      1.50694
     -1.77000      2.79597      0.66770      2.12827
     -1.76000      2.83084      0.52930      2.30154
     -1.75000      2.28355      0.31354      1.97000
     -1.74000      2.17205      0.33985      1.83220
     -1.73000      2.28322      0.48411      1.79911
     -1.72000      2.59637      0.59839      1.99798
     -1.71000      3.42868      0.72775      2.70094
     -1.70000      3.92241      0.69702      3.22539
     -1.69000      3.71755      0.52024      3.19731
     -1.68000      2.93597      0.42664      2.50933
     -1.67000      1.99345      0.39638      1.59708
     -1.66000      1.46171      0.35633      1.10538
     -1.65000      1.39597      0.33064      1.06533
     -1.64000      1.45258      0.34508      1.10751
     -1.63000      1.73037      0.33053      1.39984
     -1.62000      2.21619      0.27310      1.94309
     -1.61000      2.25816      0.23902      2.01915
     -1.60000      1.92415      0.26249      1.66167
     -1.59000      1.65061      0.30649      1.34412
     -1.58000      2.15705      0.39362      1.76343
     -1.57000      2.28278      0.39063      1.89215
     -1.56000      1.90122      0.31765      1.58357
     -1.55000      2.31533      0.28464      2.03069
     -1.54000      2.56746      0.25226      2.31520
     -1.53000      2.43040      0.27836      2.15204
     -1.52000      2.34816      0.34727      2.00089
     -1.51000      1.89749      0.33108      1.56641
     -1.50000      1.80768      0.33144      1.47625
     -1.49000      1.88810      0.30710      1.58100
     -1.48000      2.16997      0.29620      1.87377
     -1.47000      2.47487      0.30211      2.17276
     -1.46000      2.23538      0.25173      1.98365
     -1.45000      1.96642      0.25785      1.70858
     -1.44000      2.50298      0.34879      2.15420
     -1.43000      2.73684      0.34227      2.39457
     -1.42000      1.82512      0.21968      1.60544
     -1.41000      2.06732      0.27608      1.79124
     -1.40000      3.89138      0.53673      3.35466
     -1.39000      4.67955      0.59466      4.08490
     -1.38000      4.40014      0.51445      3.88569
     -1.37000      3.65094      0.44336      3.20758
     -1.36000      2.52264      0.32355      2.19909
     -1.35000      2.22469      0.27006      1.95463
     -1.34000      2.35249      0.25201      2.10048
     -1.33000      2.16276      0.22719      1.93557
     -1.32000      2.37003      0.26154      2.10849
     -1.31000      2.75085      0.28815      2.46270
     -1.30000      2.32251      0.21766      2.10485
     -1.29000      1.85077      0.15854      1.69223
     -1.28000      1.57730      0.14167      1.43563
     -1.27000      1.26654      0.11601      1.15052
     -1.26000      0.66331      0.05962      0.60369
     -1.25000      0.16227      0.01449      0.14778
     -1.24000      0.01619      0.00145      0.01473
     -1.23000      0.00063      0.00006      0.00057
     -1.22000      0.00009      0.00006      0.00003
     -1.21000      0.00282      0.00194      0.00088
     -1.20000      0.03541      0.02436      0.01105
     -1.19000      0.16376      0.11267      0.05109
     -1.18000      0.29017      0.19950      0.09066
     -1.17000      0.30161      0.20604      0.09557
     -1.16000      0.55215      0.37305      0.17910
     -1.15000      1.04387      0.70214      0.34173
     -1.14000      1.40994      0.95260      0.45734
     -1.13000      1.26146      0.85956      0.40191
     -1.12000      0.86746      0.58089      0.28657
     -1.11000      0.95387      0.61510      0.33877
     -1.10000      1.29409      0.84029      0.45379
     -1.09000      1.19483      0.80065      0.39417
     -1.08000      0.74933      0.51803      0.23130
     -1.07000      0.39149      0.26229      0.12920
     -1.06000      0.68554      0.41856      0.26698
     -1.05000      1.41202      0.86770      0.54432
     -1.04000      1.76027      1.12282      0.63746
     -1.03000      1.80955      1.20468      0.60487
     -1.02000      1.68707      1.15164      0.53543
     -1.01000      1.61747      1.09224      0.52524
     -1.00000      1.89127      1.22600      0.66526
     -0.99000      1.93706      1.22001      0.71705
     -0.98000      1.40678      0.88950      0.51727
     -0.97000      1.20480      0.79278      0.41202
     -0.96000      2.01378      1.31691      0.69687
     -0.95000      2.69986      1.72830      0.97156
     -0.94000      2.59708      1.64027      0.95681
     -0.93000      2.15429      1.35502      0.79927
     -0.92000      2.27866      1.49691      0.78174
     -0.91000      2.84043      1.91343      0.92700
     -0.90000      3.62126      2.39893      1.22234
     -0.89000      4.46159      2.94464      1.51695
     -0.88000      4.72318      3.16223      1.56095
     -0.87000      4.56412      3.09035      1.47377
     -0.86000      4.24439      2.83041      1.41398
     -0.85000      3.42322      2.23047      1.19276
     -0.84000      3.63361      2.33742      1.29619
     -0.83000      3.77363      2.44574      1.32789
     -0.82000      2.60423      1.72897      0.87525
     -0.81000      1.89126      1.27618      0.61508
     -0.80000      2.53161      1.70733      0.82428
     -0.79000      3.81355      2.53987      1.27368
     -0.78000      3.75131      2.46011      1.29119
     -0.77000      2.25625      1.47451      0.78174
     -0.76000      1.32173      0.86281      0.45892
     -0.75000      2.02620      1.28517      0.74103
     -0.74000      2.86029      1.81707      1.04321
     -0.73000      2.40761      1.53706      0.87056
     -0.72000      1.90014      1.16816      0.73198
     -0.71000      1.76915      1.09637      0.67278
     -0.70000      1.84370      1.20906      0.63464
     -0.69000      2.53022      1.71681      0.81341
     -0.68000      3.58570      2.47095      1.11475
     -0.67000      3.67965      2.49070      1.18895
     -0.66000      2.75063      1.77778      0.97285
     -0.65000      1.56616      0.99875      0.56741
     -0.64000      0.68668      0.44694      0.23975
     -0.63000      0.68579      0.43303      0.25277
     -0.62000      1.39351      0.88329      0.51022
     -0.61000      2.14763      1.42061      0.72703
     -0.60000      2.84628      1.91166      0.93463
     -0.59000      2.49282      1.63759      0.85523
     -0.58000      1.28744      0.82151      0.46594
     -0.57000      0.68646      0.43712      0.24934
     -0.56000      0.95647      0.62607      0.33040
     -0.55000      1.50943      1.00540      0.50403
     -0.54000      2.01579      1.36006      0.65573
     -0.53000      2.74288      1.89433      0.84855
     -0.52000      3.53199      2.46960      1.06239
     -0.51000      2.86620      1.99564      0.87057
     -0.50000      1.64367      1.11924      0.52442
     -0.49000      1.06304      0.70031      0.36273
     -0.48000      0.65336      0.42791      0.22545
     -0.47000      0.70743      0.48097      0.22646
     -0.46000      1.06397      0.72663      0.33734
     -0.45000      1.24149      0.84400      0.39750
     -0.44000      1.49620      1.03354      0.46266
     -0.43000      1.48660      1.05212      0.43448
     -0.42000      1.32271      0.93607      0.38664
     -0.41000      1.51760      1.04397      0.47363
     -0.40000      1.24873      0.84927      0.39946
     -0.39000      0.93534      0.64647      0.28887
     -0.38000      1.28200      0.89616      0.38584
     -0.37000      1.35037      0.93727      0.41309
     -0.36000      1.17229      0.81854      0.35375
     -0.35000      1.13993      0.81422      0.32572
     -0.34000      1.50700      1.07865      0.42835
     -0.33000      1.97656      1.41201      0.56455
     -0.32000      1.82202      1.28836      0.53366
     -0.31000      1.31070      0.90485      0.40585
     -0.30000      1.03343      0.71098      0.32245
     -0.29000      0.82728      0.58879      0.23849
     -0.28000      0.45205      0.32892      0.12313
     -0.27000      0.37447      0.26471      0.10976
     -0.26000      1.00450      0.69541      0.30908
     -0.25000      1.47880      1.02348      0.45532
     -0.24000      1.18307      0.84072      0.34235
     -0.23000      0.88101      0.63637      0.24464
     -0.22000      0.84305      0.58107      0.26198
     -0.21000      0.96341      0.66584      0.29756
     -0.20000      1.15626      0.80612      0.35014
     -0.19000      1.19399      0.80346      0.39053
     -0.18000      0.99741      0.65975      0.33766
     -0.17000      0.83801      0.58601      0.25200
     -0.16000      0.95312      0.68929      0.26383
     -0.15000      1.17874      0.83544      0.34330
     -0.14000      1.22129      0.87239      0.34890
     -0.13000      1.16218      0.83356      0.32862
     -0.12000      1.16571      0.82488      0.34083
     -0.11000      0.85994      0.58948      0.27046
     -0.10000      0.81308      0.52232      0.29075
     -0.09000      1.00428      0.63422      0.37006
     -0.08000      0.82391      0.53204      0.29187
     -0.07000      0.77890      0.54013      0.23877
     -0.06000      1.09146      0.76100      0.33046
     -0.05000      1.00606      0.67858      0.32748
     -0.04000      0.93103      0.60560      0.32543
     -0.03000      1.22726      0.82110      0.40617
     -0.02000      1.26804      0.87361      0.39442
     -0.01000      0.90599      0.60793      0.29805
      0.00000      0.43609      0.27815      0.15794
      0.01000      0.11567      0.07177      0.04390
      0.02000      0.01371      0.00844      0.00528
      0.03000      0.00065      0.00040      0.00025
      0.04000      0.00001      0.00001      0.00000
      0.05000      0.00000      0.00000      0.00000
      0.06000      0.00000      0.00000      0.00000
      0.07000      0.00000      0.00000      0.00000
      0.08000      0.00000      0.00000      0.00000
      0.09000      0.00000      0.00000      0.00000
      0.10000      0.00000      0.00000      0.00000
      0.11000      0.00000      0.00000      0.00000
      0.12000      0.00000      0.00000      0.00000
      0.13000      0.00000      0.00000      0.00000
      0.14000      0.00000      0.00000      0.00000
      0.15000      0.00000      0.00000      0.00000
      0.16000      0.00000      0.00000      0.00000
      0.17000      0.00000      0.00000      0.00000
      0.18000      0.00000      0.00000      0.00000
      0.19000      0.00000      0.00000      0.00000
      0.20000      0.00000      0.00000      0.00000
      0.21000      0.00000      0.00000      0.00000
      0.22000      0.00000      0.00000      0.00000
      0.23000      0.00000      0.00000      0.00000
      0.24000      0.00000      0.00000      0.00000
      0.25000      0.00000      0.00000      0.00000
      0.26000      0.00000      0.00000      0.00000
      0.27000      0.00000      0.00000      0.00000
      0.28000      0.00000      0.00000      0.00000
      0.29000      0.00000      0.00000      0.00000
      0.30000      0.00000      0.00000      0.00000
      0.31000      0.00000      0.00000      0.00000
      0.32000      0.00000      0.00000      0.00000
      0.33000      0.00000      0.00000      0.00000
      0.34000      0.00000      0.00000      0.00000
      0.35000      0.00000      0.00000      0.00000
      0.36000      0.00000      0.00000      0.00000
      0.37000      0.00000      0.00000      0.00000
      0.38000      0.00000      0.00000      0.00000
      0.39000      0.00000      0.00000      0.00000
      0.40000      0.00000      0.00000      0.00000
      0.41000      0.00000      0.00000      0.00000
      0.42000      0.00000      0.00000      0.00000
      0.43000      0.00000      0.00000      0.00000
      0.44000      0.00000      0.00000      0.00000
      0.45000      0.00000      0.00000      0.00000
      0.46000      0.00000      0.00000      0.00000
      0.47000      0.00000      0.00000      0.00000
      0.48000      0.00000      0.00000      0.00000
      0.49000      0.00000      0.00000      0.00000
      0.50000      0.00000      0.00000      0.00000
      0.51000      0.00000      0.00000      0.00000
      0.52000      0.00000      0.00000      0.00000
      0.53000      0.00000      0.00000      0.00000
      0.54000      0.00000      0.00000      0.00000
      0.55000      0.00000      0.00000      0.00000
      0.56000      0.00000      0.00000      0.00000
      0.57000      0.00000      0.00000      0.00000
      0.58000      0.00000      0.00000      0.00000
      0.59000      0.00000      0.00000      0.00000
      0.60000      0.00000      0.00000      0.00000
      0.61000      0.00000      0.00000      0.00000
      0.62000      0.00000      0.00000      0.00000
      0.63000      0.00000      0.00000      0.00000
      0.64000      0.00000      0.00000      0.00000
      0.65000      0.00000      0.00000      0.00000
      0.66000      0.00000      0.00000      0.00000
      0.67000      0.00000      0.00000      0.00000
      0.68000      0.00000      0.00000      0.00000
      0.69000      0.00000      0.00000      0.00000
      0.70000      0.00000      0.00000      0.00000
      0.71000      0.00000      0.00000      0.00000
      0.72000      0.00000      0.00000      0.00000
      0.73000      0.00000      0.00000      0.00000
      0.74000      0.00000      0.00000      0.00000
      0.75000      0.00000      0.00000      0.00000
      0.76000      0.00000      0.00000      0.00000
      0.77000      0.00000      0.00000      0.00000
      0.78000      0.00000      0.00000      0.00000
      0.79000      0.00000      0.00000      0.00000
      0.80000      0.00000      0.00000      0.00000
      0.81000      0.00000      0.00000      0.00000
      0.82000      0.00000      0.00000      0.00000
      0.83000      0.00000      0.00000      0.00000
      0.84000      0.00000      0.00000      0.00000
      0.85000      0.00000      0.00000      0.00000
      0.86000      0.00000      0.00000      0.00000
      0.87000      0.00000      0.00000      0.00000
      0.88000      0.00000      0.00000      0.00000
      0.89000      0.00000      0.00000      0.00000
      0.90000      0.00000      0.00000      0.00000
      0.91000      0.00000      0.00000      0.00000
      0.92000      0.00000      0.00000      0.00000
      0.93000      0.00000      0.00000      0.00000
      0.94000      0.00000      0.00000      0.00000
      0.95000      0.00000      0.00000      0.00000
      0.96000      0.00000      0.00000      0.00000
      0.97000      0.00000      0.00000      0.00000
      0.98000      0.00000      0.00000      0.00000
      0.99000      0.00000      0.00000      0.00000
      1.00000      0.00000      0.00000      0.00000
      1.01000      0.00000      0.00000      0.00000
      1.02000      0.00000      0.00000      0.00000
      1.03000      0.00000      0.00000      0.00000
      1.04000      0.00000      0.00000      0.00000
      1.05000      0.00000      0.00000      0.00000
      1.06000      0.00000      0.00000      0.00000
      1.07000      0.00000      0.00000      0.00000
      1.08000      0.00000      0.00000      0.00000
      1.09000      0.00000      0.00000      0.00000
      1.10000      0.00000      0.00000      0.00000
      1.11000      0.00000      0.00000      0.00000
      1.12000      0.00000      0.00000      0.00000
      1.13000      0.00000      0.00000      0.00000
      1.14000      0.00000      0.00000      0.00000
      1.15000      0.00000      0.00000      0.00000
      1.16000      0.00000      0.00000      0.00000
      1.17000      0.00000      0.00000      0.00000
      1.18000      0.00000      0.00000      0.00000
      1.19000      0.00000      0.00000      0.00000
      1.20000      0.00000      0.00000      0.00000
      1.21000      0.00000      0.00000      0.00000
      1.22000      0.00000      0.00000      0.00000
      1.23000      0.00000      0.00000      0.00000
      1.24000      0.00000      0.00000      0.00000
      1.25000      0.00000      0.00000      0.00000
      1.26000      0.00000      0.00000      0.00000
      1.27000      0.00000      0.00000      0.00000
      1.28000      0.00000      0.00000      0.00000
      1.29000      0.00000      0.00000      0.00000
      1.30000      0.00000      0.00000      0.00000
      1.31000      0.00000      0.00000      0.00000
      1.32000      0.00000      0.00000      0.00000
      1.33000      0.00000      0.00000      0.00000
      1.34000      0.00000      0.00000      0.00000
      1.35000      0.00000      0.00000      0.00000
      1.36000      0.00000      0.00000      0.00000
      1.37000      0.00000      0.00000      0.00000
      1.38000      0.00000      0.00000      0.00000
      1.39000      0.00000      0.00000      0.00000
      1.40000      0.00000      0.00000      0.00000
      1.41000      0.00000      0.00000      0.00000
      1.42000      0.00000      0.00000      0.00000
      1.43000      0.00000      0.00000      0.00000
      1.44000      0.00000      0.00000      0.00000
      1.45000      0.00000      0.00000      0.00000
      1.46000      0.00000      0.00000      0.00000
      1.47000      0.00000      0.00000      0.00000
      1.48000      0.00000      0.00000      0.00000
      1.49000      0.00000      0.00000      0.00000
      1.50000      0.00000      0.00000      0.00000
      1.51000      0.00000      0.00000      0.00000
      1.52000      0.00000      0.00000      0.00000
      1.53000      0.00000      0.00000      0.00000
      1.54000      0.00000      0.00000      0.00000
      1.55000      0.00000      0.00000      0.00000
      1.56000      0.00000      0.00000      0.00000
      1.57000      0.00000      0.00000      0.00000
      1.58000      0.00000      0.00000      0.00000
      1.59000      0.00000      0.00000      0.00000
      1.60000      0.00000      0.00000      0.00000
      1.61000      0.00000      0.00000      0.00000
      1.62000      0.00000      0.00000      0.00000
      1.63000      0.00000      0.00000      0.00000
      1.64000      0.00000      0.00000      0.00000
      1.65000      0.00000      0.00000      0.00000
      1.66000      0.00000      0.00000      0.00000
      1.67000      0.00000      0.00000      0.00000
      1.68000      0.00000      0.00000      0.00000
      1.69000      0.00000      0.00000      0.00000
      1.70000      0.00000      0.00000      0.00000
      1.71000      0.00000      0.00000      0.00000
      1.72000      0.00000      0.00000      0.00000
      1.73000      0.00000      0.00000      0.00000
      1.74000      0.00000      0.00000      0.00000
      1.75000      0.00000      0.00000      0.00000
      1.76000      0.00000      0.00000      0.00000
      1.77000      0.00000      0.00000      0.00000
      1.78000      0.00001      0.00001      0.00000
      1.79000      0.00064      0.00056      0.00008
      1.80000      0.01529      0.01341      0.00188
      1.81000      0.13521      0.11859      0.01661
      1.82000      0.43983      0.38580      0.05404
      1.83000      0.52637      0.46170      0.06467
      1.84000      0.23191      0.20342      0.02849
      1.85000      0.04313      0.03782      0.00531
      1.86000      0.06927      0.06064      0.00863
      1.87000      0.30685      0.26849      0.03836
      1.88000      0.53938      0.47171      0.06766
      1.89000      0.36510      0.31913      0.04597
      1.90000      0.09499      0.08300      0.01200
      1.91000      0.00945      0.00826      0.00120
      1.92000      0.00036      0.00031      0.00005
      1.93000      0.00006      0.00005      0.00001
      1.94000      0.00243      0.00213      0.00031
      1.95000      0.04161      0.03636      0.00524
      1.96000      0.27698      0.24178      0.03520
      1.97000      0.76778      0.66865      0.09913
      1.98000      0.96409      0.83683      0.12727
      1.99000      0.56777      0.49133      0.07645
      2.00000      0.19541      0.16887      0.02655
      2.01000      0.28837      0.24946      0.03891
      2.02000      0.54803      0.47314      0.07489
      2.03000      0.46170      0.37839      0.08331
      2.04000      0.58220      0.34379      0.23841
      2.05000      1.39742      0.73925      0.65817
      2.06000      1.76238      0.92619      0.83620
      2.07000      1.64118      0.87421      0.76697
      2.08000      1.82555      1.02983      0.79572
      2.09000      1.67752      1.08526      0.59227
      2.10000      1.46028      1.06435      0.39593
      2.11000      1.90723      1.24740      0.65983
      2.12000      2.69465      1.52575      1.16890
      2.13000      2.88938      1.53934      1.35004
      2.14000      2.44707      1.28045      1.16662
      2.15000      1.80459      0.93953      0.86506
      2.16000      1.39807      0.74064      0.65743
      2.17000      1.52659      0.83698      0.68961
      2.18000      2.17870      1.24849      0.93021
      2.19000      2.44880      1.48594      0.96286
      2.20000      2.19140      1.37381      0.81759
      2.21000      1.98579      1.29282      0.69298
      2.22000      2.39619      1.56064      0.83555
      2.23000      3.12845      1.98822      1.14023
      2.24000      3.53092      2.14528      1.38564
      2.25000      3.42598      1.93307      1.49292
      2.26000      2.72457      1.42100      1.30357
      2.27000      2.40420      1.24623      1.15797
      2.28000      3.34620      1.89650      1.44970
      2.29000      3.69586      2.18921      1.50665
      2.30000      3.02229      1.80862      1.21367
      2.31000      3.13127      1.80752      1.32376
      2.32000      3.65665      1.97878      1.67787
      2.33000      3.83360      2.04555      1.78805
      2.34000      3.40403      1.94323      1.46080
      2.35000      2.74504      1.74895      0.99609
      2.36000      2.27411      1.47901      0.79510
      2.37000      2.20459      1.26898      0.93561
      2.38000      3.10022      1.71434      1.38588
      2.39000      3.92618      2.22350      1.70268
      2.40000      4.03080      2.38645      1.64435
      2.41000      3.95389      2.52894      1.42494
      2.42000      3.83258      2.54058      1.29200
      2.43000      4.19344      2.74023      1.45321
      2.44000      3.87811      2.57608      1.30203
      2.45000      2.37061      1.61603      0.75458
      2.46000      1.72206      1.16238      0.55968
      2.47000      2.38879      1.51642      0.87237
      2.48000      3.18712      1.98469      1.20243
      2.49000      3.10442      2.03969      1.06472
      2.50000      2.35796      1.59127      0.76669
      2.51000      1.89043      1.21132      0.67911
      2.52000      2.08626      1.32471      0.76155
      2.53000      2.27261      1.52624      0.74637
      2.54000      2.37418      1.58250      0.79168
      2.55000      2.99869      1.88980      1.10889
      2.56000      3.45970      2.11087      1.34883
      2.57000      3.78234      2.33963      1.44271
      2.58000      3.99241      2.60195      1.39046
      2.59000      3.98233      2.70393      1.27840
      2.60000      4.03959      2.80562      1.23396
      2.61000      4.27185      3.00114      1.27072
      2.62000      4.87187      3.21025      1.66162
      2.63000      4.77761      2.91777      1.85983
      2.64000      4.57342      2.74269      1.83073
      2.65000      5.03113      3.03000      2.00113
      2.66000      5.16095      3.07012      2.09083
      2.67000      4.85357      2.91316      1.94041
      2.68000      4.39533      2.73174      1.66359
      2.69000      4.33540      2.78266      1.55274
      2.70000      4.55969      3.02254      1.53715
      2.71000      5.10081      3.44282      1.65799
      2.72000      5.71139      3.77734      1.93405
      2.73000      5.48550      3.54110      1.94439
      2.74000      5.28971      3.39471      1.89500
      2.75000      5.61465      3.54623      2.06842
      2.76000      5.64998      3.52999      2.11999
      2.77000      5.74817      3.61079      2.13738
      2.78000      5.46580      3.51481      1.95099
      2.79000      5.69362      3.73854      1.95508
      2.80000      6.85654      4.48465      2.37190
      2.81000      7.43529      4.79468      2.64061
      2.82000      6.88033      4.37517      2.50516
      2.83000      5.66884      3.63195      2.03689
      2.84000      4.60615      3.11271      1.49344
      2.85000      4.38705      3.01855      1.36850
      2.86000      4.47836      2.87324      1.60513
      2.87000      4.48568      2.78007      1.70561
      2.88000      3.97104      2.48005      1.49098
      2.89000      3.24169      1.96113      1.28056
      2.90000      2.79684      1.65032      1.14652
      2.91000      2.92904      1.79858      1.13047
      2.92000      3.28535      1.91264      1.37270
      2.93000      3.53128      1.92031      1.61098
      2.94000      3.46810      1.98617      1.48193
      2.95000      3.87032      2.40077      1.46955
      2.96000      4.24340      2.74956      1.49384
      2.97000      3.95714      2.63330      1.32383
      2.98000      3.34008      2.31446      1.02562
      2.99000      2.87017      1.93299      0.93718
      3.00000      2.60622      1.48412      1.12209
      3.01000      2.22681      1.13792      1.08889
      3.02000      2.32477      1.36851      0.95626
      3.03000      3.35060      2.17344      1.17717
      3.04000      4.36309      2.94760      1.41549
      3.05000      4.01719      2.79315      1.22404
      3.06000      2.97145      2.12224      0.84922
      3.07000      2.84188      2.08855      0.75333
      3.08000      3.50595      2.55667      0.94928
      3.09000      3.38785      2.47647      0.91137
      3.10000      1.98278      1.50975      0.47302
      3.11000      1.58570      1.22982      0.35588
      3.12000      2.64048      1.97897      0.66151
      3.13000      2.90592      2.15840      0.74752
      3.14000      2.43874      1.79894      0.63980
      3.15000      2.46566      1.65559      0.81007
      3.16000      2.66894      1.61395      1.05498
      3.17000      2.80477      1.70520      1.09956
      3.18000      3.17309      2.14994      1.02315
      3.19000      4.42282      3.38780      1.03503
      3.20000      4.90921      4.01326      0.89596
      3.21000      3.75214      3.03835      0.71379
      3.22000      2.74656      1.95415      0.79240
      3.23000      2.15173      1.38891      0.76282
      3.24000      1.57567      1.01035      0.56531
      3.25000      1.57491      1.05051      0.52439
      3.26000      2.05679      1.41215      0.64464
      3.27000      3.16414      2.29484      0.86930
      3.28000      3.95021      2.96649      0.98373
      3.29000      3.63077      2.64041      0.99035
      3.30000      2.82715      1.89433      0.93282
      3.31000      2.04189      1.33956      0.70233
      3.32000      1.89506      1.32448      0.57057
      3.33000      1.98831      1.46013      0.52819
      3.34000      2.06825      1.52383      0.54442
      3.35000      2.27431      1.62946      0.64485
      3.36000      2.33965      1.66841      0.67124
      3.37000      2.95032      2.03963      0.91069
      3.38000      5.03635      3.28524      1.75111
      3.39000      6.67326      4.21790      2.45536
      3.40000      5.49935      3.31474      2.18461
      3.41000      3.40773      1.86817      1.53956
      3.42000      2.85865      1.44986      1.40879
      3.43000      3.55059      1.82527      1.72532
      3.44000      4.25393      2.27688      1.97705
      3.45000      4.02942      2.15507      1.87435
      3.46000      3.63673      1.85055      1.78618
      3.47000      3.53731      1.78654      1.75077
      3.48000      3.36874      1.81837      1.55037
      3.49000      2.96369      1.74536      1.21834
      3.50000      2.42947      1.47032      0.95915
      3.51000      2.75579      1.62101      1.13478
      3.52000      3.55513      1.99564      1.55950
      3.53000      3.67144      2.01345      1.65799
      3.54000      3.26728      1.74729      1.51999
      3.55000      2.82284      1.39801      1.42483
      3.56000      2.19738      1.07881      1.11857
      3.57000      1.47536      0.84044      0.63492
      3.58000      1.35322      0.82040      0.53282
      3.59000      1.51232      0.85949      0.65284
      3.60000      1.80594      1.04460      0.76134
      3.61000      2.62801      1.51128      1.11673
      3.62000      3.87489      2.22536      1.64953
      3.63000      4.66754      2.71151      1.95602
      3.64000      4.45808      2.56273      1.89534
      3.65000      3.53071      1.96723      1.56348
      3.66000      2.36184      1.23019      1.13165
      3.67000      1.37607      0.67720      0.69886
      3.68000      1.28623      0.62948      0.65675
      3.69000      1.73622      0.86021      0.87601
      3.70000      1.46847      0.77909      0.68939
      3.71000      1.34114      0.78386      0.55728
      3.72000      2.13661      1.18274      0.95386
      3.73000      2.60990      1.34286      1.26704
      3.74000      2.30431      1.13822      1.16609
      3.75000      1.88811      0.96563      0.92248
      3.76000      1.94004      1.10350      0.83655
      3.77000      2.03600      1.22795      0.80804
      3.78000      1.46707      0.85737      0.60970
      3.79000      1.30323      0.66987      0.63336
      3.80000      1.60839      0.79977      0.80862
      3.81000      1.76119      0.91697      0.84422
      3.82000      2.21503      1.19830      1.01673
      3.83000      2.21202      1.17340      1.03862
      3.84000      2.52774      1.28842      1.23932
      3.85000      3.10368      1.62057      1.48310
      3.86000      2.30267      1.28031      1.02237
      3.87000      1.36001      0.81203      0.54797
      3.88000      1.10941      0.63520      0.47421
      3.89000      1.19321      0.63010      0.56311
      3.90000      1.65413      0.89531      0.75882
      3.91000      1.80109      0.98326      0.81783
      3.92000      1.47616      0.76090      0.71526
      3.93000      2.34477      1.13677      1.20799
      3.94000      3.59568      1.74712      1.84855
      3.95000      3.73422      1.85417      1.88005
      3.96000      2.93800      1.49806      1.43993
      3.97000      1.98197      1.01047      0.97150
      3.98000      2.17510      1.08009      1.09501
      3.99000      2.56011      1.30500      1.25511
      4.00000      2.31598      1.19098      1.12500
      4.01000      1.76160      0.87156      0.89004
      4.02000      1.62350      0.78304      0.84046
      4.03000      1.85351      0.89713      0.95638
      4.04000      1.67148      0.81354      0.85794
      4.05000      1.61721      0.78777      0.82944
      4.06000      1.69306      0.82148      0.87159
      4.07000      1.63058      0.78668      0.84390
      4.08000      1.62417      0.78251      0.84166
      4.09000      1.23307      0.59698      0.63608
      4.10000      0.69857      0.33990      0.35867
      4.11000      0.68496      0.33103      0.35393
      4.12000      0.76636      0.36539      0.40098
      4.13000      0.47029      0.22146      0.24883
      4.14000      0.35442      0.17050      0.18393
      4.15000      0.56434      0.27586      0.28848
      4.16000      0.63591      0.31200      0.32391
      4.17000      1.06548      0.52234      0.54314
      4.18000      1.90747      0.92799      0.97948
      4.19000      2.09314      1.01044      1.08270
      4.20000      1.70021      0.81743      0.88278
      4.21000      1.45586      0.70021      0.75565
      4.22000      1.41723      0.68459      0.73264
      4.23000      1.22093      0.59397      0.62696
      4.24000      0.66954      0.32732      0.34222
      4.25000      0.16752      0.08208      0.08543
      4.26000      0.01806      0.00884      0.00922
      4.27000      0.03707      0.01778      0.01929
      4.28000      0.30169      0.14466      0.15703
      4.29000      0.91831      0.44034      0.47797
      4.30000      1.03144      0.49460      0.53684
      4.31000      0.47178      0.22636      0.24542
      4.32000      0.33332      0.16054      0.17278
      4.33000      0.58335      0.28127      0.30209
      4.34000      0.58838      0.28343      0.30495
      4.35000      0.52487      0.24970      0.27517
      4.36000      0.69049      0.32089      0.36959
      4.37000      1.03253      0.48157      0.55096
      4.38000      1.45509      0.69045      0.76464
      4.39000      1.50794      0.72079      0.78715
      4.40000      1.02022      0.48889      0.53134
      4.41000      0.90621      0.43472      0.47149
      4.42000      1.00922      0.48207      0.52715
      4.43000      1.23674      0.58340      0.65334
      4.44000      1.68875      0.78868      0.90007
      4.45000      1.89470      0.89025      1.00445
      4.46000      2.21583      1.06227      1.15356
      4.47000      2.09975      1.01237      1.08737
      4.48000      1.09279      0.52590      0.56688
      4.49000      0.33356      0.15929      0.17427
      4.50000      0.39723      0.18646      0.21077
      4.51000      0.87789      0.41433      0.46356
      4.52000      1.69553      0.80979      0.88575
      4.53000      2.71605      1.30158      1.41446
      4.54000      2.77028      1.31392      1.45636
      4.55000      2.35230      1.09289      1.25941
      4.56000      2.52721      1.17485      1.35236
      4.57000      2.86393      1.34548      1.51844
      4.58000      2.86252      1.34845      1.51408
      4.59000      2.75775      1.31091      1.44684
      4.60000      3.03986      1.46217      1.57769
      4.61000      3.67663      1.75721      1.91941
      4.62000      4.32989      2.06740      2.26249
      4.63000      4.21716      2.02417      2.19300
      4.64000      3.50263      1.67834      1.82429
      4.65000      3.96810      1.89710      2.07100
      4.66000      4.61810      2.21917      2.39893
      4.67000      3.89279      1.88308      2.00971
      4.68000      2.47922      1.19775      1.28147
      4.69000      1.45806      0.69649      0.76158
      4.70000      1.36855      0.65687      0.71167
      4.71000      2.27496      1.09800      1.17695
      4.72000      3.36745      1.61922      1.74824
      4.73000      2.94274      1.41684      1.52590
      4.74000      1.80911      0.89360      0.91551
      4.75000      1.80955      0.92657      0.88299
      4.76000      1.63604      0.84055      0.79549
      4.77000      1.25336      0.63666      0.61670
      4.78000      1.35952      0.69043      0.66908
      4.79000      1.94760      0.99776      0.94984
      4.80000      2.19895      1.13181      1.06714
      4.81000      1.44318      0.74173      0.70145
      4.82000      0.83163      0.42448      0.40715
      4.83000      0.55873      0.28574      0.27299
      4.84000      0.53126      0.27774      0.25351
      4.85000      0.88877      0.46681      0.42196
      4.86000      1.08707      0.56698      0.52009
      4.87000      0.98191      0.51030      0.47161
      4.88000      0.79311      0.42241      0.37070
      4.89000      1.03127      0.57914      0.45214
      4.90000      1.71103      0.96378      0.74724
      4.91000      2.04142      1.13611      0.90531
      4.92000      2.25341      1.24151      1.01190
      4.93000      2.67871      1.46302      1.21569
      4.94000      1.99584      1.08528      0.91056
      4.95000      0.66190      0.35938      0.30253
      4.96000      0.09359      0.05081      0.04278
      4.97000      0.06415      0.03507      0.02908
      4.98000      0.26926      0.14773      0.12153
      4.99000      0.59446      0.32785      0.26661
      5.00000      0.69760      0.38670      0.31089
      5.01000      0.49270      0.27607      0.21664
      5.02000      0.77034      0.44268      0.32766
      5.03000      1.64915      0.95468      0.69447
      5.04000      1.62899      0.94802      0.68096
      5.05000      0.69631      0.40724      0.28907
      5.06000      0.32530      0.18888      0.13642
      5.07000      0.52507      0.30298      0.22209
      5.08000      0.47111      0.27197      0.19914
      5.09000      0.28891      0.16855      0.12036
      5.10000      0.46868      0.27641      0.19227
      5.11000      0.56501      0.33393      0.23108
      5.12000      0.49029      0.29226      0.19803
      5.13000      0.76068      0.45672      0.30396
      5.14000      1.17497      0.70701      0.46796
      5.15000      1.44442      0.87406      0.57036
      5.16000      1.45243      0.88540      0.56703
      5.17000      1.26308      0.75328      0.50980
      5.18000      0.91186      0.46258      0.44930
      5.19000      0.71721      0.28032      0.43697
      5.20000      0.65097      0.25132      0.39987
      5.21000      0.87094      0.37553      0.49568
      5.22000      0.93007      0.46612      0.46493
      5.23000      0.88360      0.56998      0.31850
      5.24000      0.75789      0.57983      0.18767
      5.25000      0.37354      0.31227      0.06824
      5.26000      0.36213      0.22235      0.14164
      5.27000      1.26569      0.64925      0.61662
      5.28000      2.14321      1.03828      1.10495
      5.29000      1.44017      0.66945      0.77114
      5.30000      0.47862      0.26753      0.21420
      5.31000      0.43866      0.36903      0.07806
      5.32000      0.71248      0.55162      0.16929
      5.33000      0.60443      0.42181      0.18572
      5.34000      0.29008      0.19035      0.10015
      5.35000      0.39534      0.24820      0.14716
      5.36000      0.84609      0.49098      0.35511
      5.37000      1.29547      0.66689      0.62859
      5.38000      1.55333      0.72570      0.82763
      5.39000      1.71511      0.74120      0.97392
      5.40000      1.56634      0.70941      0.85693
      5.41000      0.74817      0.37593      0.37225
      5.42000      0.17055      0.09280      0.07778
      5.43000      0.21408      0.10913      0.10562
      5.44000      0.97125      0.52086      0.45582
      5.45000      1.98036      1.14363      0.85279
      5.46000      1.73508      1.06960      0.68296
      5.47000      0.81594      0.52901      0.29393
      5.48000      0.60070      0.39965      0.20208
      5.49000      0.45905      0.30645      0.15269
      5.50000      0.16358      0.11530      0.04887
      5.51000      0.13410      0.12730      0.01062
      5.52000      0.36235      0.30037      0.07102
      5.53000      0.81219      0.41541      0.40463
      5.54000      1.44695      0.50950      0.93997
      5.55000      1.38100      0.45460      0.92670
      5.56000      0.60059      0.20087      0.39973
      5.57000      0.11431      0.03908      0.07523
      5.58000      0.00916      0.00318      0.00598
      5.59000      0.00030      0.00010      0.00019
      5.60000      0.00000      0.00000      0.00000
      5.61000      0.00002      0.00002      0.00000
      5.62000      0.00118      0.00122      0.00000
      5.63000      0.02406      0.02477      0.00015
      5.64000      0.18434      0.18596      0.00480
      5.65000      0.56774      0.52712      0.05820
      5.66000      0.87223      0.61725      0.27271
      5.67000      0.96742      0.42408      0.54992
      5.68000      0.88638      0.30509      0.58219
      5.69000      0.60439      0.20526      0.39918
      5.70000      0.60312      0.19234      0.41078
      5.71000      1.05175      0.32437      0.72739
      5.72000      1.23034      0.38135      0.84899
      5.73000      0.91422      0.28925      0.62496
      5.74000      0.50881      0.15877      0.35004
      5.75000      0.53578      0.15553      0.38025
      5.76000      0.70229      0.20841      0.49387
      5.77000      0.71029      0.22828      0.48200
      5.78000      0.53099      0.17835      0.35264
      5.79000      0.18958      0.06423      0.12535
      5.80000      0.04764      0.01472      0.03292
      5.81000      0.17223      0.04856      0.12376
      5.82000      0.53427      0.17583      0.35994
      5.83000      0.88558      0.43276      0.46197
      5.84000      1.17872      0.76031      0.43887
      5.85000      0.97782      0.63835      0.35630
      5.86000      0.34692      0.21150      0.14052
      5.87000      0.05137      0.03079      0.02130
      5.88000      0.05979      0.06042      0.00161
      5.89000      0.30678      0.30698      0.01119
      5.90000      0.71015      0.61628      0.11537
      5.91000      1.05282      0.58516      0.48258
      5.92000      1.37238      0.46372      0.91247
      5.93000      1.45907      0.44648      1.01295
      5.94000      1.22190      0.39649      0.82542
      5.95000      0.60909      0.20548      0.40361
      5.96000      0.13776      0.04730      0.09045
      5.97000      0.01524      0.00508      0.01017
      5.98000      0.04303      0.01187      0.03118
      5.99000      0.25761      0.07658      0.18144
      6.00000      0.61621      0.22712      0.39235
      6.01000      0.67514      0.36353      0.32105
      6.02000      0.51036      0.34017      0.18027
      6.03000      0.59720      0.26632      0.33484
      6.04000      0.75909      0.25113      0.50854
      6.05000      0.62467      0.19479      0.43015
      6.06000      0.49178      0.19740      0.29675
      6.07000      0.46265      0.30016      0.17104
      6.08000      0.34848      0.30886      0.05095
      6.09000      0.14169      0.14091      0.00631
      6.10000      0.03530      0.02804      0.00825
      6.11000      0.13767      0.04063      0.09710
      6.12000      0.63417      0.18229      0.45189
      6.13000      1.20354      0.34611      0.85743
      6.14000      1.24710      0.35723      0.88987
      6.15000      1.18292      0.34443      0.83866
      6.16000      0.88807      0.30431      0.58609
      6.17000      0.66293      0.41224      0.26263
      6.18000      1.19705      0.74968      0.46986
      6.19000      1.91949      0.82501      1.11006
      6.20000      1.74881      0.58201      1.17077
      6.21000      1.04581      0.33753      0.70865
      6.22000      0.49301      0.16607      0.32694
      6.23000      0.20635      0.06913      0.13722
      6.24000      0.42535      0.13504      0.29031
      6.25000      0.88156      0.26666      0.61490
      6.26000      0.88440      0.25140      0.63301
      6.27000      0.41767      0.11276      0.30491
      6.28000      0.08730      0.02309      0.06421
      6.29000      0.04572      0.01480      0.03092
      6.30000      0.23666      0.07929      0.15737
      6.31000      0.53164      0.17837      0.35329
      6.32000      0.48986      0.17081      0.31962
      6.33000      0.55207      0.25246      0.30493
      6.34000      1.29089      0.67390      0.63536
      6.35000      1.54252      0.82521      0.74068
      6.36000      0.83101      0.41806      0.42404
      6.37000      0.80100      0.30387      0.50131
      6.38000      1.77896      0.74427      1.04669
      6.39000      1.94036      0.99393      0.96906
      6.40000      0.89095      0.55749      0.34931
      6.41000      0.17044      0.12575      0.04877
      6.42000      0.01384      0.01117      0.00305
      6.43000      0.01463      0.00394      0.01070
      6.44000      0.13087      0.03322      0.09766
      6.45000      0.47533      0.12945      0.34623
      6.46000      0.92159      0.33255      0.59265
      6.47000      1.54098      0.76086      0.79407
      6.48000      1.72855      0.94624      0.80215
      6.49000      1.11802      0.54146      0.58694
      6.50000      0.66955      0.21863      0.45291
      6.51000      0.29474      0.07846      0.21642
      6.52000      0.14879      0.03934      0.10945
      6.53000      0.56376      0.15164      0.41212
      6.54000      1.39200      0.37449      1.01750
      6.55000      1.63840      0.44013      1.19827
      6.56000      1.54005      0.41435      1.12570
      6.57000      1.75126      0.48587      1.26540
      6.58000      1.62602      0.49012      1.13614
      6.59000      1.48943      0.50368      0.98776
      6.60000      1.52255      0.60370      0.92516
      6.61000      1.17733      0.53717      0.64806
      6.62000      0.71793      0.39168      0.33510
      6.63000      0.89852      0.60173      0.31515
      6.64000      1.35810      0.76289      0.61555
      6.65000      1.79848      0.65544      1.15153
      6.66000      1.37693      0.40348      0.97475
      6.67000      0.43974      0.12291      0.31691
      6.68000      0.07071      0.02023      0.05048
      6.69000      0.16752      0.05191      0.11560
      6.70000      0.67817      0.20958      0.46859
      6.71000      1.34467      0.41445      0.93022
      6.72000      1.33999      0.41285      0.92714
      6.73000      0.74529      0.22530      0.51999
      6.74000      0.52337      0.15637      0.36707
      6.75000      0.68790      0.25496      0.43388
      6.76000      0.85928      0.48457      0.37934
      6.77000      0.77977      0.63311      0.15507
      6.78000      0.48874      0.41356      0.08081
      6.79000      0.52665      0.23197      0.29606
      6.80000      0.99734      0.31457      0.68290
      6.81000      1.23937      0.36513      0.87424
      6.82000      1.05437      0.30330      0.75107
      6.83000      0.80495      0.24750      0.55745
      6.84000      0.61855      0.20446      0.41409
      6.85000      0.28471      0.09611      0.18860
      6.86000      0.16979      0.05857      0.11121
      6.87000      0.44551      0.15538      0.29021
      6.88000      0.74108      0.27598      0.46646
      6.89000      0.97717      0.47951      0.50559
      6.90000      1.14176      0.75021      0.40907
      6.91000      1.06224      0.78686      0.29298
      6.92000      1.47234      0.92911      0.55741
      6.93000      1.55187      0.83587      0.72540
      6.94000      0.70930      0.34876      0.36343
      6.95000      0.32506      0.22118      0.10422
      6.96000      0.75105      0.54544      0.20562
      6.97000      1.05801      0.66333      0.39468
      6.98000      0.62966      0.32746      0.30219
      6.99000      0.29054      0.11795      0.17259
      7.00000      0.35733      0.13433      0.22300
      7.01000      0.56953      0.24219      0.32734
      7.02000      0.93993      0.52181      0.41812
      7.03000      1.02552      0.68568      0.33983
      7.04000      0.91769      0.50433      0.41336
      7.05000      1.17207      0.41457      0.75750
      7.06000      1.33492      0.42347      0.91145
      7.07000      0.86431      0.26690      0.59742
      7.08000      0.31260      0.09928      0.21332
      7.09000      0.33660      0.13309      0.20351
      7.10000      0.65813      0.29160      0.36653
      7.11000      0.82904      0.42204      0.40700
      7.12000      0.88196      0.43663      0.44533
      7.13000      0.56353      0.24085      0.32268
      7.14000      0.15670      0.05980      0.09692
      7.15000      0.04746      0.03641      0.01132
      7.16000      0.20866      0.20036      0.00970
      7.17000      0.67492      0.59361      0.08404
      7.18000      1.14882      0.85829      0.29248
      7.19000      0.97991      0.59482      0.38560
      7.20000      0.44337      0.22055      0.22287
      7.21000      0.54539      0.28729      0.25810
      7.22000      1.55170      0.82150      0.73020
      7.23000      2.52324      1.21201      1.31124
      7.24000      2.36661      1.00261      1.36400
      7.25000      1.89031      0.72609      1.16422
      7.26000      1.64246      0.61179      1.03067
      7.27000      1.17633      0.41993      0.75640
      7.28000      0.60346      0.19880      0.40466
      7.29000      0.16656      0.05217      0.11439
      7.30000      0.04730      0.02089      0.02641
      7.31000      0.22216      0.12209      0.10008
      7.32000      0.75115      0.43792      0.31323
      7.33000      1.37295      0.83114      0.54181
      7.34000      1.80990      1.02210      0.78780
      7.35000      2.07124      1.07508      0.99616
      7.36000      1.88472      1.01137      0.87335
      7.37000      1.47778      0.91181      0.56596
      7.38000      1.30403      0.85935      0.44468
      7.39000      1.02418      0.70327      0.32091
      7.40000      1.13250      0.86660      0.26590
      7.41000      1.72739      1.21040      0.51699
      7.42000      1.86967      1.11356      0.75611
      7.43000      1.10608      0.54536      0.56073
      7.44000      0.50618      0.20149      0.30470
      7.45000      0.61338      0.22905      0.38432
      7.46000      0.87756      0.31550      0.56206
      7.47000      1.35562      0.51662      0.83900
      7.48000      1.55157      0.72111      0.83046
      7.49000      1.07427      0.64122      0.43304
      7.50000      0.53004      0.36571      0.16433
      7.51000      0.44337      0.29047      0.15290
      7.52000      0.57001      0.35995      0.21006
      7.53000      0.41605      0.24870      0.16735
      7.54000      0.47475      0.23231      0.24244
      7.55000      0.85007      0.35323      0.49684
      7.56000      1.20111      0.39701      0.80409
      7.57000      1.09242      0.30966      0.78276
      7.58000      0.46953      0.13105      0.33848
      7.59000      0.28960      0.14437      0.14524
      7.60000      0.85408      0.51225      0.34183
      7.61000      1.49939      0.89274      0.60665
      7.62000      1.69980      0.92782      0.77198
      7.63000      1.78081      0.88732      0.89349
      7.64000      1.44860      0.64592      0.80267
      7.65000      0.79886      0.29204      0.50682
      7.66000      0.58958      0.15016      0.43942
      7.67000      0.56839      0.12595      0.44244
      7.68000      0.43075      0.09592      0.33483
      7.69000      0.62138      0.15989      0.46149
      7.70000      0.90095      0.31327      0.58768
      7.71000      1.12443      0.50105      0.62338
      7.72000      1.28274      0.60378      0.67895
      7.73000      1.18143      0.47522      0.70621
      7.74000      1.55075      0.40480      1.14594
      7.75000      2.96080      0.67725      2.28355
      7.76000      3.74916      0.85574      2.89341
      7.77000      3.27025      0.93064      2.33961
      7.78000      2.21800      0.82266      1.39534
      7.79000      1.18223      0.39645      0.78578
      7.80000      0.48620      0.10304      0.38315
      7.81000      0.11893      0.01904      0.09990
      7.82000      0.14426      0.04485      0.09941
      7.83000      0.75278      0.23745      0.51533
      7.84000      1.89425      0.55866      1.33559
      7.85000      2.61101      0.68088      1.93013
      7.86000      2.41447      0.55895      1.85552
      7.87000      1.98630      0.51870      1.46759
      7.88000      1.93916      0.58627      1.35289
      7.89000      1.69292      0.47505      1.21786
      7.90000      1.04474      0.30289      0.74185
      7.91000      0.70199      0.31909      0.38290
      7.92000      0.63338      0.31801      0.31537
      7.93000      0.58184      0.17100      0.41084
      7.94000      0.58954      0.08754      0.50200
      7.95000      0.37922      0.04941      0.32981
      7.96000      0.55492      0.08442      0.47050
      7.97000      1.47836      0.22666      1.25169
      7.98000      1.99867      0.29138      1.70729
      7.99000      1.43164      0.19714      1.23450
      8.00000      1.05795      0.14956      0.90838
      8.01000      1.16118      0.16548      0.99570
      8.02000      1.29468      0.16797      1.12671
      8.03000      1.30565      0.15754      1.14811
      8.04000      1.23341      0.14638      1.08703
      8.05000      1.31713      0.15926      1.15787
      8.06000      1.11423      0.13702      0.97721
      8.07000      0.54207      0.06709      0.47498
