Energy-E_F (eV)    DOS (1/eV)    PDOS (1/eV)  of atom type Mo S  
     -5.01031      2.65395      0.00000      0.00000
     -5.00031      2.59713      0.00000      0.00000
     -4.99031      2.81367      0.00000      0.00000
     -4.98031      2.73729      0.00000      0.00000
     -4.97031      2.31978      0.00000      0.00000
     -4.96031      2.65360      0.00000      0.00000
     -4.95031      4.44467      0.00000      0.00000
     -4.94031      5.78889      0.00000      0.00000
     -4.93031      5.38504      0.00000      0.00000
     -4.92031      5.25055      0.00000      0.00000
     -4.91031      5.64007      0.00000      0.00000
     -4.90031      5.26560      0.00000      0.00000
     -4.89031      3.18317      0.00000      0.00000
     -4.88031      1.45886      0.00000      0.00000
     -4.87031      1.69333      0.00000      0.00000
     -4.86031      3.39752      0.00000      0.00000
     -4.85031      4.78982      0.00000      0.00000
     -4.84031      3.81734      0.00000      0.00000
     -4.83031      2.35267      0.00000      0.00000
     -4.82031      1.98539      0.00000      0.00000
     -4.81031      1.85896      0.00000      0.00000
     -4.80031      2.07855      0.00000      0.00000
     -4.79031      2.48029      0.00000      0.00000
     -4.78031      2.73319      0.00000      0.00000
     -4.77031      3.02390      0.00000      0.00000
     -4.76031      3.36945      0.00000      0.00000
     -4.75031      3.75321      0.00000      0.00000
     -4.74031      3.72118      0.00000      0.00000
     -4.73031      2.78027      0.00000      0.00000
     -4.72031      1.88918      0.00000      0.00000
     -4.71031      1.36164      0.00000      0.00000
     -4.70031      1.05263      0.00000      0.00000
     -4.69031      1.32514      0.00000      0.00000
     -4.68031      1.48351      0.00000      0.00000
     -4.67031      1.70980      0.00000      0.00000
     -4.66031      1.84499      0.00000      0.00000
     -4.65031      1.46545      0.00000      0.00000
     -4.64031      1.70631      0.00000      0.00000
     -4.63031      2.02306      0.00000      0.00000
     -4.62031      1.89815      0.00000      0.00000
     -4.61031      1.71674      0.00000      0.00000
     -4.60031      1.67402      0.00000      0.00000
     -4.59031      1.53761      0.00000      0.00000
     -4.58031      1.09818      0.00000      0.00000
     -4.57031      1.06333      0.00000      0.00000
     -4.56031      1.54761      0.00000      0.00000
     -4.55031      1.98584      0.00000      0.00000
     -4.54031      1.71255      0.00000      0.00000
     -4.53031      1.61892      0.00000      0.00000
     -4.52031      2.20748      0.00000      0.00000
     -4.51031      2.64260      0.00000      0.00000
     -4.50031      2.21267      0.00000      0.00000
     -4.49031      1.66496      0.00000      0.00000
     -4.48031      1.21123      0.00000      0.00000
     -4.47031      0.64832      0.00000      0.00000
     -4.46031      0.63003      0.00000      0.00000
     -4.45031      0.95962      0.00000      0.00000
     -4.44031      1.24020      0.00000      0.00000
     -4.43031      1.48061      0.00000      0.00000
     -4.42031      1.74626      0.00000      0.00000
     -4.41031      1.69174      0.00000      0.00000
     -4.40031      1.26029      0.00000      0.00000
     -4.39031      1.10012      0.00000      0.00000
     -4.38031      1.35941      0.00000      0.00000
     -4.37031      1.44234      0.00000      0.00000
     -4.36031      0.93043      0.00000      0.00000
     -4.35031      0.89948      0.00000      0.00000
     -4.34031      1.37271      0.00000      0.00000
     -4.33031      1.41781      0.00000      0.00000
     -4.32031      1.63677      0.00000      0.00000
     -4.31031      1.60639      0.00000      0.00000
     -4.30031      0.91990      0.00000      0.00000
     -4.29031      0.79402      0.00000      0.00000
     -4.28031      1.33830      0.00000      0.00000
     -4.27031      1.88307      0.00000      0.00000
     -4.26031      2.22895      0.00000      0.00000
     -4.25031      1.70135      0.00000      0.00000
     -4.24031      0.81104      0.00000      0.00000
     -4.23031      0.80469      0.00000      0.00000
     -4.22031      1.30858      0.00000      0.00000
     -4.21031      1.58742      0.00000      0.00000
     -4.20031      1.22755      0.00000      0.00000
     -4.19031      0.98718      0.00000      0.00000
     -4.18031      1.42301      0.00000      0.00000
     -4.17031      1.98423      0.00000      0.00000
     -4.16031      3.51645      0.00000      0.00000
     -4.15031      5.55606      0.00000      0.00000
     -4.14031      6.52740      0.00000      0.00000
     -4.13031      6.60022      0.00000      0.00000
     -4.12031      6.79519      0.00000      0.00000
     -4.11031      7.67918      0.00000      0.00000
     -4.10031      7.74708      0.00000      0.00000
     -4.09031      6.88636      0.00000      0.00000
     -4.08031      6.94085      0.00000      0.00000
     -4.07031      7.78151      0.00000      0.00000
     -4.06031      7.64806      0.00000      0.00000
     -4.05031      7.70009      0.00000      0.00000
     -4.04031      8.62554      0.00000      0.00000
     -4.03031      9.68263      0.00000      0.00000
     -4.02031     11.46851      0.00000      0.00000
     -4.01031     14.63041      0.00000      0.00000
     -4.00031     17.67177      0.00000      0.00000
     -3.99031     18.54745      0.00000      0.00000
     -3.98031     17.11613      0.00000      0.00000
     -3.97031     13.87307      0.00000      0.00000
     -3.96031     11.97771      0.00000      0.00000
     -3.95031     12.98966      0.00000      0.00000
     -3.94031     13.68467      0.00000      0.00000
     -3.93031     12.49543      0.00000      0.00000
     -3.92031     11.36120      0.00000      0.00000
     -3.91031     10.63816      0.00000      0.00000
     -3.90031      9.22771      0.00000      0.00000
     -3.89031      8.13414      0.00000      0.00000
     -3.88031      7.47738      0.00000      0.00000
     -3.87031      7.59382      0.00000      0.00000
     -3.86031      8.31453      0.00000      0.00000
     -3.85031      8.22935      0.00000      0.00000
     -3.84031      6.76020      0.00000      0.00000
     -3.83031      5.26545      0.00000      0.00000
     -3.82031      4.93819      0.00000      0.00000
     -3.81031      5.45108      0.00000      0.00000
     -3.80031      5.98845      0.00000      0.00000
     -3.79031      5.88954      0.00000      0.00000
     -3.78031      5.12265      0.00000      0.00000
     -3.77031      4.50545      0.00000      0.00000
     -3.76031      4.63311      0.00000      0.00000
     -3.75031      5.54529      0.00000      0.00000
     -3.74031      5.94994      0.00000      0.00000
     -3.73031      5.28471      0.00000      0.00000
     -3.72031      4.47640      0.00000      0.00000
     -3.71031      3.19008      0.00000      0.00000
     -3.70031      1.87634      0.00000      0.00000
     -3.69031      1.47658      0.00000      0.00000
     -3.68031      1.81702      0.00000      0.00000
     -3.67031      1.83038      0.00000      0.00000
     -3.66031      1.35442      0.00000      0.00000
     -3.65031      1.77041      0.00000      0.00000
     -3.64031      2.47677      0.00000      0.00000
     -3.63031      2.63284      0.00000      0.00000
     -3.62031      3.27118      0.00000      0.00000
     -3.61031      3.97272      0.00000      0.00000
     -3.60031      3.20572      0.00000      0.00000
     -3.59031      1.94628      0.00000      0.00000
     -3.58031      1.48902      0.00000      0.00000
     -3.57031      2.21225      0.00000      0.00000
     -3.56031      3.03980      0.00000      0.00000
     -3.55031      3.35541      0.00000      0.00000
     -3.54031      2.92756      0.00000      0.00000
     -3.53031      1.84330      0.00000      0.00000
     -3.52031      0.99193      0.00000      0.00000
     -3.51031      1.19285      0.00000      0.00000
     -3.50031      2.59601      0.00000      0.00000
     -3.49031      3.40186      0.00000      0.00000
     -3.48031      2.35088      0.00000      0.00000
     -3.47031      1.87473      0.00000      0.00000
     -3.46031      2.55946      0.00000      0.00000
     -3.45031      2.66602      0.00000      0.00000
     -3.44031      2.77404      0.00000      0.00000
     -3.43031      4.06311      0.00000      0.00000
     -3.42031      4.96492      0.00000      0.00000
     -3.41031      5.25499      0.00000      0.00000
     -3.40031      5.93272      0.00000      0.00000
     -3.39031      6.29677      0.00000      0.00000
     -3.38031      6.77536      0.00000      0.00000
     -3.37031      8.32403      0.00000      0.00000
     -3.36031      8.95611      0.00000      0.00000
     -3.35031      8.63957      0.00000      0.00000
     -3.34031      8.93092      0.00000      0.00000
     -3.33031      8.21335      0.00000      0.00000
     -3.32031      7.42299      0.00000      0.00000
     -3.31031      8.98628      0.00000      0.00000
     -3.30031     11.52298      0.00000      0.00000
     -3.29031     15.09567      0.00000      0.00000
     -3.28031     20.26185      0.00000      0.00000
     -3.27031     21.34945      0.00000      0.00000
     -3.26031     17.82198      0.00000      0.00000
     -3.25031     15.00385      0.00000      0.00000
     -3.24031     13.37722      0.00000      0.00000
     -3.23031     10.52350      0.00000      0.00000
     -3.22031      7.69751      0.00000      0.00000
     -3.21031      7.83489      0.00000      0.00000
     -3.20031      9.55476      0.00000      0.00000
     -3.19031     10.53767      0.00000      0.00000
     -3.18031      9.68658      0.00000      0.00000
     -3.17031      7.47116      0.00000      0.00000
     -3.16031      6.58034      0.00000      0.00000
     -3.15031      7.13552      0.00000      0.00000
     -3.14031      6.86825      0.00000      0.00000
     -3.13031      6.29322      0.00000      0.00000
     -3.12031      6.11113      0.00000      0.00000
     -3.11031      5.35908      0.00000      0.00000
     -3.10031      4.52988      0.00000      0.00000
     -3.09031      4.84358      0.00000      0.00000
     -3.08031      6.32650      0.00000      0.00000
     -3.07031      6.67409      0.00000      0.00000
     -3.06031      4.84148      0.00000      0.00000
     -3.05031      3.82815      0.00000      0.00000
     -3.04031      4.40026      0.00000      0.00000
     -3.03031      5.63620      0.00000      0.00000
     -3.02031      6.50577      0.00000      0.00000
     -3.01031      5.82611      0.00000      0.00000
     -3.00031      4.21126      0.00000      0.00000
     -2.99031      2.56487      0.00000      0.00000
     -2.98031      2.36745      0.00000      0.00000
     -2.97031      3.47738      0.00000      0.00000
     -2.96031      3.35121      0.00000      0.00000
     -2.95031      2.28729      0.00000      0.00000
     -2.94031      2.50118      0.00000      0.00000
     -2.93031      3.02095      0.00000      0.00000
     -2.92031      3.07118      0.00000      0.00000
     -2.91031      2.96023      0.00000      0.00000
     -2.90031      2.42716      0.00000      0.00000
     -2.89031      3.17492      0.00000      0.00000
     -2.88031      5.09391      0.00000      0.00000
     -2.87031      5.86808      0.00000      0.00000
     -2.86031      5.14038      0.00000      0.00000
     -2.85031      4.18790      0.00000      0.00000
     -2.84031      3.17052      0.00000      0.00000
     -2.83031      2.60538      0.00000      0.00000
     -2.82031      3.00228      0.00000      0.00000
     -2.81031      3.31161      0.00000      0.00000
     -2.80031      2.39470      0.00000      0.00000
     -2.79031      2.13585      0.00000      0.00000
     -2.78031      2.84708      0.00000      0.00000
     -2.77031      3.00611      0.00000      0.00000
     -2.76031      2.65486      0.00000      0.00000
     -2.75031      2.32648      0.00000      0.00000
     -2.74031      2.00200      0.00000      0.00000
     -2.73031      1.87316      0.00000      0.00000
     -2.72031      2.64352      0.00000      0.00000
     -2.71031      3.92862      0.00000      0.00000
     -2.70031      4.20934      0.00000      0.00000
     -2.69031      3.45642      0.00000      0.00000
     -2.68031      2.88451      0.00000      0.00000
     -2.67031      3.17386      0.00000      0.00000
     -2.66031      3.83140      0.00000      0.00000
     -2.65031      4.26763      0.00000      0.00000
     -2.64031      4.55414      0.00000      0.00000
     -2.63031      3.81883      0.00000      0.00000
     -2.62031      2.46531      0.00000      0.00000
     -2.61031      1.48033      0.00000      0.00000
     -2.60031      1.48163      0.00000      0.00000
     -2.59031      2.31895      0.00000      0.00000
     -2.58031      3.17163      0.00000      0.00000
     -2.57031      3.81543      0.00000      0.00000
     -2.56031      3.78013      0.00000      0.00000
     -2.55031      3.98295      0.00000      0.00000
     -2.54031      5.40003      0.00000      0.00000
     -2.53031      5.98695      0.00000      0.00000
     -2.52031      4.35715      0.00000      0.00000
     -2.51031      3.47022      0.00000      0.00000
     -2.50031      3.52114      0.00000      0.00000
     -2.49031      3.77849      0.00000      0.00000
     -2.48031      3.62219      0.00000      0.00000
     -2.47031      2.79825      0.00000      0.00000
     -2.46031      2.25736      0.00000      0.00000
     -2.45031      2.40843      0.00000      0.00000
     -2.44031      2.79892      0.00000      0.00000
     -2.43031      2.92469      0.00000      0.00000
     -2.42031      3.30707      0.00000      0.00000
     -2.41031      4.01205      0.00000      0.00000
     -2.40031      4.30727      0.00000      0.00000
     -2.39031      3.93427      0.00000      0.00000
     -2.38031      3.01730      0.00000      0.00000
     -2.37031      2.35336      0.00000      0.00000
     -2.36031      2.54414      0.00000      0.00000
     -2.35031      3.03972      0.00000      0.00000
     -2.34031      3.48246      0.00000      0.00000
     -2.33031      4.25831      0.00000      0.00000
     -2.32031      4.50359      0.00000      0.00000
     -2.31031      3.06610      0.00000      0.00000
     -2.30031      1.99933      0.00000      0.00000
     -2.29031      2.17647      0.00000      0.00000
     -2.28031      3.15011      0.00000      0.00000
     -2.27031      4.35341      0.00000      0.00000
     -2.26031      5.26985      0.00000      0.00000
     -2.25031      5.35432      0.00000      0.00000
     -2.24031      4.37773      0.00000      0.00000
     -2.23031      3.46241      0.00000      0.00000
     -2.22031      3.28962      0.00000      0.00000
     -2.21031      3.13753      0.00000      0.00000
     -2.20031      3.24066      0.00000      0.00000
     -2.19031      3.92753      0.00000      0.00000
     -2.18031      5.76878      0.00000      0.00000
     -2.17031      7.37122      0.00000      0.00000
     -2.16031      7.60288      0.00000      0.00000
     -2.15031      7.07597      0.00000      0.00000
     -2.14031      5.99229      0.00000      0.00000
     -2.13031      4.95989      0.00000      0.00000
     -2.12031      4.88547      0.00000      0.00000
     -2.11031      5.41252      0.00000      0.00000
     -2.10031      5.60984      0.00000      0.00000
     -2.09031      5.96765      0.00000      0.00000
     -2.08031      6.47377      0.00000      0.00000
     -2.07031      6.14745      0.00000      0.00000
     -2.06031      5.14720      0.00000      0.00000
     -2.05031      4.73200      0.00000      0.00000
     -2.04031      5.00976      0.00000      0.00000
     -2.03031      6.32367      0.00000      0.00000
     -2.02031      8.30426      0.00000      0.00000
     -2.01031      8.25203      0.00000      0.00000
     -2.00031      7.03355      0.00000      0.00000
     -1.99031      7.76164      0.00000      0.00000
     -1.98031      8.00111      0.00000      0.00000
     -1.97031      7.26246      0.00000      0.00000
     -1.96031      8.77988      0.00000      0.00000
     -1.95031     11.88676      0.00000      0.00000
     -1.94031     14.11328      0.00000      0.00000
     -1.93031     15.15297      0.00000      0.00000
     -1.92031     13.82698      0.00000      0.00000
     -1.91031     10.44235      0.00000      0.00000
     -1.90031      7.93856      0.00000      0.00000
     -1.89031      7.02446      0.00000      0.00000
     -1.88031      8.10347      0.00000      0.00000
     -1.87031      9.19285      0.00000      0.00000
     -1.86031      8.40565      0.00000      0.00000
     -1.85031      7.50761      0.00000      0.00000
     -1.84031      6.93088      0.00000      0.00000
     -1.83031      6.15504      0.00000      0.00000
     -1.82031      6.77503      0.00000      0.00000
     -1.81031      8.46839      0.00000      0.00000
     -1.80031      9.01335      0.00000      0.00000
     -1.79031      7.80349      0.00000      0.00000
     -1.78031      5.71513      0.00000      0.00000
     -1.77031      4.26623      0.00000      0.00000
     -1.76031      4.59109      0.00000      0.00000
     -1.75031      5.28761      0.00000      0.00000
     -1.74031      6.05318      0.00000      0.00000
     -1.73031      6.98288      0.00000      0.00000
     -1.72031      6.76256      0.00000      0.00000
     -1.71031      5.28558      0.00000      0.00000
     -1.70031      4.38771      0.00000      0.00000
     -1.69031      4.94094      0.00000      0.00000
     -1.68031      6.14279      0.00000      0.00000
     -1.67031      6.04446      0.00000      0.00000
     -1.66031      5.43339      0.00000      0.00000
     -1.65031      4.94798      0.00000      0.00000
     -1.64031      4.15607      0.00000      0.00000
     -1.63031      3.52552      0.00000      0.00000
     -1.62031      3.03627      0.00000      0.00000
     -1.61031      3.01499      0.00000      0.00000
     -1.60031      4.03828      0.00000      0.00000
     -1.59031      5.61855      0.00000      0.00000
     -1.58031      6.34760      0.00000      0.00000
     -1.57031      5.32586      0.00000      0.00000
     -1.56031      4.10594      0.00000      0.00000
     -1.55031      4.03966      0.00000      0.00000
     -1.54031      4.30013      0.00000      0.00000
     -1.53031      4.39053      0.00000      0.00000
     -1.52031      4.18419      0.00000      0.00000
     -1.51031      4.52741      0.00000      0.00000
     -1.50031      4.82000      0.00000      0.00000
     -1.49031      4.37236      0.00000      0.00000
     -1.48031      4.36575      0.00000      0.00000
     -1.47031      4.67631      0.00000      0.00000
     -1.46031      4.54889      0.00000      0.00000
     -1.45031      4.40386      0.00000      0.00000
     -1.44031      4.67425      0.00000      0.00000
     -1.43031      4.14962      0.00000      0.00000
     -1.42031      3.05373      0.00000      0.00000
     -1.41031      2.66112      0.00000      0.00000
     -1.40031      3.26553      0.00000      0.00000
     -1.39031      4.50670      0.00000      0.00000
     -1.38031      5.12351      0.00000      0.00000
     -1.37031      4.75500      0.00000      0.00000
     -1.36031      4.05850      0.00000      0.00000
     -1.35031      4.01929      0.00000      0.00000
     -1.34031      4.66480      0.00000      0.00000
     -1.33031      4.88904      0.00000      0.00000
     -1.32031      4.45593      0.00000      0.00000
     -1.31031      3.89351      0.00000      0.00000
     -1.30031      3.70968      0.00000      0.00000
     -1.29031      3.95894      0.00000      0.00000
     -1.28031      4.39735      0.00000      0.00000
     -1.27031      4.74076      0.00000      0.00000
     -1.26031      4.76840      0.00000      0.00000
     -1.25031      4.41964      0.00000      0.00000
     -1.24031      4.00731      0.00000      0.00000
     -1.23031      4.67033      0.00000      0.00000
     -1.22031      5.60311      0.00000      0.00000
     -1.21031      5.36556      0.00000      0.00000
     -1.20031      5.10924      0.00000      0.00000
     -1.19031      5.83888      0.00000      0.00000
     -1.18031      6.40066      0.00000      0.00000
     -1.17031      6.44646      0.00000      0.00000
     -1.16031      6.34650      0.00000      0.00000
     -1.15031      5.75798      0.00000      0.00000
     -1.14031      5.41534      0.00000      0.00000
     -1.13031      5.41470      0.00000      0.00000
     -1.12031      5.22904      0.00000      0.00000
     -1.11031      4.67395      0.00000      0.00000
     -1.10031      3.93161      0.00000      0.00000
     -1.09031      3.96111      0.00000      0.00000
     -1.08031      3.76682      0.00000      0.00000
     -1.07031      3.34544      0.00000      0.00000
     -1.06031      3.27337      0.00000      0.00000
     -1.05031      2.78420      0.00000      0.00000
     -1.04031      2.32562      0.00000      0.00000
     -1.03031      2.64713      0.00000      0.00000
     -1.02031      2.86589      0.00000      0.00000
     -1.01031      2.78907      0.00000      0.00000
     -1.00031      2.96169      0.00000      0.00000
     -0.99031      2.73970      0.00000      0.00000
     -0.98031      2.51406      0.00000      0.00000
     -0.97031      3.23375      0.00000      0.00000
     -0.96031      3.92677      0.00000      0.00000
     -0.95031      3.80828      0.00000      0.00000
     -0.94031      4.23182      0.00000      0.00000
     -0.93031      5.19708      0.00000      0.00000
     -0.92031      6.14842      0.00000      0.00000
     -0.91031      6.70027      0.00000      0.00000
     -0.90031      6.53508      0.00000      0.00000
     -0.89031      6.18204      0.00000      0.00000
     -0.88031      6.06543      0.00000      0.00000
     -0.87031      5.74950      0.00000      0.00000
     -0.86031      6.07469      0.00000      0.00000
     -0.85031      6.70731      0.00000      0.00000
     -0.84031      6.78350      0.00000      0.00000
     -0.83031      7.33342      0.00000      0.00000
     -0.82031      7.47613      0.00000      0.00000
     -0.81031      6.78512      0.00000      0.00000
     -0.80031      6.17144      0.00000      0.00000
     -0.79031      6.45336      0.00000      0.00000
     -0.78031      6.39157      0.00000      0.00000
     -0.77031      6.13791      0.00000      0.00000
     -0.76031      6.35894      0.00000      0.00000
     -0.75031      5.86175      0.00000      0.00000
     -0.74031      5.03798      0.00000      0.00000
     -0.73031      5.17729      0.00000      0.00000
     -0.72031      5.51805      0.00000      0.00000
     -0.71031      5.14452      0.00000      0.00000
     -0.70031      5.03074      0.00000      0.00000
     -0.69031      5.73754      0.00000      0.00000
     -0.68031      6.30402      0.00000      0.00000
     -0.67031      6.39566      0.00000      0.00000
     -0.66031      5.89187      0.00000      0.00000
     -0.65031      5.27562      0.00000      0.00000
     -0.64031      4.85200      0.00000      0.00000
     -0.63031      3.95870      0.00000      0.00000
     -0.62031      3.63462      0.00000      0.00000
     -0.61031      3.91322      0.00000      0.00000
     -0.60031      4.07710      0.00000      0.00000
     -0.59031      5.30073      0.00000      0.00000
     -0.58031      6.35603      0.00000      0.00000
     -0.57031      5.36895      0.00000      0.00000
     -0.56031      4.50980      0.00000      0.00000
     -0.55031      3.97359      0.00000      0.00000
     -0.54031      3.53998      0.00000      0.00000
     -0.53031      3.96456      0.00000      0.00000
     -0.52031      3.79993      0.00000      0.00000
     -0.51031      3.73479      0.00000      0.00000
     -0.50031      3.69857      0.00000      0.00000
     -0.49031      3.61217      0.00000      0.00000
     -0.48031      4.49168      0.00000      0.00000
     -0.47031      5.73006      0.00000      0.00000
     -0.46031      5.13360      0.00000      0.00000
     -0.45031      3.28592      0.00000      0.00000
     -0.44031      2.56125      0.00000      0.00000
     -0.43031      2.65149      0.00000      0.00000
     -0.42031      2.86785      0.00000      0.00000
     -0.41031      3.41193      0.00000      0.00000
     -0.40031      3.36476      0.00000      0.00000
     -0.39031      3.14376      0.00000      0.00000
     -0.38031      3.20882      0.00000      0.00000
     -0.37031      3.18243      0.00000      0.00000
     -0.36031      3.44189      0.00000      0.00000
     -0.35031      4.00152      0.00000      0.00000
     -0.34031      3.71233      0.00000      0.00000
     -0.33031      2.60730      0.00000      0.00000
     -0.32031      2.14431      0.00000      0.00000
     -0.31031      2.25916      0.00000      0.00000
     -0.30031      2.39069      0.00000      0.00000
     -0.29031      2.45547      0.00000      0.00000
     -0.28031      2.25212      0.00000      0.00000
     -0.27031      2.28954      0.00000      0.00000
     -0.26031      2.97349      0.00000      0.00000
     -0.25031      3.53489      0.00000      0.00000
     -0.24031      2.69285      0.00000      0.00000
     -0.23031      1.71343      0.00000      0.00000
     -0.22031      2.06713      0.00000      0.00000
     -0.21031      2.66505      0.00000      0.00000
     -0.20031      2.49646      0.00000      0.00000
     -0.19031      2.10656      0.00000      0.00000
     -0.18031      2.05165      0.00000      0.00000
     -0.17031      2.31547      0.00000      0.00000
     -0.16031      2.54381      0.00000      0.00000
     -0.15031      2.16328      0.00000      0.00000
     -0.14031      1.44713      0.00000      0.00000
     -0.13031      1.45077      0.00000      0.00000
     -0.12031      1.78453      0.00000      0.00000
     -0.11031      2.22308      0.00000      0.00000
     -0.10031      2.53679      0.00000      0.00000
     -0.09031      2.00482      0.00000      0.00000
     -0.08031      1.54128      0.00000      0.00000
     -0.07031      1.76160      0.00000      0.00000
     -0.06031      2.19277      0.00000      0.00000
     -0.05031      2.17928      0.00000      0.00000
     -0.04031      2.15112      0.00000      0.00000
     -0.03031      2.18684      0.00000      0.00000
     -0.02031      1.63338      0.00000      0.00000
     -0.01031      0.76981      0.00000      0.00000
     -0.00031      0.27039      0.00000      0.00000
      0.00969      0.07715      0.00000      0.00000
      0.01969      0.01162      0.00000      0.00000
      0.02969      0.00070      0.00000      0.00000
      0.03969      0.00002      0.00000      0.00000
      0.04969      0.00000      0.00000      0.00000
      0.05969      0.00000      0.00000      0.00000
      0.06969      0.00000      0.00000      0.00000
      0.07969      0.00000      0.00000      0.00000
      0.08969      0.00000      0.00000      0.00000
      0.09969      0.00000      0.00000      0.00000
      0.10969      0.00000      0.00000      0.00000
      0.11969      0.00000      0.00000      0.00000
      0.12969      0.00000      0.00000      0.00000
      0.13969      0.00000      0.00000      0.00000
      0.14969      0.00000      0.00000      0.00000
      0.15969      0.00000      0.00000      0.00000
      0.16969      0.00000      0.00000      0.00000
      0.17969      0.00000      0.00000      0.00000
      0.18969      0.00000      0.00000      0.00000
      0.19969      0.00000      0.00000      0.00000
      0.20969      0.00000      0.00000      0.00000
      0.21969      0.00000      0.00000      0.00000
      0.22969      0.00000      0.00000      0.00000
      0.23969      0.00000      0.00000      0.00000
      0.24969      0.00000      0.00000      0.00000
      0.25969      0.00000      0.00000      0.00000
      0.26969      0.00000      0.00000      0.00000
      0.27969      0.00000      0.00000      0.00000
      0.28969      0.00000      0.00000      0.00000
      0.29969      0.00000      0.00000      0.00000
      0.30969      0.00000      0.00000      0.00000
      0.31969      0.00000      0.00000      0.00000
      0.32969      0.00000      0.00000      0.00000
      0.33969      0.00000      0.00000      0.00000
      0.34969      0.00000      0.00000      0.00000
      0.35969      0.00000      0.00000      0.00000
      0.36969      0.00000      0.00000      0.00000
      0.37969      0.00000      0.00000      0.00000
      0.38969      0.00000      0.00000      0.00000
      0.39969      0.00000      0.00000      0.00000
      0.40969      0.00000      0.00000      0.00000
      0.41969      0.00000      0.00000      0.00000
      0.42969      0.00000      0.00000      0.00000
      0.43969      0.00000      0.00000      0.00000
      0.44969      0.00000      0.00000      0.00000
      0.45969      0.00000      0.00000      0.00000
      0.46969      0.00000      0.00000      0.00000
      0.47969      0.00000      0.00000      0.00000
      0.48969      0.00000      0.00000      0.00000
      0.49969      0.00000      0.00000      0.00000
      0.50969      0.00000      0.00000      0.00000
      0.51969      0.00000      0.00000      0.00000
      0.52969      0.00000      0.00000      0.00000
      0.53969      0.00000      0.00000      0.00000
      0.54969      0.00000      0.00000      0.00000
      0.55969      0.00000      0.00000      0.00000
      0.56969      0.00000      0.00000      0.00000
      0.57969      0.00000      0.00000      0.00000
      0.58969      0.00000      0.00000      0.00000
      0.59969      0.00000      0.00000      0.00000
      0.60969      0.00000      0.00000      0.00000
      0.61969      0.00000      0.00000      0.00000
      0.62969      0.00000      0.00000      0.00000
      0.63969      0.00000      0.00000      0.00000
      0.64969      0.00000      0.00000      0.00000
      0.65969      0.00000      0.00000      0.00000
      0.66969      0.00000      0.00000      0.00000
      0.67969      0.00000      0.00000      0.00000
      0.68969      0.00000      0.00000      0.00000
      0.69969      0.00000      0.00000      0.00000
      0.70969      0.00000      0.00000      0.00000
      0.71969      0.00000      0.00000      0.00000
      0.72969      0.00000      0.00000      0.00000
      0.73969      0.00000      0.00000      0.00000
      0.74969      0.00000      0.00000      0.00000
      0.75969      0.00000      0.00000      0.00000
      0.76969      0.00000      0.00000      0.00000
      0.77969      0.00000      0.00000      0.00000
      0.78969      0.00000      0.00000      0.00000
      0.79969      0.00000      0.00000      0.00000
      0.80969      0.00000      0.00000      0.00000
      0.81969      0.00000      0.00000      0.00000
      0.82969      0.00000      0.00000      0.00000
      0.83969      0.00000      0.00000      0.00000
      0.84969      0.00000      0.00000      0.00000
      0.85969      0.00000      0.00000      0.00000
      0.86969      0.00000      0.00000      0.00000
      0.87969      0.00000      0.00000      0.00000
      0.88969      0.00000      0.00000      0.00000
      0.89969      0.00000      0.00000      0.00000
      0.90969      0.00000      0.00000      0.00000
      0.91969      0.00000      0.00000      0.00000
      0.92969      0.00000      0.00000      0.00000
      0.93969      0.00000      0.00000      0.00000
      0.94969      0.00000      0.00000      0.00000
      0.95969      0.00000      0.00000      0.00000
      0.96969      0.00000      0.00000      0.00000
      0.97969      0.00000      0.00000      0.00000
      0.98969      0.00000      0.00000      0.00000
      0.99969      0.00000      0.00000      0.00000
      1.00969      0.00000      0.00000      0.00000
      1.01969      0.00000      0.00000      0.00000
      1.02969      0.00000      0.00000      0.00000
      1.03969      0.00000      0.00000      0.00000
      1.04969      0.00000      0.00000      0.00000
      1.05969      0.00000      0.00000      0.00000
      1.06969      0.00000      0.00000      0.00000
      1.07969      0.00000      0.00000      0.00000
      1.08969      0.00000      0.00000      0.00000
      1.09969      0.00000      0.00000      0.00000
      1.10969      0.00000      0.00000      0.00000
      1.11969      0.00000      0.00000      0.00000
      1.12969      0.00000      0.00000      0.00000
      1.13969      0.00000      0.00000      0.00000
      1.14969      0.00000      0.00000      0.00000
      1.15969      0.00000      0.00000      0.00000
      1.16969      0.00000      0.00000      0.00000
      1.17969      0.00000      0.00000      0.00000
      1.18969      0.00000      0.00000      0.00000
      1.19969      0.00000      0.00000      0.00000
      1.20969      0.00000      0.00000      0.00000
      1.21969      0.00000      0.00000      0.00000
      1.22969      0.00000      0.00000      0.00000
      1.23969      0.00000      0.00000      0.00000
      1.24969      0.00000      0.00000      0.00000
      1.25969      0.00000      0.00000      0.00000
      1.26969      0.00000      0.00000      0.00000
      1.27969      0.00000      0.00000      0.00000
      1.28969      0.00000      0.00000      0.00000
      1.29969      0.00000      0.00000      0.00000
      1.30969      0.00000      0.00000      0.00000
      1.31969      0.00000      0.00000      0.00000
      1.32969      0.00000      0.00000      0.00000
      1.33969      0.00000      0.00000      0.00000
      1.34969      0.00000      0.00000      0.00000
      1.35969      0.00000      0.00000      0.00000
      1.36969      0.00000      0.00000      0.00000
      1.37969      0.00000      0.00000      0.00000
      1.38969      0.00000      0.00000      0.00000
      1.39969      0.00000      0.00000      0.00000
      1.40969      0.00000      0.00000      0.00000
      1.41969      0.00000      0.00000      0.00000
      1.42969      0.00000      0.00000      0.00000
      1.43969      0.00000      0.00000      0.00000
      1.44969      0.00000      0.00000      0.00000
      1.45969      0.00000      0.00000      0.00000
      1.46969      0.00000      0.00000      0.00000
      1.47969      0.00000      0.00000      0.00000
      1.48969      0.00000      0.00000      0.00000
      1.49969      0.00000      0.00000      0.00000
      1.50969      0.00000      0.00000      0.00000
      1.51969      0.00000      0.00000      0.00000
      1.52969      0.00000      0.00000      0.00000
      1.53969      0.00000      0.00000      0.00000
      1.54969      0.00000      0.00000      0.00000
      1.55969      0.00000      0.00000      0.00000
      1.56969      0.00000      0.00000      0.00000
      1.57969      0.00008      0.00000      0.00000
      1.58969      0.00278      0.00000      0.00000
      1.59969      0.03648      0.00000      0.00000
      1.60969      0.17880      0.00000      0.00000
      1.61969      0.36351      0.00000      0.00000
      1.62969      0.49740      0.00000      0.00000
      1.63969      0.71663      0.00000      0.00000
      1.64969      0.80195      0.00000      0.00000
      1.65969      0.78547      0.00000      0.00000
      1.66969      0.71980      0.00000      0.00000
      1.67969      0.74979      0.00000      0.00000
      1.68969      0.72313      0.00000      0.00000
      1.69969      0.50899      0.00000      0.00000
      1.70969      0.44667      0.00000      0.00000
      1.71969      0.69761      0.00000      0.00000
      1.72969      1.05512      0.00000      0.00000
      1.73969      1.18718      0.00000      0.00000
      1.74969      1.10105      0.00000      0.00000
      1.75969      0.92756      0.00000      0.00000
      1.76969      0.75227      0.00000      0.00000
      1.77969      0.70987      0.00000      0.00000
      1.78969      0.82139      0.00000      0.00000
      1.79969      0.85108      0.00000      0.00000
      1.80969      0.76565      0.00000      0.00000
      1.81969      0.75669      0.00000      0.00000
      1.82969      0.74828      0.00000      0.00000
      1.83969      0.98154      0.00000      0.00000
      1.84969      1.24538      0.00000      0.00000
      1.85969      1.69090      0.00000      0.00000
      1.86969      2.23723      0.00000      0.00000
      1.87969      2.75213      0.00000      0.00000
      1.88969      3.19098      0.00000      0.00000
      1.89969      2.87361      0.00000      0.00000
      1.90969      2.24311      0.00000      0.00000
      1.91969      3.02041      0.00000      0.00000
      1.92969      4.06960      0.00000      0.00000
      1.93969      3.66721      0.00000      0.00000
      1.94969      3.80144      0.00000      0.00000
      1.95969      4.96298      0.00000      0.00000
      1.96969      5.63855      0.00000      0.00000
      1.97969      5.76769      0.00000      0.00000
      1.98969      6.29970      0.00000      0.00000
      1.99969      6.68996      0.00000      0.00000
      2.00969      6.68283      0.00000      0.00000
      2.01969      6.64404      0.00000      0.00000
      2.02969      6.46909      0.00000      0.00000
      2.03969      6.30512      0.00000      0.00000
      2.04969      7.51739      0.00000      0.00000
      2.05969      8.56128      0.00000      0.00000
      2.06969      7.88983      0.00000      0.00000
      2.07969      7.30055      0.00000      0.00000
      2.08969      8.23092      0.00000      0.00000
      2.09969      9.92867      0.00000      0.00000
      2.10969     10.71902      0.00000      0.00000
      2.11969     11.31006      0.00000      0.00000
      2.12969     13.64022      0.00000      0.00000
      2.13969     16.88821      0.00000      0.00000
      2.14969     19.47671      0.00000      0.00000
      2.15969     21.11356      0.00000      0.00000
      2.16969     21.97574      0.00000      0.00000
      2.17969     22.75297      0.00000      0.00000
      2.18969     20.78756      0.00000      0.00000
      2.19969     14.35519      0.00000      0.00000
      2.20969      9.77698      0.00000      0.00000
      2.21969      8.58536      0.00000      0.00000
      2.22969      7.03975      0.00000      0.00000
      2.23969      4.09146      0.00000      0.00000
      2.24969      2.15470      0.00000      0.00000
      2.25969      2.26453      0.00000      0.00000
      2.26969      2.71427      0.00000      0.00000
      2.27969      3.00246      0.00000      0.00000
      2.28969      3.07567      0.00000      0.00000
      2.29969      3.17202      0.00000      0.00000
      2.30969      3.72565      0.00000      0.00000
      2.31969      4.20515      0.00000      0.00000
      2.32969      4.57482      0.00000      0.00000
      2.33969      5.41272      0.00000      0.00000
      2.34969      5.30038      0.00000      0.00000
      2.35969      4.70351      0.00000      0.00000
      2.36969      5.54758      0.00000      0.00000
      2.37969      6.62048      0.00000      0.00000
      2.38969      7.86523      0.00000      0.00000
      2.39969     10.22187      0.00000      0.00000
      2.40969     12.42323      0.00000      0.00000
      2.41969     13.30070      0.00000      0.00000
      2.42969     12.88938      0.00000      0.00000
      2.43969     12.11982      0.00000      0.00000
      2.44969     12.03381      0.00000      0.00000
      2.45969     12.09909      0.00000      0.00000
      2.46969     11.77070      0.00000      0.00000
      2.47969     12.14310      0.00000      0.00000
      2.48969     12.40716      0.00000      0.00000
      2.49969     11.87748      0.00000      0.00000
      2.50969     12.22628      0.00000      0.00000
      2.51969     14.56598      0.00000      0.00000
      2.52969     15.70003      0.00000      0.00000
      2.53969     12.56087      0.00000      0.00000
      2.54969     10.70113      0.00000      0.00000
      2.55969     10.60129      0.00000      0.00000
      2.56969      9.03838      0.00000      0.00000
      2.57969      8.01872      0.00000      0.00000
      2.58969      9.63108      0.00000      0.00000
      2.59969     11.48781      0.00000      0.00000
      2.60969     10.30023      0.00000      0.00000
      2.61969      8.49878      0.00000      0.00000
      2.62969      8.84764      0.00000      0.00000
      2.63969      8.91320      0.00000      0.00000
      2.64969      8.60930      0.00000      0.00000
      2.65969      9.23194      0.00000      0.00000
      2.66969      9.03376      0.00000      0.00000
      2.67969      7.31924      0.00000      0.00000
      2.68969      6.69551      0.00000      0.00000
      2.69969      7.04132      0.00000      0.00000
      2.70969      7.29797      0.00000      0.00000
      2.71969      8.57510      0.00000      0.00000
      2.72969      9.50605      0.00000      0.00000
      2.73969      9.06171      0.00000      0.00000
      2.74969      7.91874      0.00000      0.00000
      2.75969      6.74003      0.00000      0.00000
      2.76969      5.82481      0.00000      0.00000
      2.77969      5.36945      0.00000      0.00000
      2.78969      5.03113      0.00000      0.00000
      2.79969      5.21035      0.00000      0.00000
      2.80969      5.67375      0.00000      0.00000
      2.81969      6.75875      0.00000      0.00000
      2.82969      7.53819      0.00000      0.00000
      2.83969      5.85323      0.00000      0.00000
      2.84969      3.79035      0.00000      0.00000
      2.85969      3.42571      0.00000      0.00000
      2.86969      4.55753      0.00000      0.00000
      2.87969      6.11968      0.00000      0.00000
      2.88969      6.29520      0.00000      0.00000
      2.89969      5.49086      0.00000      0.00000
      2.90969      5.68397      0.00000      0.00000
      2.91969      6.37294      0.00000      0.00000
      2.92969      5.94008      0.00000      0.00000
      2.93969      4.57290      0.00000      0.00000
      2.94969      3.22755      0.00000      0.00000
      2.95969      3.38311      0.00000      0.00000
      2.96969      4.37304      0.00000      0.00000
      2.97969      4.40043      0.00000      0.00000
      2.98969      4.06368      0.00000      0.00000
      2.99969      4.38284      0.00000      0.00000
      3.00969      4.93883      0.00000      0.00000
      3.01969      4.50339      0.00000      0.00000
      3.02969      3.70109      0.00000      0.00000
      3.03969      4.03742      0.00000      0.00000
      3.04969      5.14375      0.00000      0.00000
      3.05969      6.91358      0.00000      0.00000
      3.06969      7.71432      0.00000      0.00000
      3.07969      7.19201      0.00000      0.00000
      3.08969      7.43278      0.00000      0.00000
      3.09969      8.37629      0.00000      0.00000
      3.10969      8.53587      0.00000      0.00000
      3.11969      7.37197      0.00000      0.00000
      3.12969      6.09473      0.00000      0.00000
      3.13969      5.78862      0.00000      0.00000
      3.14969      5.60019      0.00000      0.00000
      3.15969      5.30872      0.00000      0.00000
      3.16969      4.74603      0.00000      0.00000
      3.17969      4.54371      0.00000      0.00000
      3.18969      4.88194      0.00000      0.00000
      3.19969      5.46313      0.00000      0.00000
      3.20969      6.30035      0.00000      0.00000
      3.21969      5.76211      0.00000      0.00000
      3.22969      4.51177      0.00000      0.00000
      3.23969      4.16095      0.00000      0.00000
      3.24969      4.30133      0.00000      0.00000
      3.25969      4.40681      0.00000      0.00000
      3.26969      4.37134      0.00000      0.00000
      3.27969      4.80809      0.00000      0.00000
      3.28969      4.86198      0.00000      0.00000
      3.29969      4.54627      0.00000      0.00000
      3.30969      4.61562      0.00000      0.00000
      3.31969      4.54478      0.00000      0.00000
      3.32969      4.21896      0.00000      0.00000
      3.33969      3.74553      0.00000      0.00000
      3.34969      3.37858      0.00000      0.00000
      3.35969      3.38044      0.00000      0.00000
      3.36969      3.73358      0.00000      0.00000
      3.37969      3.73808      0.00000      0.00000
      3.38969      3.86428      0.00000      0.00000
      3.39969      4.60622      0.00000      0.00000
      3.40969      4.65341      0.00000      0.00000
      3.41969      3.68911      0.00000      0.00000
      3.42969      3.30135      0.00000      0.00000
      3.43969      3.96062      0.00000      0.00000
      3.44969      5.00221      0.00000      0.00000
      3.45969      4.69179      0.00000      0.00000
      3.46969      3.09894      0.00000      0.00000
      3.47969      2.23491      0.00000      0.00000
      3.48969      2.82912      0.00000      0.00000
      3.49969      3.25805      0.00000      0.00000
      3.50969      2.23938      0.00000      0.00000
      3.51969      1.81035      0.00000      0.00000
      3.52969      2.70609      0.00000      0.00000
      3.53969      3.65480      0.00000      0.00000
      3.54969      3.51860      0.00000      0.00000
      3.55969      2.64056      0.00000      0.00000
      3.56969      2.56014      0.00000      0.00000
      3.57969      3.52732      0.00000      0.00000
      3.58969      3.80048      0.00000      0.00000
      3.59969      2.76377      0.00000      0.00000
      3.60969      2.49281      0.00000      0.00000
      3.61969      3.43965      0.00000      0.00000
      3.62969      3.73874      0.00000      0.00000
      3.63969      3.36948      0.00000      0.00000
      3.64969      3.09838      0.00000      0.00000
      3.65969      2.71783      0.00000      0.00000
      3.66969      2.03068      0.00000      0.00000
      3.67969      1.47288      0.00000      0.00000
      3.68969      1.77359      0.00000      0.00000
      3.69969      2.25390      0.00000      0.00000
      3.70969      2.31121      0.00000      0.00000
      3.71969      2.48783      0.00000      0.00000
      3.72969      3.00994      0.00000      0.00000
      3.73969      3.44732      0.00000      0.00000
      3.74969      3.33532      0.00000      0.00000
      3.75969      3.31007      0.00000      0.00000
      3.76969      3.63163      0.00000      0.00000
      3.77969      3.21187      0.00000      0.00000
      3.78969      2.51475      0.00000      0.00000
      3.79969      2.70933      0.00000      0.00000
      3.80969      2.92854      0.00000      0.00000
      3.81969      2.86255      0.00000      0.00000
      3.82969      2.90899      0.00000      0.00000
      3.83969      3.01355      0.00000      0.00000
      3.84969      2.87169      0.00000      0.00000
      3.85969      2.44271      0.00000      0.00000
      3.86969      2.58646      0.00000      0.00000
      3.87969      2.84340      0.00000      0.00000
      3.88969      2.97257      0.00000      0.00000
      3.89969      3.72910      0.00000      0.00000
      3.90969      4.23003      0.00000      0.00000
      3.91969      3.85941      0.00000      0.00000
      3.92969      3.51105      0.00000      0.00000
      3.93969      3.87254      0.00000      0.00000
      3.94969      4.56553      0.00000      0.00000
      3.95969      4.46938      0.00000      0.00000
      3.96969      3.44080      0.00000      0.00000
      3.97969      2.56063      0.00000      0.00000
      3.98969      2.60537      0.00000      0.00000
      3.99969      2.97411      0.00000      0.00000
      4.00969      3.06543      0.00000      0.00000
      4.01969      2.62548      0.00000      0.00000
      4.02969      1.94036      0.00000      0.00000
      4.03969      1.86099      0.00000      0.00000
      4.04969      2.02133      0.00000      0.00000
      4.05969      1.97523      0.00000      0.00000
      4.06969      2.16367      0.00000      0.00000
      4.07969      2.62137      0.00000      0.00000
      4.08969      2.94550      0.00000      0.00000
      4.09969      3.00955      0.00000      0.00000
      4.10969      2.90835      0.00000      0.00000
      4.11969      3.46659      0.00000      0.00000
      4.12969      5.13958      0.00000      0.00000
      4.13969      5.03947      0.00000      0.00000
      4.14969      3.99006      0.00000      0.00000
      4.15969      5.13477      0.00000      0.00000
      4.16969      7.08010      0.00000      0.00000
      4.17969      8.29605      0.00000      0.00000
      4.18969      8.77683      0.00000      0.00000
      4.19969      9.48908      0.00000      0.00000
      4.20969     10.00173      0.00000      0.00000
      4.21969     10.11596      0.00000      0.00000
      4.22969      8.92863      0.00000      0.00000
      4.23969      7.39865      0.00000      0.00000
      4.24969      6.12354      0.00000      0.00000
      4.25969      4.71300      0.00000      0.00000
      4.26969      4.13516      0.00000      0.00000
      4.27969      4.39530      0.00000      0.00000
      4.28969      4.41666      0.00000      0.00000
      4.29969      4.08104      0.00000      0.00000
      4.30969      3.92518      0.00000      0.00000
      4.31969      4.16853      0.00000      0.00000
      4.32969      4.29759      0.00000      0.00000
      4.33969      3.79144      0.00000      0.00000
      4.34969      3.50909      0.00000      0.00000
      4.35969      4.10153      0.00000      0.00000
      4.36969      4.23562      0.00000      0.00000
      4.37969      3.11012      0.00000      0.00000
      4.38969      2.44432      0.00000      0.00000
      4.39969      2.69973      0.00000      0.00000
      4.40969      2.94493      0.00000      0.00000
      4.41969      3.44860      0.00000      0.00000
      4.42969      4.47738      0.00000      0.00000
      4.43969      5.17143      0.00000      0.00000
      4.44969      4.34292      0.00000      0.00000
      4.45969      2.46425      0.00000      0.00000
      4.46969      1.60359      0.00000      0.00000
      4.47969      2.52090      0.00000      0.00000
      4.48969      3.65073      0.00000      0.00000
      4.49969      3.06351      0.00000      0.00000
      4.50969      1.93481      0.00000      0.00000
      4.51969      1.89899      0.00000      0.00000
      4.52969      2.67537      0.00000      0.00000
      4.53969      3.84478      0.00000      0.00000
      4.54969      4.14769      0.00000      0.00000
      4.55969      2.99099      0.00000      0.00000
      4.56969      1.90239      0.00000      0.00000
      4.57969      1.40103      0.00000      0.00000
      4.58969      1.78277      0.00000      0.00000
      4.59969      2.48049      0.00000      0.00000
      4.60969      2.47503      0.00000      0.00000
      4.61969      1.74866      0.00000      0.00000
      4.62969      1.49565      0.00000      0.00000
      4.63969      1.86914      0.00000      0.00000
      4.64969      2.57641      0.00000      0.00000
      4.65969      2.90319      0.00000      0.00000
      4.66969      2.01723      0.00000      0.00000
      4.67969      1.24625      0.00000      0.00000
      4.68969      1.42580      0.00000      0.00000
      4.69969      1.48351      0.00000      0.00000
      4.70969      1.57941      0.00000      0.00000
      4.71969      1.71432      0.00000      0.00000
      4.72969      1.79566      0.00000      0.00000
      4.73969      1.79702      0.00000      0.00000
      4.74969      1.69091      0.00000      0.00000
      4.75969      1.41856      0.00000      0.00000
      4.76969      1.36877      0.00000      0.00000
      4.77969      1.44813      0.00000      0.00000
      4.78969      1.41588      0.00000      0.00000
      4.79969      1.47665      0.00000      0.00000
      4.80969      1.41683      0.00000      0.00000
      4.81969      1.09715      0.00000      0.00000
      4.82969      0.58953      0.00000      0.00000
      4.83969      0.17474      0.00000      0.00000
      4.84969      0.02382      0.00000      0.00000
      4.85969      0.00133      0.00000      0.00000
      4.86969      0.00003      0.00000      0.00000
      4.87969      0.00000      0.00000      0.00000
      4.88969      0.00000      0.00000      0.00000
      4.89969      0.00000      0.00000      0.00000
      4.90969      0.00000      0.00000      0.00000
      4.91969      0.00000      0.00000      0.00000
      4.92969      0.00000      0.00000      0.00000
      4.93969      0.00000      0.00000      0.00000
      4.94969      0.00000      0.00000      0.00000
      4.95969      0.00000      0.00000      0.00000
      4.96969      0.00000      0.00000      0.00000
      4.97969      0.00000      0.00000      0.00000
      4.98969      0.00000      0.00000      0.00000
      4.99969      0.00000      0.00000      0.00000
      5.00969      0.00000      0.00000      0.00000
      5.01969      0.00000      0.00000      0.00000
      5.02969      0.00000      0.00000      0.00000
      5.03969      0.00000      0.00000      0.00000
      5.04969      0.00000      0.00000      0.00000
      5.05969      0.00000      0.00000      0.00000
      5.06969      0.00000      0.00000      0.00000
      5.07969      0.00000      0.00000      0.00000
      5.08969      0.00000      0.00000      0.00000
      5.09969      0.00000      0.00000      0.00000
      5.10969      0.00000      0.00000      0.00000
      5.11969      0.00000      0.00000      0.00000
      5.12969      0.00000      0.00000      0.00000
      5.13969      0.00000      0.00000      0.00000
      5.14969      0.00000      0.00000      0.00000
      5.15969      0.00000      0.00000      0.00000
      5.16969      0.00000      0.00000      0.00000
      5.17969      0.00000      0.00000      0.00000
      5.18969      0.00000      0.00000      0.00000
      5.19969      0.00000      0.00000      0.00000
      5.20969      0.00000      0.00000      0.00000
      5.21969      0.00000      0.00000      0.00000
      5.22969      0.00000      0.00000      0.00000
      5.23969      0.00000      0.00000      0.00000
      5.24969      0.00000      0.00000      0.00000
      5.25969      0.00000      0.00000      0.00000
      5.26969      0.00000      0.00000      0.00000
      5.27969      0.00000      0.00000      0.00000
      5.28969      0.00000      0.00000      0.00000
      5.29969      0.00000      0.00000      0.00000
      5.30969      0.00000      0.00000      0.00000
      5.31969      0.00000      0.00000      0.00000
      5.32969      0.00000      0.00000      0.00000
      5.33969      0.00000      0.00000      0.00000
      5.34969      0.00000      0.00000      0.00000
      5.35969      0.00000      0.00000      0.00000
      5.36969      0.00000      0.00000      0.00000
      5.37969      0.00000      0.00000      0.00000
      5.38969      0.00000      0.00000      0.00000
      5.39969      0.00000      0.00000      0.00000
      5.40969      0.00000      0.00000      0.00000
      5.41969      0.00000      0.00000      0.00000
      5.42969      0.00000      0.00000      0.00000
      5.43969      0.00000      0.00000      0.00000
      5.44969      0.00000      0.00000      0.00000
      5.45969      0.00000      0.00000      0.00000
      5.46969      0.00000      0.00000      0.00000
      5.47969      0.00000      0.00000      0.00000
      5.48969      0.00000      0.00000      0.00000
      5.49969      0.00000      0.00000      0.00000
      5.50969      0.00000      0.00000      0.00000
      5.51969      0.00000      0.00000      0.00000
      5.52969      0.00000      0.00000      0.00000
      5.53969      0.00000      0.00000      0.00000
      5.54969      0.00000      0.00000      0.00000
      5.55969      0.00000      0.00000      0.00000
      5.56969      0.00000      0.00000      0.00000
      5.57969      0.00000      0.00000      0.00000
      5.58969      0.00000      0.00000      0.00000
      5.59969      0.00000      0.00000      0.00000
      5.60969      0.00000      0.00000      0.00000
      5.61969      0.00000      0.00000      0.00000
      5.62969      0.00000      0.00000      0.00000
      5.63969      0.00000      0.00000      0.00000
      5.64969      0.00000      0.00000      0.00000
      5.65969      0.00000      0.00000      0.00000
      5.66969      0.00000      0.00000      0.00000
      5.67969      0.00000      0.00000      0.00000
      5.68969      0.00000      0.00000      0.00000
      5.69969      0.00000      0.00000      0.00000
      5.70969      0.00000      0.00000      0.00000
      5.71969      0.00000      0.00000      0.00000
      5.72969      0.00000      0.00000      0.00000
      5.73969      0.00000      0.00000      0.00000
      5.74969      0.00000      0.00000      0.00000
      5.75969      0.00000      0.00000      0.00000
      5.76969      0.00000      0.00000      0.00000
      5.77969      0.00000      0.00000      0.00000
      5.78969      0.00000      0.00000      0.00000
      5.79969      0.00000      0.00000      0.00000
      5.80969      0.00000      0.00000      0.00000
      5.81969      0.00000      0.00000      0.00000
      5.82969      0.00000      0.00000      0.00000
      5.83969      0.00000      0.00000      0.00000
      5.84969      0.00000      0.00000      0.00000
      5.85969      0.00000      0.00000      0.00000
      5.86969      0.00000      0.00000      0.00000
      5.87969      0.00000      0.00000      0.00000
      5.88969      0.00000      0.00000      0.00000
      5.89969      0.00000      0.00000      0.00000
      5.90969      0.00000      0.00000      0.00000
      5.91969      0.00000      0.00000      0.00000
      5.92969      0.00000      0.00000      0.00000
      5.93969      0.00000      0.00000      0.00000
      5.94969      0.00000      0.00000      0.00000
      5.95969      0.00000      0.00000      0.00000
      5.96969      0.00000      0.00000      0.00000
      5.97969      0.00000      0.00000      0.00000
      5.98969      0.00000      0.00000      0.00000
      5.99969      0.00000      0.00000      0.00000
      6.00969      0.00000      0.00000      0.00000
      6.01969      0.00000      0.00000      0.00000
      6.02969      0.00000      0.00000      0.00000
      6.03969      0.00000      0.00000      0.00000
      6.04969      0.00000      0.00000      0.00000
      6.05969      0.00000      0.00000      0.00000
      6.06969      0.00000      0.00000      0.00000
      6.07969      0.00000      0.00000      0.00000
      6.08969      0.00000      0.00000      0.00000
      6.09969      0.00000      0.00000      0.00000
      6.10969      0.00000      0.00000      0.00000
      6.11969      0.00000      0.00000      0.00000
      6.12969      0.00000      0.00000      0.00000
      6.13969      0.00000      0.00000      0.00000
      6.14969      0.00000      0.00000      0.00000
      6.15969      0.00000      0.00000      0.00000
      6.16969      0.00000      0.00000      0.00000
      6.17969      0.00000      0.00000      0.00000
      6.18969      0.00000      0.00000      0.00000
      6.19969      0.00000      0.00000      0.00000
      6.20969      0.00000      0.00000      0.00000
      6.21969      0.00000      0.00000      0.00000
      6.22969      0.00000      0.00000      0.00000
      6.23969      0.00000      0.00000      0.00000
      6.24969      0.00000      0.00000      0.00000
      6.25969      0.00000      0.00000      0.00000
      6.26969      0.00012      0.00000      0.00000
      6.27969      0.00393      0.00000      0.00000
      6.28969      0.04585      0.00000      0.00000
      6.29969      0.19702      0.00000      0.00000
      6.30969      0.31174      0.00000      0.00000
      6.31969      0.18939      0.00000      0.00000
      6.32969      0.11325      0.00000      0.00000
      6.33969      0.24841      0.00000      0.00000
      6.34969      0.29729      0.00000      0.00000
      6.35969      0.13244      0.00000      0.00000
      6.36969      0.02171      0.00000      0.00000
      6.37969      0.00152      0.00000      0.00000
      6.38969      0.00690      0.00000      0.00000
      6.39969      0.08391      0.00000      0.00000
      6.40969      0.37708      0.00000      0.00000
      6.41969      0.62386      0.00000      0.00000
      6.42969      0.39023      0.00000      0.00000
      6.43969      0.17410      0.00000      0.00000
      6.44969      0.27022      0.00000      0.00000
      6.45969      0.28571      0.00000      0.00000
      6.46969      0.11391      0.00000      0.00000
      6.47969      0.01674      0.00000      0.00000
      6.48969      0.00185      0.00000      0.00000
      6.49969      0.02109      0.00000      0.00000
      6.50969      0.17254      0.00000      0.00000
      6.51969      0.51979      0.00000      0.00000
      6.52969      0.57606      0.00000      0.00000
      6.53969      0.23486      0.00000      0.00000
      6.54969      0.03533      0.00000      0.00000
      6.55969      0.00621      0.00000      0.00000
      6.56969      0.06304      0.00000      0.00000
      6.57969      0.36305      0.00000      0.00000
      6.58969      0.88859      0.00000      0.00000
      6.59969      1.05081      0.00000      0.00000
      6.60969      0.75975      0.00000      0.00000
