Energy-E_F (eV)    DOS (1/eV)    PDOS (1/eV)  of atom type Mo S  
     -5.28757      2.21623      0.60165      1.61458
     -5.27757      2.01464      0.56196      1.45268
     -5.26757      1.85111      0.54158      1.30953
     -5.25757      2.10524      0.64618      1.45906
     -5.24757      2.62176      0.83808      1.78367
     -5.23757      2.83764      0.96297      1.87468
     -5.22757      2.34652      0.82990      1.51661
     -5.21757      1.37814      0.46710      0.91104
     -5.20757      0.88027      0.25808      0.62218
     -5.19757      0.74536      0.20588      0.53948
     -5.18757      0.74775      0.20209      0.54566
     -5.17757      0.93726      0.25166      0.68560
     -5.16757      0.93467      0.26139      0.67328
     -5.15757      1.14588      0.33323      0.81265
     -5.14757      1.16878      0.33416      0.83462
     -5.13757      0.66453      0.18570      0.47883
     -5.12757      0.41517      0.12439      0.29078
     -5.11757      0.86509      0.27016      0.59493
     -5.10757      1.12215      0.34498      0.77717
     -5.09757      0.94358      0.27981      0.66377
     -5.08757      1.52747      0.45537      1.07211
     -5.07757      2.17264      0.66709      1.50555
     -5.06757      1.53197      0.48421      1.04775
     -5.05757      0.62462      0.20341      0.42121
     -5.04757      0.55007      0.17015      0.37992
     -5.03757      0.79299      0.23544      0.55755
     -5.02757      0.60017      0.17502      0.42516
     -5.01757      0.47168      0.14520      0.32649
     -5.00757      0.75996      0.23821      0.52175
     -4.99757      0.95665      0.28744      0.66921
     -4.98757      1.02811      0.29992      0.72820
     -4.97757      1.20400      0.35943      0.84458
     -4.96757      0.96660      0.29952      0.66708
     -4.95757      0.58027      0.19284      0.38743
     -4.94757      0.63201      0.21973      0.41228
     -4.93757      0.77028      0.26175      0.50853
     -4.92757      1.26075      0.41542      0.84533
     -4.91757      1.55033      0.51318      1.03715
     -4.90757      1.12464      0.37450      0.75014
     -4.89757      0.76327      0.24578      0.51749
     -4.88757      0.45056      0.14066      0.30989
     -4.87757      0.29392      0.08687      0.20705
     -4.86757      0.58038      0.16532      0.41506
     -4.85757      0.84973      0.23848      0.61125
     -4.84757      0.73758      0.20367      0.53390
     -4.83757      0.34479      0.09452      0.25027
     -4.82757      0.13104      0.03836      0.09268
     -4.81757      0.42170      0.13295      0.28876
     -4.80757      1.02133      0.32445      0.69688
     -4.79757      0.96961      0.30813      0.66148
     -4.78757      0.49722      0.15125      0.34597
     -4.77757      0.31653      0.08882      0.22771
     -4.76757      0.18949      0.05402      0.13547
     -4.75757      0.32940      0.10716      0.22223
     -4.74757      0.91272      0.30362      0.60910
     -4.73757      1.06343      0.35489      0.70855
     -4.72757      0.69640      0.22203      0.47437
     -4.71757      0.86340      0.25092      0.61249
     -4.70757      1.05617      0.30221      0.75396
     -4.69757      0.80673      0.23887      0.56786
     -4.68757      0.66297      0.21013      0.45284
     -4.67757      0.42089      0.13637      0.28452
     -4.66757      0.11666      0.03787      0.07880
     -4.65757      0.05143      0.01576      0.03567
     -4.64757      0.30938      0.09428      0.21510
     -4.63757      0.90969      0.28108      0.62861
     -4.62757      1.01542      0.31826      0.69716
     -4.61757      0.43834      0.13955      0.29879
     -4.60757      0.16519      0.05558      0.10961
     -4.59757      0.39761      0.13749      0.26011
     -4.58757      0.70954      0.24222      0.46732
     -4.57757      0.99370      0.32897      0.66473
     -4.56757      1.48792      0.48041      1.00751
     -4.55757      1.67390      0.51975      1.15415
     -4.54757      1.14773      0.34237      0.80536
     -4.53757      0.37874      0.11062      0.26813
     -4.52757      0.05115      0.01481      0.03634
     -4.51757      0.00276      0.00080      0.00196
     -4.50757      0.00435      0.00132      0.00303
     -4.49757      0.06723      0.02035      0.04688
     -4.48757      0.42842      0.13047      0.29795
     -4.47757      1.29519      0.40348      0.89172
     -4.46757      2.33851      0.76233      1.57619
     -4.45757      2.98081      1.02377      1.95704
     -4.44757      3.34725      1.18411      2.16314
     -4.43757      3.72108      1.31288      2.40820
     -4.42757      3.57891      1.25543      2.32348
     -4.41757      3.18127      1.10514      2.07614
     -4.40757      3.58401      1.19478      2.38923
     -4.39757      5.02721      1.61478      3.41243
     -4.38757      6.02709      1.90230      4.12479
     -4.37757      5.91232      1.83706      4.07526
     -4.36757      5.77788      1.73654      4.04134
     -4.35757      5.37821      1.55495      3.82326
     -4.34757      5.78641      1.66144      4.12498
     -4.33757      6.22463      1.80717      4.41746
     -4.32757      5.76106      1.68684      4.07422
     -4.31757      6.18432      1.83019      4.35412
     -4.30757      6.36730      1.86490      4.50240
     -4.29757      6.08755      1.73727      4.35028
     -4.28757      6.10583      1.75262      4.35322
     -4.27757      5.59654      1.64361      3.95293
     -4.26757      4.50819      1.32326      3.18492
     -4.25757      4.44620      1.27520      3.17099
     -4.24757      5.73380      1.64210      4.09169
     -4.23757      6.76734      1.95609      4.81125
     -4.22757      6.75367      1.92946      4.82420
     -4.21757      5.62893      1.61036      4.01857
     -4.20757      4.69506      1.39310      3.30196
     -4.19757      4.01857      1.18712      2.83145
     -4.18757      3.78343      1.07425      2.70917
     -4.17757      4.04329      1.13576      2.90753
     -4.16757      3.99689      1.11577      2.88112
     -4.15757      3.27154      0.89392      2.37762
     -4.14757      2.81398      0.80276      2.01122
     -4.13757      2.66097      0.82776      1.83322
     -4.12757      2.55519      0.76098      1.79421
     -4.11757      2.75812      0.72724      2.03088
     -4.10757      2.44436      0.62940      1.81496
     -4.09757      1.95911      0.53823      1.42088
     -4.08757      1.95097      0.52874      1.42223
     -4.07757      2.15443      0.57899      1.57544
     -4.06757      2.37707      0.71790      1.65917
     -4.05757      2.25983      0.76769      1.49214
     -4.04757      2.02962      0.72517      1.30445
     -4.03757      1.96644      0.68379      1.28266
     -4.02757      1.85194      0.64850      1.20344
     -4.01757      1.30703      0.46797      0.83906
     -4.00757      1.10888      0.38164      0.72723
     -3.99757      1.19975      0.40238      0.79737
     -3.98757      0.78459      0.24748      0.53711
     -3.97757      0.40859      0.11705      0.29153
     -3.96757      0.57071      0.19495      0.37576
     -3.95757      1.45637      0.51033      0.94605
     -3.94757      1.87776      0.63847      1.23929
     -3.93757      1.47838      0.49330      0.98508
     -3.92757      1.29444      0.43700      0.85743
     -3.91757      0.81076      0.27517      0.53559
     -3.90757      0.35499      0.11763      0.23736
     -3.89757      0.56211      0.18969      0.37242
     -3.88757      0.93729      0.35063      0.58666
     -3.87757      1.11235      0.43670      0.67564
     -3.86757      1.32377      0.47072      0.85305
     -3.85757      1.71346      0.58977      1.12369
     -3.84757      1.98618      0.72646      1.25972
     -3.83757      1.99031      0.72104      1.26927
     -3.82757      1.84438      0.61875      1.22563
     -3.81757      1.43176      0.49519      0.93658
     -3.80757      0.82680      0.29830      0.52850
     -3.79757      0.66740      0.18538      0.48202
     -3.78757      0.82121      0.21008      0.61113
     -3.77757      0.81462      0.23451      0.58011
     -3.76757      0.82094      0.26227      0.55867
     -3.75757      0.79877      0.28386      0.51491
     -3.74757      0.69458      0.27316      0.42142
     -3.73757      0.63307      0.27289      0.36018
     -3.72757      0.98897      0.39552      0.59345
     -3.71757      1.47337      0.48368      0.98970
     -3.70757      1.86588      0.56199      1.30390
     -3.69757      2.80104      0.88827      1.91276
     -3.68757      4.33163      1.44608      2.88555
     -3.67757      4.38225      1.49103      2.89122
     -3.66757      3.08677      0.99084      2.09593
     -3.65757      2.95079      0.85806      2.09272
     -3.64757      3.30575      0.96240      2.34335
     -3.63757      2.20376      0.65099      1.55276
     -3.62757      1.26648      0.38264      0.88384
     -3.61757      2.42835      0.76119      1.66716
     -3.60757      4.51323      1.41928      3.09395
     -3.59757      5.15779      1.60015      3.55764
     -3.58757      4.37868      1.36654      3.01214
     -3.57757      3.86478      1.24578      2.61900
     -3.56757      3.86033      1.27193      2.58839
     -3.55757      3.52222      1.15406      2.36816
     -3.54757      3.53983      1.18854      2.35130
     -3.53757      4.69882      1.61741      3.08141
     -3.52757      6.53003      2.08865      4.44138
     -3.51757      7.92938      2.39016      5.53922
     -3.50757      6.05511      1.86489      4.19022
     -3.49757      3.89178      1.28607      2.60571
     -3.48757      4.35405      1.47183      2.88222
     -3.47757      4.55448      1.52391      3.03056
     -3.46757      4.38601      1.44615      2.93987
     -3.45757      4.34073      1.42558      2.91514
     -3.44757      4.52679      1.43595      3.09085
     -3.43757      4.75313      1.49491      3.25822
     -3.42757      4.74458      1.55073      3.19385
     -3.41757      5.53461      1.90441      3.63020
     -3.40757      6.35797      2.30986      4.04811
     -3.39757      4.74053      1.79332      2.94721
     -3.38757      2.71087      1.01496      1.69591
     -3.37757      3.23530      1.13990      2.09540
     -3.36757      4.18544      1.48286      2.70258
     -3.35757      4.12868      1.47986      2.64882
     -3.34757      3.83872      1.46350      2.37521
     -3.33757      2.75035      1.14800      1.60235
     -3.32757      1.25878      0.54691      0.71187
     -3.31757      1.15559      0.46153      0.69406
     -3.30757      2.21938      0.86434      1.35504
     -3.29757      2.62432      1.06195      1.56237
     -3.28757      2.11037      0.90750      1.20286
     -3.27757      2.13354      0.90860      1.22494
     -3.26757      2.53075      1.08604      1.44471
     -3.25757      2.39607      1.08865      1.30742
     -3.24757      1.83134      0.84652      0.98483
     -3.23757      1.25831      0.55663      0.70169
     -3.22757      1.18017      0.46361      0.71656
     -3.21757      1.41846      0.45840      0.96006
     -3.20757      1.96493      0.56374      1.40119
     -3.19757      2.38671      0.78164      1.60507
     -3.18757      2.44800      0.98958      1.45842
     -3.17757      2.26532      0.93019      1.33512
     -3.16757      1.42770      0.52467      0.90303
     -3.15757      0.63914      0.21807      0.42106
     -3.14757      1.01056      0.37350      0.63706
     -3.13757      2.18777      0.87164      1.31613
     -3.12757      2.75234      1.18046      1.57188
     -3.11757      2.26828      1.02030      1.24797
     -3.10757      1.38146      0.63770      0.74377
     -3.09757      0.81724      0.36905      0.44820
     -3.08757      0.49795      0.19828      0.29967
     -3.07757      0.48230      0.15600      0.32630
     -3.06757      0.89997      0.29089      0.60907
     -3.05757      1.47891      0.55368      0.92522
     -3.04757      2.03941      0.89318      1.14623
     -3.03757      2.01066      0.94736      1.06330
     -3.02757      1.42202      0.66648      0.75554
     -3.01757      1.32901      0.59514      0.73387
     -3.00757      1.56602      0.68152      0.88450
     -2.99757      1.43278      0.57186      0.86092
     -2.98757      1.44092      0.48259      0.95833
     -2.97757      2.00332      0.60300      1.40032
     -2.96757      2.45524      0.70941      1.74583
     -2.95757      2.38832      0.72016      1.66817
     -2.94757      2.29800      0.79880      1.49921
     -2.93757      2.14765      0.80471      1.34294
     -2.92757      2.21254      0.88018      1.33236
     -2.91757      2.12462      0.84465      1.27997
     -2.90757      1.35894      0.46907      0.88987
     -2.89757      0.67421      0.18733      0.48688
     -2.88757      0.22424      0.05932      0.16492
     -2.87757      0.16072      0.07119      0.08953
     -2.86757      0.73985      0.32313      0.41671
     -2.85757      2.00757      0.80877      1.19880
     -2.84757      2.69263      1.07882      1.61381
     -2.83757      1.99757      0.88019      1.11738
     -2.82757      1.02777      0.52556      0.50221
     -2.81757      0.35780      0.19999      0.15781
     -2.80757      0.08910      0.04383      0.04527
     -2.79757      0.24823      0.08091      0.16733
     -2.78757      0.97127      0.33889      0.63238
     -2.77757      1.85033      0.71260      1.13773
     -2.76757      1.73150      0.72804      1.00347
     -2.75757      1.13661      0.48523      0.65138
     -2.74757      1.32667      0.54324      0.78343
     -2.73757      1.67251      0.67185      1.00066
     -2.72757      1.89066      0.69357      1.19709
     -2.71757      1.95686      0.66862      1.28823
     -2.70757      1.72072      0.58788      1.13283
     -2.69757      1.58109      0.60588      0.97521
     -2.68757      1.84100      0.74520      1.09579
     -2.67757      2.20536      0.86993      1.33543
     -2.66757      2.10876      0.82651      1.28225
     -2.65757      1.48294      0.63051      0.85243
     -2.64757      1.09430      0.51901      0.57529
     -2.63757      1.16116      0.58976      0.57140
     -2.62757      1.11545      0.58735      0.52810
     -2.61757      0.57526      0.30625      0.26901
     -2.60757      0.57335      0.29385      0.27949
     -2.59757      1.31298      0.65267      0.66031
     -2.58757      1.92996      0.88833      1.04163
     -2.57757      2.27216      0.89840      1.37376
     -2.56757      2.25280      0.77075      1.48205
     -2.55757      1.94027      0.69235      1.24792
     -2.54757      1.98889      0.82801      1.16088
     -2.53757      1.75529      0.77065      0.98463
     -2.52757      1.37938      0.63961      0.73977
     -2.51757      1.73975      0.80630      0.93346
     -2.50757      1.75900      0.70826      1.05073
     -2.49757      2.12253      0.64634      1.47619
     -2.48757      3.81897      1.05537      2.76360
     -2.47757      4.61728      1.33390      3.28338
     -2.46757      3.94192      1.27931      2.66261
     -2.45757      3.06785      1.04075      2.02710
     -2.44757      2.50179      0.84504      1.65675
     -2.43757      1.97627      0.67171      1.30456
     -2.42757      2.24733      0.74419      1.50315
     -2.41757      2.95261      1.00537      1.94724
     -2.40757      2.51015      0.91098      1.59917
     -2.39757      1.97117      0.70231      1.26887
     -2.38757      1.55245      0.49959      1.05286
     -2.37757      1.30889      0.46704      0.84185
     -2.36757      1.85315      0.75399      1.09916
     -2.35757      3.05325      1.10345      1.94980
     -2.34757      4.77410      1.42685      3.34725
     -2.33757      6.34068      1.65992      4.68076
     -2.32757      7.08502      1.75658      5.32845
     -2.31757      7.44557      1.86695      5.57862
     -2.30757      6.11186      1.56187      4.54999
     -2.29757      4.57709      1.20608      3.37101
     -2.28757      4.46594      1.29095      3.17499
     -2.27757      5.03757      1.57229      3.46528
     -2.26757      5.97347      1.63240      4.34107
     -2.25757      6.42238      1.46718      4.95520
     -2.24757      5.31942      1.23886      4.08056
     -2.23757      3.83243      1.05231      2.78013
     -2.22757      3.40072      0.99093      2.40979
     -2.21757      3.66124      0.98956      2.67168
     -2.20757      3.32619      0.85998      2.46621
     -2.19757      3.57144      1.06551      2.50593
     -2.18757      4.94331      1.62325      3.32007
     -2.17757      5.43922      1.58333      3.85589
     -2.16757      4.81893      1.16805      3.65088
     -2.15757      4.30198      1.10668      3.19530
     -2.14757      3.95944      1.24290      2.71654
     -2.13757      3.39990      1.15984      2.24006
     -2.12757      3.07702      0.91621      2.16080
     -2.11757      2.96503      0.81719      2.14784
     -2.10757      2.54727      0.76187      1.78540
     -2.09757      2.79195      0.85353      1.93842
     -2.08757      3.41302      1.01728      2.39574
     -2.07757      3.03182      0.88427      2.14755
     -2.06757      3.22952      0.98344      2.24609
     -2.05757      5.63151      1.75691      3.87460
     -2.04757      7.57819      2.33371      5.24448
     -2.03757      7.04136      1.99416      5.04720
     -2.02757      5.33066      1.26556      4.06509
     -2.01757      4.13109      0.78150      3.34959
     -2.00757      3.42582      0.62301      2.80281
     -1.99757      2.66978      0.59273      2.07705
     -1.98757      2.08897      0.52502      1.56395
     -1.97757      1.58275      0.44853      1.13422
     -1.96757      1.53857      0.52091      1.01766
     -1.95757      1.88518      0.53996      1.34523
     -1.94757      2.29857      0.54692      1.75164
     -1.93757      2.38947      0.68481      1.70466
     -1.92757      2.05989      0.62705      1.43284
     -1.91757      2.00538      0.47606      1.52933
     -1.90757      2.61825      0.59469      2.02356
     -1.89757      3.16214      0.73067      2.43147
     -1.88757      2.54340      0.51738      2.02602
     -1.87757      1.57612      0.29121      1.28491
     -1.86757      1.70595      0.38443      1.32152
     -1.85757      2.71338      0.64275      2.07062
     -1.84757      3.70111      0.86328      2.83783
     -1.83757      4.32167      1.01831      3.30336
     -1.82757      4.24791      0.99032      3.25759
     -1.81757      3.19851      0.83344      2.36507
     -1.80757      2.58330      0.76952      1.81378
     -1.79757      1.76495      0.47803      1.28692
     -1.78757      1.04216      0.19223      0.84993
     -1.77757      1.02728      0.20184      0.82544
     -1.76757      1.66122      0.38161      1.27961
     -1.75757      2.45198      0.53256      1.91942
     -1.74757      2.65889      0.51641      2.14247
     -1.73757      2.59647      0.47232      2.12416
     -1.72757      2.22230      0.42225      1.80005
     -1.71757      1.75167      0.35280      1.39888
     -1.70757      2.07136      0.43942      1.63195
     -1.69757      2.10559      0.51069      1.59490
     -1.68757      2.43464      0.64621      1.78843
     -1.67757      3.56559      0.74205      2.82353
     -1.66757      3.70268      0.60357      3.09911
     -1.65757      3.38517      0.60690      2.77828
     -1.64757      3.04178      0.70908      2.33270
     -1.63757      2.36467      0.61835      1.74631
     -1.62757      2.19842      0.47994      1.71848
     -1.61757      2.28182      0.43262      1.84920
     -1.60757      1.96882      0.31932      1.64950
     -1.59757      2.18099      0.29657      1.88442
     -1.58757      3.24724      0.50444      2.74280
     -1.57757      3.39274      0.55581      2.83693
     -1.56757      2.09961      0.31181      1.78780
     -1.55757      1.43843      0.13790      1.30054
     -1.54757      1.68156      0.14025      1.54131
     -1.53757      1.77377      0.19268      1.58109
     -1.52757      1.93354      0.25955      1.67399
     -1.51757      2.71708      0.39906      2.31802
     -1.50757      3.57515      0.49311      3.08204
     -1.49757      4.20067      0.48793      3.71275
     -1.48757      3.61072      0.38197      3.22875
     -1.47757      2.90270      0.31034      2.59236
     -1.46757      3.09591      0.37830      2.71761
     -1.45757      2.80175      0.35813      2.44362
     -1.44757      2.59999      0.27990      2.32009
     -1.43757      2.45406      0.23226      2.22180
     -1.42757      2.21874      0.22889      1.98985
     -1.41757      2.85583      0.29065      2.56518
     -1.40757      3.07527      0.27002      2.80525
     -1.39757      2.68099      0.23518      2.44581
     -1.38757      2.17966      0.22702      1.95264
     -1.37757      1.91362      0.19016      1.72346
     -1.36757      1.57023      0.14381      1.42642
     -1.35757      1.16547      0.13487      1.03059
     -1.34757      0.96777      0.13556      0.83222
     -1.33757      1.08669      0.15378      0.93290
     -1.32757      1.00780      0.14087      0.86694
     -1.31757      0.61261      0.08656      0.52606
     -1.30757      0.24599      0.03537      0.21061
     -1.29757      0.09497      0.01262      0.08235
     -1.28757      0.18812      0.02241      0.16570
     -1.27757      0.27596      0.03271      0.24326
     -1.26757      0.15228      0.01805      0.13423
     -1.25757      0.03093      0.00367      0.02726
     -1.24757      0.00231      0.00027      0.00204
     -1.23757      0.00006      0.00001      0.00006
     -1.22757      0.00000      0.00000      0.00000
     -1.21757      0.00000      0.00000      0.00000
     -1.20757      0.00000      0.00000      0.00000
     -1.19757      0.00000      0.00000      0.00000
     -1.18757      0.00000      0.00000      0.00000
     -1.17757      0.00000      0.00000      0.00000
     -1.16757      0.00000      0.00000      0.00000
     -1.15757      0.00000      0.00000      0.00000
     -1.14757      0.00000      0.00000      0.00000
     -1.13757      0.00000      0.00000      0.00000
     -1.12757      0.00000      0.00000      0.00000
     -1.11757      0.00000      0.00000      0.00000
     -1.10757      0.00000      0.00000      0.00000
     -1.09757      0.00000      0.00000      0.00000
     -1.08757      0.00000      0.00000      0.00000
     -1.07757      0.00000      0.00000      0.00000
     -1.06757      0.00000      0.00000      0.00000
     -1.05757      0.00000      0.00000      0.00000
     -1.04757      0.00026      0.00018      0.00008
     -1.03757      0.00684      0.00481      0.00203
     -1.02757      0.07094      0.04981      0.02113
     -1.01757      0.32302      0.22635      0.09668
     -1.00757      0.80411      0.56161      0.24249
     -0.99757      1.37773      0.95947      0.41826
     -0.98757      1.63213      1.13590      0.49623
     -0.97757      1.31930      0.91785      0.40145
     -0.96757      1.28153      0.88133      0.40021
     -0.95757      1.68255      1.14591      0.53663
     -0.94757      1.53546      1.04378      0.49168
     -0.93757      1.32709      0.89361      0.43348
     -0.92757      1.99266      1.32995      0.66271
     -0.91757      2.50480      1.68244      0.82236
     -0.90757      2.43550      1.64833      0.78717
     -0.89757      2.25594      1.53164      0.72429
     -0.88757      1.96147      1.34089      0.62058
     -0.87757      1.96781      1.35310      0.61471
     -0.86757      2.95436      1.99660      0.95777
     -0.85757      3.70745      2.46952      1.23792
     -0.84757      3.92789      2.64655      1.28134
     -0.83757      4.16517      2.85891      1.30626
     -0.82757      4.68980      3.22950      1.46030
     -0.81757      5.22889      3.59151      1.63738
     -0.80757      5.37313      3.67683      1.69629
     -0.79757      4.20796      2.83826      1.36971
     -0.78757      3.21101      2.13703      1.07398
     -0.77757      3.32638      2.21994      1.10644
     -0.76757      3.24246      2.13959      1.10288
     -0.75757      2.90445      1.88234      1.02211
     -0.74757      2.88457      1.85647      1.02810
     -0.73757      3.59779      2.33593      1.26186
     -0.72757      4.48935      3.00193      1.48742
     -0.71757      3.52851      2.41393      1.11458
     -0.70757      1.70010      1.14924      0.55086
     -0.69757      1.56547      0.98751      0.57796
     -0.68757      2.16488      1.37346      0.79142
     -0.67757      2.28507      1.51801      0.76706
     -0.66757      2.82681      1.91876      0.90805
     -0.65757      2.99634      1.98019      1.01615
     -0.64757      2.41085      1.53524      0.87560
     -0.63757      2.05522      1.28960      0.76562
     -0.62757      1.96701      1.24877      0.71824
     -0.61757      1.98367      1.30855      0.67512
     -0.60757      2.87689      1.96255      0.91434
     -0.59757      3.49891      2.42325      1.07566
     -0.58757      2.79418      1.90852      0.88566
     -0.57757      2.07822      1.34543      0.73279
     -0.56757      1.55854      0.99277      0.56577
     -0.55757      0.87510      0.57052      0.30457
     -0.54757      1.11060      0.73444      0.37616
     -0.53757      2.21137      1.47750      0.73387
     -0.52757      2.73236      1.85350      0.87886
     -0.51757      2.73973      1.84799      0.89173
     -0.50757      2.50775      1.66561      0.84213
     -0.49757      1.85448      1.22669      0.62779
     -0.48757      1.14043      0.75613      0.38430
     -0.47757      0.87047      0.58324      0.28723
     -0.46757      1.25828      0.85896      0.39932
     -0.45757      2.38532      1.65255      0.73277
     -0.44757      3.28048      2.30830      0.97219
     -0.43757      2.98064      2.10647      0.87417
     -0.42757      2.02281      1.39769      0.62512
     -0.41757      1.52565      1.02409      0.50156
     -0.40757      1.00650      0.67320      0.33330
     -0.39757      0.80176      0.54873      0.25302
     -0.38757      1.25716      0.86695      0.39022
     -0.37757      1.64222      1.13450      0.50773
     -0.36757      2.03289      1.41904      0.61385
     -0.35757      2.08719      1.46122      0.62597
     -0.34757      1.77358      1.22851      0.54507
     -0.33757      1.48559      1.01981      0.46579
     -0.32757      1.03173      0.71498      0.31674
     -0.31757      1.11425      0.79495      0.31930
     -0.30757      1.51799      1.07622      0.44177
     -0.29757      1.63588      1.14173      0.49415
     -0.28757      1.63529      1.15859      0.47669
     -0.27757      1.72905      1.25094      0.47811
     -0.26757      1.92698      1.38719      0.53979
     -0.25757      1.73751      1.22065      0.51686
     -0.24757      1.54522      1.05649      0.48873
     -0.23757      1.41302      0.97541      0.43762
     -0.22757      1.14463      0.79352      0.35111
     -0.21757      1.06780      0.72440      0.34339
     -0.20757      1.34773      0.93262      0.41511
     -0.19757      1.61483      1.14235      0.47248
     -0.18757      1.66541      1.16580      0.49961
     -0.17757      1.66317      1.12315      0.54002
     -0.16757      1.61036      1.08970      0.52066
     -0.15757      1.36581      0.94106      0.42475
     -0.14757      0.98786      0.66728      0.32058
     -0.13757      1.19757      0.80357      0.39400
     -0.12757      1.47559      1.02939      0.44620
     -0.11757      1.37117      0.99133      0.37984
     -0.10757      1.23320      0.90741      0.32579
     -0.09757      1.04960      0.78176      0.26784
     -0.08757      0.62920      0.47897      0.15023
     -0.07757      0.19536      0.15144      0.04391
     -0.06757      0.09081      0.07194      0.01886
     -0.05757      0.30249      0.24075      0.06174
     -0.04757      0.53441      0.42528      0.10913
     -0.03757      0.42070      0.33495      0.08575
     -0.02757      0.37495      0.29961      0.07534
     -0.01757      0.55515      0.44429      0.11085
     -0.00757      0.39933      0.31963      0.07970
      0.00243      0.10755      0.08609      0.02147
      0.01243      0.01067      0.00854      0.00213
      0.02243      0.00039      0.00031      0.00008
      0.03243      0.00001      0.00000      0.00000
      0.04243      0.00000      0.00000      0.00000
      0.05243      0.00000      0.00000      0.00000
      0.06243      0.00000      0.00000      0.00000
      0.07243      0.00000      0.00000      0.00000
      0.08243      0.00000      0.00000      0.00000
      0.09243      0.00000      0.00000      0.00000
      0.10243      0.00000      0.00000      0.00000
      0.11243      0.00000      0.00000      0.00000
      0.12243      0.00000      0.00000      0.00000
      0.13243      0.00000      0.00000      0.00000
      0.14243      0.00000      0.00000      0.00000
      0.15243      0.00000      0.00000      0.00000
      0.16243      0.00000      0.00000      0.00000
      0.17243      0.00000      0.00000      0.00000
      0.18243      0.00000      0.00000      0.00000
      0.19243      0.00000      0.00000      0.00000
      0.20243      0.00000      0.00000      0.00000
      0.21243      0.00000      0.00000      0.00000
      0.22243      0.00000      0.00000      0.00000
      0.23243      0.00000      0.00000      0.00000
      0.24243      0.00000      0.00000      0.00000
      0.25243      0.00000      0.00000      0.00000
      0.26243      0.00000      0.00000      0.00000
      0.27243      0.00000      0.00000      0.00000
      0.28243      0.00000      0.00000      0.00000
      0.29243      0.00000      0.00000      0.00000
      0.30243      0.00000      0.00000      0.00000
      0.31243      0.00000      0.00000      0.00000
      0.32243      0.00000      0.00000      0.00000
      0.33243      0.00000      0.00000      0.00000
      0.34243      0.00000      0.00000      0.00000
      0.35243      0.00000      0.00000      0.00000
      0.36243      0.00000      0.00000      0.00000
      0.37243      0.00000      0.00000      0.00000
      0.38243      0.00000      0.00000      0.00000
      0.39243      0.00000      0.00000      0.00000
      0.40243      0.00000      0.00000      0.00000
      0.41243      0.00000      0.00000      0.00000
      0.42243      0.00000      0.00000      0.00000
      0.43243      0.00000      0.00000      0.00000
      0.44243      0.00000      0.00000      0.00000
      0.45243      0.00000      0.00000      0.00000
      0.46243      0.00000      0.00000      0.00000
      0.47243      0.00000      0.00000      0.00000
      0.48243      0.00000      0.00000      0.00000
      0.49243      0.00000      0.00000      0.00000
      0.50243      0.00000      0.00000      0.00000
      0.51243      0.00000      0.00000      0.00000
      0.52243      0.00000      0.00000      0.00000
      0.53243      0.00000      0.00000      0.00000
      0.54243      0.00000      0.00000      0.00000
      0.55243      0.00000      0.00000      0.00000
      0.56243      0.00000      0.00000      0.00000
      0.57243      0.00000      0.00000      0.00000
      0.58243      0.00000      0.00000      0.00000
      0.59243      0.00000      0.00000      0.00000
      0.60243      0.00000      0.00000      0.00000
      0.61243      0.00000      0.00000      0.00000
      0.62243      0.00000      0.00000      0.00000
      0.63243      0.00000      0.00000      0.00000
      0.64243      0.00000      0.00000      0.00000
      0.65243      0.00000      0.00000      0.00000
      0.66243      0.00000      0.00000      0.00000
      0.67243      0.00000      0.00000      0.00000
      0.68243      0.00000      0.00000      0.00000
      0.69243      0.00000      0.00000      0.00000
      0.70243      0.00000      0.00000      0.00000
      0.71243      0.00000      0.00000      0.00000
      0.72243      0.00000      0.00000      0.00000
      0.73243      0.00000      0.00000      0.00000
      0.74243      0.00000      0.00000      0.00000
      0.75243      0.00000      0.00000      0.00000
      0.76243      0.00000      0.00000      0.00000
      0.77243      0.00000      0.00000      0.00000
      0.78243      0.00000      0.00000      0.00000
      0.79243      0.00000      0.00000      0.00000
      0.80243      0.00000      0.00000      0.00000
      0.81243      0.00000      0.00000      0.00000
      0.82243      0.00000      0.00000      0.00000
      0.83243      0.00000      0.00000      0.00000
      0.84243      0.00000      0.00000      0.00000
      0.85243      0.00000      0.00000      0.00000
      0.86243      0.00000      0.00000      0.00000
      0.87243      0.00000      0.00000      0.00000
      0.88243      0.00000      0.00000      0.00000
      0.89243      0.00000      0.00000      0.00000
      0.90243      0.00000      0.00000      0.00000
      0.91243      0.00000      0.00000      0.00000
      0.92243      0.00000      0.00000      0.00000
      0.93243      0.00000      0.00000      0.00000
      0.94243      0.00000      0.00000      0.00000
      0.95243      0.00000      0.00000      0.00000
      0.96243      0.00000      0.00000      0.00000
      0.97243      0.00000      0.00000      0.00000
      0.98243      0.00000      0.00000      0.00000
      0.99243      0.00000      0.00000      0.00000
      1.00243      0.00000      0.00000      0.00000
      1.01243      0.00000      0.00000      0.00000
      1.02243      0.00000      0.00000      0.00000
      1.03243      0.00000      0.00000      0.00000
      1.04243      0.00000      0.00000      0.00000
      1.05243      0.00000      0.00000      0.00000
      1.06243      0.00000      0.00000      0.00000
      1.07243      0.00000      0.00000      0.00000
      1.08243      0.00000      0.00000      0.00000
      1.09243      0.00000      0.00000      0.00000
      1.10243      0.00000      0.00000      0.00000
      1.11243      0.00000      0.00000      0.00000
      1.12243      0.00000      0.00000      0.00000
      1.13243      0.00000      0.00000      0.00000
      1.14243      0.00000      0.00000      0.00000
      1.15243      0.00000      0.00000      0.00000
      1.16243      0.00000      0.00000      0.00000
      1.17243      0.00000      0.00000      0.00000
      1.18243      0.00000      0.00000      0.00000
      1.19243      0.00000      0.00000      0.00000
      1.20243      0.00000      0.00000      0.00000
      1.21243      0.00000      0.00000      0.00000
      1.22243      0.00000      0.00000      0.00000
      1.23243      0.00000      0.00000      0.00000
      1.24243      0.00000      0.00000      0.00000
      1.25243      0.00000      0.00000      0.00000
      1.26243      0.00000      0.00000      0.00000
      1.27243      0.00000      0.00000      0.00000
      1.28243      0.00000      0.00000      0.00000
      1.29243      0.00000      0.00000      0.00000
      1.30243      0.00000      0.00000      0.00000
      1.31243      0.00000      0.00000      0.00000
      1.32243      0.00000      0.00000      0.00000
      1.33243      0.00000      0.00000      0.00000
      1.34243      0.00000      0.00000      0.00000
      1.35243      0.00000      0.00000      0.00000
      1.36243      0.00000      0.00000      0.00000
      1.37243      0.00000      0.00000      0.00000
      1.38243      0.00000      0.00000      0.00000
      1.39243      0.00000      0.00000      0.00000
      1.40243      0.00000      0.00000      0.00000
      1.41243      0.00000      0.00000      0.00000
      1.42243      0.00000      0.00000      0.00000
      1.43243      0.00000      0.00000      0.00000
      1.44243      0.00000      0.00000      0.00000
      1.45243      0.00000      0.00000      0.00000
      1.46243      0.00000      0.00000      0.00000
      1.47243      0.00000      0.00000      0.00000
      1.48243      0.00000      0.00000      0.00000
      1.49243      0.00000      0.00000      0.00000
      1.50243      0.00000      0.00000      0.00000
      1.51243      0.00000      0.00000      0.00000
      1.52243      0.00000      0.00000      0.00000
      1.53243      0.00000      0.00000      0.00000
      1.54243      0.00000      0.00000      0.00000
      1.55243      0.00000      0.00000      0.00000
      1.56243      0.00000      0.00000      0.00000
      1.57243      0.00000      0.00000      0.00000
      1.58243      0.00000      0.00000      0.00000
      1.59243      0.00000      0.00000      0.00000
      1.60243      0.00000      0.00000      0.00000
      1.61243      0.00000      0.00000      0.00000
      1.62243      0.00000      0.00000      0.00000
      1.63243      0.00000      0.00000      0.00000
      1.64243      0.00000      0.00000      0.00000
      1.65243      0.00000      0.00000      0.00000
      1.66243      0.00000      0.00000      0.00000
      1.67243      0.00000      0.00000      0.00000
      1.68243      0.00000      0.00000      0.00000
      1.69243      0.00000      0.00000      0.00000
      1.70243      0.00000      0.00000      0.00000
      1.71243      0.00000      0.00000      0.00000
      1.72243      0.00000      0.00000      0.00000
      1.73243      0.00000      0.00000      0.00000
      1.74243      0.00000      0.00000      0.00000
      1.75243      0.00000      0.00000      0.00000
      1.76243      0.00000      0.00000      0.00000
      1.77243      0.00000      0.00000      0.00000
      1.78243      0.00000      0.00000      0.00000
      1.79243      0.00000      0.00000      0.00000
      1.80243      0.00000      0.00000      0.00000
      1.81243      0.00000      0.00000      0.00000
      1.82243      0.00000      0.00000      0.00000
      1.83243      0.00000      0.00000      0.00000
      1.84243      0.00000      0.00000      0.00000
      1.85243      0.00000      0.00000      0.00000
      1.86243      0.00000      0.00000      0.00000
      1.87243      0.00000      0.00000      0.00000
      1.88243      0.00000      0.00000      0.00000
      1.89243      0.00000      0.00000      0.00000
      1.90243      0.00000      0.00000      0.00000
      1.91243      0.00000      0.00000      0.00000
      1.92243      0.00000      0.00000      0.00000
      1.93243      0.00000      0.00000      0.00000
      1.94243      0.00000      0.00000      0.00000
      1.95243      0.00000      0.00000      0.00000
      1.96243      0.00000      0.00000      0.00000
      1.97243      0.00000      0.00000      0.00000
      1.98243      0.00000      0.00000      0.00000
      1.99243      0.00000      0.00000      0.00000
      2.00243      0.00000      0.00000      0.00000
      2.01243      0.00000      0.00000      0.00000
      2.02243      0.00000      0.00000      0.00000
      2.03243      0.00000      0.00000      0.00000
      2.04243      0.00000      0.00000      0.00000
      2.05243      0.00000      0.00000      0.00000
      2.06243      0.00000      0.00000      0.00000
      2.07243      0.00000      0.00000      0.00000
      2.08243      0.00000      0.00000      0.00000
      2.09243      0.00000      0.00000      0.00000
      2.10243      0.00000      0.00000      0.00000
      2.11243      0.00000      0.00000      0.00000
      2.12243      0.00000      0.00000      0.00000
      2.13243      0.00000      0.00000      0.00000
      2.14243      0.00000      0.00000      0.00000
      2.15243      0.00000      0.00000      0.00000
      2.16243      0.00000      0.00000      0.00000
      2.17243      0.00000      0.00000      0.00000
      2.18243      0.00000      0.00000      0.00000
      2.19243      0.00000      0.00000      0.00000
      2.20243      0.00000      0.00000      0.00000
      2.21243      0.00000      0.00000      0.00000
      2.22243      0.00000      0.00000      0.00000
      2.23243      0.00000      0.00000      0.00000
      2.24243      0.00000      0.00000      0.00000
      2.25243      0.00000      0.00000      0.00000
      2.26243      0.00000      0.00000      0.00000
      2.27243      0.00000      0.00000      0.00000
      2.28243      0.00000      0.00000      0.00000
      2.29243      0.00000      0.00000      0.00000
      2.30243      0.00000      0.00000      0.00000
      2.31243      0.00000      0.00000      0.00000
      2.32243      0.00000      0.00000      0.00000
      2.33243      0.00000      0.00000      0.00000
      2.34243      0.00000      0.00000      0.00000
      2.35243      0.00000      0.00000      0.00000
      2.36243      0.00000      0.00000      0.00000
      2.37243      0.00000      0.00000      0.00000
      2.38243      0.00000      0.00000      0.00000
      2.39243      0.00000      0.00000      0.00000
      2.40243      0.00000      0.00000      0.00000
      2.41243      0.00005      0.00004      0.00001
      2.42243      0.00214      0.00180      0.00034
      2.43243      0.03642      0.03057      0.00586
      2.44243      0.22784      0.19121      0.03663
      2.45243      0.52589      0.44135      0.08454
      2.46243      0.47451      0.39822      0.07629
      2.47243      0.34207      0.28700      0.05507
      2.48243      0.51977      0.43595      0.08382
      2.49243      0.46640      0.39111      0.07529
      2.50243      0.16265      0.13637      0.02628
      2.51243      0.05443      0.04566      0.00877
      2.52243      0.25759      0.21604      0.04155
      2.53243      0.79281      0.66411      0.12870
      2.54243      1.06873      0.89388      0.17485
      2.55243      0.83618      0.69847      0.13771
      2.56243      0.67092      0.56035      0.11057
      2.57243      0.39816      0.33260      0.06556
      2.58243      0.13494      0.11283      0.02212
      2.59243      0.25287      0.21159      0.04129
      2.60243      0.71568      0.59392      0.12176
      2.61243      1.09723      0.86770      0.22953
      2.62243      1.39800      0.92868      0.46932
      2.63243      2.06296      1.15228      0.91068
      2.64243      2.51728      1.39754      1.11975
      2.65243      2.38956      1.42998      0.95958
      2.66243      2.42244      1.51207      0.91037
      2.67243      3.35101      2.12229      1.22873
      2.68243      4.17995      2.63621      1.54374
      2.69243      3.99034      2.42542      1.56492
      2.70243      3.60681      2.11776      1.48904
      2.71243      3.66045      2.16477      1.49568
      2.72243      2.95556      1.75905      1.19651
      2.73243      2.19292      1.28875      0.90416
      2.74243      3.24027      1.96509      1.27518
      2.75243      4.73916      2.89650      1.84267
      2.76243      4.76564      2.88622      1.87943
      2.77243      4.23378      2.62687      1.60690
      2.78243      4.98370      3.12529      1.85841
      2.79243      5.12452      3.24337      1.88115
      2.80243      4.56360      2.92779      1.63581
      2.81243      5.71874      3.47376      2.24499
      2.82243      8.00865      4.66840      3.34025
      2.83243      8.52552      5.20483      3.32069
      2.84243      7.08290      4.59777      2.48513
      2.85243      5.81101      3.84060      1.97041
      2.86243      5.98992      4.04729      1.94262
      2.87243      6.17438      4.25860      1.91578
      2.88243      5.84839      4.00955      1.83884
      2.89243      6.01930      4.15228      1.86702
      2.90243      6.20511      4.48034      1.72477
      2.91243      6.47167      4.86081      1.61086
      2.92243      7.10530      5.45728      1.64802
      2.93243      7.37244      5.77628      1.59617
      2.94243      6.76322      5.39026      1.37296
      2.95243      5.75809      4.58557      1.17252
      2.96243      4.65685      3.50395      1.15290
      2.97243      3.70076      2.64174      1.05902
      2.98243      2.81660      1.90373      0.91288
      2.99243      2.01119      1.20167      0.80952
      3.00243      1.33217      0.70914      0.62303
      3.01243      1.20932      0.67332      0.53600
      3.02243      1.36105      0.79875      0.56230
      3.03243      1.54034      0.91038      0.62996
      3.04243      2.74278      1.57720      1.16557
      3.05243      4.17319      2.39664      1.77655
      3.06243      3.49446      2.03050      1.46397
      3.07243      2.20766      1.32002      0.88764
      3.08243      2.58540      1.53597      1.04943
      3.09243      3.94425      2.33328      1.61097
      3.10243      5.06009      3.01775      2.04234
      3.11243      5.39554      3.13756      2.25798
      3.12243      5.53406      3.17126      2.36280
      3.13243      5.83512      3.45414      2.38098
      3.14243      6.05416      3.72652      2.32764
      3.15243      5.48662      3.48464      2.00198
      3.16243      4.68382      3.01640      1.66742
      3.17243      4.28135      2.70156      1.57979
      3.18243      4.12821      2.62677      1.50145
      3.19243      4.04728      2.67494      1.37234
      3.20243      3.98608      2.63084      1.35524
      3.21243      3.64886      2.37098      1.27789
      3.22243      2.98278      1.97748      1.00530
      3.23243      2.77749      1.88252      0.89497
      3.24243      3.46329      2.40742      1.05588
      3.25243      3.90732      2.79989      1.10743
      3.26243      4.12916      2.90219      1.22697
      3.27243      4.16226      2.82333      1.33893
      3.28243      3.51237      2.30701      1.20536
      3.29243      3.45252      2.24096      1.21156
      3.30243      4.35821      2.80679      1.55142
      3.31243      4.47569      2.81141      1.66428
      3.32243      4.27792      2.61506      1.66286
      3.33243      4.40045      2.54774      1.85270
      3.34243      5.19558      3.07282      2.12276
      3.35243      6.51579      4.21993      2.29586
      3.36243      7.24758      4.79798      2.44960
      3.37243      6.60999      4.31861      2.29138
      3.38243      5.87288      3.95956      1.91333
      3.39243      6.76286      4.47044      2.29242
      3.40243      6.68114      4.16290      2.51825
      3.41243      4.56944      2.78897      1.78048
      3.42243      2.87208      1.72744      1.14464
      3.43243      2.59174      1.52929      1.06245
      3.44243      2.95992      1.75983      1.20009
      3.45243      3.10079      1.89258      1.20821
      3.46243      4.08630      2.53084      1.55546
      3.47243      5.44442      3.31276      2.13166
      3.48243      5.23620      3.20586      2.03033
      3.49243      3.69507      2.20765      1.48741
      3.50243      2.51886      1.31869      1.20016
      3.51243      2.54472      1.30865      1.23607
      3.52243      2.12417      1.15194      0.97223
      3.53243      2.06582      1.16159      0.90423
      3.54243      2.73064      1.61782      1.11281
      3.55243      3.23791      1.99109      1.24682
      3.56243      3.42860      2.15169      1.27691
      3.57243      3.06361      1.83121      1.23240
      3.58243      3.14730      1.80483      1.34247
      3.59243      3.40558      2.11497      1.29061
      3.60243      3.01609      1.88164      1.13445
      3.61243      1.93944      1.06763      0.87181
      3.62243      1.38926      0.64795      0.74131
      3.63243      1.57565      0.80213      0.77352
      3.64243      2.17040      1.29115      0.87925
      3.65243      3.07725      1.90738      1.16987
      3.66243      3.52403      2.17114      1.35289
      3.67243      2.72121      1.63584      1.08537
      3.68243      2.13143      1.24171      0.88972
      3.69243      2.13965      1.27527      0.86438
      3.70243      1.91326      1.23724      0.67601
      3.71243      1.54254      1.03915      0.50339
      3.72243      0.91735      0.61036      0.30700
      3.73243      0.83273      0.56049      0.27225
      3.74243      1.76571      1.13275      0.63296
      3.75243      2.59917      1.56012      1.03904
      3.76243      2.71380      1.52199      1.19181
      3.77243      2.80432      1.53248      1.27184
      3.78243      2.61739      1.50028      1.11712
      3.79243      1.68198      1.01749      0.66449
      3.80243      1.17318      0.70590      0.46728
      3.81243      2.07096      1.24782      0.82314
      3.82243      3.01092      1.80491      1.20600
      3.83243      2.56795      1.47022      1.09773
      3.84243      1.94492      1.03222      0.91270
      3.85243      2.31255      1.24204      1.07050
      3.86243      3.17267      1.67267      1.50000
      3.87243      4.72406      2.42644      2.29762
      3.88243      7.11361      3.78203      3.33158
      3.89243      7.53225      4.11839      3.41387
      3.90243      4.69252      2.57013      2.12239
      3.91243      2.72518      1.47860      1.24658
      3.92243      2.11511      1.14277      0.97234
      3.93243      1.48085      0.75458      0.72627
      3.94243      1.98456      0.97207      1.01249
      3.95243      2.90308      1.47894      1.42414
      3.96243      2.88592      1.46552      1.42039
      3.97243      3.13706      1.55158      1.58548
      3.98243      3.62664      1.88193      1.74472
      3.99243      3.01510      1.68180      1.33330
      4.00243      2.17371      1.26488      0.90883
      4.01243      2.17890      1.27160      0.90730
      4.02243      2.08681      1.21881      0.86800
      4.03243      1.61747      0.91554      0.70194
      4.04243      1.58767      0.80184      0.78584
      4.05243      1.93794      0.93421      1.00373
      4.06243      2.02909      1.01162      1.01747
      4.07243      2.08866      1.09818      0.99048
      4.08243      2.03551      1.09049      0.94502
      4.09243      1.65040      0.89424      0.75616
      4.10243      1.94350      1.07898      0.86453
      4.11243      2.79831      1.56663      1.23169
      4.12243      2.93342      1.61459      1.31883
      4.13243      2.54705      1.35284      1.19422
      4.14243      1.89490      0.95712      0.93778
      4.15243      1.91730      0.90415      1.01315
      4.16243      2.44985      1.11905      1.33079
      4.17243      2.22812      1.00755      1.22057
      4.18243      1.51617      0.68429      0.83189
      4.19243      0.92216      0.40906      0.51311
      4.20243      0.54098      0.24687      0.29412
      4.21243      0.66507      0.34250      0.32257
      4.22243      1.16034      0.60857      0.55176
      4.23243      1.58121      0.80552      0.77569
      4.24243      2.01785      1.00114      1.01671
      4.25243      1.57692      0.77779      0.79914
      4.26243      0.63102      0.30501      0.32600
      4.27243      0.63057      0.28427      0.34630
      4.28243      1.35334      0.62338      0.72996
      4.29243      1.93336      0.91973      1.01363
      4.30243      1.83862      0.87631      0.96231
      4.31243      1.00778      0.47687      0.53092
      4.32243      0.65149      0.32621      0.32529
      4.33243      1.15258      0.59712      0.55546
      4.34243      1.79163      0.92464      0.86698
      4.35243      2.31100      1.18134      1.12966
      4.36243      2.01073      1.01955      0.99118
      4.37243      1.32041      0.64559      0.67482
      4.38243      1.37902      0.63025      0.74877
      4.39243      2.19807      0.97700      1.22108
      4.40243      2.47181      1.09809      1.37372
      4.41243      1.68220      0.76777      0.91444
      4.42243      1.18228      0.57652      0.60576
      4.43243      1.27557      0.63940      0.63617
      4.44243      1.35443      0.67211      0.68232
      4.45243      1.19449      0.58592      0.60857
      4.46243      0.79268      0.38908      0.40360
      4.47243      0.31081      0.15394      0.15687
      4.48243      0.33644      0.16574      0.17070
      4.49243      0.91332      0.43242      0.48091
      4.50243      1.72717      0.79943      0.92774
      4.51243      2.23555      1.04509      1.19046
      4.52243      2.00013      0.95610      1.04403
      4.53243      1.23181      0.60321      0.62861
      4.54243      1.19267      0.60001      0.59266
      4.55243      1.47532      0.74549      0.72984
      4.56243      1.10847      0.55839      0.55008
      4.57243      0.83937      0.41469      0.42468
      4.58243      1.24929      0.60388      0.64540
      4.59243      1.90166      0.89489      1.00677
      4.60243      2.12774      0.97766      1.15008
      4.61243      1.99989      0.91902      1.08087
      4.62243      2.56620      1.20357      1.36263
      4.63243      2.86301      1.36090      1.50211
      4.64243      2.06490      0.98776      1.07714
      4.65243      1.01129      0.48549      0.52580
      4.66243      0.43803      0.21109      0.22694
      4.67243      0.90530      0.43476      0.47054
      4.68243      1.97539      0.94372      1.03167
      4.69243      2.38642      1.13671      1.24972
      4.70243      2.16605      1.04265      1.12339
      4.71243      1.74642      0.85849      0.88794
      4.72243      1.19354      0.58657      0.60697
      4.73243      1.01761      0.48711      0.53050
      4.74243      1.22290      0.58419      0.63871
      4.75243      1.58018      0.75550      0.82467
      4.76243      1.75240      0.82719      0.92521
      4.77243      1.55620      0.72253      0.83367
      4.78243      1.02689      0.47299      0.55390
      4.79243      0.73203      0.33694      0.39510
      4.80243      0.97628      0.45315      0.52313
      4.81243      1.26574      0.58970      0.67605
      4.82243      1.37296      0.63839      0.73457
      4.83243      1.46952      0.68678      0.78274
      4.84243      1.64953      0.77586      0.87367
      4.85243      1.19529      0.56191      0.63338
      4.86243      0.52187      0.24342      0.27845
      4.87243      0.67425      0.30970      0.36455
      4.88243      1.47703      0.67846      0.79856
      4.89243      2.27885      1.04895      1.22989
      4.90243      2.62038      1.20904      1.41134
      4.91243      2.06639      0.95512      1.11127
      4.92243      1.93724      0.90040      1.03684
      4.93243      2.32226      1.09408      1.22818
      4.94243      2.46476      1.17018      1.29457
      4.95243      2.99378      1.41272      1.58106
      4.96243      4.04292      1.89181      2.15112
      4.97243      4.50970      2.09793      2.41177
      4.98243      4.78747      2.22871      2.55877
      4.99243      4.63715      2.17642      2.46073
      5.00243      4.06695      1.92543      2.14152
      5.01243      4.40671      2.09570      2.31101
      5.02243      4.74852      2.25500      2.49352
      5.03243      3.78202      1.79206      1.98996
      5.04243      2.69516      1.29432      1.40084
      5.05243      2.19196      1.07310      1.11886
      5.06243      1.92484      0.94537      0.97947
      5.07243      1.87127      0.91959      0.95168
      5.08243      1.75692      0.86897      0.88795
      5.09243      1.57819      0.78972      0.78847
      5.10243      1.74913      0.89017      0.85896
      5.11243      2.32560      1.19441      1.13119
      5.12243      2.28114      1.17633      1.10481
      5.13243      1.77814      0.92003      0.85810
      5.14243      1.80256      0.92839      0.87418
      5.15243      2.32763      1.19539      1.13224
      5.16243      2.61186      1.34347      1.26838
      5.17243      1.90135      0.97954      0.92182
      5.18243      0.98024      0.50560      0.47464
      5.19243      0.51772      0.26842      0.24930
      5.20243      0.87138      0.45751      0.41387
      5.21243      1.71377      0.90798      0.80579
      5.22243      2.17293      1.15937      1.01357
      5.23243      2.02446      1.08052      0.94394
      5.24243      1.40184      0.74459      0.65725
      5.25243      0.86498      0.45780      0.40718
      5.26243      0.56228      0.29872      0.26356
      5.27243      0.76806      0.41266      0.35540
      5.28243      1.23094      0.66474      0.56619
      5.29243      1.36637      0.74887      0.61750
      5.30243      2.12589      1.18346      0.94243
      5.31243      2.96767      1.65380      1.31387
      5.32243      2.37474      1.31837      1.05637
      5.33243      1.24561      0.68842      0.55719
      5.34243      0.70626      0.39013      0.31613
      5.35243      0.39190      0.21774      0.17417
      5.36243      0.41733      0.23551      0.18183
      5.37243      0.56569      0.32031      0.24538
      5.38243      0.46048      0.26153      0.19895
      5.39243      0.81703      0.46673      0.35030
      5.40243      1.60872      0.92051      0.68821
      5.41243      1.55254      0.89011      0.66243
      5.42243      0.82372      0.47358      0.35014
      5.43243      0.58753      0.33888      0.24865
      5.44243      0.59676      0.34486      0.25190
      5.45243      0.65842      0.38295      0.27547
      5.46243      1.05953      0.61884      0.44069
      5.47243      0.93809      0.54883      0.38926
      5.48243      0.60241      0.35473      0.24768
      5.49243      0.96790      0.57316      0.39473
      5.50243      1.15688      0.68535      0.47152
      5.51243      0.95324      0.56474      0.38851
      5.52243      0.91376      0.54178      0.37198
      5.53243      0.68672      0.40836      0.27836
      5.54243      0.61760      0.36903      0.24856
      5.55243      0.54437      0.32601      0.21836
      5.56243      0.48116      0.28948      0.19168
      5.57243      0.57376      0.34604      0.22772
      5.58243      0.36567      0.22063      0.14504
      5.59243      0.21273      0.12863      0.08410
      5.60243      0.48680      0.29494      0.19186
      5.61243      0.80711      0.48993      0.31718
      5.62243      0.81316      0.49505      0.31811
      5.63243      0.67878      0.41460      0.26418
      5.64243      0.92869      0.56892      0.35978
      5.65243      1.07291      0.65772      0.41519
      5.66243      0.52809      0.32382      0.20427
      5.67243      0.13987      0.08600      0.05387
      5.68243      0.20104      0.12436      0.07668
      5.69243      0.40537      0.25088      0.15449
      5.70243      0.52556      0.32559      0.19997
      5.71243      0.63524      0.39434      0.24090
      5.72243      0.61647      0.38319      0.23328
      5.73243      0.29597      0.18404      0.11193
      5.74243      0.05622      0.03496      0.02126
      5.75243      0.00399      0.00248      0.00151
      5.76243      0.00010      0.00007      0.00004
      5.77243      0.00000      0.00000      0.00000
      5.78243      0.00000      0.00000      0.00000
      5.79243      0.00000      0.00000      0.00000
      5.80243      0.00000      0.00000      0.00000
      5.81243      0.00000      0.00000      0.00000
      5.82243      0.00000      0.00000      0.00000
      5.83243      0.00000      0.00000      0.00000
      5.84243      0.00000      0.00000      0.00000
      5.85243      0.00000      0.00000      0.00000
      5.86243      0.00000      0.00000      0.00000
      5.87243      0.00000      0.00000      0.00000
      5.88243      0.00000      0.00000      0.00000
      5.89243      0.00000      0.00000      0.00000
      5.90243      0.00000      0.00000      0.00000
      5.91243      0.00000      0.00000      0.00000
      5.92243      0.00000      0.00000      0.00000
      5.93243      0.00000      0.00000      0.00000
      5.94243      0.00000      0.00000      0.00000
      5.95243      0.00000      0.00000      0.00000
      5.96243      0.00000      0.00000      0.00000
      5.97243      0.00000      0.00000      0.00000
      5.98243      0.00000      0.00000      0.00000
      5.99243      0.00000      0.00000      0.00000
      6.00243      0.00000      0.00000      0.00000
      6.01243      0.00000      0.00000      0.00000
      6.02243      0.00000      0.00000      0.00000
      6.03243      0.00000      0.00000      0.00000
      6.04243      0.00000      0.00000      0.00000
      6.05243      0.00000      0.00000      0.00000
      6.06243      0.00000      0.00000      0.00000
      6.07243      0.00000      0.00000      0.00000
      6.08243      0.00000      0.00000      0.00000
      6.09243      0.00000      0.00000      0.00000
      6.10243      0.00000      0.00000      0.00000
      6.11243      0.00000      0.00000      0.00000
      6.12243      0.00000      0.00000      0.00000
      6.13243      0.00000      0.00000      0.00000
      6.14243      0.00000      0.00000      0.00000
      6.15243      0.00000      0.00000      0.00000
      6.16243      0.00000      0.00000      0.00000
      6.17243      0.00000      0.00000      0.00000
      6.18243      0.00000      0.00000      0.00000
      6.19243      0.00000      0.00000      0.00000
      6.20243      0.00000      0.00000      0.00000
      6.21243      0.00000      0.00000      0.00000
      6.22243      0.00000      0.00000      0.00000
      6.23243      0.00000      0.00000      0.00000
      6.24243      0.00000      0.00000      0.00000
      6.25243      0.00000      0.00000      0.00000
      6.26243      0.00000      0.00000      0.00000
      6.27243      0.00000      0.00000      0.00000
      6.28243      0.00000      0.00000      0.00000
      6.29243      0.00000      0.00000      0.00000
      6.30243      0.00000      0.00000      0.00000
      6.31243      0.00000      0.00000      0.00000
      6.32243      0.00000      0.00000      0.00000
      6.33243      0.00000      0.00000      0.00000
      6.34243      0.00000      0.00000      0.00000
      6.35243      0.00000      0.00000      0.00000
      6.36243      0.00000      0.00000      0.00000
      6.37243      0.00000      0.00000      0.00000
      6.38243      0.00000      0.00000      0.00000
      6.39243      0.00000      0.00000      0.00000
      6.40243      0.00000      0.00000      0.00000
      6.41243      0.00000      0.00000      0.00000
      6.42243      0.00000      0.00000      0.00000
      6.43243      0.00000      0.00000      0.00000
      6.44243      0.00000      0.00000      0.00000
      6.45243      0.00000      0.00000      0.00000
      6.46243      0.00000      0.00000      0.00000
      6.47243      0.00000      0.00000      0.00000
      6.48243      0.00000      0.00000      0.00000
      6.49243      0.00000      0.00000      0.00000
      6.50243      0.00000      0.00000      0.00000
      6.51243      0.00000      0.00000      0.00000
      6.52243      0.00000      0.00000      0.00000
      6.53243      0.00000      0.00000      0.00000
      6.54243      0.00000      0.00000      0.00000
      6.55243      0.00000      0.00000      0.00000
      6.56243      0.00000      0.00000      0.00000
      6.57243      0.00000      0.00000      0.00000
      6.58243      0.00000      0.00000      0.00000
      6.59243      0.00000      0.00000      0.00000
      6.60243      0.00000      0.00000      0.00000
      6.61243      0.00000      0.00000      0.00000
      6.62243      0.00000      0.00000      0.00000
      6.63243      0.00000      0.00000      0.00000
      6.64243      0.00000      0.00000      0.00000
      6.65243      0.00000      0.00000      0.00000
      6.66243      0.00000      0.00000      0.00000
      6.67243      0.00000      0.00000      0.00000
      6.68243      0.00000      0.00000      0.00000
      6.69243      0.00000      0.00000      0.00000
      6.70243      0.00000      0.00000      0.00000
      6.71243      0.00000      0.00000      0.00000
      6.72243      0.00000      0.00000      0.00000
      6.73243      0.00000      0.00000      0.00000
      6.74243      0.00000      0.00000      0.00000
      6.75243      0.00000      0.00000      0.00000
      6.76243      0.00000      0.00000      0.00000
      6.77243      0.00000      0.00000      0.00000
      6.78243      0.00000      0.00000      0.00000
      6.79243      0.00000      0.00000      0.00000
      6.80243      0.00000      0.00000      0.00000
      6.81243      0.00000      0.00000      0.00000
      6.82243      0.00000      0.00000      0.00000
      6.83243      0.00000      0.00000      0.00000
      6.84243      0.00000      0.00000      0.00000
      6.85243      0.00000      0.00000      0.00000
      6.86243      0.00000      0.00000      0.00000
      6.87243      0.00000      0.00000      0.00000
      6.88243      0.00000      0.00000      0.00000
      6.89243      0.00000      0.00000      0.00000
      6.90243      0.00000      0.00000      0.00000
      6.91243      0.00000      0.00000      0.00000
      6.92243      0.00000      0.00000      0.00000
      6.93243      0.00000      0.00000      0.00000
      6.94243      0.00000      0.00000      0.00000
      6.95243      0.00000      0.00000      0.00000
      6.96243      0.00000      0.00000      0.00000
      6.97243      0.00000      0.00000      0.00000
      6.98243      0.00000      0.00000      0.00000
      6.99243      0.00000      0.00000      0.00000
      7.00243      0.00000      0.00000      0.00000
      7.01243      0.00000      0.00000      0.00000
      7.02243      0.00000      0.00000      0.00000
      7.03243      0.00000      0.00000      0.00000
      7.04243      0.00000      0.00000      0.00000
      7.05243      0.00000      0.00000      0.00000
      7.06243      0.00000      0.00000      0.00000
      7.07243      0.00000      0.00000      0.00000
      7.08243      0.00000      0.00000      0.00000
      7.09243      0.00000      0.00000      0.00000
      7.10243      0.00000      0.00000      0.00000
      7.11243      0.00000      0.00000      0.00000
      7.12243      0.00000      0.00000      0.00000
      7.13243      0.00000      0.00000      0.00000
      7.14243      0.00000      0.00000      0.00000
      7.15243      0.00000      0.00000      0.00000
      7.16243      0.00000      0.00000      0.00000
      7.17243      0.00000      0.00000      0.00000
      7.18243      0.00000      0.00000      0.00000
      7.19243      0.00000      0.00000      0.00000
      7.20243      0.00000      0.00000      0.00000
      7.21243      0.00000      0.00000      0.00000
      7.22243      0.00000      0.00000      0.00000
      7.23243      0.00000      0.00000      0.00000
      7.24243      0.00000      0.00000      0.00000
      7.25243      0.00000      0.00000      0.00000
      7.26243      0.00000      0.00000      0.00000
      7.27243      0.00000      0.00000      0.00000
      7.28243      0.00000      0.00000      0.00000
      7.29243      0.00000      0.00000      0.00000
      7.30243      0.00000      0.00000      0.00000
      7.31243      0.00000      0.00000      0.00000
      7.32243      0.00000      0.00000      0.00000
      7.33243      0.00000      0.00000      0.00000
      7.34243      0.00000      0.00000      0.00000
      7.35243      0.00000      0.00000      0.00000
      7.36243      0.00000      0.00000      0.00000
      7.37243      0.00000      0.00000      0.00000
      7.38243      0.00000      0.00000      0.00000
      7.39243      0.00000      0.00000      0.00000
      7.40243      0.00000      0.00000      0.00000
      7.41243      0.00000      0.00000      0.00000
      7.42243      0.00000      0.00000      0.00000
      7.43243      0.00000      0.00000      0.00000
