Energy-E_F (eV)    DOS (1/eV)    PDOS (1/eV)  of atom type W  Se 
     -5.43947      3.58875      1.07437      2.51437
     -5.42947      2.97185      0.91250      2.05935
     -5.41947      2.32382      0.69486      1.62895
     -5.40947      2.24258      0.68204      1.56054
     -5.39947      2.69386      0.78613      1.90773
     -5.38947      2.85685      0.79823      2.05863
     -5.37947      2.40614      0.70373      1.70241
     -5.36947      2.58394      0.79834      1.78560
     -5.35947      2.86079      0.87830      1.98250
     -5.34947      1.98077      0.60133      1.37944
     -5.33947      1.19903      0.35693      0.84210
     -5.32947      1.69473      0.47431      1.22042
     -5.31947      2.32127      0.62749      1.69378
     -5.30947      1.99454      0.56282      1.43172
     -5.29947      1.25898      0.37879      0.88020
     -5.28947      0.99492      0.28513      0.70979
     -5.27947      1.13748      0.29756      0.83992
     -5.26947      0.89688      0.23082      0.66606
     -5.25947      0.57955      0.15498      0.42457
     -5.24947      0.97987      0.25525      0.72461
     -5.23947      1.65947      0.40733      1.25214
     -5.22947      1.58201      0.38535      1.19666
     -5.21947      0.95476      0.25836      0.69640
     -5.20947      0.78030      0.23753      0.54277
     -5.19947      1.04827      0.30177      0.74650
     -5.18947      1.16414      0.30504      0.85910
     -5.17947      0.86280      0.22153      0.64127
     -5.16947      0.43818      0.11783      0.32035
     -5.15947      0.38697      0.10055      0.28642
     -5.14947      0.92192      0.22268      0.69923
     -5.13947      1.49436      0.35355      1.14081
     -5.12947      1.27321      0.31572      0.95749
     -5.11947      0.76860      0.21350      0.55510
     -5.10947      0.61337      0.17922      0.43414
     -5.09947      0.57753      0.15771      0.41982
     -5.08947      0.71118      0.17362      0.53757
     -5.07947      0.77646      0.19316      0.58330
     -5.06947      0.52088      0.14033      0.38055
     -5.05947      0.30995      0.08753      0.22242
     -5.04947      0.64392      0.17444      0.46948
     -5.03947      1.43094      0.36883      1.06211
     -5.02947      1.73076      0.43527      1.29550
     -5.01947      1.21771      0.32262      0.89509
     -5.00947      0.68542      0.20316      0.48226
     -4.99947      0.37043      0.11400      0.25643
     -4.98947      0.33575      0.08905      0.24670
     -4.97947      0.69238      0.17066      0.52172
     -4.96947      0.82231      0.20621      0.61610
     -4.95947      0.57464      0.15446      0.42018
     -4.94947      0.31202      0.08904      0.22299
     -4.93947      0.32140      0.08648      0.23493
     -4.92947      1.26413      0.32490      0.93923
     -4.91947      3.30623      0.83805      2.46818
     -4.90947      4.98399      1.26259      3.72140
     -4.89947      4.79340      1.22471      3.56869
     -4.88947      3.86575      0.99574      2.87001
     -4.87947      3.13709      0.81290      2.32419
     -4.86947      2.32314      0.59811      1.72503
     -4.85947      2.44567      0.61600      1.82967
     -4.84947      3.08179      0.77810      2.30369
     -4.83947      2.88873      0.74871      2.14001
     -4.82947      2.48591      0.66695      1.81895
     -4.81947      2.37432      0.65233      1.72199
     -4.80947      2.60131      0.72932      1.87199
     -4.79947      3.54004      0.96378      2.57626
     -4.78947      4.10889      1.07523      3.03366
     -4.77947      3.01221      0.77061      2.24160
     -4.76947      1.68074      0.42450      1.25624
     -4.75947      1.47462      0.39061      1.08401
     -4.74947      1.92137      0.52375      1.39763
     -4.73947      2.23031      0.58390      1.64641
     -4.72947      2.49740      0.63326      1.86414
     -4.71947      2.84314      0.72564      2.11750
     -4.70947      2.90826      0.77695      2.13131
     -4.69947      2.81314      0.78111      2.03204
     -4.68947      2.35642      0.64231      1.71411
     -4.67947      2.11910      0.57529      1.54381
     -4.66947      2.96920      0.81933      2.14987
     -4.65947      4.17719      1.15116      3.02604
     -4.64947      3.83773      1.05842      2.77931
     -4.63947      2.35865      0.65020      1.70845
     -4.62947      1.63843      0.46523      1.17321
     -4.61947      1.92778      0.56699      1.36080
     -4.60947      2.89634      0.81621      2.08013
     -4.59947      4.42491      1.20794      3.21696
     -4.58947      5.09506      1.45302      3.64204
     -4.57947      4.11014      1.25473      2.85541
     -4.56947      3.27956      1.03312      2.24644
     -4.55947      3.73574      1.15566      2.58008
     -4.54947      4.63453      1.42716      3.20738
     -4.53947      5.30057      1.65620      3.64437
     -4.52947      5.79917      1.80537      3.99380
     -4.51947      5.99834      1.83308      4.16526
     -4.50947      5.61388      1.69242      3.92145
     -4.49947      4.68184      1.41009      3.27175
     -4.48947      3.63139      1.11608      2.51530
     -4.47947      3.19768      1.00802      2.18966
     -4.46947      3.60445      1.13788      2.46656
     -4.45947      4.10321      1.27591      2.82731
     -4.44947      4.45668      1.36697      3.08971
     -4.43947      4.90034      1.48828      3.41207
     -4.42947      5.41644      1.63789      3.77855
     -4.41947      5.45915      1.65935      3.79980
     -4.40947      4.61184      1.40615      3.20569
     -4.39947      3.45110      1.03540      2.41570
     -4.38947      2.53048      0.73449      1.79599
     -4.37947      1.76341      0.49751      1.26590
     -4.36947      1.18004      0.34477      0.83527
     -4.35947      0.88845      0.30957      0.57887
     -4.34947      0.78405      0.31083      0.47321
     -4.33947      0.74000      0.28251      0.45749
     -4.32947      1.05187      0.38046      0.67141
     -4.31947      1.21938      0.43708      0.78230
     -4.30947      1.14413      0.39993      0.74420
     -4.29947      1.00567      0.33434      0.67134
     -4.28947      0.51167      0.16170      0.34998
     -4.27947      0.11832      0.03628      0.08204
     -4.26947      0.10652      0.03670      0.06982
     -4.25947      0.50044      0.17186      0.32858
     -4.24947      1.17525      0.39397      0.78128
     -4.23947      1.55746      0.51161      1.04585
     -4.22947      1.30746      0.42168      0.88577
     -4.21947      0.64153      0.20001      0.44151
     -4.20947      0.16879      0.05091      0.11788
     -4.19947      0.10115      0.03518      0.06597
     -4.18947      0.43596      0.15782      0.27813
     -4.17947      1.09437      0.38708      0.70728
     -4.16947      1.75610      0.57148      1.18462
     -4.15947      2.20616      0.65035      1.55581
     -4.14947      1.93083      0.53634      1.39450
     -4.13947      1.23154      0.31700      0.91454
     -4.12947      0.94209      0.25141      0.69068
     -4.11947      0.96412      0.30701      0.65712
     -4.10947      1.29585      0.39490      0.90095
     -4.09947      1.80180      0.47595      1.32585
     -4.08947      2.03906      0.50039      1.53867
     -4.07947      1.72681      0.45126      1.27555
     -4.06947      1.32477      0.40328      0.92149
     -4.05947      0.97332      0.30502      0.66830
     -4.04947      0.73400      0.23155      0.50245
     -4.03947      0.78370      0.28208      0.50162
     -4.02947      0.91256      0.33653      0.57604
     -4.01947      1.21306      0.40708      0.80598
     -4.00947      1.32477      0.40885      0.91592
     -3.99947      0.86689      0.25967      0.60721
     -3.98947      0.73561      0.21499      0.52062
     -3.97947      1.32655      0.40168      0.92487
     -3.96947      1.51176      0.47383      1.03793
     -3.95947      1.14184      0.35289      0.78895
     -3.94947      0.74617      0.21608      0.53009
     -3.93947      0.47943      0.11792      0.36151
     -3.92947      0.34904      0.08040      0.26864
     -3.91947      0.38772      0.13031      0.25741
     -3.90947      0.95866      0.35651      0.60216
     -3.89947      1.60827      0.54169      1.06658
     -3.88947      1.67278      0.45814      1.21464
     -3.87947      1.43233      0.33999      1.09234
     -3.86947      1.44332      0.36175      1.08157
     -3.85947      1.93060      0.48165      1.44895
     -3.84947      2.95876      0.74055      2.21821
     -3.83947      4.21249      1.08515      3.12734
     -3.82947      4.82802      1.22669      3.60132
     -3.81947      4.62336      1.07125      3.55210
     -3.80947      4.75759      0.94229      3.81530
     -3.79947      5.72790      1.04918      4.67872
     -3.78947      5.75117      1.14521      4.60596
     -3.77947      4.65456      1.09595      3.55861
     -3.76947      3.32606      0.83567      2.49039
     -3.75947      2.41386      0.62007      1.79379
     -3.74947      2.91140      0.84307      2.06833
     -3.73947      3.91702      1.17032      2.74670
     -3.72947      4.06197      1.19648      2.86549
     -3.71947      3.60392      1.07048      2.53344
     -3.70947      3.22538      0.97975      2.24563
     -3.69947      2.79289      0.84209      1.95081
     -3.68947      2.41164      0.72900      1.68264
     -3.67947      2.43619      0.74433      1.69187
     -3.66947      2.51332      0.78013      1.73320
     -3.65947      2.26528      0.72569      1.53960
     -3.64947      1.77821      0.56001      1.21821
     -3.63947      1.55520      0.50694      1.04826
     -3.62947      2.33362      0.82242      1.51120
     -3.61947      2.91558      1.05264      1.86294
     -3.60947      2.71137      0.96857      1.74279
     -3.59947      2.94437      1.03634      1.90803
     -3.58947      2.97196      1.04907      1.92288
     -3.57947      2.14481      0.73849      1.40633
     -3.56947      1.95461      0.59930      1.35530
     -3.55947      2.80309      0.84163      1.96145
     -3.54947      3.39270      1.07262      2.32008
     -3.53947      2.92754      0.94292      1.98461
     -3.52947      1.83997      0.57981      1.26016
     -3.51947      1.05299      0.32221      0.73078
     -3.50947      1.04288      0.36204      0.68084
     -3.49947      2.45809      0.90828      1.54981
     -3.48947      3.92383      1.43303      2.49079
     -3.47947      3.45585      1.25927      2.19658
     -3.46947      2.43481      0.92845      1.50636
     -3.45947      2.02991      0.82010      1.20982
     -3.44947      2.29316      0.90484      1.38832
     -3.43947      2.84610      1.07858      1.76752
     -3.42947      2.43259      0.91124      1.52135
     -3.41947      1.56858      0.58265      0.98593
     -3.40947      1.36385      0.49259      0.87126
     -3.39947      2.12924      0.75423      1.37501
     -3.38947      3.07650      1.07644      2.00006
     -3.37947      3.07754      1.06718      2.01036
     -3.36947      2.64670      0.94228      1.70442
     -3.35947      2.43624      0.91817      1.51807
     -3.34947      2.38784      0.93387      1.45397
     -3.33947      2.08825      0.84821      1.24004
     -3.32947      1.96145      0.76853      1.19292
     -3.31947      2.34611      0.87924      1.46686
     -3.30947      2.79093      1.06298      1.72795
     -3.29947      2.92401      1.14455      1.77946
     -3.28947      2.87420      1.17628      1.69792
     -3.27947      2.78456      1.16579      1.61877
     -3.26947      2.66918      1.10649      1.56270
     -3.25947      2.50851      1.02704      1.48148
     -3.24947      2.52282      1.03773      1.48509
     -3.23947      2.37346      0.98437      1.38909
     -3.22947      2.37707      0.97996      1.39710
     -3.21947      2.56692      1.04538      1.52154
     -3.20947      2.50849      0.98762      1.52087
     -3.19947      2.21156      0.85147      1.36009
     -3.18947      2.37982      0.90811      1.47172
     -3.17947      2.69336      0.92987      1.76349
     -3.16947      2.54925      0.82981      1.71945
     -3.15947      2.27994      0.76859      1.51135
     -3.14947      2.10093      0.74266      1.35826
     -3.13947      2.07832      0.75900      1.31932
     -3.12947      2.36952      0.86704      1.50248
     -3.11947      2.49046      0.91805      1.57241
     -3.10947      2.10538      0.75248      1.35290
     -3.09947      1.30351      0.44375      0.85977
     -3.08947      0.68574      0.24562      0.44012
     -3.07947      0.96290      0.36391      0.59900
     -3.06947      1.83340      0.66273      1.17067
     -3.05947      2.38115      0.87996      1.50119
     -3.04947      1.97293      0.79470      1.17823
     -3.03947      1.36350      0.54937      0.81412
     -3.02947      1.48238      0.53156      0.95082
     -3.01947      1.86505      0.64409      1.22097
     -3.00947      1.77401      0.60774      1.16628
     -2.99947      1.53252      0.55849      0.97403
     -2.98947      1.26816      0.48039      0.78778
     -2.97947      1.35184      0.44120      0.91065
     -2.96947      1.67797      0.50685      1.17111
     -2.95947      1.71099      0.53907      1.17192
     -2.94947      1.73143      0.61556      1.11587
     -2.93947      1.45965      0.57051      0.88914
     -2.92947      1.28339      0.49597      0.78742
     -2.91947      1.96054      0.69943      1.26111
     -2.90947      2.40415      0.82899      1.57516
     -2.89947      2.00493      0.70557      1.29936
     -2.88947      1.61522      0.56423      1.05099
     -2.87947      1.39287      0.45361      0.93925
     -2.86947      1.14360      0.36630      0.77731
     -2.85947      1.00168      0.31140      0.69029
     -2.84947      0.91689      0.25387      0.66301
     -2.83947      1.10124      0.32034      0.78090
     -2.82947      1.35823      0.43746      0.92077
     -2.81947      1.40678      0.52674      0.88004
     -2.80947      1.24045      0.51001      0.73044
     -2.79947      0.75701      0.31736      0.43965
     -2.78947      0.68748      0.24067      0.44681
     -2.77947      1.40184      0.39100      1.01083
     -2.76947      2.07868      0.58817      1.49051
     -2.75947      2.24604      0.73143      1.51461
     -2.74947      2.35228      0.85347      1.49880
     -2.73947      2.30689      0.84196      1.46493
     -2.72947      2.36115      0.84672      1.51444
     -2.71947      2.31255      0.79683      1.51572
     -2.70947      1.79036      0.54903      1.24133
     -2.69947      1.57855      0.43658      1.14198
     -2.68947      1.56076      0.45882      1.10194
     -2.67947      1.68671      0.55047      1.13624
     -2.66947      2.00742      0.68290      1.32452
     -2.65947      2.40691      0.85485      1.55206
     -2.64947      2.22628      0.77959      1.44669
     -2.63947      1.82012      0.53916      1.28095
     -2.62947      2.24289      0.59594      1.64695
     -2.61947      2.66714      0.76501      1.90213
     -2.60947      2.81410      0.84625      1.96786
     -2.59947      3.67626      0.99170      2.68456
     -2.58947      5.58827      1.40854      4.17973
     -2.57947      6.96294      1.69094      5.27200
     -2.56947      7.16597      1.61548      5.55050
     -2.55947      6.77580      1.47237      5.30342
     -2.54947      6.03980      1.31283      4.72697
     -2.53947      5.48848      1.20862      4.27986
     -2.52947      4.54831      1.03404      3.51428
     -2.51947      3.48943      0.77649      2.71293
     -2.50947      3.29524      0.75746      2.53778
     -2.49947      3.73175      0.99324      2.73851
     -2.48947      4.18224      1.21269      2.96955
     -2.47947      3.90499      1.11161      2.79338
     -2.46947      3.22683      0.87970      2.34713
     -2.45947      2.60928      0.70337      1.90591
     -2.44947      2.75745      0.75327      2.00418
     -2.43947      3.92521      1.07713      2.84808
     -2.42947      4.59135      1.24434      3.34702
     -2.41947      3.81454      1.05086      2.76368
     -2.40947      2.82740      0.89129      1.93610
     -2.39947      2.84377      0.93297      1.91080
     -2.38947      3.75812      1.09622      2.66191
     -2.37947      4.57258      1.31188      3.26070
     -2.36947      4.85264      1.41348      3.43916
     -2.35947      4.30488      1.24222      3.06266
     -2.34947      3.77128      1.03043      2.74086
     -2.33947      3.62072      0.90837      2.71235
     -2.32947      2.97136      0.78372      2.18764
     -2.31947      2.68236      0.87948      1.80288
     -2.30947      3.21297      1.09685      2.11612
     -2.29947      3.74101      1.10515      2.63587
     -2.28947      3.39025      0.96457      2.42568
     -2.27947      2.45165      0.79581      1.65584
     -2.26947      2.03986      0.71306      1.32680
     -2.25947      2.19596      0.70934      1.48662
     -2.24947      2.68265      0.82028      1.86237
     -2.23947      3.63931      1.07960      2.55971
     -2.22947      3.97108      1.15987      2.81121
     -2.21947      3.63037      1.10672      2.52365
     -2.20947      3.24215      1.02717      2.21498
     -2.19947      2.95254      0.96709      1.98545
     -2.18947      3.26575      1.00818      2.25757
     -2.17947      3.87025      1.04840      2.82185
     -2.16947      4.00514      1.14486      2.86028
     -2.15947      3.27444      1.09132      2.18312
     -2.14947      2.52410      0.87407      1.65003
     -2.13947      2.31264      0.79770      1.51494
     -2.12947      2.45348      0.84362      1.60986
     -2.11947      3.37444      1.12774      2.24670
     -2.10947      4.54771      1.49957      3.04814
     -2.09947      4.66987      1.52291      3.14696
     -2.08947      4.33813      1.34826      2.98987
     -2.07947      3.63521      1.11009      2.52513
     -2.06947      2.56715      0.83795      1.72920
     -2.05947      2.40821      0.83517      1.57304
     -2.04947      3.03953      1.03097      2.00856
     -2.03947      3.67649      1.18839      2.48811
     -2.02947      3.74601      1.16769      2.57832
     -2.01947      3.79181      1.17751      2.61430
     -2.00947      3.67551      1.13102      2.54449
     -1.99947      3.39038      1.00541      2.38496
     -1.98947      3.33721      0.97078      2.36643
     -1.97947      3.40859      1.00916      2.39943
     -1.96947      3.32198      0.95193      2.37005
     -1.95947      3.28249      0.86434      2.41816
     -1.94947      3.07259      0.70065      2.37194
     -1.93947      2.18125      0.41188      1.76938
     -1.92947      1.24429      0.30274      0.94155
     -1.91947      1.07038      0.38355      0.68684
     -1.90947      1.55698      0.46269      1.09428
     -1.89947      1.99032      0.45148      1.53884
     -1.88947      2.11903      0.46001      1.65903
     -1.87947      2.35320      0.63191      1.72129
     -1.86947      2.36096      0.70100      1.65996
     -1.85947      2.41132      0.79649      1.61482
     -1.84947      2.75246      0.95666      1.79580
     -1.83947      2.97852      0.91818      2.06034
     -1.82947      2.92848      0.76859      2.15989
     -1.81947      2.55709      0.53940      2.01769
     -1.80947      2.14466      0.37678      1.76789
     -1.79947      1.81026      0.37300      1.43726
     -1.78947      1.57277      0.37116      1.20162
     -1.77947      1.47920      0.33317      1.14604
     -1.76947      1.71980      0.38374      1.33606
     -1.75947      2.17647      0.59219      1.58428
     -1.74947      2.93759      0.92143      2.01616
     -1.73947      3.00951      0.95866      2.05085
     -1.72947      2.21601      0.64756      1.56845
     -1.71947      1.64792      0.38846      1.25945
     -1.70947      1.73063      0.31852      1.41211
     -1.69947      1.97083      0.34199      1.62884
     -1.68947      1.89153      0.41702      1.47451
     -1.67947      2.04502      0.56267      1.48234
     -1.66947      2.42356      0.68996      1.73360
     -1.65947      2.91376      0.85059      2.06317
     -1.64947      3.00897      0.82151      2.18747
     -1.63947      2.47602      0.61560      1.86042
     -1.62947      1.95162      0.48754      1.46408
     -1.61947      1.70921      0.35292      1.35629
     -1.60947      1.78307      0.30461      1.47846
     -1.59947      1.77315      0.36620      1.40696
     -1.58947      1.57307      0.44681      1.12626
     -1.57947      1.52865      0.47822      1.05043
     -1.56947      1.40659      0.38454      1.02205
     -1.55947      1.47398      0.36173      1.11225
     -1.54947      1.96388      0.47305      1.49083
     -1.53947      2.34070      0.56370      1.77700
     -1.52947      2.12297      0.56631      1.55666
     -1.51947      1.94501      0.65847      1.28654
     -1.50947      2.06592      0.71779      1.34813
     -1.49947      1.84908      0.56822      1.28085
     -1.48947      1.57841      0.46171      1.11670
     -1.47947      1.63879      0.49891      1.13988
     -1.46947      1.79731      0.61338      1.18393
     -1.45947      1.65436      0.62705      1.02731
     -1.44947      1.33571      0.50870      0.82700
     -1.43947      1.35293      0.51634      0.83659
     -1.42947      1.49165      0.60622      0.88543
     -1.41947      1.50257      0.64774      0.85483
     -1.40947      1.29435      0.56366      0.73068
     -1.39947      1.15018      0.49660      0.65359
     -1.38947      1.19299      0.52075      0.67224
     -1.37947      1.22224      0.51403      0.70821
     -1.36947      1.21145      0.44579      0.76566
     -1.35947      1.07969      0.31990      0.75979
     -1.34947      0.80766      0.20606      0.60160
     -1.33947      0.40117      0.10684      0.29432
     -1.32947      0.24905      0.10168      0.14737
     -1.31947      0.34567      0.15947      0.18620
     -1.30947      0.34232      0.17172      0.17060
     -1.29947      0.34563      0.18670      0.15893
     -1.28947      0.45973      0.21982      0.23991
     -1.27947      0.67562      0.31398      0.36164
     -1.26947      1.00932      0.52100      0.48831
     -1.25947      1.06730      0.60240      0.46490
     -1.24947      0.95863      0.57458      0.38405
     -1.23947      0.80899      0.48259      0.32640
     -1.22947      0.47240      0.26813      0.20428
     -1.21947      0.50933      0.29230      0.21703
     -1.20947      0.78092      0.48218      0.29873
     -1.19947      0.86890      0.54667      0.32223
     -1.18947      1.00806      0.59933      0.40873
     -1.17947      1.00325      0.59228      0.41097
     -1.16947      0.85946      0.51898      0.34047
     -1.15947      0.98777      0.57663      0.41114
     -1.14947      0.85008      0.47495      0.37513
     -1.13947      0.62605      0.34809      0.27796
     -1.12947      0.97257      0.56320      0.40937
     -1.11947      1.52103      0.91518      0.60585
     -1.10947      1.89749      1.16151      0.73598
     -1.09947      1.98430      1.20494      0.77936
     -1.08947      1.67240      0.99681      0.67560
     -1.07947      1.36567      0.78106      0.58461
     -1.06947      1.27743      0.72912      0.54831
     -1.05947      1.33002      0.80774      0.52229
     -1.04947      1.36443      0.85386      0.51057
     -1.03947      1.36614      0.82789      0.53825
     -1.02947      1.22403      0.74373      0.48031
     -1.01947      0.98205      0.62125      0.36081
     -1.00947      1.47163      0.94288      0.52876
     -0.99947      2.32206      1.49135      0.83071
     -0.98947      2.38205      1.53796      0.84409
     -0.97947      2.16464      1.36224      0.80240
     -0.96947      1.88656      1.16140      0.72516
     -0.95947      1.77268      1.14995      0.62273
     -0.94947      1.86774      1.24115      0.62659
     -0.93947      1.81551      1.18681      0.62870
     -0.92947      2.13125      1.38865      0.74261
     -0.91947      2.73010      1.77939      0.95071
     -0.90947      3.05055      1.99193      1.05862
     -0.89947      3.24918      2.11435      1.13482
     -0.88947      3.27422      2.15752      1.11670
     -0.87947      3.30862      2.28055      1.02807
     -0.86947      3.88215      2.74212      1.14003
     -0.85947      4.36605      3.07176      1.29428
     -0.84947      4.01799      2.82488      1.19311
     -0.83947      3.35425      2.34150      1.01275
     -0.82947      3.48191      2.34760      1.13431
     -0.81947      3.48702      2.31570      1.17132
     -0.80947      3.27550      2.23267      1.04283
     -0.79947      3.22961      2.23848      0.99113
     -0.78947      2.57672      1.76110      0.81561
     -0.77947      2.35851      1.58248      0.77603
     -0.76947      2.94282      1.96805      0.97477
     -0.75947      3.12975      2.04411      1.08564
     -0.74947      2.80554      1.81564      0.98990
     -0.73947      2.57272      1.74288      0.82984
     -0.72947      2.41895      1.68640      0.73255
     -0.71947      2.25629      1.55316      0.70314
     -0.70947      2.42198      1.64280      0.77918
     -0.69947      2.63104      1.77788      0.85317
     -0.68947      2.32890      1.56123      0.76767
     -0.67947      2.05379      1.38947      0.66432
     -0.66947      2.10651      1.44327      0.66324
     -0.65947      2.06353      1.41155      0.65198
     -0.64947      2.06212      1.39915      0.66297
     -0.63947      2.49236      1.67192      0.82044
     -0.62947      2.76181      1.86289      0.89893
     -0.61947      2.45468      1.70619      0.74849
     -0.60947      1.95636      1.38996      0.56640
     -0.59947      1.76609      1.22928      0.53681
     -0.58947      1.73327      1.17790      0.55536
     -0.57947      1.80733      1.23307      0.57426
     -0.56947      2.30778      1.60098      0.70680
     -0.55947      2.25542      1.57425      0.68117
     -0.54947      1.80679      1.24761      0.55918
     -0.53947      1.81442      1.23942      0.57500
     -0.52947      1.95096      1.34682      0.60414
     -0.51947      2.16901      1.52305      0.64596
     -0.50947      2.65337      1.87869      0.77469
     -0.49947      2.36864      1.67995      0.68869
     -0.48947      1.65996      1.16229      0.49767
     -0.47947      1.70191      1.17603      0.52588
     -0.46947      1.91205      1.32346      0.58860
     -0.45947      2.00630      1.39067      0.61563
     -0.44947      2.42770      1.68851      0.73919
     -0.43947      2.58788      1.79792      0.78997
     -0.42947      2.17175      1.49952      0.67223
     -0.41947      1.51368      1.04381      0.46986
     -0.40947      0.94764      0.66684      0.28080
     -0.39947      0.93622      0.67900      0.25722
     -0.38947      1.18177      0.86975      0.31202
     -0.37947      1.18672      0.88741      0.29930
     -0.36947      0.84332      0.63612      0.20719
     -0.35947      0.55832      0.41350      0.14483
     -0.34947      0.56757      0.41329      0.15428
     -0.33947      0.70259      0.51548      0.18711
     -0.32947      0.69064      0.51161      0.17903
     -0.31947      0.61056      0.45671      0.15386
     -0.30947      0.57383      0.43503      0.13880
     -0.29947      0.51095      0.38864      0.12231
     -0.28947      0.53402      0.40197      0.13205
     -0.27947      0.45067      0.33852      0.11215
     -0.26947      0.43744      0.33224      0.10520
     -0.25947      0.70248      0.53594      0.16654
     -0.24947      0.94377      0.72204      0.22173
     -0.23947      0.99326      0.76192      0.23134
     -0.22947      0.65354      0.50114      0.15240
     -0.21947      0.20879      0.15997      0.04883
     -0.20947      0.12717      0.09798      0.02919
     -0.19947      0.41453      0.31963      0.09489
     -0.18947      0.63584      0.49010      0.14574
     -0.17947      0.44289      0.34227      0.10063
     -0.16947      0.30122      0.23451      0.06671
     -0.15947      0.35514      0.27624      0.07890
     -0.14947      0.39980      0.31034      0.08946
     -0.13947      0.48258      0.37506      0.10752
     -0.12947      0.67483      0.52599      0.14883
     -0.11947      0.64211      0.50239      0.13972
     -0.10947      0.42581      0.33434      0.09147
     -0.09947      0.20017      0.15730      0.04286
     -0.08947      0.18086      0.14190      0.03897
     -0.07947      0.33145      0.26041      0.07104
     -0.06947      0.40344      0.31754      0.08590
     -0.05947      0.33831      0.26657      0.07174
     -0.04947      0.36204      0.28547      0.07657
     -0.03947      0.39222      0.30961      0.08262
     -0.02947      0.38550      0.30479      0.08070
     -0.01947      0.30116      0.23833      0.06283
     -0.00947      0.20813      0.16489      0.04324
      0.00053      0.14966      0.11864      0.03102
      0.01053      0.05547      0.04398      0.01149
      0.02053      0.00792      0.00628      0.00164
      0.03053      0.00042      0.00033      0.00009
      0.04053      0.00001      0.00001      0.00000
      0.05053      0.00000      0.00000      0.00000
      0.06053      0.00000      0.00000      0.00000
      0.07053      0.00000      0.00000      0.00000
      0.08053      0.00000      0.00000      0.00000
      0.09053      0.00000      0.00000      0.00000
      0.10053      0.00000      0.00000      0.00000
      0.11053      0.00000      0.00000      0.00000
      0.12053      0.00000      0.00000      0.00000
      0.13053      0.00000      0.00000      0.00000
      0.14053      0.00000      0.00000      0.00000
      0.15053      0.00000      0.00000      0.00000
      0.16053      0.00000      0.00000      0.00000
      0.17053      0.00000      0.00000      0.00000
      0.18053      0.00000      0.00000      0.00000
      0.19053      0.00000      0.00000      0.00000
      0.20053      0.00000      0.00000      0.00000
      0.21053      0.00000      0.00000      0.00000
      0.22053      0.00000      0.00000      0.00000
      0.23053      0.00000      0.00000      0.00000
      0.24053      0.00000      0.00000      0.00000
      0.25053      0.00000      0.00000      0.00000
      0.26053      0.00000      0.00000      0.00000
      0.27053      0.00000      0.00000      0.00000
      0.28053      0.00000      0.00000      0.00000
      0.29053      0.00000      0.00000      0.00000
      0.30053      0.00000      0.00000      0.00000
      0.31053      0.00000      0.00000      0.00000
      0.32053      0.00000      0.00000      0.00000
      0.33053      0.00000      0.00000      0.00000
      0.34053      0.00000      0.00000      0.00000
      0.35053      0.00000      0.00000      0.00000
      0.36053      0.00000      0.00000      0.00000
      0.37053      0.00000      0.00000      0.00000
      0.38053      0.00000      0.00000      0.00000
      0.39053      0.00000      0.00000      0.00000
      0.40053      0.00000      0.00000      0.00000
      0.41053      0.00000      0.00000      0.00000
      0.42053      0.00000      0.00000      0.00000
      0.43053      0.00000      0.00000      0.00000
      0.44053      0.00000      0.00000      0.00000
      0.45053      0.00000      0.00000      0.00000
      0.46053      0.00000      0.00000      0.00000
      0.47053      0.00000      0.00000      0.00000
      0.48053      0.00000      0.00000      0.00000
      0.49053      0.00000      0.00000      0.00000
      0.50053      0.00000      0.00000      0.00000
      0.51053      0.00000      0.00000      0.00000
      0.52053      0.00000      0.00000      0.00000
      0.53053      0.00000      0.00000      0.00000
      0.54053      0.00000      0.00000      0.00000
      0.55053      0.00000      0.00000      0.00000
      0.56053      0.00000      0.00000      0.00000
      0.57053      0.00000      0.00000      0.00000
      0.58053      0.00000      0.00000      0.00000
      0.59053      0.00000      0.00000      0.00000
      0.60053      0.00000      0.00000      0.00000
      0.61053      0.00000      0.00000      0.00000
      0.62053      0.00000      0.00000      0.00000
      0.63053      0.00000      0.00000      0.00000
      0.64053      0.00000      0.00000      0.00000
      0.65053      0.00000      0.00000      0.00000
      0.66053      0.00000      0.00000      0.00000
      0.67053      0.00000      0.00000      0.00000
      0.68053      0.00000      0.00000      0.00000
      0.69053      0.00000      0.00000      0.00000
      0.70053      0.00000      0.00000      0.00000
      0.71053      0.00000      0.00000      0.00000
      0.72053      0.00000      0.00000      0.00000
      0.73053      0.00000      0.00000      0.00000
      0.74053      0.00000      0.00000      0.00000
      0.75053      0.00000      0.00000      0.00000
      0.76053      0.00000      0.00000      0.00000
      0.77053      0.00000      0.00000      0.00000
      0.78053      0.00000      0.00000      0.00000
      0.79053      0.00000      0.00000      0.00000
      0.80053      0.00000      0.00000      0.00000
      0.81053      0.00000      0.00000      0.00000
      0.82053      0.00000      0.00000      0.00000
      0.83053      0.00000      0.00000      0.00000
      0.84053      0.00000      0.00000      0.00000
      0.85053      0.00000      0.00000      0.00000
      0.86053      0.00000      0.00000      0.00000
      0.87053      0.00000      0.00000      0.00000
      0.88053      0.00000      0.00000      0.00000
      0.89053      0.00000      0.00000      0.00000
      0.90053      0.00000      0.00000      0.00000
      0.91053      0.00000      0.00000      0.00000
      0.92053      0.00000      0.00000      0.00000
      0.93053      0.00000      0.00000      0.00000
      0.94053      0.00000      0.00000      0.00000
      0.95053      0.00000      0.00000      0.00000
      0.96053      0.00000      0.00000      0.00000
      0.97053      0.00000      0.00000      0.00000
      0.98053      0.00000      0.00000      0.00000
      0.99053      0.00000      0.00000      0.00000
      1.00053      0.00000      0.00000      0.00000
      1.01053      0.00000      0.00000      0.00000
      1.02053      0.00000      0.00000      0.00000
      1.03053      0.00000      0.00000      0.00000
      1.04053      0.00000      0.00000      0.00000
      1.05053      0.00000      0.00000      0.00000
      1.06053      0.00000      0.00000      0.00000
      1.07053      0.00000      0.00000      0.00000
      1.08053      0.00000      0.00000      0.00000
      1.09053      0.00000      0.00000      0.00000
      1.10053      0.00000      0.00000      0.00000
      1.11053      0.00000      0.00000      0.00000
      1.12053      0.00000      0.00000      0.00000
      1.13053      0.00000      0.00000      0.00000
      1.14053      0.00000      0.00000      0.00000
      1.15053      0.00000      0.00000      0.00000
      1.16053      0.00000      0.00000      0.00000
      1.17053      0.00000      0.00000      0.00000
      1.18053      0.00000      0.00000      0.00000
      1.19053      0.00000      0.00000      0.00000
      1.20053      0.00000      0.00000      0.00000
      1.21053      0.00000      0.00000      0.00000
      1.22053      0.00000      0.00000      0.00000
      1.23053      0.00000      0.00000      0.00000
      1.24053      0.00000      0.00000      0.00000
      1.25053      0.00000      0.00000      0.00000
      1.26053      0.00000      0.00000      0.00000
      1.27053      0.00000      0.00000      0.00000
      1.28053      0.00000      0.00000      0.00000
      1.29053      0.00000      0.00000      0.00000
      1.30053      0.00000      0.00000      0.00000
      1.31053      0.00000      0.00000      0.00000
      1.32053      0.00000      0.00000      0.00000
      1.33053      0.00000      0.00000      0.00000
      1.34053      0.00000      0.00000      0.00000
      1.35053      0.00000      0.00000      0.00000
      1.36053      0.00000      0.00000      0.00000
      1.37053      0.00000      0.00000      0.00000
      1.38053      0.00000      0.00000      0.00000
      1.39053      0.00000      0.00000      0.00000
      1.40053      0.00000      0.00000      0.00000
      1.41053      0.00000      0.00000      0.00000
      1.42053      0.00000      0.00000      0.00000
      1.43053      0.00000      0.00000      0.00000
      1.44053      0.00000      0.00000      0.00000
      1.45053      0.00000      0.00000      0.00000
      1.46053      0.00000      0.00000      0.00000
      1.47053      0.00000      0.00000      0.00000
      1.48053      0.00000      0.00000      0.00000
      1.49053      0.00000      0.00000      0.00000
      1.50053      0.00000      0.00000      0.00000
      1.51053      0.00000      0.00000      0.00000
      1.52053      0.00000      0.00000      0.00000
      1.53053      0.00000      0.00000      0.00000
      1.54053      0.00000      0.00000      0.00000
      1.55053      0.00000      0.00000      0.00000
      1.56053      0.00000      0.00000      0.00000
      1.57053      0.00000      0.00000      0.00000
      1.58053      0.00000      0.00000      0.00000
      1.59053      0.00000      0.00000      0.00000
      1.60053      0.00000      0.00000      0.00000
      1.61053      0.00000      0.00000      0.00000
      1.62053      0.00000      0.00000      0.00000
      1.63053      0.00000      0.00000      0.00000
      1.64053      0.00000      0.00000      0.00000
      1.65053      0.00000      0.00000      0.00000
      1.66053      0.00000      0.00000      0.00000
      1.67053      0.00000      0.00000      0.00000
      1.68053      0.00000      0.00000      0.00000
      1.69053      0.00000      0.00000      0.00000
      1.70053      0.00000      0.00000      0.00000
      1.71053      0.00000      0.00000      0.00000
      1.72053      0.00000      0.00000      0.00000
      1.73053      0.00000      0.00000      0.00000
      1.74053      0.00000      0.00000      0.00000
      1.75053      0.00000      0.00000      0.00000
      1.76053      0.00000      0.00000      0.00000
      1.77053      0.00000      0.00000      0.00000
      1.78053      0.00000      0.00000      0.00000
      1.79053      0.00000      0.00000      0.00000
      1.80053      0.00000      0.00000      0.00000
      1.81053      0.00000      0.00000      0.00000
      1.82053      0.00000      0.00000      0.00000
      1.83053      0.00000      0.00000      0.00000
      1.84053      0.00000      0.00000      0.00000
      1.85053      0.00000      0.00000      0.00000
      1.86053      0.00000      0.00000      0.00000
      1.87053      0.00000      0.00000      0.00000
      1.88053      0.00000      0.00000      0.00000
      1.89053      0.00000      0.00000      0.00000
      1.90053      0.00000      0.00000      0.00000
      1.91053      0.00000      0.00000      0.00000
      1.92053      0.00000      0.00000      0.00000
      1.93053      0.00000      0.00000      0.00000
      1.94053      0.00000      0.00000      0.00000
      1.95053      0.00000      0.00000      0.00000
      1.96053      0.00000      0.00000      0.00000
      1.97053      0.00000      0.00000      0.00000
      1.98053      0.00000      0.00000      0.00000
      1.99053      0.00000      0.00000      0.00000
      2.00053      0.00000      0.00000      0.00000
      2.01053      0.00000      0.00000      0.00000
      2.02053      0.00000      0.00000      0.00000
      2.03053      0.00000      0.00000      0.00000
      2.04053      0.00000      0.00000      0.00000
      2.05053      0.00000      0.00000      0.00000
      2.06053      0.00000      0.00000      0.00000
      2.07053      0.00000      0.00000      0.00000
      2.08053      0.00000      0.00000      0.00000
      2.09053      0.00000      0.00000      0.00000
      2.10053      0.00000      0.00000      0.00000
      2.11053      0.00000      0.00000      0.00000
      2.12053      0.00000      0.00000      0.00000
      2.13053      0.00000      0.00000      0.00000
      2.14053      0.00000      0.00000      0.00000
      2.15053      0.00000      0.00000      0.00000
      2.16053      0.00000      0.00000      0.00000
      2.17053      0.00000      0.00000      0.00000
      2.18053      0.00000      0.00000      0.00000
      2.19053      0.00000      0.00000      0.00000
      2.20053      0.00000      0.00000      0.00000
      2.21053      0.00000      0.00000      0.00000
      2.22053      0.00017      0.00015      0.00002
      2.23053      0.00418      0.00375      0.00044
      2.24053      0.03740      0.03351      0.00389
      2.25053      0.12418      0.11126      0.01292
      2.26053      0.17064      0.15285      0.01779
      2.27053      0.20022      0.17914      0.02108
      2.28053      0.31689      0.28334      0.03355
      2.29053      0.31866      0.28472      0.03394
      2.30053      0.33111      0.29192      0.03919
      2.31053      0.44644      0.36028      0.08616
      2.32053      0.75596      0.51398      0.24199
      2.33053      1.36143      0.86557      0.49586
      2.34053      1.79961      1.09572      0.70389
      2.35053      1.84587      1.09106      0.75481
      2.36053      1.65132      0.96557      0.68575
      2.37053      1.67267      1.00734      0.66533
      2.38053      1.76053      1.09486      0.66567
      2.39053      2.05881      1.26569      0.79313
      2.40053      2.60643      1.59069      1.01574
      2.41053      2.55367      1.56473      0.98894
      2.42053      1.94870      1.20502      0.74368
      2.43053      1.87193      1.17567      0.69626
      2.44053      2.15431      1.33782      0.81649
      2.45053      1.86707      1.11475      0.75231
      2.46053      1.77784      1.02600      0.75184
      2.47053      2.49958      1.46130      1.03828
      2.48053      3.01667      1.80959      1.20708
      2.49053      2.93369      1.77896      1.15473
      2.50053      2.71017      1.63351      1.07666
      2.51053      2.69965      1.62342      1.07623
      2.52053      2.76659      1.66005      1.10654
      2.53053      2.55769      1.53383      1.02386
      2.54053      2.47610      1.51938      0.95672
      2.55053      3.28585      2.04278      1.24308
      2.56053      4.90786      2.88907      2.01879
      2.57053      5.21780      2.98653      2.23127
      2.58053      3.70983      2.19031      1.51952
      2.59053      2.77282      1.70771      1.06511
      2.60053      2.88533      1.75655      1.12878
      2.61053      3.04498      1.83930      1.20568
      2.62053      3.21684      1.98376      1.23308
      2.63053      3.44548      2.21582      1.22966
      2.64053      3.20797      2.12577      1.08219
      2.65053      2.33291      1.53086      0.80205
      2.66053      2.37571      1.50055      0.87516
      2.67053      3.41783      2.12831      1.28952
      2.68053      3.89063      2.43830      1.45233
      2.69053      3.90312      2.59123      1.31189
      2.70053      3.60231      2.51120      1.09111
      2.71053      2.82143      1.96823      0.85319
      2.72053      2.44971      1.66830      0.78140
      2.73053      2.70743      1.82740      0.88003
      2.74053      3.07095      2.08727      0.98368
      2.75053      3.06010      2.08208      0.97802
      2.76053      2.54610      1.71944      0.82666
      2.77053      2.04692      1.37507      0.67186
      2.78053      2.14684      1.45295      0.69388
      2.79053      2.18371      1.48462      0.69910
      2.80053      1.95932      1.33467      0.62464
      2.81053      2.01305      1.41280      0.60025
      2.82053      2.52806      1.85393      0.67413
      2.83053      2.58637      1.81458      0.77179
      2.84053      1.81704      1.13563      0.68141
      2.85053      1.05746      0.63889      0.41857
      2.86053      1.32933      0.95743      0.37189
      2.87053      2.36048      1.78801      0.57248
      2.88053      2.66694      2.01331      0.65363
      2.89053      1.85982      1.35033      0.50950
      2.90053      1.35616      0.92801      0.42814
      2.91053      1.48529      1.05101      0.43428
      2.92053      1.81193      1.38197      0.42996
      2.93053      2.33382      1.74828      0.58554
      2.94053      1.97777      1.41577      0.56200
      2.95053      1.08136      0.79259      0.28878
      2.96053      0.86901      0.68037      0.18864
      2.97053      1.85904      1.40730      0.45174
      2.98053      3.48177      2.57661      0.90515
      2.99053      4.05588      3.00775      1.04813
      3.00053      3.60817      2.66412      0.94405
      3.01053      3.57674      2.57172      1.00502
      3.02053      3.92390      2.76485      1.15905
      3.03053      4.13894      2.89513      1.24381
      3.04053      4.46922      3.10118      1.36804
      3.05053      5.46279      3.76336      1.69943
      3.06053      6.75248      4.67397      2.07851
      3.07053      7.83795      5.43327      2.40469
      3.08053      7.17120      4.97437      2.19684
      3.09053      5.62872      4.00968      1.61904
      3.10053      5.46677      3.97914      1.48762
      3.11053      5.31859      3.90326      1.41533
      3.12053      4.68658      3.39805      1.28853
      3.13053      4.59905      3.18174      1.41731
      3.14053      4.06389      2.66945      1.39443
      3.15053      3.08144      2.06266      1.01878
      3.16053      3.04632      2.11037      0.93595
      3.17053      3.08826      2.10509      0.98317
      3.18053      2.98716      2.01905      0.96811
      3.19053      2.92801      2.02726      0.90075
      3.20053      2.68789      1.86498      0.82291
      3.21053      3.20713      2.13520      1.07193
      3.22053      4.81333      3.16235      1.65098
      3.23053      6.11570      3.90186      2.21384
      3.24053      5.23370      3.31854      1.91516
      3.25053      3.79329      2.55382      1.23946
      3.26053      3.57793      2.49575      1.08217
      3.27053      4.22566      2.95937      1.26628
      3.28053      5.48146      3.78307      1.69839
      3.29053      6.42820      4.33111      2.09710
      3.30053      5.84555      3.96012      1.88544
      3.31053      4.79852      3.29974      1.49878
      3.32053      4.92726      3.40881      1.51845
      3.33053      5.48382      3.69832      1.78550
      3.34053      6.20006      3.99957      2.20049
      3.35053      5.99906      3.92973      2.06933
      3.36053      4.48158      3.18738      1.29420
      3.37053      3.99213      3.03352      0.95861
      3.38053      4.60112      3.42314      1.17798
      3.39053      5.23453      3.68614      1.54839
      3.40053      5.67878      3.87017      1.80861
      3.41053      5.52177      3.87266      1.64911
      3.42053      4.80947      3.50611      1.30336
      3.43053      4.12044      2.87269      1.24775
      3.44053      3.74139      2.42384      1.31755
      3.45053      3.72358      2.41473      1.30884
      3.46053      4.05738      2.67642      1.38096
      3.47053      3.74211      2.49347      1.24865
      3.48053      2.78269      1.86885      0.91384
      3.49053      2.35507      1.59333      0.76174
      3.50053      2.65335      1.82280      0.83055
      3.51053      3.43950      2.36086      1.07864
      3.52053      4.29698      2.86442      1.43256
      3.53053      4.46966      2.86425      1.60541
      3.54053      3.75865      2.29555      1.46310
      3.55053      2.87591      1.68105      1.19486
      3.56053      2.49795      1.43025      1.06770
      3.57053      2.37866      1.37195      1.00670
      3.58053      2.36093      1.45008      0.91085
      3.59053      2.63565      1.67229      0.96336
      3.60053      3.44638      2.07050      1.37588
      3.61053      3.84262      2.16384      1.67877
      3.62053      3.55520      1.91753      1.63768
      3.63053      3.04492      1.63953      1.40539
      3.64053      3.06725      1.66562      1.40163
      3.65053      3.52218      1.93943      1.58275
      3.66053      3.71274      2.16003      1.55271
      3.67053      4.06284      2.43285      1.62998
      3.68053      4.49639      2.54312      1.95328
      3.69053      4.62580      2.48474      2.14106
      3.70053      4.47555      2.37276      2.10279
      3.71053      4.65269      2.42531      2.22738
      3.72053      4.93808      2.56645      2.37163
      3.73053      4.14157      2.17391      1.96766
      3.74053      2.78386      1.48822      1.29565
      3.75053      2.31154      1.27534      1.03620
      3.76053      3.10171      1.69781      1.40390
      3.77053      3.75318      2.00011      1.75308
      3.78053      3.34485      1.82651      1.51834
      3.79053      2.47592      1.44319      1.03273
      3.80053      1.84597      1.06566      0.78030
      3.81053      1.84981      1.02666      0.82315
      3.82053      2.02234      1.13773      0.88461
      3.83053      2.45051      1.40470      1.04581
      3.84053      2.85318      1.64682      1.20635
      3.85053      3.14450      1.75489      1.38961
      3.86053      3.42004      1.86192      1.55813
      3.87053      2.81703      1.52580      1.29123
      3.88053      1.91476      1.03004      0.88472
      3.89053      2.01581      1.08473      0.93107
      3.90053      2.34282      1.24615      1.09667
      3.91053      1.93968      1.03853      0.90115
      3.92053      1.43269      0.80279      0.62990
      3.93053      1.39324      0.79401      0.59923
      3.94053      1.63046      0.89380      0.73666
      3.95053      1.95487      1.05318      0.90169
      3.96053      2.08610      1.11192      0.97418
      3.97053      2.12977      1.16808      0.96169
      3.98053      2.37094      1.33573      1.03521
      3.99053      2.16030      1.17216      0.98814
      4.00053      1.45610      0.75544      0.70066
      4.01053      1.34192      0.69616      0.64576
      4.02053      2.05472      1.08960      0.96511
      4.03053      2.67086      1.42726      1.24360
      4.04053      2.25877      1.21008      1.04869
      4.05053      1.67337      0.90743      0.76595
      4.06053      1.46076      0.79497      0.66579
      4.07053      1.40967      0.75837      0.65130
      4.08053      1.71473      0.88747      0.82726
      4.09053      1.92723      0.96835      0.95888
      4.10053      1.63008      0.79103      0.83905
      4.11053      1.50963      0.72563      0.78401
      4.12053      1.46870      0.71866      0.75004
      4.13053      1.13200      0.55255      0.57945
      4.14053      1.06801      0.51680      0.55121
      4.15053      0.90631      0.44102      0.46529
      4.16053      0.96596      0.46886      0.49711
      4.17053      1.48075      0.71337      0.76738
      4.18053      1.90078      0.91926      0.98152
      4.19053      1.87911      0.91869      0.96042
      4.20053      1.71357      0.84720      0.86637
      4.21053      1.28031      0.62918      0.65113
      4.22053      0.91677      0.44169      0.47508
      4.23053      0.87736      0.42544      0.45193
      4.24053      0.96428      0.46400      0.50028
      4.25053      1.28123      0.60071      0.68052
      4.26053      1.62107      0.75882      0.86225
      4.27053      1.78773      0.85009      0.93764
      4.28053      1.90836      0.91630      0.99206
      4.29053      1.66071      0.79508      0.86562
      4.30053      1.36841      0.64879      0.71962
      4.31053      1.24569      0.59520      0.65049
      4.32053      1.19984      0.57757      0.62227
      4.33053      1.34684      0.64071      0.70613
      4.34053      1.82032      0.86658      0.95373
      4.35053      2.04112      0.98138      1.05974
      4.36053      1.59768      0.77220      0.82549
      4.37053      1.11244      0.53208      0.58036
      4.38053      1.21371      0.57241      0.64129
      4.39053      1.45548      0.68656      0.76893
      4.40053      1.86698      0.88292      0.98406
      4.41053      2.52284      1.19323      1.32961
      4.42053      2.80131      1.32306      1.47825
      4.43053      2.09456      0.98852      1.10605
      4.44053      1.25684      0.59212      0.66472
      4.45053      0.96755      0.45606      0.51149
      4.46053      0.88677      0.42005      0.46673
      4.47053      0.77064      0.37093      0.39971
      4.48053      0.90726      0.43785      0.46941
      4.49053      1.37846      0.65727      0.72119
      4.50053      1.53073      0.72705      0.80368
      4.51053      1.12519      0.53928      0.58591
      4.52053      0.88533      0.42976      0.45558
      4.53053      0.81770      0.39346      0.42424
      4.54053      0.64229      0.30834      0.33396
      4.55053      0.49754      0.24288      0.25466
      4.56053      0.63472      0.30191      0.33281
      4.57053      1.37666      0.64137      0.73529
      4.58053      1.70484      0.79409      0.91075
      4.59053      1.12133      0.52668      0.59465
      4.60053      0.63385      0.29994      0.33391
      4.61053      0.39857      0.18647      0.21209
      4.62053      0.20778      0.09628      0.11150
      4.63053      0.28705      0.13327      0.15378
      4.64053      0.72647      0.33855      0.38792
      4.65053      0.99583      0.46495      0.53089
      4.66053      0.65730      0.30682      0.35047
      4.67053      0.39224      0.18219      0.21005
      4.68053      0.30671      0.14185      0.16486
      4.69053      0.21524      0.09838      0.11686
      4.70053      0.58402      0.26861      0.31541
      4.71053      1.66140      0.77422      0.88719
      4.72053      2.39854      1.12390      1.27464
      4.73053      1.71601      0.80476      0.91125
      4.74053      0.78975      0.36928      0.42047
      4.75053      0.52092      0.24334      0.27758
      4.76053      0.66838      0.31242      0.35596
      4.77053      1.00588      0.46943      0.53644
      4.78053      1.40885      0.65797      0.75088
      4.79053      1.61608      0.75720      0.85887
      4.80053      1.57414      0.73572      0.83843
      4.81053      1.13267      0.52484      0.60783
      4.82053      1.14582      0.52950      0.61633
      4.83053      1.83130      0.85482      0.97648
      4.84053      2.22326      1.04736      1.17590
      4.85053      2.35007      1.11160      1.23848
      4.86053      2.13841      1.01603      1.12238
      4.87053      1.89553      0.90920      0.98633
      4.88053      1.96267      0.94150      1.02117
      4.89053      2.01307      0.95922      1.05385
      4.90053      2.13132      1.01327      1.11805
      4.91053      2.18512      1.03675      1.14837
      4.92053      2.39299      1.13037      1.26261
      4.93053      2.77181      1.31564      1.45617
      4.94053      3.16512      1.51014      1.65498
      4.95053      3.50899      1.67894      1.83005
      4.96053      3.45480      1.66290      1.79190
      4.97053      3.17825      1.53266      1.64559
      4.98053      3.49921      1.67027      1.82894
      4.99053      4.21695      2.00744      2.20950
      5.00053      5.72917      2.72902      3.00015
      5.01053      6.64780      3.15926      3.48854
      5.02053      6.11476      2.90685      3.20791
      5.03053      5.58668      2.67468      2.91200
      5.04053      5.02311      2.45142      2.57169
      5.05053      4.08454      2.03501      2.04953
      5.06053      3.60794      1.79810      1.80984
      5.07053      3.83284      1.88827      1.94457
      5.08053      3.83860      1.88004      1.95856
      5.09053      3.34516      1.64888      1.69628
      5.10053      2.92000      1.45226      1.46774
      5.11053      3.07909      1.53260      1.54649
      5.12053      3.42585      1.70548      1.72037
      5.13053      3.36561      1.68551      1.68010
      5.14053      2.79088      1.41704      1.37384
      5.15053      1.91169      0.98395      0.92773
      5.16053      1.19539      0.62233      0.57306
      5.17053      1.12000      0.59052      0.52948
      5.18053      1.42972      0.75103      0.67869
      5.19053      2.03826      1.05828      0.97998
      5.20053      2.80131      1.46178      1.33953
      5.21053      2.53464      1.33061      1.20403
      5.22053      1.36644      0.71858      0.64786
      5.23053      0.81044      0.42034      0.39010
      5.24053      1.06738      0.51956      0.54783
      5.25053      1.23979      0.58177      0.65802
      5.26053      1.09962      0.54807      0.55154
      5.27053      1.08788      0.59749      0.49038
      5.28053      1.20117      0.67687      0.52430
      5.29053      1.13346      0.61206      0.52139
      5.30053      1.09552      0.52092      0.57460
      5.31053      1.29368      0.58488      0.70881
      5.32053      1.29635      0.61443      0.68193
      5.33053      1.27587      0.65181      0.62406
      5.34053      1.57668      0.83051      0.74617
      5.35053      1.70313      0.89640      0.80673
      5.36053      1.21832      0.62767      0.59065
      5.37053      0.55674      0.28591      0.27083
      5.38053      0.55652      0.30132      0.25520
      5.39053      1.02167      0.51810      0.50357
      5.40053      1.25712      0.58154      0.67558
      5.41053      1.25365      0.58404      0.66961
      5.42053      1.01323      0.51355      0.49968
      5.43053      0.75516      0.42411      0.33105
      5.44053      0.72931      0.43293      0.29638
      5.45053      0.69475      0.41443      0.28031
      5.46053      0.80013      0.46053      0.33960
      5.47053      0.91818      0.48982      0.42836
      5.48053      0.88157      0.44102      0.44055
      5.49053      1.01909      0.48304      0.53605
      5.50053      1.40693      0.63449      0.77244
      5.51053      1.51697      0.67203      0.84494
      5.52053      1.23334      0.56438      0.66896
      5.53053      1.21184      0.60413      0.60771
      5.54053      1.29077      0.66049      0.63028
      5.55053      1.01491      0.53063      0.48428
      5.56053      0.63669      0.34242      0.29427
      5.57053      0.53064      0.25449      0.27615
      5.58053      0.59640      0.25258      0.34382
      5.59053      0.59889      0.25866      0.34023
      5.60053      0.35960      0.16322      0.19638
      5.61053      0.10397      0.04781      0.05616
      5.62053      0.13852      0.05039      0.08813
      5.63053      0.58819      0.20764      0.38055
      5.64053      1.05628      0.36833      0.68795
      5.65053      0.85784      0.29126      0.56658
      5.66053      0.38693      0.12865      0.25828
      5.67053      0.15771      0.07289      0.08482
      5.68053      0.30973      0.18462      0.12511
      5.69053      0.66404      0.33579      0.32825
      5.70053      0.78854      0.32413      0.46441
      5.71053      0.53499      0.19697      0.33803
      5.72053      0.40584      0.16402      0.24182
      5.73053      0.42524      0.19566      0.22958
      5.74053      0.25566      0.12720      0.12847
      5.75053      0.08765      0.04165      0.04600
      5.76053      0.19949      0.06796      0.13154
      5.77053      0.64994      0.21715      0.43279
      5.78053      0.98756      0.32988      0.65768
      5.79053      0.88813      0.29807      0.59006
      5.80053      0.77217      0.28165      0.49052
      5.81053      0.96765      0.40536      0.56230
      5.82053      1.32581      0.54625      0.77955
      5.83053      1.14172      0.43365      0.70807
      5.84053      0.60944      0.21897      0.39046
      5.85053      0.27392      0.09448      0.17945
      5.86053      0.26886      0.08423      0.18463
      5.87053      0.38624      0.12170      0.26454
      5.88053      0.40499      0.13688      0.26811
      5.89053      0.32740      0.11610      0.21130
      5.90053      0.16089      0.05666      0.10423
      5.91053      0.23926      0.08020      0.15907
      5.92053      0.69974      0.25444      0.44529
      5.93053      1.09972      0.45027      0.64945
      5.94053      1.11224      0.46971      0.64252
      5.95053      0.90584      0.35145      0.55439
      5.96053      0.65388      0.27672      0.37717
      5.97053      0.47803      0.26608      0.21195
      5.98053      0.41279      0.21237      0.20041
      5.99053      0.57633      0.20663      0.36970
      6.00053      0.58592      0.18963      0.39629
      6.01053      0.33064      0.10867      0.22197
      6.02053      0.36659      0.13210      0.23449
      6.03053      0.57361      0.22021      0.35340
      6.04053      0.57890      0.23830      0.34060
      6.05053      0.31604      0.13649      0.17954
      6.06053      0.26863      0.10525      0.16338
      6.07053      0.85545      0.31181      0.54364
      6.08053      1.54815      0.54444      1.00372
      6.09053      1.49352      0.50386      0.98967
      6.10053      0.99171      0.32387      0.66784
      6.11053      0.71655      0.23184      0.48471
      6.12053      0.82048      0.27978      0.54069
      6.13053      0.78761      0.32430      0.46331
      6.14053      0.60963      0.30940      0.30024
      6.15053      0.63617      0.26922      0.36695
      6.16053      0.79671      0.26356      0.53315
      6.17053      0.66282      0.20330      0.45952
      6.18053      0.36865      0.11112      0.25754
      6.19053      0.31843      0.10265      0.21578
      6.20053      0.52756      0.17002      0.35754
      6.21053      0.59963      0.19068      0.40895
      6.22053      0.78800      0.27990      0.50810
      6.23053      1.31188      0.51608      0.79580
      6.24053      1.25225      0.51824      0.73401
      6.25053      0.83923      0.36756      0.47167
      6.26053      0.92902      0.40834      0.52069
      6.27053      1.08720      0.41537      0.67183
      6.28053      0.75623      0.25091      0.50532
      6.29053      0.43572      0.14553      0.29019
      6.30053      0.45074      0.18823      0.26251
      6.31053      0.49868      0.26397      0.23471
      6.32053      0.50396      0.26138      0.24258
      6.33053      0.58133      0.21980      0.36153
      6.34053      0.58662      0.18457      0.40205
      6.35053      0.58968      0.18016      0.40952
      6.36053      1.14740      0.35137      0.79603
      6.37053      1.64834      0.50404      1.14430
      6.38053      1.42821      0.46797      0.96024
      6.39053      1.21428      0.47801      0.73627
      6.40053      1.27148      0.53987      0.73161
      6.41053      1.29764      0.49307      0.80457
      6.42053      1.02093      0.34012      0.68080
      6.43053      0.81860      0.26125      0.55735
      6.44053      0.79557      0.25199      0.54358
      6.45053      0.62395      0.19246      0.43149
      6.46053      0.55133      0.17017      0.38116
      6.47053      0.91599      0.29450      0.62148
      6.48053      1.53216      0.52975      1.00242
      6.49053      1.67373      0.60915      1.06459
      6.50053      1.39075      0.48441      0.90633
      6.51053      1.30527      0.41755      0.88772
      6.52053      1.27842      0.39263      0.88580
      6.53053      1.18521      0.36885      0.81636
      6.54053      1.11987      0.39728      0.72259
      6.55053      1.12262      0.47389      0.64872
      6.56053      0.94855      0.44775      0.50079
      6.57053      0.73100      0.36020      0.37079
      6.58053      0.86168      0.33975      0.52193
      6.59053      1.08419      0.39674      0.68745
      6.60053      0.88060      0.38013      0.50047
      6.61053      0.65366      0.28965      0.36401
      6.62053      0.70613      0.24837      0.45776
      6.63053      0.95288      0.31284      0.64004
      6.64053      1.05988      0.37143      0.68845
      6.65053      0.96893      0.39696      0.57197
      6.66053      0.81744      0.34920      0.46824
      6.67053      0.74739      0.27331      0.47408
      6.68053      0.65573      0.21515      0.44058
      6.69053      0.54136      0.18150      0.35986
      6.70053      0.57675      0.22893      0.34782
      6.71053      0.71303      0.31679      0.39624
      6.72053      0.83979      0.40041      0.43938
      6.73053      0.89400      0.42834      0.46566
      6.74053      0.84271      0.34001      0.50270
      6.75053      0.82555      0.27479      0.55075
      6.76053      0.79846      0.25789      0.54057
      6.77053      0.56056      0.18211      0.37845
      6.78053      0.40664      0.13144      0.27520
      6.79053      0.54479      0.19570      0.34909
      6.80053      0.83432      0.34411      0.49022
      6.81053      0.89223      0.37746      0.51478
      6.82053      0.54131      0.21365      0.32766
      6.83053      0.49372      0.16723      0.32649
      6.84053      0.70590      0.24863      0.45728
      6.85053      0.76380      0.34429      0.41951
      6.86053      0.99954      0.51985      0.47969
      6.87053      1.17523      0.58176      0.59347
      6.88053      1.28237      0.56089      0.72148
      6.89053      1.27796      0.51335      0.76461
      6.90053      0.94434      0.41003      0.53431
      6.91053      0.45686      0.23297      0.22389
      6.92053      0.20756      0.10956      0.09800
      6.93053      0.42001      0.20064      0.21937
      6.94053      0.67667      0.31240      0.36427
      6.95053      0.65030      0.26088      0.38942
      6.96053      0.72113      0.24201      0.47912
      6.97053      0.74072      0.24848      0.49224
      6.98053      0.82202      0.30345      0.51857
      6.99053      0.86149      0.36551      0.49598
      7.00053      0.94777      0.45831      0.48945
      7.01053      1.20818      0.56037      0.64781
      7.02053      1.02672      0.42826      0.59846
      7.03053      0.91010      0.32873      0.58137
      7.04053      1.17537      0.43553      0.73984
      7.05053      1.24674      0.49956      0.74718
      7.06053      0.90848      0.36135      0.54713
      7.07053      0.52979      0.19528      0.33451
      7.08053      0.42408      0.14878      0.27530
      7.09053      0.44945      0.15225      0.29720
      7.10053      0.60366      0.20121      0.40245
      7.11053      0.87782      0.34334      0.53448
      7.12053      1.35696      0.68845      0.66852
      7.13053      1.86511      1.05021      0.81490
      7.14053      1.52162      0.86704      0.65458
      7.15053      0.69033      0.38171      0.30862
      7.16053      0.53684      0.24058      0.29626
      7.17053      0.97395      0.36779      0.60615
      7.18053      1.21916      0.42759      0.79157
      7.19053      1.07577      0.38549      0.69028
      7.20053      1.13321      0.44841      0.68480
      7.21053      1.05737      0.46006      0.59731
      7.22053      0.87752      0.40246      0.47505
      7.23053      1.09460      0.47232      0.62229
      7.24053      1.72659      0.73832      0.98827
      7.25053      2.23507      0.98004      1.25504
