Energy-E_F (eV)    DOS (1/eV)    PDOS (1/eV)  of atom type Mo S  
     -5.42346      1.58636      0.48137      1.10499
     -5.41346      1.52783      0.47565      1.05217
     -5.40346      1.79432      0.56481      1.22951
     -5.39346      2.29121      0.73304      1.55817
     -5.38346      2.29282      0.74959      1.54323
     -5.37346      1.48990      0.48196      1.00794
     -5.36346      0.75579      0.22903      0.52676
     -5.35346      0.78190      0.23004      0.55186
     -5.34346      1.23208      0.36095      0.87112
     -5.33346      1.43350      0.41274      1.02076
     -5.32346      1.03468      0.30368      0.73100
     -5.31346      0.86453      0.26958      0.59495
     -5.30346      1.21752      0.37483      0.84269
     -5.29346      1.31937      0.40992      0.90945
     -5.28346      1.20334      0.38826      0.81508
     -5.27346      1.18254      0.37037      0.81216
     -5.26346      1.12240      0.33029      0.79211
     -5.25346      1.06502      0.31152      0.75350
     -5.24346      0.89132      0.26763      0.62369
     -5.23346      0.81663      0.25065      0.56598
     -5.22346      0.95558      0.29602      0.65956
     -5.21346      1.00281      0.31689      0.68592
     -5.20346      0.93361      0.30553      0.62808
     -5.19346      1.09316      0.35722      0.73594
     -5.18346      1.58591      0.50621      1.07971
     -5.17346      1.55072      0.48945      1.06127
     -5.16346      0.87604      0.27584      0.60020
     -5.15346      0.63735      0.20195      0.43541
     -5.14346      0.69536      0.21857      0.47679
     -5.13346      0.54761      0.16340      0.38421
     -5.12346      0.42709      0.12262      0.30446
     -5.11346      0.43117      0.13160      0.29957
     -5.10346      0.60803      0.19379      0.41424
     -5.09346      0.94351      0.29473      0.64877
     -5.08346      1.20040      0.36046      0.83993
     -5.07346      1.11448      0.34025      0.77423
     -5.06346      0.78898      0.25866      0.53032
     -5.05346      0.40825      0.13884      0.26940
     -5.04346      0.41973      0.13206      0.28766
     -5.03346      0.74845      0.22831      0.52014
     -5.02346      0.61718      0.18720      0.42998
     -5.01346      0.34961      0.11003      0.23958
     -5.00346      0.57028      0.18630      0.38398
     -4.99346      0.87549      0.27766      0.59783
     -4.98346      1.14028      0.34521      0.79507
     -4.97346      1.19807      0.36369      0.83438
     -4.96346      0.76147      0.24368      0.51780
     -4.95346      0.57207      0.19891      0.37315
     -4.94346      0.68909      0.23906      0.45003
     -4.93346      0.77417      0.25142      0.52276
     -4.92346      0.76099      0.23307      0.52792
     -4.91346      0.61208      0.18993      0.42215
     -4.90346      0.36244      0.11726      0.24518
     -4.89346      0.20519      0.06599      0.13920
     -4.88346      0.44295      0.13538      0.30757
     -4.87346      0.95667      0.28430      0.67237
     -4.86346      1.06886      0.31336      0.75550
     -4.85346      0.64047      0.19427      0.44620
     -4.84346      0.46405      0.15525      0.30880
     -4.83346      0.51889      0.17483      0.34406
     -4.82346      0.58333      0.19074      0.39259
     -4.81346      0.66309      0.20782      0.45527
     -4.80346      0.56809      0.17185      0.39625
     -4.79346      0.32627      0.10040      0.22586
     -4.78346      0.31497      0.10366      0.21132
     -4.77346      0.32835      0.10799      0.22036
     -4.76346      0.47941      0.14780      0.33162
     -4.75346      1.14375      0.34526      0.79849
     -4.74346      1.46594      0.44396      1.02198
     -4.73346      0.92718      0.28137      0.64582
     -4.72346      0.37675      0.11610      0.26065
     -4.71346      0.32744      0.11048      0.21695
     -4.70346      0.54042      0.18225      0.35816
     -4.69346      0.84504      0.27367      0.57137
     -4.68346      0.90926      0.28491      0.62436
     -4.67346      0.60044      0.17750      0.42293
     -4.66346      0.43302      0.11890      0.31412
     -4.65346      0.39873      0.11716      0.28157
     -4.64346      0.53984      0.17101      0.36883
     -4.63346      1.20461      0.38367      0.82094
     -4.62346      2.90361      0.95792      1.94569
     -4.61346      4.99045      1.68780      3.30264
     -4.60346      6.95554      2.28601      4.66953
     -4.59346      8.61333      2.67948      5.93385
     -4.58346      8.78385      2.64628      6.13757
     -4.57346      8.24990      2.47077      5.77913
     -4.56346      7.78530      2.33104      5.45426
     -4.55346      6.97083      2.07710      4.89374
     -4.54346      6.07788      1.81074      4.26714
     -4.53346      5.52943      1.64285      3.88657
     -4.52346      5.76473      1.70105      4.06368
     -4.51346      6.07959      1.80449      4.27510
     -4.50346      6.82796      2.05107      4.77689
     -4.49346      7.96427      2.38957      5.57470
     -4.48346      7.97553      2.35761      5.61792
     -4.47346      7.07039      2.04615      5.02424
     -4.46346      5.89407      1.69627      4.19780
     -4.45346      5.18401      1.47799      3.70602
     -4.44346      5.32270      1.51604      3.80665
     -4.43346      5.57001      1.60638      3.96363
     -4.42346      5.21082      1.48791      3.72291
     -4.41346      4.19078      1.16392      3.02686
     -4.40346      3.21643      0.88282      2.33361
     -4.39346      2.78215      0.76276      2.01939
     -4.38346      2.95591      0.81557      2.14034
     -4.37346      3.61081      1.00395      2.60686
     -4.36346      3.93346      1.09773      2.83574
     -4.35346      3.75622      1.08818      2.66804
     -4.34346      3.40851      1.01046      2.39805
     -4.33346      2.87065      0.82224      2.04842
     -4.32346      2.15672      0.57353      1.58319
     -4.31346      1.79310      0.46484      1.32826
     -4.30346      1.77425      0.51195      1.26230
     -4.29346      1.63840      0.54106      1.09733
     -4.28346      1.11881      0.39903      0.71977
     -4.27346      0.63948      0.24349      0.39599
     -4.26346      0.54579      0.21017      0.33563
     -4.25346      0.86936      0.29799      0.57138
     -4.24346      1.52645      0.48782      1.03864
     -4.23346      2.11073      0.69937      1.41136
     -4.22346      2.20604      0.75690      1.44914
     -4.21346      1.98442      0.65138      1.33305
     -4.20346      1.69245      0.54300      1.14945
     -4.19346      1.33097      0.44622      0.88475
     -4.18346      0.93948      0.32434      0.61514
     -4.17346      0.78201      0.27650      0.50551
     -4.16346      0.93846      0.32973      0.60873
     -4.15346      1.18055      0.38819      0.79236
     -4.14346      1.04451      0.32235      0.72216
     -4.13346      0.60879      0.17945      0.42933
     -4.12346      0.65999      0.22503      0.43496
     -4.11346      1.36296      0.49230      0.87066
     -4.10346      1.81599      0.67030      1.14569
     -4.09346      1.54986      0.57502      0.97483
     -4.08346      0.87999      0.31875      0.56124
     -4.07346      0.65534      0.23094      0.42440
     -4.06346      0.79186      0.25133      0.54054
     -4.05346      0.99803      0.27164      0.72638
     -4.04346      1.49638      0.42759      1.06878
     -4.03346      1.69677      0.54175      1.15502
     -4.02346      1.19266      0.40145      0.79121
     -4.01346      0.85715      0.31052      0.54663
     -4.00346      1.11558      0.42322      0.69236
     -3.99346      1.37491      0.52253      0.85238
     -3.98346      1.48457      0.54653      0.93805
     -3.97346      1.57726      0.55631      1.02095
     -3.96346      1.23061      0.43642      0.79419
     -3.95346      0.87847      0.28803      0.59044
     -3.94346      1.46178      0.42655      1.03523
     -3.93346      2.15185      0.62659      1.52526
     -3.92346      2.73488      0.83314      1.90174
     -3.91346      3.48418      1.11253      2.37165
     -3.90346      3.32631      1.07566      2.25065
     -3.89346      2.87126      0.90909      1.96217
     -3.88346      2.90488      0.88541      2.01947
     -3.87346      3.07969      0.90973      2.16996
     -3.86346      3.16985      0.97341      2.19644
     -3.85346      3.72049      1.16915      2.55133
     -3.84346      4.06356      1.26488      2.79868
     -3.83346      3.41476      1.09247      2.32229
     -3.82346      2.94995      0.95290      1.99705
     -3.81346      3.21130      0.98504      2.22626
     -3.80346      3.65551      1.11997      2.53554
     -3.79346      4.41218      1.41453      2.99765
     -3.78346      5.04994      1.60697      3.44297
     -3.77346      4.67135      1.43893      3.23242
     -3.76346      4.73337      1.38261      3.35076
     -3.75346      6.07139      1.67511      4.39628
     -3.74346      6.43876      1.78615      4.65261
     -3.73346      5.41284      1.59867      3.81417
     -3.72346      4.49081      1.35936      3.13144
     -3.71346      3.96929      1.18495      2.78433
     -3.70346      4.28745      1.38464      2.90282
     -3.69346      4.62751      1.53746      3.09005
     -3.68346      4.11978      1.30717      2.81261
     -3.67346      3.91522      1.28277      2.63245
     -3.66346      3.63548      1.22629      2.40919
     -3.65346      3.34810      1.13388      2.21422
     -3.64346      3.36094      1.17893      2.18201
     -3.63346      3.18583      1.12660      2.05924
     -3.62346      2.78480      0.98626      1.79855
     -3.61346      2.62488      0.96880      1.65608
     -3.60346      3.08550      1.20575      1.87975
     -3.59346      3.77808      1.45730      2.32078
     -3.58346      4.13198      1.60648      2.52550
     -3.57346      4.19152      1.74892      2.44260
     -3.56346      3.71873      1.64206      2.07667
     -3.55346      3.17182      1.38025      1.79156
     -3.54346      2.89551      1.16896      1.72654
     -3.53346      2.80218      1.07417      1.72801
     -3.52346      2.18761      0.84505      1.34256
     -3.51346      1.71465      0.68877      1.02587
     -3.50346      1.77088      0.73481      1.03607
     -3.49346      1.97026      0.83433      1.13593
     -3.48346      2.22803      0.94836      1.27967
     -3.47346      2.11161      0.88930      1.22231
     -3.46346      1.72408      0.70852      1.01556
     -3.45346      1.83136      0.75924      1.07212
     -3.44346      2.30856      0.95211      1.35645
     -3.43346      2.19676      0.89501      1.30175
     -3.42346      1.84493      0.72836      1.11657
     -3.41346      2.30757      0.82852      1.47905
     -3.40346      2.79935      0.98187      1.81748
     -3.39346      2.30505      0.84941      1.45564
     -3.38346      1.46483      0.54727      0.91755
     -3.37346      1.14037      0.41955      0.72082
     -3.36346      1.63509      0.66044      0.97465
     -3.35346      2.09027      0.85483      1.23543
     -3.34346      1.94943      0.78456      1.16487
     -3.33346      1.65488      0.64753      1.00735
     -3.32346      1.73081      0.67053      1.06028
     -3.31346      1.89029      0.74258      1.14770
     -3.30346      1.79364      0.71322      1.08042
     -3.29346      1.75727      0.71652      1.04075
     -3.28346      1.73452      0.69297      1.04155
     -3.27346      1.36804      0.52507      0.84297
     -3.26346      1.14229      0.45176      0.69054
     -3.25346      1.23803      0.53244      0.70559
     -3.24346      1.15586      0.49394      0.66192
     -3.23346      1.07021      0.40729      0.66292
     -3.22346      1.42819      0.49541      0.93278
     -3.21346      1.70185      0.59352      1.10832
     -3.20346      1.84961      0.67866      1.17094
     -3.19346      1.73137      0.68487      1.04650
     -3.18346      1.44193      0.61652      0.82540
     -3.17346      1.55638      0.66262      0.89376
     -3.16346      1.82041      0.76419      1.05622
     -3.15346      1.59828      0.69428      0.90400
     -3.14346      1.19201      0.50536      0.68664
     -3.13346      0.98255      0.36819      0.61437
     -3.12346      1.18428      0.43228      0.75200
     -3.11346      1.56059      0.62401      0.93658
     -3.10346      1.43166      0.60477      0.82689
     -3.09346      1.06453      0.43037      0.63416
     -3.08346      0.85689      0.31497      0.54192
     -3.07346      0.83318      0.31962      0.51355
     -3.06346      1.00041      0.43577      0.56464
     -3.05346      1.43868      0.62970      0.80898
     -3.04346      2.09242      0.78241      1.31001
     -3.03346      2.46284      0.77591      1.68693
     -3.02346      2.08683      0.65552      1.43131
     -3.01346      1.54941      0.56101      0.98840
     -3.00346      1.25802      0.48780      0.77022
     -2.99346      1.23525      0.46930      0.76595
     -2.98346      1.08648      0.38054      0.70594
     -2.97346      0.88893      0.29838      0.59056
     -2.96346      1.16251      0.42812      0.73438
     -2.95346      1.64743      0.62483      1.02260
     -2.94346      1.72537      0.65966      1.06571
     -2.93346      1.42475      0.53801      0.88673
     -2.92346      0.95416      0.36150      0.59266
     -2.91346      0.93522      0.38411      0.55111
     -2.90346      1.22720      0.53911      0.68808
     -2.89346      1.42664      0.66060      0.76604
     -2.88346      1.48207      0.67037      0.81170
     -2.87346      1.01481      0.41919      0.59561
     -2.86346      0.81187      0.29026      0.52162
     -2.85346      1.42263      0.49779      0.92483
     -2.84346      2.13738      0.72661      1.41077
     -2.83346      2.19789      0.71496      1.48293
     -2.82346      1.79069      0.59324      1.19745
     -2.81346      1.68311      0.61389      1.06922
     -2.80346      2.30294      0.88487      1.41807
     -2.79346      2.40563      0.96115      1.44448
     -2.78346      1.87941      0.74044      1.13896
     -2.77346      1.89902      0.68057      1.21845
     -2.76346      2.01739      0.71652      1.30087
     -2.75346      2.11101      0.82423      1.28678
     -2.74346      2.24224      0.89916      1.34308
     -2.73346      2.40091      0.93118      1.46973
     -2.72346      2.20191      0.85550      1.34641
     -2.71346      1.90152      0.76144      1.14008
     -2.70346      1.67374      0.67707      0.99666
     -2.69346      1.65939      0.65043      1.00896
     -2.68346      1.77516      0.64396      1.13120
     -2.67346      2.21845      0.71924      1.49921
     -2.66346      3.23110      0.95983      2.27127
     -2.65346      3.98151      1.13444      2.84707
     -2.64346      3.47842      0.98308      2.49534
     -2.63346      3.12733      0.98281      2.14452
     -2.62346      4.11012      1.34083      2.76929
     -2.61346      5.41914      1.58844      3.83070
     -2.60346      6.02531      1.54667      4.47864
     -2.59346      5.98430      1.45611      4.52820
     -2.58346      5.82902      1.42368      4.40534
     -2.57346      6.01430      1.45504      4.55927
     -2.56346      5.72719      1.39389      4.33330
     -2.55346      5.37468      1.36343      4.01125
     -2.54346      4.73585      1.28903      3.44682
     -2.53346      4.37482      1.31333      3.06148
     -2.52346      4.86435      1.44093      3.42342
     -2.51346      4.15144      1.17537      2.97607
     -2.50346      3.04785      0.86698      2.18087
     -2.49346      3.01942      0.86088      2.15854
     -2.48346      3.21750      0.84359      2.37390
     -2.47346      3.49788      0.84776      2.65012
     -2.46346      4.14732      1.09455      3.05277
     -2.45346      4.48996      1.28026      3.20970
     -2.44346      4.33700      1.23871      3.09829
     -2.43346      4.07036      1.16289      2.90747
     -2.42346      3.71333      1.02587      2.68746
     -2.41346      3.21057      0.83127      2.37930
     -2.40346      2.53502      0.75519      1.77983
     -2.39346      2.49649      0.84794      1.64855
     -2.38346      3.05862      0.94424      2.11438
     -2.37346      3.63421      1.09689      2.53732
     -2.36346      3.74271      1.17754      2.56518
     -2.35346      3.68809      1.13692      2.55116
     -2.34346      4.09576      1.29165      2.80411
     -2.33346      4.55643      1.46241      3.09402
     -2.32346      3.90955      1.16373      2.74582
     -2.31346      3.35184      0.98873      2.36310
     -2.30346      4.42177      1.29740      3.12437
     -2.29346      5.64806      1.56492      4.08313
     -2.28346      5.46808      1.48353      3.98455
     -2.27346      4.85304      1.32936      3.52368
     -2.26346      4.13304      1.19606      2.93698
     -2.25346      3.74701      1.19242      2.55458
     -2.24346      3.50096      1.16180      2.33915
     -2.23346      2.62648      0.80832      1.81815
     -2.22346      2.12514      0.51654      1.60860
     -2.21346      2.67596      0.60039      2.07557
     -2.20346      3.23346      0.77449      2.45897
     -2.19346      2.78840      0.72901      2.05940
     -2.18346      1.68536      0.48089      1.20447
     -2.17346      1.53290      0.50076      1.03214
     -2.16346      2.83041      0.99198      1.83843
     -2.15346      4.37896      1.36165      3.01730
     -2.14346      4.23190      1.04968      3.18221
     -2.13346      3.38207      0.69730      2.68477
     -2.12346      2.71809      0.57743      2.14065
     -2.11346      1.85595      0.44937      1.40658
     -2.10346      1.90741      0.52723      1.38018
     -2.09346      2.27372      0.59557      1.67815
     -2.08346      2.36570      0.56089      1.80481
     -2.07346      2.62078      0.63521      1.98558
     -2.06346      2.88602      0.67204      2.21398
     -2.05346      2.48881      0.57865      1.91016
     -2.04346      1.72625      0.46487      1.26139
     -2.03346      1.83715      0.49201      1.34514
     -2.02346      2.60789      0.59504      2.01286
     -2.01346      2.88433      0.60334      2.28099
     -2.00346      2.81049      0.63450      2.17599
     -1.99346      3.30793      0.90188      2.40604
     -1.98346      3.47948      1.00079      2.47869
     -1.97346      2.83813      0.70845      2.12968
     -1.96346      2.58019      0.49155      2.08864
     -1.95346      2.47715      0.40958      2.06757
     -1.94346      1.97636      0.33459      1.64177
     -1.93346      2.05409      0.40020      1.65389
     -1.92346      2.54380      0.53748      2.00632
     -1.91346      2.34848      0.49962      1.84886
     -1.90346      1.84876      0.35272      1.49604
     -1.89346      1.73639      0.29181      1.44458
     -1.88346      1.81291      0.33327      1.47964
     -1.87346      2.21655      0.50412      1.71243
     -1.86346      2.81063      0.73639      2.07425
     -1.85346      2.66252      0.65102      2.01150
     -1.84346      1.91939      0.34896      1.57043
     -1.83346      1.52682      0.23495      1.29186
     -1.82346      1.91139      0.33885      1.57253
     -1.81346      2.69107      0.53218      2.15890
     -1.80346      3.32150      0.65585      2.66564
     -1.79346      3.27265      0.59994      2.67271
     -1.78346      2.81849      0.55166      2.26683
     -1.77346      2.63455      0.61129      2.02326
     -1.76346      2.50289      0.54114      1.96175
     -1.75346      2.51376      0.47143      2.04233
     -1.74346      2.84710      0.53139      2.31571
     -1.73346      2.71289      0.47650      2.23638
     -1.72346      2.57768      0.37900      2.19869
     -1.71346      3.02305      0.38801      2.63504
     -1.70346      3.75123      0.50252      3.24871
     -1.69346      4.35590      0.58709      3.76880
     -1.68346      4.02155      0.51398      3.50756
     -1.67346      3.22040      0.38978      2.83062
     -1.66346      2.89901      0.34253      2.55648
     -1.65346      2.71731      0.32164      2.39566
     -1.64346      2.39632      0.26849      2.12784
     -1.63346      2.24190      0.23457      2.00733
     -1.62346      2.40368      0.22818      2.17550
     -1.61346      2.38535      0.21785      2.16750
     -1.60346      2.07248      0.19318      1.87930
     -1.59346      1.82419      0.19387      1.63033
     -1.58346      1.35994      0.18342      1.17652
     -1.57346      0.94385      0.15417      0.78968
     -1.56346      0.75735      0.12951      0.62784
     -1.55346      0.55642      0.09815      0.45827
     -1.54346      0.37243      0.06612      0.30631
     -1.53346      0.43042      0.07331      0.35711
     -1.52346      0.56282      0.09176      0.47105
     -1.51346      0.66405      0.10262      0.56143
     -1.50346      0.75604      0.10855      0.64749
     -1.49346      0.90034      0.12156      0.77878
     -1.48346      0.78186      0.10282      0.67905
     -1.47346      0.42011      0.05410      0.36601
     -1.46346      0.22607      0.02755      0.19852
     -1.45346      0.13032      0.01535      0.11497
     -1.44346      0.03764      0.00441      0.03323
     -1.43346      0.00418      0.00049      0.00369
     -1.42346      0.00017      0.00002      0.00015
     -1.41346      0.00000      0.00000      0.00000
     -1.40346      0.00000      0.00000      0.00000
     -1.39346      0.00000      0.00000      0.00000
     -1.38346      0.00000      0.00000      0.00000
     -1.37346      0.00000      0.00000      0.00000
     -1.36346      0.00000      0.00000      0.00000
     -1.35346      0.00000      0.00000      0.00000
     -1.34346      0.00000      0.00000      0.00000
     -1.33346      0.00000      0.00000      0.00000
     -1.32346      0.00000      0.00000      0.00000
     -1.31346      0.00000      0.00000      0.00000
     -1.30346      0.00000      0.00000      0.00000
     -1.29346      0.00000      0.00000      0.00000
     -1.28346      0.00000      0.00000      0.00000
     -1.27346      0.00000      0.00000      0.00000
     -1.26346      0.00000      0.00000      0.00000
     -1.25346      0.00000      0.00000      0.00000
     -1.24346      0.00000      0.00000      0.00000
     -1.23346      0.00000      0.00000      0.00000
     -1.22346      0.00000      0.00000      0.00000
     -1.21346      0.00000      0.00000      0.00000
     -1.20346      0.00000      0.00000      0.00000
     -1.19346      0.00000      0.00000      0.00000
     -1.18346      0.00000      0.00000      0.00000
     -1.17346      0.00000      0.00000      0.00000
     -1.16346      0.00000      0.00000      0.00000
     -1.15346      0.00000      0.00000      0.00000
     -1.14346      0.00000      0.00000      0.00000
     -1.13346      0.00001      0.00001      0.00000
     -1.12346      0.00047      0.00033      0.00014
     -1.11346      0.01112      0.00777      0.00335
     -1.10346      0.11123      0.07774      0.03349
     -1.09346      0.50429      0.35249      0.15180
     -1.08346      1.09550      0.76492      0.33059
     -1.07346      1.31816      0.91688      0.40128
     -1.06346      1.28335      0.88520      0.39815
     -1.05346      1.17126      0.79809      0.37317
     -1.04346      1.26856      0.85924      0.40932
     -1.03346      1.94100      1.31879      0.62221
     -1.02346      1.98830      1.35042      0.63788
     -1.01346      1.46961      0.99546      0.47414
     -1.00346      1.40517      0.94698      0.45819
     -0.99346      1.58058      1.04940      0.53117
     -0.98346      2.03423      1.34092      0.69331
     -0.97346      2.51152      1.67483      0.83668
     -0.96346      2.49317      1.67909      0.81409
     -0.95346      2.22326      1.49010      0.73316
     -0.94346      1.99770      1.33705      0.66065
     -0.93346      2.33452      1.56077      0.77376
     -0.92346      3.29308      2.19778      1.09530
     -0.91346      3.67028      2.45652      1.21377
     -0.90346      3.77735      2.53091      1.24645
     -0.89346      4.38054      2.96251      1.41803
     -0.88346      4.91393      3.35113      1.56280
     -0.87346      4.91508      3.33828      1.57680
     -0.86346      4.78212      3.24758      1.53454
     -0.85346      4.24332      2.87223      1.37109
     -0.84346      3.39384      2.24465      1.14919
     -0.83346      3.05906      2.01488      1.04418
     -0.82346      3.07875      2.06280      1.01595
     -0.81346      3.10379      2.08201      1.02178
     -0.80346      2.85049      1.90707      0.94342
     -0.79346      2.81903      1.89238      0.92665
     -0.78346      2.89864      1.91078      0.98785
     -0.77346      2.65430      1.70384      0.95046
     -0.76346      2.36934      1.52186      0.84748
     -0.75346      2.02539      1.34228      0.68311
     -0.74346      2.11284      1.42963      0.68320
     -0.73346      2.81489      1.89692      0.91797
     -0.72346      2.94889      1.96625      0.98264
     -0.71346      2.31518      1.53700      0.77818
     -0.70346      2.02931      1.33864      0.69067
     -0.69346      2.03873      1.34290      0.69582
     -0.68346      2.11128      1.39992      0.71136
     -0.67346      2.26664      1.49408      0.77256
     -0.66346      1.82495      1.19022      0.63473
     -0.65346      1.39104      0.90793      0.48311
     -0.64346      1.88705      1.24697      0.64008
     -0.63346      2.64970      1.77315      0.87655
     -0.62346      2.72310      1.86430      0.85881
     -0.61346      2.23722      1.54295      0.69428
     -0.60346      1.62096      1.09133      0.52963
     -0.59346      1.48598      0.98538      0.50061
     -0.58346      1.74819      1.15894      0.58924
     -0.57346      2.22804      1.47944      0.74860
     -0.56346      2.21858      1.49144      0.72714
     -0.55346      1.73242      1.18518      0.54724
     -0.54346      1.16904      0.80015      0.36889
     -0.53346      1.28662      0.86572      0.42090
     -0.52346      1.75727      1.17888      0.57839
     -0.51346      1.75833      1.19291      0.56542
     -0.50346      1.76283      1.22311      0.53972
     -0.49346      2.21198      1.55210      0.65988
     -0.48346      2.41041      1.67917      0.73124
     -0.47346      2.00904      1.37536      0.63368
     -0.46346      1.58626      1.07290      0.51336
     -0.45346      1.18266      0.80040      0.38227
     -0.44346      1.07650      0.73905      0.33746
     -0.43346      1.39374      0.96638      0.42736
     -0.42346      1.62907      1.13513      0.49394
     -0.41346      1.58599      1.10562      0.48037
     -0.40346      1.47946      1.02479      0.45467
     -0.39346      1.41240      0.97586      0.43654
     -0.38346      1.50462      1.03796      0.46666
     -0.37346      1.69993      1.16729      0.53264
     -0.36346      1.75961      1.22407      0.53554
     -0.35346      1.75022      1.25669      0.49353
     -0.34346      1.80453      1.29838      0.50615
     -0.33346      1.38883      0.96874      0.42009
     -0.32346      1.00829      0.68007      0.32822
     -0.31346      1.11705      0.76345      0.35360
     -0.30346      1.51427      1.04907      0.46520
     -0.29346      1.76801      1.22435      0.54366
     -0.28346      1.63892      1.14380      0.49512
     -0.27346      1.30272      0.91343      0.38929
     -0.26346      1.11228      0.76171      0.35057
     -0.25346      1.28834      0.87778      0.41055
     -0.24346      1.48031      1.00898      0.47133
     -0.23346      1.50109      1.03312      0.46797
     -0.22346      1.68160      1.18291      0.49869
     -0.21346      1.96192      1.38666      0.57526
     -0.20346      1.83705      1.27721      0.55984
     -0.19346      1.38207      0.92992      0.45215
     -0.18346      1.09913      0.71679      0.38234
     -0.17346      1.07177      0.72345      0.34832
     -0.16346      0.99462      0.71739      0.27722
     -0.15346      0.64998      0.49086      0.15912
     -0.14346      0.37541      0.29133      0.08407
     -0.13346      0.37327      0.29173      0.08154
     -0.12346      0.46797      0.36615      0.10182
     -0.11346      0.66792      0.52402      0.14390
     -0.10346      0.79496      0.62524      0.16972
     -0.09346      0.56107      0.44243      0.11864
     -0.08346      0.26205      0.20709      0.05496
     -0.07346      0.24358      0.19292      0.05066
     -0.06346      0.41093      0.32600      0.08492
     -0.05346      0.44202      0.35121      0.09081
     -0.04346      0.42116      0.33532      0.08584
     -0.03346      0.46681      0.37234      0.09446
     -0.02346      0.44839      0.35828      0.09011
     -0.01346      0.33400      0.26731      0.06669
     -0.00346      0.21702      0.17397      0.04305
      0.00654      0.10354      0.08306      0.02048
      0.01654      0.02270      0.01821      0.00449
      0.02654      0.00191      0.00153      0.00038
      0.03654      0.00006      0.00005      0.00001
      0.04654      0.00000      0.00000      0.00000
      0.05654      0.00000      0.00000      0.00000
      0.06654      0.00000      0.00000      0.00000
      0.07654      0.00000      0.00000      0.00000
      0.08654      0.00000      0.00000      0.00000
      0.09654      0.00000      0.00000      0.00000
      0.10654      0.00000      0.00000      0.00000
      0.11654      0.00000      0.00000      0.00000
      0.12654      0.00000      0.00000      0.00000
      0.13654      0.00000      0.00000      0.00000
      0.14654      0.00000      0.00000      0.00000
      0.15654      0.00000      0.00000      0.00000
      0.16654      0.00000      0.00000      0.00000
      0.17654      0.00000      0.00000      0.00000
      0.18654      0.00000      0.00000      0.00000
      0.19654      0.00000      0.00000      0.00000
      0.20654      0.00000      0.00000      0.00000
      0.21654      0.00000      0.00000      0.00000
      0.22654      0.00000      0.00000      0.00000
      0.23654      0.00000      0.00000      0.00000
      0.24654      0.00000      0.00000      0.00000
      0.25654      0.00000      0.00000      0.00000
      0.26654      0.00000      0.00000      0.00000
      0.27654      0.00000      0.00000      0.00000
      0.28654      0.00000      0.00000      0.00000
      0.29654      0.00000      0.00000      0.00000
      0.30654      0.00000      0.00000      0.00000
      0.31654      0.00000      0.00000      0.00000
      0.32654      0.00000      0.00000      0.00000
      0.33654      0.00000      0.00000      0.00000
      0.34654      0.00000      0.00000      0.00000
      0.35654      0.00000      0.00000      0.00000
      0.36654      0.00000      0.00000      0.00000
      0.37654      0.00000      0.00000      0.00000
      0.38654      0.00000      0.00000      0.00000
      0.39654      0.00000      0.00000      0.00000
      0.40654      0.00000      0.00000      0.00000
      0.41654      0.00000      0.00000      0.00000
      0.42654      0.00000      0.00000      0.00000
      0.43654      0.00000      0.00000      0.00000
      0.44654      0.00000      0.00000      0.00000
      0.45654      0.00000      0.00000      0.00000
      0.46654      0.00000      0.00000      0.00000
      0.47654      0.00000      0.00000      0.00000
      0.48654      0.00000      0.00000      0.00000
      0.49654      0.00000      0.00000      0.00000
      0.50654      0.00000      0.00000      0.00000
      0.51654      0.00000      0.00000      0.00000
      0.52654      0.00000      0.00000      0.00000
      0.53654      0.00000      0.00000      0.00000
      0.54654      0.00000      0.00000      0.00000
      0.55654      0.00000      0.00000      0.00000
      0.56654      0.00000      0.00000      0.00000
      0.57654      0.00000      0.00000      0.00000
      0.58654      0.00000      0.00000      0.00000
      0.59654      0.00000      0.00000      0.00000
      0.60654      0.00000      0.00000      0.00000
      0.61654      0.00000      0.00000      0.00000
      0.62654      0.00000      0.00000      0.00000
      0.63654      0.00000      0.00000      0.00000
      0.64654      0.00000      0.00000      0.00000
      0.65654      0.00000      0.00000      0.00000
      0.66654      0.00000      0.00000      0.00000
      0.67654      0.00000      0.00000      0.00000
      0.68654      0.00000      0.00000      0.00000
      0.69654      0.00000      0.00000      0.00000
      0.70654      0.00000      0.00000      0.00000
      0.71654      0.00000      0.00000      0.00000
      0.72654      0.00000      0.00000      0.00000
      0.73654      0.00000      0.00000      0.00000
      0.74654      0.00000      0.00000      0.00000
      0.75654      0.00000      0.00000      0.00000
      0.76654      0.00000      0.00000      0.00000
      0.77654      0.00000      0.00000      0.00000
      0.78654      0.00000      0.00000      0.00000
      0.79654      0.00000      0.00000      0.00000
      0.80654      0.00000      0.00000      0.00000
      0.81654      0.00000      0.00000      0.00000
      0.82654      0.00000      0.00000      0.00000
      0.83654      0.00000      0.00000      0.00000
      0.84654      0.00000      0.00000      0.00000
      0.85654      0.00000      0.00000      0.00000
      0.86654      0.00000      0.00000      0.00000
      0.87654      0.00000      0.00000      0.00000
      0.88654      0.00000      0.00000      0.00000
      0.89654      0.00000      0.00000      0.00000
      0.90654      0.00000      0.00000      0.00000
      0.91654      0.00000      0.00000      0.00000
      0.92654      0.00000      0.00000      0.00000
      0.93654      0.00000      0.00000      0.00000
      0.94654      0.00000      0.00000      0.00000
      0.95654      0.00000      0.00000      0.00000
      0.96654      0.00000      0.00000      0.00000
      0.97654      0.00000      0.00000      0.00000
      0.98654      0.00000      0.00000      0.00000
      0.99654      0.00000      0.00000      0.00000
      1.00654      0.00000      0.00000      0.00000
      1.01654      0.00000      0.00000      0.00000
      1.02654      0.00000      0.00000      0.00000
      1.03654      0.00000      0.00000      0.00000
      1.04654      0.00000      0.00000      0.00000
      1.05654      0.00000      0.00000      0.00000
      1.06654      0.00000      0.00000      0.00000
      1.07654      0.00000      0.00000      0.00000
      1.08654      0.00000      0.00000      0.00000
      1.09654      0.00000      0.00000      0.00000
      1.10654      0.00000      0.00000      0.00000
      1.11654      0.00000      0.00000      0.00000
      1.12654      0.00000      0.00000      0.00000
      1.13654      0.00000      0.00000      0.00000
      1.14654      0.00000      0.00000      0.00000
      1.15654      0.00000      0.00000      0.00000
      1.16654      0.00000      0.00000      0.00000
      1.17654      0.00000      0.00000      0.00000
      1.18654      0.00000      0.00000      0.00000
      1.19654      0.00000      0.00000      0.00000
      1.20654      0.00000      0.00000      0.00000
      1.21654      0.00000      0.00000      0.00000
      1.22654      0.00000      0.00000      0.00000
      1.23654      0.00000      0.00000      0.00000
      1.24654      0.00000      0.00000      0.00000
      1.25654      0.00000      0.00000      0.00000
      1.26654      0.00000      0.00000      0.00000
      1.27654      0.00000      0.00000      0.00000
      1.28654      0.00000      0.00000      0.00000
      1.29654      0.00000      0.00000      0.00000
      1.30654      0.00000      0.00000      0.00000
      1.31654      0.00000      0.00000      0.00000
      1.32654      0.00000      0.00000      0.00000
      1.33654      0.00000      0.00000      0.00000
      1.34654      0.00000      0.00000      0.00000
      1.35654      0.00000      0.00000      0.00000
      1.36654      0.00000      0.00000      0.00000
      1.37654      0.00000      0.00000      0.00000
      1.38654      0.00000      0.00000      0.00000
      1.39654      0.00000      0.00000      0.00000
      1.40654      0.00000      0.00000      0.00000
      1.41654      0.00000      0.00000      0.00000
      1.42654      0.00000      0.00000      0.00000
      1.43654      0.00000      0.00000      0.00000
      1.44654      0.00000      0.00000      0.00000
      1.45654      0.00000      0.00000      0.00000
      1.46654      0.00000      0.00000      0.00000
      1.47654      0.00000      0.00000      0.00000
      1.48654      0.00000      0.00000      0.00000
      1.49654      0.00000      0.00000      0.00000
      1.50654      0.00000      0.00000      0.00000
      1.51654      0.00000      0.00000      0.00000
      1.52654      0.00000      0.00000      0.00000
      1.53654      0.00000      0.00000      0.00000
      1.54654      0.00000      0.00000      0.00000
      1.55654      0.00000      0.00000      0.00000
      1.56654      0.00000      0.00000      0.00000
      1.57654      0.00000      0.00000      0.00000
      1.58654      0.00000      0.00000      0.00000
      1.59654      0.00000      0.00000      0.00000
      1.60654      0.00000      0.00000      0.00000
      1.61654      0.00000      0.00000      0.00000
      1.62654      0.00000      0.00000      0.00000
      1.63654      0.00000      0.00000      0.00000
      1.64654      0.00000      0.00000      0.00000
      1.65654      0.00000      0.00000      0.00000
      1.66654      0.00000      0.00000      0.00000
      1.67654      0.00000      0.00000      0.00000
      1.68654      0.00000      0.00000      0.00000
      1.69654      0.00000      0.00000      0.00000
      1.70654      0.00000      0.00000      0.00000
      1.71654      0.00000      0.00000      0.00000
      1.72654      0.00000      0.00000      0.00000
      1.73654      0.00000      0.00000      0.00000
      1.74654      0.00000      0.00000      0.00000
      1.75654      0.00000      0.00000      0.00000
      1.76654      0.00000      0.00000      0.00000
      1.77654      0.00000      0.00000      0.00000
      1.78654      0.00000      0.00000      0.00000
      1.79654      0.00000      0.00000      0.00000
      1.80654      0.00000      0.00000      0.00000
      1.81654      0.00000      0.00000      0.00000
      1.82654      0.00000      0.00000      0.00000
      1.83654      0.00000      0.00000      0.00000
      1.84654      0.00000      0.00000      0.00000
      1.85654      0.00000      0.00000      0.00000
      1.86654      0.00000      0.00000      0.00000
      1.87654      0.00000      0.00000      0.00000
      1.88654      0.00000      0.00000      0.00000
      1.89654      0.00000      0.00000      0.00000
      1.90654      0.00000      0.00000      0.00000
      1.91654      0.00000      0.00000      0.00000
      1.92654      0.00000      0.00000      0.00000
      1.93654      0.00000      0.00000      0.00000
      1.94654      0.00000      0.00000      0.00000
      1.95654      0.00000      0.00000      0.00000
      1.96654      0.00000      0.00000      0.00000
      1.97654      0.00000      0.00000      0.00000
      1.98654      0.00000      0.00000      0.00000
      1.99654      0.00000      0.00000      0.00000
      2.00654      0.00000      0.00000      0.00000
      2.01654      0.00000      0.00000      0.00000
      2.02654      0.00000      0.00000      0.00000
      2.03654      0.00000      0.00000      0.00000
      2.04654      0.00000      0.00000      0.00000
      2.05654      0.00000      0.00000      0.00000
      2.06654      0.00000      0.00000      0.00000
      2.07654      0.00000      0.00000      0.00000
      2.08654      0.00000      0.00000      0.00000
      2.09654      0.00000      0.00000      0.00000
      2.10654      0.00000      0.00000      0.00000
      2.11654      0.00000      0.00000      0.00000
      2.12654      0.00000      0.00000      0.00000
      2.13654      0.00000      0.00000      0.00000
      2.14654      0.00000      0.00000      0.00000
      2.15654      0.00000      0.00000      0.00000
      2.16654      0.00000      0.00000      0.00000
      2.17654      0.00000      0.00000      0.00000
      2.18654      0.00000      0.00000      0.00000
      2.19654      0.00000      0.00000      0.00000
      2.20654      0.00000      0.00000      0.00000
      2.21654      0.00000      0.00000      0.00000
      2.22654      0.00000      0.00000      0.00000
      2.23654      0.00000      0.00000      0.00000
      2.24654      0.00000      0.00000      0.00000
      2.25654      0.00000      0.00000      0.00000
      2.26654      0.00000      0.00000      0.00000
      2.27654      0.00000      0.00000      0.00000
      2.28654      0.00000      0.00000      0.00000
      2.29654      0.00000      0.00000      0.00000
      2.30654      0.00000      0.00000      0.00000
      2.31654      0.00000      0.00000      0.00000
      2.32654      0.00000      0.00000      0.00000
      2.33654      0.00000      0.00000      0.00000
      2.34654      0.00000      0.00000      0.00000
      2.35654      0.00000      0.00000      0.00000
      2.36654      0.00000      0.00000      0.00000
      2.37654      0.00000      0.00000      0.00000
      2.38654      0.00000      0.00000      0.00000
      2.39654      0.00000      0.00000      0.00000
      2.40654      0.00000      0.00000      0.00000
      2.41654      0.00000      0.00000      0.00000
      2.42654      0.00000      0.00000      0.00000
      2.43654      0.00000      0.00000      0.00000
      2.44654      0.00000      0.00000      0.00000
      2.45654      0.00000      0.00000      0.00000
      2.46654      0.00000      0.00000      0.00000
      2.47654      0.00000      0.00000      0.00000
      2.48654      0.00000      0.00000      0.00000
      2.49654      0.00000      0.00000      0.00000
      2.50654      0.00000      0.00000      0.00000
      2.51654      0.00000      0.00000      0.00000
      2.52654      0.00000      0.00000      0.00000
      2.53654      0.00000      0.00000      0.00000
      2.54654      0.00000      0.00000      0.00000
      2.55654      0.00000      0.00000      0.00000
      2.56654      0.00000      0.00000      0.00000
      2.57654      0.00000      0.00000      0.00000
      2.58654      0.00000      0.00000      0.00000
      2.59654      0.00000      0.00000      0.00000
      2.60654      0.00000      0.00000      0.00000
      2.61654      0.00000      0.00000      0.00000
      2.62654      0.00000      0.00000      0.00000
      2.63654      0.00000      0.00000      0.00000
      2.64654      0.00000      0.00000      0.00000
      2.65654      0.00000      0.00000      0.00000
      2.66654      0.00000      0.00000      0.00000
      2.67654      0.00000      0.00000      0.00000
      2.68654      0.00000      0.00000      0.00000
      2.69654      0.00000      0.00000      0.00000
      2.70654      0.00000      0.00000      0.00000
      2.71654      0.00000      0.00000      0.00000
      2.72654      0.00000      0.00000      0.00000
      2.73654      0.00000      0.00000      0.00000
      2.74654      0.00001      0.00001      0.00000
      2.75654      0.00037      0.00031      0.00006
      2.76654      0.00723      0.00607      0.00116
      2.77654      0.05323      0.04468      0.00855
      2.78654      0.15795      0.13257      0.02538
      2.79654      0.26152      0.21947      0.04205
      2.80654      0.37763      0.31687      0.06077
      2.81654      0.44255      0.37138      0.07117
      2.82654      0.44246      0.37132      0.07113
      2.83654      0.42364      0.35533      0.06831
      2.84654      0.42421      0.35568      0.06853
      2.85654      0.34480      0.28920      0.05560
      2.86654      0.28407      0.23792      0.04615
      2.87654      0.39652      0.33129      0.06523
      2.88654      0.55319      0.46230      0.09089
      2.89654      0.63962      0.53359      0.10603
      2.90654      0.67236      0.53842      0.13395
      2.91654      0.97035      0.67774      0.29261
      2.92654      1.60419      0.98369      0.62050
      2.93654      2.13803      1.22111      0.91691
      2.94654      2.48115      1.44202      1.03913
      2.95654      2.58080      1.53473      1.04607
      2.96654      2.30243      1.33376      0.96867
      2.97654      2.49811      1.43748      1.06063
      2.98654      3.10333      1.83668      1.26665
      2.99654      3.14049      1.90400      1.23649
      3.00654      2.92381      1.81337      1.11044
      3.01654      2.96073      1.79750      1.16323
      3.02654      3.05261      1.77404      1.27857
      3.03654      3.10482      1.82513      1.27969
      3.04654      2.98050      1.77375      1.20676
      3.05654      3.33448      1.93824      1.39624
      3.06654      3.66496      2.15652      1.50844
      3.07654      3.39639      2.09165      1.30474
      3.08654      3.24490      2.01515      1.22974
      3.09654      4.29633      2.54119      1.75514
      3.10654      4.83282      2.82509      2.00774
      3.11654      4.47077      2.66257      1.80820
      3.12654      4.76626      2.89475      1.87151
      3.13654      5.26046      3.20299      2.05747
      3.14654      5.40110      3.24730      2.15381
      3.15654      5.25224      3.21962      2.03262
      3.16654      4.96981      3.16938      1.80043
      3.17654      5.07637      3.30949      1.76689
      3.18654      4.98204      3.24592      1.73612
      3.19654      5.02108      3.22511      1.79597
      3.20654      5.36620      3.46259      1.90360
      3.21654      4.79777      3.18980      1.60796
      3.22654      3.97947      2.75188      1.22758
      3.23654      3.77532      2.63317      1.14215
      3.24654      3.73317      2.57174      1.16143
      3.25654      3.45339      2.36111      1.09229
      3.26654      3.59995      2.46665      1.13330
      3.27654      4.62037      3.33678      1.28359
      3.28654      5.11256      3.80480      1.30776
      3.29654      4.22676      3.11505      1.11171
      3.30654      3.98930      2.93031      1.05899
      3.31654      4.71414      3.45457      1.25957
      3.32654      5.47709      4.00635      1.47074
      3.33654      5.30500      3.88539      1.41961
      3.34654      4.78965      3.62143      1.16821
      3.35654      4.97542      3.92942      1.04600
      3.36654      5.09457      4.10576      0.98881
      3.37654      4.54769      3.62923      0.91846
      3.38654      3.65351      2.63238      1.02113
      3.39654      2.82144      1.73169      1.08976
      3.40654      2.51113      1.43273      1.07840
      3.41654      2.72513      1.56571      1.15943
      3.42654      2.60623      1.51593      1.09030
      3.43654      2.89251      1.66301      1.22950
      3.44654      3.33161      1.87904      1.45257
      3.45654      3.60735      2.05953      1.54782
      3.46654      4.72858      2.71817      2.01041
      3.47654      5.70174      3.21660      2.48514
      3.48654      4.98688      2.79093      2.19595
      3.49654      4.27548      2.44581      1.82967
      3.50654      4.59168      2.71688      1.87479
      3.51654      4.33546      2.62936      1.70609
      3.52654      3.45267      2.14663      1.30604
      3.53654      3.10896      1.93179      1.17717
      3.54654      3.34837      2.04810      1.30027
      3.55654      3.58344      2.18392      1.39953
      3.56654      3.45066      2.08825      1.36241
      3.57654      3.06657      1.86242      1.20415
      3.58654      2.72116      1.71262      1.00854
      3.59654      2.95436      1.92936      1.02500
      3.60654      3.51072      2.35043      1.16029
      3.61654      3.64408      2.39588      1.24820
      3.62654      3.14545      2.00390      1.14155
      3.63654      3.16458      1.99851      1.16606
      3.64654      4.06054      2.55671      1.50382
      3.65654      4.76898      2.97033      1.79866
      3.66654      4.56736      2.85446      1.71291
      3.67654      4.47299      2.83024      1.64275
      3.68654      5.33053      3.36573      1.96480
      3.69654      5.83527      3.68701      2.14827
      3.70654      5.79731      3.65484      2.14247
      3.71654      5.59255      3.45240      2.14014
      3.72654      5.17191      3.15665      2.01526
      3.73654      5.15134      3.18523      1.96610
      3.74654      5.02244      3.19877      1.82367
      3.75654      4.67389      2.98929      1.68461
      3.76654      5.22825      3.21620      2.01205
      3.77654      5.48661      3.47328      2.01333
      3.78654      5.15704      3.47132      1.68572
      3.79654      4.62954      3.17865      1.45089
      3.80654      4.26249      2.89158      1.37090
      3.81654      4.32603      2.85470      1.47133
      3.82654      4.43668      2.84328      1.59340
      3.83654      4.23574      2.74493      1.49081
      3.84654      3.88545      2.60765      1.27780
      3.85654      3.49921      2.31764      1.18157
      3.86654      2.95641      1.85255      1.10386
      3.87654      2.97131      1.76488      1.20644
      3.88654      3.86131      2.25004      1.61126
      3.89654      4.26705      2.49519      1.77186
      3.90654      3.48218      2.15427      1.32791
      3.91654      2.71349      1.75035      0.96314
      3.92654      2.28422      1.40589      0.87834
      3.93654      2.45211      1.40400      1.04811
      3.94654      2.80895      1.61461      1.19434
      3.95654      2.96582      1.77441      1.19141
      3.96654      2.86464      1.73367      1.13097
      3.97654      2.50101      1.58983      0.91118
      3.98654      2.48840      1.66802      0.82038
      3.99654      2.34971      1.60323      0.74648
      4.00654      1.82932      1.26317      0.56615
      4.01654      1.39801      0.93312      0.46489
      4.02654      1.48033      0.89037      0.58996
      4.03654      2.11973      1.22394      0.89579
      4.04654      2.90677      1.74346      1.16332
      4.05654      3.03355      1.87925      1.15431
      4.06654      2.36261      1.48756      0.87505
      4.07654      1.87330      1.20128      0.67203
      4.08654      1.69151      1.09177      0.59974
      4.09654      1.70071      1.06889      0.63182
      4.10654      1.81864      1.13238      0.68626
      4.11654      1.63449      1.02683      0.60766
      4.12654      1.59260      0.99504      0.59756
      4.13654      2.08404      1.27108      0.81296
      4.14654      2.74607      1.66195      1.08412
      4.15654      2.92871      1.80796      1.12075
      4.16654      2.22699      1.35949      0.86750
      4.17654      1.52743      0.84464      0.68279
      4.18654      1.64208      0.87050      0.77158
      4.19654      2.15439      1.17279      0.98160
      4.20654      2.76576      1.52256      1.24321
      4.21654      3.72381      2.06148      1.66233
      4.22654      4.61190      2.57311      2.03879
      4.23654      4.62785      2.60179      2.02607
      4.24654      4.34908      2.34455      2.00453
      4.25654      4.35586      2.22204      2.13382
      4.26654      3.63496      1.88113      1.75383
      4.27654      2.66138      1.43228      1.22909
      4.28654      2.67650      1.42199      1.25450
      4.29654      3.06771      1.61507      1.45264
      4.30654      3.62723      1.97276      1.65447
      4.31654      4.11278      2.28722      1.82556
      4.32654      3.67807      2.00638      1.67169
      4.33654      2.72611      1.42918      1.29693
      4.34654      1.64943      0.84711      0.80232
      4.35654      1.34058      0.70423      0.63635
      4.36654      2.00847      1.09502      0.91345
      4.37654      2.70894      1.47841      1.23053
      4.38654      2.77820      1.48432      1.29388
      4.39654      2.63054      1.41147      1.21907
      4.40654      2.82180      1.55411      1.26769
      4.41654      2.90473      1.59863      1.30610
      4.42654      2.49236      1.38469      1.10767
      4.43654      2.03943      1.17063      0.86880
      4.44654      1.74494      0.96612      0.77882
      4.45654      1.83688      0.92055      0.91633
      4.46654      2.26433      1.10655      1.15778
      4.47654      2.25215      1.15374      1.09841
      4.48654      1.87630      1.00535      0.87095
      4.49654      1.92010      1.03541      0.88470
      4.50654      2.23318      1.20763      1.02556
      4.51654      1.94017      1.06262      0.87755
      4.52654      1.53298      0.83593      0.69705
      4.53654      1.32218      0.69562      0.62656
      4.54654      1.31583      0.65214      0.66369
      4.55654      1.61838      0.78144      0.83694
      4.56654      1.51658      0.75030      0.76628
      4.57654      1.42648      0.72785      0.69863
      4.58654      2.04838      1.04525      1.00314
      4.59654      2.45276      1.24265      1.21011
      4.60654      1.97884      0.98681      0.99203
      4.61654      1.14559      0.55644      0.58915
      4.62654      0.62119      0.28889      0.33229
      4.63654      1.05288      0.47361      0.57927
      4.64654      1.90615      0.87491      1.03124
      4.65654      1.89856      0.89549      1.00307
      4.66654      1.38575      0.66627      0.71948
      4.67654      1.37045      0.66851      0.70194
      4.68654      1.30065      0.64305      0.65760
      4.69654      1.00209      0.49830      0.50379
      4.70654      1.02746      0.50094      0.52652
      4.71654      1.03702      0.49697      0.54005
      4.72654      1.33255      0.63599      0.69656
      4.73654      1.62614      0.77765      0.84848
      4.74654      1.62566      0.79599      0.82966
      4.75654      1.93402      0.96356      0.97047
      4.76654      1.68915      0.84425      0.84490
      4.77654      0.92049      0.45646      0.46403
      4.78654      0.65976      0.31924      0.34052
      4.79654      0.98143      0.47664      0.50480
      4.80654      1.59467      0.76080      0.83387
      4.81654      2.28276      1.05220      1.23055
      4.82654      2.37753      1.09071      1.28682
      4.83654      1.79390      0.84781      0.94609
      4.84654      1.10077      0.53552      0.56525
      4.85654      0.62793      0.30887      0.31906
      4.86654      0.79349      0.38979      0.40370
      4.87654      0.95426      0.46659      0.48767
      4.88654      1.15723      0.55990      0.59733
      4.89654      1.67916      0.80532      0.87384
      4.90654      2.14734      1.02956      1.11778
      4.91654      2.16372      1.04237      1.12135
      4.92654      1.47485      0.71711      0.75774
      4.93654      0.62279      0.30595      0.31684
      4.94654      0.32577      0.16120      0.16457
      4.95654      0.70923      0.34404      0.36519
      4.96654      1.69058      0.80329      0.88729
      4.97654      2.45098      1.15079      1.30019
      4.98654      2.56017      1.19957      1.36060
      4.99654      2.32010      1.09033      1.22977
      5.00654      1.75959      0.83239      0.92720
      5.01654      1.32701      0.63979      0.68722
      5.02654      1.22695      0.59840      0.62855
      5.03654      1.50956      0.73056      0.77900
      5.04654      1.97529      0.94832      1.02697
      5.05654      2.28466      1.09668      1.18798
      5.06654      1.94377      0.93472      1.00905
      5.07654      1.30092      0.62234      0.67859
      5.08654      1.20257      0.57483      0.62775
      5.09654      1.55119      0.74009      0.81111
      5.10654      1.98491      0.93996      1.04495
      5.11654      1.79542      0.84793      0.94749
      5.12654      1.36901      0.64880      0.72020
      5.13654      1.21949      0.58099      0.63850
      5.14654      1.28680      0.61429      0.67251
      5.15654      1.55957      0.73587      0.82370
      5.16654      1.43901      0.66980      0.76921
      5.17654      0.77871      0.36051      0.41820
      5.18654      0.44113      0.20483      0.23630
      5.19654      0.47938      0.22193      0.25744
      5.20654      0.91025      0.41950      0.49075
      5.21654      1.42981      0.66045      0.76937
      5.22654      1.38770      0.64381      0.74389
      5.23654      1.22837      0.57110      0.65727
      5.24654      1.27027      0.58748      0.68279
      5.25654      1.40726      0.65013      0.75713
      5.26654      1.33689      0.62182      0.71508
      5.27654      1.32503      0.61914      0.70589
      5.28654      1.86270      0.86912      0.99358
      5.29654      2.56042      1.19324      1.36717
      5.30654      2.60562      1.21658      1.38904
      5.31654      2.21678      1.04011      1.17667
      5.32654      2.14637      1.01365      1.13272
      5.33654      2.26482      1.07164      1.19317
      5.34654      2.75455      1.29551      1.45904
      5.35654      3.70299      1.73318      1.96980
      5.36654      4.42478      2.07135      2.35343
      5.37654      4.90861      2.29665      2.61196
      5.38654      4.93859      2.31403      2.62456
      5.39654      4.68588      2.21620      2.46968
      5.40654      4.58370      2.17913      2.40457
      5.41654      4.03788      1.92336      2.11452
      5.42654      3.40926      1.63225      1.77701
      5.43654      3.19442      1.52824      1.66617
      5.44654      2.93419      1.40573      1.52846
      5.45654      2.70849      1.32053      1.38796
      5.46654      2.57158      1.28388      1.28770
      5.47654      2.19642      1.11510      1.08132
      5.48654      1.81450      0.92523      0.88927
      5.49654      1.83882      0.93506      0.90376
      5.50654      1.91869      0.97522      0.94347
      5.51654      1.89709      0.96635      0.93073
      5.52654      1.95023      0.99735      0.95289
      5.53654      1.98907      1.02448      0.96459
      5.54654      1.82100      0.94534      0.87566
      5.55654      1.45905      0.76072      0.69834
      5.56654      1.26351      0.66044      0.60308
      5.57654      1.34434      0.70240      0.64194
      5.58654      1.30298      0.67986      0.62312
      5.59654      1.27158      0.66584      0.60574
      5.60654      1.54809      0.82584      0.72225
      5.61654      2.39504      1.29696      1.09808
      5.62654      2.76554      1.49789      1.26764
      5.63654      1.81084      0.97582      0.83502
      5.64654      0.83135      0.44569      0.38566
      5.65654      0.74436      0.40043      0.34393
      5.66654      1.08929      0.59041      0.49887
      5.67654      1.37290      0.75317      0.61973
      5.68654      1.47371      0.81702      0.65669
      5.69654      1.17475      0.65232      0.52243
      5.70654      0.87634      0.48529      0.39105
      5.71654      0.95554      0.53106      0.42448
      5.72654      1.21805      0.68075      0.53730
      5.73654      1.35290      0.76253      0.59038
      5.74654      1.51874      0.86534      0.65341
      5.75654      1.67036      0.95554      0.71482
      5.76654      1.22250      0.69811      0.52439
      5.77654      0.59443      0.33921      0.25522
      5.78654      0.61617      0.35379      0.26239
      5.79654      0.93040      0.53607      0.39433
      5.80654      1.04150      0.60269      0.43881
      5.81654      0.98979      0.57587      0.41391
      5.82654      0.78089      0.45606      0.32483
      5.83654      0.67668      0.39602      0.28065
      5.84654      0.70768      0.41564      0.29204
      5.85654      0.93024      0.54892      0.38131
      5.86654      1.24784      0.73880      0.50904
      5.87654      1.25189      0.74300      0.50889
      5.88654      0.77251      0.45945      0.31306
      5.89654      0.54402      0.32492      0.21909
      5.90654      0.67042      0.40124      0.26918
      5.91654      0.59751      0.35859      0.23893
      5.92654      0.67761      0.40850      0.26911
      5.93654      0.80285      0.48491      0.31794
      5.94654      0.79768      0.48287      0.31481
      5.95654      0.76200      0.46263      0.29936
      5.96654      0.78016      0.47527      0.30489
      5.97654      0.76077      0.46443      0.29634
      5.98654      0.62731      0.38388      0.24343
      5.99654      0.62314      0.38250      0.24064
      6.00654      0.66511      0.40920      0.25591
      6.01654      0.63210      0.38987      0.24224
      6.02654      0.66780      0.41305      0.25475
      6.03654      0.67859      0.42059      0.25800
      6.04654      0.57778      0.35882      0.21896
      6.05654      0.37949      0.23604      0.14346
      6.06654      0.15332      0.09545      0.05786
      6.07654      0.03083      0.01920      0.01163
      6.08654      0.00263      0.00164      0.00099
      6.09654      0.00009      0.00005      0.00003
      6.10654      0.00000      0.00000      0.00000
      6.11654      0.00000      0.00000      0.00000
      6.12654      0.00000      0.00000      0.00000
      6.13654      0.00000      0.00000      0.00000
      6.14654      0.00000      0.00000      0.00000
      6.15654      0.00000      0.00000      0.00000
      6.16654      0.00000      0.00000      0.00000
      6.17654      0.00000      0.00000      0.00000
      6.18654      0.00000      0.00000      0.00000
      6.19654      0.00000      0.00000      0.00000
      6.20654      0.00000      0.00000      0.00000
      6.21654      0.00000      0.00000      0.00000
      6.22654      0.00000      0.00000      0.00000
      6.23654      0.00000      0.00000      0.00000
      6.24654      0.00000      0.00000      0.00000
      6.25654      0.00000      0.00000      0.00000
      6.26654      0.00000      0.00000      0.00000
      6.27654      0.00000      0.00000      0.00000
      6.28654      0.00000      0.00000      0.00000
      6.29654      0.00000      0.00000      0.00000
      6.30654      0.00000      0.00000      0.00000
      6.31654      0.00000      0.00000      0.00000
      6.32654      0.00000      0.00000      0.00000
      6.33654      0.00000      0.00000      0.00000
      6.34654      0.00000      0.00000      0.00000
      6.35654      0.00000      0.00000      0.00000
      6.36654      0.00000      0.00000      0.00000
      6.37654      0.00000      0.00000      0.00000
      6.38654      0.00000      0.00000      0.00000
      6.39654      0.00000      0.00000      0.00000
      6.40654      0.00000      0.00000      0.00000
      6.41654      0.00000      0.00000      0.00000
      6.42654      0.00000      0.00000      0.00000
      6.43654      0.00000      0.00000      0.00000
      6.44654      0.00000      0.00000      0.00000
      6.45654      0.00000      0.00000      0.00000
      6.46654      0.00000      0.00000      0.00000
      6.47654      0.00000      0.00000      0.00000
      6.48654      0.00000      0.00000      0.00000
      6.49654      0.00000      0.00000      0.00000
      6.50654      0.00000      0.00000      0.00000
      6.51654      0.00000      0.00000      0.00000
      6.52654      0.00000      0.00000      0.00000
      6.53654      0.00000      0.00000      0.00000
      6.54654      0.00000      0.00000      0.00000
      6.55654      0.00000      0.00000      0.00000
      6.56654      0.00000      0.00000      0.00000
      6.57654      0.00000      0.00000      0.00000
      6.58654      0.00000      0.00000      0.00000
      6.59654      0.00000      0.00000      0.00000
      6.60654      0.00000      0.00000      0.00000
      6.61654      0.00000      0.00000      0.00000
      6.62654      0.00000      0.00000      0.00000
      6.63654      0.00000      0.00000      0.00000
      6.64654      0.00000      0.00000      0.00000
      6.65654      0.00000      0.00000      0.00000
      6.66654      0.00000      0.00000      0.00000
      6.67654      0.00000      0.00000      0.00000
      6.68654      0.00000      0.00000      0.00000
      6.69654      0.00000      0.00000      0.00000
      6.70654      0.00000      0.00000      0.00000
      6.71654      0.00000      0.00000      0.00000
      6.72654      0.00000      0.00000      0.00000
      6.73654      0.00000      0.00000      0.00000
      6.74654      0.00000      0.00000      0.00000
      6.75654      0.00000      0.00000      0.00000
      6.76654      0.00000      0.00000      0.00000
      6.77654      0.00000      0.00000      0.00000
      6.78654      0.00000      0.00000      0.00000
      6.79654      0.00000      0.00000      0.00000
      6.80654      0.00000      0.00000      0.00000
      6.81654      0.00000      0.00000      0.00000
      6.82654      0.00000      0.00000      0.00000
      6.83654      0.00000      0.00000      0.00000
      6.84654      0.00000      0.00000      0.00000
      6.85654      0.00000      0.00000      0.00000
      6.86654      0.00000      0.00000      0.00000
      6.87654      0.00000      0.00000      0.00000
      6.88654      0.00000      0.00000      0.00000
      6.89654      0.00000      0.00000      0.00000
      6.90654      0.00000      0.00000      0.00000
      6.91654      0.00000      0.00000      0.00000
      6.92654      0.00000      0.00000      0.00000
      6.93654      0.00000      0.00000      0.00000
      6.94654      0.00000      0.00000      0.00000
      6.95654      0.00000      0.00000      0.00000
      6.96654      0.00000      0.00000      0.00000
      6.97654      0.00000      0.00000      0.00000
      6.98654      0.00000      0.00000      0.00000
      6.99654      0.00000      0.00000      0.00000
      7.00654      0.00000      0.00000      0.00000
      7.01654      0.00000      0.00000      0.00000
      7.02654      0.00000      0.00000      0.00000
      7.03654      0.00000      0.00000      0.00000
      7.04654      0.00000      0.00000      0.00000
      7.05654      0.00000      0.00000      0.00000
      7.06654      0.00000      0.00000      0.00000
      7.07654      0.00000      0.00000      0.00000
      7.08654      0.00000      0.00000      0.00000
      7.09654      0.00000      0.00000      0.00000
      7.10654      0.00000      0.00000      0.00000
      7.11654      0.00000      0.00000      0.00000
      7.12654      0.00000      0.00000      0.00000
      7.13654      0.00000      0.00000      0.00000
      7.14654      0.00000      0.00000      0.00000
      7.15654      0.00000      0.00000      0.00000
      7.16654      0.00000      0.00000      0.00000
      7.17654      0.00000      0.00000      0.00000
      7.18654      0.00000      0.00000      0.00000
      7.19654      0.00000      0.00000      0.00000
      7.20654      0.00000      0.00000      0.00000
      7.21654      0.00000      0.00000      0.00000
      7.22654      0.00000      0.00000      0.00000
      7.23654      0.00000      0.00000      0.00000
      7.24654      0.00000      0.00000      0.00000
      7.25654      0.00000      0.00000      0.00000
      7.26654      0.00000      0.00000      0.00000
      7.27654      0.00000      0.00000      0.00000
      7.28654      0.00000      0.00000      0.00000
      7.29654      0.00000      0.00000      0.00000
      7.30654      0.00000      0.00000      0.00000
      7.31654      0.00000      0.00000      0.00000
      7.32654      0.00000      0.00000      0.00000
      7.33654      0.00000      0.00000      0.00000
      7.34654      0.00000      0.00000      0.00000
      7.35654      0.00000      0.00000      0.00000
      7.36654      0.00000      0.00000      0.00000
      7.37654      0.00000      0.00000      0.00000
      7.38654      0.00000      0.00000      0.00000
      7.39654      0.00000      0.00000      0.00000
      7.40654      0.00000      0.00000      0.00000
      7.41654      0.00000      0.00000      0.00000
      7.42654      0.00000      0.00000      0.00000
      7.43654      0.00000      0.00000      0.00000
      7.44654      0.00000      0.00000      0.00000
      7.45654      0.00000      0.00000      0.00000
      7.46654      0.00000      0.00000      0.00000
      7.47654      0.00000      0.00000      0.00000
      7.48654      0.00000      0.00000      0.00000
      7.49654      0.00000      0.00000      0.00000
      7.50654      0.00000      0.00000      0.00000
      7.51654      0.00000      0.00000      0.00000
      7.52654      0.00000      0.00000      0.00000
      7.53654      0.00000      0.00000      0.00000
      7.54654      0.00000      0.00000      0.00000
      7.55654      0.00000      0.00000      0.00000
      7.56654      0.00009      0.00002      0.00006
      7.57654      0.00308      0.00075      0.00232
      7.58654      0.04161      0.01020      0.03141
      7.59654      0.22147      0.05431      0.16716
      7.60654      0.49727      0.12195      0.37532
      7.61654      0.52416      0.12857      0.39559
      7.62654      0.38132      0.09352      0.28779
      7.63654      0.49352      0.12110      0.37242
      7.64654      0.57916      0.14238      0.43679
      7.65654      0.32829      0.08084      0.24745
      7.66654      0.22713      0.05586      0.17127
      7.67654      0.54540      0.13399      0.41141
      7.68654      0.83830      0.20607      0.63223
      7.69654      0.80848      0.19873      0.60976
      7.70654      0.56750      0.13926      0.42824
      7.71654      0.35904      0.08860      0.27044
      7.72654      0.45564      0.11302      0.34261
      7.73654      0.60639      0.14944      0.45694
      7.74654      0.58918      0.14481      0.44437
      7.75654      0.48526      0.12011      0.36515
      7.76654      0.40787      0.10165      0.30621
      7.77654      0.37514      0.09318      0.28196
      7.78654      0.41433      0.10167      0.31266
