Energy-E_F (eV)    DOS (1/eV)    PDOS (1/eV)  of atom type W  Se 
     -5.95357      5.90496      0.00000      0.00000
     -5.94357      6.01584      0.00000      0.00000
     -5.93357      6.11461      0.00000      0.00000
     -5.92357      6.17624      0.00000      0.00000
     -5.91357      5.09610      0.00000      0.00000
     -5.90357      4.12874      0.00000      0.00000
     -5.89357      4.25577      0.00000      0.00000
     -5.88357      4.28060      0.00000      0.00000
     -5.87357      3.97650      0.00000      0.00000
     -5.86357      4.23232      0.00000      0.00000
     -5.85357      4.29970      0.00000      0.00000
     -5.84357      3.29479      0.00000      0.00000
     -5.83357      2.56231      0.00000      0.00000
     -5.82357      3.11324      0.00000      0.00000
     -5.81357      3.86474      0.00000      0.00000
     -5.80357      3.32474      0.00000      0.00000
     -5.79357      2.09041      0.00000      0.00000
     -5.78357      1.99914      0.00000      0.00000
     -5.77357      2.88399      0.00000      0.00000
     -5.76357      3.10413      0.00000      0.00000
     -5.75357      2.16693      0.00000      0.00000
     -5.74357      1.81791      0.00000      0.00000
     -5.73357      2.76380      0.00000      0.00000
     -5.72357      3.13001      0.00000      0.00000
     -5.71357      2.25211      0.00000      0.00000
     -5.70357      1.48632      0.00000      0.00000
     -5.69357      1.36273      0.00000      0.00000
     -5.68357      1.80332      0.00000      0.00000
     -5.67357      2.39187      0.00000      0.00000
     -5.66357      1.98277      0.00000      0.00000
     -5.65357      1.30033      0.00000      0.00000
     -5.64357      1.70293      0.00000      0.00000
     -5.63357      2.52007      0.00000      0.00000
     -5.62357      2.51051      0.00000      0.00000
     -5.61357      1.56992      0.00000      0.00000
     -5.60357      0.68435      0.00000      0.00000
     -5.59357      0.66833      0.00000      0.00000
     -5.58357      1.46124      0.00000      0.00000
     -5.57357      2.37371      0.00000      0.00000
     -5.56357      2.46185      0.00000      0.00000
     -5.55357      1.69429      0.00000      0.00000
     -5.54357      1.21081      0.00000      0.00000
     -5.53357      1.88710      0.00000      0.00000
     -5.52357      2.95947      0.00000      0.00000
     -5.51357      3.28943      0.00000      0.00000
     -5.50357      3.14205      0.00000      0.00000
     -5.49357      3.85648      0.00000      0.00000
     -5.48357      4.77329      0.00000      0.00000
     -5.47357      5.45855      0.00000      0.00000
     -5.46357      6.73348      0.00000      0.00000
     -5.45357      8.51043      0.00000      0.00000
     -5.44357      8.93704      0.00000      0.00000
     -5.43357      7.72845      0.00000      0.00000
     -5.42357      6.67896      0.00000      0.00000
     -5.41357      5.86634      0.00000      0.00000
     -5.40357      4.98945      0.00000      0.00000
     -5.39357      4.46363      0.00000      0.00000
     -5.38357      3.82854      0.00000      0.00000
     -5.37357      3.35394      0.00000      0.00000
     -5.36357      3.64694      0.00000      0.00000
     -5.35357      3.55820      0.00000      0.00000
     -5.34357      3.09907      0.00000      0.00000
     -5.33357      3.02542      0.00000      0.00000
     -5.32357      2.55433      0.00000      0.00000
     -5.31357      2.20680      0.00000      0.00000
     -5.30357      2.96255      0.00000      0.00000
     -5.29357      4.11708      0.00000      0.00000
     -5.28357      4.80506      0.00000      0.00000
     -5.27357      5.63654      0.00000      0.00000
     -5.26357      5.98107      0.00000      0.00000
     -5.25357      5.22150      0.00000      0.00000
     -5.24357      5.19620      0.00000      0.00000
     -5.23357      6.07040      0.00000      0.00000
     -5.22357      6.46785      0.00000      0.00000
     -5.21357      5.72129      0.00000      0.00000
     -5.20357      4.46809      0.00000      0.00000
     -5.19357      4.60831      0.00000      0.00000
     -5.18357      5.80426      0.00000      0.00000
     -5.17357      6.57951      0.00000      0.00000
     -5.16357      5.93086      0.00000      0.00000
     -5.15357      5.25542      0.00000      0.00000
     -5.14357      4.92209      0.00000      0.00000
     -5.13357      5.08027      0.00000      0.00000
     -5.12357      6.33514      0.00000      0.00000
     -5.11357      7.31379      0.00000      0.00000
     -5.10357      7.43365      0.00000      0.00000
     -5.09357      7.95099      0.00000      0.00000
     -5.08357      8.36918      0.00000      0.00000
     -5.07357      7.84293      0.00000      0.00000
     -5.06357      7.89745      0.00000      0.00000
     -5.05357      9.23789      0.00000      0.00000
     -5.04357     10.85683      0.00000      0.00000
     -5.03357     11.84040      0.00000      0.00000
     -5.02357     12.23374      0.00000      0.00000
     -5.01357     12.32178      0.00000      0.00000
     -5.00357     11.53961      0.00000      0.00000
     -4.99357      9.58972      0.00000      0.00000
     -4.98357      7.35933      0.00000      0.00000
     -4.97357      6.33395      0.00000      0.00000
     -4.96357      6.36365      0.00000      0.00000
     -4.95357      6.02142      0.00000      0.00000
     -4.94357      4.75845      0.00000      0.00000
     -4.93357      4.01252      0.00000      0.00000
     -4.92357      4.54024      0.00000      0.00000
     -4.91357      4.81846      0.00000      0.00000
     -4.90357      4.47763      0.00000      0.00000
     -4.89357      4.58249      0.00000      0.00000
     -4.88357      5.10139      0.00000      0.00000
     -4.87357      5.50941      0.00000      0.00000
     -4.86357      4.34567      0.00000      0.00000
     -4.85357      2.68632      0.00000      0.00000
     -4.84357      2.47574      0.00000      0.00000
     -4.83357      2.80633      0.00000      0.00000
     -4.82357      2.55270      0.00000      0.00000
     -4.81357      1.95568      0.00000      0.00000
     -4.80357      1.78857      0.00000      0.00000
     -4.79357      1.63818      0.00000      0.00000
     -4.78357      1.19000      0.00000      0.00000
     -4.77357      1.26508      0.00000      0.00000
     -4.76357      1.78204      0.00000      0.00000
     -4.75357      1.85559      0.00000      0.00000
     -4.74357      1.73178      0.00000      0.00000
     -4.73357      2.06543      0.00000      0.00000
     -4.72357      2.21535      0.00000      0.00000
     -4.71357      1.62497      0.00000      0.00000
     -4.70357      1.27300      0.00000      0.00000
     -4.69357      1.79755      0.00000      0.00000
     -4.68357      2.59018      0.00000      0.00000
     -4.67357      3.42334      0.00000      0.00000
     -4.66357      4.30878      0.00000      0.00000
     -4.65357      4.38856      0.00000      0.00000
     -4.64357      3.81638      0.00000      0.00000
     -4.63357      3.33053      0.00000      0.00000
     -4.62357      3.22554      0.00000      0.00000
     -4.61357      3.48908      0.00000      0.00000
     -4.60357      3.02164      0.00000      0.00000
     -4.59357      2.89351      0.00000      0.00000
     -4.58357      3.01554      0.00000      0.00000
     -4.57357      2.08991      0.00000      0.00000
     -4.56357      1.47936      0.00000      0.00000
     -4.55357      1.96037      0.00000      0.00000
     -4.54357      2.76571      0.00000      0.00000
     -4.53357      2.86631      0.00000      0.00000
     -4.52357      2.43700      0.00000      0.00000
     -4.51357      2.09405      0.00000      0.00000
     -4.50357      1.98347      0.00000      0.00000
     -4.49357      2.22381      0.00000      0.00000
     -4.48357      2.62082      0.00000      0.00000
     -4.47357      2.50213      0.00000      0.00000
     -4.46357      2.20365      0.00000      0.00000
     -4.45357      2.63136      0.00000      0.00000
     -4.44357      3.21881      0.00000      0.00000
     -4.43357      3.64542      0.00000      0.00000
     -4.42357      4.69154      0.00000      0.00000
     -4.41357      5.89486      0.00000      0.00000
     -4.40357      5.96209      0.00000      0.00000
     -4.39357      4.94821      0.00000      0.00000
     -4.38357      4.29915      0.00000      0.00000
     -4.37357      4.27578      0.00000      0.00000
     -4.36357      3.80932      0.00000      0.00000
     -4.35357      3.17365      0.00000      0.00000
     -4.34357      3.21606      0.00000      0.00000
     -4.33357      3.82148      0.00000      0.00000
     -4.32357      4.31682      0.00000      0.00000
     -4.31357      4.61947      0.00000      0.00000
     -4.30357      4.78447      0.00000      0.00000
     -4.29357      4.38902      0.00000      0.00000
     -4.28357      3.61842      0.00000      0.00000
     -4.27357      3.95338      0.00000      0.00000
     -4.26357      5.55365      0.00000      0.00000
     -4.25357      6.12922      0.00000      0.00000
     -4.24357      4.50940      0.00000      0.00000
     -4.23357      2.74334      0.00000      0.00000
     -4.22357      1.98059      0.00000      0.00000
     -4.21357      2.55706      0.00000      0.00000
     -4.20357      4.66163      0.00000      0.00000
     -4.19357      7.23133      0.00000      0.00000
     -4.18357      8.53752      0.00000      0.00000
     -4.17357      7.61797      0.00000      0.00000
     -4.16357      5.74881      0.00000      0.00000
     -4.15357      4.64470      0.00000      0.00000
     -4.14357      4.17871      0.00000      0.00000
     -4.13357      4.62170      0.00000      0.00000
     -4.12357      6.59697      0.00000      0.00000
     -4.11357      7.84052      0.00000      0.00000
     -4.10357      6.25516      0.00000      0.00000
     -4.09357      3.95336      0.00000      0.00000
     -4.08357      2.88171      0.00000      0.00000
     -4.07357      3.30280      0.00000      0.00000
     -4.06357      4.40985      0.00000      0.00000
     -4.05357      5.96765      0.00000      0.00000
     -4.04357      6.65943      0.00000      0.00000
     -4.03357      5.35987      0.00000      0.00000
     -4.02357      4.45979      0.00000      0.00000
     -4.01357      4.54571      0.00000      0.00000
     -4.00357      4.16888      0.00000      0.00000
     -3.99357      4.28912      0.00000      0.00000
     -3.98357      5.28094      0.00000      0.00000
     -3.97357      5.41577      0.00000      0.00000
     -3.96357      4.74028      0.00000      0.00000
     -3.95357      4.24124      0.00000      0.00000
     -3.94357      4.47356      0.00000      0.00000
     -3.93357      5.45748      0.00000      0.00000
     -3.92357      6.15568      0.00000      0.00000
     -3.91357      5.51107      0.00000      0.00000
     -3.90357      4.46987      0.00000      0.00000
     -3.89357      3.84064      0.00000      0.00000
     -3.88357      3.01441      0.00000      0.00000
     -3.87357      3.12615      0.00000      0.00000
     -3.86357      4.28013      0.00000      0.00000
     -3.85357      5.09815      0.00000      0.00000
     -3.84357      4.89027      0.00000      0.00000
     -3.83357      4.64104      0.00000      0.00000
     -3.82357      5.06749      0.00000      0.00000
     -3.81357      5.88196      0.00000      0.00000
     -3.80357      5.68832      0.00000      0.00000
     -3.79357      4.88376      0.00000      0.00000
     -3.78357      4.80914      0.00000      0.00000
     -3.77357      5.01353      0.00000      0.00000
     -3.76357      4.91503      0.00000      0.00000
     -3.75357      4.74048      0.00000      0.00000
     -3.74357      4.69314      0.00000      0.00000
     -3.73357      5.11470      0.00000      0.00000
     -3.72357      5.36036      0.00000      0.00000
     -3.71357      4.97020      0.00000      0.00000
     -3.70357      5.33530      0.00000      0.00000
     -3.69357      6.46774      0.00000      0.00000
     -3.68357      6.96408      0.00000      0.00000
     -3.67357      6.05591      0.00000      0.00000
     -3.66357      5.29681      0.00000      0.00000
     -3.65357      5.05236      0.00000      0.00000
     -3.64357      4.49899      0.00000      0.00000
     -3.63357      4.26481      0.00000      0.00000
     -3.62357      4.41295      0.00000      0.00000
     -3.61357      5.03023      0.00000      0.00000
     -3.60357      5.44092      0.00000      0.00000
     -3.59357      4.69930      0.00000      0.00000
     -3.58357      3.70800      0.00000      0.00000
     -3.57357      3.65560      0.00000      0.00000
     -3.56357      4.14189      0.00000      0.00000
     -3.55357      4.31365      0.00000      0.00000
     -3.54357      4.92759      0.00000      0.00000
     -3.53357      5.53382      0.00000      0.00000
     -3.52357      5.15923      0.00000      0.00000
     -3.51357      4.03125      0.00000      0.00000
     -3.50357      3.77420      0.00000      0.00000
     -3.49357      4.07534      0.00000      0.00000
     -3.48357      4.21103      0.00000      0.00000
     -3.47357      4.52877      0.00000      0.00000
     -3.46357      4.35973      0.00000      0.00000
     -3.45357      3.52860      0.00000      0.00000
     -3.44357      3.01597      0.00000      0.00000
     -3.43357      2.79577      0.00000      0.00000
     -3.42357      2.65372      0.00000      0.00000
     -3.41357      2.96116      0.00000      0.00000
     -3.40357      3.13324      0.00000      0.00000
     -3.39357      3.05515      0.00000      0.00000
     -3.38357      2.99632      0.00000      0.00000
     -3.37357      2.79712      0.00000      0.00000
     -3.36357      2.58066      0.00000      0.00000
     -3.35357      2.29469      0.00000      0.00000
     -3.34357      2.00351      0.00000      0.00000
     -3.33357      2.69039      0.00000      0.00000
     -3.32357      3.70123      0.00000      0.00000
     -3.31357      3.18981      0.00000      0.00000
     -3.30357      2.30288      0.00000      0.00000
     -3.29357      2.17411      0.00000      0.00000
     -3.28357      2.20540      0.00000      0.00000
     -3.27357      2.07670      0.00000      0.00000
     -3.26357      2.27557      0.00000      0.00000
     -3.25357      3.02086      0.00000      0.00000
     -3.24357      3.69876      0.00000      0.00000
     -3.23357      3.85070      0.00000      0.00000
     -3.22357      3.66383      0.00000      0.00000
     -3.21357      3.48934      0.00000      0.00000
     -3.20357      3.96670      0.00000      0.00000
     -3.19357      4.64562      0.00000      0.00000
     -3.18357      4.41322      0.00000      0.00000
     -3.17357      4.50617      0.00000      0.00000
     -3.16357      5.41159      0.00000      0.00000
     -3.15357      5.97159      0.00000      0.00000
     -3.14357      6.47275      0.00000      0.00000
     -3.13357      8.67879      0.00000      0.00000
     -3.12357     11.61402      0.00000      0.00000
     -3.11357     12.95026      0.00000      0.00000
     -3.10357     12.19190      0.00000      0.00000
     -3.09357     11.02536      0.00000      0.00000
     -3.08357     10.74220      0.00000      0.00000
     -3.07357     10.26030      0.00000      0.00000
     -3.06357      9.96803      0.00000      0.00000
     -3.05357     10.28032      0.00000      0.00000
     -3.04357      8.85360      0.00000      0.00000
     -3.03357      6.76357      0.00000      0.00000
     -3.02357      6.75024      0.00000      0.00000
     -3.01357      7.97180      0.00000      0.00000
     -3.00357      8.93235      0.00000      0.00000
     -2.99357      8.39362      0.00000      0.00000
     -2.98357      6.91332      0.00000      0.00000
     -2.97357      6.30623      0.00000      0.00000
     -2.96357      6.94905      0.00000      0.00000
     -2.95357      6.69621      0.00000      0.00000
     -2.94357      4.83908      0.00000      0.00000
     -2.93357      4.06997      0.00000      0.00000
     -2.92357      5.41276      0.00000      0.00000
     -2.91357      6.57696      0.00000      0.00000
     -2.90357      6.68423      0.00000      0.00000
     -2.89357      6.57803      0.00000      0.00000
     -2.88357      6.11988      0.00000      0.00000
     -2.87357      5.72242      0.00000      0.00000
     -2.86357      5.54686      0.00000      0.00000
     -2.85357      5.04348      0.00000      0.00000
     -2.84357      5.71687      0.00000      0.00000
     -2.83357      7.06152      0.00000      0.00000
     -2.82357      8.32456      0.00000      0.00000
     -2.81357      9.11629      0.00000      0.00000
     -2.80357      8.53413      0.00000      0.00000
     -2.79357      7.79657      0.00000      0.00000
     -2.78357      7.60207      0.00000      0.00000
     -2.77357      8.60053      0.00000      0.00000
     -2.76357      9.11565      0.00000      0.00000
     -2.75357      8.23190      0.00000      0.00000
     -2.74357      7.59322      0.00000      0.00000
     -2.73357      7.37247      0.00000      0.00000
     -2.72357      7.45685      0.00000      0.00000
     -2.71357      8.00399      0.00000      0.00000
     -2.70357      8.00863      0.00000      0.00000
     -2.69357      7.66036      0.00000      0.00000
     -2.68357      7.57487      0.00000      0.00000
     -2.67357      6.28323      0.00000      0.00000
     -2.66357      5.01931      0.00000      0.00000
     -2.65357      4.94394      0.00000      0.00000
     -2.64357      5.19361      0.00000      0.00000
     -2.63357      5.07423      0.00000      0.00000
     -2.62357      5.51031      0.00000      0.00000
     -2.61357      6.25760      0.00000      0.00000
     -2.60357      5.42446      0.00000      0.00000
     -2.59357      4.10854      0.00000      0.00000
     -2.58357      3.41205      0.00000      0.00000
     -2.57357      3.31264      0.00000      0.00000
     -2.56357      3.23485      0.00000      0.00000
     -2.55357      2.65380      0.00000      0.00000
     -2.54357      2.61809      0.00000      0.00000
     -2.53357      3.81319      0.00000      0.00000
     -2.52357      5.22784      0.00000      0.00000
     -2.51357      6.27544      0.00000      0.00000
     -2.50357      6.06605      0.00000      0.00000
     -2.49357      4.73063      0.00000      0.00000
     -2.48357      3.69322      0.00000      0.00000
     -2.47357      3.38864      0.00000      0.00000
     -2.46357      4.52925      0.00000      0.00000
     -2.45357      6.03019      0.00000      0.00000
     -2.44357      5.97838      0.00000      0.00000
     -2.43357      5.09740      0.00000      0.00000
     -2.42357      3.84798      0.00000      0.00000
     -2.41357      3.18146      0.00000      0.00000
     -2.40357      2.97677      0.00000      0.00000
     -2.39357      2.38931      0.00000      0.00000
     -2.38357      2.10959      0.00000      0.00000
     -2.37357      2.19618      0.00000      0.00000
     -2.36357      2.24908      0.00000      0.00000
     -2.35357      2.06213      0.00000      0.00000
     -2.34357      2.49346      0.00000      0.00000
     -2.33357      3.93496      0.00000      0.00000
     -2.32357      5.60493      0.00000      0.00000
     -2.31357      7.64761      0.00000      0.00000
     -2.30357      8.90302      0.00000      0.00000
     -2.29357      8.25251      0.00000      0.00000
     -2.28357      7.55211      0.00000      0.00000
     -2.27357      7.27231      0.00000      0.00000
     -2.26357      6.18870      0.00000      0.00000
     -2.25357      4.91647      0.00000      0.00000
     -2.24357      4.22098      0.00000      0.00000
     -2.23357      4.31021      0.00000      0.00000
     -2.22357      5.16204      0.00000      0.00000
     -2.21357      4.94399      0.00000      0.00000
     -2.20357      4.21314      0.00000      0.00000
     -2.19357      4.67690      0.00000      0.00000
     -2.18357      5.70560      0.00000      0.00000
     -2.17357      6.14490      0.00000      0.00000
     -2.16357      4.99025      0.00000      0.00000
     -2.15357      3.59781      0.00000      0.00000
     -2.14357      3.32876      0.00000      0.00000
     -2.13357      3.73763      0.00000      0.00000
     -2.12357      3.90907      0.00000      0.00000
     -2.11357      3.75861      0.00000      0.00000
     -2.10357      3.52499      0.00000      0.00000
     -2.09357      3.51880      0.00000      0.00000
     -2.08357      4.03129      0.00000      0.00000
     -2.07357      4.07143      0.00000      0.00000
     -2.06357      3.78862      0.00000      0.00000
     -2.05357      4.37115      0.00000      0.00000
     -2.04357      5.18086      0.00000      0.00000
     -2.03357      4.49567      0.00000      0.00000
     -2.02357      3.56570      0.00000      0.00000
     -2.01357      3.25422      0.00000      0.00000
     -2.00357      3.33799      0.00000      0.00000
     -1.99357      3.61095      0.00000      0.00000
     -1.98357      3.32622      0.00000      0.00000
     -1.97357      2.59220      0.00000      0.00000
     -1.96357      2.50221      0.00000      0.00000
     -1.95357      3.02430      0.00000      0.00000
     -1.94357      3.41092      0.00000      0.00000
     -1.93357      3.68308      0.00000      0.00000
     -1.92357      3.64599      0.00000      0.00000
     -1.91357      2.65787      0.00000      0.00000
     -1.90357      1.70993      0.00000      0.00000
     -1.89357      1.62004      0.00000      0.00000
     -1.88357      1.71969      0.00000      0.00000
     -1.87357      1.79724      0.00000      0.00000
     -1.86357      1.69924      0.00000      0.00000
     -1.85357      1.65713      0.00000      0.00000
     -1.84357      1.92317      0.00000      0.00000
     -1.83357      1.67348      0.00000      0.00000
     -1.82357      1.03747      0.00000      0.00000
     -1.81357      0.76234      0.00000      0.00000
     -1.80357      0.95879      0.00000      0.00000
     -1.79357      1.13970      0.00000      0.00000
     -1.78357      1.23385      0.00000      0.00000
     -1.77357      1.39021      0.00000      0.00000
     -1.76357      1.48412      0.00000      0.00000
     -1.75357      1.20934      0.00000      0.00000
     -1.74357      0.70592      0.00000      0.00000
     -1.73357      0.47293      0.00000      0.00000
     -1.72357      0.46736      0.00000      0.00000
     -1.71357      0.48468      0.00000      0.00000
     -1.70357      0.78380      0.00000      0.00000
     -1.69357      1.28521      0.00000      0.00000
     -1.68357      1.55165      0.00000      0.00000
     -1.67357      1.71248      0.00000      0.00000
     -1.66357      1.92684      0.00000      0.00000
     -1.65357      1.88268      0.00000      0.00000
     -1.64357      1.84657      0.00000      0.00000
     -1.63357      1.87654      0.00000      0.00000
     -1.62357      1.80669      0.00000      0.00000
     -1.61357      2.33962      0.00000      0.00000
     -1.60357      2.97265      0.00000      0.00000
     -1.59357      2.66746      0.00000      0.00000
     -1.58357      2.16704      0.00000      0.00000
     -1.57357      1.69115      0.00000      0.00000
     -1.56357      1.28589      0.00000      0.00000
     -1.55357      1.58207      0.00000      0.00000
     -1.54357      2.54513      0.00000      0.00000
     -1.53357      3.10123      0.00000      0.00000
     -1.52357      2.27983      0.00000      0.00000
     -1.51357      1.01308      0.00000      0.00000
     -1.50357      0.58327      0.00000      0.00000
     -1.49357      1.18783      0.00000      0.00000
     -1.48357      2.40050      0.00000      0.00000
     -1.47357      3.36988      0.00000      0.00000
     -1.46357      3.50026      0.00000      0.00000
     -1.45357      3.23368      0.00000      0.00000
     -1.44357      2.63754      0.00000      0.00000
     -1.43357      2.20530      0.00000      0.00000
     -1.42357      2.57470      0.00000      0.00000
     -1.41357      2.62550      0.00000      0.00000
     -1.40357      1.99905      0.00000      0.00000
     -1.39357      2.10680      0.00000      0.00000
     -1.38357      3.61683      0.00000      0.00000
     -1.37357      4.59684      0.00000      0.00000
     -1.36357      3.44796      0.00000      0.00000
     -1.35357      2.29558      0.00000      0.00000
     -1.34357      2.76723      0.00000      0.00000
     -1.33357      3.47675      0.00000      0.00000
     -1.32357      4.03224      0.00000      0.00000
     -1.31357      4.96825      0.00000      0.00000
     -1.30357      5.51412      0.00000      0.00000
     -1.29357      5.38722      0.00000      0.00000
     -1.28357      5.21942      0.00000      0.00000
     -1.27357      5.18853      0.00000      0.00000
     -1.26357      4.82287      0.00000      0.00000
     -1.25357      4.12158      0.00000      0.00000
     -1.24357      4.08242      0.00000      0.00000
     -1.23357      4.16829      0.00000      0.00000
     -1.22357      4.09551      0.00000      0.00000
     -1.21357      3.95217      0.00000      0.00000
     -1.20357      3.61545      0.00000      0.00000
     -1.19357      3.83660      0.00000      0.00000
     -1.18357      4.53646      0.00000      0.00000
     -1.17357      4.59664      0.00000      0.00000
     -1.16357      4.30026      0.00000      0.00000
     -1.15357      3.82580      0.00000      0.00000
     -1.14357      3.39289      0.00000      0.00000
     -1.13357      3.54869      0.00000      0.00000
     -1.12357      3.58322      0.00000      0.00000
     -1.11357      3.65458      0.00000      0.00000
     -1.10357      4.41102      0.00000      0.00000
     -1.09357      5.42217      0.00000      0.00000
     -1.08357      5.43659      0.00000      0.00000
     -1.07357      4.21620      0.00000      0.00000
     -1.06357      3.62965      0.00000      0.00000
     -1.05357      4.07054      0.00000      0.00000
     -1.04357      4.80814      0.00000      0.00000
     -1.03357      5.82134      0.00000      0.00000
     -1.02357      6.11805      0.00000      0.00000
     -1.01357      5.33323      0.00000      0.00000
     -1.00357      5.03023      0.00000      0.00000
     -0.99357      5.09663      0.00000      0.00000
     -0.98357      5.16606      0.00000      0.00000
     -0.97357      4.84636      0.00000      0.00000
     -0.96357      4.39236      0.00000      0.00000
     -0.95357      4.13626      0.00000      0.00000
     -0.94357      3.70375      0.00000      0.00000
     -0.93357      4.33138      0.00000      0.00000
     -0.92357      4.93667      0.00000      0.00000
     -0.91357      3.99163      0.00000      0.00000
     -0.90357      3.20619      0.00000      0.00000
     -0.89357      3.29596      0.00000      0.00000
     -0.88357      3.66848      0.00000      0.00000
     -0.87357      3.79934      0.00000      0.00000
     -0.86357      3.62450      0.00000      0.00000
     -0.85357      3.91491      0.00000      0.00000
     -0.84357      4.07400      0.00000      0.00000
     -0.83357      3.69496      0.00000      0.00000
     -0.82357      3.74566      0.00000      0.00000
     -0.81357      3.47612      0.00000      0.00000
     -0.80357      2.79798      0.00000      0.00000
     -0.79357      3.00001      0.00000      0.00000
     -0.78357      3.78483      0.00000      0.00000
     -0.77357      3.83009      0.00000      0.00000
     -0.76357      3.25475      0.00000      0.00000
     -0.75357      3.03158      0.00000      0.00000
     -0.74357      3.36971      0.00000      0.00000
     -0.73357      3.96660      0.00000      0.00000
     -0.72357      4.09071      0.00000      0.00000
     -0.71357      3.66451      0.00000      0.00000
     -0.70357      3.17019      0.00000      0.00000
     -0.69357      2.85935      0.00000      0.00000
     -0.68357      3.35597      0.00000      0.00000
     -0.67357      3.88499      0.00000      0.00000
     -0.66357      3.40579      0.00000      0.00000
     -0.65357      2.71988      0.00000      0.00000
     -0.64357      2.39532      0.00000      0.00000
     -0.63357      2.09726      0.00000      0.00000
     -0.62357      1.66058      0.00000      0.00000
     -0.61357      1.62461      0.00000      0.00000
     -0.60357      1.62193      0.00000      0.00000
     -0.59357      1.26411      0.00000      0.00000
     -0.58357      0.97805      0.00000      0.00000
     -0.57357      0.92618      0.00000      0.00000
     -0.56357      1.11825      0.00000      0.00000
     -0.55357      1.31583      0.00000      0.00000
     -0.54357      1.21161      0.00000      0.00000
     -0.53357      1.01122      0.00000      0.00000
     -0.52357      0.86115      0.00000      0.00000
     -0.51357      0.77007      0.00000      0.00000
     -0.50357      1.01763      0.00000      0.00000
     -0.49357      1.09608      0.00000      0.00000
     -0.48357      1.04810      0.00000      0.00000
     -0.47357      0.95207      0.00000      0.00000
     -0.46357      0.88472      0.00000      0.00000
     -0.45357      0.78991      0.00000      0.00000
     -0.44357      0.57035      0.00000      0.00000
     -0.43357      0.49561      0.00000      0.00000
     -0.42357      0.51889      0.00000      0.00000
     -0.41357      0.53188      0.00000      0.00000
     -0.40357      0.46176      0.00000      0.00000
     -0.39357      0.36941      0.00000      0.00000
     -0.38357      0.44235      0.00000      0.00000
     -0.37357      0.56396      0.00000      0.00000
     -0.36357      0.51724      0.00000      0.00000
     -0.35357      0.26679      0.00000      0.00000
     -0.34357      0.25826      0.00000      0.00000
     -0.33357      0.55552      0.00000      0.00000
     -0.32357      0.71325      0.00000      0.00000
     -0.31357      0.80056      0.00000      0.00000
     -0.30357      0.85979      0.00000      0.00000
     -0.29357      0.54279      0.00000      0.00000
     -0.28357      0.16181      0.00000      0.00000
     -0.27357      0.03515      0.00000      0.00000
     -0.26357      0.13886      0.00000      0.00000
     -0.25357      0.47507      0.00000      0.00000
     -0.24357      0.60642      0.00000      0.00000
     -0.23357      0.31966      0.00000      0.00000
     -0.22357      0.18718      0.00000      0.00000
     -0.21357      0.25999      0.00000      0.00000
     -0.20357      0.35018      0.00000      0.00000
     -0.19357      0.32150      0.00000      0.00000
     -0.18357      0.31644      0.00000      0.00000
     -0.17357      0.50896      0.00000      0.00000
     -0.16357      0.56388      0.00000      0.00000
     -0.15357      0.46212      0.00000      0.00000
     -0.14357      0.35830      0.00000      0.00000
     -0.13357      0.17002      0.00000      0.00000
     -0.12357      0.08254      0.00000      0.00000
     -0.11357      0.16452      0.00000      0.00000
     -0.10357      0.28058      0.00000      0.00000
     -0.09357      0.35456      0.00000      0.00000
     -0.08357      0.26858      0.00000      0.00000
     -0.07357      0.21648      0.00000      0.00000
     -0.06357      0.31712      0.00000      0.00000
     -0.05357      0.28735      0.00000      0.00000
     -0.04357      0.28339      0.00000      0.00000
     -0.03357      0.31683      0.00000      0.00000
     -0.02357      0.18777      0.00000      0.00000
     -0.01357      0.14044      0.00000      0.00000
     -0.00357      0.15568      0.00000      0.00000
      0.00643      0.07863      0.00000      0.00000
      0.01643      0.01479      0.00000      0.00000
      0.02643      0.00102      0.00000      0.00000
      0.03643      0.00003      0.00000      0.00000
      0.04643      0.00000      0.00000      0.00000
      0.05643      0.00000      0.00000      0.00000
      0.06643      0.00000      0.00000      0.00000
      0.07643      0.00000      0.00000      0.00000
      0.08643      0.00000      0.00000      0.00000
      0.09643      0.00000      0.00000      0.00000
      0.10643      0.00000      0.00000      0.00000
      0.11643      0.00000      0.00000      0.00000
      0.12643      0.00000      0.00000      0.00000
      0.13643      0.00000      0.00000      0.00000
      0.14643      0.00000      0.00000      0.00000
      0.15643      0.00000      0.00000      0.00000
      0.16643      0.00000      0.00000      0.00000
      0.17643      0.00000      0.00000      0.00000
      0.18643      0.00000      0.00000      0.00000
      0.19643      0.00000      0.00000      0.00000
      0.20643      0.00000      0.00000      0.00000
      0.21643      0.00000      0.00000      0.00000
      0.22643      0.00000      0.00000      0.00000
      0.23643      0.00000      0.00000      0.00000
      0.24643      0.00000      0.00000      0.00000
      0.25643      0.00000      0.00000      0.00000
      0.26643      0.00000      0.00000      0.00000
      0.27643      0.00000      0.00000      0.00000
      0.28643      0.00000      0.00000      0.00000
      0.29643      0.00000      0.00000      0.00000
      0.30643      0.00000      0.00000      0.00000
      0.31643      0.00000      0.00000      0.00000
      0.32643      0.00000      0.00000      0.00000
      0.33643      0.00000      0.00000      0.00000
      0.34643      0.00000      0.00000      0.00000
      0.35643      0.00000      0.00000      0.00000
      0.36643      0.00000      0.00000      0.00000
      0.37643      0.00000      0.00000      0.00000
      0.38643      0.00000      0.00000      0.00000
      0.39643      0.00000      0.00000      0.00000
      0.40643      0.00000      0.00000      0.00000
      0.41643      0.00000      0.00000      0.00000
      0.42643      0.00000      0.00000      0.00000
      0.43643      0.00000      0.00000      0.00000
      0.44643      0.00000      0.00000      0.00000
      0.45643      0.00000      0.00000      0.00000
      0.46643      0.00000      0.00000      0.00000
      0.47643      0.00000      0.00000      0.00000
      0.48643      0.00000      0.00000      0.00000
      0.49643      0.00000      0.00000      0.00000
      0.50643      0.00000      0.00000      0.00000
      0.51643      0.00000      0.00000      0.00000
      0.52643      0.00000      0.00000      0.00000
      0.53643      0.00000      0.00000      0.00000
      0.54643      0.00000      0.00000      0.00000
      0.55643      0.00000      0.00000      0.00000
      0.56643      0.00000      0.00000      0.00000
      0.57643      0.00000      0.00000      0.00000
      0.58643      0.00000      0.00000      0.00000
      0.59643      0.00000      0.00000      0.00000
      0.60643      0.00000      0.00000      0.00000
      0.61643      0.00000      0.00000      0.00000
      0.62643      0.00000      0.00000      0.00000
      0.63643      0.00000      0.00000      0.00000
      0.64643      0.00000      0.00000      0.00000
      0.65643      0.00000      0.00000      0.00000
      0.66643      0.00000      0.00000      0.00000
      0.67643      0.00000      0.00000      0.00000
      0.68643      0.00000      0.00000      0.00000
      0.69643      0.00000      0.00000      0.00000
      0.70643      0.00000      0.00000      0.00000
      0.71643      0.00000      0.00000      0.00000
      0.72643      0.00000      0.00000      0.00000
      0.73643      0.00000      0.00000      0.00000
      0.74643      0.00000      0.00000      0.00000
      0.75643      0.00000      0.00000      0.00000
      0.76643      0.00000      0.00000      0.00000
      0.77643      0.00000      0.00000      0.00000
      0.78643      0.00000      0.00000      0.00000
      0.79643      0.00000      0.00000      0.00000
      0.80643      0.00000      0.00000      0.00000
      0.81643      0.00000      0.00000      0.00000
      0.82643      0.00000      0.00000      0.00000
      0.83643      0.00000      0.00000      0.00000
      0.84643      0.00000      0.00000      0.00000
      0.85643      0.00000      0.00000      0.00000
      0.86643      0.00000      0.00000      0.00000
      0.87643      0.00000      0.00000      0.00000
      0.88643      0.00000      0.00000      0.00000
      0.89643      0.00000      0.00000      0.00000
      0.90643      0.00000      0.00000      0.00000
      0.91643      0.00000      0.00000      0.00000
      0.92643      0.00000      0.00000      0.00000
      0.93643      0.00000      0.00000      0.00000
      0.94643      0.00000      0.00000      0.00000
      0.95643      0.00000      0.00000      0.00000
      0.96643      0.00000      0.00000      0.00000
      0.97643      0.00000      0.00000      0.00000
      0.98643      0.00000      0.00000      0.00000
      0.99643      0.00000      0.00000      0.00000
      1.00643      0.00000      0.00000      0.00000
      1.01643      0.00000      0.00000      0.00000
      1.02643      0.00000      0.00000      0.00000
      1.03643      0.00000      0.00000      0.00000
      1.04643      0.00000      0.00000      0.00000
      1.05643      0.00000      0.00000      0.00000
      1.06643      0.00000      0.00000      0.00000
      1.07643      0.00000      0.00000      0.00000
      1.08643      0.00000      0.00000      0.00000
      1.09643      0.00000      0.00000      0.00000
      1.10643      0.00000      0.00000      0.00000
      1.11643      0.00000      0.00000      0.00000
      1.12643      0.00000      0.00000      0.00000
      1.13643      0.00000      0.00000      0.00000
      1.14643      0.00000      0.00000      0.00000
      1.15643      0.00000      0.00000      0.00000
      1.16643      0.00000      0.00000      0.00000
      1.17643      0.00000      0.00000      0.00000
      1.18643      0.00000      0.00000      0.00000
      1.19643      0.00000      0.00000      0.00000
      1.20643      0.00000      0.00000      0.00000
      1.21643      0.00000      0.00000      0.00000
      1.22643      0.00000      0.00000      0.00000
      1.23643      0.00000      0.00000      0.00000
      1.24643      0.00000      0.00000      0.00000
      1.25643      0.00000      0.00000      0.00000
      1.26643      0.00000      0.00000      0.00000
      1.27643      0.00000      0.00000      0.00000
      1.28643      0.00000      0.00000      0.00000
      1.29643      0.00000      0.00000      0.00000
      1.30643      0.00000      0.00000      0.00000
      1.31643      0.00000      0.00000      0.00000
      1.32643      0.00000      0.00000      0.00000
      1.33643      0.00000      0.00000      0.00000
      1.34643      0.00000      0.00000      0.00000
      1.35643      0.00000      0.00000      0.00000
      1.36643      0.00000      0.00000      0.00000
      1.37643      0.00000      0.00000      0.00000
      1.38643      0.00000      0.00000      0.00000
      1.39643      0.00000      0.00000      0.00000
      1.40643      0.00000      0.00000      0.00000
      1.41643      0.00000      0.00000      0.00000
      1.42643      0.00000      0.00000      0.00000
      1.43643      0.00000      0.00000      0.00000
      1.44643      0.00000      0.00000      0.00000
      1.45643      0.00000      0.00000      0.00000
      1.46643      0.00000      0.00000      0.00000
      1.47643      0.00000      0.00000      0.00000
      1.48643      0.00000      0.00000      0.00000
      1.49643      0.00000      0.00000      0.00000
      1.50643      0.00000      0.00000      0.00000
      1.51643      0.00000      0.00000      0.00000
      1.52643      0.00000      0.00000      0.00000
      1.53643      0.00000      0.00000      0.00000
      1.54643      0.00000      0.00000      0.00000
      1.55643      0.00000      0.00000      0.00000
      1.56643      0.00000      0.00000      0.00000
      1.57643      0.00000      0.00000      0.00000
      1.58643      0.00000      0.00000      0.00000
      1.59643      0.00000      0.00000      0.00000
      1.60643      0.00000      0.00000      0.00000
      1.61643      0.00000      0.00000      0.00000
      1.62643      0.00000      0.00000      0.00000
      1.63643      0.00000      0.00000      0.00000
      1.64643      0.00000      0.00000      0.00000
      1.65643      0.00000      0.00000      0.00000
      1.66643      0.00000      0.00000      0.00000
      1.67643      0.00000      0.00000      0.00000
      1.68643      0.00000      0.00000      0.00000
      1.69643      0.00000      0.00000      0.00000
      1.70643      0.00000      0.00000      0.00000
      1.71643      0.00000      0.00000      0.00000
      1.72643      0.00000      0.00000      0.00000
      1.73643      0.00000      0.00000      0.00000
      1.74643      0.00001      0.00000      0.00000
      1.75643      0.00060      0.00000      0.00000
      1.76643      0.01395      0.00000      0.00000
      1.77643      0.12250      0.00000      0.00000
      1.78643      0.44008      0.00000      0.00000
      1.79643      0.84478      0.00000      0.00000
      1.80643      1.26076      0.00000      0.00000
      1.81643      1.44044      0.00000      0.00000
      1.82643      1.32894      0.00000      0.00000
      1.83643      1.38144      0.00000      0.00000
      1.84643      1.27618      0.00000      0.00000
      1.85643      0.93856      0.00000      0.00000
      1.86643      1.17253      0.00000      0.00000
      1.87643      1.85833      0.00000      0.00000
      1.88643      1.92318      0.00000      0.00000
      1.89643      1.62081      0.00000      0.00000
      1.90643      1.46296      0.00000      0.00000
      1.91643      1.35176      0.00000      0.00000
      1.92643      1.79724      0.00000      0.00000
      1.93643      2.33234      0.00000      0.00000
      1.94643      1.89649      0.00000      0.00000
      1.95643      1.15724      0.00000      0.00000
      1.96643      1.71248      0.00000      0.00000
      1.97643      3.13562      0.00000      0.00000
      1.98643      3.85918      0.00000      0.00000
      1.99643      4.13661      0.00000      0.00000
      2.00643      4.08690      0.00000      0.00000
      2.01643      3.74827      0.00000      0.00000
      2.02643      3.96606      0.00000      0.00000
      2.03643      4.47299      0.00000      0.00000
      2.04643      4.37498      0.00000      0.00000
      2.05643      4.26838      0.00000      0.00000
      2.06643      4.64963      0.00000      0.00000
      2.07643      4.85430      0.00000      0.00000
      2.08643      5.27453      0.00000      0.00000
      2.09643      6.03575      0.00000      0.00000
      2.10643      6.82991      0.00000      0.00000
      2.11643      7.41239      0.00000      0.00000
      2.12643      7.43601      0.00000      0.00000
      2.13643      7.41505      0.00000      0.00000
      2.14643      6.91227      0.00000      0.00000
      2.15643      6.09385      0.00000      0.00000
      2.16643      5.52627      0.00000      0.00000
      2.17643      5.33235      0.00000      0.00000
      2.18643      5.98421      0.00000      0.00000
      2.19643      6.30345      0.00000      0.00000
      2.20643      5.25976      0.00000      0.00000
      2.21643      4.13161      0.00000      0.00000
      2.22643      4.06259      0.00000      0.00000
      2.23643      4.93773      0.00000      0.00000
      2.24643      5.94369      0.00000      0.00000
      2.25643      5.88550      0.00000      0.00000
      2.26643      4.94035      0.00000      0.00000
      2.27643      4.34213      0.00000      0.00000
      2.28643      4.87172      0.00000      0.00000
      2.29643      6.22043      0.00000      0.00000
      2.30643      6.81039      0.00000      0.00000
      2.31643      6.58972      0.00000      0.00000
      2.32643      6.10575      0.00000      0.00000
      2.33643      4.92010      0.00000      0.00000
      2.34643      4.40534      0.00000      0.00000
      2.35643      4.83960      0.00000      0.00000
      2.36643      5.25298      0.00000      0.00000
      2.37643      4.78022      0.00000      0.00000
      2.38643      4.27433      0.00000      0.00000
      2.39643      4.02413      0.00000      0.00000
      2.40643      3.69284      0.00000      0.00000
      2.41643      4.07260      0.00000      0.00000
      2.42643      5.16496      0.00000      0.00000
      2.43643      5.28182      0.00000      0.00000
      2.44643      3.83161      0.00000      0.00000
      2.45643      3.56710      0.00000      0.00000
      2.46643      4.71129      0.00000      0.00000
      2.47643      4.84214      0.00000      0.00000
      2.48643      4.02253      0.00000      0.00000
      2.49643      3.01387      0.00000      0.00000
      2.50643      2.83281      0.00000      0.00000
      2.51643      3.42650      0.00000      0.00000
      2.52643      3.88127      0.00000      0.00000
      2.53643      3.85001      0.00000      0.00000
      2.54643      3.31240      0.00000      0.00000
      2.55643      2.78913      0.00000      0.00000
      2.56643      3.04436      0.00000      0.00000
      2.57643      3.68640      0.00000      0.00000
      2.58643      3.95429      0.00000      0.00000
      2.59643      4.18820      0.00000      0.00000
      2.60643      4.98128      0.00000      0.00000
      2.61643      6.44964      0.00000      0.00000
      2.62643      8.91121      0.00000      0.00000
      2.63643     11.09396      0.00000      0.00000
      2.64643     11.42445      0.00000      0.00000
      2.65643     11.97618      0.00000      0.00000
      2.66643     13.12979      0.00000      0.00000
      2.67643     12.53016      0.00000      0.00000
      2.68643     11.39194      0.00000      0.00000
      2.69643     10.34887      0.00000      0.00000
      2.70643      9.31561      0.00000      0.00000
      2.71643      8.04691      0.00000      0.00000
      2.72643      6.80608      0.00000      0.00000
      2.73643      7.37387      0.00000      0.00000
      2.74643      8.69597      0.00000      0.00000
      2.75643      8.72297      0.00000      0.00000
      2.76643      7.88598      0.00000      0.00000
      2.77643      7.82742      0.00000      0.00000
      2.78643      7.92664      0.00000      0.00000
      2.79643      6.89965      0.00000      0.00000
      2.80643      6.51769      0.00000      0.00000
      2.81643      7.30263      0.00000      0.00000
      2.82643      8.40972      0.00000      0.00000
      2.83643      7.99681      0.00000      0.00000
      2.84643      6.83020      0.00000      0.00000
      2.85643      6.46588      0.00000      0.00000
      2.86643      6.52427      0.00000      0.00000
      2.87643      6.73322      0.00000      0.00000
      2.88643      6.25469      0.00000      0.00000
      2.89643      5.55186      0.00000      0.00000
      2.90643      5.97229      0.00000      0.00000
      2.91643      6.59700      0.00000      0.00000
      2.92643      6.21507      0.00000      0.00000
      2.93643      5.62251      0.00000      0.00000
      2.94643      5.47403      0.00000      0.00000
      2.95643      5.79808      0.00000      0.00000
      2.96643      7.21596      0.00000      0.00000
      2.97643      7.99443      0.00000      0.00000
      2.98643      7.58745      0.00000      0.00000
      2.99643      9.31233      0.00000      0.00000
      3.00643     12.28017      0.00000      0.00000
      3.01643     12.57719      0.00000      0.00000
      3.02643     11.78853      0.00000      0.00000
      3.03643     14.31963      0.00000      0.00000
      3.04643     17.95065      0.00000      0.00000
      3.05643     16.53093      0.00000      0.00000
      3.06643     11.37739      0.00000      0.00000
      3.07643      7.91709      0.00000      0.00000
      3.08643      7.50041      0.00000      0.00000
      3.09643      7.46369      0.00000      0.00000
      3.10643      7.23281      0.00000      0.00000
      3.11643      8.99818      0.00000      0.00000
      3.12643     10.53610      0.00000      0.00000
      3.13643      8.92571      0.00000      0.00000
      3.14643      6.19248      0.00000      0.00000
      3.15643      4.98228      0.00000      0.00000
      3.16643      5.13223      0.00000      0.00000
      3.17643      6.06739      0.00000      0.00000
      3.18643      8.21648      0.00000      0.00000
      3.19643      9.58992      0.00000      0.00000
      3.20643      8.53160      0.00000      0.00000
      3.21643      6.27355      0.00000      0.00000
      3.22643      4.66024      0.00000      0.00000
      3.23643      3.94209      0.00000      0.00000
      3.24643      4.49712      0.00000      0.00000
      3.25643      6.63466      0.00000      0.00000
      3.26643      7.31826      0.00000      0.00000
      3.27643      6.05175      0.00000      0.00000
      3.28643      5.13914      0.00000      0.00000
      3.29643      4.53090      0.00000      0.00000
      3.30643      4.38720      0.00000      0.00000
      3.31643      5.01647      0.00000      0.00000
      3.32643      5.86355      0.00000      0.00000
      3.33643      5.30001      0.00000      0.00000
      3.34643      4.19980      0.00000      0.00000
      3.35643      4.44595      0.00000      0.00000
      3.36643      5.68255      0.00000      0.00000
      3.37643      6.71021      0.00000      0.00000
      3.38643      7.29030      0.00000      0.00000
      3.39643      7.10084      0.00000      0.00000
      3.40643      5.95167      0.00000      0.00000
      3.41643      4.78395      0.00000      0.00000
      3.42643      5.15956      0.00000      0.00000
      3.43643      6.61296      0.00000      0.00000
      3.44643      7.42107      0.00000      0.00000
      3.45643      6.79969      0.00000      0.00000
      3.46643      5.16793      0.00000      0.00000
      3.47643      4.52721      0.00000      0.00000
      3.48643      5.20838      0.00000      0.00000
      3.49643      6.34712      0.00000      0.00000
      3.50643      7.13840      0.00000      0.00000
      3.51643      7.26295      0.00000      0.00000
      3.52643      6.89325      0.00000      0.00000
      3.53643      6.24074      0.00000      0.00000
      3.54643      5.23314      0.00000      0.00000
      3.55643      4.82603      0.00000      0.00000
      3.56643      5.58308      0.00000      0.00000
      3.57643      5.77405      0.00000      0.00000
      3.58643      4.68673      0.00000      0.00000
      3.59643      3.66828      0.00000      0.00000
      3.60643      3.75793      0.00000      0.00000
      3.61643      4.69504      0.00000      0.00000
      3.62643      5.08461      0.00000      0.00000
      3.63643      3.77722      0.00000      0.00000
      3.64643      2.71755      0.00000      0.00000
      3.65643      3.08741      0.00000      0.00000
      3.66643      3.25528      0.00000      0.00000
      3.67643      2.61742      0.00000      0.00000
      3.68643      2.53706      0.00000      0.00000
      3.69643      2.90649      0.00000      0.00000
      3.70643      3.56230      0.00000      0.00000
      3.71643      4.23601      0.00000      0.00000
      3.72643      4.33624      0.00000      0.00000
      3.73643      4.31477      0.00000      0.00000
      3.74643      4.25915      0.00000      0.00000
      3.75643      4.47575      0.00000      0.00000
      3.76643      4.39651      0.00000      0.00000
      3.77643      3.92942      0.00000      0.00000
      3.78643      3.78821      0.00000      0.00000
      3.79643      3.37838      0.00000      0.00000
      3.80643      2.85279      0.00000      0.00000
      3.81643      2.71665      0.00000      0.00000
      3.82643      2.85724      0.00000      0.00000
      3.83643      3.04642      0.00000      0.00000
      3.84643      3.28195      0.00000      0.00000
      3.85643      3.55859      0.00000      0.00000
      3.86643      3.90009      0.00000      0.00000
      3.87643      3.47685      0.00000      0.00000
      3.88643      2.56152      0.00000      0.00000
      3.89643      2.35461      0.00000      0.00000
      3.90643      3.13271      0.00000      0.00000
      3.91643      4.32175      0.00000      0.00000
      3.92643      4.88423      0.00000      0.00000
      3.93643      4.76759      0.00000      0.00000
      3.94643      4.32794      0.00000      0.00000
      3.95643      3.53222      0.00000      0.00000
      3.96643      2.70616      0.00000      0.00000
      3.97643      2.26663      0.00000      0.00000
      3.98643      2.38121      0.00000      0.00000
      3.99643      3.33523      0.00000      0.00000
      4.00643      4.41420      0.00000      0.00000
      4.01643      4.80040      0.00000      0.00000
      4.02643      4.25651      0.00000      0.00000
      4.03643      3.29891      0.00000      0.00000
      4.04643      2.47479      0.00000      0.00000
      4.05643      2.03317      0.00000      0.00000
      4.06643      2.23628      0.00000      0.00000
      4.07643      3.68245      0.00000      0.00000
      4.08643      4.78905      0.00000      0.00000
      4.09643      3.93060      0.00000      0.00000
      4.10643      2.63447      0.00000      0.00000
      4.11643      1.97142      0.00000      0.00000
      4.12643      1.36449      0.00000      0.00000
      4.13643      1.08252      0.00000      0.00000
      4.14643      1.47882      0.00000      0.00000
      4.15643      1.90582      0.00000      0.00000
      4.16643      2.25259      0.00000      0.00000
      4.17643      2.21973      0.00000      0.00000
      4.18643      1.51496      0.00000      0.00000
      4.19643      0.78766      0.00000      0.00000
      4.20643      0.58994      0.00000      0.00000
      4.21643      0.90903      0.00000      0.00000
      4.22643      1.71599      0.00000      0.00000
      4.23643      2.76647      0.00000      0.00000
      4.24643      3.31485      0.00000      0.00000
      4.25643      2.57031      0.00000      0.00000
      4.26643      1.36041      0.00000      0.00000
      4.27643      0.71178      0.00000      0.00000
      4.28643      0.74555      0.00000      0.00000
      4.29643      0.95498      0.00000      0.00000
      4.30643      1.38885      0.00000      0.00000
      4.31643      2.02332      0.00000      0.00000
      4.32643      1.86282      0.00000      0.00000
      4.33643      1.05559      0.00000      0.00000
      4.34643      0.85200      0.00000      0.00000
      4.35643      1.66841      0.00000      0.00000
      4.36643      2.67559      0.00000      0.00000
      4.37643      3.69256      0.00000      0.00000
      4.38643      4.01915      0.00000      0.00000
      4.39643      3.16530      0.00000      0.00000
      4.40643      2.52801      0.00000      0.00000
      4.41643      2.39965      0.00000      0.00000
      4.42643      2.49836      0.00000      0.00000
      4.43643      2.65398      0.00000      0.00000
      4.44643      2.60402      0.00000      0.00000
      4.45643      2.84661      0.00000      0.00000
      4.46643      3.63851      0.00000      0.00000
      4.47643      4.23379      0.00000      0.00000
      4.48643      4.42286      0.00000      0.00000
      4.49643      4.25253      0.00000      0.00000
      4.50643      3.93228      0.00000      0.00000
      4.51643      4.29169      0.00000      0.00000
      4.52643      4.82389      0.00000      0.00000
      4.53643      4.61589      0.00000      0.00000
      4.54643      4.27866      0.00000      0.00000
      4.55643      5.09150      0.00000      0.00000
      4.56643      6.58054      0.00000      0.00000
      4.57643      7.44471      0.00000      0.00000
      4.58643      7.97592      0.00000      0.00000
      4.59643      8.85338      0.00000      0.00000
      4.60643      9.08823      0.00000      0.00000
      4.61643      9.25667      0.00000      0.00000
      4.62643      9.61162      0.00000      0.00000
      4.63643      8.83775      0.00000      0.00000
      4.64643      8.43265      0.00000      0.00000
      4.65643      9.09738      0.00000      0.00000
      4.66643      9.40813      0.00000      0.00000
      4.67643      8.84335      0.00000      0.00000
      4.68643      8.29202      0.00000      0.00000
      4.69643      8.03338      0.00000      0.00000
      4.70643      7.64032      0.00000      0.00000
      4.71643      6.97515      0.00000      0.00000
      4.72643      6.03780      0.00000      0.00000
      4.73643      5.96104      0.00000      0.00000
      4.74643      6.24133      0.00000      0.00000
      4.75643      6.29418      0.00000      0.00000
      4.76643      6.35967      0.00000      0.00000
      4.77643      6.37925      0.00000      0.00000
      4.78643      6.19676      0.00000      0.00000
      4.79643      5.59663      0.00000      0.00000
      4.80643      4.35139      0.00000      0.00000
      4.81643      3.45203      0.00000      0.00000
      4.82643      3.11000      0.00000      0.00000
      4.83643      2.33202      0.00000      0.00000
      4.84643      2.14539      0.00000      0.00000
      4.85643      3.05274      0.00000      0.00000
      4.86643      4.11507      0.00000      0.00000
      4.87643      4.40253      0.00000      0.00000
      4.88643      3.45871      0.00000      0.00000
      4.89643      2.43360      0.00000      0.00000
      4.90643      1.96762      0.00000      0.00000
      4.91643      2.05913      0.00000      0.00000
      4.92643      2.40950      0.00000      0.00000
      4.93643      2.63881      0.00000      0.00000
      4.94643      2.71593      0.00000      0.00000
      4.95643      2.63988      0.00000      0.00000
      4.96643      2.67077      0.00000      0.00000
      4.97643      3.21131      0.00000      0.00000
      4.98643      3.38963      0.00000      0.00000
      4.99643      2.59534      0.00000      0.00000
      5.00643      2.00091      0.00000      0.00000
      5.01643      2.24765      0.00000      0.00000
      5.02643      2.69584      0.00000      0.00000
      5.03643      2.86108      0.00000      0.00000
      5.04643      2.27431      0.00000      0.00000
      5.05643      1.46928      0.00000      0.00000
      5.06643      1.34047      0.00000      0.00000
      5.07643      1.57896      0.00000      0.00000
      5.08643      1.64242      0.00000      0.00000
      5.09643      1.71459      0.00000      0.00000
      5.10643      2.17334      0.00000      0.00000
      5.11643      2.53795      0.00000      0.00000
      5.12643      2.36635      0.00000      0.00000
      5.13643      1.98144      0.00000      0.00000
      5.14643      1.99583      0.00000      0.00000
      5.15643      2.29389      0.00000      0.00000
      5.16643      1.98837      0.00000      0.00000
      5.17643      1.21825      0.00000      0.00000
      5.18643      1.19054      0.00000      0.00000
      5.19643      1.54470      0.00000      0.00000
      5.20643      1.56183      0.00000      0.00000
      5.21643      1.37227      0.00000      0.00000
      5.22643      1.19530      0.00000      0.00000
      5.23643      1.30975      0.00000      0.00000
      5.24643      1.56809      0.00000      0.00000
      5.25643      2.03791      0.00000      0.00000
      5.26643      2.42558      0.00000      0.00000
      5.27643      2.42231      0.00000      0.00000
      5.28643      2.22540      0.00000      0.00000
      5.29643      1.89869      0.00000      0.00000
      5.30643      1.75468      0.00000      0.00000
      5.31643      1.38936      0.00000      0.00000
      5.32643      0.98599      0.00000      0.00000
      5.33643      1.40331      0.00000      0.00000
      5.34643      2.03786      0.00000      0.00000
      5.35643      1.57208      0.00000      0.00000
      5.36643      0.67255      0.00000      0.00000
      5.37643      0.67612      0.00000      0.00000
      5.38643      1.31736      0.00000      0.00000
      5.39643      1.63885      0.00000      0.00000
      5.40643      1.63198      0.00000      0.00000
      5.41643      1.62269      0.00000      0.00000
      5.42643      1.62586      0.00000      0.00000
      5.43643      1.58333      0.00000      0.00000
      5.44643      1.52745      0.00000      0.00000
      5.45643      1.64242      0.00000      0.00000
      5.46643      2.00506      0.00000      0.00000
      5.47643      1.95488      0.00000      0.00000
      5.48643      1.12099      0.00000      0.00000
      5.49643      0.45677      0.00000      0.00000
      5.50643      0.56637      0.00000      0.00000
      5.51643      0.78912      0.00000      0.00000
      5.52643      0.70149      0.00000      0.00000
      5.53643      1.00590      0.00000      0.00000
      5.54643      1.59948      0.00000      0.00000
      5.55643      1.68252      0.00000      0.00000
      5.56643      1.41069      0.00000      0.00000
      5.57643      1.75929      0.00000      0.00000
      5.58643      2.21321      0.00000      0.00000
      5.59643      2.10298      0.00000      0.00000
      5.60643      1.71426      0.00000      0.00000
      5.61643      1.41405      0.00000      0.00000
      5.62643      1.25231      0.00000      0.00000
      5.63643      1.22998      0.00000      0.00000
      5.64643      1.37046      0.00000      0.00000
      5.65643      1.46691      0.00000      0.00000
      5.66643      1.49436      0.00000      0.00000
      5.67643      1.34748      0.00000      0.00000
      5.68643      1.20704      0.00000      0.00000
      5.69643      1.73143      0.00000      0.00000
      5.70643      2.32041      0.00000      0.00000
      5.71643      2.52815      0.00000      0.00000
      5.72643      2.07028      0.00000      0.00000
      5.73643      1.96051      0.00000      0.00000
      5.74643      2.13655      0.00000      0.00000
      5.75643      1.76548      0.00000      0.00000
      5.76643      1.33428      0.00000      0.00000
      5.77643      1.10440      0.00000      0.00000
      5.78643      1.39719      0.00000      0.00000
      5.79643      2.16831      0.00000      0.00000
      5.80643      2.42490      0.00000      0.00000
      5.81643      2.08625      0.00000      0.00000
      5.82643      1.45530      0.00000      0.00000
      5.83643      0.86423      0.00000      0.00000
      5.84643      0.79141      0.00000      0.00000
      5.85643      1.57304      0.00000      0.00000
      5.86643      2.61221      0.00000      0.00000
      5.87643      3.17978      0.00000      0.00000
      5.88643      3.12586      0.00000      0.00000
      5.89643      2.49237      0.00000      0.00000
      5.90643      1.70531      0.00000      0.00000
      5.91643      1.19165      0.00000      0.00000
      5.92643      1.08277      0.00000      0.00000
      5.93643      1.84351      0.00000      0.00000
      5.94643      2.38654      0.00000      0.00000
      5.95643      1.93043      0.00000      0.00000
      5.96643      1.90685      0.00000      0.00000
      5.97643      2.36945      0.00000      0.00000
      5.98643      2.51377      0.00000      0.00000
      5.99643      2.29373      0.00000      0.00000
      6.00643      2.40729      0.00000      0.00000
      6.01643      2.61377      0.00000      0.00000
      6.02643      2.15585      0.00000      0.00000
      6.03643      1.82385      0.00000      0.00000
      6.04643      2.13838      0.00000      0.00000
      6.05643      2.18660      0.00000      0.00000
      6.06643      1.65755      0.00000      0.00000
      6.07643      1.16843      0.00000      0.00000
      6.08643      1.08173      0.00000      0.00000
      6.09643      1.58713      0.00000      0.00000
      6.10643      2.08242      0.00000      0.00000
      6.11643      2.18696      0.00000      0.00000
      6.12643      2.11307      0.00000      0.00000
      6.13643      1.84982      0.00000      0.00000
      6.14643      1.45169      0.00000      0.00000
      6.15643      0.99412      0.00000      0.00000
      6.16643      0.57104      0.00000      0.00000
      6.17643      0.64255      0.00000      0.00000
      6.18643      1.30703      0.00000      0.00000
      6.19643      2.04728      0.00000      0.00000
      6.20643      2.11928      0.00000      0.00000
      6.21643      1.74932      0.00000      0.00000
      6.22643      1.28255      0.00000      0.00000
      6.23643      1.23380      0.00000      0.00000
      6.24643      1.85873      0.00000      0.00000
      6.25643      2.06268      0.00000      0.00000
      6.26643      1.64012      0.00000      0.00000
      6.27643      1.36002      0.00000      0.00000
      6.28643      1.49504      0.00000      0.00000
      6.29643      1.68359      0.00000      0.00000
      6.30643      1.46178      0.00000      0.00000
      6.31643      1.37501      0.00000      0.00000
      6.32643      1.29360      0.00000      0.00000
      6.33643      1.30292      0.00000      0.00000
      6.34643      1.95565      0.00000      0.00000
      6.35643      2.21125      0.00000      0.00000
      6.36643      1.81272      0.00000      0.00000
      6.37643      1.55143      0.00000      0.00000
      6.38643      1.87428      0.00000      0.00000
      6.39643      2.23377      0.00000      0.00000
      6.40643      2.13870      0.00000      0.00000
      6.41643      2.23432      0.00000      0.00000
      6.42643      2.31254      0.00000      0.00000
      6.43643      1.82272      0.00000      0.00000
      6.44643      1.51674      0.00000      0.00000
      6.45643      1.94527      0.00000      0.00000
      6.46643      2.18487      0.00000      0.00000
      6.47643      1.91265      0.00000      0.00000
      6.48643      1.67692      0.00000      0.00000
      6.49643      1.98352      0.00000      0.00000
      6.50643      2.64943      0.00000      0.00000
      6.51643      2.79265      0.00000      0.00000
      6.52643      2.05526      0.00000      0.00000
      6.53643      1.37635      0.00000      0.00000
      6.54643      1.23523      0.00000      0.00000
      6.55643      1.45479      0.00000      0.00000
      6.56643      1.88265      0.00000      0.00000
      6.57643      1.96421      0.00000      0.00000
      6.58643      1.97669      0.00000      0.00000
      6.59643      2.68159      0.00000      0.00000
      6.60643      3.22728      0.00000      0.00000
      6.61643      3.61741      0.00000      0.00000
      6.62643      3.88227      0.00000      0.00000
      6.63643      3.30593      0.00000      0.00000
      6.64643      2.37321      0.00000      0.00000
      6.65643      2.26331      0.00000      0.00000
      6.66643      2.33054      0.00000      0.00000
      6.67643      2.50221      0.00000      0.00000
      6.68643      3.01337      0.00000      0.00000
      6.69643      2.93308      0.00000      0.00000
      6.70643      2.50573      0.00000      0.00000
      6.71643      2.79322      0.00000      0.00000
      6.72643      3.04392      0.00000      0.00000
      6.73643      2.87798      0.00000      0.00000
      6.74643      2.76288      0.00000      0.00000
      6.75643      2.58186      0.00000      0.00000
      6.76643      2.00387      0.00000      0.00000
      6.77643      2.01274      0.00000      0.00000
      6.78643      2.98034      0.00000      0.00000
      6.79643      3.15377      0.00000      0.00000
      6.80643      2.12555      0.00000      0.00000
      6.81643      0.92214      0.00000      0.00000
      6.82643      0.49423      0.00000      0.00000
      6.83643      0.78372      0.00000      0.00000
      6.84643      1.41713      0.00000      0.00000
      6.85643      2.06645      0.00000      0.00000
      6.86643      2.59079      0.00000      0.00000
      6.87643      2.51504      0.00000      0.00000
      6.88643      1.92567      0.00000      0.00000
      6.89643      1.84085      0.00000      0.00000
      6.90643      1.68194      0.00000      0.00000
