Energy-E_F (eV)    DOS (1/eV)    PDOS (1/eV)  of atom type W  Se 
     -5.35753      2.88162      0.79386      2.08776
     -5.34753      2.62315      0.74500      1.87815
     -5.33753      2.41200      0.74384      1.66816
     -5.32753      2.58893      0.80110      1.78783
     -5.31753      2.05954      0.61836      1.44118
     -5.30753      1.34739      0.40598      0.94141
     -5.29753      1.57886      0.45586      1.12300
     -5.28753      2.18184      0.58672      1.59513
     -5.27753      2.03571      0.55515      1.48056
     -5.26753      1.24319      0.35874      0.88446
     -5.25753      0.89704      0.25529      0.64175
     -5.24753      1.10744      0.29243      0.81502
     -5.23753      1.00151      0.25762      0.74389
     -5.22753      0.60521      0.16052      0.44469
     -5.21753      0.82920      0.21875      0.61045
     -5.20753      1.54336      0.38327      1.16009
     -5.19753      1.68304      0.40746      1.27558
     -5.18753      1.07969      0.28222      0.79747
     -5.17753      0.76449      0.22977      0.53472
     -5.16753      0.99929      0.29295      0.70634
     -5.15753      1.19093      0.31755      0.87337
     -5.14753      0.95177      0.24408      0.70769
     -5.13753      0.50469      0.13455      0.37014
     -5.12753      0.35364      0.09348      0.26017
     -5.11753      0.79001      0.19294      0.59707
     -5.10753      1.43192      0.33898      1.09293
     -5.09753      1.37977      0.33748      1.04228
     -5.08753      0.84915      0.23074      0.61841
     -5.07753      0.62861      0.18341      0.44520
     -5.06753      0.57071      0.15875      0.41196
     -5.05753      0.68011      0.16761      0.51250
     -5.04753      0.79955      0.19737      0.60218
     -5.03753      0.57201      0.15214      0.41986
     -5.02753      0.31697      0.08936      0.22761
     -5.01753      0.56371      0.15424      0.40947
     -5.00753      1.31833      0.34260      0.97573
     -4.99753      1.74583      0.43926      1.30657
     -4.98753      1.32716      0.34725      0.97992
     -4.97753      0.74564      0.21758      0.52806
     -4.96753      0.39101      0.12051      0.27050
     -4.95753      0.30930      0.08367      0.22562
     -4.94753      0.64806      0.16018      0.48788
     -4.93753      0.85337      0.21359      0.63979
     -4.92753      0.71613      0.19040      0.52572
     -4.91753      0.85083      0.22951      0.62132
     -4.90753      1.70748      0.44180      1.26569
     -4.89753      3.47662      0.88005      2.59657
     -4.88753      5.16262      1.30274      3.85988
     -4.87753      5.22023      1.33070      3.88952
     -4.86753      3.96140      1.02214      2.93926
     -4.85753      2.52015      0.65114      1.86901
     -4.84753      2.16662      0.55564      1.61098
     -4.83753      2.68163      0.68336      1.99827
     -4.82753      2.86212      0.72894      2.13318
     -4.81753      2.77434      0.72104      2.05330
     -4.80753      2.70028      0.72847      1.97182
     -4.79753      2.44517      0.68485      1.76032
     -4.78753      2.23603      0.62979      1.60623
     -4.77753      2.76123      0.74167      2.01956
     -4.76753      3.38690      0.87713      2.50977
     -4.75753      3.29507      0.84442      2.45064
     -4.74753      2.53028      0.65833      1.87194
     -4.73753      1.89220      0.52110      1.37110
     -4.72753      1.95831      0.53418      1.42413
     -4.71753      2.16266      0.54663      1.61603
     -4.70753      2.33588      0.57878      1.75710
     -4.69753      2.73312      0.70527      2.02785
     -4.68753      3.01055      0.82343      2.18711
     -4.67753      2.76886      0.76991      1.99896
     -4.66753      2.39257      0.64506      1.74751
     -4.65753      2.14208      0.58486      1.55722
     -4.64753      2.56317      0.72028      1.84289
     -4.63753      3.62785      1.01241      2.61543
     -4.62753      3.86277      1.05418      2.80859
     -4.61753      2.82294      0.76627      2.05667
     -4.60753      1.95087      0.55648      1.39439
     -4.59753      2.10524      0.61007      1.49516
     -4.58753      3.27669      0.90025      2.37644
     -4.57753      4.53129      1.26255      3.26874
     -4.56753      4.58907      1.35146      3.23761
     -4.55753      3.64965      1.12290      2.52675
     -4.54753      3.32145      1.02745      2.29399
     -4.53753      4.11795      1.24732      2.87063
     -4.52753      4.57779      1.40042      3.17737
     -4.51753      4.91687      1.56023      3.35664
     -4.50753      5.41970      1.71718      3.70252
     -4.49753      5.95344      1.82128      4.13216
     -4.48753      6.15630      1.82922      4.32707
     -4.47753      5.11205      1.52303      3.58902
     -4.46753      3.59262      1.11280      2.47982
     -4.45753      3.18565      1.01689      2.16876
     -4.44753      3.59840      1.13651      2.46189
     -4.43753      3.93438      1.22990      2.70448
     -4.42753      4.13846      1.27708      2.86138
     -4.41753      4.82133      1.45188      3.36945
     -4.40753      5.73130      1.71735      4.01394
     -4.39753      5.73124      1.74388      3.98736
     -4.38753      4.60464      1.41167      3.19296
     -4.37753      3.05854      0.92064      2.13790
     -4.36753      1.81587      0.52344      1.29243
     -4.35753      1.37376      0.38737      0.98639
     -4.34753      1.49156      0.44889      1.04267
     -4.33753      1.48530      0.49713      0.98817
     -4.32753      0.97909      0.35857      0.62052
     -4.31753      0.66189      0.26025      0.40164
     -4.30753      0.90069      0.34650      0.55418
     -4.29753      1.07433      0.39047      0.68386
     -4.28753      1.01503      0.35231      0.66272
     -4.27753      0.88131      0.28196      0.59935
     -4.26753      0.70474      0.20698      0.49775
     -4.25753      0.34088      0.09915      0.24174
     -4.24753      0.17580      0.06491      0.11089
     -4.23753      0.39974      0.15900      0.24074
     -4.22753      0.83725      0.30567      0.53158
     -4.21753      1.28341      0.42846      0.85495
     -4.20753      1.33447      0.41271      0.92176
     -4.19753      0.94976      0.27767      0.67208
     -4.18753      0.44356      0.12874      0.31482
     -4.17753      0.21717      0.07836      0.13881
     -4.16753      0.48781      0.19577      0.29204
     -4.15753      1.13206      0.40509      0.72697
     -4.14753      1.91272      0.59342      1.31929
     -4.13753      2.33952      0.66896      1.67055
     -4.12753      1.88912      0.51287      1.37625
     -4.11753      1.23404      0.31899      0.91506
     -4.10753      0.84371      0.24726      0.59645
     -4.09753      0.59223      0.20284      0.38938
     -4.08753      0.90250      0.25438      0.64812
     -4.07753      1.85042      0.46656      1.38385
     -4.06753      2.27651      0.58192      1.69460
     -4.05753      1.89971      0.54127      1.35844
     -4.04753      1.40423      0.43571      0.96853
     -4.03753      1.01484      0.30476      0.71007
     -4.02753      0.70394      0.23411      0.46983
     -4.01753      0.72533      0.27895      0.44639
     -4.00753      0.97868      0.35952      0.61916
     -3.99753      1.35884      0.44320      0.91564
     -3.98753      1.36856      0.40514      0.96342
     -3.97753      0.75581      0.21609      0.53971
     -3.96753      0.62621      0.18940      0.43680
     -3.95753      0.99038      0.30754      0.68285
     -3.94753      1.16703      0.35771      0.80931
     -3.93753      1.12926      0.33972      0.78954
     -3.92753      1.03030      0.29799      0.73230
     -3.91753      0.79781      0.21201      0.58580
     -3.90753      0.47648      0.13097      0.34551
     -3.89753      0.47207      0.18950      0.28258
     -3.88753      0.87052      0.34838      0.52215
     -3.87753      1.43657      0.45156      0.98501
     -3.86753      1.81117      0.46577      1.34540
     -3.85753      1.46169      0.35925      1.10244
     -3.84753      1.07649      0.26871      0.80777
     -3.83753      1.33262      0.33655      0.99606
     -3.82753      2.40422      0.62211      1.78210
     -3.81753      3.70880      0.97182      2.73698
     -3.80753      4.43237      1.13133      3.30105
     -3.79753      4.67970      1.13775      3.54196
     -3.78753      4.84850      1.09637      3.75214
     -3.77753      5.51642      1.09674      4.41969
     -3.76753      5.88347      1.10052      4.78295
     -3.75753      4.98365      1.01938      3.96427
     -3.74753      3.82506      0.90112      2.92394
     -3.73753      2.97759      0.77667      2.20091
     -3.72753      2.92365      0.83002      2.09363
     -3.71753      3.79707      1.11154      2.68553
     -3.70753      4.07150      1.18646      2.88504
     -3.69753      3.43427      1.00199      2.43229
     -3.68753      3.14710      0.94792      2.19918
     -3.67753      3.01772      0.89936      2.11836
     -3.66753      2.62027      0.78071      1.83956
     -3.65753      2.67367      0.83236      1.84131
     -3.64753      2.70919      0.86092      1.84827
     -3.63753      2.20449      0.68786      1.51663
     -3.62753      1.73396      0.53422      1.19974
     -3.61753      1.59448      0.53299      1.06149
     -3.60753      2.13361      0.76450      1.36911
     -3.59753      2.77546      0.98677      1.78869
     -3.58753      2.71863      0.96912      1.74951
     -3.57753      2.84414      1.02807      1.81607
     -3.56753      3.09608      1.08488      2.01120
     -3.55753      2.56745      0.84230      1.72515
     -3.54753      2.28447      0.69412      1.59035
     -3.53753      2.78339      0.84382      1.93957
     -3.52753      3.06527      0.95793      2.10734
     -3.51753      2.72132      0.87224      1.84909
     -3.50753      2.06083      0.65421      1.40663
     -3.49753      1.33523      0.43398      0.90125
     -3.48753      1.10546      0.41365      0.69182
     -3.47753      2.14927      0.79273      1.35654
     -3.46753      3.56923      1.29064      2.27859
     -3.45753      3.47964      1.28791      2.19173
     -3.44753      2.92535      1.14486      1.78049
     -3.43753      2.49574      1.00452      1.49122
     -3.42753      2.24727      0.86654      1.38073
     -3.41753      2.47052      0.91145      1.55906
     -3.40753      2.23423      0.81583      1.41840
     -3.39753      1.53221      0.56560      0.96661
     -3.38753      1.37638      0.49892      0.87746
     -3.37753      2.17625      0.76583      1.41042
     -3.36753      3.03672      1.05898      1.97774
     -3.35753      3.09354      1.07982      2.01372
     -3.34753      2.81103      1.00743      1.80360
     -3.33753      2.68083      1.00260      1.67823
     -3.32753      2.54511      1.01374      1.53137
     -3.31753      1.92832      0.80233      1.12599
     -3.30753      1.65935      0.65328      1.00607
     -3.29753      2.49827      0.93000      1.56827
     -3.28753      3.19928      1.21758      1.98170
     -3.27753      3.00140      1.20201      1.79939
     -3.26753      2.61578      1.09048      1.52529
     -3.25753      2.58179      1.07935      1.50244
     -3.24753      2.55246      1.05800      1.49446
     -3.23753      2.49063      1.01997      1.47066
     -3.22753      2.69158      1.11105      1.58053
     -3.21753      2.63111      1.08580      1.54531
     -3.20753      2.35416      0.94835      1.40581
     -3.19753      2.42207      0.96791      1.45416
     -3.18753      2.53384      1.01071      1.52313
     -3.17753      2.43069      0.96495      1.46574
     -3.16753      2.54131      0.94860      1.59271
     -3.15753      2.73594      0.91573      1.82021
     -3.14753      2.51214      0.79919      1.71296
     -3.13753      2.08130      0.70029      1.38100
     -3.12753      2.08256      0.77332      1.30924
     -3.11753      2.15490      0.79624      1.35866
     -3.10753      2.11241      0.77047      1.34194
     -3.09753      2.27288      0.84052      1.43236
     -3.08753      2.01542      0.71077      1.30465
     -3.07753      1.29646      0.42361      0.87286
     -3.06753      0.86377      0.28804      0.57573
     -3.05753      1.20589      0.45573      0.75016
     -3.04753      2.00629      0.79178      1.21451
     -3.03753      2.36984      0.94056      1.42928
     -3.02753      1.77465      0.67778      1.09686
     -3.01753      1.18777      0.43720      0.75057
     -3.00753      1.53665      0.54644      0.99021
     -2.99753      1.87881      0.66378      1.21503
     -2.98753      1.66260      0.62497      1.03763
     -2.97753      1.61564      0.60419      1.01146
     -2.96753      1.41704      0.45321      0.96383
     -2.95753      1.37692      0.40731      0.96961
     -2.94753      1.70995      0.55423      1.15571
     -2.93753      1.92299      0.66160      1.26139
     -2.92753      1.65795      0.62882      1.02913
     -2.91753      1.30840      0.52657      0.78184
     -2.90753      1.26151      0.48289      0.77862
     -2.89753      1.81481      0.64669      1.16812
     -2.88753      2.32387      0.78645      1.53742
     -2.87753      2.14098      0.70917      1.43181
     -2.86753      1.64910      0.58110      1.06800
     -2.85753      1.32275      0.49099      0.83176
     -2.84753      1.10792      0.37993      0.72799
     -2.83753      0.70664      0.20114      0.50550
     -2.82753      0.80787      0.20595      0.60192
     -2.81753      1.34764      0.39607      0.95157
     -2.80753      1.55663      0.53313      1.02350
     -2.79753      1.62247      0.58170      1.04077
     -2.78753      1.36006      0.46883      0.89123
     -2.77753      0.77451      0.24994      0.52456
     -2.76753      0.93656      0.25181      0.68475
     -2.75753      1.78723      0.48681      1.30043
     -2.74753      2.18460      0.69076      1.49384
     -2.73753      2.17732      0.79967      1.37765
     -2.72753      2.14497      0.80708      1.33789
     -2.71753      2.25153      0.82784      1.42370
     -2.70753      2.37784      0.81904      1.55880
     -2.69753      1.92550      0.60853      1.31697
     -2.68753      1.35707      0.38792      0.96915
     -2.67753      1.58046      0.44018      1.14028
     -2.66753      1.73902      0.53879      1.20023
     -2.65753      1.86341      0.66152      1.20188
     -2.64753      2.33272      0.85176      1.48096
     -2.63753      2.44401      0.84887      1.59514
     -2.62753      1.75193      0.55262      1.19930
     -2.61753      1.52336      0.42637      1.09699
     -2.60753      2.29482      0.66086      1.63395
     -2.59753      2.90179      0.88653      2.01526
     -2.58753      2.63926      0.83241      1.80685
     -2.57753      2.97310      0.91282      2.06029
     -2.56753      4.86035      1.28311      3.57724
     -2.55753      6.60929      1.52373      5.08556
     -2.54753      6.89599      1.50224      5.39374
     -2.53753      6.75780      1.47814      5.27967
     -2.52753      6.44153      1.42426      5.01727
     -2.51753      5.91279      1.31231      4.60047
     -2.50753      4.79325      1.06949      3.72377
     -2.49753      3.63504      0.84831      2.78672
     -2.48753      3.83515      1.01120      2.82395
     -2.47753      4.44451      1.31065      3.13386
     -2.46753      4.33208      1.29099      3.04109
     -2.45753      3.68547      1.01844      2.66703
     -2.44753      3.05045      0.78177      2.26868
     -2.43753      2.77529      0.72254      2.05275
     -2.42753      3.14946      0.93607      2.21339
     -2.41753      3.89752      1.14785      2.74967
     -2.40753      4.31356      1.12976      3.18380
     -2.39753      4.12118      1.07905      3.04213
     -2.38753      3.28367      0.99911      2.28457
     -2.37753      2.97688      0.99640      1.98049
     -2.36753      4.28352      1.25683      3.02669
     -2.35753      5.30789      1.45665      3.85125
     -2.34753      4.40567      1.28674      3.11894
     -2.33753      3.51142      1.04853      2.46290
     -2.32753      3.10593      0.82713      2.27879
     -2.31753      3.46060      0.86068      2.59993
     -2.30753      3.67875      1.06458      2.61417
     -2.29753      3.23231      1.07284      2.15947
     -2.28753      3.00685      0.97800      2.02886
     -2.27753      3.32009      0.96314      2.35696
     -2.26753      3.42512      0.96657      2.45855
     -2.25753      2.63202      0.81491      1.81711
     -2.24753      1.97122      0.65127      1.31995
     -2.23753      2.28050      0.75360      1.52690
     -2.22753      2.95905      1.00879      1.95026
     -2.21753      3.43646      1.11070      2.32576
     -2.20753      3.89230      1.13662      2.75568
     -2.19753      3.78689      1.08399      2.70290
     -2.18753      3.59086      1.04455      2.54631
     -2.17753      3.32685      0.98784      2.33901
     -2.16753      3.22085      1.00563      2.21522
     -2.15753      3.80888      1.21533      2.59355
     -2.14753      3.89464      1.14769      2.74695
     -2.13753      3.09927      0.90211      2.19716
     -2.12753      2.51439      0.82686      1.68753
     -2.11753      2.38526      0.83660      1.54867
     -2.10753      3.01882      1.12946      1.88936
     -2.09753      3.93880      1.45381      2.48498
     -2.08753      4.30796      1.43079      2.87717
     -2.07753      4.28446      1.31819      2.96628
     -2.06753      3.89638      1.14506      2.75132
     -2.05753      3.25790      0.89939      2.35851
     -2.04753      2.90521      0.92527      1.97994
     -2.03753      2.83329      1.03344      1.79986
     -2.02753      2.98430      1.03952      1.94478
     -2.01753      3.56032      1.08090      2.47942
     -2.00753      4.15840      1.23681      2.92159
     -1.99753      3.91860      1.19027      2.72833
     -1.98753      3.45492      1.00316      2.45177
     -1.97753      3.42746      0.99102      2.43644
     -1.96753      3.31242      1.02420      2.28822
     -1.95753      2.99579      0.95745      2.03834
     -1.94753      2.79377      0.82382      1.96994
     -1.93753      2.63027      0.61645      2.01382
     -1.92753      2.45732      0.42197      2.03535
     -1.91753      2.32270      0.42414      1.89856
     -1.90753      1.82746      0.48353      1.34392
     -1.89753      1.26029      0.43319      0.82710
     -1.88753      1.25783      0.36241      0.89542
     -1.87753      1.89720      0.43210      1.46510
     -1.86753      2.64682      0.65686      1.98996
     -1.85753      2.65464      0.73615      1.91849
     -1.84753      2.59715      0.82080      1.77635
     -1.83753      2.69453      0.92939      1.76514
     -1.82753      2.44960      0.84421      1.60539
     -1.81753      2.49940      0.72541      1.77400
     -1.80753      2.49363      0.53972      1.95391
     -1.79753      2.28145      0.40685      1.87459
     -1.78753      2.27915      0.44233      1.83681
     -1.77753      1.85000      0.39372      1.45628
     -1.76753      1.47129      0.31685      1.15444
     -1.75753      1.56256      0.36752      1.19504
     -1.74753      2.22673      0.60934      1.61740
     -1.73753      2.93203      0.92726      2.00477
     -1.72753      2.98468      0.94992      2.03476
     -1.71753      2.34852      0.64989      1.69863
     -1.70753      1.65994      0.38130      1.27863
     -1.69753      1.39856      0.28059      1.11797
     -1.68753      1.68148      0.31324      1.36824
     -1.67753      2.27127      0.46175      1.80951
     -1.66753      2.41741      0.59695      1.82047
     -1.65753      2.23451      0.65048      1.58403
     -1.64753      2.56162      0.79715      1.76448
     -1.63753      2.85710      0.79920      2.05790
     -1.62753      2.79869      0.66345      2.13524
     -1.61753      2.30032      0.53875      1.76156
     -1.60753      1.45213      0.32017      1.13196
     -1.59753      1.39048      0.25219      1.13829
     -1.58753      1.95943      0.38904      1.57039
     -1.57753      2.12316      0.51732      1.60584
     -1.56753      1.70178      0.50016      1.20163
     -1.55753      1.29969      0.36105      0.93864
     -1.54753      1.29201      0.30657      0.98544
     -1.53753      1.57543      0.38733      1.18810
     -1.52753      2.10342      0.52937      1.57406
     -1.51753      2.55391      0.65640      1.89751
     -1.50753      2.50810      0.75943      1.74867
     -1.49753      1.93491      0.66235      1.27256
     -1.48753      1.78037      0.53646      1.24390
     -1.47753      1.73287      0.48959      1.24328
     -1.46753      1.55236      0.46540      1.08696
     -1.45753      1.87481      0.62722      1.24759
     -1.44753      1.88875      0.67991      1.20884
     -1.43753      1.45303      0.53433      0.91870
     -1.42753      1.42114      0.53717      0.88397
     -1.41753      1.57355      0.63311      0.94044
     -1.40753      1.57476      0.66821      0.90655
     -1.39753      1.32004      0.56821      0.75183
     -1.38753      1.19452      0.51689      0.67763
     -1.37753      1.22116      0.54029      0.68088
     -1.36753      1.22584      0.53319      0.69265
     -1.35753      1.20401      0.46968      0.73433
     -1.34753      1.08987      0.33954      0.75034
     -1.33753      0.89003      0.23652      0.65351
     -1.32753      0.54710      0.16959      0.37751
     -1.31753      0.32737      0.15919      0.16818
     -1.30753      0.34521      0.17322      0.17199
     -1.29753      0.38707      0.18721      0.19985
     -1.28753      0.33923      0.18913      0.15010
     -1.27753      0.42333      0.22485      0.19848
     -1.26753      0.81248      0.40528      0.40719
     -1.25753      1.18557      0.61007      0.57550
     -1.24753      1.15755      0.62655      0.53100
     -1.23753      0.93195      0.53786      0.39409
     -1.22753      0.59364      0.33698      0.25666
     -1.21753      0.41950      0.23863      0.18087
     -1.20753      0.68688      0.41693      0.26995
     -1.19753      0.87650      0.54735      0.32915
     -1.18753      0.93835      0.57327      0.36508
     -1.17753      1.04831      0.61764      0.43067
     -1.16753      0.88995      0.53126      0.35869
     -1.15753      0.87760      0.52753      0.35006
     -1.14753      0.98876      0.56007      0.42869
     -1.13753      0.73390      0.39910      0.33481
     -1.12753      0.73537      0.42067      0.31469
     -1.11753      1.29542      0.77389      0.52153
     -1.10753      1.74655      1.07367      0.67288
     -1.09753      1.96809      1.20648      0.76161
     -1.08753      1.83682      1.09932      0.73749
     -1.07753      1.48388      0.85803      0.62584
     -1.06753      1.29653      0.73077      0.56576
     -1.05753      1.35456      0.80178      0.55278
     -1.04753      1.36789      0.85954      0.50835
     -1.03753      1.29505      0.79926      0.49579
     -1.02753      1.31464      0.78430      0.53034
     -1.01753      1.12629      0.69324      0.43305
     -1.00753      1.22369      0.79250      0.43118
     -0.99753      2.05215      1.33178      0.72037
     -0.98753      2.43182      1.56900      0.86282
     -0.97753      2.17427      1.38513      0.78914
     -0.96753      1.98774      1.22121      0.76653
     -0.95753      1.86489      1.17449      0.69040
     -0.94753      1.87756      1.24782      0.62973
     -0.93753      1.79293      1.18095      0.61197
     -0.92753      1.99499      1.30253      0.69246
     -0.91753      2.56215      1.68428      0.87787
     -0.90753      2.97371      1.95197      1.02174
     -0.89753      3.16204      2.06431      1.09773
     -0.88753      3.33170      2.16888      1.16282
     -0.87753      3.40656      2.29502      1.11154
     -0.86753      3.80640      2.67963      1.12676
     -0.85753      4.29920      3.04204      1.25716
     -0.84753      4.16878      2.92247      1.24631
     -0.83753      3.38707      2.36722      1.01985
     -0.82753      3.23834      2.21323      1.02510
     -0.81753      3.53764      2.35103      1.18661
     -0.80753      3.38487      2.27549      1.10937
     -0.79753      3.31483      2.28902      1.02581
     -0.78753      2.77529      1.90381      0.87148
     -0.77753      2.28855      1.54099      0.74756
     -0.76753      2.73728      1.84027      0.89701
     -0.75753      3.09221      2.04419      1.04801
     -0.74753      2.93061      1.88749      1.04313
     -0.73753      2.73840      1.81471      0.92369
     -0.72753      2.52553      1.74784      0.77769
     -0.71753      2.28784      1.58517      0.70267
     -0.70753      2.35246      1.60234      0.75012
     -0.69753      2.61279      1.76832      0.84447
     -0.68753      2.41203      1.61683      0.79520
     -0.67753      2.09331      1.40550      0.68781
     -0.66753      2.12145      1.45184      0.66962
     -0.65753      2.12412      1.45494      0.66918
     -0.64753      1.99716      1.35707      0.64009
     -0.63753      2.33790      1.57162      0.76628
     -0.62753      2.82150      1.89855      0.92295
     -0.61753      2.64806      1.82485      0.82321
     -0.60753      2.04953      1.45162      0.59791
     -0.59753      1.69838      1.18793      0.51045
     -0.58753      1.74092      1.18599      0.55493
     -0.57753      1.76727      1.20183      0.56544
     -0.56753      2.19450      1.51822      0.67628
     -0.55753      2.33919      1.63281      0.70639
     -0.54753      1.88798      1.30809      0.57989
     -0.53753      1.76694      1.20675      0.56019
     -0.52753      1.92569      1.32557      0.60012
     -0.51753      2.11872      1.48553      0.63319
     -0.50753      2.56728      1.81832      0.74895
     -0.49753      2.45480      1.74167      0.71313
     -0.48753      1.72651      1.21207      0.51444
     -0.47753      1.60064      1.10731      0.49333
     -0.46753      1.83495      1.27069      0.56426
     -0.45753      1.95716      1.35665      0.60051
     -0.44753      2.31452      1.61029      0.70423
     -0.43753      2.53414      1.76470      0.76944
     -0.42753      2.26248      1.56605      0.69642
     -0.41753      1.80003      1.23852      0.56151
     -0.40753      1.28973      0.89469      0.39504
     -0.39753      1.07226      0.76767      0.30459
     -0.38753      1.21045      0.88707      0.32337
     -0.37753      1.22224      0.91140      0.31084
     -0.36753      0.89842      0.67726      0.22116
     -0.35753      0.58887      0.43715      0.15172
     -0.34753      0.55337      0.40279      0.15058
     -0.33753      0.66675      0.48842      0.17833
     -0.32753      0.66797      0.49461      0.17336
     -0.31753      0.58760      0.43879      0.14881
     -0.30753      0.58333      0.44104      0.14229
     -0.29753      0.55922      0.42566      0.13356
     -0.28753      0.55672      0.42007      0.13665
     -0.27753      0.45449      0.34116      0.11333
     -0.26753      0.42197      0.31995      0.10202
     -0.25753      0.70166      0.53533      0.16633
     -0.24753      0.97264      0.74396      0.22868
     -0.23753      1.01002      0.77447      0.23555
     -0.22753      0.66024      0.50634      0.15390
     -0.21753      0.20934      0.16049      0.04885
     -0.20753      0.10514      0.08099      0.02415
     -0.19753      0.36729      0.28320      0.08409
     -0.18753      0.63331      0.48812      0.14519
     -0.17753      0.47572      0.36737      0.10834
     -0.16753      0.33059      0.25715      0.07344
     -0.15753      0.39040      0.30371      0.08668
     -0.14753      0.40317      0.31304      0.09012
     -0.13753      0.48129      0.37415      0.10713
     -0.12753      0.68935      0.53746      0.15189
     -0.11753      0.65211      0.51033      0.14178
     -0.10753      0.40933      0.32141      0.08792
     -0.09753      0.18302      0.14380      0.03923
     -0.08753      0.18299      0.14354      0.03945
     -0.07753      0.32807      0.25776      0.07030
     -0.06753      0.40226      0.31666      0.08560
     -0.05753      0.36154      0.28491      0.07663
     -0.04753      0.38637      0.30469      0.08168
     -0.03753      0.40388      0.31891      0.08498
     -0.02753      0.38292      0.30281      0.08011
     -0.01753      0.27421      0.21704      0.05717
     -0.00753      0.19607      0.15536      0.04071
      0.00247      0.13473      0.10681      0.02792
      0.01247      0.04334      0.03436      0.00898
      0.02247      0.00528      0.00418      0.00109
      0.03247      0.00024      0.00019      0.00005
      0.04247      0.00000      0.00000      0.00000
      0.05247      0.00000      0.00000      0.00000
      0.06247      0.00000      0.00000      0.00000
      0.07247      0.00000      0.00000      0.00000
      0.08247      0.00000      0.00000      0.00000
      0.09247      0.00000      0.00000      0.00000
      0.10247      0.00000      0.00000      0.00000
      0.11247      0.00000      0.00000      0.00000
      0.12247      0.00000      0.00000      0.00000
      0.13247      0.00000      0.00000      0.00000
      0.14247      0.00000      0.00000      0.00000
      0.15247      0.00000      0.00000      0.00000
      0.16247      0.00000      0.00000      0.00000
      0.17247      0.00000      0.00000      0.00000
      0.18247      0.00000      0.00000      0.00000
      0.19247      0.00000      0.00000      0.00000
      0.20247      0.00000      0.00000      0.00000
      0.21247      0.00000      0.00000      0.00000
      0.22247      0.00000      0.00000      0.00000
      0.23247      0.00000      0.00000      0.00000
      0.24247      0.00000      0.00000      0.00000
      0.25247      0.00000      0.00000      0.00000
      0.26247      0.00000      0.00000      0.00000
      0.27247      0.00000      0.00000      0.00000
      0.28247      0.00000      0.00000      0.00000
      0.29247      0.00000      0.00000      0.00000
      0.30247      0.00000      0.00000      0.00000
      0.31247      0.00000      0.00000      0.00000
      0.32247      0.00000      0.00000      0.00000
      0.33247      0.00000      0.00000      0.00000
      0.34247      0.00000      0.00000      0.00000
      0.35247      0.00000      0.00000      0.00000
      0.36247      0.00000      0.00000      0.00000
      0.37247      0.00000      0.00000      0.00000
      0.38247      0.00000      0.00000      0.00000
      0.39247      0.00000      0.00000      0.00000
      0.40247      0.00000      0.00000      0.00000
      0.41247      0.00000      0.00000      0.00000
      0.42247      0.00000      0.00000      0.00000
      0.43247      0.00000      0.00000      0.00000
      0.44247      0.00000      0.00000      0.00000
      0.45247      0.00000      0.00000      0.00000
      0.46247      0.00000      0.00000      0.00000
      0.47247      0.00000      0.00000      0.00000
      0.48247      0.00000      0.00000      0.00000
      0.49247      0.00000      0.00000      0.00000
      0.50247      0.00000      0.00000      0.00000
      0.51247      0.00000      0.00000      0.00000
      0.52247      0.00000      0.00000      0.00000
      0.53247      0.00000      0.00000      0.00000
      0.54247      0.00000      0.00000      0.00000
      0.55247      0.00000      0.00000      0.00000
      0.56247      0.00000      0.00000      0.00000
      0.57247      0.00000      0.00000      0.00000
      0.58247      0.00000      0.00000      0.00000
      0.59247      0.00000      0.00000      0.00000
      0.60247      0.00000      0.00000      0.00000
      0.61247      0.00000      0.00000      0.00000
      0.62247      0.00000      0.00000      0.00000
      0.63247      0.00000      0.00000      0.00000
      0.64247      0.00000      0.00000      0.00000
      0.65247      0.00000      0.00000      0.00000
      0.66247      0.00000      0.00000      0.00000
      0.67247      0.00000      0.00000      0.00000
      0.68247      0.00000      0.00000      0.00000
      0.69247      0.00000      0.00000      0.00000
      0.70247      0.00000      0.00000      0.00000
      0.71247      0.00000      0.00000      0.00000
      0.72247      0.00000      0.00000      0.00000
      0.73247      0.00000      0.00000      0.00000
      0.74247      0.00000      0.00000      0.00000
      0.75247      0.00000      0.00000      0.00000
      0.76247      0.00000      0.00000      0.00000
      0.77247      0.00000      0.00000      0.00000
      0.78247      0.00000      0.00000      0.00000
      0.79247      0.00000      0.00000      0.00000
      0.80247      0.00000      0.00000      0.00000
      0.81247      0.00000      0.00000      0.00000
      0.82247      0.00000      0.00000      0.00000
      0.83247      0.00000      0.00000      0.00000
      0.84247      0.00000      0.00000      0.00000
      0.85247      0.00000      0.00000      0.00000
      0.86247      0.00000      0.00000      0.00000
      0.87247      0.00000      0.00000      0.00000
      0.88247      0.00000      0.00000      0.00000
      0.89247      0.00000      0.00000      0.00000
      0.90247      0.00000      0.00000      0.00000
      0.91247      0.00000      0.00000      0.00000
      0.92247      0.00000      0.00000      0.00000
      0.93247      0.00000      0.00000      0.00000
      0.94247      0.00000      0.00000      0.00000
      0.95247      0.00000      0.00000      0.00000
      0.96247      0.00000      0.00000      0.00000
      0.97247      0.00000      0.00000      0.00000
      0.98247      0.00000      0.00000      0.00000
      0.99247      0.00000      0.00000      0.00000
      1.00247      0.00000      0.00000      0.00000
      1.01247      0.00000      0.00000      0.00000
      1.02247      0.00000      0.00000      0.00000
      1.03247      0.00000      0.00000      0.00000
      1.04247      0.00000      0.00000      0.00000
      1.05247      0.00000      0.00000      0.00000
      1.06247      0.00000      0.00000      0.00000
      1.07247      0.00000      0.00000      0.00000
      1.08247      0.00000      0.00000      0.00000
      1.09247      0.00000      0.00000      0.00000
      1.10247      0.00000      0.00000      0.00000
      1.11247      0.00000      0.00000      0.00000
      1.12247      0.00000      0.00000      0.00000
      1.13247      0.00000      0.00000      0.00000
      1.14247      0.00000      0.00000      0.00000
      1.15247      0.00000      0.00000      0.00000
      1.16247      0.00000      0.00000      0.00000
      1.17247      0.00000      0.00000      0.00000
      1.18247      0.00000      0.00000      0.00000
      1.19247      0.00000      0.00000      0.00000
      1.20247      0.00000      0.00000      0.00000
      1.21247      0.00000      0.00000      0.00000
      1.22247      0.00000      0.00000      0.00000
      1.23247      0.00000      0.00000      0.00000
      1.24247      0.00000      0.00000      0.00000
      1.25247      0.00000      0.00000      0.00000
      1.26247      0.00000      0.00000      0.00000
      1.27247      0.00000      0.00000      0.00000
      1.28247      0.00000      0.00000      0.00000
      1.29247      0.00000      0.00000      0.00000
      1.30247      0.00000      0.00000      0.00000
      1.31247      0.00000      0.00000      0.00000
      1.32247      0.00000      0.00000      0.00000
      1.33247      0.00000      0.00000      0.00000
      1.34247      0.00000      0.00000      0.00000
      1.35247      0.00000      0.00000      0.00000
      1.36247      0.00000      0.00000      0.00000
      1.37247      0.00000      0.00000      0.00000
      1.38247      0.00000      0.00000      0.00000
      1.39247      0.00000      0.00000      0.00000
      1.40247      0.00000      0.00000      0.00000
      1.41247      0.00000      0.00000      0.00000
      1.42247      0.00000      0.00000      0.00000
      1.43247      0.00000      0.00000      0.00000
      1.44247      0.00000      0.00000      0.00000
      1.45247      0.00000      0.00000      0.00000
      1.46247      0.00000      0.00000      0.00000
      1.47247      0.00000      0.00000      0.00000
      1.48247      0.00000      0.00000      0.00000
      1.49247      0.00000      0.00000      0.00000
      1.50247      0.00000      0.00000      0.00000
      1.51247      0.00000      0.00000      0.00000
      1.52247      0.00000      0.00000      0.00000
      1.53247      0.00000      0.00000      0.00000
      1.54247      0.00000      0.00000      0.00000
      1.55247      0.00000      0.00000      0.00000
      1.56247      0.00000      0.00000      0.00000
      1.57247      0.00000      0.00000      0.00000
      1.58247      0.00000      0.00000      0.00000
      1.59247      0.00000      0.00000      0.00000
      1.60247      0.00000      0.00000      0.00000
      1.61247      0.00000      0.00000      0.00000
      1.62247      0.00000      0.00000      0.00000
      1.63247      0.00000      0.00000      0.00000
      1.64247      0.00000      0.00000      0.00000
      1.65247      0.00000      0.00000      0.00000
      1.66247      0.00000      0.00000      0.00000
      1.67247      0.00000      0.00000      0.00000
      1.68247      0.00000      0.00000      0.00000
      1.69247      0.00000      0.00000      0.00000
      1.70247      0.00000      0.00000      0.00000
      1.71247      0.00000      0.00000      0.00000
      1.72247      0.00000      0.00000      0.00000
      1.73247      0.00000      0.00000      0.00000
      1.74247      0.00000      0.00000      0.00000
      1.75247      0.00000      0.00000      0.00000
      1.76247      0.00000      0.00000      0.00000
      1.77247      0.00000      0.00000      0.00000
      1.78247      0.00000      0.00000      0.00000
      1.79247      0.00000      0.00000      0.00000
      1.80247      0.00000      0.00000      0.00000
      1.81247      0.00000      0.00000      0.00000
      1.82247      0.00000      0.00000      0.00000
      1.83247      0.00000      0.00000      0.00000
      1.84247      0.00000      0.00000      0.00000
      1.85247      0.00000      0.00000      0.00000
      1.86247      0.00000      0.00000      0.00000
      1.87247      0.00000      0.00000      0.00000
      1.88247      0.00000      0.00000      0.00000
      1.89247      0.00000      0.00000      0.00000
      1.90247      0.00000      0.00000      0.00000
      1.91247      0.00000      0.00000      0.00000
      1.92247      0.00000      0.00000      0.00000
      1.93247      0.00000      0.00000      0.00000
      1.94247      0.00000      0.00000      0.00000
      1.95247      0.00000      0.00000      0.00000
      1.96247      0.00000      0.00000      0.00000
      1.97247      0.00000      0.00000      0.00000
      1.98247      0.00000      0.00000      0.00000
      1.99247      0.00000      0.00000      0.00000
      2.00247      0.00000      0.00000      0.00000
      2.01247      0.00000      0.00000      0.00000
      2.02247      0.00000      0.00000      0.00000
      2.03247      0.00000      0.00000      0.00000
      2.04247      0.00000      0.00000      0.00000
      2.05247      0.00000      0.00000      0.00000
      2.06247      0.00000      0.00000      0.00000
      2.07247      0.00000      0.00000      0.00000
      2.08247      0.00000      0.00000      0.00000
      2.09247      0.00000      0.00000      0.00000
      2.10247      0.00000      0.00000      0.00000
      2.11247      0.00000      0.00000      0.00000
      2.12247      0.00000      0.00000      0.00000
      2.13247      0.00000      0.00000      0.00000
      2.14247      0.00000      0.00000      0.00000
      2.15247      0.00000      0.00000      0.00000
      2.16247      0.00000      0.00000      0.00000
      2.17247      0.00000      0.00000      0.00000
      2.18247      0.00000      0.00000      0.00000
      2.19247      0.00000      0.00000      0.00000
      2.20247      0.00000      0.00000      0.00000
      2.21247      0.00005      0.00004      0.00000
      2.22247      0.00160      0.00143      0.00017
      2.23247      0.02000      0.01792      0.00208
      2.24247      0.09268      0.08303      0.00964
      2.25247      0.16940      0.15175      0.01765
      2.26247      0.19805      0.17725      0.02079
      2.27247      0.30182      0.26989      0.03192
      2.28247      0.32987      0.29492      0.03495
      2.29247      0.31309      0.27987      0.03321
      2.30247      0.34227      0.30585      0.03641
      2.31247      0.29373      0.26126      0.03247
      2.32247      0.37970      0.32506      0.05465
      2.33247      0.59148      0.44235      0.14913
      2.34247      0.98928      0.62834      0.36094
      2.35247      1.48869      0.88154      0.60715
      2.36247      1.90825      1.14208      0.76617
      2.37247      1.97601      1.21922      0.75679
      2.38247      1.94076      1.21643      0.72433
      2.39247      1.88957      1.19968      0.68989
      2.40247      1.95943      1.22650      0.73292
      2.41247      2.43761      1.48223      0.95538
      2.42247      2.71795      1.66192      1.05604
      2.43247      2.13421      1.30393      0.83029
      2.44247      1.60611      0.94094      0.66518
      2.45247      1.91846      1.13792      0.78054
      2.46247      2.21972      1.39216      0.82757
      2.47247      2.06613      1.31259      0.75353
      2.48247      2.31013      1.36605      0.94408
      2.49247      2.89521      1.68476      1.21045
      2.50247      3.11654      1.87762      1.23892
      2.51247      2.87203      1.75458      1.11745
      2.52247      2.61086      1.57713      1.03373
      2.53247      2.91576      1.80256      1.11320
      2.54247      3.00954      1.90808      1.10145
      2.55247      2.67563      1.68401      0.99162
      2.56247      2.80805      1.72290      1.08515
      2.57247      4.06265      2.37992      1.68272
      2.58247      5.14031      2.88915      2.25116
      2.59247      4.06612      2.27112      1.79500
      2.60247      2.86175      1.70349      1.15826
      2.61247      3.25804      2.07367      1.18437
      2.62247      3.75523      2.43801      1.31722
      2.63247      3.53961      2.26178      1.27784
      2.64247      3.13606      1.92079      1.21527
      2.65247      2.72211      1.67132      1.05080
      2.66247      2.19784      1.39347      0.80437
      2.67247      2.66402      1.75506      0.90896
      2.68247      4.04375      2.70269      1.34105
      2.69247      4.55605      3.00068      1.55537
      2.70247      3.93506      2.53578      1.39928
      2.71247      2.93576      1.89130      1.04446
      2.72247      2.33576      1.55513      0.78062
      2.73247      2.41592      1.64907      0.76685
      2.74247      2.92166      2.00590      0.91576
      2.75247      3.10543      2.13307      0.97236
      2.76247      2.56403      1.71836      0.84568
      2.77247      2.24247      1.46990      0.77257
      2.78247      2.08088      1.36751      0.71337
      2.79247      2.05933      1.35847      0.70086
      2.80247      2.35727      1.61130      0.74598
      2.81247      2.54005      1.86052      0.67953
      2.82247      2.51967      1.88100      0.63867
      2.83247      2.05700      1.46704      0.58996
      2.84247      1.44550      0.92454      0.52096
      2.85247      1.38426      0.79204      0.59222
      2.86247      1.70703      1.08489      0.62214
      2.87247      2.33462      1.69296      0.64166
      2.88247      2.60274      1.95165      0.65109
      2.89247      1.96657      1.46486      0.50172
      2.90247      1.38935      1.01466      0.37468
      2.91247      1.67178      1.23700      0.43478
      2.92247      2.03090      1.52361      0.50729
      2.93247      1.92373      1.44387      0.47986
      2.94247      1.77675      1.29836      0.47839
      2.95247      1.55062      1.06865      0.48197
      2.96247      1.22414      0.87197      0.35217
      2.97247      1.43572      1.12880      0.30692
      2.98247      2.57305      1.98635      0.58670
      2.99247      3.90747      2.91724      0.99022
      3.00247      3.93572      2.91719      1.01853
      3.01247      3.28754      2.44790      0.83964
      3.02247      3.35962      2.43337      0.92626
      3.03247      3.91364      2.76081      1.15284
      3.04247      4.18298      2.93443      1.24855
      3.05247      4.83881      3.41528      1.42353
      3.06247      6.11310      4.32255      1.79055
      3.07247      7.17561      5.00072      2.17489
      3.08247      7.61928      5.22632      2.39297
      3.09247      7.09683      4.93583      2.16100
      3.10247      6.00175      4.38281      1.61894
      3.11247      5.45547      4.06306      1.39240
      3.12247      4.61962      3.36800      1.25161
      3.13247      3.92169      2.73013      1.19156
      3.14247      3.70628      2.41239      1.29389
      3.15247      3.88936      2.44788      1.44148
      3.16247      3.74888      2.47930      1.26958
      3.17247      3.07300      2.16546      0.90753
      3.18247      2.87424      2.01209      0.86215
      3.19247      3.02891      2.08361      0.94530
      3.20247      2.91222      1.98191      0.93031
      3.21247      2.88315      1.99925      0.88390
      3.22247      3.80411      2.67366      1.13045
      3.23247      4.77580      3.24816      1.52764
      3.24247      5.25430      3.36455      1.88976
      3.25247      5.34910      3.30496      2.04414
      3.26247      4.63189      3.00740      1.62449
      3.27247      4.25454      3.03582      1.21872
      3.28247      4.76646      3.49356      1.27290
      3.29247      5.57538      3.95608      1.61930
      3.30247      5.84881      3.93787      1.91095
      3.31247      5.61009      3.66914      1.94095
      3.32247      5.39628      3.68068      1.71560
      3.33247      5.01721      3.54093      1.47628
      3.34247      5.11607      3.58601      1.53006
      3.35247      5.85572      3.92751      1.92820
      3.36247      5.67590      3.70358      1.97232
      3.37247      5.18155      3.54655      1.63500
      3.38247      4.58261      3.35106      1.23155
      3.39247      4.28887      3.13303      1.15584
      3.40247      5.38163      3.81667      1.56497
      3.41247      5.98879      4.29469      1.69410
      3.42247      4.74382      3.36671      1.37711
      3.43247      3.71744      2.46205      1.25538
      3.44247      3.56531      2.32230      1.24302
      3.45247      3.77485      2.49838      1.27647
      3.46247      3.95016      2.64485      1.30531
      3.47247      3.64579      2.39454      1.25126
      3.48247      3.16450      1.95030      1.21420
      3.49247      2.99271      1.85096      1.14176
      3.50247      2.90168      1.99086      0.91082
      3.51247      3.06892      2.23986      0.82906
      3.52247      3.42354      2.42923      0.99431
      3.53247      3.59819      2.33304      1.26514
      3.54247      3.75410      2.20993      1.54417
      3.55247      3.44478      1.98439      1.46038
      3.56247      2.73023      1.61593      1.11429
      3.57247      2.38504      1.42730      0.95774
      3.58247      2.53756      1.52360      1.01395
      3.59247      2.69119      1.64057      1.05061
      3.60247      2.54400      1.58929      0.95471
      3.61247      2.72114      1.65440      1.06675
      3.62247      3.05203      1.72512      1.32691
      3.63247      3.21892      1.73323      1.48569
      3.64247      3.16208      1.68733      1.47476
      3.65247      3.18501      1.76465      1.42037
      3.66247      3.60467      2.06614      1.53853
      3.67247      4.13743      2.39965      1.73778
      3.68247      3.81412      2.22400      1.59012
      3.69247      3.47585      1.95803      1.51782
      3.70247      4.28389      2.27649      2.00741
      3.71247      4.61811      2.40101      2.21710
      3.72247      4.23573      2.22651      2.00922
      3.73247      4.53155      2.37166      2.15989
      3.74247      4.98777      2.58294      2.40483
      3.75247      3.91470      2.03705      1.87765
      3.76247      2.64566      1.41621      1.22944
      3.77247      2.52210      1.36478      1.15732
      3.78247      3.31112      1.73870      1.57242
      3.79247      4.22723      2.25508      1.97214
      3.80247      3.41108      1.88332      1.52776
      3.81247      1.85619      1.05476      0.80143
      3.82247      1.67979      0.94763      0.73216
      3.83247      1.98587      1.12442      0.86145
      3.84247      2.32303      1.36063      0.96240
      3.85247      2.77645      1.60452      1.17192
      3.86247      2.95325      1.63276      1.32049
      3.87247      3.34403      1.79568      1.54835
      3.88247      3.14665      1.67891      1.46774
      3.89247      2.08638      1.13679      0.94958
      3.90247      1.70749      0.94360      0.76389
      3.91247      1.99675      1.08276      0.91399
      3.92247      2.17138      1.15936      1.01202
      3.93247      1.98082      1.06191      0.91890
      3.94247      1.59217      0.85718      0.73499
      3.95247      1.50539      0.81865      0.68673
      3.96247      1.76742      0.97942      0.78800
      3.97247      1.94575      1.06950      0.87625
      3.98247      2.23980      1.23798      1.00182
      3.99247      2.28889      1.28577      1.00312
      4.00247      1.94520      1.04186      0.90334
      4.01247      1.72021      0.86410      0.85611
      4.02247      1.50447      0.77408      0.73039
      4.03247      1.77236      0.96194      0.81042
      4.04247      2.42159      1.30079      1.12079
      4.05247      2.60972      1.37652      1.23320
      4.06247      1.95392      1.05875      0.89516
      4.07247      1.38958      0.77108      0.61850
      4.08247      1.27160      0.68297      0.58863
      4.09247      1.35627      0.70603      0.65024
      4.10247      1.75785      0.89155      0.86630
      4.11247      1.82229      0.88997      0.93232
      4.12247      1.67150      0.79550      0.87600
      4.13247      1.66426      0.80368      0.86058
      4.14247      1.29789      0.63265      0.66524
      4.15247      1.02143      0.49420      0.52724
      4.16247      1.02074      0.49365      0.52709
      4.17247      0.84110      0.41070      0.43040
      4.18247      1.07314      0.52166      0.55147
      4.19247      1.70121      0.82172      0.87949
      4.20247      1.94488      0.94267      1.00221
      4.21247      1.83916      0.90131      0.93785
      4.22247      1.62378      0.80101      0.82278
      4.23247      1.13095      0.55071      0.58025
      4.24247      0.92003      0.44304      0.47699
      4.25247      0.83609      0.40602      0.43007
      4.26247      0.89490      0.42688      0.46803
      4.27247      1.40689      0.65904      0.74785
      4.28247      1.77419      0.83522      0.93897
      4.29247      1.86415      0.88985      0.97430
      4.30247      1.83435      0.88012      0.95423
      4.31247      1.47776      0.70396      0.77380
      4.32247      1.30949      0.62015      0.68934
      4.33247      1.29770      0.62219      0.67551
      4.34247      1.23525      0.59344      0.64180
      4.35247      1.48144      0.70460      0.77684
      4.36247      1.97959      0.94499      1.03459
      4.37247      1.95912      0.94298      1.01614
      4.38247      1.36819      0.66003      0.70817
      4.39247      1.06083      0.50415      0.55668
      4.40247      1.25722      0.59246      0.66475
      4.41247      1.47961      0.69884      0.78077
      4.42247      2.02103      0.95753      1.06350
      4.43247      2.69247      1.27396      1.41852
      4.44247      2.72428      1.28560      1.43867
      4.45247      1.84101      0.86705      0.97397
      4.46247      1.13774      0.53534      0.60240
      4.47247      0.95730      0.45175      0.50555
      4.48247      0.87848      0.41802      0.46046
      4.49247      0.76193      0.36795      0.39398
      4.50247      0.99897      0.48077      0.51820
      4.51247      1.48361      0.70675      0.77686
      4.52247      1.47554      0.70174      0.77380
      4.53247      1.04055      0.50058      0.53997
      4.54247      0.84475      0.40947      0.43528
      4.55247      0.77220      0.37052      0.40169
      4.56247      0.62651      0.30250      0.32402
      4.57247      0.44536      0.21716      0.22820
      4.58247      0.67223      0.31625      0.35599
      4.59247      1.50529      0.70095      0.80434
      4.60247      1.68241      0.78598      0.89643
      4.61247      1.01507      0.47806      0.53702
      4.62247      0.54336      0.25541      0.28795
      4.63247      0.34248      0.15893      0.18355
      4.64247      0.19592      0.09059      0.10533
      4.65247      0.35109      0.16315      0.18794
      4.66247      0.82209      0.38332      0.43877
      4.67247      0.96860      0.45231      0.51629
      4.68247      0.56913      0.26552      0.30361
      4.69247      0.36925      0.17134      0.19791
      4.70247      0.27905      0.12914      0.14991
      4.71247      0.19381      0.08922      0.10459
      4.72247      0.66681      0.30853      0.35829
      4.73247      1.86529      0.86956      0.99574
      4.74247      2.42198      1.13396      1.28802
      4.75247      1.54726      0.72499      0.82227
      4.76247      0.69673      0.32547      0.37127
      4.77247      0.51823      0.24211      0.27613
      4.78247      0.70429      0.32946      0.37482
      4.79247      1.05555      0.49360      0.56194
      4.80247      1.45177      0.67963      0.77214
      4.81247      1.60197      0.75228      0.84969
      4.82247      1.46354      0.68395      0.77958
      4.83247      1.08135      0.49921      0.58215
      4.84247      1.23117      0.56926      0.66190
      4.85247      1.99238      0.93054      1.06185
      4.86247      2.32414      1.09556      1.22858
      4.87247      2.33408      1.10648      1.22760
      4.88247      2.11472      1.00798      1.10674
      4.89247      1.92253      0.92280      0.99974
      4.90247      1.92697      0.92298      1.00398
      4.91247      1.99077      0.94773      1.04305
      4.92247      2.15973      1.02738      1.13235
      4.93247      2.15579      1.02129      1.13451
      4.94247      2.44188      1.15296      1.28892
      4.95247      2.87965      1.36918      1.51047
      4.96247      3.26701      1.56136      1.70565
      4.97247      3.61693      1.73354      1.88339
      4.98247      3.44125      1.65786      1.78338
      4.99247      3.08907      1.48590      1.60317
      5.00247      3.51500      1.67425      1.84075
      5.01247      4.43621      2.11529      2.32092
      5.02247      5.88049      2.80490      3.07559
      5.03247      6.57479      3.12467      3.45012
      5.04247      6.12513      2.91607      3.20906
      5.05247      5.80564      2.79510      3.01054
      5.06247      5.18329      2.54097      2.64232
      5.07247      3.93841      1.96047      1.97793
      5.08247      3.48675      1.73314      1.75361
      5.09247      3.71979      1.83100      1.88879
      5.10247      3.75613      1.83922      1.91691
      5.11247      3.33369      1.64276      1.69093
      5.12247      2.94898      1.46884      1.48014
      5.13247      3.18290      1.59265      1.59025
      5.14247      3.46314      1.73436      1.72878
      5.15247      3.33188      1.66988      1.66201
      5.16247      2.64635      1.33657      1.30978
      5.17247      1.67972      0.85721      0.82251
      5.18247      1.26353      0.64390      0.61963
      5.19247      1.62847      0.81323      0.81525
      5.20247      2.17214      1.09018      1.08196
      5.21247      2.66594      1.39613      1.26980
      5.22247      2.51061      1.36033      1.15028
      5.23247      1.56461      0.84090      0.72371
      5.24247      1.13094      0.55306      0.57788
      5.25247      1.24032      0.58127      0.65905
      5.26247      1.05969      0.52042      0.53926
      5.27247      0.81565      0.43862      0.37703
      5.28247      0.97725      0.54670      0.43054
      5.29247      1.33830      0.72574      0.61256
      5.30247      1.59646      0.79999      0.79647
      5.31247      1.41807      0.65367      0.76441
      5.32247      1.13805      0.52605      0.61201
      5.33247      1.07299      0.53179      0.54121
      5.34247      1.24905      0.64132      0.60773
      5.35247      1.54008      0.81127      0.72881
      5.36247      1.64563      0.87686      0.76878
      5.37247      1.12238      0.60577      0.51661
      5.38247      0.57641      0.30263      0.27378
      5.39247      0.82189      0.39639      0.42549
      5.40247      1.28845      0.61292      0.67553
      5.41247      1.19191      0.55786      0.63404
      5.42247      0.97679      0.48483      0.49196
      5.43247      0.79515      0.43846      0.35669
      5.44247      0.68114      0.40042      0.28072
      5.45247      0.74617      0.44226      0.30390
      5.46247      0.82655      0.46917      0.35738
      5.47247      1.01816      0.54758      0.47058
      5.48247      0.96718      0.51448      0.45270
      5.49247      0.94784      0.47421      0.47363
      5.50247      1.42117      0.65305      0.76812
      5.51247      1.75396      0.81580      0.93816
      5.52247      1.48071      0.71006      0.77064
      5.53247      1.13233      0.55042      0.58191
      5.54247      1.08782      0.54341      0.54440
      5.55247      1.03302      0.52982      0.50319
      5.56247      0.92952      0.50740      0.42212
      5.57247      0.83706      0.44828      0.38878
      5.58247      0.60794      0.28637      0.32157
      5.59247      0.41974      0.15888      0.26086
      5.60247      0.31486      0.10440      0.21046
      5.61247      0.13849      0.04536      0.09313
      5.62247      0.15623      0.05555      0.10069
      5.63247      0.56693      0.20285      0.36408
      5.64247      0.96293      0.34752      0.61542
      5.65247      0.89276      0.35550      0.53726
      5.66247      0.75877      0.35818      0.40059
      5.67247      0.45974      0.23440      0.22533
      5.68247      0.20486      0.09500      0.10986
      5.69247      0.35362      0.13864      0.21498
      5.70247      0.64156      0.26108      0.38048
      5.71247      0.67736      0.28251      0.39485
      5.72247      0.43874      0.17620      0.26254
      5.73247      0.25030      0.08881      0.16149
      5.74247      0.18146      0.05770      0.12375
      5.75247      0.09863      0.03088      0.06776
      5.76247      0.14293      0.04786      0.09507
      5.77247      0.52344      0.18241      0.34104
      5.78247      1.04138      0.39371      0.64768
      5.79247      1.23502      0.51792      0.71709
      5.80247      1.07703      0.45108      0.62595
      5.81247      0.75111      0.28395      0.46716
      5.82247      0.78174      0.26771      0.51403
      5.83247      1.05592      0.34829      0.70763
      5.84247      0.83862      0.27684      0.56177
      5.85247      0.32284      0.10853      0.21431
      5.86247      0.13722      0.04472      0.09251
      5.87247      0.35504      0.11440      0.24064
      5.88247      0.58837      0.19528      0.39309
      5.89247      0.42696      0.15335      0.27361
      5.90247      0.25577      0.13552      0.12026
      5.91247      0.37637      0.23087      0.14549
      5.92247      0.58571      0.27660      0.30911
      5.93247      0.95016      0.34873      0.60143
      5.94247      1.23293      0.48061      0.75232
      5.95247      1.04901      0.46056      0.58845
      5.96247      0.65173      0.27377      0.37796
      5.97247      0.37280      0.12992      0.24288
      5.98247      0.26941      0.08992      0.17949
      5.99247      0.38795      0.13194      0.25601
      6.00247      0.50186      0.17112      0.33073
      6.01247      0.59653      0.22740      0.36913
      6.02247      0.60675      0.25827      0.34848
      6.03247      0.40522      0.17072      0.23450
      6.04247      0.31939      0.12337      0.19603
      6.05247      0.45537      0.18680      0.26857
      6.06247      0.38566      0.17035      0.21531
      6.07247      0.44580      0.16259      0.28321
      6.08247      1.11600      0.36106      0.75494
      6.09247      1.53959      0.49272      1.04687
      6.10247      1.27569      0.42297      0.85272
      6.11247      1.07406      0.42033      0.65372
      6.12247      1.09952      0.46812      0.63139
      6.13247      0.89422      0.34704      0.54717
      6.14247      0.40293      0.13953      0.26340
      6.15247      0.26081      0.08553      0.17528
      6.16247      0.51377      0.16482      0.34896
      6.17247      0.64945      0.20059      0.44886
      6.18247      0.59414      0.17906      0.41507
      6.19247      0.56801      0.18195      0.38606
      6.20247      0.54647      0.21198      0.33449
      6.21247      0.65856      0.30668      0.35189
      6.22247      0.89080      0.39143      0.49937
      6.23247      1.19102      0.47553      0.71549
      6.24247      1.43971      0.57801      0.86169
      6.25247      1.02466      0.41039      0.61428
      6.26247      0.51179      0.18650      0.32529
      6.27247      0.51934      0.16866      0.35068
      6.28247      0.82754      0.28618      0.54136
      6.29247      1.12402      0.44459      0.67943
      6.30247      0.86304      0.37589      0.48715
      6.31247      0.33220      0.14702      0.18517
      6.32247      0.18888      0.06801      0.12087
      6.33247      0.32586      0.10752      0.21834
      6.34247      0.38357      0.12200      0.26157
      6.35247      0.51243      0.16346      0.34897
      6.36247      0.85103      0.30309      0.54794
      6.37247      1.45610      0.54854      0.90756
      6.38247      1.93289      0.72554      1.20735
      6.39247      1.56440      0.56889      0.99551
      6.40247      1.05766      0.34927      0.70839
      6.41247      0.99652      0.31215      0.68437
      6.42247      1.01923      0.31569      0.70354
      6.43247      1.01692      0.31517      0.70176
      6.44247      0.84663      0.26945      0.57718
      6.45247      0.59515      0.19968      0.39546
      6.46247      0.75926      0.29488      0.46438
      6.47247      0.93794      0.39971      0.53823
      6.48247      0.96004      0.36103      0.59901
      6.49247      1.32744      0.40654      0.92090
      6.50247      1.54147      0.46131      1.08016
      6.51247      1.43057      0.44702      0.98355
      6.52247      1.32928      0.45323      0.87605
      6.53247      1.53962      0.58360      0.95602
      6.54247      1.61963      0.64734      0.97228
      6.55247      1.36110      0.56155      0.79955
      6.56247      0.90053      0.36202      0.53852
      6.57247      0.58053      0.23254      0.34799
      6.58247      0.77844      0.34027      0.43817
      6.59247      1.15416      0.45623      0.69793
      6.60247      0.85566      0.30225      0.55341
      6.61247      0.37940      0.12475      0.25465
      6.62247      0.56022      0.19717      0.36305
      6.63247      1.13541      0.43929      0.69612
      6.64247      1.32376      0.52344      0.80031
      6.65247      0.95480      0.34625      0.60855
      6.66247      0.61017      0.19731      0.41286
      6.67247      0.60769      0.20109      0.40660
      6.68247      0.71696      0.26223      0.45472
      6.69247      0.71522      0.30197      0.41326
      6.70247      0.83556      0.37856      0.45700
      6.71247      0.95400      0.44984      0.50416
      6.72247      0.77303      0.36035      0.41268
      6.73247      0.53404      0.20504      0.32900
      6.74247      0.56964      0.17819      0.39145
      6.75247      0.72515      0.22346      0.50169
      6.76247      0.77604      0.24637      0.52966
      6.77247      0.65923      0.22235      0.43689
      6.78247      0.63024      0.25177      0.37847
      6.79247      0.77717      0.34384      0.43333
      6.80247      0.78015      0.31570      0.46446
      6.81247      0.67907      0.23292      0.44615
      6.82247      0.47641      0.16137      0.31504
      6.83247      0.45167      0.19510      0.25657
      6.84247      0.98214      0.46996      0.51218
      6.85247      1.29278      0.63780      0.65498
      6.86247      1.04307      0.52288      0.52019
      6.87247      0.87452      0.40120      0.47332
      6.88247      0.95078      0.39739      0.55340
      6.89247      1.18694      0.47830      0.70863
      6.90247      1.00194      0.38032      0.62162
      6.91247      0.53142      0.21060      0.32082
      6.92247      0.36498      0.19797      0.16701
      6.93247      0.37542      0.20858      0.16685
      6.94247      0.39194      0.16233      0.22961
      6.95247      0.51185      0.17221      0.33964
      6.96247      0.73379      0.25229      0.48150
      6.97247      0.83635      0.32028      0.51607
      6.98247      0.88674      0.38349      0.50325
      6.99247      1.15264      0.52808      0.62455
      7.00247      1.05429      0.50023      0.55406
      7.01247      0.83042      0.34900      0.48142
      7.02247      0.81481      0.28908      0.52573
      7.03247      0.93616      0.35334      0.58282
      7.04247      1.28945      0.50450      0.78495
      7.05247      1.27522      0.47506      0.80016
      7.06247      0.91406      0.32217      0.59189
      7.07247      0.58933      0.20485      0.38448
      7.08247      0.42712      0.14992      0.27721
      7.09247      0.30144      0.11164      0.18980
      7.10247      0.56563      0.25223      0.31340
      7.11247      1.60970      0.77978      0.82993
      7.12247      2.28732      1.18654      1.10077
      7.13247      1.65709      0.89970      0.75740
      7.14247      0.76288      0.39471      0.36817
      7.15247      0.43061      0.19666      0.23394
      7.16247      0.48638      0.20188      0.28450
      7.17247      0.62762      0.23462      0.39300
      7.18247      0.84818      0.30685      0.54133
      7.19247      1.14435      0.43988      0.70447
      7.20247      1.34514      0.55141      0.79372
      7.21247      1.38855      0.57102      0.81754
      7.22247      1.20814      0.49885      0.70929
      7.23247      1.28821      0.57536      0.71285
      7.24247      1.73792      0.81157      0.92635
