Energy-E_F (eV)    DOS (1/eV)    PDOS (1/eV)  of atom type W  Se 
     -5.59387      4.66192      0.00000      0.00000
     -5.58387      3.22445      0.00000      0.00000
     -5.57387      2.61491      0.00000      0.00000
     -5.56387      3.43959      0.00000      0.00000
     -5.55387      3.85443      0.00000      0.00000
     -5.54387      3.55336      0.00000      0.00000
     -5.53387      3.56334      0.00000      0.00000
     -5.52387      3.53537      0.00000      0.00000
     -5.51387      2.40849      0.00000      0.00000
     -5.50387      1.61998      0.00000      0.00000
     -5.49387      2.37430      0.00000      0.00000
     -5.48387      3.26775      0.00000      0.00000
     -5.47387      3.07006      0.00000      0.00000
     -5.46387      2.37765      0.00000      0.00000
     -5.45387      2.18506      0.00000      0.00000
     -5.44387      2.75808      0.00000      0.00000
     -5.43387      2.76786      0.00000      0.00000
     -5.42387      1.68290      0.00000      0.00000
     -5.41387      0.97726      0.00000      0.00000
     -5.40387      1.29980      0.00000      0.00000
     -5.39387      2.31919      0.00000      0.00000
     -5.38387      2.71159      0.00000      0.00000
     -5.37387      1.96832      0.00000      0.00000
     -5.36387      1.36743      0.00000      0.00000
     -5.35387      1.67656      0.00000      0.00000
     -5.34387      2.15883      0.00000      0.00000
     -5.33387      1.77923      0.00000      0.00000
     -5.32387      1.10549      0.00000      0.00000
     -5.31387      0.97765      0.00000      0.00000
     -5.30387      1.36014      0.00000      0.00000
     -5.29387      2.14426      0.00000      0.00000
     -5.28387      2.46396      0.00000      0.00000
     -5.27387      1.91599      0.00000      0.00000
     -5.26387      1.48309      0.00000      0.00000
     -5.25387      1.41215      0.00000      0.00000
     -5.24387      1.80039      0.00000      0.00000
     -5.23387      2.21090      0.00000      0.00000
     -5.22387      1.73618      0.00000      0.00000
     -5.21387      1.21961      0.00000      0.00000
     -5.20387      1.69232      0.00000      0.00000
     -5.19387      2.72390      0.00000      0.00000
     -5.18387      3.98969      0.00000      0.00000
     -5.17387      5.29445      0.00000      0.00000
     -5.16387      5.89758      0.00000      0.00000
     -5.15387      6.27918      0.00000      0.00000
     -5.14387      7.23031      0.00000      0.00000
     -5.13387      8.23939      0.00000      0.00000
     -5.12387      8.60351      0.00000      0.00000
     -5.11387      7.20142      0.00000      0.00000
     -5.10387      5.67973      0.00000      0.00000
     -5.09387      5.32515      0.00000      0.00000
     -5.08387      4.55571      0.00000      0.00000
     -5.07387      3.80974      0.00000      0.00000
     -5.06387      4.09814      0.00000      0.00000
     -5.05387      4.20196      0.00000      0.00000
     -5.04387      3.53973      0.00000      0.00000
     -5.03387      2.75096      0.00000      0.00000
     -5.02387      2.14369      0.00000      0.00000
     -5.01387      2.23209      0.00000      0.00000
     -5.00387      3.42770      0.00000      0.00000
     -4.99387      4.68300      0.00000      0.00000
     -4.98387      5.52923      0.00000      0.00000
     -4.97387      6.27533      0.00000      0.00000
     -4.96387      6.46652      0.00000      0.00000
     -4.95387      6.53169      0.00000      0.00000
     -4.94387      6.10796      0.00000      0.00000
     -4.93387      5.55996      0.00000      0.00000
     -4.92387      5.49087      0.00000      0.00000
     -4.91387      5.64493      0.00000      0.00000
     -4.90387      6.02587      0.00000      0.00000
     -4.89387      6.02720      0.00000      0.00000
     -4.88387      5.84082      0.00000      0.00000
     -4.87387      6.26436      0.00000      0.00000
     -4.86387      6.59816      0.00000      0.00000
     -4.85387      6.34258      0.00000      0.00000
     -4.84387      6.78964      0.00000      0.00000
     -4.83387      7.66879      0.00000      0.00000
     -4.82387      7.71855      0.00000      0.00000
     -4.81387      8.06818      0.00000      0.00000
     -4.80387      9.73045      0.00000      0.00000
     -4.79387     12.06637      0.00000      0.00000
     -4.78387     12.96939      0.00000      0.00000
     -4.77387     11.54882      0.00000      0.00000
     -4.76387     10.72097      0.00000      0.00000
     -4.75387     11.58468      0.00000      0.00000
     -4.74387     11.23259      0.00000      0.00000
     -4.73387      9.11228      0.00000      0.00000
     -4.72387      7.51104      0.00000      0.00000
     -4.71387      7.22547      0.00000      0.00000
     -4.70387      7.93755      0.00000      0.00000
     -4.69387      8.28565      0.00000      0.00000
     -4.68387      6.83046      0.00000      0.00000
     -4.67387      4.79164      0.00000      0.00000
     -4.66387      3.92703      0.00000      0.00000
     -4.65387      4.12534      0.00000      0.00000
     -4.64387      4.56838      0.00000      0.00000
     -4.63387      5.14536      0.00000      0.00000
     -4.62387      6.20734      0.00000      0.00000
     -4.61387      7.03059      0.00000      0.00000
     -4.60387      6.14884      0.00000      0.00000
     -4.59387      4.00677      0.00000      0.00000
     -4.58387      2.84714      0.00000      0.00000
     -4.57387      2.75114      0.00000      0.00000
     -4.56387      2.39348      0.00000      0.00000
     -4.55387      1.96781      0.00000      0.00000
     -4.54387      1.67113      0.00000      0.00000
     -4.53387      1.18573      0.00000      0.00000
     -4.52387      0.91166      0.00000      0.00000
     -4.51387      1.45411      0.00000      0.00000
     -4.50387      2.12157      0.00000      0.00000
     -4.49387      2.27155      0.00000      0.00000
     -4.48387      2.32675      0.00000      0.00000
     -4.47387      2.15450      0.00000      0.00000
     -4.46387      1.59036      0.00000      0.00000
     -4.45387      1.36342      0.00000      0.00000
     -4.44387      1.62227      0.00000      0.00000
     -4.43387      1.57700      0.00000      0.00000
     -4.42387      1.86553      0.00000      0.00000
     -4.41387      2.61780      0.00000      0.00000
     -4.40387      2.24276      0.00000      0.00000
     -4.39387      1.58045      0.00000      0.00000
     -4.38387      1.88827      0.00000      0.00000
     -4.37387      2.44674      0.00000      0.00000
     -4.36387      2.99018      0.00000      0.00000
     -4.35387      4.13905      0.00000      0.00000
     -4.34387      5.40670      0.00000      0.00000
     -4.33387      4.97168      0.00000      0.00000
     -4.32387      3.08263      0.00000      0.00000
     -4.31387      2.45093      0.00000      0.00000
     -4.30387      3.23206      0.00000      0.00000
     -4.29387      3.31873      0.00000      0.00000
     -4.28387      2.92252      0.00000      0.00000
     -4.27387      2.71914      0.00000      0.00000
     -4.26387      1.91866      0.00000      0.00000
     -4.25387      1.56263      0.00000      0.00000
     -4.24387      2.54772      0.00000      0.00000
     -4.23387      3.10014      0.00000      0.00000
     -4.22387      2.26727      0.00000      0.00000
     -4.21387      2.06348      0.00000      0.00000
     -4.20387      2.67555      0.00000      0.00000
     -4.19387      2.51431      0.00000      0.00000
     -4.18387      1.90491      0.00000      0.00000
     -4.17387      2.08435      0.00000      0.00000
     -4.16387      2.95325      0.00000      0.00000
     -4.15387      3.90742      0.00000      0.00000
     -4.14387      4.62197      0.00000      0.00000
     -4.13387      4.53926      0.00000      0.00000
     -4.12387      3.93347      0.00000      0.00000
     -4.11387      3.86426      0.00000      0.00000
     -4.10387      4.23404      0.00000      0.00000
     -4.09387      5.20741      0.00000      0.00000
     -4.08387      6.25065      0.00000      0.00000
     -4.07387      6.46186      0.00000      0.00000
     -4.06387      6.63841      0.00000      0.00000
     -4.05387      6.14507      0.00000      0.00000
     -4.04387      4.82565      0.00000      0.00000
     -4.03387      3.98103      0.00000      0.00000
     -4.02387      4.55762      0.00000      0.00000
     -4.01387      5.86315      0.00000      0.00000
     -4.00387      6.01000      0.00000      0.00000
     -3.99387      4.77713      0.00000      0.00000
     -3.98387      3.88481      0.00000      0.00000
     -3.97387      3.88885      0.00000      0.00000
     -3.96387      4.18146      0.00000      0.00000
     -3.95387      5.01296      0.00000      0.00000
     -3.94387      5.82932      0.00000      0.00000
     -3.93387      5.12524      0.00000      0.00000
     -3.92387      4.26409      0.00000      0.00000
     -3.91387      3.52874      0.00000      0.00000
     -3.90387      3.29217      0.00000      0.00000
     -3.89387      4.87027      0.00000      0.00000
     -3.88387      6.23418      0.00000      0.00000
     -3.87387      6.59715      0.00000      0.00000
     -3.86387      6.47691      0.00000      0.00000
     -3.85387      6.09778      0.00000      0.00000
     -3.84387      6.09848      0.00000      0.00000
     -3.83387      7.01139      0.00000      0.00000
     -3.82387      8.02880      0.00000      0.00000
     -3.81387      7.75506      0.00000      0.00000
     -3.80387      6.43190      0.00000      0.00000
     -3.79387      4.53938      0.00000      0.00000
     -3.78387      3.52699      0.00000      0.00000
     -3.77387      4.41882      0.00000      0.00000
     -3.76387      5.99839      0.00000      0.00000
     -3.75387      5.90821      0.00000      0.00000
     -3.74387      4.57482      0.00000      0.00000
     -3.73387      4.52510      0.00000      0.00000
     -3.72387      5.29475      0.00000      0.00000
     -3.71387      6.00339      0.00000      0.00000
     -3.70387      6.88810      0.00000      0.00000
     -3.69387      6.01742      0.00000      0.00000
     -3.68387      4.09087      0.00000      0.00000
     -3.67387      3.72806      0.00000      0.00000
     -3.66387      4.45447      0.00000      0.00000
     -3.65387      4.90346      0.00000      0.00000
     -3.64387      4.85146      0.00000      0.00000
     -3.63387      5.31810      0.00000      0.00000
     -3.62387      5.94023      0.00000      0.00000
     -3.61387      5.85874      0.00000      0.00000
     -3.60387      5.31030      0.00000      0.00000
     -3.59387      4.72438      0.00000      0.00000
     -3.58387      4.43755      0.00000      0.00000
     -3.57387      4.58409      0.00000      0.00000
     -3.56387      4.53147      0.00000      0.00000
     -3.55387      4.82099      0.00000      0.00000
     -3.54387      5.42473      0.00000      0.00000
     -3.53387      5.42495      0.00000      0.00000
     -3.52387      5.77869      0.00000      0.00000
     -3.51387      7.03642      0.00000      0.00000
     -3.50387      7.55131      0.00000      0.00000
     -3.49387      6.59527      0.00000      0.00000
     -3.48387      6.05271      0.00000      0.00000
     -3.47387      6.05065      0.00000      0.00000
     -3.46387      5.46851      0.00000      0.00000
     -3.45387      5.05358      0.00000      0.00000
     -3.44387      5.19716      0.00000      0.00000
     -3.43387      4.89867      0.00000      0.00000
     -3.42387      3.86763      0.00000      0.00000
     -3.41387      2.87825      0.00000      0.00000
     -3.40387      2.87424      0.00000      0.00000
     -3.39387      3.49938      0.00000      0.00000
     -3.38387      4.05816      0.00000      0.00000
     -3.37387      4.58205      0.00000      0.00000
     -3.36387      4.73135      0.00000      0.00000
     -3.35387      4.25153      0.00000      0.00000
     -3.34387      3.51706      0.00000      0.00000
     -3.33387      2.75048      0.00000      0.00000
     -3.32387      2.64230      0.00000      0.00000
     -3.31387      3.18458      0.00000      0.00000
     -3.30387      4.06664      0.00000      0.00000
     -3.29387      4.42042      0.00000      0.00000
     -3.28387      4.21259      0.00000      0.00000
     -3.27387      4.13041      0.00000      0.00000
     -3.26387      3.90388      0.00000      0.00000
     -3.25387      3.46929      0.00000      0.00000
     -3.24387      3.49341      0.00000      0.00000
     -3.23387      3.52012      0.00000      0.00000
     -3.22387      3.43265      0.00000      0.00000
     -3.21387      3.50065      0.00000      0.00000
     -3.20387      3.85359      0.00000      0.00000
     -3.19387      4.62304      0.00000      0.00000
     -3.18387      4.20457      0.00000      0.00000
     -3.17387      2.70302      0.00000      0.00000
     -3.16387      2.69888      0.00000      0.00000
     -3.15387      3.65029      0.00000      0.00000
     -3.14387      4.32007      0.00000      0.00000
     -3.13387      4.17100      0.00000      0.00000
     -3.12387      3.28112      0.00000      0.00000
     -3.11387      2.74068      0.00000      0.00000
     -3.10387      2.61167      0.00000      0.00000
     -3.09387      2.73247      0.00000      0.00000
     -3.08387      2.93956      0.00000      0.00000
     -3.07387      2.62800      0.00000      0.00000
     -3.06387      2.31440      0.00000      0.00000
     -3.05387      2.24716      0.00000      0.00000
     -3.04387      2.21807      0.00000      0.00000
     -3.03387      2.23083      0.00000      0.00000
     -3.02387      2.47531      0.00000      0.00000
     -3.01387      2.80571      0.00000      0.00000
     -3.00387      3.31551      0.00000      0.00000
     -2.99387      4.23082      0.00000      0.00000
     -2.98387      4.17919      0.00000      0.00000
     -2.97387      3.05179      0.00000      0.00000
     -2.96387      2.70377      0.00000      0.00000
     -2.95387      3.06510      0.00000      0.00000
     -2.94387      3.57827      0.00000      0.00000
     -2.93387      4.65689      0.00000      0.00000
     -2.92387      5.66222      0.00000      0.00000
     -2.91387      5.79017      0.00000      0.00000
     -2.90387      5.21573      0.00000      0.00000
     -2.89387      4.94216      0.00000      0.00000
     -2.88387      5.37639      0.00000      0.00000
     -2.87387      6.68817      0.00000      0.00000
     -2.86387      9.01701      0.00000      0.00000
     -2.85387     11.60960      0.00000      0.00000
     -2.84387     12.32258      0.00000      0.00000
     -2.83387     11.75059      0.00000      0.00000
     -2.82387     11.48841      0.00000      0.00000
     -2.81387      9.78080      0.00000      0.00000
     -2.80387      7.07155      0.00000      0.00000
     -2.79387      7.00104      0.00000      0.00000
     -2.78387      8.96060      0.00000      0.00000
     -2.77387      8.52974      0.00000      0.00000
     -2.76387      5.96425      0.00000      0.00000
     -2.75387      5.26674      0.00000      0.00000
     -2.74387      6.43969      0.00000      0.00000
     -2.73387      7.61668      0.00000      0.00000
     -2.72387      7.71833      0.00000      0.00000
     -2.71387      7.20385      0.00000      0.00000
     -2.70387      6.49714      0.00000      0.00000
     -2.69387      5.66841      0.00000      0.00000
     -2.68387      6.04802      0.00000      0.00000
     -2.67387      6.68897      0.00000      0.00000
     -2.66387      6.24243      0.00000      0.00000
     -2.65387      5.81719      0.00000      0.00000
     -2.64387      6.97347      0.00000      0.00000
     -2.63387      9.10698      0.00000      0.00000
     -2.62387      9.43732      0.00000      0.00000
     -2.61387      8.40662      0.00000      0.00000
     -2.60387      8.16019      0.00000      0.00000
     -2.59387      8.49526      0.00000      0.00000
     -2.58387      8.68833      0.00000      0.00000
     -2.57387      8.49196      0.00000      0.00000
     -2.56387      8.59740      0.00000      0.00000
     -2.55387      8.54852      0.00000      0.00000
     -2.54387      7.29396      0.00000      0.00000
     -2.53387      6.98251      0.00000      0.00000
     -2.52387      7.52171      0.00000      0.00000
     -2.51387      7.69364      0.00000      0.00000
     -2.50387      7.94281      0.00000      0.00000
     -2.49387      7.33592      0.00000      0.00000
     -2.48387      6.04298      0.00000      0.00000
     -2.47387      5.99476      0.00000      0.00000
     -2.46387      6.83620      0.00000      0.00000
     -2.45387      7.03210      0.00000      0.00000
     -2.44387      6.95255      0.00000      0.00000
     -2.43387      6.45953      0.00000      0.00000
     -2.42387      5.00153      0.00000      0.00000
     -2.41387      4.90544      0.00000      0.00000
     -2.40387      5.98075      0.00000      0.00000
     -2.39387      5.46547      0.00000      0.00000
     -2.38387      4.35272      0.00000      0.00000
     -2.37387      3.94991      0.00000      0.00000
     -2.36387      3.41061      0.00000      0.00000
     -2.35387      3.78715      0.00000      0.00000
     -2.34387      4.10837      0.00000      0.00000
     -2.33387      3.83517      0.00000      0.00000
     -2.32387      4.90367      0.00000      0.00000
     -2.31387      6.40223      0.00000      0.00000
     -2.30387      6.28079      0.00000      0.00000
     -2.29387      5.30596      0.00000      0.00000
     -2.28387      4.78709      0.00000      0.00000
     -2.27387      4.31749      0.00000      0.00000
     -2.26387      4.07991      0.00000      0.00000
     -2.25387      4.96034      0.00000      0.00000
     -2.24387      5.65945      0.00000      0.00000
     -2.23387      5.30034      0.00000      0.00000
     -2.22387      4.55725      0.00000      0.00000
     -2.21387      4.65449      0.00000      0.00000
     -2.20387      5.13736      0.00000      0.00000
     -2.19387      5.18564      0.00000      0.00000
     -2.18387      4.50626      0.00000      0.00000
     -2.17387      3.50332      0.00000      0.00000
     -2.16387      2.84963      0.00000      0.00000
     -2.15387      2.52724      0.00000      0.00000
     -2.14387      2.77652      0.00000      0.00000
     -2.13387      2.90453      0.00000      0.00000
     -2.12387      2.48857      0.00000      0.00000
     -2.11387      2.05373      0.00000      0.00000
     -2.10387      1.71484      0.00000      0.00000
     -2.09387      2.40035      0.00000      0.00000
     -2.08387      3.93170      0.00000      0.00000
     -2.07387      5.47774      0.00000      0.00000
     -2.06387      6.45612      0.00000      0.00000
     -2.05387      7.29412      0.00000      0.00000
     -2.04387      7.90938      0.00000      0.00000
     -2.03387      7.11115      0.00000      0.00000
     -2.02387      5.94089      0.00000      0.00000
     -2.01387      5.67499      0.00000      0.00000
     -2.00387      6.16726      0.00000      0.00000
     -1.99387      6.68840      0.00000      0.00000
     -1.98387      6.00044      0.00000      0.00000
     -1.97387      4.87373      0.00000      0.00000
     -1.96387      4.76533      0.00000      0.00000
     -1.95387      5.21284      0.00000      0.00000
     -1.94387      5.19104      0.00000      0.00000
     -1.93387      5.14101      0.00000      0.00000
     -1.92387      4.63677      0.00000      0.00000
     -1.91387      4.50844      0.00000      0.00000
     -1.90387      4.87539      0.00000      0.00000
     -1.89387      5.06270      0.00000      0.00000
     -1.88387      4.99154      0.00000      0.00000
     -1.87387      5.07857      0.00000      0.00000
     -1.86387      5.24888      0.00000      0.00000
     -1.85387      4.58916      0.00000      0.00000
     -1.84387      4.28800      0.00000      0.00000
     -1.83387      4.51209      0.00000      0.00000
     -1.82387      4.86024      0.00000      0.00000
     -1.81387      5.22412      0.00000      0.00000
     -1.80387      4.65421      0.00000      0.00000
     -1.79387      3.37585      0.00000      0.00000
     -1.78387      2.86443      0.00000      0.00000
     -1.77387      3.15910      0.00000      0.00000
     -1.76387      3.37470      0.00000      0.00000
     -1.75387      3.41986      0.00000      0.00000
     -1.74387      3.03381      0.00000      0.00000
     -1.73387      2.34629      0.00000      0.00000
     -1.72387      1.96471      0.00000      0.00000
     -1.71387      2.24388      0.00000      0.00000
     -1.70387      2.95381      0.00000      0.00000
     -1.69387      3.36065      0.00000      0.00000
     -1.68387      3.52841      0.00000      0.00000
     -1.67387      3.52877      0.00000      0.00000
     -1.66387      3.24409      0.00000      0.00000
     -1.65387      2.97560      0.00000      0.00000
     -1.64387      2.70004      0.00000      0.00000
     -1.63387      2.45684      0.00000      0.00000
     -1.62387      1.99714      0.00000      0.00000
     -1.61387      1.53677      0.00000      0.00000
     -1.60387      1.77778      0.00000      0.00000
     -1.59387      1.99880      0.00000      0.00000
     -1.58387      1.91894      0.00000      0.00000
     -1.57387      1.74747      0.00000      0.00000
     -1.56387      1.31528      0.00000      0.00000
     -1.55387      1.27121      0.00000      0.00000
     -1.54387      1.44110      0.00000      0.00000
     -1.53387      1.54293      0.00000      0.00000
     -1.52387      1.54753      0.00000      0.00000
     -1.51387      1.60451      0.00000      0.00000
     -1.50387      1.82478      0.00000      0.00000
     -1.49387      2.00165      0.00000      0.00000
     -1.48387      2.12665      0.00000      0.00000
     -1.47387      2.28487      0.00000      0.00000
     -1.46387      2.49549      0.00000      0.00000
     -1.45387      2.34838      0.00000      0.00000
     -1.44387      2.35242      0.00000      0.00000
     -1.43387      2.34403      0.00000      0.00000
     -1.42387      2.27633      0.00000      0.00000
     -1.41387      2.33815      0.00000      0.00000
     -1.40387      2.21414      0.00000      0.00000
     -1.39387      2.13262      0.00000      0.00000
     -1.38387      2.26782      0.00000      0.00000
     -1.37387      2.87088      0.00000      0.00000
     -1.36387      3.52674      0.00000      0.00000
     -1.35387      3.49569      0.00000      0.00000
     -1.34387      3.56542      0.00000      0.00000
     -1.33387      3.39102      0.00000      0.00000
     -1.32387      2.77618      0.00000      0.00000
     -1.31387      2.61244      0.00000      0.00000
     -1.30387      2.96648      0.00000      0.00000
     -1.29387      2.96593      0.00000      0.00000
     -1.28387      3.16648      0.00000      0.00000
     -1.27387      3.80600      0.00000      0.00000
     -1.26387      4.11352      0.00000      0.00000
     -1.25387      4.13894      0.00000      0.00000
     -1.24387      4.26874      0.00000      0.00000
     -1.23387      4.77562      0.00000      0.00000
     -1.22387      5.42482      0.00000      0.00000
     -1.21387      6.19893      0.00000      0.00000
     -1.20387      6.45253      0.00000      0.00000
     -1.19387      5.41239      0.00000      0.00000
     -1.18387      4.57383      0.00000      0.00000
     -1.17387      4.33153      0.00000      0.00000
     -1.16387      3.76491      0.00000      0.00000
     -1.15387      3.94300      0.00000      0.00000
     -1.14387      4.69479      0.00000      0.00000
     -1.13387      4.66587      0.00000      0.00000
     -1.12387      4.30934      0.00000      0.00000
     -1.11387      4.15247      0.00000      0.00000
     -1.10387      4.36196      0.00000      0.00000
     -1.09387      5.08153      0.00000      0.00000
     -1.08387      4.85929      0.00000      0.00000
     -1.07387      4.36477      0.00000      0.00000
     -1.06387      3.91460      0.00000      0.00000
     -1.05387      3.28125      0.00000      0.00000
     -1.04387      3.96551      0.00000      0.00000
     -1.03387      4.57954      0.00000      0.00000
     -1.02387      4.76769      0.00000      0.00000
     -1.01387      5.26758      0.00000      0.00000
     -1.00387      5.10819      0.00000      0.00000
     -0.99387      4.90332      0.00000      0.00000
     -0.98387      5.76140      0.00000      0.00000
     -0.97387      6.31017      0.00000      0.00000
     -0.96387      5.50835      0.00000      0.00000
     -0.95387      5.06220      0.00000      0.00000
     -0.94387      5.65154      0.00000      0.00000
     -0.93387      5.62239      0.00000      0.00000
     -0.92387      5.10461      0.00000      0.00000
     -0.91387      4.60388      0.00000      0.00000
     -0.90387      4.46906      0.00000      0.00000
     -0.89387      4.73368      0.00000      0.00000
     -0.88387      4.62863      0.00000      0.00000
     -0.87387      4.67085      0.00000      0.00000
     -0.86387      4.40994      0.00000      0.00000
     -0.85387      3.55834      0.00000      0.00000
     -0.84387      3.78009      0.00000      0.00000
     -0.83387      4.28766      0.00000      0.00000
     -0.82387      4.22158      0.00000      0.00000
     -0.81387      4.00537      0.00000      0.00000
     -0.80387      3.98994      0.00000      0.00000
     -0.79387      4.09327      0.00000      0.00000
     -0.78387      4.00546      0.00000      0.00000
     -0.77387      4.49126      0.00000      0.00000
     -0.76387      4.47020      0.00000      0.00000
     -0.75387      3.24085      0.00000      0.00000
     -0.74387      2.96361      0.00000      0.00000
     -0.73387      3.67852      0.00000      0.00000
     -0.72387      3.63533      0.00000      0.00000
     -0.71387      3.30255      0.00000      0.00000
     -0.70387      3.74326      0.00000      0.00000
     -0.69387      4.18398      0.00000      0.00000
     -0.68387      4.17966      0.00000      0.00000
     -0.67387      4.05359      0.00000      0.00000
     -0.66387      3.70972      0.00000      0.00000
     -0.65387      3.51873      0.00000      0.00000
     -0.64387      3.39170      0.00000      0.00000
     -0.63387      3.24043      0.00000      0.00000
     -0.62387      3.58520      0.00000      0.00000
     -0.61387      3.84511      0.00000      0.00000
     -0.60387      3.64016      0.00000      0.00000
     -0.59387      3.38611      0.00000      0.00000
     -0.58387      2.87987      0.00000      0.00000
     -0.57387      2.30946      0.00000      0.00000
     -0.56387      2.06533      0.00000      0.00000
     -0.55387      1.91640      0.00000      0.00000
     -0.54387      1.42335      0.00000      0.00000
     -0.53387      0.90768      0.00000      0.00000
     -0.52387      0.99820      0.00000      0.00000
     -0.51387      1.26428      0.00000      0.00000
     -0.50387      1.23233      0.00000      0.00000
     -0.49387      1.42275      0.00000      0.00000
     -0.48387      1.40744      0.00000      0.00000
     -0.47387      1.09526      0.00000      0.00000
     -0.46387      0.69485      0.00000      0.00000
     -0.45387      0.49807      0.00000      0.00000
     -0.44387      0.71262      0.00000      0.00000
     -0.43387      1.06687      0.00000      0.00000
     -0.42387      1.24484      0.00000      0.00000
     -0.41387      0.94021      0.00000      0.00000
     -0.40387      0.49370      0.00000      0.00000
     -0.39387      0.43885      0.00000      0.00000
     -0.38387      0.59226      0.00000      0.00000
     -0.37387      0.74777      0.00000      0.00000
     -0.36387      0.68891      0.00000      0.00000
     -0.35387      0.62985      0.00000      0.00000
     -0.34387      0.52644      0.00000      0.00000
     -0.33387      0.46171      0.00000      0.00000
     -0.32387      0.49161      0.00000      0.00000
     -0.31387      0.36479      0.00000      0.00000
     -0.30387      0.40536      0.00000      0.00000
     -0.29387      0.67886      0.00000      0.00000
     -0.28387      0.89142      0.00000      0.00000
     -0.27387      0.95474      0.00000      0.00000
     -0.26387      0.68397      0.00000      0.00000
     -0.25387      0.23784      0.00000      0.00000
     -0.24387      0.07732      0.00000      0.00000
     -0.23387      0.26806      0.00000      0.00000
     -0.22387      0.59476      0.00000      0.00000
     -0.21387      0.52819      0.00000      0.00000
     -0.20387      0.28826      0.00000      0.00000
     -0.19387      0.26091      0.00000      0.00000
     -0.18387      0.34115      0.00000      0.00000
     -0.17387      0.35839      0.00000      0.00000
     -0.16387      0.40558      0.00000      0.00000
     -0.15387      0.58594      0.00000      0.00000
     -0.14387      0.58169      0.00000      0.00000
     -0.13387      0.45787      0.00000      0.00000
     -0.12387      0.28012      0.00000      0.00000
     -0.11387      0.13134      0.00000      0.00000
     -0.10387      0.18339      0.00000      0.00000
     -0.09387      0.31860      0.00000      0.00000
     -0.08387      0.36917      0.00000      0.00000
     -0.07387      0.26703      0.00000      0.00000
     -0.06387      0.27446      0.00000      0.00000
     -0.05387      0.33801      0.00000      0.00000
     -0.04387      0.30588      0.00000      0.00000
     -0.03387      0.33641      0.00000      0.00000
     -0.02387      0.25327      0.00000      0.00000
     -0.01387      0.16646      0.00000      0.00000
     -0.00387      0.16080      0.00000      0.00000
      0.00613      0.08363      0.00000      0.00000
      0.01613      0.01654      0.00000      0.00000
      0.02613      0.00121      0.00000      0.00000
      0.03613      0.00003      0.00000      0.00000
      0.04613      0.00000      0.00000      0.00000
      0.05613      0.00000      0.00000      0.00000
      0.06613      0.00000      0.00000      0.00000
      0.07613      0.00000      0.00000      0.00000
      0.08613      0.00000      0.00000      0.00000
      0.09613      0.00000      0.00000      0.00000
      0.10613      0.00000      0.00000      0.00000
      0.11613      0.00000      0.00000      0.00000
      0.12613      0.00000      0.00000      0.00000
      0.13613      0.00000      0.00000      0.00000
      0.14613      0.00000      0.00000      0.00000
      0.15613      0.00000      0.00000      0.00000
      0.16613      0.00000      0.00000      0.00000
      0.17613      0.00000      0.00000      0.00000
      0.18613      0.00000      0.00000      0.00000
      0.19613      0.00000      0.00000      0.00000
      0.20613      0.00000      0.00000      0.00000
      0.21613      0.00000      0.00000      0.00000
      0.22613      0.00000      0.00000      0.00000
      0.23613      0.00000      0.00000      0.00000
      0.24613      0.00000      0.00000      0.00000
      0.25613      0.00000      0.00000      0.00000
      0.26613      0.00000      0.00000      0.00000
      0.27613      0.00000      0.00000      0.00000
      0.28613      0.00000      0.00000      0.00000
      0.29613      0.00000      0.00000      0.00000
      0.30613      0.00000      0.00000      0.00000
      0.31613      0.00000      0.00000      0.00000
      0.32613      0.00000      0.00000      0.00000
      0.33613      0.00000      0.00000      0.00000
      0.34613      0.00000      0.00000      0.00000
      0.35613      0.00000      0.00000      0.00000
      0.36613      0.00000      0.00000      0.00000
      0.37613      0.00000      0.00000      0.00000
      0.38613      0.00000      0.00000      0.00000
      0.39613      0.00000      0.00000      0.00000
      0.40613      0.00000      0.00000      0.00000
      0.41613      0.00000      0.00000      0.00000
      0.42613      0.00000      0.00000      0.00000
      0.43613      0.00000      0.00000      0.00000
      0.44613      0.00000      0.00000      0.00000
      0.45613      0.00000      0.00000      0.00000
      0.46613      0.00000      0.00000      0.00000
      0.47613      0.00000      0.00000      0.00000
      0.48613      0.00000      0.00000      0.00000
      0.49613      0.00000      0.00000      0.00000
      0.50613      0.00000      0.00000      0.00000
      0.51613      0.00000      0.00000      0.00000
      0.52613      0.00000      0.00000      0.00000
      0.53613      0.00000      0.00000      0.00000
      0.54613      0.00000      0.00000      0.00000
      0.55613      0.00000      0.00000      0.00000
      0.56613      0.00000      0.00000      0.00000
      0.57613      0.00000      0.00000      0.00000
      0.58613      0.00000      0.00000      0.00000
      0.59613      0.00000      0.00000      0.00000
      0.60613      0.00000      0.00000      0.00000
      0.61613      0.00000      0.00000      0.00000
      0.62613      0.00000      0.00000      0.00000
      0.63613      0.00000      0.00000      0.00000
      0.64613      0.00000      0.00000      0.00000
      0.65613      0.00000      0.00000      0.00000
      0.66613      0.00000      0.00000      0.00000
      0.67613      0.00000      0.00000      0.00000
      0.68613      0.00000      0.00000      0.00000
      0.69613      0.00000      0.00000      0.00000
      0.70613      0.00000      0.00000      0.00000
      0.71613      0.00000      0.00000      0.00000
      0.72613      0.00000      0.00000      0.00000
      0.73613      0.00000      0.00000      0.00000
      0.74613      0.00000      0.00000      0.00000
      0.75613      0.00000      0.00000      0.00000
      0.76613      0.00000      0.00000      0.00000
      0.77613      0.00000      0.00000      0.00000
      0.78613      0.00000      0.00000      0.00000
      0.79613      0.00000      0.00000      0.00000
      0.80613      0.00000      0.00000      0.00000
      0.81613      0.00000      0.00000      0.00000
      0.82613      0.00000      0.00000      0.00000
      0.83613      0.00000      0.00000      0.00000
      0.84613      0.00000      0.00000      0.00000
      0.85613      0.00000      0.00000      0.00000
      0.86613      0.00000      0.00000      0.00000
      0.87613      0.00000      0.00000      0.00000
      0.88613      0.00000      0.00000      0.00000
      0.89613      0.00000      0.00000      0.00000
      0.90613      0.00000      0.00000      0.00000
      0.91613      0.00000      0.00000      0.00000
      0.92613      0.00000      0.00000      0.00000
      0.93613      0.00000      0.00000      0.00000
      0.94613      0.00000      0.00000      0.00000
      0.95613      0.00000      0.00000      0.00000
      0.96613      0.00000      0.00000      0.00000
      0.97613      0.00000      0.00000      0.00000
      0.98613      0.00000      0.00000      0.00000
      0.99613      0.00000      0.00000      0.00000
      1.00613      0.00000      0.00000      0.00000
      1.01613      0.00000      0.00000      0.00000
      1.02613      0.00000      0.00000      0.00000
      1.03613      0.00000      0.00000      0.00000
      1.04613      0.00000      0.00000      0.00000
      1.05613      0.00000      0.00000      0.00000
      1.06613      0.00000      0.00000      0.00000
      1.07613      0.00000      0.00000      0.00000
      1.08613      0.00000      0.00000      0.00000
      1.09613      0.00000      0.00000      0.00000
      1.10613      0.00000      0.00000      0.00000
      1.11613      0.00000      0.00000      0.00000
      1.12613      0.00000      0.00000      0.00000
      1.13613      0.00000      0.00000      0.00000
      1.14613      0.00000      0.00000      0.00000
      1.15613      0.00000      0.00000      0.00000
      1.16613      0.00000      0.00000      0.00000
      1.17613      0.00000      0.00000      0.00000
      1.18613      0.00000      0.00000      0.00000
      1.19613      0.00000      0.00000      0.00000
      1.20613      0.00000      0.00000      0.00000
      1.21613      0.00000      0.00000      0.00000
      1.22613      0.00000      0.00000      0.00000
      1.23613      0.00000      0.00000      0.00000
      1.24613      0.00000      0.00000      0.00000
      1.25613      0.00000      0.00000      0.00000
      1.26613      0.00000      0.00000      0.00000
      1.27613      0.00000      0.00000      0.00000
      1.28613      0.00000      0.00000      0.00000
      1.29613      0.00000      0.00000      0.00000
      1.30613      0.00000      0.00000      0.00000
      1.31613      0.00000      0.00000      0.00000
      1.32613      0.00000      0.00000      0.00000
      1.33613      0.00000      0.00000      0.00000
      1.34613      0.00000      0.00000      0.00000
      1.35613      0.00000      0.00000      0.00000
      1.36613      0.00000      0.00000      0.00000
      1.37613      0.00000      0.00000      0.00000
      1.38613      0.00000      0.00000      0.00000
      1.39613      0.00000      0.00000      0.00000
      1.40613      0.00000      0.00000      0.00000
      1.41613      0.00000      0.00000      0.00000
      1.42613      0.00000      0.00000      0.00000
      1.43613      0.00000      0.00000      0.00000
      1.44613      0.00000      0.00000      0.00000
      1.45613      0.00000      0.00000      0.00000
      1.46613      0.00000      0.00000      0.00000
      1.47613      0.00000      0.00000      0.00000
      1.48613      0.00000      0.00000      0.00000
      1.49613      0.00000      0.00000      0.00000
      1.50613      0.00000      0.00000      0.00000
      1.51613      0.00000      0.00000      0.00000
      1.52613      0.00000      0.00000      0.00000
      1.53613      0.00000      0.00000      0.00000
      1.54613      0.00000      0.00000      0.00000
      1.55613      0.00000      0.00000      0.00000
      1.56613      0.00000      0.00000      0.00000
      1.57613      0.00000      0.00000      0.00000
      1.58613      0.00000      0.00000      0.00000
      1.59613      0.00000      0.00000      0.00000
      1.60613      0.00000      0.00000      0.00000
      1.61613      0.00000      0.00000      0.00000
      1.62613      0.00000      0.00000      0.00000
      1.63613      0.00000      0.00000      0.00000
      1.64613      0.00000      0.00000      0.00000
      1.65613      0.00000      0.00000      0.00000
      1.66613      0.00000      0.00000      0.00000
      1.67613      0.00000      0.00000      0.00000
      1.68613      0.00000      0.00000      0.00000
      1.69613      0.00000      0.00000      0.00000
      1.70613      0.00000      0.00000      0.00000
      1.71613      0.00000      0.00000      0.00000
      1.72613      0.00000      0.00000      0.00000
      1.73613      0.00000      0.00000      0.00000
      1.74613      0.00000      0.00000      0.00000
      1.75613      0.00000      0.00000      0.00000
      1.76613      0.00000      0.00000      0.00000
      1.77613      0.00000      0.00000      0.00000
      1.78613      0.00000      0.00000      0.00000
      1.79613      0.00000      0.00000      0.00000
      1.80613      0.00000      0.00000      0.00000
      1.81613      0.00000      0.00000      0.00000
      1.82613      0.00000      0.00000      0.00000
      1.83613      0.00000      0.00000      0.00000
      1.84613      0.00000      0.00000      0.00000
      1.85613      0.00000      0.00000      0.00000
      1.86613      0.00000      0.00000      0.00000
      1.87613      0.00000      0.00000      0.00000
      1.88613      0.00000      0.00000      0.00000
      1.89613      0.00006      0.00000      0.00000
      1.90613      0.00203      0.00000      0.00000
      1.91613      0.02392      0.00000      0.00000
      1.92613      0.11348      0.00000      0.00000
      1.93613      0.30114      0.00000      0.00000
      1.94613      0.74761      0.00000      0.00000
      1.95613      1.47267      0.00000      0.00000
      1.96613      1.90016      0.00000      0.00000
      1.97613      2.04386      0.00000      0.00000
      1.98613      2.13515      0.00000      0.00000
      1.99613      1.95940      0.00000      0.00000
      2.00613      2.01292      0.00000      0.00000
      2.01613      2.29100      0.00000      0.00000
      2.02613      1.93520      0.00000      0.00000
      2.03613      1.80501      0.00000      0.00000
      2.04613      2.67336      0.00000      0.00000
      2.05613      3.12720      0.00000      0.00000
      2.06613      2.51317      0.00000      0.00000
      2.07613      1.94273      0.00000      0.00000
      2.08613      1.82664      0.00000      0.00000
      2.09613      2.25360      0.00000      0.00000
      2.10613      2.59819      0.00000      0.00000
      2.11613      2.43265      0.00000      0.00000
      2.12613      2.96444      0.00000      0.00000
      2.13613      3.32977      0.00000      0.00000
      2.14613      2.89754      0.00000      0.00000
      2.15613      3.32887      0.00000      0.00000
      2.16613      4.47942      0.00000      0.00000
      2.17613      5.06964      0.00000      0.00000
      2.18613      4.78496      0.00000      0.00000
      2.19613      4.64619      0.00000      0.00000
      2.20613      4.86402      0.00000      0.00000
      2.21613      5.49894      0.00000      0.00000
      2.22613      6.42072      0.00000      0.00000
      2.23613      6.80237      0.00000      0.00000
      2.24613      6.68986      0.00000      0.00000
      2.25613      6.19466      0.00000      0.00000
      2.26613      6.28517      0.00000      0.00000
      2.27613      8.14977      0.00000      0.00000
      2.28613      9.90717      0.00000      0.00000
      2.29613      9.39400      0.00000      0.00000
      2.30613      7.83472      0.00000      0.00000
      2.31613      6.82404      0.00000      0.00000
      2.32613      6.15572      0.00000      0.00000
      2.33613      6.75803      0.00000      0.00000
      2.34613      7.48975      0.00000      0.00000
      2.35613      7.46612      0.00000      0.00000
      2.36613      7.18223      0.00000      0.00000
      2.37613      6.40958      0.00000      0.00000
      2.38613      6.47052      0.00000      0.00000
      2.39613      7.47022      0.00000      0.00000
      2.40613      7.49216      0.00000      0.00000
      2.41613      6.90472      0.00000      0.00000
      2.42613      6.92455      0.00000      0.00000
      2.43613      6.20116      0.00000      0.00000
      2.44613      5.15031      0.00000      0.00000
      2.45613      4.86706      0.00000      0.00000
      2.46613      4.60150      0.00000      0.00000
      2.47613      4.75480      0.00000      0.00000
      2.48613      5.49133      0.00000      0.00000
      2.49613      5.53972      0.00000      0.00000
      2.50613      5.21355      0.00000      0.00000
      2.51613      4.99892      0.00000      0.00000
      2.52613      4.86647      0.00000      0.00000
      2.53613      4.73613      0.00000      0.00000
      2.54613      4.31193      0.00000      0.00000
      2.55613      4.11323      0.00000      0.00000
      2.56613      4.37012      0.00000      0.00000
      2.57613      4.78897      0.00000      0.00000
      2.58613      5.07115      0.00000      0.00000
      2.59613      5.26134      0.00000      0.00000
      2.60613      5.17943      0.00000      0.00000
      2.61613      4.69712      0.00000      0.00000
      2.62613      4.26043      0.00000      0.00000
      2.63613      3.72956      0.00000      0.00000
      2.64613      3.51875      0.00000      0.00000
      2.65613      4.00932      0.00000      0.00000
      2.66613      4.14321      0.00000      0.00000
      2.67613      3.79239      0.00000      0.00000
      2.68613      3.62922      0.00000      0.00000
      2.69613      3.71794      0.00000      0.00000
      2.70613      3.76561      0.00000      0.00000
      2.71613      4.43667      0.00000      0.00000
      2.72613      5.57747      0.00000      0.00000
      2.73613      5.97458      0.00000      0.00000
      2.74613      6.77910      0.00000      0.00000
      2.75613      8.66647      0.00000      0.00000
      2.76613      9.79423      0.00000      0.00000
      2.77613     10.44561      0.00000      0.00000
      2.78613     10.80358      0.00000      0.00000
      2.79613     10.68877      0.00000      0.00000
      2.80613     10.82064      0.00000      0.00000
      2.81613     10.76258      0.00000      0.00000
      2.82613      9.27515      0.00000      0.00000
      2.83613      7.29760      0.00000      0.00000
      2.84613      6.88463      0.00000      0.00000
      2.85613      7.08869      0.00000      0.00000
      2.86613      7.11658      0.00000      0.00000
      2.87613      7.18271      0.00000      0.00000
      2.88613      6.81489      0.00000      0.00000
      2.89613      7.16085      0.00000      0.00000
      2.90613      8.08754      0.00000      0.00000
      2.91613      7.96623      0.00000      0.00000
      2.92613      6.99280      0.00000      0.00000
      2.93613      6.97275      0.00000      0.00000
      2.94613      7.87640      0.00000      0.00000
      2.95613      8.36668      0.00000      0.00000
      2.96613      8.92679      0.00000      0.00000
      2.97613      9.43950      0.00000      0.00000
      2.98613     10.32422      0.00000      0.00000
      2.99613     12.23820      0.00000      0.00000
      3.00613     13.27487      0.00000      0.00000
      3.01613     13.08409      0.00000      0.00000
      3.02613     12.61727      0.00000      0.00000
      3.03613     12.06901      0.00000      0.00000
      3.04613      9.99024      0.00000      0.00000
      3.05613      7.79810      0.00000      0.00000
      3.06613      6.75143      0.00000      0.00000
      3.07613      6.14573      0.00000      0.00000
      3.08613      6.17576      0.00000      0.00000
      3.09613      7.81737      0.00000      0.00000
      3.10613      8.97137      0.00000      0.00000
      3.11613      7.34726      0.00000      0.00000
      3.12613      5.21002      0.00000      0.00000
      3.13613      4.83496      0.00000      0.00000
      3.14613      5.70691      0.00000      0.00000
      3.15613      6.83897      0.00000      0.00000
      3.16613      7.95340      0.00000      0.00000
      3.17613      8.60750      0.00000      0.00000
      3.18613      8.52970      0.00000      0.00000
      3.19613      8.04925      0.00000      0.00000
      3.20613      7.27671      0.00000      0.00000
      3.21613      7.27054      0.00000      0.00000
      3.22613      8.20050      0.00000      0.00000
      3.23613      9.64936      0.00000      0.00000
      3.24613     10.12090      0.00000      0.00000
      3.25613      8.24828      0.00000      0.00000
      3.26613      6.23188      0.00000      0.00000
      3.27613      5.26404      0.00000      0.00000
      3.28613      5.25873      0.00000      0.00000
      3.29613      6.38334      0.00000      0.00000
      3.30613      7.69869      0.00000      0.00000
      3.31613      7.68250      0.00000      0.00000
      3.32613      6.48244      0.00000      0.00000
      3.33613      5.01626      0.00000      0.00000
      3.34613      3.52743      0.00000      0.00000
      3.35613      3.00985      0.00000      0.00000
      3.36613      3.98816      0.00000      0.00000
      3.37613      5.39742      0.00000      0.00000
      3.38613      6.87825      0.00000      0.00000
      3.39613      8.34765      0.00000      0.00000
      3.40613      8.46471      0.00000      0.00000
      3.41613      6.50534      0.00000      0.00000
      3.42613      4.83278      0.00000      0.00000
      3.43613      4.86227      0.00000      0.00000
      3.44613      5.27314      0.00000      0.00000
      3.45613      4.87031      0.00000      0.00000
      3.46613      4.89402      0.00000      0.00000
      3.47613      6.00643      0.00000      0.00000
      3.48613      6.72443      0.00000      0.00000
      3.49613      5.92165      0.00000      0.00000
      3.50613      4.48293      0.00000      0.00000
      3.51613      4.39280      0.00000      0.00000
      3.52613      5.31347      0.00000      0.00000
      3.53613      6.05262      0.00000      0.00000
      3.54613      6.42989      0.00000      0.00000
      3.55613      6.19064      0.00000      0.00000
      3.56613      6.37544      0.00000      0.00000
      3.57613      5.78990      0.00000      0.00000
      3.58613      4.11823      0.00000      0.00000
      3.59613      3.43982      0.00000      0.00000
      3.60613      3.66208      0.00000      0.00000
      3.61613      5.01070      0.00000      0.00000
      3.62613      5.98790      0.00000      0.00000
      3.63613      5.14600      0.00000      0.00000
      3.64613      3.97191      0.00000      0.00000
      3.65613      3.79929      0.00000      0.00000
      3.66613      3.98385      0.00000      0.00000
      3.67613      3.58006      0.00000      0.00000
      3.68613      3.77004      0.00000      0.00000
      3.69613      4.89647      0.00000      0.00000
      3.70613      5.35867      0.00000      0.00000
      3.71613      5.08552      0.00000      0.00000
      3.72613      4.93083      0.00000      0.00000
      3.73613      5.17037      0.00000      0.00000
      3.74613      5.24150      0.00000      0.00000
      3.75613      4.05238      0.00000      0.00000
      3.76613      2.84181      0.00000      0.00000
      3.77613      3.03380      0.00000      0.00000
      3.78613      3.55925      0.00000      0.00000
      3.79613      3.76169      0.00000      0.00000
      3.80613      4.05795      0.00000      0.00000
      3.81613      4.34914      0.00000      0.00000
      3.82613      3.86690      0.00000      0.00000
      3.83613      3.20726      0.00000      0.00000
      3.84613      3.11740      0.00000      0.00000
      3.85613      3.28935      0.00000      0.00000
      3.86613      3.81246      0.00000      0.00000
      3.87613      4.49168      0.00000      0.00000
      3.88613      4.44025      0.00000      0.00000
      3.89613      3.09960      0.00000      0.00000
      3.90613      2.03613      0.00000      0.00000
      3.91613      2.25253      0.00000      0.00000
      3.92613      3.07536      0.00000      0.00000
      3.93613      4.20141      0.00000      0.00000
      3.94613      4.74485      0.00000      0.00000
      3.95613      4.01259      0.00000      0.00000
      3.96613      2.89462      0.00000      0.00000
      3.97613      2.18103      0.00000      0.00000
      3.98613      2.47077      0.00000      0.00000
      3.99613      3.20150      0.00000      0.00000
      4.00613      3.65001      0.00000      0.00000
      4.01613      3.59432      0.00000      0.00000
      4.02613      3.01611      0.00000      0.00000
      4.03613      2.72396      0.00000      0.00000
      4.04613      2.70143      0.00000      0.00000
      4.05613      2.29549      0.00000      0.00000
      4.06613      2.03937      0.00000      0.00000
      4.07613      2.74507      0.00000      0.00000
      4.08613      3.99594      0.00000      0.00000
      4.09613      4.63582      0.00000      0.00000
      4.10613      4.05814      0.00000      0.00000
      4.11613      3.01657      0.00000      0.00000
      4.12613      2.31332      0.00000      0.00000
      4.13613      1.92788      0.00000      0.00000
      4.14613      2.12255      0.00000      0.00000
      4.15613      3.56352      0.00000      0.00000
      4.16613      4.85724      0.00000      0.00000
      4.17613      4.68753      0.00000      0.00000
      4.18613      3.86889      0.00000      0.00000
      4.19613      3.21681      0.00000      0.00000
      4.20613      2.75770      0.00000      0.00000
      4.21613      2.42973      0.00000      0.00000
      4.22613      2.16443      0.00000      0.00000
      4.23613      2.32669      0.00000      0.00000
      4.24613      3.30833      0.00000      0.00000
      4.25613      3.97726      0.00000      0.00000
      4.26613      3.61211      0.00000      0.00000
      4.27613      2.61112      0.00000      0.00000
      4.28613      1.60247      0.00000      0.00000
      4.29613      1.01360      0.00000      0.00000
      4.30613      1.16291      0.00000      0.00000
      4.31613      1.79098      0.00000      0.00000
      4.32613      2.08424      0.00000      0.00000
      4.33613      1.70587      0.00000      0.00000
      4.34613      1.37938      0.00000      0.00000
      4.35613      1.24180      0.00000      0.00000
      4.36613      0.76396      0.00000      0.00000
      4.37613      0.39389      0.00000      0.00000
      4.38613      1.04067      0.00000      0.00000
      4.39613      2.56235      0.00000      0.00000
      4.40613      3.26999      0.00000      0.00000
      4.41613      2.76444      0.00000      0.00000
      4.42613      1.90830      0.00000      0.00000
      4.43613      0.97463      0.00000      0.00000
      4.44613      0.52779      0.00000      0.00000
      4.45613      0.78624      0.00000      0.00000
      4.46613      1.41942      0.00000      0.00000
      4.47613      1.81218      0.00000      0.00000
      4.48613      1.80864      0.00000      0.00000
      4.49613      1.52575      0.00000      0.00000
      4.50613      0.84455      0.00000      0.00000
      4.51613      0.92568      0.00000      0.00000
      4.52613      2.57080      0.00000      0.00000
      4.53613      4.29468      0.00000      0.00000
      4.54613      4.25516      0.00000      0.00000
      4.55613      3.31804      0.00000      0.00000
      4.56613      2.49912      0.00000      0.00000
      4.57613      2.31680      0.00000      0.00000
      4.58613      2.73248      0.00000      0.00000
      4.59613      2.94848      0.00000      0.00000
      4.60613      2.74625      0.00000      0.00000
      4.61613      2.67312      0.00000      0.00000
      4.62613      3.25850      0.00000      0.00000
      4.63613      4.36859      0.00000      0.00000
      4.64613      4.77452      0.00000      0.00000
      4.65613      4.53936      0.00000      0.00000
      4.66613      4.57021      0.00000      0.00000
      4.67613      4.68483      0.00000      0.00000
      4.68613      4.79254      0.00000      0.00000
      4.69613      4.61706      0.00000      0.00000
      4.70613      4.50129      0.00000      0.00000
      4.71613      5.42124      0.00000      0.00000
      4.72613      6.94135      0.00000      0.00000
      4.73613      7.91476      0.00000      0.00000
      4.74613      8.16591      0.00000      0.00000
      4.75613      8.65138      0.00000      0.00000
      4.76613      8.54522      0.00000      0.00000
      4.77613      8.17993      0.00000      0.00000
      4.78613      8.45247      0.00000      0.00000
      4.79613      9.09384      0.00000      0.00000
      4.80613      9.35042      0.00000      0.00000
      4.81613      9.70158      0.00000      0.00000
      4.82613      9.47207      0.00000      0.00000
      4.83613      8.42973      0.00000      0.00000
      4.84613      7.53785      0.00000      0.00000
      4.85613      7.33593      0.00000      0.00000
      4.86613      7.59531      0.00000      0.00000
      4.87613      7.82389      0.00000      0.00000
      4.88613      7.15921      0.00000      0.00000
      4.89613      6.22725      0.00000      0.00000
      4.90613      6.26417      0.00000      0.00000
      4.91613      6.14656      0.00000      0.00000
      4.92613      5.73213      0.00000      0.00000
      4.93613      5.68655      0.00000      0.00000
      4.94613      4.69383      0.00000      0.00000
      4.95613      3.34250      0.00000      0.00000
      4.96613      2.95331      0.00000      0.00000
      4.97613      3.01947      0.00000      0.00000
      4.98613      3.73142      0.00000      0.00000
      4.99613      4.08258      0.00000      0.00000
      5.00613      3.27091      0.00000      0.00000
      5.01613      2.52291      0.00000      0.00000
      5.02613      2.34309      0.00000      0.00000
      5.03613      2.34173      0.00000      0.00000
      5.04613      2.33187      0.00000      0.00000
      5.05613      2.23361      0.00000      0.00000
      5.06613      2.64417      0.00000      0.00000
      5.07613      3.61461      0.00000      0.00000
      5.08613      3.64800      0.00000      0.00000
      5.09613      3.06333      0.00000      0.00000
      5.10613      2.50689      0.00000      0.00000
      5.11613      1.65016      0.00000      0.00000
      5.12613      1.34311      0.00000      0.00000
      5.13613      1.66303      0.00000      0.00000
      5.14613      2.04183      0.00000      0.00000
      5.15613      2.45002      0.00000      0.00000
      5.16613      2.35289      0.00000      0.00000
      5.17613      1.77472      0.00000      0.00000
      5.18613      1.96504      0.00000      0.00000
      5.19613      2.25747      0.00000      0.00000
      5.20613      1.78131      0.00000      0.00000
      5.21613      1.68899      0.00000      0.00000
      5.22613      2.06537      0.00000      0.00000
      5.23613      2.10335      0.00000      0.00000
      5.24613      1.51456      0.00000      0.00000
      5.25613      0.93164      0.00000      0.00000
      5.26613      0.90530      0.00000      0.00000
      5.27613      1.28043      0.00000      0.00000
      5.28613      1.51831      0.00000      0.00000
      5.29613      1.97084      0.00000      0.00000
      5.30613      2.44880      0.00000      0.00000
      5.31613      2.23407      0.00000      0.00000
      5.32613      1.66784      0.00000      0.00000
      5.33613      1.50085      0.00000      0.00000
      5.34613      1.78641      0.00000      0.00000
      5.35613      1.58674      0.00000      0.00000
      5.36613      1.10282      0.00000      0.00000
      5.37613      1.08547      0.00000      0.00000
      5.38613      1.14948      0.00000      0.00000
      5.39613      1.17784      0.00000      0.00000
      5.40613      1.45942      0.00000      0.00000
      5.41613      1.88596      0.00000      0.00000
      5.42613      2.04471      0.00000      0.00000
      5.43613      2.18407      0.00000      0.00000
      5.44613      2.15053      0.00000      0.00000
      5.45613      1.70458      0.00000      0.00000
      5.46613      1.44872      0.00000      0.00000
      5.47613      1.51312      0.00000      0.00000
      5.48613      1.30740      0.00000      0.00000
      5.49613      0.99155      0.00000      0.00000
      5.50613      0.84517      0.00000      0.00000
      5.51613      0.77077      0.00000      0.00000
      5.52613      0.69988      0.00000      0.00000
      5.53613      0.47767      0.00000      0.00000
      5.54613      0.54209      0.00000      0.00000
      5.55613      0.85779      0.00000      0.00000
      5.56613      1.07570      0.00000      0.00000
      5.57613      1.56211      0.00000      0.00000
      5.58613      2.20455      0.00000      0.00000
      5.59613      2.14616      0.00000      0.00000
      5.60613      1.67643      0.00000      0.00000
      5.61613      1.49607      0.00000      0.00000
      5.62613      1.19958      0.00000      0.00000
      5.63613      0.98853      0.00000      0.00000
      5.64613      1.09789      0.00000      0.00000
      5.65613      1.19586      0.00000      0.00000
      5.66613      1.11573      0.00000      0.00000
      5.67613      0.84080      0.00000      0.00000
      5.68613      0.61549      0.00000      0.00000
      5.69613      0.90639      0.00000      0.00000
      5.70613      1.42329      0.00000      0.00000
      5.71613      1.68280      0.00000      0.00000
      5.72613      1.46351      0.00000      0.00000
      5.73613      1.15978      0.00000      0.00000
      5.74613      1.50658      0.00000      0.00000
      5.75613      1.91854      0.00000      0.00000
      5.76613      1.60617      0.00000      0.00000
      5.77613      1.56865      0.00000      0.00000
      5.78613      1.95604      0.00000      0.00000
      5.79613      1.66673      0.00000      0.00000
      5.80613      1.34814      0.00000      0.00000
      5.81613      1.42354      0.00000      0.00000
      5.82613      0.90543      0.00000      0.00000
      5.83613      0.30954      0.00000      0.00000
      5.84613      0.38577      0.00000      0.00000
      5.85613      0.88274      0.00000      0.00000
      5.86613      1.11742      0.00000      0.00000
      5.87613      1.14936      0.00000      0.00000
      5.88613      1.56087      0.00000      0.00000
      5.89613      2.24818      0.00000      0.00000
      5.90613      2.51632      0.00000      0.00000
      5.91613      1.99165      0.00000      0.00000
      5.92613      1.57864      0.00000      0.00000
      5.93613      1.73400      0.00000      0.00000
      5.94613      1.68053      0.00000      0.00000
      5.95613      1.31479      0.00000      0.00000
      5.96613      0.96678      0.00000      0.00000
      5.97613      0.94905      0.00000      0.00000
      5.98613      1.47345      0.00000      0.00000
      5.99613      2.06214      0.00000      0.00000
      6.00613      2.51577      0.00000      0.00000
      6.01613      2.34181      0.00000      0.00000
      6.02613      1.63113      0.00000      0.00000
      6.03613      1.33478      0.00000      0.00000
      6.04613      1.44320      0.00000      0.00000
      6.05613      1.47674      0.00000      0.00000
      6.06613      1.94301      0.00000      0.00000
      6.07613      2.18625      0.00000      0.00000
      6.08613      1.62228      0.00000      0.00000
      6.09613      1.20846      0.00000      0.00000
      6.10613      1.05298      0.00000      0.00000
      6.11613      1.35576      0.00000      0.00000
      6.12613      2.06969      0.00000      0.00000
      6.13613      2.10939      0.00000      0.00000
      6.14613      1.73690      0.00000      0.00000
      6.15613      1.72174      0.00000      0.00000
      6.16613      1.75769      0.00000      0.00000
      6.17613      2.10177      0.00000      0.00000
      6.18613      2.54804      0.00000      0.00000
      6.19613      2.63350      0.00000      0.00000
      6.20613      2.32251      0.00000      0.00000
      6.21613      2.13137      0.00000      0.00000
      6.22613      2.27541      0.00000      0.00000
      6.23613      2.11669      0.00000      0.00000
      6.24613      1.74081      0.00000      0.00000
      6.25613      1.28478      0.00000      0.00000
      6.26613      1.56409      0.00000      0.00000
      6.27613      2.31551      0.00000      0.00000
      6.28613      2.51718      0.00000      0.00000
      6.29613      2.40277      0.00000      0.00000
      6.30613      2.54239      0.00000      0.00000
      6.31613      2.46244      0.00000      0.00000
      6.32613      2.03033      0.00000      0.00000
      6.33613      1.76894      0.00000      0.00000
      6.34613      2.08419      0.00000      0.00000
      6.35613      2.34370      0.00000      0.00000
      6.36613      2.30737      0.00000      0.00000
      6.37613      1.84624      0.00000      0.00000
      6.38613      1.47517      0.00000      0.00000
      6.39613      1.79963      0.00000      0.00000
      6.40613      2.31420      0.00000      0.00000
      6.41613      2.02993      0.00000      0.00000
      6.42613      1.19884      0.00000      0.00000
      6.43613      0.72296      0.00000      0.00000
      6.44613      0.77972      0.00000      0.00000
      6.45613      1.15992      0.00000      0.00000
      6.46613      1.39911      0.00000      0.00000
      6.47613      1.58256      0.00000      0.00000
      6.48613      1.86136      0.00000      0.00000
      6.49613      2.12235      0.00000      0.00000
      6.50613      2.05171      0.00000      0.00000
      6.51613      1.79286      0.00000      0.00000
      6.52613      1.56258      0.00000      0.00000
      6.53613      1.13104      0.00000      0.00000
      6.54613      0.80693      0.00000      0.00000
      6.55613      0.95600      0.00000      0.00000
      6.56613      1.64729      0.00000      0.00000
      6.57613      2.31598      0.00000      0.00000
      6.58613      1.78549      0.00000      0.00000
      6.59613      0.87102      0.00000      0.00000
      6.60613      1.09360      0.00000      0.00000
      6.61613      1.78218      0.00000      0.00000
      6.62613      1.96962      0.00000      0.00000
      6.63613      1.75921      0.00000      0.00000
      6.64613      1.44713      0.00000      0.00000
      6.65613      1.53244      0.00000      0.00000
      6.66613      1.78428      0.00000      0.00000
      6.67613      1.59029      0.00000      0.00000
      6.68613      1.34510      0.00000      0.00000
      6.69613      1.63205      0.00000      0.00000
      6.70613      1.90554      0.00000      0.00000
      6.71613      1.46422      0.00000      0.00000
      6.72613      1.28204      0.00000      0.00000
      6.73613      1.59658      0.00000      0.00000
      6.74613      1.78195      0.00000      0.00000
      6.75613      1.66502      0.00000      0.00000
      6.76613      1.40927      0.00000      0.00000
      6.77613      1.89873      0.00000      0.00000
      6.78613      2.66697      0.00000      0.00000
      6.79613      2.52991      0.00000      0.00000
      6.80613      2.34404      0.00000      0.00000
      6.81613      2.47152      0.00000      0.00000
      6.82613      1.96043      0.00000      0.00000
      6.83613      1.40134      0.00000      0.00000
      6.84613      1.09043      0.00000      0.00000
      6.85613      1.01772      0.00000      0.00000
      6.86613      1.39915      0.00000      0.00000
      6.87613      2.24004      0.00000      0.00000
      6.88613      3.17972      0.00000      0.00000
      6.89613      3.47462      0.00000      0.00000
      6.90613      2.85882      0.00000      0.00000
      6.91613      1.96795      0.00000      0.00000
      6.92613      1.61062      0.00000      0.00000
      6.93613      2.08017      0.00000      0.00000
      6.94613      3.16873      0.00000      0.00000
      6.95613      3.84440      0.00000      0.00000
      6.96613      3.44276      0.00000      0.00000
      6.97613      2.57505      0.00000      0.00000
      6.98613      2.28717      0.00000      0.00000
