Energy-E_F (eV)    DOS (1/eV)    PDOS (1/eV)  of atom type W  Se 
     -5.26178      5.73560      0.00000      0.00000
     -5.25178      6.34461      0.00000      0.00000
     -5.24178      5.82939      0.00000      0.00000
     -5.23178      4.40449      0.00000      0.00000
     -5.22178      3.26102      0.00000      0.00000
     -5.21178      3.25974      0.00000      0.00000
     -5.20178      3.49870      0.00000      0.00000
     -5.19178      3.71966      0.00000      0.00000
     -5.18178      3.75997      0.00000      0.00000
     -5.17178      3.44521      0.00000      0.00000
     -5.16178      3.36700      0.00000      0.00000
     -5.15178      2.92042      0.00000      0.00000
     -5.14178      2.33051      0.00000      0.00000
     -5.13178      2.39443      0.00000      0.00000
     -5.12178      2.68108      0.00000      0.00000
     -5.11178      2.76784      0.00000      0.00000
     -5.10178      2.70927      0.00000      0.00000
     -5.09178      2.26984      0.00000      0.00000
     -5.08178      2.09605      0.00000      0.00000
     -5.07178      2.13564      0.00000      0.00000
     -5.06178      1.82375      0.00000      0.00000
     -5.05178      1.68113      0.00000      0.00000
     -5.04178      1.99460      0.00000      0.00000
     -5.03178      2.35932      0.00000      0.00000
     -5.02178      2.69742      0.00000      0.00000
     -5.01178      2.25042      0.00000      0.00000
     -5.00178      1.31708      0.00000      0.00000
     -4.99178      1.35940      0.00000      0.00000
     -4.98178      1.75774      0.00000      0.00000
     -4.97178      1.63170      0.00000      0.00000
     -4.96178      1.35452      0.00000      0.00000
     -4.95178      1.62429      0.00000      0.00000
     -4.94178      1.84716      0.00000      0.00000
     -4.93178      1.87956      0.00000      0.00000
     -4.92178      2.10890      0.00000      0.00000
     -4.91178      1.86620      0.00000      0.00000
     -4.90178      1.72001      0.00000      0.00000
     -4.89178      1.53951      0.00000      0.00000
     -4.88178      1.52396      0.00000      0.00000
     -4.87178      1.78484      0.00000      0.00000
     -4.86178      1.52060      0.00000      0.00000
     -4.85178      1.55440      0.00000      0.00000
     -4.84178      1.97365      0.00000      0.00000
     -4.83178      1.98120      0.00000      0.00000
     -4.82178      2.57270      0.00000      0.00000
     -4.81178      3.22486      0.00000      0.00000
     -4.80178      2.56425      0.00000      0.00000
     -4.79178      1.73727      0.00000      0.00000
     -4.78178      1.80860      0.00000      0.00000
     -4.77178      3.19286      0.00000      0.00000
     -4.76178      6.13262      0.00000      0.00000
     -4.75178      9.17095      0.00000      0.00000
     -4.74178      9.87637      0.00000      0.00000
     -4.73178      8.27285      0.00000      0.00000
     -4.72178      7.51569      0.00000      0.00000
     -4.71178      7.39052      0.00000      0.00000
     -4.70178      6.87316      0.00000      0.00000
     -4.69178      6.25316      0.00000      0.00000
     -4.68178      5.46413      0.00000      0.00000
     -4.67178      5.04070      0.00000      0.00000
     -4.66178      5.28921      0.00000      0.00000
     -4.65178      4.50866      0.00000      0.00000
     -4.64178      3.03015      0.00000      0.00000
     -4.63178      2.39970      0.00000      0.00000
     -4.62178      2.32536      0.00000      0.00000
     -4.61178      2.30925      0.00000      0.00000
     -4.60178      2.36012      0.00000      0.00000
     -4.59178      2.88534      0.00000      0.00000
     -4.58178      4.58824      0.00000      0.00000
     -4.57178      6.38551      0.00000      0.00000
     -4.56178      7.42196      0.00000      0.00000
     -4.55178      7.55376      0.00000      0.00000
     -4.54178      7.29600      0.00000      0.00000
     -4.53178      6.63810      0.00000      0.00000
     -4.52178      5.90372      0.00000      0.00000
     -4.51178      5.69546      0.00000      0.00000
     -4.50178      5.82103      0.00000      0.00000
     -4.49178      6.19043      0.00000      0.00000
     -4.48178      6.06252      0.00000      0.00000
     -4.47178      6.14414      0.00000      0.00000
     -4.46178      8.05109      0.00000      0.00000
     -4.45178      9.99723      0.00000      0.00000
     -4.44178     10.05300      0.00000      0.00000
     -4.43178     11.07635      0.00000      0.00000
     -4.42178     14.09143      0.00000      0.00000
     -4.41178     14.69674      0.00000      0.00000
     -4.40178     12.31299      0.00000      0.00000
     -4.39178     10.03061      0.00000      0.00000
     -4.38178      9.06179      0.00000      0.00000
     -4.37178      9.39068      0.00000      0.00000
     -4.36178     10.07829      0.00000      0.00000
     -4.35178      9.68456      0.00000      0.00000
     -4.34178      8.62363      0.00000      0.00000
     -4.33178      8.18235      0.00000      0.00000
     -4.32178      7.82440      0.00000      0.00000
     -4.31178      7.31579      0.00000      0.00000
     -4.30178      7.66018      0.00000      0.00000
     -4.29178      7.69441      0.00000      0.00000
     -4.28178      6.97362      0.00000      0.00000
     -4.27178      6.59244      0.00000      0.00000
     -4.26178      6.74475      0.00000      0.00000
     -4.25178      6.08841      0.00000      0.00000
     -4.24178      4.06867      0.00000      0.00000
     -4.23178      2.54779      0.00000      0.00000
     -4.22178      1.96380      0.00000      0.00000
     -4.21178      1.62515      0.00000      0.00000
     -4.20178      1.77535      0.00000      0.00000
     -4.19178      2.17382      0.00000      0.00000
     -4.18178      1.87141      0.00000      0.00000
     -4.17178      1.50212      0.00000      0.00000
     -4.16178      1.62423      0.00000      0.00000
     -4.15178      1.61776      0.00000      0.00000
     -4.14178      1.61569      0.00000      0.00000
     -4.13178      1.88716      0.00000      0.00000
     -4.12178      1.97590      0.00000      0.00000
     -4.11178      1.51089      0.00000      0.00000
     -4.10178      1.32437      0.00000      0.00000
     -4.09178      1.58808      0.00000      0.00000
     -4.08178      1.92927      0.00000      0.00000
     -4.07178      2.22306      0.00000      0.00000
     -4.06178      2.45878      0.00000      0.00000
     -4.05178      2.42389      0.00000      0.00000
     -4.04178      1.99269      0.00000      0.00000
     -4.03178      1.63448      0.00000      0.00000
     -4.02178      1.74348      0.00000      0.00000
     -4.01178      2.35726      0.00000      0.00000
     -4.00178      2.85382      0.00000      0.00000
     -3.99178      2.98642      0.00000      0.00000
     -3.98178      3.26418      0.00000      0.00000
     -3.97178      3.73728      0.00000      0.00000
     -3.96178      4.24327      0.00000      0.00000
     -3.95178      3.86296      0.00000      0.00000
     -3.94178      2.58027      0.00000      0.00000
     -3.93178      2.48486      0.00000      0.00000
     -3.92178      3.55299      0.00000      0.00000
     -3.91178      3.74979      0.00000      0.00000
     -3.90178      2.71927      0.00000      0.00000
     -3.89178      2.20111      0.00000      0.00000
     -3.88178      2.38396      0.00000      0.00000
     -3.87178      2.24718      0.00000      0.00000
     -3.86178      2.25790      0.00000      0.00000
     -3.85178      2.48926      0.00000      0.00000
     -3.84178      2.16230      0.00000      0.00000
     -3.83178      1.80512      0.00000      0.00000
     -3.82178      1.80232      0.00000      0.00000
     -3.81178      1.87020      0.00000      0.00000
     -3.80178      2.23813      0.00000      0.00000
     -3.79178      2.96916      0.00000      0.00000
     -3.78178      2.91311      0.00000      0.00000
     -3.77178      2.94342      0.00000      0.00000
     -3.76178      3.41110      0.00000      0.00000
     -3.75178      3.35418      0.00000      0.00000
     -3.74178      3.81313      0.00000      0.00000
     -3.73178      4.33433      0.00000      0.00000
     -3.72178      4.48205      0.00000      0.00000
     -3.71178      4.56169      0.00000      0.00000
     -3.70178      3.88520      0.00000      0.00000
     -3.69178      3.08468      0.00000      0.00000
     -3.68178      3.71716      0.00000      0.00000
     -3.67178      5.20338      0.00000      0.00000
     -3.66178      5.47851      0.00000      0.00000
     -3.65178      5.24875      0.00000      0.00000
     -3.64178      6.70999      0.00000      0.00000
     -3.63178      8.93653      0.00000      0.00000
     -3.62178      8.99902      0.00000      0.00000
     -3.61178      7.54123      0.00000      0.00000
     -3.60178      6.22553      0.00000      0.00000
     -3.59178      5.41948      0.00000      0.00000
     -3.58178      5.49796      0.00000      0.00000
     -3.57178      5.59143      0.00000      0.00000
     -3.56178      5.02939      0.00000      0.00000
     -3.55178      4.32742      0.00000      0.00000
     -3.54178      4.04445      0.00000      0.00000
     -3.53178      5.10703      0.00000      0.00000
     -3.52178      6.55132      0.00000      0.00000
     -3.51178      6.91564      0.00000      0.00000
     -3.50178      6.34715      0.00000      0.00000
     -3.49178      5.32919      0.00000      0.00000
     -3.48178      6.31394      0.00000      0.00000
     -3.47178      8.66390      0.00000      0.00000
     -3.46178      8.79170      0.00000      0.00000
     -3.45178      6.75781      0.00000      0.00000
     -3.44178      5.17283      0.00000      0.00000
     -3.43178      5.44135      0.00000      0.00000
     -3.42178      7.20611      0.00000      0.00000
     -3.41178      7.48907      0.00000      0.00000
     -3.40178      5.92594      0.00000      0.00000
     -3.39178      5.56806      0.00000      0.00000
     -3.38178      6.53047      0.00000      0.00000
     -3.37178      6.13080      0.00000      0.00000
     -3.36178      4.61328      0.00000      0.00000
     -3.35178      4.47370      0.00000      0.00000
     -3.34178      5.66320      0.00000      0.00000
     -3.33178      6.56762      0.00000      0.00000
     -3.32178      6.14831      0.00000      0.00000
     -3.31178      5.48890      0.00000      0.00000
     -3.30178      5.83432      0.00000      0.00000
     -3.29178      6.87987      0.00000      0.00000
     -3.28178      6.98393      0.00000      0.00000
     -3.27178      6.26178      0.00000      0.00000
     -3.26178      5.62293      0.00000      0.00000
     -3.25178      5.67151      0.00000      0.00000
     -3.24178      6.70102      0.00000      0.00000
     -3.23178      7.53454      0.00000      0.00000
     -3.22178      7.54098      0.00000      0.00000
     -3.21178      6.78058      0.00000      0.00000
     -3.20178      6.03264      0.00000      0.00000
     -3.19178      5.38611      0.00000      0.00000
     -3.18178      4.98009      0.00000      0.00000
     -3.17178      4.90054      0.00000      0.00000
     -3.16178      4.60072      0.00000      0.00000
     -3.15178      4.37906      0.00000      0.00000
     -3.14178      4.31759      0.00000      0.00000
     -3.13178      5.02632      0.00000      0.00000
     -3.12178      6.02191      0.00000      0.00000
     -3.11178      5.67766      0.00000      0.00000
     -3.10178      4.32383      0.00000      0.00000
     -3.09178      3.91779      0.00000      0.00000
     -3.08178      4.49602      0.00000      0.00000
     -3.07178      4.57453      0.00000      0.00000
     -3.06178      3.94425      0.00000      0.00000
     -3.05178      3.29638      0.00000      0.00000
     -3.04178      3.38967      0.00000      0.00000
     -3.03178      3.53056      0.00000      0.00000
     -3.02178      2.92010      0.00000      0.00000
     -3.01178      2.67921      0.00000      0.00000
     -3.00178      3.54389      0.00000      0.00000
     -2.99178      4.93363      0.00000      0.00000
     -2.98178      5.49879      0.00000      0.00000
     -2.97178      4.29286      0.00000      0.00000
     -2.96178      2.53767      0.00000      0.00000
     -2.95178      1.71627      0.00000      0.00000
     -2.94178      2.06531      0.00000      0.00000
     -2.93178      3.42187      0.00000      0.00000
     -2.92178      4.29950      0.00000      0.00000
     -2.91178      3.70452      0.00000      0.00000
     -2.90178      2.95872      0.00000      0.00000
     -2.89178      3.17887      0.00000      0.00000
     -2.88178      4.22007      0.00000      0.00000
     -2.87178      5.00856      0.00000      0.00000
     -2.86178      5.20356      0.00000      0.00000
     -2.85178      4.97860      0.00000      0.00000
     -2.84178      3.71919      0.00000      0.00000
     -2.83178      2.48547      0.00000      0.00000
     -2.82178      2.28982      0.00000      0.00000
     -2.81178      2.80052      0.00000      0.00000
     -2.80178      3.36502      0.00000      0.00000
     -2.79178      3.34362      0.00000      0.00000
     -2.78178      3.17606      0.00000      0.00000
     -2.77178      2.90321      0.00000      0.00000
     -2.76178      2.95843      0.00000      0.00000
     -2.75178      3.13749      0.00000      0.00000
     -2.74178      3.39810      0.00000      0.00000
     -2.73178      3.90237      0.00000      0.00000
     -2.72178      4.15054      0.00000      0.00000
     -2.71178      3.83641      0.00000      0.00000
     -2.70178      2.90527      0.00000      0.00000
     -2.69178      2.35831      0.00000      0.00000
     -2.68178      2.66546      0.00000      0.00000
     -2.67178      3.59924      0.00000      0.00000
     -2.66178      4.03638      0.00000      0.00000
     -2.65178      3.55282      0.00000      0.00000
     -2.64178      2.98312      0.00000      0.00000
     -2.63178      2.77853      0.00000      0.00000
     -2.62178      3.18421      0.00000      0.00000
     -2.61178      4.20425      0.00000      0.00000
     -2.60178      4.92492      0.00000      0.00000
     -2.59178      4.75222      0.00000      0.00000
     -2.58178      4.41096      0.00000      0.00000
     -2.57178      4.34111      0.00000      0.00000
     -2.56178      4.22046      0.00000      0.00000
     -2.55178      3.72003      0.00000      0.00000
     -2.54178      3.22732      0.00000      0.00000
     -2.53178      3.68572      0.00000      0.00000
     -2.52178      4.60162      0.00000      0.00000
     -2.51178      5.45472      0.00000      0.00000
     -2.50178      5.33961      0.00000      0.00000
     -2.49178      4.61420      0.00000      0.00000
     -2.48178      4.77261      0.00000      0.00000
     -2.47178      5.68248      0.00000      0.00000
     -2.46178      7.55400      0.00000      0.00000
     -2.45178     10.41529      0.00000      0.00000
     -2.44178     13.09730      0.00000      0.00000
     -2.43178     14.02199      0.00000      0.00000
     -2.42178     13.65003      0.00000      0.00000
     -2.41178     13.49926      0.00000      0.00000
     -2.40178     12.65001      0.00000      0.00000
     -2.39178     10.24419      0.00000      0.00000
     -2.38178      9.15361      0.00000      0.00000
     -2.37178     10.65163      0.00000      0.00000
     -2.36178     11.74466      0.00000      0.00000
     -2.35178     10.50165      0.00000      0.00000
     -2.34178      9.90209      0.00000      0.00000
     -2.33178     10.06939      0.00000      0.00000
     -2.32178      9.94782      0.00000      0.00000
     -2.31178     10.99439      0.00000      0.00000
     -2.30178     10.62169      0.00000      0.00000
     -2.29178      8.00328      0.00000      0.00000
     -2.28178      6.61786      0.00000      0.00000
     -2.27178      6.79475      0.00000      0.00000
     -2.26178      8.17972      0.00000      0.00000
     -2.25178      9.57531      0.00000      0.00000
     -2.24178      9.59917      0.00000      0.00000
     -2.23178      8.05288      0.00000      0.00000
     -2.22178      5.89848      0.00000      0.00000
     -2.21178      4.55297      0.00000      0.00000
     -2.20178      4.38396      0.00000      0.00000
     -2.19178      4.80065      0.00000      0.00000
     -2.18178      5.57146      0.00000      0.00000
     -2.17178      6.05389      0.00000      0.00000
     -2.16178      6.32855      0.00000      0.00000
     -2.15178      6.11206      0.00000      0.00000
     -2.14178      5.86366      0.00000      0.00000
     -2.13178      6.36081      0.00000      0.00000
     -2.12178      7.25791      0.00000      0.00000
     -2.11178      7.86592      0.00000      0.00000
     -2.10178      7.87046      0.00000      0.00000
     -2.09178      6.83585      0.00000      0.00000
     -2.08178      5.60316      0.00000      0.00000
     -2.07178      5.58316      0.00000      0.00000
     -2.06178      5.69903      0.00000      0.00000
     -2.05178      5.00681      0.00000      0.00000
     -2.04178      4.78005      0.00000      0.00000
     -2.03178      5.23381      0.00000      0.00000
     -2.02178      4.99199      0.00000      0.00000
     -2.01178      4.86696      0.00000      0.00000
     -2.00178      6.07504      0.00000      0.00000
     -1.99178      6.85867      0.00000      0.00000
     -1.98178      7.12474      0.00000      0.00000
     -1.97178      6.79278      0.00000      0.00000
     -1.96178      5.67490      0.00000      0.00000
     -1.95178      4.83597      0.00000      0.00000
     -1.94178      3.95016      0.00000      0.00000
     -1.93178      3.10216      0.00000      0.00000
     -1.92178      3.09125      0.00000      0.00000
     -1.91178      3.39194      0.00000      0.00000
     -1.90178      3.23391      0.00000      0.00000
     -1.89178      3.45190      0.00000      0.00000
     -1.88178      3.90089      0.00000      0.00000
     -1.87178      3.67014      0.00000      0.00000
     -1.86178      3.19431      0.00000      0.00000
     -1.85178      2.95102      0.00000      0.00000
     -1.84178      3.46766      0.00000      0.00000
     -1.83178      4.84612      0.00000      0.00000
     -1.82178      5.62013      0.00000      0.00000
     -1.81178      4.73611      0.00000      0.00000
     -1.80178      3.61135      0.00000      0.00000
     -1.79178      3.29735      0.00000      0.00000
     -1.78178      3.73022      0.00000      0.00000
     -1.77178      4.95544      0.00000      0.00000
     -1.76178      6.35661      0.00000      0.00000
     -1.75178      7.70092      0.00000      0.00000
     -1.74178      7.97973      0.00000      0.00000
     -1.73178      7.02783      0.00000      0.00000
     -1.72178      5.96397      0.00000      0.00000
     -1.71178      5.51832      0.00000      0.00000
     -1.70178      6.07804      0.00000      0.00000
     -1.69178      6.91172      0.00000      0.00000
     -1.68178      6.57645      0.00000      0.00000
     -1.67178      5.55675      0.00000      0.00000
     -1.66178      5.24513      0.00000      0.00000
     -1.65178      5.72150      0.00000      0.00000
     -1.64178      5.52897      0.00000      0.00000
     -1.63178      4.55905      0.00000      0.00000
     -1.62178      3.82446      0.00000      0.00000
     -1.61178      3.62360      0.00000      0.00000
     -1.60178      3.47016      0.00000      0.00000
     -1.59178      3.79012      0.00000      0.00000
     -1.58178      4.54816      0.00000      0.00000
     -1.57178      4.71371      0.00000      0.00000
     -1.56178      4.46287      0.00000      0.00000
     -1.55178      3.85483      0.00000      0.00000
     -1.54178      3.79779      0.00000      0.00000
     -1.53178      4.26982      0.00000      0.00000
     -1.52178      4.34548      0.00000      0.00000
     -1.51178      4.02003      0.00000      0.00000
     -1.50178      3.50324      0.00000      0.00000
     -1.49178      3.38299      0.00000      0.00000
     -1.48178      3.38431      0.00000      0.00000
     -1.47178      3.29239      0.00000      0.00000
     -1.46178      3.16242      0.00000      0.00000
     -1.45178      3.09850      0.00000      0.00000
     -1.44178      3.30026      0.00000      0.00000
     -1.43178      3.40319      0.00000      0.00000
     -1.42178      3.00811      0.00000      0.00000
     -1.41178      2.78186      0.00000      0.00000
     -1.40178      2.65914      0.00000      0.00000
     -1.39178      2.90710      0.00000      0.00000
     -1.38178      3.61762      0.00000      0.00000
     -1.37178      3.80563      0.00000      0.00000
     -1.36178      3.94180      0.00000      0.00000
     -1.35178      4.82577      0.00000      0.00000
     -1.34178      6.11553      0.00000      0.00000
     -1.33178      6.56083      0.00000      0.00000
     -1.32178      5.56729      0.00000      0.00000
     -1.31178      4.44635      0.00000      0.00000
     -1.30178      4.13729      0.00000      0.00000
     -1.29178      3.42033      0.00000      0.00000
     -1.28178      2.59897      0.00000      0.00000
     -1.27178      2.37026      0.00000      0.00000
     -1.26178      2.97879      0.00000      0.00000
     -1.25178      3.33714      0.00000      0.00000
     -1.24178      3.25841      0.00000      0.00000
     -1.23178      3.57372      0.00000      0.00000
     -1.22178      3.64733      0.00000      0.00000
     -1.21178      3.32124      0.00000      0.00000
     -1.20178      3.81271      0.00000      0.00000
     -1.19178      4.87985      0.00000      0.00000
     -1.18178      5.06939      0.00000      0.00000
     -1.17178      4.83532      0.00000      0.00000
     -1.16178      5.34286      0.00000      0.00000
     -1.15178      5.84151      0.00000      0.00000
     -1.14178      5.58921      0.00000      0.00000
     -1.13178      5.75306      0.00000      0.00000
     -1.12178      6.00093      0.00000      0.00000
     -1.11178      5.27929      0.00000      0.00000
     -1.10178      4.66353      0.00000      0.00000
     -1.09178      4.55685      0.00000      0.00000
     -1.08178      4.79413      0.00000      0.00000
     -1.07178      5.20033      0.00000      0.00000
     -1.06178      5.20077      0.00000      0.00000
     -1.05178      4.64180      0.00000      0.00000
     -1.04178      4.57429      0.00000      0.00000
     -1.03178      4.73006      0.00000      0.00000
     -1.02178      4.63789      0.00000      0.00000
     -1.01178      4.51965      0.00000      0.00000
     -1.00178      4.37529      0.00000      0.00000
     -0.99178      4.40040      0.00000      0.00000
     -0.98178      4.78077      0.00000      0.00000
     -0.97178      5.40706      0.00000      0.00000
     -0.96178      5.18562      0.00000      0.00000
     -0.95178      4.64258      0.00000      0.00000
     -0.94178      5.03320      0.00000      0.00000
     -0.93178      5.39148      0.00000      0.00000
     -0.92178      5.40828      0.00000      0.00000
     -0.91178      5.97015      0.00000      0.00000
     -0.90178      6.97249      0.00000      0.00000
     -0.89178      6.92294      0.00000      0.00000
     -0.88178      5.49929      0.00000      0.00000
     -0.87178      4.42927      0.00000      0.00000
     -0.86178      4.62522      0.00000      0.00000
     -0.85178      5.16416      0.00000      0.00000
     -0.84178      4.92643      0.00000      0.00000
     -0.83178      4.79785      0.00000      0.00000
     -0.82178      4.79122      0.00000      0.00000
     -0.81178      4.46553      0.00000      0.00000
     -0.80178      4.19771      0.00000      0.00000
     -0.79178      4.70521      0.00000      0.00000
     -0.78178      4.99281      0.00000      0.00000
     -0.77178      4.65412      0.00000      0.00000
     -0.76178      4.37583      0.00000      0.00000
     -0.75178      4.22949      0.00000      0.00000
     -0.74178      4.24032      0.00000      0.00000
     -0.73178      4.01850      0.00000      0.00000
     -0.72178      3.29113      0.00000      0.00000
     -0.71178      3.38275      0.00000      0.00000
     -0.70178      4.36091      0.00000      0.00000
     -0.69178      4.59034      0.00000      0.00000
     -0.68178      4.27401      0.00000      0.00000
     -0.67178      4.13593      0.00000      0.00000
     -0.66178      3.70348      0.00000      0.00000
     -0.65178      3.27429      0.00000      0.00000
     -0.64178      3.29770      0.00000      0.00000
     -0.63178      3.60584      0.00000      0.00000
     -0.62178      4.30399      0.00000      0.00000
     -0.61178      4.80602      0.00000      0.00000
     -0.60178      3.83633      0.00000      0.00000
     -0.59178      3.11784      0.00000      0.00000
     -0.58178      3.36726      0.00000      0.00000
     -0.57178      3.75355      0.00000      0.00000
     -0.56178      4.01708      0.00000      0.00000
     -0.55178      3.73132      0.00000      0.00000
     -0.54178      3.41291      0.00000      0.00000
     -0.53178      3.64419      0.00000      0.00000
     -0.52178      4.46444      0.00000      0.00000
     -0.51178      4.92371      0.00000      0.00000
     -0.50178      3.74474      0.00000      0.00000
     -0.49178      2.02317      0.00000      0.00000
     -0.48178      1.24048      0.00000      0.00000
     -0.47178      1.06778      0.00000      0.00000
     -0.46178      1.09052      0.00000      0.00000
     -0.45178      1.12702      0.00000      0.00000
     -0.44178      1.02309      0.00000      0.00000
     -0.43178      0.84763      0.00000      0.00000
     -0.42178      0.91312      0.00000      0.00000
     -0.41178      1.09099      0.00000      0.00000
     -0.40178      1.18567      0.00000      0.00000
     -0.39178      1.21394      0.00000      0.00000
     -0.38178      1.22265      0.00000      0.00000
     -0.37178      1.04665      0.00000      0.00000
     -0.36178      0.59716      0.00000      0.00000
     -0.35178      0.34130      0.00000      0.00000
     -0.34178      0.59198      0.00000      0.00000
     -0.33178      0.84107      0.00000      0.00000
     -0.32178      0.93374      0.00000      0.00000
     -0.31178      0.84782      0.00000      0.00000
     -0.30178      0.49788      0.00000      0.00000
     -0.29178      0.39456      0.00000      0.00000
     -0.28178      0.50670      0.00000      0.00000
     -0.27178      0.60032      0.00000      0.00000
     -0.26178      0.78632      0.00000      0.00000
     -0.25178      1.01984      0.00000      0.00000
     -0.24178      0.89701      0.00000      0.00000
     -0.23178      0.55214      0.00000      0.00000
     -0.22178      0.26448      0.00000      0.00000
     -0.21178      0.18925      0.00000      0.00000
     -0.20178      0.44194      0.00000      0.00000
     -0.19178      0.63275      0.00000      0.00000
     -0.18178      0.47680      0.00000      0.00000
     -0.17178      0.29686      0.00000      0.00000
     -0.16178      0.32388      0.00000      0.00000
     -0.15178      0.39113      0.00000      0.00000
     -0.14178      0.53450      0.00000      0.00000
     -0.13178      0.75441      0.00000      0.00000
     -0.12178      0.64689      0.00000      0.00000
     -0.11178      0.33861      0.00000      0.00000
     -0.10178      0.13272      0.00000      0.00000
     -0.09178      0.18573      0.00000      0.00000
     -0.08178      0.35973      0.00000      0.00000
     -0.07178      0.39536      0.00000      0.00000
     -0.06178      0.30587      0.00000      0.00000
     -0.05178      0.34829      0.00000      0.00000
     -0.04178      0.38335      0.00000      0.00000
     -0.03178      0.37833      0.00000      0.00000
     -0.02178      0.29135      0.00000      0.00000
     -0.01178      0.19440      0.00000      0.00000
     -0.00178      0.16024      0.00000      0.00000
      0.00822      0.07262      0.00000      0.00000
      0.01822      0.01269      0.00000      0.00000
      0.02822      0.00082      0.00000      0.00000
      0.03822      0.00002      0.00000      0.00000
      0.04822      0.00000      0.00000      0.00000
      0.05822      0.00000      0.00000      0.00000
      0.06822      0.00000      0.00000      0.00000
      0.07822      0.00000      0.00000      0.00000
      0.08822      0.00000      0.00000      0.00000
      0.09822      0.00000      0.00000      0.00000
      0.10822      0.00000      0.00000      0.00000
      0.11822      0.00000      0.00000      0.00000
      0.12822      0.00000      0.00000      0.00000
      0.13822      0.00000      0.00000      0.00000
      0.14822      0.00000      0.00000      0.00000
      0.15822      0.00000      0.00000      0.00000
      0.16822      0.00000      0.00000      0.00000
      0.17822      0.00000      0.00000      0.00000
      0.18822      0.00000      0.00000      0.00000
      0.19822      0.00000      0.00000      0.00000
      0.20822      0.00000      0.00000      0.00000
      0.21822      0.00000      0.00000      0.00000
      0.22822      0.00000      0.00000      0.00000
      0.23822      0.00000      0.00000      0.00000
      0.24822      0.00000      0.00000      0.00000
      0.25822      0.00000      0.00000      0.00000
      0.26822      0.00000      0.00000      0.00000
      0.27822      0.00000      0.00000      0.00000
      0.28822      0.00000      0.00000      0.00000
      0.29822      0.00000      0.00000      0.00000
      0.30822      0.00000      0.00000      0.00000
      0.31822      0.00000      0.00000      0.00000
      0.32822      0.00000      0.00000      0.00000
      0.33822      0.00000      0.00000      0.00000
      0.34822      0.00000      0.00000      0.00000
      0.35822      0.00000      0.00000      0.00000
      0.36822      0.00000      0.00000      0.00000
      0.37822      0.00000      0.00000      0.00000
      0.38822      0.00000      0.00000      0.00000
      0.39822      0.00000      0.00000      0.00000
      0.40822      0.00000      0.00000      0.00000
      0.41822      0.00000      0.00000      0.00000
      0.42822      0.00000      0.00000      0.00000
      0.43822      0.00000      0.00000      0.00000
      0.44822      0.00000      0.00000      0.00000
      0.45822      0.00000      0.00000      0.00000
      0.46822      0.00000      0.00000      0.00000
      0.47822      0.00000      0.00000      0.00000
      0.48822      0.00000      0.00000      0.00000
      0.49822      0.00000      0.00000      0.00000
      0.50822      0.00000      0.00000      0.00000
      0.51822      0.00000      0.00000      0.00000
      0.52822      0.00000      0.00000      0.00000
      0.53822      0.00000      0.00000      0.00000
      0.54822      0.00000      0.00000      0.00000
      0.55822      0.00000      0.00000      0.00000
      0.56822      0.00000      0.00000      0.00000
      0.57822      0.00000      0.00000      0.00000
      0.58822      0.00000      0.00000      0.00000
      0.59822      0.00000      0.00000      0.00000
      0.60822      0.00000      0.00000      0.00000
      0.61822      0.00000      0.00000      0.00000
      0.62822      0.00000      0.00000      0.00000
      0.63822      0.00000      0.00000      0.00000
      0.64822      0.00000      0.00000      0.00000
      0.65822      0.00000      0.00000      0.00000
      0.66822      0.00000      0.00000      0.00000
      0.67822      0.00000      0.00000      0.00000
      0.68822      0.00000      0.00000      0.00000
      0.69822      0.00000      0.00000      0.00000
      0.70822      0.00000      0.00000      0.00000
      0.71822      0.00000      0.00000      0.00000
      0.72822      0.00000      0.00000      0.00000
      0.73822      0.00000      0.00000      0.00000
      0.74822      0.00000      0.00000      0.00000
      0.75822      0.00000      0.00000      0.00000
      0.76822      0.00000      0.00000      0.00000
      0.77822      0.00000      0.00000      0.00000
      0.78822      0.00000      0.00000      0.00000
      0.79822      0.00000      0.00000      0.00000
      0.80822      0.00000      0.00000      0.00000
      0.81822      0.00000      0.00000      0.00000
      0.82822      0.00000      0.00000      0.00000
      0.83822      0.00000      0.00000      0.00000
      0.84822      0.00000      0.00000      0.00000
      0.85822      0.00000      0.00000      0.00000
      0.86822      0.00000      0.00000      0.00000
      0.87822      0.00000      0.00000      0.00000
      0.88822      0.00000      0.00000      0.00000
      0.89822      0.00000      0.00000      0.00000
      0.90822      0.00000      0.00000      0.00000
      0.91822      0.00000      0.00000      0.00000
      0.92822      0.00000      0.00000      0.00000
      0.93822      0.00000      0.00000      0.00000
      0.94822      0.00000      0.00000      0.00000
      0.95822      0.00000      0.00000      0.00000
      0.96822      0.00000      0.00000      0.00000
      0.97822      0.00000      0.00000      0.00000
      0.98822      0.00000      0.00000      0.00000
      0.99822      0.00000      0.00000      0.00000
      1.00822      0.00000      0.00000      0.00000
      1.01822      0.00000      0.00000      0.00000
      1.02822      0.00000      0.00000      0.00000
      1.03822      0.00000      0.00000      0.00000
      1.04822      0.00000      0.00000      0.00000
      1.05822      0.00000      0.00000      0.00000
      1.06822      0.00000      0.00000      0.00000
      1.07822      0.00000      0.00000      0.00000
      1.08822      0.00000      0.00000      0.00000
      1.09822      0.00000      0.00000      0.00000
      1.10822      0.00000      0.00000      0.00000
      1.11822      0.00000      0.00000      0.00000
      1.12822      0.00000      0.00000      0.00000
      1.13822      0.00000      0.00000      0.00000
      1.14822      0.00000      0.00000      0.00000
      1.15822      0.00000      0.00000      0.00000
      1.16822      0.00000      0.00000      0.00000
      1.17822      0.00000      0.00000      0.00000
      1.18822      0.00000      0.00000      0.00000
      1.19822      0.00000      0.00000      0.00000
      1.20822      0.00000      0.00000      0.00000
      1.21822      0.00001      0.00000      0.00000
      1.22822      0.00030      0.00000      0.00000
      1.23822      0.00623      0.00000      0.00000
      1.24822      0.04821      0.00000      0.00000
      1.25822      0.14487      0.00000      0.00000
      1.26822      0.22470      0.00000      0.00000
      1.27822      0.33271      0.00000      0.00000
      1.28822      0.47749      0.00000      0.00000
      1.29822      0.73376      0.00000      0.00000
      1.30822      1.13023      0.00000      0.00000
      1.31822      1.54390      0.00000      0.00000
      1.32822      1.94428      0.00000      0.00000
      1.33822      2.19600      0.00000      0.00000
      1.34822      2.07479      0.00000      0.00000
      1.35822      1.97254      0.00000      0.00000
      1.36822      2.27590      0.00000      0.00000
      1.37822      2.28557      0.00000      0.00000
      1.38822      1.94518      0.00000      0.00000
      1.39822      2.15289      0.00000      0.00000
      1.40822      2.67231      0.00000      0.00000
      1.41822      2.38288      0.00000      0.00000
      1.42822      1.80732      0.00000      0.00000
      1.43822      2.11436      0.00000      0.00000
      1.44822      2.66615      0.00000      0.00000
      1.45822      2.71426      0.00000      0.00000
      1.46822      2.51384      0.00000      0.00000
      1.47822      2.43570      0.00000      0.00000
      1.48822      2.74317      0.00000      0.00000
      1.49822      2.99484      0.00000      0.00000
      1.50822      3.27549      0.00000      0.00000
      1.51822      4.07436      0.00000      0.00000
      1.52822      4.82675      0.00000      0.00000
      1.53822      4.92416      0.00000      0.00000
      1.54822      4.80647      0.00000      0.00000
      1.55822      4.89126      0.00000      0.00000
      1.56822      5.37111      0.00000      0.00000
      1.57822      5.92489      0.00000      0.00000
      1.58822      6.28652      0.00000      0.00000
      1.59822      6.24793      0.00000      0.00000
      1.60822      6.19726      0.00000      0.00000
      1.61822      6.24421      0.00000      0.00000
      1.62822      6.45065      0.00000      0.00000
      1.63822      7.72930      0.00000      0.00000
      1.64822      9.98094      0.00000      0.00000
      1.65822     10.61541      0.00000      0.00000
      1.66822      8.70301      0.00000      0.00000
      1.67822      6.84522      0.00000      0.00000
      1.68822      6.94354      0.00000      0.00000
      1.69822      7.30066      0.00000      0.00000
      1.70822      6.65063      0.00000      0.00000
      1.71822      6.63308      0.00000      0.00000
      1.72822      7.31035      0.00000      0.00000
      1.73822      7.90534      0.00000      0.00000
      1.74822      8.48730      0.00000      0.00000
      1.75822      8.13210      0.00000      0.00000
      1.76822      7.08012      0.00000      0.00000
      1.77822      6.74422      0.00000      0.00000
      1.78822      7.25071      0.00000      0.00000
      1.79822      7.07727      0.00000      0.00000
      1.80822      5.94952      0.00000      0.00000
      1.81822      5.48892      0.00000      0.00000
      1.82822      6.29865      0.00000      0.00000
      1.83822      6.40978      0.00000      0.00000
      1.84822      5.70214      0.00000      0.00000
      1.85822      5.23599      0.00000      0.00000
      1.86822      4.97445      0.00000      0.00000
      1.87822      5.10854      0.00000      0.00000
      1.88822      5.72383      0.00000      0.00000
      1.89822      6.02744      0.00000      0.00000
      1.90822      5.28904      0.00000      0.00000
      1.91822      5.01182      0.00000      0.00000
      1.92822      5.85233      0.00000      0.00000
      1.93822      6.43990      0.00000      0.00000
      1.94822      5.98561      0.00000      0.00000
      1.95822      5.07518      0.00000      0.00000
      1.96822      4.32050      0.00000      0.00000
      1.97822      3.93705      0.00000      0.00000
      1.98822      3.83419      0.00000      0.00000
      1.99822      3.52960      0.00000      0.00000
      2.00822      3.28350      0.00000      0.00000
      2.01822      3.44787      0.00000      0.00000
      2.02822      4.50662      0.00000      0.00000
      2.03822      5.85843      0.00000      0.00000
      2.04822      6.78707      0.00000      0.00000
      2.05822      7.66596      0.00000      0.00000
      2.06822      9.12651      0.00000      0.00000
      2.07822     11.45548      0.00000      0.00000
      2.08822     12.43202      0.00000      0.00000
      2.09822     11.70249      0.00000      0.00000
      2.10822     11.40040      0.00000      0.00000
      2.11822     11.55585      0.00000      0.00000
      2.12822     10.49700      0.00000      0.00000
      2.13822      8.93321      0.00000      0.00000
      2.14822      8.08250      0.00000      0.00000
      2.15822      8.10565      0.00000      0.00000
      2.16822      8.37782      0.00000      0.00000
      2.17822      9.03566      0.00000      0.00000
      2.18822      9.63241      0.00000      0.00000
      2.19822      9.56427      0.00000      0.00000
      2.20822      9.60174      0.00000      0.00000
      2.21822      9.49275      0.00000      0.00000
      2.22822      8.36414      0.00000      0.00000
      2.23822      7.75093      0.00000      0.00000
      2.24822      8.82254      0.00000      0.00000
      2.25822      8.91682      0.00000      0.00000
      2.26822      7.66347      0.00000      0.00000
      2.27822      7.41466      0.00000      0.00000
      2.28822      8.10935      0.00000      0.00000
      2.29822      8.74645      0.00000      0.00000
      2.30822      9.41845      0.00000      0.00000
      2.31822     10.34537      0.00000      0.00000
      2.32822     11.48931      0.00000      0.00000
      2.33822     12.66009      0.00000      0.00000
      2.34822     12.84334      0.00000      0.00000
      2.35822     12.02604      0.00000      0.00000
      2.36822     10.14817      0.00000      0.00000
      2.37822      9.14521      0.00000      0.00000
      2.38822     10.34434      0.00000      0.00000
      2.39822     10.73919      0.00000      0.00000
      2.40822      9.86292      0.00000      0.00000
      2.41822      9.08009      0.00000      0.00000
      2.42822      8.76623      0.00000      0.00000
      2.43822      9.13695      0.00000      0.00000
      2.44822      9.35045      0.00000      0.00000
      2.45822      9.15121      0.00000      0.00000
      2.46822      8.38639      0.00000      0.00000
      2.47822      7.02413      0.00000      0.00000
      2.48822      5.79505      0.00000      0.00000
      2.49822      4.87964      0.00000      0.00000
      2.50822      4.94039      0.00000      0.00000
      2.51822      6.27677      0.00000      0.00000
      2.52822      7.79749      0.00000      0.00000
      2.53822      7.91064      0.00000      0.00000
      2.54822      7.63087      0.00000      0.00000
      2.55822      7.54582      0.00000      0.00000
      2.56822      6.59286      0.00000      0.00000
      2.57822      5.66106      0.00000      0.00000
      2.58822      5.91448      0.00000      0.00000
      2.59822      7.07757      0.00000      0.00000
      2.60822      8.67357      0.00000      0.00000
      2.61822      8.64682      0.00000      0.00000
      2.62822      6.59192      0.00000      0.00000
      2.63822      4.93514      0.00000      0.00000
      2.64822      4.36922      0.00000      0.00000
      2.65822      4.73116      0.00000      0.00000
      2.66822      5.72247      0.00000      0.00000
      2.67822      7.12492      0.00000      0.00000
      2.68822      8.66418      0.00000      0.00000
      2.69822      8.67968      0.00000      0.00000
      2.70822      7.33948      0.00000      0.00000
      2.71822      6.17623      0.00000      0.00000
      2.72822      5.44496      0.00000      0.00000
      2.73822      5.84482      0.00000      0.00000
      2.74822      6.95564      0.00000      0.00000
      2.75822      7.03437      0.00000      0.00000
      2.76822      5.68559      0.00000      0.00000
      2.77822      4.77349      0.00000      0.00000
      2.78822      5.14325      0.00000      0.00000
      2.79822      5.24675      0.00000      0.00000
      2.80822      4.51415      0.00000      0.00000
      2.81822      4.39591      0.00000      0.00000
      2.82822      4.60506      0.00000      0.00000
      2.83822      4.48030      0.00000      0.00000
      2.84822      4.02226      0.00000      0.00000
      2.85822      3.52380      0.00000      0.00000
      2.86822      3.45828      0.00000      0.00000
      2.87822      4.63999      0.00000      0.00000
      2.88822      5.60935      0.00000      0.00000
      2.89822      5.56275      0.00000      0.00000
      2.90822      5.87980      0.00000      0.00000
      2.91822      6.01831      0.00000      0.00000
      2.92822      5.72201      0.00000      0.00000
      2.93822      5.44752      0.00000      0.00000
      2.94822      5.00888      0.00000      0.00000
      2.95822      5.06469      0.00000      0.00000
      2.96822      5.01784      0.00000      0.00000
      2.97822      4.13472      0.00000      0.00000
      2.98822      3.48582      0.00000      0.00000
      2.99822      3.96748      0.00000      0.00000
      3.00822      3.88787      0.00000      0.00000
      3.01822      2.93959      0.00000      0.00000
      3.02822      2.85966      0.00000      0.00000
      3.03822      2.84999      0.00000      0.00000
      3.04822      2.73286      0.00000      0.00000
      3.05822      3.18660      0.00000      0.00000
      3.06822      3.44261      0.00000      0.00000
      3.07822      3.53701      0.00000      0.00000
      3.08822      3.82245      0.00000      0.00000
      3.09822      3.49101      0.00000      0.00000
      3.10822      3.13330      0.00000      0.00000
      3.11822      3.94584      0.00000      0.00000
      3.12822      4.89771      0.00000      0.00000
      3.13822      4.81462      0.00000      0.00000
      3.14822      3.98120      0.00000      0.00000
      3.15822      2.85427      0.00000      0.00000
      3.16822      2.44214      0.00000      0.00000
      3.17822      2.41390      0.00000      0.00000
      3.18822      2.41395      0.00000      0.00000
      3.19822      2.68005      0.00000      0.00000
      3.20822      2.86907      0.00000      0.00000
      3.21822      3.29963      0.00000      0.00000
      3.22822      3.22879      0.00000      0.00000
      3.23822      2.62840      0.00000      0.00000
      3.24822      2.70573      0.00000      0.00000
      3.25822      3.12382      0.00000      0.00000
      3.26822      3.88132      0.00000      0.00000
      3.27822      4.44274      0.00000      0.00000
      3.28822      4.24830      0.00000      0.00000
      3.29822      4.04487      0.00000      0.00000
      3.30822      3.37296      0.00000      0.00000
      3.31822      2.44598      0.00000      0.00000
      3.32822      2.16431      0.00000      0.00000
      3.33822      2.31360      0.00000      0.00000
      3.34822      2.62956      0.00000      0.00000
      3.35822      2.99668      0.00000      0.00000
      3.36822      3.32785      0.00000      0.00000
      3.37822      3.19895      0.00000      0.00000
      3.38822      2.76372      0.00000      0.00000
      3.39822      2.67592      0.00000      0.00000
      3.40822      3.26301      0.00000      0.00000
      3.41822      4.85848      0.00000      0.00000
      3.42822      5.90119      0.00000      0.00000
      3.43822      5.17802      0.00000      0.00000
      3.44822      3.96728      0.00000      0.00000
      3.45822      3.21543      0.00000      0.00000
      3.46822      2.79079      0.00000      0.00000
      3.47822      2.52623      0.00000      0.00000
      3.48822      2.45036      0.00000      0.00000
      3.49822      2.68629      0.00000      0.00000
      3.50822      2.65665      0.00000      0.00000
      3.51822      2.39592      0.00000      0.00000
      3.52822      2.20151      0.00000      0.00000
      3.53822      1.54718      0.00000      0.00000
      3.54822      0.68666      0.00000      0.00000
      3.55822      0.86422      0.00000      0.00000
      3.56822      2.30689      0.00000      0.00000
      3.57822      3.44902      0.00000      0.00000
      3.58822      3.16692      0.00000      0.00000
      3.59822      2.22264      0.00000      0.00000
      3.60822      1.10708      0.00000      0.00000
      3.61822      0.71621      0.00000      0.00000
      3.62822      1.13778      0.00000      0.00000
      3.63822      1.52893      0.00000      0.00000
      3.64822      1.66201      0.00000      0.00000
      3.65822      1.58341      0.00000      0.00000
      3.66822      1.23449      0.00000      0.00000
      3.67822      0.71519      0.00000      0.00000
      3.68822      0.67085      0.00000      0.00000
      3.69822      1.56352      0.00000      0.00000
      3.70822      2.84011      0.00000      0.00000
      3.71822      3.51720      0.00000      0.00000
      3.72822      2.84539      0.00000      0.00000
      3.73822      1.92754      0.00000      0.00000
      3.74822      1.87463      0.00000      0.00000
      3.75822      2.09691      0.00000      0.00000
      3.76822      2.42906      0.00000      0.00000
      3.77822      2.69303      0.00000      0.00000
      3.78822      2.24887      0.00000      0.00000
      3.79822      1.75044      0.00000      0.00000
      3.80822      2.42896      0.00000      0.00000
      3.81822      3.98746      0.00000      0.00000
      3.82822      4.65961      0.00000      0.00000
      3.83822      4.40182      0.00000      0.00000
      3.84822      4.09395      0.00000      0.00000
      3.85822      3.87510      0.00000      0.00000
      3.86822      4.29273      0.00000      0.00000
      3.87822      4.20259      0.00000      0.00000
      3.88822      3.35048      0.00000      0.00000
      3.89822      4.53468      0.00000      0.00000
      3.90822      6.23029      0.00000      0.00000
      3.91822      5.61068      0.00000      0.00000
      3.92822      4.83742      0.00000      0.00000
      3.93822      6.07090      0.00000      0.00000
      3.94822      7.78096      0.00000      0.00000
      3.95822      7.66184      0.00000      0.00000
      3.96822      7.97680      0.00000      0.00000
      3.97822      9.84005      0.00000      0.00000
      3.98822      9.74402      0.00000      0.00000
      3.99822      8.23543      0.00000      0.00000
      4.00822      7.73119      0.00000      0.00000
      4.01822      8.64514      0.00000      0.00000
      4.02822      9.15601      0.00000      0.00000
      4.03822      8.39937      0.00000      0.00000
      4.04822      7.85673      0.00000      0.00000
      4.05822      7.54453      0.00000      0.00000
      4.06822      6.95939      0.00000      0.00000
      4.07822      6.68562      0.00000      0.00000
      4.08822      6.58718      0.00000      0.00000
      4.09822      5.87769      0.00000      0.00000
      4.10822      5.02405      0.00000      0.00000
      4.11822      4.80730      0.00000      0.00000
      4.12822      4.70549      0.00000      0.00000
      4.13822      4.46329      0.00000      0.00000
      4.14822      4.89249      0.00000      0.00000
      4.15822      5.40154      0.00000      0.00000
      4.16822      4.97181      0.00000      0.00000
      4.17822      4.00259      0.00000      0.00000
      4.18822      3.47942      0.00000      0.00000
      4.19822      2.92282      0.00000      0.00000
      4.20822      2.31594      0.00000      0.00000
      4.21822      2.40716      0.00000      0.00000
      4.22822      3.19890      0.00000      0.00000
      4.23822      3.79204      0.00000      0.00000
      4.24822      3.29820      0.00000      0.00000
      4.25822      2.58486      0.00000      0.00000
      4.26822      2.18121      0.00000      0.00000
      4.27822      2.40802      0.00000      0.00000
      4.28822      2.62465      0.00000      0.00000
      4.29822      2.77944      0.00000      0.00000
      4.30822      3.50018      0.00000      0.00000
      4.31822      3.46402      0.00000      0.00000
      4.32822      2.42688      0.00000      0.00000
      4.33822      1.89869      0.00000      0.00000
      4.34822      1.72569      0.00000      0.00000
      4.35822      1.61523      0.00000      0.00000
      4.36822      1.79676      0.00000      0.00000
      4.37822      2.27644      0.00000      0.00000
      4.38822      2.69605      0.00000      0.00000
      4.39822      2.78547      0.00000      0.00000
      4.40822      2.66197      0.00000      0.00000
      4.41822      2.43158      0.00000      0.00000
      4.42822      2.20945      0.00000      0.00000
      4.43822      2.17559      0.00000      0.00000
      4.44822      2.38862      0.00000      0.00000
      4.45822      2.21074      0.00000      0.00000
      4.46822      1.63738      0.00000      0.00000
      4.47822      1.34213      0.00000      0.00000
      4.48822      1.69070      0.00000      0.00000
      4.49822      2.13160      0.00000      0.00000
      4.50822      2.15025      0.00000      0.00000
      4.51822      2.07516      0.00000      0.00000
      4.52822      1.78683      0.00000      0.00000
      4.53822      1.55365      0.00000      0.00000
      4.54822      1.79129      0.00000      0.00000
      4.55822      1.98277      0.00000      0.00000
      4.56822      1.77094      0.00000      0.00000
      4.57822      1.30262      0.00000      0.00000
      4.58822      1.32505      0.00000      0.00000
      4.59822      1.79426      0.00000      0.00000
      4.60822      1.77122      0.00000      0.00000
      4.61822      1.45379      0.00000      0.00000
      4.62822      1.44108      0.00000      0.00000
      4.63822      1.69768      0.00000      0.00000
      4.64822      2.01353      0.00000      0.00000
      4.65822      2.19418      0.00000      0.00000
      4.66822      1.86498      0.00000      0.00000
      4.67822      1.59069      0.00000      0.00000
      4.68822      1.66890      0.00000      0.00000
      4.69822      1.40271      0.00000      0.00000
      4.70822      1.08163      0.00000      0.00000
      4.71822      0.97964      0.00000      0.00000
      4.72822      0.95967      0.00000      0.00000
      4.73822      0.87520      0.00000      0.00000
      4.74822      0.66630      0.00000      0.00000
      4.75822      0.68084      0.00000      0.00000
      4.76822      1.26392      0.00000      0.00000
      4.77822      2.00837      0.00000      0.00000
      4.78822      2.51679      0.00000      0.00000
      4.79822      2.26036      0.00000      0.00000
      4.80822      1.54632      0.00000      0.00000
      4.81822      1.14293      0.00000      0.00000
      4.82822      1.18186      0.00000      0.00000
      4.83822      1.48468      0.00000      0.00000
      4.84822      1.44945      0.00000      0.00000
      4.85822      1.06894      0.00000      0.00000
      4.86822      0.83974      0.00000      0.00000
      4.87822      0.83491      0.00000      0.00000
      4.88822      0.53661      0.00000      0.00000
      4.89822      0.44888      0.00000      0.00000
      4.90822      1.39029      0.00000      0.00000
      4.91822      2.71631      0.00000      0.00000
      4.92822      2.82340      0.00000      0.00000
      4.93822      2.11314      0.00000      0.00000
      4.94822      1.66977      0.00000      0.00000
      4.95822      1.68664      0.00000      0.00000
      4.96822      1.78474      0.00000      0.00000
      4.97822      1.50482      0.00000      0.00000
      4.98822      1.25823      0.00000      0.00000
      4.99822      0.97590      0.00000      0.00000
      5.00822      0.76006      0.00000      0.00000
      5.01822      0.79571      0.00000      0.00000
      5.02822      0.95664      0.00000      0.00000
      5.03822      1.26273      0.00000      0.00000
      5.04822      1.98364      0.00000      0.00000
      5.05822      2.71659      0.00000      0.00000
      5.06822      2.82826      0.00000      0.00000
      5.07822      2.24451      0.00000      0.00000
      5.08822      1.54513      0.00000      0.00000
      5.09822      1.55599      0.00000      0.00000
      5.10822      1.75808      0.00000      0.00000
      5.11822      2.02204      0.00000      0.00000
      5.12822      1.78621      0.00000      0.00000
      5.13822      0.82907      0.00000      0.00000
      5.14822      0.52252      0.00000      0.00000
      5.15822      1.26426      0.00000      0.00000
      5.16822      2.18497      0.00000      0.00000
      5.17822      2.85177      0.00000      0.00000
      5.18822      3.50723      0.00000      0.00000
      5.19822      3.34073      0.00000      0.00000
      5.20822      2.43490      0.00000      0.00000
      5.21822      1.86844      0.00000      0.00000
      5.22822      1.85720      0.00000      0.00000
      5.23822      1.90822      0.00000      0.00000
      5.24822      1.77601      0.00000      0.00000
      5.25822      1.21426      0.00000      0.00000
      5.26822      0.82140      0.00000      0.00000
      5.27822      1.64453      0.00000      0.00000
      5.28822      2.55049      0.00000      0.00000
      5.29822      2.28160      0.00000      0.00000
      5.30822      1.98173      0.00000      0.00000
      5.31822      1.83685      0.00000      0.00000
      5.32822      1.07293      0.00000      0.00000
      5.33822      0.56057      0.00000      0.00000
      5.34822      1.33259      0.00000      0.00000
      5.35822      2.79910      0.00000      0.00000
      5.36822      3.27161      0.00000      0.00000
      5.37822      2.69494      0.00000      0.00000
      5.38822      2.37998      0.00000      0.00000
      5.39822      2.47034      0.00000      0.00000
      5.40822      2.34750      0.00000      0.00000
      5.41822      1.89817      0.00000      0.00000
      5.42822      1.49205      0.00000      0.00000
      5.43822      1.46352      0.00000      0.00000
      5.44822      1.77711      0.00000      0.00000
      5.45822      2.14342      0.00000      0.00000
      5.46822      2.18048      0.00000      0.00000
      5.47822      2.15221      0.00000      0.00000
      5.48822      2.60357      0.00000      0.00000
      5.49822      3.05118      0.00000      0.00000
      5.50822      2.92886      0.00000      0.00000
      5.51822      2.68468      0.00000      0.00000
      5.52822      2.92344      0.00000      0.00000
      5.53822      3.01898      0.00000      0.00000
      5.54822      2.51915      0.00000      0.00000
      5.55822      2.20188      0.00000      0.00000
      5.56822      2.22511      0.00000      0.00000
      5.57822      2.14992      0.00000      0.00000
      5.58822      2.30171      0.00000      0.00000
      5.59822      2.66819      0.00000      0.00000
      5.60822      3.21555      0.00000      0.00000
      5.61822      3.10982      0.00000      0.00000
      5.62822      2.45476      0.00000      0.00000
      5.63822      2.06786      0.00000      0.00000
      5.64822      1.82267      0.00000      0.00000
      5.65822      1.54240      0.00000      0.00000
      5.66822      1.79630      0.00000      0.00000
      5.67822      2.21164      0.00000      0.00000
      5.68822      2.18413      0.00000      0.00000
      5.69822      2.50151      0.00000      0.00000
      5.70822      3.15460      0.00000      0.00000
      5.71822      3.25190      0.00000      0.00000
      5.72822      3.25043      0.00000      0.00000
      5.73822      3.03815      0.00000      0.00000
      5.74822      2.72485      0.00000      0.00000
      5.75822      2.27190      0.00000      0.00000
      5.76822      1.89954      0.00000      0.00000
      5.77822      2.01858      0.00000      0.00000
      5.78822      2.29290      0.00000      0.00000
      5.79822      2.90480      0.00000      0.00000
      5.80822      3.55179      0.00000      0.00000
      5.81822      3.59424      0.00000      0.00000
      5.82822      3.67943      0.00000      0.00000
      5.83822      3.68576      0.00000      0.00000
      5.84822      3.27617      0.00000      0.00000
      5.85822      2.86844      0.00000      0.00000
      5.86822      2.48866      0.00000      0.00000
      5.87822      2.13527      0.00000      0.00000
      5.88822      2.11992      0.00000      0.00000
      5.89822      3.22705      0.00000      0.00000
      5.90822      4.33359      0.00000      0.00000
      5.91822      4.16263      0.00000      0.00000
      5.92822      3.79225      0.00000      0.00000
      5.93822      3.39739      0.00000      0.00000
      5.94822      2.83594      0.00000      0.00000
      5.95822      2.85026      0.00000      0.00000
      5.96822      3.15136      0.00000      0.00000
      5.97822      3.05521      0.00000      0.00000
      5.98822      2.57311      0.00000      0.00000
      5.99822      2.33669      0.00000      0.00000
      6.00822      2.43242      0.00000      0.00000
      6.01822      2.43234      0.00000      0.00000
      6.02822      2.17396      0.00000      0.00000
      6.03822      2.00162      0.00000      0.00000
      6.04822      2.04766      0.00000      0.00000
      6.05822      1.80743      0.00000      0.00000
      6.06822      1.83308      0.00000      0.00000
      6.07822      2.19502      0.00000      0.00000
      6.08822      2.61815      0.00000      0.00000
      6.09822      3.10281      0.00000      0.00000
      6.10822      3.14018      0.00000      0.00000
      6.11822      2.15045      0.00000      0.00000
      6.12822      1.32417      0.00000      0.00000
      6.13822      1.15712      0.00000      0.00000
      6.14822      1.25145      0.00000      0.00000
      6.15822      2.02055      0.00000      0.00000
      6.16822      2.58622      0.00000      0.00000
      6.17822      2.31893      0.00000      0.00000
      6.18822      2.19972      0.00000      0.00000
      6.19822      2.33300      0.00000      0.00000
      6.20822      2.14913      0.00000      0.00000
      6.21822      2.41069      0.00000      0.00000
      6.22822      3.42942      0.00000      0.00000
      6.23822      4.09571      0.00000      0.00000
      6.24822      4.33953      0.00000      0.00000
      6.25822      4.40510      0.00000      0.00000
      6.26822      4.31658      0.00000      0.00000
      6.27822      4.45654      0.00000      0.00000
      6.28822      4.59819      0.00000      0.00000
      6.29822      3.93821      0.00000      0.00000
      6.30822      3.16202      0.00000      0.00000
      6.31822      2.76946      0.00000      0.00000
      6.32822      2.52227      0.00000      0.00000
      6.33822      2.78552      0.00000      0.00000
      6.34822      2.89490      0.00000      0.00000
      6.35822      2.84841      0.00000      0.00000
      6.36822      3.73206      0.00000      0.00000
      6.37822      4.94986      0.00000      0.00000
      6.38822      5.45848      0.00000      0.00000
      6.39822      5.69977      0.00000      0.00000
      6.40822      5.47070      0.00000      0.00000
      6.41822      5.05074      0.00000      0.00000
      6.42822      4.99831      0.00000      0.00000
      6.43822      4.79191      0.00000      0.00000
      6.44822      4.52277      0.00000      0.00000
      6.45822      4.84684      0.00000      0.00000
      6.46822      4.89842      0.00000      0.00000
      6.47822      4.47981      0.00000      0.00000
      6.48822      4.41228      0.00000      0.00000
      6.49822      4.93075      0.00000      0.00000
      6.50822      6.03004      0.00000      0.00000
      6.51822      6.24551      0.00000      0.00000
      6.52822      4.87183      0.00000      0.00000
      6.53822      3.76214      0.00000      0.00000
      6.54822      3.78282      0.00000      0.00000
      6.55822      4.10830      0.00000      0.00000
      6.56822      4.46406      0.00000      0.00000
      6.57822      4.87546      0.00000      0.00000
      6.58822      5.18141      0.00000      0.00000
      6.59822      5.48538      0.00000      0.00000
      6.60822      5.53998      0.00000      0.00000
      6.61822      5.26106      0.00000      0.00000
      6.62822      5.31174      0.00000      0.00000
      6.63822      5.58058      0.00000      0.00000
      6.64822      5.01208      0.00000      0.00000
      6.65822      4.48563      0.00000      0.00000
      6.66822      4.32319      0.00000      0.00000
      6.67822      3.85882      0.00000      0.00000
      6.68822      3.70747      0.00000      0.00000
      6.69822      4.90912      0.00000      0.00000
      6.70822      5.86468      0.00000      0.00000
      6.71822      5.40085      0.00000      0.00000
      6.72822      4.72367      0.00000      0.00000
      6.73822      5.33950      0.00000      0.00000
      6.74822      5.69350      0.00000      0.00000
      6.75822      4.59467      0.00000      0.00000
      6.76822      3.52440      0.00000      0.00000
      6.77822      3.73275      0.00000      0.00000
      6.78822      5.16299      0.00000      0.00000
      6.79822      7.18630      0.00000      0.00000
      6.80822      8.42311      0.00000      0.00000
      6.81822      8.24905      0.00000      0.00000
      6.82822      7.65771      0.00000      0.00000
      6.83822      7.38125      0.00000      0.00000
      6.84822      6.81429      0.00000      0.00000
      6.85822      6.15337      0.00000      0.00000
      6.86822      6.26008      0.00000      0.00000
      6.87822      6.56263      0.00000      0.00000
      6.88822      5.88781      0.00000      0.00000
      6.89822      4.93959      0.00000      0.00000
      6.90822      4.82949      0.00000      0.00000
      6.91822      5.32706      0.00000      0.00000
      6.92822      6.25870      0.00000      0.00000
      6.93822      8.03631      0.00000      0.00000
      6.94822      8.76131      0.00000      0.00000
      6.95822      7.50570      0.00000      0.00000
      6.96822      6.55628      0.00000      0.00000
      6.97822      6.02468      0.00000      0.00000
