Energy-E_F (eV)    DOS (1/eV)    PDOS (1/eV)  of atom type Mo S  
     -5.36760      8.45309      0.00000      0.00000
     -5.35760      8.31021      0.00000      0.00000
     -5.34760      8.53192      0.00000      0.00000
     -5.33760      9.02641      0.00000      0.00000
     -5.32760      9.50810      0.00000      0.00000
     -5.31760     10.16334      0.00000      0.00000
     -5.30760     11.01380      0.00000      0.00000
     -5.29760     11.47113      0.00000      0.00000
     -5.28760     11.51712      0.00000      0.00000
     -5.27760     10.88444      0.00000      0.00000
     -5.26760      9.90775      0.00000      0.00000
     -5.25760      8.78594      0.00000      0.00000
     -5.24760      7.74416      0.00000      0.00000
     -5.23760      7.48805      0.00000      0.00000
     -5.22760      7.45301      0.00000      0.00000
     -5.21760      6.45432      0.00000      0.00000
     -5.20760      5.19596      0.00000      0.00000
     -5.19760      4.92980      0.00000      0.00000
     -5.18760      5.51528      0.00000      0.00000
     -5.17760      5.65064      0.00000      0.00000
     -5.16760      4.44917      0.00000      0.00000
     -5.15760      3.18166      0.00000      0.00000
     -5.14760      2.89096      0.00000      0.00000
     -5.13760      2.96601      0.00000      0.00000
     -5.12760      3.13393      0.00000      0.00000
     -5.11760      3.30996      0.00000      0.00000
     -5.10760      3.13774      0.00000      0.00000
     -5.09760      2.78371      0.00000      0.00000
     -5.08760      2.53657      0.00000      0.00000
     -5.07760      2.56831      0.00000      0.00000
     -5.06760      2.92877      0.00000      0.00000
     -5.05760      3.29289      0.00000      0.00000
     -5.04760      3.19233      0.00000      0.00000
     -5.03760      2.69078      0.00000      0.00000
     -5.02760      2.24172      0.00000      0.00000
     -5.01760      2.00780      0.00000      0.00000
     -5.00760      2.06640      0.00000      0.00000
     -4.99760      2.26800      0.00000      0.00000
     -4.98760      2.42399      0.00000      0.00000
     -4.97760      2.31195      0.00000      0.00000
     -4.96760      1.96190      0.00000      0.00000
     -4.95760      1.86204      0.00000      0.00000
     -4.94760      1.99572      0.00000      0.00000
     -4.93760      2.18637      0.00000      0.00000
     -4.92760      2.27572      0.00000      0.00000
     -4.91760      2.25986      0.00000      0.00000
     -4.90760      2.15326      0.00000      0.00000
     -4.89760      1.80517      0.00000      0.00000
     -4.88760      1.56517      0.00000      0.00000
     -4.87760      1.51774      0.00000      0.00000
     -4.86760      1.46414      0.00000      0.00000
     -4.85760      1.52117      0.00000      0.00000
     -4.84760      1.64711      0.00000      0.00000
     -4.83760      1.67445      0.00000      0.00000
     -4.82760      1.70668      0.00000      0.00000
     -4.81760      1.64775      0.00000      0.00000
     -4.80760      1.45012      0.00000      0.00000
     -4.79760      1.35836      0.00000      0.00000
     -4.78760      1.45483      0.00000      0.00000
     -4.77760      1.78292      0.00000      0.00000
     -4.76760      2.15929      0.00000      0.00000
     -4.75760      1.98104      0.00000      0.00000
     -4.74760      1.36353      0.00000      0.00000
     -4.73760      1.09626      0.00000      0.00000
     -4.72760      1.19103      0.00000      0.00000
     -4.71760      1.27356      0.00000      0.00000
     -4.70760      1.46081      0.00000      0.00000
     -4.69760      1.64352      0.00000      0.00000
     -4.68760      1.50718      0.00000      0.00000
     -4.67760      1.28825      0.00000      0.00000
     -4.66760      1.24025      0.00000      0.00000
     -4.65760      1.20705      0.00000      0.00000
     -4.64760      1.21543      0.00000      0.00000
     -4.63760      1.47763      0.00000      0.00000
     -4.62760      1.72594      0.00000      0.00000
     -4.61760      1.67607      0.00000      0.00000
     -4.60760      1.49763      0.00000      0.00000
     -4.59760      1.32957      0.00000      0.00000
     -4.58760      1.06764      0.00000      0.00000
     -4.57760      1.03266      0.00000      0.00000
     -4.56760      1.39581      0.00000      0.00000
     -4.55760      1.56138      0.00000      0.00000
     -4.54760      1.23422      0.00000      0.00000
     -4.53760      1.02556      0.00000      0.00000
     -4.52760      1.21601      0.00000      0.00000
     -4.51760      1.31600      0.00000      0.00000
     -4.50760      1.18281      0.00000      0.00000
     -4.49760      1.41080      0.00000      0.00000
     -4.48760      1.73276      0.00000      0.00000
     -4.47760      1.44252      0.00000      0.00000
     -4.46760      1.10507      0.00000      0.00000
     -4.45760      1.33685      0.00000      0.00000
     -4.44760      1.65687      0.00000      0.00000
     -4.43760      1.58505      0.00000      0.00000
     -4.42760      1.60140      0.00000      0.00000
     -4.41760      2.44328      0.00000      0.00000
     -4.40760      4.55902      0.00000      0.00000
     -4.39760      7.21009      0.00000      0.00000
     -4.38760      9.13484      0.00000      0.00000
     -4.37760     10.41008      0.00000      0.00000
     -4.36760     11.43710      0.00000      0.00000
     -4.35760     13.27896      0.00000      0.00000
     -4.34760     15.62068      0.00000      0.00000
     -4.33760     16.13414      0.00000      0.00000
     -4.32760     15.09039      0.00000      0.00000
     -4.31760     14.28874      0.00000      0.00000
     -4.30760     13.95726      0.00000      0.00000
     -4.29760     13.87620      0.00000      0.00000
     -4.28760     13.97702      0.00000      0.00000
     -4.27760     14.18673      0.00000      0.00000
     -4.26760     13.96207      0.00000      0.00000
     -4.25760     13.26832      0.00000      0.00000
     -4.24760     13.34523      0.00000      0.00000
     -4.23760     13.37152      0.00000      0.00000
     -4.22760     12.43259      0.00000      0.00000
     -4.21760     11.41312      0.00000      0.00000
     -4.20760     10.60973      0.00000      0.00000
     -4.19760      9.29582      0.00000      0.00000
     -4.18760      8.33331      0.00000      0.00000
     -4.17760      8.35262      0.00000      0.00000
     -4.16760      8.33181      0.00000      0.00000
     -4.15760      7.59413      0.00000      0.00000
     -4.14760      6.60630      0.00000      0.00000
     -4.13760      6.33264      0.00000      0.00000
     -4.12760      6.44486      0.00000      0.00000
     -4.11760      5.93138      0.00000      0.00000
     -4.10760      5.69532      0.00000      0.00000
     -4.09760      5.99057      0.00000      0.00000
     -4.08760      5.93033      0.00000      0.00000
     -4.07760      4.98307      0.00000      0.00000
     -4.06760      3.52303      0.00000      0.00000
     -4.05760      2.50101      0.00000      0.00000
     -4.04760      2.15381      0.00000      0.00000
     -4.03760      2.20244      0.00000      0.00000
     -4.02760      2.18899      0.00000      0.00000
     -4.01760      2.33007      0.00000      0.00000
     -4.00760      3.22494      0.00000      0.00000
     -3.99760      3.75035      0.00000      0.00000
     -3.98760      3.08650      0.00000      0.00000
     -3.97760      2.48034      0.00000      0.00000
     -3.96760      2.60962      0.00000      0.00000
     -3.95760      2.70722      0.00000      0.00000
     -3.94760      2.15207      0.00000      0.00000
     -3.93760      1.92302      0.00000      0.00000
     -3.92760      2.68748      0.00000      0.00000
     -3.91760      3.24680      0.00000      0.00000
     -3.90760      2.95911      0.00000      0.00000
     -3.89760      2.58363      0.00000      0.00000
     -3.88760      2.49141      0.00000      0.00000
     -3.87760      2.26578      0.00000      0.00000
     -3.86760      1.93931      0.00000      0.00000
     -3.85760      1.99163      0.00000      0.00000
     -3.84760      2.51698      0.00000      0.00000
     -3.83760      2.64265      0.00000      0.00000
     -3.82760      2.20879      0.00000      0.00000
     -3.81760      2.04994      0.00000      0.00000
     -3.80760      2.31466      0.00000      0.00000
     -3.79760      2.24258      0.00000      0.00000
     -3.78760      1.78889      0.00000      0.00000
     -3.77760      2.07681      0.00000      0.00000
     -3.76760      3.19117      0.00000      0.00000
     -3.75760      3.98473      0.00000      0.00000
     -3.74760      4.12649      0.00000      0.00000
     -3.73760      4.52961      0.00000      0.00000
     -3.72760      5.65582      0.00000      0.00000
     -3.71760      6.39872      0.00000      0.00000
     -3.70760      6.31249      0.00000      0.00000
     -3.69760      6.17296      0.00000      0.00000
     -3.68760      6.77294      0.00000      0.00000
     -3.67760      7.46846      0.00000      0.00000
     -3.66760      7.41512      0.00000      0.00000
     -3.65760      7.45774      0.00000      0.00000
     -3.64760      7.91440      0.00000      0.00000
     -3.63760      8.21752      0.00000      0.00000
     -3.62760      8.07210      0.00000      0.00000
     -3.61760      8.10226      0.00000      0.00000
     -3.60760      8.54914      0.00000      0.00000
     -3.59760      9.02176      0.00000      0.00000
     -3.58760      9.34609      0.00000      0.00000
     -3.57760     10.67629      0.00000      0.00000
     -3.56760     12.56481      0.00000      0.00000
     -3.55760     13.02852      0.00000      0.00000
     -3.54760     11.95182      0.00000      0.00000
     -3.53760     10.55649      0.00000      0.00000
     -3.52760      9.98928      0.00000      0.00000
     -3.51760     10.00193      0.00000      0.00000
     -3.50760      9.74093      0.00000      0.00000
     -3.49760      9.06009      0.00000      0.00000
     -3.48760      8.87633      0.00000      0.00000
     -3.47760      9.44667      0.00000      0.00000
     -3.46760     10.31087      0.00000      0.00000
     -3.45760     10.34291      0.00000      0.00000
     -3.44760      9.52068      0.00000      0.00000
     -3.43760      8.41663      0.00000      0.00000
     -3.42760      7.52083      0.00000      0.00000
     -3.41760      6.78696      0.00000      0.00000
     -3.40760      6.21768      0.00000      0.00000
     -3.39760      6.16492      0.00000      0.00000
     -3.38760      6.03543      0.00000      0.00000
     -3.37760      5.43274      0.00000      0.00000
     -3.36760      4.98748      0.00000      0.00000
     -3.35760      5.06405      0.00000      0.00000
     -3.34760      5.14229      0.00000      0.00000
     -3.33760      4.81856      0.00000      0.00000
     -3.32760      3.98794      0.00000      0.00000
     -3.31760      3.79995      0.00000      0.00000
     -3.30760      3.97514      0.00000      0.00000
     -3.29760      4.26727      0.00000      0.00000
     -3.28760      4.49863      0.00000      0.00000
     -3.27760      3.89113      0.00000      0.00000
     -3.26760      3.10259      0.00000      0.00000
     -3.25760      3.14552      0.00000      0.00000
     -3.24760      3.74568      0.00000      0.00000
     -3.23760      4.13517      0.00000      0.00000
     -3.22760      4.12462      0.00000      0.00000
     -3.21760      3.44508      0.00000      0.00000
     -3.20760      2.81335      0.00000      0.00000
     -3.19760      3.30918      0.00000      0.00000
     -3.18760      3.82019      0.00000      0.00000
     -3.17760      3.49911      0.00000      0.00000
     -3.16760      3.42079      0.00000      0.00000
     -3.15760      3.82202      0.00000      0.00000
     -3.14760      3.64021      0.00000      0.00000
     -3.13760      3.06679      0.00000      0.00000
     -3.12760      3.34981      0.00000      0.00000
     -3.11760      3.78114      0.00000      0.00000
     -3.10760      3.16401      0.00000      0.00000
     -3.09760      2.47700      0.00000      0.00000
     -3.08760      2.58960      0.00000      0.00000
     -3.07760      3.18808      0.00000      0.00000
     -3.06760      3.77339      0.00000      0.00000
     -3.05760      3.55729      0.00000      0.00000
     -3.04760      2.99179      0.00000      0.00000
     -3.03760      2.81843      0.00000      0.00000
     -3.02760      2.88507      0.00000      0.00000
     -3.01760      2.82039      0.00000      0.00000
     -3.00760      2.81852      0.00000      0.00000
     -2.99760      2.69698      0.00000      0.00000
     -2.98760      2.83398      0.00000      0.00000
     -2.97760      3.07004      0.00000      0.00000
     -2.96760      2.82398      0.00000      0.00000
     -2.95760      2.93129      0.00000      0.00000
     -2.94760      3.24752      0.00000      0.00000
     -2.93760      3.41506      0.00000      0.00000
     -2.92760      2.92931      0.00000      0.00000
     -2.91760      2.38015      0.00000      0.00000
     -2.90760      2.42849      0.00000      0.00000
     -2.89760      2.62298      0.00000      0.00000
     -2.88760      3.10123      0.00000      0.00000
     -2.87760      3.28714      0.00000      0.00000
     -2.86760      2.93925      0.00000      0.00000
     -2.85760      2.67559      0.00000      0.00000
     -2.84760      2.95715      0.00000      0.00000
     -2.83760      3.50268      0.00000      0.00000
     -2.82760      3.25870      0.00000      0.00000
     -2.81760      2.59566      0.00000      0.00000
     -2.80760      2.06363      0.00000      0.00000
     -2.79760      1.67726      0.00000      0.00000
     -2.78760      1.94685      0.00000      0.00000
     -2.77760      2.83164      0.00000      0.00000
     -2.76760      3.50472      0.00000      0.00000
     -2.75760      3.67315      0.00000      0.00000
     -2.74760      3.36958      0.00000      0.00000
     -2.73760      3.13229      0.00000      0.00000
     -2.72760      3.81008      0.00000      0.00000
     -2.71760      4.35159      0.00000      0.00000
     -2.70760      3.42528      0.00000      0.00000
     -2.69760      2.37104      0.00000      0.00000
     -2.68760      2.42556      0.00000      0.00000
     -2.67760      3.04836      0.00000      0.00000
     -2.66760      3.97694      0.00000      0.00000
     -2.65760      4.75858      0.00000      0.00000
     -2.64760      4.80444      0.00000      0.00000
     -2.63760      4.52447      0.00000      0.00000
     -2.62760      4.33959      0.00000      0.00000
     -2.61760      4.60744      0.00000      0.00000
     -2.60760      4.67601      0.00000      0.00000
     -2.59760      4.35766      0.00000      0.00000
     -2.58760      4.41323      0.00000      0.00000
     -2.57760      4.72964      0.00000      0.00000
     -2.56760      4.65417      0.00000      0.00000
     -2.55760      4.43604      0.00000      0.00000
     -2.54760      4.19857      0.00000      0.00000
     -2.53760      4.44696      0.00000      0.00000
     -2.52760      4.99063      0.00000      0.00000
     -2.51760      5.10955      0.00000      0.00000
     -2.50760      5.53221      0.00000      0.00000
     -2.49760      6.03288      0.00000      0.00000
     -2.48760      5.70831      0.00000      0.00000
     -2.47760      5.49478      0.00000      0.00000
     -2.46760      5.42446      0.00000      0.00000
     -2.45760      5.13200      0.00000      0.00000
     -2.44760      5.61585      0.00000      0.00000
     -2.43760      7.47667      0.00000      0.00000
     -2.42760      9.97805      0.00000      0.00000
     -2.41760     12.20065      0.00000      0.00000
     -2.40760     13.94205      0.00000      0.00000
     -2.39760     14.89849      0.00000      0.00000
     -2.38760     13.52682      0.00000      0.00000
     -2.37760     10.75693      0.00000      0.00000
     -2.36760      9.45262      0.00000      0.00000
     -2.35760      9.32141      0.00000      0.00000
     -2.34760      9.13285      0.00000      0.00000
     -2.33760      9.23307      0.00000      0.00000
     -2.32760      9.43222      0.00000      0.00000
     -2.31760      9.25466      0.00000      0.00000
     -2.30760      8.80740      0.00000      0.00000
     -2.29760      8.58526      0.00000      0.00000
     -2.28760      9.12357      0.00000      0.00000
     -2.27760      9.45954      0.00000      0.00000
     -2.26760      8.80526      0.00000      0.00000
     -2.25760      8.05024      0.00000      0.00000
     -2.24760      8.06217      0.00000      0.00000
     -2.23760      8.36040      0.00000      0.00000
     -2.22760      8.27185      0.00000      0.00000
     -2.21760      8.45098      0.00000      0.00000
     -2.20760      8.74745      0.00000      0.00000
     -2.19760      8.60343      0.00000      0.00000
     -2.18760      8.33285      0.00000      0.00000
     -2.17760      7.82665      0.00000      0.00000
     -2.16760      7.06024      0.00000      0.00000
     -2.15760      6.96272      0.00000      0.00000
     -2.14760      7.66348      0.00000      0.00000
     -2.13760      7.49373      0.00000      0.00000
     -2.12760      6.20139      0.00000      0.00000
     -2.11760      5.23600      0.00000      0.00000
     -2.10760      5.29623      0.00000      0.00000
     -2.09760      5.80698      0.00000      0.00000
     -2.08760      6.37829      0.00000      0.00000
     -2.07760      6.65055      0.00000      0.00000
     -2.06760      6.40016      0.00000      0.00000
     -2.05760      6.16477      0.00000      0.00000
     -2.04760      6.40918      0.00000      0.00000
     -2.03760      6.53259      0.00000      0.00000
     -2.02760      5.88340      0.00000      0.00000
     -2.01760      5.38043      0.00000      0.00000
     -2.00760      5.42765      0.00000      0.00000
     -1.99760      5.04183      0.00000      0.00000
     -1.98760      4.65091      0.00000      0.00000
     -1.97760      4.73415      0.00000      0.00000
     -1.96760      4.55188      0.00000      0.00000
     -1.95760      4.06058      0.00000      0.00000
     -1.94760      3.95921      0.00000      0.00000
     -1.93760      3.80247      0.00000      0.00000
     -1.92760      3.63922      0.00000      0.00000
     -1.91760      4.15042      0.00000      0.00000
     -1.90760      5.08021      0.00000      0.00000
     -1.89760      5.79881      0.00000      0.00000
     -1.88760      5.88070      0.00000      0.00000
     -1.87760      5.52289      0.00000      0.00000
     -1.86760      5.30210      0.00000      0.00000
     -1.85760      5.44024      0.00000      0.00000
     -1.84760      5.41594      0.00000      0.00000
     -1.83760      5.01967      0.00000      0.00000
     -1.82760      4.63599      0.00000      0.00000
     -1.81760      4.52246      0.00000      0.00000
     -1.80760      4.48662      0.00000      0.00000
     -1.79760      4.61572      0.00000      0.00000
     -1.78760      5.04394      0.00000      0.00000
     -1.77760      5.49333      0.00000      0.00000
     -1.76760      5.56816      0.00000      0.00000
     -1.75760      5.19244      0.00000      0.00000
     -1.74760      4.55141      0.00000      0.00000
     -1.73760      3.88411      0.00000      0.00000
     -1.72760      3.65745      0.00000      0.00000
     -1.71760      4.06350      0.00000      0.00000
     -1.70760      4.54103      0.00000      0.00000
     -1.69760      4.86323      0.00000      0.00000
     -1.68760      5.12960      0.00000      0.00000
     -1.67760      5.21832      0.00000      0.00000
     -1.66760      4.97929      0.00000      0.00000
     -1.65760      4.76483      0.00000      0.00000
     -1.64760      4.91958      0.00000      0.00000
     -1.63760      5.04701      0.00000      0.00000
     -1.62760      4.81823      0.00000      0.00000
     -1.61760      4.54549      0.00000      0.00000
     -1.60760      4.89050      0.00000      0.00000
     -1.59760      5.69497      0.00000      0.00000
     -1.58760      5.98497      0.00000      0.00000
     -1.57760      6.46874      0.00000      0.00000
     -1.56760      7.20178      0.00000      0.00000
     -1.55760      6.93771      0.00000      0.00000
     -1.54760      6.10836      0.00000      0.00000
     -1.53760      5.71925      0.00000      0.00000
     -1.52760      5.60365      0.00000      0.00000
     -1.51760      5.59091      0.00000      0.00000
     -1.50760      5.49929      0.00000      0.00000
     -1.49760      5.20433      0.00000      0.00000
     -1.48760      4.84366      0.00000      0.00000
     -1.47760      4.58287      0.00000      0.00000
     -1.46760      4.24006      0.00000      0.00000
     -1.45760      3.60637      0.00000      0.00000
     -1.44760      3.10012      0.00000      0.00000
     -1.43760      2.69190      0.00000      0.00000
     -1.42760      1.84289      0.00000      0.00000
     -1.41760      1.16149      0.00000      0.00000
     -1.40760      1.15113      0.00000      0.00000
     -1.39760      1.15828      0.00000      0.00000
     -1.38760      0.98655      0.00000      0.00000
     -1.37760      0.86635      0.00000      0.00000
     -1.36760      0.59336      0.00000      0.00000
     -1.35760      0.21176      0.00000      0.00000
     -1.34760      0.03254      0.00000      0.00000
     -1.33760      0.00200      0.00000      0.00000
     -1.32760      0.00005      0.00000      0.00000
     -1.31760      0.00000      0.00000      0.00000
     -1.30760      0.00000      0.00000      0.00000
     -1.29760      0.00000      0.00000      0.00000
     -1.28760      0.00000      0.00000      0.00000
     -1.27760      0.00000      0.00000      0.00000
     -1.26760      0.00000      0.00000      0.00000
     -1.25760      0.00000      0.00000      0.00000
     -1.24760      0.00000      0.00000      0.00000
     -1.23760      0.00000      0.00000      0.00000
     -1.22760      0.00000      0.00000      0.00000
     -1.21760      0.00000      0.00000      0.00000
     -1.20760      0.00000      0.00000      0.00000
     -1.19760      0.00000      0.00000      0.00000
     -1.18760      0.00000      0.00000      0.00000
     -1.17760      0.00000      0.00000      0.00000
     -1.16760      0.00000      0.00000      0.00000
     -1.15760      0.00001      0.00000      0.00000
     -1.14760      0.00068      0.00000      0.00000
     -1.13760      0.01759      0.00000      0.00000
     -1.12760      0.18173      0.00000      0.00000
     -1.11760      0.79629      0.00000      0.00000
     -1.10760      1.71123      0.00000      0.00000
     -1.09760      2.38976      0.00000      0.00000
     -1.08760      2.72584      0.00000      0.00000
     -1.07760      2.76997      0.00000      0.00000
     -1.06760      2.86734      0.00000      0.00000
     -1.05760      3.18083      0.00000      0.00000
     -1.04760      3.54627      0.00000      0.00000
     -1.03760      3.60046      0.00000      0.00000
     -1.02760      3.57728      0.00000      0.00000
     -1.01760      4.07508      0.00000      0.00000
     -1.00760      4.66900      0.00000      0.00000
     -0.99760      5.04789      0.00000      0.00000
     -0.98760      5.49507      0.00000      0.00000
     -0.97760      6.43234      0.00000      0.00000
     -0.96760      7.34018      0.00000      0.00000
     -0.95760      7.05782      0.00000      0.00000
     -0.94760      6.55163      0.00000      0.00000
     -0.93760      6.46220      0.00000      0.00000
     -0.92760      6.33792      0.00000      0.00000
     -0.91760      6.35989      0.00000      0.00000
     -0.90760      6.92055      0.00000      0.00000
     -0.89760      7.91410      0.00000      0.00000
     -0.88760      8.49204      0.00000      0.00000
     -0.87760      8.31882      0.00000      0.00000
     -0.86760      7.47473      0.00000      0.00000
     -0.85760      6.98491      0.00000      0.00000
     -0.84760      7.11131      0.00000      0.00000
     -0.83760      6.35306      0.00000      0.00000
     -0.82760      5.53558      0.00000      0.00000
     -0.81760      5.53524      0.00000      0.00000
     -0.80760      5.55950      0.00000      0.00000
     -0.79760      5.33033      0.00000      0.00000
     -0.78760      5.39519      0.00000      0.00000
     -0.77760      5.49634      0.00000      0.00000
     -0.76760      4.69347      0.00000      0.00000
     -0.75760      4.40119      0.00000      0.00000
     -0.74760      5.07322      0.00000      0.00000
     -0.73760      5.00677      0.00000      0.00000
     -0.72760      4.30636      0.00000      0.00000
     -0.71760      4.47085      0.00000      0.00000
     -0.70760      4.88698      0.00000      0.00000
     -0.69760      4.31227      0.00000      0.00000
     -0.68760      4.08180      0.00000      0.00000
     -0.67760      4.68856      0.00000      0.00000
     -0.66760      4.37749      0.00000      0.00000
     -0.65760      3.59145      0.00000      0.00000
     -0.64760      3.84809      0.00000      0.00000
     -0.63760      4.59028      0.00000      0.00000
     -0.62760      4.43658      0.00000      0.00000
     -0.61760      3.62315      0.00000      0.00000
     -0.60760      3.72759      0.00000      0.00000
     -0.59760      4.20516      0.00000      0.00000
     -0.58760      3.84725      0.00000      0.00000
     -0.57760      3.47448      0.00000      0.00000
     -0.56760      3.52255      0.00000      0.00000
     -0.55760      3.83209      0.00000      0.00000
     -0.54760      3.85489      0.00000      0.00000
     -0.53760      3.48327      0.00000      0.00000
     -0.52760      3.45161      0.00000      0.00000
     -0.51760      3.75460      0.00000      0.00000
     -0.50760      3.50454      0.00000      0.00000
     -0.49760      3.09238      0.00000      0.00000
     -0.48760      3.23670      0.00000      0.00000
     -0.47760      3.45051      0.00000      0.00000
     -0.46760      3.38000      0.00000      0.00000
     -0.45760      3.11048      0.00000      0.00000
     -0.44760      3.02578      0.00000      0.00000
     -0.43760      3.13752      0.00000      0.00000
     -0.42760      3.32222      0.00000      0.00000
     -0.41760      3.38026      0.00000      0.00000
     -0.40760      3.02946      0.00000      0.00000
     -0.39760      2.59521      0.00000      0.00000
     -0.38760      2.79081      0.00000      0.00000
     -0.37760      3.14512      0.00000      0.00000
     -0.36760      3.00774      0.00000      0.00000
     -0.35760      2.82495      0.00000      0.00000
     -0.34760      2.87279      0.00000      0.00000
     -0.33760      2.94617      0.00000      0.00000
     -0.32760      2.89510      0.00000      0.00000
     -0.31760      2.79371      0.00000      0.00000
     -0.30760      2.87038      0.00000      0.00000
     -0.29760      2.84292      0.00000      0.00000
     -0.28760      2.66186      0.00000      0.00000
     -0.27760      2.73095      0.00000      0.00000
     -0.26760      2.81724      0.00000      0.00000
     -0.25760      2.72766      0.00000      0.00000
     -0.24760      2.95661      0.00000      0.00000
     -0.23760      3.09087      0.00000      0.00000
     -0.22760      2.80143      0.00000      0.00000
     -0.21760      2.56430      0.00000      0.00000
     -0.20760      2.59456      0.00000      0.00000
     -0.19760      2.58898      0.00000      0.00000
     -0.18760      2.20020      0.00000      0.00000
     -0.17760      1.42021      0.00000      0.00000
     -0.16760      0.97573      0.00000      0.00000
     -0.15760      0.86868      0.00000      0.00000
     -0.14760      0.58877      0.00000      0.00000
     -0.13760      0.40527      0.00000      0.00000
     -0.12760      0.49126      0.00000      0.00000
     -0.11760      0.48832      0.00000      0.00000
     -0.10760      0.38581      0.00000      0.00000
     -0.09760      0.42561      0.00000      0.00000
     -0.08760      0.53451      0.00000      0.00000
     -0.07760      0.50091      0.00000      0.00000
     -0.06760      0.37783      0.00000      0.00000
     -0.05760      0.35532      0.00000      0.00000
     -0.04760      0.37550      0.00000      0.00000
     -0.03760      0.42592      0.00000      0.00000
     -0.02760      0.42073      0.00000      0.00000
     -0.01760      0.33560      0.00000      0.00000
     -0.00760      0.27758      0.00000      0.00000
      0.00240      0.15470      0.00000      0.00000
      0.01240      0.03979      0.00000      0.00000
      0.02240      0.00416      0.00000      0.00000
      0.03240      0.00017      0.00000      0.00000
      0.04240      0.00000      0.00000      0.00000
      0.05240      0.00000      0.00000      0.00000
      0.06240      0.00000      0.00000      0.00000
      0.07240      0.00000      0.00000      0.00000
      0.08240      0.00000      0.00000      0.00000
      0.09240      0.00000      0.00000      0.00000
      0.10240      0.00000      0.00000      0.00000
      0.11240      0.00000      0.00000      0.00000
      0.12240      0.00000      0.00000      0.00000
      0.13240      0.00000      0.00000      0.00000
      0.14240      0.00000      0.00000      0.00000
      0.15240      0.00000      0.00000      0.00000
      0.16240      0.00000      0.00000      0.00000
      0.17240      0.00000      0.00000      0.00000
      0.18240      0.00000      0.00000      0.00000
      0.19240      0.00000      0.00000      0.00000
      0.20240      0.00000      0.00000      0.00000
      0.21240      0.00000      0.00000      0.00000
      0.22240      0.00000      0.00000      0.00000
      0.23240      0.00000      0.00000      0.00000
      0.24240      0.00000      0.00000      0.00000
      0.25240      0.00000      0.00000      0.00000
      0.26240      0.00000      0.00000      0.00000
      0.27240      0.00000      0.00000      0.00000
      0.28240      0.00000      0.00000      0.00000
      0.29240      0.00000      0.00000      0.00000
      0.30240      0.00000      0.00000      0.00000
      0.31240      0.00000      0.00000      0.00000
      0.32240      0.00000      0.00000      0.00000
      0.33240      0.00000      0.00000      0.00000
      0.34240      0.00000      0.00000      0.00000
      0.35240      0.00000      0.00000      0.00000
      0.36240      0.00000      0.00000      0.00000
      0.37240      0.00000      0.00000      0.00000
      0.38240      0.00000      0.00000      0.00000
      0.39240      0.00000      0.00000      0.00000
      0.40240      0.00000      0.00000      0.00000
      0.41240      0.00000      0.00000      0.00000
      0.42240      0.00000      0.00000      0.00000
      0.43240      0.00000      0.00000      0.00000
      0.44240      0.00000      0.00000      0.00000
      0.45240      0.00000      0.00000      0.00000
      0.46240      0.00000      0.00000      0.00000
      0.47240      0.00000      0.00000      0.00000
      0.48240      0.00000      0.00000      0.00000
      0.49240      0.00000      0.00000      0.00000
      0.50240      0.00000      0.00000      0.00000
      0.51240      0.00000      0.00000      0.00000
      0.52240      0.00000      0.00000      0.00000
      0.53240      0.00000      0.00000      0.00000
      0.54240      0.00000      0.00000      0.00000
      0.55240      0.00000      0.00000      0.00000
      0.56240      0.00000      0.00000      0.00000
      0.57240      0.00000      0.00000      0.00000
      0.58240      0.00000      0.00000      0.00000
      0.59240      0.00000      0.00000      0.00000
      0.60240      0.00000      0.00000      0.00000
      0.61240      0.00000      0.00000      0.00000
      0.62240      0.00000      0.00000      0.00000
      0.63240      0.00000      0.00000      0.00000
      0.64240      0.00000      0.00000      0.00000
      0.65240      0.00000      0.00000      0.00000
      0.66240      0.00000      0.00000      0.00000
      0.67240      0.00000      0.00000      0.00000
      0.68240      0.00000      0.00000      0.00000
      0.69240      0.00000      0.00000      0.00000
      0.70240      0.00000      0.00000      0.00000
      0.71240      0.00000      0.00000      0.00000
      0.72240      0.00000      0.00000      0.00000
      0.73240      0.00000      0.00000      0.00000
      0.74240      0.00000      0.00000      0.00000
      0.75240      0.00000      0.00000      0.00000
      0.76240      0.00000      0.00000      0.00000
      0.77240      0.00000      0.00000      0.00000
      0.78240      0.00000      0.00000      0.00000
      0.79240      0.00000      0.00000      0.00000
      0.80240      0.00000      0.00000      0.00000
      0.81240      0.00000      0.00000      0.00000
      0.82240      0.00000      0.00000      0.00000
      0.83240      0.00000      0.00000      0.00000
      0.84240      0.00000      0.00000      0.00000
      0.85240      0.00000      0.00000      0.00000
      0.86240      0.00000      0.00000      0.00000
      0.87240      0.00000      0.00000      0.00000
      0.88240      0.00000      0.00000      0.00000
      0.89240      0.00000      0.00000      0.00000
      0.90240      0.00000      0.00000      0.00000
      0.91240      0.00000      0.00000      0.00000
      0.92240      0.00000      0.00000      0.00000
      0.93240      0.00000      0.00000      0.00000
      0.94240      0.00000      0.00000      0.00000
      0.95240      0.00000      0.00000      0.00000
      0.96240      0.00000      0.00000      0.00000
      0.97240      0.00000      0.00000      0.00000
      0.98240      0.00000      0.00000      0.00000
      0.99240      0.00000      0.00000      0.00000
      1.00240      0.00000      0.00000      0.00000
      1.01240      0.00000      0.00000      0.00000
      1.02240      0.00000      0.00000      0.00000
      1.03240      0.00000      0.00000      0.00000
      1.04240      0.00000      0.00000      0.00000
      1.05240      0.00000      0.00000      0.00000
      1.06240      0.00000      0.00000      0.00000
      1.07240      0.00000      0.00000      0.00000
      1.08240      0.00000      0.00000      0.00000
      1.09240      0.00000      0.00000      0.00000
      1.10240      0.00000      0.00000      0.00000
      1.11240      0.00000      0.00000      0.00000
      1.12240      0.00000      0.00000      0.00000
      1.13240      0.00000      0.00000      0.00000
      1.14240      0.00000      0.00000      0.00000
      1.15240      0.00000      0.00000      0.00000
      1.16240      0.00000      0.00000      0.00000
      1.17240      0.00000      0.00000      0.00000
      1.18240      0.00000      0.00000      0.00000
      1.19240      0.00000      0.00000      0.00000
      1.20240      0.00000      0.00000      0.00000
      1.21240      0.00000      0.00000      0.00000
      1.22240      0.00000      0.00000      0.00000
      1.23240      0.00000      0.00000      0.00000
      1.24240      0.00000      0.00000      0.00000
      1.25240      0.00000      0.00000      0.00000
      1.26240      0.00000      0.00000      0.00000
      1.27240      0.00000      0.00000      0.00000
      1.28240      0.00000      0.00000      0.00000
      1.29240      0.00000      0.00000      0.00000
      1.30240      0.00000      0.00000      0.00000
      1.31240      0.00000      0.00000      0.00000
      1.32240      0.00000      0.00000      0.00000
      1.33240      0.00000      0.00000      0.00000
      1.34240      0.00000      0.00000      0.00000
      1.35240      0.00000      0.00000      0.00000
      1.36240      0.00000      0.00000      0.00000
      1.37240      0.00000      0.00000      0.00000
      1.38240      0.00000      0.00000      0.00000
      1.39240      0.00000      0.00000      0.00000
      1.40240      0.00000      0.00000      0.00000
      1.41240      0.00000      0.00000      0.00000
      1.42240      0.00000      0.00000      0.00000
      1.43240      0.00000      0.00000      0.00000
      1.44240      0.00000      0.00000      0.00000
      1.45240      0.00000      0.00000      0.00000
      1.46240      0.00000      0.00000      0.00000
      1.47240      0.00000      0.00000      0.00000
      1.48240      0.00000      0.00000      0.00000
      1.49240      0.00000      0.00000      0.00000
      1.50240      0.00000      0.00000      0.00000
      1.51240      0.00000      0.00000      0.00000
      1.52240      0.00000      0.00000      0.00000
      1.53240      0.00000      0.00000      0.00000
      1.54240      0.00000      0.00000      0.00000
      1.55240      0.00000      0.00000      0.00000
      1.56240      0.00000      0.00000      0.00000
      1.57240      0.00000      0.00000      0.00000
      1.58240      0.00000      0.00000      0.00000
      1.59240      0.00000      0.00000      0.00000
      1.60240      0.00000      0.00000      0.00000
      1.61240      0.00000      0.00000      0.00000
      1.62240      0.00000      0.00000      0.00000
      1.63240      0.00000      0.00000      0.00000
      1.64240      0.00000      0.00000      0.00000
      1.65240      0.00000      0.00000      0.00000
      1.66240      0.00000      0.00000      0.00000
      1.67240      0.00000      0.00000      0.00000
      1.68240      0.00000      0.00000      0.00000
      1.69240      0.00000      0.00000      0.00000
      1.70240      0.00000      0.00000      0.00000
      1.71240      0.00000      0.00000      0.00000
      1.72240      0.00000      0.00000      0.00000
      1.73240      0.00000      0.00000      0.00000
      1.74240      0.00000      0.00000      0.00000
      1.75240      0.00000      0.00000      0.00000
      1.76240      0.00000      0.00000      0.00000
      1.77240      0.00000      0.00000      0.00000
      1.78240      0.00000      0.00000      0.00000
      1.79240      0.00000      0.00000      0.00000
      1.80240      0.00000      0.00000      0.00000
      1.81240      0.00000      0.00000      0.00000
      1.82240      0.00000      0.00000      0.00000
      1.83240      0.00000      0.00000      0.00000
      1.84240      0.00000      0.00000      0.00000
      1.85240      0.00000      0.00000      0.00000
      1.86240      0.00000      0.00000      0.00000
      1.87240      0.00000      0.00000      0.00000
      1.88240      0.00000      0.00000      0.00000
      1.89240      0.00000      0.00000      0.00000
      1.90240      0.00000      0.00000      0.00000
      1.91240      0.00000      0.00000      0.00000
      1.92240      0.00000      0.00000      0.00000
      1.93240      0.00000      0.00000      0.00000
      1.94240      0.00000      0.00000      0.00000
      1.95240      0.00000      0.00000      0.00000
      1.96240      0.00000      0.00000      0.00000
      1.97240      0.00000      0.00000      0.00000
      1.98240      0.00000      0.00000      0.00000
      1.99240      0.00000      0.00000      0.00000
      2.00240      0.00000      0.00000      0.00000
      2.01240      0.00000      0.00000      0.00000
      2.02240      0.00000      0.00000      0.00000
      2.03240      0.00000      0.00000      0.00000
      2.04240      0.00000      0.00000      0.00000
      2.05240      0.00000      0.00000      0.00000
      2.06240      0.00000      0.00000      0.00000
      2.07240      0.00000      0.00000      0.00000
      2.08240      0.00000      0.00000      0.00000
      2.09240      0.00000      0.00000      0.00000
      2.10240      0.00000      0.00000      0.00000
      2.11240      0.00000      0.00000      0.00000
      2.12240      0.00000      0.00000      0.00000
      2.13240      0.00000      0.00000      0.00000
      2.14240      0.00000      0.00000      0.00000
      2.15240      0.00000      0.00000      0.00000
      2.16240      0.00000      0.00000      0.00000
      2.17240      0.00000      0.00000      0.00000
      2.18240      0.00000      0.00000      0.00000
      2.19240      0.00000      0.00000      0.00000
      2.20240      0.00000      0.00000      0.00000
      2.21240      0.00000      0.00000      0.00000
      2.22240      0.00000      0.00000      0.00000
      2.23240      0.00000      0.00000      0.00000
      2.24240      0.00000      0.00000      0.00000
      2.25240      0.00000      0.00000      0.00000
      2.26240      0.00000      0.00000      0.00000
      2.27240      0.00000      0.00000      0.00000
      2.28240      0.00000      0.00000      0.00000
      2.29240      0.00000      0.00000      0.00000
      2.30240      0.00004      0.00000      0.00000
      2.31240      0.00168      0.00000      0.00000
      2.32240      0.02577      0.00000      0.00000
      2.33240      0.16031      0.00000      0.00000
      2.34240      0.43611      0.00000      0.00000
      2.35240      0.63773      0.00000      0.00000
      2.36240      0.79442      0.00000      0.00000
      2.37240      0.91211      0.00000      0.00000
      2.38240      0.83008      0.00000      0.00000
      2.39240      0.75447      0.00000      0.00000
      2.40240      0.76148      0.00000      0.00000
      2.41240      1.01263      0.00000      0.00000
      2.42240      1.10209      0.00000      0.00000
      2.43240      0.91669      0.00000      0.00000
      2.44240      0.83620      0.00000      0.00000
      2.45240      0.88548      0.00000      0.00000
      2.46240      0.97549      0.00000      0.00000
      2.47240      1.10967      0.00000      0.00000
      2.48240      1.23032      0.00000      0.00000
      2.49240      1.33371      0.00000      0.00000
      2.50240      1.76562      0.00000      0.00000
      2.51240      2.55579      0.00000      0.00000
      2.52240      3.03349      0.00000      0.00000
      2.53240      3.21056      0.00000      0.00000
      2.54240      3.52032      0.00000      0.00000
      2.55240      3.61092      0.00000      0.00000
      2.56240      3.68312      0.00000      0.00000
      2.57240      4.40475      0.00000      0.00000
      2.58240      5.46223      0.00000      0.00000
      2.59240      6.02978      0.00000      0.00000
      2.60240      6.24845      0.00000      0.00000
      2.61240      6.39478      0.00000      0.00000
      2.62240      6.61070      0.00000      0.00000
      2.63240      7.00963      0.00000      0.00000
      2.64240      7.28869      0.00000      0.00000
      2.65240      7.29947      0.00000      0.00000
      2.66240      7.57338      0.00000      0.00000
      2.67240      8.18954      0.00000      0.00000
      2.68240      8.31242      0.00000      0.00000
      2.69240      8.71044      0.00000      0.00000
      2.70240      9.69942      0.00000      0.00000
      2.71240     10.63859      0.00000      0.00000
      2.72240     11.21721      0.00000      0.00000
      2.73240     12.39889      0.00000      0.00000
      2.74240     14.30098      0.00000      0.00000
      2.75240     15.11058      0.00000      0.00000
      2.76240     14.69797      0.00000      0.00000
      2.77240     13.35331      0.00000      0.00000
      2.78240     11.99218      0.00000      0.00000
      2.79240     11.75711      0.00000      0.00000
      2.80240     12.30247      0.00000      0.00000
      2.81240     13.38704      0.00000      0.00000
      2.82240     14.03669      0.00000      0.00000
      2.83240     13.64136      0.00000      0.00000
      2.84240     12.94470      0.00000      0.00000
      2.85240     11.80065      0.00000      0.00000
      2.86240     10.55655      0.00000      0.00000
      2.87240      9.37156      0.00000      0.00000
      2.88240      8.09474      0.00000      0.00000
      2.89240      6.52899      0.00000      0.00000
      2.90240      4.70520      0.00000      0.00000
      2.91240      3.76038      0.00000      0.00000
      2.92240      3.64011      0.00000      0.00000
      2.93240      3.81118      0.00000      0.00000
      2.94240      4.22014      0.00000      0.00000
      2.95240      4.45866      0.00000      0.00000
      2.96240      4.62834      0.00000      0.00000
      2.97240      5.32430      0.00000      0.00000
      2.98240      6.03128      0.00000      0.00000
      2.99240      6.69313      0.00000      0.00000
      3.00240      7.58022      0.00000      0.00000
      3.01240      8.56317      0.00000      0.00000
      3.02240     10.05853      0.00000      0.00000
      3.03240     11.52504      0.00000      0.00000
      3.04240     12.22609      0.00000      0.00000
      3.05240     11.52960      0.00000      0.00000
      3.06240     10.23419      0.00000      0.00000
      3.07240      9.46366      0.00000      0.00000
      3.08240      9.18075      0.00000      0.00000
      3.09240      9.07749      0.00000      0.00000
      3.10240      8.79951      0.00000      0.00000
      3.11240      8.40231      0.00000      0.00000
      3.12240      8.01983      0.00000      0.00000
      3.13240      7.78195      0.00000      0.00000
      3.14240      7.89182      0.00000      0.00000
      3.15240      8.18942      0.00000      0.00000
      3.16240      8.00476      0.00000      0.00000
      3.17240      7.92230      0.00000      0.00000
      3.18240      8.35622      0.00000      0.00000
      3.19240      8.67976      0.00000      0.00000
      3.20240      8.96599      0.00000      0.00000
      3.21240      8.90967      0.00000      0.00000
      3.22240      8.72051      0.00000      0.00000
      3.23240      8.89849      0.00000      0.00000
      3.24240      9.36524      0.00000      0.00000
      3.25240      9.49458      0.00000      0.00000
      3.26240     10.79582      0.00000      0.00000
      3.27240     12.59376      0.00000      0.00000
      3.28240     12.44345      0.00000      0.00000
      3.29240     11.58466      0.00000      0.00000
      3.30240     11.44089      0.00000      0.00000
      3.31240     11.43159      0.00000      0.00000
      3.32240     10.24605      0.00000      0.00000
      3.33240      8.48975      0.00000      0.00000
      3.34240      7.92103      0.00000      0.00000
      3.35240      7.68885      0.00000      0.00000
      3.36240      7.45722      0.00000      0.00000
      3.37240      7.74710      0.00000      0.00000
      3.38240      7.90763      0.00000      0.00000
      3.39240      7.83709      0.00000      0.00000
      3.40240      7.68834      0.00000      0.00000
      3.41240      6.79742      0.00000      0.00000
      3.42240      5.59477      0.00000      0.00000
      3.43240      5.34089      0.00000      0.00000
      3.44240      5.85630      0.00000      0.00000
      3.45240      6.02159      0.00000      0.00000
      3.46240      5.86635      0.00000      0.00000
      3.47240      5.78604      0.00000      0.00000
      3.48240      6.01350      0.00000      0.00000
      3.49240      5.89125      0.00000      0.00000
      3.50240      4.89318      0.00000      0.00000
      3.51240      4.09385      0.00000      0.00000
      3.52240      3.93623      0.00000      0.00000
      3.53240      4.39186      0.00000      0.00000
      3.54240      5.24760      0.00000      0.00000
      3.55240      5.45373      0.00000      0.00000
      3.56240      4.67992      0.00000      0.00000
      3.57240      4.06588      0.00000      0.00000
      3.58240      4.56632      0.00000      0.00000
      3.59240      5.39292      0.00000      0.00000
      3.60240      4.85090      0.00000      0.00000
      3.61240      3.89018      0.00000      0.00000
      3.62240      3.81484      0.00000      0.00000
      3.63240      3.93360      0.00000      0.00000
      3.64240      4.43455      0.00000      0.00000
      3.65240      5.07486      0.00000      0.00000
      3.66240      4.54017      0.00000      0.00000
      3.67240      3.73197      0.00000      0.00000
      3.68240      3.56944      0.00000      0.00000
      3.69240      4.40686      0.00000      0.00000
      3.70240      5.73006      0.00000      0.00000
      3.71240      6.38008      0.00000      0.00000
      3.72240      6.76183      0.00000      0.00000
      3.73240      7.17992      0.00000      0.00000
      3.74240      7.23334      0.00000      0.00000
      3.75240      6.95005      0.00000      0.00000
      3.76240      6.61184      0.00000      0.00000
      3.77240      6.39443      0.00000      0.00000
      3.78240      6.04504      0.00000      0.00000
      3.79240      5.60913      0.00000      0.00000
      3.80240      6.18919      0.00000      0.00000
      3.81240      7.75234      0.00000      0.00000
      3.82240      8.27219      0.00000      0.00000
      3.83240      6.97554      0.00000      0.00000
      3.84240      5.69323      0.00000      0.00000
      3.85240      5.53877      0.00000      0.00000
      3.86240      6.29912      0.00000      0.00000
      3.87240      6.72129      0.00000      0.00000
      3.88240      6.04098      0.00000      0.00000
      3.89240      5.21004      0.00000      0.00000
      3.90240      4.71372      0.00000      0.00000
      3.91240      4.90442      0.00000      0.00000
      3.92240      5.61012      0.00000      0.00000
      3.93240      5.54616      0.00000      0.00000
      3.94240      4.60278      0.00000      0.00000
      3.95240      3.79505      0.00000      0.00000
      3.96240      3.72622      0.00000      0.00000
      3.97240      4.37166      0.00000      0.00000
      3.98240      4.80757      0.00000      0.00000
      3.99240      4.29990      0.00000      0.00000
      4.00240      3.50370      0.00000      0.00000
      4.01240      3.22926      0.00000      0.00000
      4.02240      3.79666      0.00000      0.00000
      4.03240      4.29093      0.00000      0.00000
      4.04240      4.02791      0.00000      0.00000
      4.05240      3.62151      0.00000      0.00000
      4.06240      3.33824      0.00000      0.00000
      4.07240      3.30472      0.00000      0.00000
      4.08240      3.75460      0.00000      0.00000
      4.09240      3.82044      0.00000      0.00000
      4.10240      3.15317      0.00000      0.00000
      4.11240      2.50735      0.00000      0.00000
      4.12240      2.60246      0.00000      0.00000
      4.13240      3.23917      0.00000      0.00000
      4.14240      3.52426      0.00000      0.00000
      4.15240      3.27447      0.00000      0.00000
      4.16240      2.90270      0.00000      0.00000
      4.17240      2.71640      0.00000      0.00000
      4.18240      3.12063      0.00000      0.00000
      4.19240      3.71068      0.00000      0.00000
      4.20240      3.56573      0.00000      0.00000
      4.21240      2.77478      0.00000      0.00000
      4.22240      2.25015      0.00000      0.00000
      4.23240      2.69764      0.00000      0.00000
      4.24240      3.54392      0.00000      0.00000
      4.25240      3.36193      0.00000      0.00000
      4.26240      2.80010      0.00000      0.00000
      4.27240      2.51463      0.00000      0.00000
      4.28240      2.73580      0.00000      0.00000
      4.29240      3.65627      0.00000      0.00000
      4.30240      3.89553      0.00000      0.00000
      4.31240      2.84271      0.00000      0.00000
      4.32240      2.17476      0.00000      0.00000
      4.33240      2.71350      0.00000      0.00000
      4.34240      3.53969      0.00000      0.00000
      4.35240      3.70919      0.00000      0.00000
      4.36240      2.92379      0.00000      0.00000
      4.37240      2.27271      0.00000      0.00000
      4.38240      2.65162      0.00000      0.00000
      4.39240      3.44172      0.00000      0.00000
      4.40240      3.60932      0.00000      0.00000
      4.41240      3.27825      0.00000      0.00000
      4.42240      3.17989      0.00000      0.00000
      4.43240      3.25124      0.00000      0.00000
      4.44240      3.24165      0.00000      0.00000
      4.45240      3.12275      0.00000      0.00000
      4.46240      3.11789      0.00000      0.00000
      4.47240      3.29877      0.00000      0.00000
      4.48240      3.39964      0.00000      0.00000
      4.49240      3.26738      0.00000      0.00000
      4.50240      3.74317      0.00000      0.00000
      4.51240      4.21487      0.00000      0.00000
      4.52240      3.77408      0.00000      0.00000
      4.53240      3.64055      0.00000      0.00000
      4.54240      4.44075      0.00000      0.00000
      4.55240      5.14540      0.00000      0.00000
      4.56240      4.69752      0.00000      0.00000
      4.57240      3.78434      0.00000      0.00000
      4.58240      3.25106      0.00000      0.00000
      4.59240      3.01945      0.00000      0.00000
      4.60240      2.90124      0.00000      0.00000
      4.61240      2.72310      0.00000      0.00000
      4.62240      2.44432      0.00000      0.00000
      4.63240      2.41062      0.00000      0.00000
      4.64240      2.73643      0.00000      0.00000
      4.65240      2.62776      0.00000      0.00000
      4.66240      2.26054      0.00000      0.00000
      4.67240      2.38356      0.00000      0.00000
      4.68240      2.82473      0.00000      0.00000
      4.69240      3.23056      0.00000      0.00000
      4.70240      3.15822      0.00000      0.00000
      4.71240      3.11672      0.00000      0.00000
      4.72240      3.80886      0.00000      0.00000
      4.73240      4.58584      0.00000      0.00000
      4.74240      4.93754      0.00000      0.00000
      4.75240      5.26660      0.00000      0.00000
      4.76240      5.82882      0.00000      0.00000
      4.77240      6.71312      0.00000      0.00000
      4.78240      7.81376      0.00000      0.00000
      4.79240      8.96458      0.00000      0.00000
      4.80240     10.00027      0.00000      0.00000
      4.81240     10.62133      0.00000      0.00000
      4.82240     10.36874      0.00000      0.00000
      4.83240      9.38033      0.00000      0.00000
      4.84240      8.32356      0.00000      0.00000
      4.85240      7.40457      0.00000      0.00000
      4.86240      6.44136      0.00000      0.00000
      4.87240      5.31103      0.00000      0.00000
      4.88240      4.58133      0.00000      0.00000
      4.89240      4.48956      0.00000      0.00000
      4.90240      4.52623      0.00000      0.00000
      4.91240      4.31474      0.00000      0.00000
      4.92240      4.02507      0.00000      0.00000
      4.93240      4.18787      0.00000      0.00000
      4.94240      4.38531      0.00000      0.00000
      4.95240      4.01180      0.00000      0.00000
      4.96240      3.64948      0.00000      0.00000
      4.97240      3.62267      0.00000      0.00000
      4.98240      3.80943      0.00000      0.00000
      4.99240      3.97182      0.00000      0.00000
      5.00240      3.87061      0.00000      0.00000
      5.01240      3.55827      0.00000      0.00000
      5.02240      3.60519      0.00000      0.00000
      5.03240      3.60342      0.00000      0.00000
      5.04240      3.04757      0.00000      0.00000
      5.05240      2.85960      0.00000      0.00000
      5.06240      3.14287      0.00000      0.00000
      5.07240      3.39243      0.00000      0.00000
      5.08240      3.46031      0.00000      0.00000
      5.09240      3.14043      0.00000      0.00000
      5.10240      2.64489      0.00000      0.00000
      5.11240      2.48859      0.00000      0.00000
      5.12240      2.50050      0.00000      0.00000
      5.13240      2.37543      0.00000      0.00000
      5.14240      2.51353      0.00000      0.00000
      5.15240      2.90047      0.00000      0.00000
      5.16240      2.69575      0.00000      0.00000
      5.17240      2.13657      0.00000      0.00000
      5.18240      1.97973      0.00000      0.00000
      5.19240      2.07416      0.00000      0.00000
      5.20240      2.06210      0.00000      0.00000
      5.21240      2.07465      0.00000      0.00000
      5.22240      2.17028      0.00000      0.00000
      5.23240      2.13300      0.00000      0.00000
      5.24240      1.97811      0.00000      0.00000
      5.25240      1.75324      0.00000      0.00000
      5.26240      1.72163      0.00000      0.00000
      5.27240      1.83878      0.00000      0.00000
      5.28240      1.78202      0.00000      0.00000
      5.29240      1.77781      0.00000      0.00000
      5.30240      1.81550      0.00000      0.00000
      5.31240      1.68076      0.00000      0.00000
      5.32240      1.56631      0.00000      0.00000
      5.33240      1.61002      0.00000      0.00000
      5.34240      1.51608      0.00000      0.00000
      5.35240      1.31101      0.00000      0.00000
      5.36240      1.04567      0.00000      0.00000
      5.37240      0.79836      0.00000      0.00000
      5.38240      0.72302      0.00000      0.00000
      5.39240      0.73288      0.00000      0.00000
      5.40240      0.78751      0.00000      0.00000
      5.41240      0.73481      0.00000      0.00000
      5.42240      0.69569      0.00000      0.00000
      5.43240      0.69451      0.00000      0.00000
      5.44240      0.54761      0.00000      0.00000
      5.45240      0.27734      0.00000      0.00000
      5.46240      0.07291      0.00000      0.00000
      5.47240      0.00833      0.00000      0.00000
      5.48240      0.00038      0.00000      0.00000
      5.49240      0.00001      0.00000      0.00000
      5.50240      0.00000      0.00000      0.00000
      5.51240      0.00000      0.00000      0.00000
      5.52240      0.00000      0.00000      0.00000
      5.53240      0.00000      0.00000      0.00000
      5.54240      0.00000      0.00000      0.00000
      5.55240      0.00000      0.00000      0.00000
      5.56240      0.00000      0.00000      0.00000
      5.57240      0.00000      0.00000      0.00000
      5.58240      0.00000      0.00000      0.00000
      5.59240      0.00000      0.00000      0.00000
      5.60240      0.00000      0.00000      0.00000
      5.61240      0.00000      0.00000      0.00000
      5.62240      0.00000      0.00000      0.00000
      5.63240      0.00000      0.00000      0.00000
      5.64240      0.00000      0.00000      0.00000
      5.65240      0.00000      0.00000      0.00000
      5.66240      0.00000      0.00000      0.00000
      5.67240      0.00000      0.00000      0.00000
      5.68240      0.00000      0.00000      0.00000
      5.69240      0.00000      0.00000      0.00000
      5.70240      0.00000      0.00000      0.00000
      5.71240      0.00000      0.00000      0.00000
      5.72240      0.00000      0.00000      0.00000
      5.73240      0.00000      0.00000      0.00000
      5.74240      0.00000      0.00000      0.00000
      5.75240      0.00000      0.00000      0.00000
      5.76240      0.00000      0.00000      0.00000
      5.77240      0.00000      0.00000      0.00000
      5.78240      0.00000      0.00000      0.00000
      5.79240      0.00000      0.00000      0.00000
      5.80240      0.00000      0.00000      0.00000
      5.81240      0.00000      0.00000      0.00000
      5.82240      0.00000      0.00000      0.00000
      5.83240      0.00000      0.00000      0.00000
      5.84240      0.00000      0.00000      0.00000
      5.85240      0.00000      0.00000      0.00000
      5.86240      0.00000      0.00000      0.00000
      5.87240      0.00000      0.00000      0.00000
      5.88240      0.00000      0.00000      0.00000
      5.89240      0.00000      0.00000      0.00000
      5.90240      0.00000      0.00000      0.00000
      5.91240      0.00000      0.00000      0.00000
      5.92240      0.00000      0.00000      0.00000
      5.93240      0.00000      0.00000      0.00000
      5.94240      0.00000      0.00000      0.00000
      5.95240      0.00000      0.00000      0.00000
      5.96240      0.00000      0.00000      0.00000
      5.97240      0.00000      0.00000      0.00000
      5.98240      0.00000      0.00000      0.00000
      5.99240      0.00000      0.00000      0.00000
      6.00240      0.00000      0.00000      0.00000
      6.01240      0.00000      0.00000      0.00000
      6.02240      0.00000      0.00000      0.00000
      6.03240      0.00000      0.00000      0.00000
      6.04240      0.00000      0.00000      0.00000
      6.05240      0.00000      0.00000      0.00000
      6.06240      0.00000      0.00000      0.00000
      6.07240      0.00000      0.00000      0.00000
      6.08240      0.00000      0.00000      0.00000
      6.09240      0.00000      0.00000      0.00000
      6.10240      0.00000      0.00000      0.00000
      6.11240      0.00000      0.00000      0.00000
      6.12240      0.00000      0.00000      0.00000
      6.13240      0.00000      0.00000      0.00000
      6.14240      0.00000      0.00000      0.00000
      6.15240      0.00000      0.00000      0.00000
      6.16240      0.00000      0.00000      0.00000
      6.17240      0.00000      0.00000      0.00000
      6.18240      0.00000      0.00000      0.00000
      6.19240      0.00000      0.00000      0.00000
      6.20240      0.00000      0.00000      0.00000
      6.21240      0.00000      0.00000      0.00000
      6.22240      0.00000      0.00000      0.00000
      6.23240      0.00000      0.00000      0.00000
      6.24240      0.00000      0.00000      0.00000
      6.25240      0.00000      0.00000      0.00000
      6.26240      0.00000      0.00000      0.00000
      6.27240      0.00000      0.00000      0.00000
      6.28240      0.00000      0.00000      0.00000
      6.29240      0.00000      0.00000      0.00000
      6.30240      0.00000      0.00000      0.00000
      6.31240      0.00000      0.00000      0.00000
      6.32240      0.00000      0.00000      0.00000
      6.33240      0.00000      0.00000      0.00000
      6.34240      0.00000      0.00000      0.00000
      6.35240      0.00000      0.00000      0.00000
      6.36240      0.00000      0.00000      0.00000
      6.37240      0.00000      0.00000      0.00000
      6.38240      0.00000      0.00000      0.00000
      6.39240      0.00000      0.00000      0.00000
      6.40240      0.00000      0.00000      0.00000
      6.41240      0.00000      0.00000      0.00000
      6.42240      0.00000      0.00000      0.00000
      6.43240      0.00000      0.00000      0.00000
      6.44240      0.00000      0.00000      0.00000
      6.45240      0.00000      0.00000      0.00000
      6.46240      0.00000      0.00000      0.00000
      6.47240      0.00000      0.00000      0.00000
      6.48240      0.00000      0.00000      0.00000
      6.49240      0.00000      0.00000      0.00000
      6.50240      0.00000      0.00000      0.00000
      6.51240      0.00000      0.00000      0.00000
      6.52240      0.00000      0.00000      0.00000
      6.53240      0.00000      0.00000      0.00000
      6.54240      0.00000      0.00000      0.00000
      6.55240      0.00000      0.00000      0.00000
      6.56240      0.00000      0.00000      0.00000
      6.57240      0.00000      0.00000      0.00000
      6.58240      0.00000      0.00000      0.00000
      6.59240      0.00000      0.00000      0.00000
      6.60240      0.00000      0.00000      0.00000
      6.61240      0.00000      0.00000      0.00000
      6.62240      0.00000      0.00000      0.00000
      6.63240      0.00000      0.00000      0.00000
      6.64240      0.00000      0.00000      0.00000
      6.65240      0.00000      0.00000      0.00000
      6.66240      0.00000      0.00000      0.00000
      6.67240      0.00000      0.00000      0.00000
      6.68240      0.00000      0.00000      0.00000
      6.69240      0.00000      0.00000      0.00000
      6.70240      0.00000      0.00000      0.00000
      6.71240      0.00000      0.00000      0.00000
      6.72240      0.00000      0.00000      0.00000
      6.73240      0.00000      0.00000      0.00000
      6.74240      0.00000      0.00000      0.00000
      6.75240      0.00000      0.00000      0.00000
      6.76240      0.00000      0.00000      0.00000
      6.77240      0.00000      0.00000      0.00000
      6.78240      0.00000      0.00000      0.00000
      6.79240      0.00000      0.00000      0.00000
      6.80240      0.00000      0.00000      0.00000
      6.81240      0.00000      0.00000      0.00000
      6.82240      0.00000      0.00000      0.00000
      6.83240      0.00000      0.00000      0.00000
      6.84240      0.00000      0.00000      0.00000
      6.85240      0.00000      0.00000      0.00000
      6.86240      0.00000      0.00000      0.00000
      6.87240      0.00000      0.00000      0.00000
      6.88240      0.00000      0.00000      0.00000
      6.89240      0.00000      0.00000      0.00000
      6.90240      0.00000      0.00000      0.00000
      6.91240      0.00000      0.00000      0.00000
      6.92240      0.00000      0.00000      0.00000
      6.93240      0.00000      0.00000      0.00000
      6.94240      0.00000      0.00000      0.00000
      6.95240      0.00000      0.00000      0.00000
      6.96240      0.00000      0.00000      0.00000
      6.97240      0.00000      0.00000      0.00000
      6.98240      0.00000      0.00000      0.00000
      6.99240      0.00000      0.00000      0.00000
      7.00240      0.00000      0.00000      0.00000
      7.01240      0.00000      0.00000      0.00000
      7.02240      0.00000      0.00000      0.00000
      7.03240      0.00000      0.00000      0.00000
      7.04240      0.00000      0.00000      0.00000
      7.05240      0.00000      0.00000      0.00000
      7.06240      0.00000      0.00000      0.00000
      7.07240      0.00000      0.00000      0.00000
      7.08240      0.00000      0.00000      0.00000
      7.09240      0.00000      0.00000      0.00000
      7.10240      0.00000      0.00000      0.00000
      7.11240      0.00000      0.00000      0.00000
      7.12240      0.00009      0.00000      0.00000
      7.13240      0.00322      0.00000      0.00000
      7.14240      0.04575      0.00000      0.00000
      7.15240      0.26014      0.00000      0.00000
      7.16240      0.64495      0.00000      0.00000
      7.17240      0.86716      0.00000      0.00000
      7.18240      0.91542      0.00000      0.00000
      7.19240      1.01055      0.00000      0.00000
      7.20240      1.11755      0.00000      0.00000
      7.21240      1.08723      0.00000      0.00000
      7.22240      0.98760      0.00000      0.00000
      7.23240      0.90063      0.00000      0.00000
      7.24240      0.83548      0.00000      0.00000
      7.25240      0.94392      0.00000      0.00000
      7.26240      1.25150      0.00000      0.00000
      7.27240      1.34407      0.00000      0.00000
      7.28240      1.12601      0.00000      0.00000
      7.29240      0.96939      0.00000      0.00000
      7.30240      0.97989      0.00000      0.00000
      7.31240      1.01389      0.00000      0.00000
      7.32240      0.84422      0.00000      0.00000
      7.33240      0.83536      0.00000      0.00000
      7.34240      1.16917      0.00000      0.00000
