Energy-E_F (eV)    DOS (1/eV)    PDOS (1/eV)  of atom type W  Se 
     -5.93151      5.95461      0.00000      0.00000
     -5.92151      5.53791      0.00000      0.00000
     -5.91151      5.97678      0.00000      0.00000
     -5.90151      6.70917      0.00000      0.00000
     -5.89151      6.35221      0.00000      0.00000
     -5.88151      5.10437      0.00000      0.00000
     -5.87151      4.37359      0.00000      0.00000
     -5.86151      4.38085      0.00000      0.00000
     -5.85151      4.38467      0.00000      0.00000
     -5.84151      4.19103      0.00000      0.00000
     -5.83151      4.53787      0.00000      0.00000
     -5.82151      4.34728      0.00000      0.00000
     -5.81151      3.36148      0.00000      0.00000
     -5.80151      2.93637      0.00000      0.00000
     -5.79151      3.77762      0.00000      0.00000
     -5.78151      4.00392      0.00000      0.00000
     -5.77151      2.69345      0.00000      0.00000
     -5.76151      1.99979      0.00000      0.00000
     -5.75151      2.50607      0.00000      0.00000
     -5.74151      3.02216      0.00000      0.00000
     -5.73151      2.77593      0.00000      0.00000
     -5.72151      1.94306      0.00000      0.00000
     -5.71151      2.06591      0.00000      0.00000
     -5.70151      3.06197      0.00000      0.00000
     -5.69151      3.20109      0.00000      0.00000
     -5.68151      2.23684      0.00000      0.00000
     -5.67151      1.50088      0.00000      0.00000
     -5.66151      1.49927      0.00000      0.00000
     -5.65151      1.98204      0.00000      0.00000
     -5.64151      2.33982      0.00000      0.00000
     -5.63151      1.74837      0.00000      0.00000
     -5.62151      1.26932      0.00000      0.00000
     -5.61151      1.90469      0.00000      0.00000
     -5.60151      2.68791      0.00000      0.00000
     -5.59151      2.41874      0.00000      0.00000
     -5.58151      1.31198      0.00000      0.00000
     -5.57151      0.55014      0.00000      0.00000
     -5.56151      0.77627      0.00000      0.00000
     -5.55151      1.68522      0.00000      0.00000
     -5.54151      2.43986      0.00000      0.00000
     -5.53151      2.27303      0.00000      0.00000
     -5.52151      1.53926      0.00000      0.00000
     -5.51151      1.26648      0.00000      0.00000
     -5.50151      1.81917      0.00000      0.00000
     -5.49151      2.30297      0.00000      0.00000
     -5.48151      2.42582      0.00000      0.00000
     -5.47151      2.38491      0.00000      0.00000
     -5.46151      2.56383      0.00000      0.00000
     -5.45151      3.79117      0.00000      0.00000
     -5.44151      5.30811      0.00000      0.00000
     -5.43151      5.98936      0.00000      0.00000
     -5.42151      6.81414      0.00000      0.00000
     -5.41151      7.86882      0.00000      0.00000
     -5.40151      8.62036      0.00000      0.00000
     -5.39151      8.12067      0.00000      0.00000
     -5.38151      6.75650      0.00000      0.00000
     -5.37151      5.66124      0.00000      0.00000
     -5.36151      4.68252      0.00000      0.00000
     -5.35151      3.60394      0.00000      0.00000
     -5.34151      3.20250      0.00000      0.00000
     -5.33151      3.52178      0.00000      0.00000
     -5.32151      3.69625      0.00000      0.00000
     -5.31151      3.27587      0.00000      0.00000
     -5.30151      3.06262      0.00000      0.00000
     -5.29151      3.10298      0.00000      0.00000
     -5.28151      3.03074      0.00000      0.00000
     -5.27151      3.15235      0.00000      0.00000
     -5.26151      3.73128      0.00000      0.00000
     -5.25151      4.28970      0.00000      0.00000
     -5.24151      5.11303      0.00000      0.00000
     -5.23151      5.90611      0.00000      0.00000
     -5.22151      5.73615      0.00000      0.00000
     -5.21151      5.74726      0.00000      0.00000
     -5.20151      5.62922      0.00000      0.00000
     -5.19151      5.60745      0.00000      0.00000
     -5.18151      5.54109      0.00000      0.00000
     -5.17151      4.60180      0.00000      0.00000
     -5.16151      4.21724      0.00000      0.00000
     -5.15151      4.96423      0.00000      0.00000
     -5.14151      6.46417      0.00000      0.00000
     -5.13151      7.59913      0.00000      0.00000
     -5.12151      6.68149      0.00000      0.00000
     -5.11151      4.76610      0.00000      0.00000
     -5.10151      4.35758      0.00000      0.00000
     -5.09151      5.44200      0.00000      0.00000
     -5.08151      6.55391      0.00000      0.00000
     -5.07151      7.01847      0.00000      0.00000
     -5.06151      7.46623      0.00000      0.00000
     -5.05151      8.11773      0.00000      0.00000
     -5.04151      8.28504      0.00000      0.00000
     -5.03151      8.31259      0.00000      0.00000
     -5.02151      9.11398      0.00000      0.00000
     -5.01151     10.95988      0.00000      0.00000
     -5.00151     12.40543      0.00000      0.00000
     -4.99151     12.18199      0.00000      0.00000
     -4.98151     11.12239      0.00000      0.00000
     -4.97151     10.86242      0.00000      0.00000
     -4.96151     10.60761      0.00000      0.00000
     -4.95151      9.20832      0.00000      0.00000
     -4.94151      7.25703      0.00000      0.00000
     -4.93151      6.36275      0.00000      0.00000
     -4.92151      5.67423      0.00000      0.00000
     -4.91151      4.80456      0.00000      0.00000
     -4.90151      4.26044      0.00000      0.00000
     -4.89151      4.01805      0.00000      0.00000
     -4.88151      4.63267      0.00000      0.00000
     -4.87151      5.54260      0.00000      0.00000
     -4.86151      5.74011      0.00000      0.00000
     -4.85151      5.31572      0.00000      0.00000
     -4.84151      4.75336      0.00000      0.00000
     -4.83151      4.13287      0.00000      0.00000
     -4.82151      3.02322      0.00000      0.00000
     -4.81151      2.22223      0.00000      0.00000
     -4.80151      2.15177      0.00000      0.00000
     -4.79151      2.69564      0.00000      0.00000
     -4.78151      3.01077      0.00000      0.00000
     -4.77151      2.42953      0.00000      0.00000
     -4.76151      1.58328      0.00000      0.00000
     -4.75151      1.06954      0.00000      0.00000
     -4.74151      1.24764      0.00000      0.00000
     -4.73151      1.68106      0.00000      0.00000
     -4.72151      1.77555      0.00000      0.00000
     -4.71151      2.17052      0.00000      0.00000
     -4.70151      2.49942      0.00000      0.00000
     -4.69151      2.04309      0.00000      0.00000
     -4.68151      1.56724      0.00000      0.00000
     -4.67151      1.26352      0.00000      0.00000
     -4.66151      1.18518      0.00000      0.00000
     -4.65151      1.94924      0.00000      0.00000
     -4.64151      3.26398      0.00000      0.00000
     -4.63151      3.67594      0.00000      0.00000
     -4.62151      3.30784      0.00000      0.00000
     -4.61151      3.30336      0.00000      0.00000
     -4.60151      3.70432      0.00000      0.00000
     -4.59151      3.85428      0.00000      0.00000
     -4.58151      4.01162      0.00000      0.00000
     -4.57151      4.63909      0.00000      0.00000
     -4.56151      3.99113      0.00000      0.00000
     -4.55151      2.26830      0.00000      0.00000
     -4.54151      1.42211      0.00000      0.00000
     -4.53151      1.56816      0.00000      0.00000
     -4.52151      1.79178      0.00000      0.00000
     -4.51151      2.10831      0.00000      0.00000
     -4.50151      2.83243      0.00000      0.00000
     -4.49151      2.90551      0.00000      0.00000
     -4.48151      2.37484      0.00000      0.00000
     -4.47151      2.27071      0.00000      0.00000
     -4.46151      2.26984      0.00000      0.00000
     -4.45151      1.95617      0.00000      0.00000
     -4.44151      1.85160      0.00000      0.00000
     -4.43151      2.28470      0.00000      0.00000
     -4.42151      3.20724      0.00000      0.00000
     -4.41151      3.90022      0.00000      0.00000
     -4.40151      3.95660      0.00000      0.00000
     -4.39151      4.99462      0.00000      0.00000
     -4.38151      6.13588      0.00000      0.00000
     -4.37151      5.74745      0.00000      0.00000
     -4.36151      5.08368      0.00000      0.00000
     -4.35151      4.65347      0.00000      0.00000
     -4.34151      3.80976      0.00000      0.00000
     -4.33151      3.12776      0.00000      0.00000
     -4.32151      3.28076      0.00000      0.00000
     -4.31151      4.04607      0.00000      0.00000
     -4.30151      4.47230      0.00000      0.00000
     -4.29151      4.39174      0.00000      0.00000
     -4.28151      4.37207      0.00000      0.00000
     -4.27151      4.30498      0.00000      0.00000
     -4.26151      3.69888      0.00000      0.00000
     -4.25151      3.37342      0.00000      0.00000
     -4.24151      4.25404      0.00000      0.00000
     -4.23151      5.92206      0.00000      0.00000
     -4.22151      6.17130      0.00000      0.00000
     -4.21151      4.29926      0.00000      0.00000
     -4.20151      2.61141      0.00000      0.00000
     -4.19151      2.26483      0.00000      0.00000
     -4.18151      3.18068      0.00000      0.00000
     -4.17151      5.12281      0.00000      0.00000
     -4.16151      7.14127      0.00000      0.00000
     -4.15151      7.76735      0.00000      0.00000
     -4.14151      6.74626      0.00000      0.00000
     -4.13151      5.77212      0.00000      0.00000
     -4.12151      5.19437      0.00000      0.00000
     -4.11151      4.81664      0.00000      0.00000
     -4.10151      5.40154      0.00000      0.00000
     -4.09151      7.07470      0.00000      0.00000
     -4.08151      7.19693      0.00000      0.00000
     -4.07151      4.78481      0.00000      0.00000
     -4.06151      2.99945      0.00000      0.00000
     -4.05151      3.22585      0.00000      0.00000
     -4.04151      4.53472      0.00000      0.00000
     -4.03151      5.89920      0.00000      0.00000
     -4.02151      6.73625      0.00000      0.00000
     -4.01151      5.78698      0.00000      0.00000
     -4.00151      3.90856      0.00000      0.00000
     -3.99151      3.45422      0.00000      0.00000
     -3.98151      4.34385      0.00000      0.00000
     -3.97151      4.78180      0.00000      0.00000
     -3.96151      5.06520      0.00000      0.00000
     -3.95151      5.72477      0.00000      0.00000
     -3.94151      4.94355      0.00000      0.00000
     -3.93151      3.77081      0.00000      0.00000
     -3.92151      3.86039      0.00000      0.00000
     -3.91151      4.34479      0.00000      0.00000
     -3.90151      4.80743      0.00000      0.00000
     -3.89151      6.04723      0.00000      0.00000
     -3.88151      6.21388      0.00000      0.00000
     -3.87151      5.02832      0.00000      0.00000
     -3.86151      4.12543      0.00000      0.00000
     -3.85151      3.73629      0.00000      0.00000
     -3.84151      3.78934      0.00000      0.00000
     -3.83151      4.60890      0.00000      0.00000
     -3.82151      4.89964      0.00000      0.00000
     -3.81151      4.32300      0.00000      0.00000
     -3.80151      3.97484      0.00000      0.00000
     -3.79151      3.97093      0.00000      0.00000
     -3.78151      5.00843      0.00000      0.00000
     -3.77151      6.03928      0.00000      0.00000
     -3.76151      5.64922      0.00000      0.00000
     -3.75151      4.71352      0.00000      0.00000
     -3.74151      4.11164      0.00000      0.00000
     -3.73151      5.00744      0.00000      0.00000
     -3.72151      6.19431      0.00000      0.00000
     -3.71151      5.62913      0.00000      0.00000
     -3.70151      4.97610      0.00000      0.00000
     -3.69151      4.95389      0.00000      0.00000
     -3.68151      4.88316      0.00000      0.00000
     -3.67151      5.15780      0.00000      0.00000
     -3.66151      5.65675      0.00000      0.00000
     -3.65151      6.00340      0.00000      0.00000
     -3.64151      6.16571      0.00000      0.00000
     -3.63151      6.19528      0.00000      0.00000
     -3.62151      5.35348      0.00000      0.00000
     -3.61151      4.70093      0.00000      0.00000
     -3.60151      4.53247      0.00000      0.00000
     -3.59151      4.15868      0.00000      0.00000
     -3.58151      4.13689      0.00000      0.00000
     -3.57151      4.34715      0.00000      0.00000
     -3.56151      4.27877      0.00000      0.00000
     -3.55151      4.17262      0.00000      0.00000
     -3.54151      4.42571      0.00000      0.00000
     -3.53151      4.56580      0.00000      0.00000
     -3.52151      4.07839      0.00000      0.00000
     -3.51151      3.79633      0.00000      0.00000
     -3.50151      4.38650      0.00000      0.00000
     -3.49151      4.93746      0.00000      0.00000
     -3.48151      4.48773      0.00000      0.00000
     -3.47151      4.12703      0.00000      0.00000
     -3.46151      4.18992      0.00000      0.00000
     -3.45151      4.15097      0.00000      0.00000
     -3.44151      4.10603      0.00000      0.00000
     -3.43151      3.88077      0.00000      0.00000
     -3.42151      3.92461      0.00000      0.00000
     -3.41151      4.34853      0.00000      0.00000
     -3.40151      3.97426      0.00000      0.00000
     -3.39151      2.68529      0.00000      0.00000
     -3.38151      1.76222      0.00000      0.00000
     -3.37151      2.09563      0.00000      0.00000
     -3.36151      3.22443      0.00000      0.00000
     -3.35151      3.35915      0.00000      0.00000
     -3.34151      2.76846      0.00000      0.00000
     -3.33151      3.24064      0.00000      0.00000
     -3.32151      3.68093      0.00000      0.00000
     -3.31151      3.17536      0.00000      0.00000
     -3.30151      2.73763      0.00000      0.00000
     -3.29151      2.23449      0.00000      0.00000
     -3.28151      2.26599      0.00000      0.00000
     -3.27151      2.44999      0.00000      0.00000
     -3.26151      1.86829      0.00000      0.00000
     -3.25151      1.88852      0.00000      0.00000
     -3.24151      2.98227      0.00000      0.00000
     -3.23151      3.49387      0.00000      0.00000
     -3.22151      3.24091      0.00000      0.00000
     -3.21151      3.45274      0.00000      0.00000
     -3.20151      3.89863      0.00000      0.00000
     -3.19151      3.72018      0.00000      0.00000
     -3.18151      3.28201      0.00000      0.00000
     -3.17151      3.54977      0.00000      0.00000
     -3.16151      4.43488      0.00000      0.00000
     -3.15151      5.38767      0.00000      0.00000
     -3.14151      5.96893      0.00000      0.00000
     -3.13151      6.63892      0.00000      0.00000
     -3.12151      7.69452      0.00000      0.00000
     -3.11151      9.63869      0.00000      0.00000
     -3.10151     11.95978      0.00000      0.00000
     -3.09151     12.36513      0.00000      0.00000
     -3.08151     11.55723      0.00000      0.00000
     -3.07151     11.14406      0.00000      0.00000
     -3.06151      9.98599      0.00000      0.00000
     -3.05151      8.39737      0.00000      0.00000
     -3.04151      8.59028      0.00000      0.00000
     -3.03151      9.67424      0.00000      0.00000
     -3.02151      9.28142      0.00000      0.00000
     -3.01151      7.30488      0.00000      0.00000
     -3.00151      6.45365      0.00000      0.00000
     -2.99151      7.39014      0.00000      0.00000
     -2.98151      9.00765      0.00000      0.00000
     -2.97151      9.21015      0.00000      0.00000
     -2.96151      7.60481      0.00000      0.00000
     -2.95151      6.29905      0.00000      0.00000
     -2.94151      6.44844      0.00000      0.00000
     -2.93151      6.69165      0.00000      0.00000
     -2.92151      5.54729      0.00000      0.00000
     -2.91151      4.79700      0.00000      0.00000
     -2.90151      5.35178      0.00000      0.00000
     -2.89151      6.48843      0.00000      0.00000
     -2.88151      6.76301      0.00000      0.00000
     -2.87151      5.79972      0.00000      0.00000
     -2.86151      4.86636      0.00000      0.00000
     -2.85151      4.82546      0.00000      0.00000
     -2.84151      5.66305      0.00000      0.00000
     -2.83151      5.80503      0.00000      0.00000
     -2.82151      4.99592      0.00000      0.00000
     -2.81151      4.61146      0.00000      0.00000
     -2.80151      5.66650      0.00000      0.00000
     -2.79151      7.19046      0.00000      0.00000
     -2.78151      6.65121      0.00000      0.00000
     -2.77151      4.89714      0.00000      0.00000
     -2.76151      4.34356      0.00000      0.00000
     -2.75151      5.39158      0.00000      0.00000
     -2.74151      6.78500      0.00000      0.00000
     -2.73151      7.34785      0.00000      0.00000
     -2.72151      7.38092      0.00000      0.00000
     -2.71151      8.49082      0.00000      0.00000
     -2.70151      9.69804      0.00000      0.00000
     -2.69151      9.82036      0.00000      0.00000
     -2.68151      9.00452      0.00000      0.00000
     -2.67151      8.13640      0.00000      0.00000
     -2.66151      8.22519      0.00000      0.00000
     -2.65151      7.58510      0.00000      0.00000
     -2.64151      7.04140      0.00000      0.00000
     -2.63151      7.41643      0.00000      0.00000
     -2.62151      6.92425      0.00000      0.00000
     -2.61151      6.21489      0.00000      0.00000
     -2.60151      6.12031      0.00000      0.00000
     -2.59151      5.62755      0.00000      0.00000
     -2.58151      4.99316      0.00000      0.00000
     -2.57151      5.45483      0.00000      0.00000
     -2.56151      5.86129      0.00000      0.00000
     -2.55151      5.27633      0.00000      0.00000
     -2.54151      4.75963      0.00000      0.00000
     -2.53151      4.03866      0.00000      0.00000
     -2.52151      3.29691      0.00000      0.00000
     -2.51151      2.90931      0.00000      0.00000
     -2.50151      3.02046      0.00000      0.00000
     -2.49151      3.45291      0.00000      0.00000
     -2.48151      4.37393      0.00000      0.00000
     -2.47151      5.05979      0.00000      0.00000
     -2.46151      4.39595      0.00000      0.00000
     -2.45151      4.24394      0.00000      0.00000
     -2.44151      5.11720      0.00000      0.00000
     -2.43151      4.61307      0.00000      0.00000
     -2.42151      3.95719      0.00000      0.00000
     -2.41151      4.99469      0.00000      0.00000
     -2.40151      5.93887      0.00000      0.00000
     -2.39151      5.38049      0.00000      0.00000
     -2.38151      4.76430      0.00000      0.00000
     -2.37151      4.63036      0.00000      0.00000
     -2.36151      3.59748      0.00000      0.00000
     -2.35151      2.29097      0.00000      0.00000
     -2.34151      2.03869      0.00000      0.00000
     -2.33151      2.26280      0.00000      0.00000
     -2.32151      2.02241      0.00000      0.00000
     -2.31151      1.86344      0.00000      0.00000
     -2.30151      2.35356      0.00000      0.00000
     -2.29151      3.39224      0.00000      0.00000
     -2.28151      4.96091      0.00000      0.00000
     -2.27151      6.77424      0.00000      0.00000
     -2.26151      7.56077      0.00000      0.00000
     -2.25151      7.15707      0.00000      0.00000
     -2.24151      6.95254      0.00000      0.00000
     -2.23151      6.76911      0.00000      0.00000
     -2.22151      6.59604      0.00000      0.00000
     -2.21151      6.10843      0.00000      0.00000
     -2.20151      5.13067      0.00000      0.00000
     -2.19151      4.76649      0.00000      0.00000
     -2.18151      5.24003      0.00000      0.00000
     -2.17151      5.13153      0.00000      0.00000
     -2.16151      4.41752      0.00000      0.00000
     -2.15151      4.14968      0.00000      0.00000
     -2.14151      5.18877      0.00000      0.00000
     -2.13151      6.57423      0.00000      0.00000
     -2.12151      6.16354      0.00000      0.00000
     -2.11151      5.12595      0.00000      0.00000
     -2.10151      4.27068      0.00000      0.00000
     -2.09151      3.37755      0.00000      0.00000
     -2.08151      3.43319      0.00000      0.00000
     -2.07151      3.81526      0.00000      0.00000
     -2.06151      3.67466      0.00000      0.00000
     -2.05151      3.74595      0.00000      0.00000
     -2.04151      3.92907      0.00000      0.00000
     -2.03151      4.00909      0.00000      0.00000
     -2.02151      4.06472      0.00000      0.00000
     -2.01151      4.28869      0.00000      0.00000
     -2.00151      5.12646      0.00000      0.00000
     -1.99151      4.98924      0.00000      0.00000
     -1.98151      4.25480      0.00000      0.00000
     -1.97151      3.83480      0.00000      0.00000
     -1.96151      3.25070      0.00000      0.00000
     -1.95151      3.15871      0.00000      0.00000
     -1.94151      3.18436      0.00000      0.00000
     -1.93151      2.81655      0.00000      0.00000
     -1.92151      2.80411      0.00000      0.00000
     -1.91151      3.44680      0.00000      0.00000
     -1.90151      4.03359      0.00000      0.00000
     -1.89151      3.65064      0.00000      0.00000
     -1.88151      2.71683      0.00000      0.00000
     -1.87151      1.99435      0.00000      0.00000
     -1.86151      1.51942      0.00000      0.00000
     -1.85151      1.47705      0.00000      0.00000
     -1.84151      1.76147      0.00000      0.00000
     -1.83151      2.10660      0.00000      0.00000
     -1.82151      2.09549      0.00000      0.00000
     -1.81151      1.51160      0.00000      0.00000
     -1.80151      1.01811      0.00000      0.00000
     -1.79151      1.04015      0.00000      0.00000
     -1.78151      1.08688      0.00000      0.00000
     -1.77151      1.02792      0.00000      0.00000
     -1.76151      1.27006      0.00000      0.00000
     -1.75151      1.70969      0.00000      0.00000
     -1.74151      1.49525      0.00000      0.00000
     -1.73151      0.97632      0.00000      0.00000
     -1.72151      1.04787      0.00000      0.00000
     -1.71151      1.21518      0.00000      0.00000
     -1.70151      1.08445      0.00000      0.00000
     -1.69151      0.96822      0.00000      0.00000
     -1.68151      0.81631      0.00000      0.00000
     -1.67151      0.54679      0.00000      0.00000
     -1.66151      0.45816      0.00000      0.00000
     -1.65151      0.64271      0.00000      0.00000
     -1.64151      1.26458      0.00000      0.00000
     -1.63151      2.01255      0.00000      0.00000
     -1.62151      2.22439      0.00000      0.00000
     -1.61151      1.81612      0.00000      0.00000
     -1.60151      1.68127      0.00000      0.00000
     -1.59151      1.98366      0.00000      0.00000
     -1.58151      2.54947      0.00000      0.00000
     -1.57151      2.93178      0.00000      0.00000
     -1.56151      2.83528      0.00000      0.00000
     -1.55151      2.41907      0.00000      0.00000
     -1.54151      1.89954      0.00000      0.00000
     -1.53151      1.51094      0.00000      0.00000
     -1.52151      1.50914      0.00000      0.00000
     -1.51151      2.08621      0.00000      0.00000
     -1.50151      2.75678      0.00000      0.00000
     -1.49151      2.34080      0.00000      0.00000
     -1.48151      1.10748      0.00000      0.00000
     -1.47151      0.42521      0.00000      0.00000
     -1.46151      0.98902      0.00000      0.00000
     -1.45151      2.39121      0.00000      0.00000
     -1.44151      3.23595      0.00000      0.00000
     -1.43151      3.42446      0.00000      0.00000
     -1.42151      3.25344      0.00000      0.00000
     -1.41151      2.67682      0.00000      0.00000
     -1.40151      2.50625      0.00000      0.00000
     -1.39151      2.59474      0.00000      0.00000
     -1.38151      2.41407      0.00000      0.00000
     -1.37151      2.23815      0.00000      0.00000
     -1.36151      2.54890      0.00000      0.00000
     -1.35151      3.71065      0.00000      0.00000
     -1.34151      4.19364      0.00000      0.00000
     -1.33151      3.51808      0.00000      0.00000
     -1.32151      2.90865      0.00000      0.00000
     -1.31151      3.20821      0.00000      0.00000
     -1.30151      3.31354      0.00000      0.00000
     -1.29151      3.83480      0.00000      0.00000
     -1.28151      5.24175      0.00000      0.00000
     -1.27151      5.79266      0.00000      0.00000
     -1.26151      5.78979      0.00000      0.00000
     -1.25151      5.91150      0.00000      0.00000
     -1.24151      5.43203      0.00000      0.00000
     -1.23151      4.25861      0.00000      0.00000
     -1.22151      3.78735      0.00000      0.00000
     -1.21151      4.12177      0.00000      0.00000
     -1.20151      4.47550      0.00000      0.00000
     -1.19151      4.41866      0.00000      0.00000
     -1.18151      3.92994      0.00000      0.00000
     -1.17151      3.73853      0.00000      0.00000
     -1.16151      3.87707      0.00000      0.00000
     -1.15151      4.40816      0.00000      0.00000
     -1.14151      4.91467      0.00000      0.00000
     -1.13151      4.40108      0.00000      0.00000
     -1.12151      3.58837      0.00000      0.00000
     -1.11151      3.52738      0.00000      0.00000
     -1.10151      3.25639      0.00000      0.00000
     -1.09151      3.33133      0.00000      0.00000
     -1.08151      4.52090      0.00000      0.00000
     -1.07151      5.48294      0.00000      0.00000
     -1.06151      5.38597      0.00000      0.00000
     -1.05151      4.61423      0.00000      0.00000
     -1.04151      4.01205      0.00000      0.00000
     -1.03151      4.10354      0.00000      0.00000
     -1.02151      5.00385      0.00000      0.00000
     -1.01151      5.79197      0.00000      0.00000
     -1.00151      5.75654      0.00000      0.00000
     -0.99151      5.33835      0.00000      0.00000
     -0.98151      5.20746      0.00000      0.00000
     -0.97151      5.50876      0.00000      0.00000
     -0.96151      5.54494      0.00000      0.00000
     -0.95151      5.10326      0.00000      0.00000
     -0.94151      4.47185      0.00000      0.00000
     -0.93151      4.06891      0.00000      0.00000
     -0.92151      3.90742      0.00000      0.00000
     -0.91151      4.06507      0.00000      0.00000
     -0.90151      4.52591      0.00000      0.00000
     -0.89151      4.56625      0.00000      0.00000
     -0.88151      3.82281      0.00000      0.00000
     -0.87151      3.65370      0.00000      0.00000
     -0.86151      3.69995      0.00000      0.00000
     -0.85151      3.39984      0.00000      0.00000
     -0.84151      3.67866      0.00000      0.00000
     -0.83151      4.18751      0.00000      0.00000
     -0.82151      4.33719      0.00000      0.00000
     -0.81151      3.98860      0.00000      0.00000
     -0.80151      3.44029      0.00000      0.00000
     -0.79151      3.11663      0.00000      0.00000
     -0.78151      2.91562      0.00000      0.00000
     -0.77151      3.34989      0.00000      0.00000
     -0.76151      3.96125      0.00000      0.00000
     -0.75151      3.93755      0.00000      0.00000
     -0.74151      3.49955      0.00000      0.00000
     -0.73151      3.14939      0.00000      0.00000
     -0.72151      3.55397      0.00000      0.00000
     -0.71151      4.29367      0.00000      0.00000
     -0.70151      4.14495      0.00000      0.00000
     -0.69151      3.16830      0.00000      0.00000
     -0.68151      2.83304      0.00000      0.00000
     -0.67151      3.25644      0.00000      0.00000
     -0.66151      3.69029      0.00000      0.00000
     -0.65151      3.62996      0.00000      0.00000
     -0.64151      3.04324      0.00000      0.00000
     -0.63151      2.35428      0.00000      0.00000
     -0.62151      1.83053      0.00000      0.00000
     -0.61151      1.79224      0.00000      0.00000
     -0.60151      1.86322      0.00000      0.00000
     -0.59151      1.74193      0.00000      0.00000
     -0.58151      1.35411      0.00000      0.00000
     -0.57151      0.93706      0.00000      0.00000
     -0.56151      0.82161      0.00000      0.00000
     -0.55151      1.02902      0.00000      0.00000
     -0.54151      1.37171      0.00000      0.00000
     -0.53151      1.46002      0.00000      0.00000
     -0.52151      1.21881      0.00000      0.00000
     -0.51151      0.96412      0.00000      0.00000
     -0.50151      0.78726      0.00000      0.00000
     -0.49151      0.76548      0.00000      0.00000
     -0.48151      0.96686      0.00000      0.00000
     -0.47151      1.00636      0.00000      0.00000
     -0.46151      0.96131      0.00000      0.00000
     -0.45151      0.88831      0.00000      0.00000
     -0.44151      0.76852      0.00000      0.00000
     -0.43151      0.59624      0.00000      0.00000
     -0.42151      0.51808      0.00000      0.00000
     -0.41151      0.55950      0.00000      0.00000
     -0.40151      0.55303      0.00000      0.00000
     -0.39151      0.49608      0.00000      0.00000
     -0.38151      0.43511      0.00000      0.00000
     -0.37151      0.43759      0.00000      0.00000
     -0.36151      0.50329      0.00000      0.00000
     -0.35151      0.54081      0.00000      0.00000
     -0.34151      0.35670      0.00000      0.00000
     -0.33151      0.25854      0.00000      0.00000
     -0.32151      0.51334      0.00000      0.00000
     -0.31151      0.73369      0.00000      0.00000
     -0.30151      0.83844      0.00000      0.00000
     -0.29151      0.88799      0.00000      0.00000
     -0.28151      0.56050      0.00000      0.00000
     -0.27151      0.15956      0.00000      0.00000
     -0.26151      0.03491      0.00000      0.00000
     -0.25151      0.14880      0.00000      0.00000
     -0.24151      0.48746      0.00000      0.00000
     -0.23151      0.60184      0.00000      0.00000
     -0.22151      0.32543      0.00000      0.00000
     -0.21151      0.21720      0.00000      0.00000
     -0.20151      0.29831      0.00000      0.00000
     -0.19151      0.36386      0.00000      0.00000
     -0.18151      0.30787      0.00000      0.00000
     -0.17151      0.38811      0.00000      0.00000
     -0.16151      0.58421      0.00000      0.00000
     -0.15151      0.56503      0.00000      0.00000
     -0.14151      0.44415      0.00000      0.00000
     -0.13151      0.25613      0.00000      0.00000
     -0.12151      0.09178      0.00000      0.00000
     -0.11151      0.11874      0.00000      0.00000
     -0.10151      0.25203      0.00000      0.00000
     -0.09151      0.36144      0.00000      0.00000
     -0.08151      0.32024      0.00000      0.00000
     -0.07151      0.23988      0.00000      0.00000
     -0.06151      0.31772      0.00000      0.00000
     -0.05151      0.30691      0.00000      0.00000
     -0.04151      0.29893      0.00000      0.00000
     -0.03151      0.31934      0.00000      0.00000
     -0.02151      0.19419      0.00000      0.00000
     -0.01151      0.15420      0.00000      0.00000
     -0.00151      0.14888      0.00000      0.00000
      0.00849      0.06329      0.00000      0.00000
      0.01849      0.01001      0.00000      0.00000
      0.02849      0.00058      0.00000      0.00000
      0.03849      0.00001      0.00000      0.00000
      0.04849      0.00000      0.00000      0.00000
      0.05849      0.00000      0.00000      0.00000
      0.06849      0.00000      0.00000      0.00000
      0.07849      0.00000      0.00000      0.00000
      0.08849      0.00000      0.00000      0.00000
      0.09849      0.00000      0.00000      0.00000
      0.10849      0.00000      0.00000      0.00000
      0.11849      0.00000      0.00000      0.00000
      0.12849      0.00000      0.00000      0.00000
      0.13849      0.00000      0.00000      0.00000
      0.14849      0.00000      0.00000      0.00000
      0.15849      0.00000      0.00000      0.00000
      0.16849      0.00000      0.00000      0.00000
      0.17849      0.00000      0.00000      0.00000
      0.18849      0.00000      0.00000      0.00000
      0.19849      0.00000      0.00000      0.00000
      0.20849      0.00000      0.00000      0.00000
      0.21849      0.00000      0.00000      0.00000
      0.22849      0.00000      0.00000      0.00000
      0.23849      0.00000      0.00000      0.00000
      0.24849      0.00000      0.00000      0.00000
      0.25849      0.00000      0.00000      0.00000
      0.26849      0.00000      0.00000      0.00000
      0.27849      0.00000      0.00000      0.00000
      0.28849      0.00000      0.00000      0.00000
      0.29849      0.00000      0.00000      0.00000
      0.30849      0.00000      0.00000      0.00000
      0.31849      0.00000      0.00000      0.00000
      0.32849      0.00000      0.00000      0.00000
      0.33849      0.00000      0.00000      0.00000
      0.34849      0.00000      0.00000      0.00000
      0.35849      0.00000      0.00000      0.00000
      0.36849      0.00000      0.00000      0.00000
      0.37849      0.00000      0.00000      0.00000
      0.38849      0.00000      0.00000      0.00000
      0.39849      0.00000      0.00000      0.00000
      0.40849      0.00000      0.00000      0.00000
      0.41849      0.00000      0.00000      0.00000
      0.42849      0.00000      0.00000      0.00000
      0.43849      0.00000      0.00000      0.00000
      0.44849      0.00000      0.00000      0.00000
      0.45849      0.00000      0.00000      0.00000
      0.46849      0.00000      0.00000      0.00000
      0.47849      0.00000      0.00000      0.00000
      0.48849      0.00000      0.00000      0.00000
      0.49849      0.00000      0.00000      0.00000
      0.50849      0.00000      0.00000      0.00000
      0.51849      0.00000      0.00000      0.00000
      0.52849      0.00000      0.00000      0.00000
      0.53849      0.00000      0.00000      0.00000
      0.54849      0.00000      0.00000      0.00000
      0.55849      0.00000      0.00000      0.00000
      0.56849      0.00000      0.00000      0.00000
      0.57849      0.00000      0.00000      0.00000
      0.58849      0.00000      0.00000      0.00000
      0.59849      0.00000      0.00000      0.00000
      0.60849      0.00000      0.00000      0.00000
      0.61849      0.00000      0.00000      0.00000
      0.62849      0.00000      0.00000      0.00000
      0.63849      0.00000      0.00000      0.00000
      0.64849      0.00000      0.00000      0.00000
      0.65849      0.00000      0.00000      0.00000
      0.66849      0.00000      0.00000      0.00000
      0.67849      0.00000      0.00000      0.00000
      0.68849      0.00000      0.00000      0.00000
      0.69849      0.00000      0.00000      0.00000
      0.70849      0.00000      0.00000      0.00000
      0.71849      0.00000      0.00000      0.00000
      0.72849      0.00000      0.00000      0.00000
      0.73849      0.00000      0.00000      0.00000
      0.74849      0.00000      0.00000      0.00000
      0.75849      0.00000      0.00000      0.00000
      0.76849      0.00000      0.00000      0.00000
      0.77849      0.00000      0.00000      0.00000
      0.78849      0.00000      0.00000      0.00000
      0.79849      0.00000      0.00000      0.00000
      0.80849      0.00000      0.00000      0.00000
      0.81849      0.00000      0.00000      0.00000
      0.82849      0.00000      0.00000      0.00000
      0.83849      0.00000      0.00000      0.00000
      0.84849      0.00000      0.00000      0.00000
      0.85849      0.00000      0.00000      0.00000
      0.86849      0.00000      0.00000      0.00000
      0.87849      0.00000      0.00000      0.00000
      0.88849      0.00000      0.00000      0.00000
      0.89849      0.00000      0.00000      0.00000
      0.90849      0.00000      0.00000      0.00000
      0.91849      0.00000      0.00000      0.00000
      0.92849      0.00000      0.00000      0.00000
      0.93849      0.00000      0.00000      0.00000
      0.94849      0.00000      0.00000      0.00000
      0.95849      0.00000      0.00000      0.00000
      0.96849      0.00000      0.00000      0.00000
      0.97849      0.00000      0.00000      0.00000
      0.98849      0.00000      0.00000      0.00000
      0.99849      0.00000      0.00000      0.00000
      1.00849      0.00000      0.00000      0.00000
      1.01849      0.00000      0.00000      0.00000
      1.02849      0.00000      0.00000      0.00000
      1.03849      0.00000      0.00000      0.00000
      1.04849      0.00000      0.00000      0.00000
      1.05849      0.00000      0.00000      0.00000
      1.06849      0.00000      0.00000      0.00000
      1.07849      0.00000      0.00000      0.00000
      1.08849      0.00000      0.00000      0.00000
      1.09849      0.00000      0.00000      0.00000
      1.10849      0.00000      0.00000      0.00000
      1.11849      0.00000      0.00000      0.00000
      1.12849      0.00000      0.00000      0.00000
      1.13849      0.00000      0.00000      0.00000
      1.14849      0.00000      0.00000      0.00000
      1.15849      0.00000      0.00000      0.00000
      1.16849      0.00000      0.00000      0.00000
      1.17849      0.00000      0.00000      0.00000
      1.18849      0.00000      0.00000      0.00000
      1.19849      0.00000      0.00000      0.00000
      1.20849      0.00000      0.00000      0.00000
      1.21849      0.00000      0.00000      0.00000
      1.22849      0.00000      0.00000      0.00000
      1.23849      0.00000      0.00000      0.00000
      1.24849      0.00000      0.00000      0.00000
      1.25849      0.00000      0.00000      0.00000
      1.26849      0.00000      0.00000      0.00000
      1.27849      0.00000      0.00000      0.00000
      1.28849      0.00000      0.00000      0.00000
      1.29849      0.00000      0.00000      0.00000
      1.30849      0.00000      0.00000      0.00000
      1.31849      0.00000      0.00000      0.00000
      1.32849      0.00000      0.00000      0.00000
      1.33849      0.00000      0.00000      0.00000
      1.34849      0.00000      0.00000      0.00000
      1.35849      0.00000      0.00000      0.00000
      1.36849      0.00000      0.00000      0.00000
      1.37849      0.00000      0.00000      0.00000
      1.38849      0.00000      0.00000      0.00000
      1.39849      0.00000      0.00000      0.00000
      1.40849      0.00000      0.00000      0.00000
      1.41849      0.00000      0.00000      0.00000
      1.42849      0.00000      0.00000      0.00000
      1.43849      0.00000      0.00000      0.00000
      1.44849      0.00000      0.00000      0.00000
      1.45849      0.00000      0.00000      0.00000
      1.46849      0.00000      0.00000      0.00000
      1.47849      0.00000      0.00000      0.00000
      1.48849      0.00000      0.00000      0.00000
      1.49849      0.00000      0.00000      0.00000
      1.50849      0.00000      0.00000      0.00000
      1.51849      0.00000      0.00000      0.00000
      1.52849      0.00000      0.00000      0.00000
      1.53849      0.00000      0.00000      0.00000
      1.54849      0.00000      0.00000      0.00000
      1.55849      0.00000      0.00000      0.00000
      1.56849      0.00000      0.00000      0.00000
      1.57849      0.00000      0.00000      0.00000
      1.58849      0.00000      0.00000      0.00000
      1.59849      0.00000      0.00000      0.00000
      1.60849      0.00000      0.00000      0.00000
      1.61849      0.00000      0.00000      0.00000
      1.62849      0.00000      0.00000      0.00000
      1.63849      0.00000      0.00000      0.00000
      1.64849      0.00000      0.00000      0.00000
      1.65849      0.00000      0.00000      0.00000
      1.66849      0.00000      0.00000      0.00000
      1.67849      0.00000      0.00000      0.00000
      1.68849      0.00000      0.00000      0.00000
      1.69849      0.00000      0.00000      0.00000
      1.70849      0.00000      0.00000      0.00000
      1.71849      0.00000      0.00000      0.00000
      1.72849      0.00000      0.00000      0.00000
      1.73849      0.00000      0.00000      0.00000
      1.74849      0.00000      0.00000      0.00000
      1.75849      0.00023      0.00000      0.00000
      1.76849      0.00673      0.00000      0.00000
      1.77849      0.07483      0.00000      0.00000
      1.78849      0.34342      0.00000      0.00000
      1.79849      0.80173      0.00000      0.00000
      1.80849      1.29011      0.00000      0.00000
      1.81849      1.49314      0.00000      0.00000
      1.82849      1.36954      0.00000      0.00000
      1.83849      1.42806      0.00000      0.00000
      1.84849      1.35732      0.00000      0.00000
      1.85849      1.07916      0.00000      0.00000
      1.86849      1.38039      0.00000      0.00000
      1.87849      1.98343      0.00000      0.00000
      1.88849      2.06228      0.00000      0.00000
      1.89849      1.78475      0.00000      0.00000
      1.90849      1.56609      0.00000      0.00000
      1.91849      1.71812      0.00000      0.00000
      1.92849      2.26109      0.00000      0.00000
      1.93849      2.28194      0.00000      0.00000
      1.94849      1.65338      0.00000      0.00000
      1.95849      1.63017      0.00000      0.00000
      1.96849      2.57233      0.00000      0.00000
      1.97849      3.45790      0.00000      0.00000
      1.98849      3.81299      0.00000      0.00000
      1.99849      3.92716      0.00000      0.00000
      2.00849      4.07094      0.00000      0.00000
      2.01849      4.23529      0.00000      0.00000
      2.02849      4.14769      0.00000      0.00000
      2.03849      4.20989      0.00000      0.00000
      2.04849      4.78985      0.00000      0.00000
      2.05849      5.24440      0.00000      0.00000
      2.06849      4.97601      0.00000      0.00000
      2.07849      5.28842      0.00000      0.00000
      2.08849      6.48996      0.00000      0.00000
      2.09849      7.31899      0.00000      0.00000
      2.10849      7.79349      0.00000      0.00000
      2.11849      8.39511      0.00000      0.00000
      2.12849      8.32017      0.00000      0.00000
      2.13849      7.37483      0.00000      0.00000
      2.14849      6.11306      0.00000      0.00000
      2.15849      5.03226      0.00000      0.00000
      2.16849      5.20550      0.00000      0.00000
      2.17849      6.23527      0.00000      0.00000
      2.18849      6.76778      0.00000      0.00000
      2.19849      6.34019      0.00000      0.00000
      2.20849      5.29030      0.00000      0.00000
      2.21849      4.29977      0.00000      0.00000
      2.22849      4.38243      0.00000      0.00000
      2.23849      5.70673      0.00000      0.00000
      2.24849      7.04678      0.00000      0.00000
      2.25849      7.10682      0.00000      0.00000
      2.26849      6.14785      0.00000      0.00000
      2.27849      5.70363      0.00000      0.00000
      2.28849      6.08928      0.00000      0.00000
      2.29849      6.05693      0.00000      0.00000
      2.30849      5.40544      0.00000      0.00000
      2.31849      5.44086      0.00000      0.00000
      2.32849      5.97113      0.00000      0.00000
      2.33849      5.59625      0.00000      0.00000
      2.34849      4.51395      0.00000      0.00000
      2.35849      3.70690      0.00000      0.00000
      2.36849      3.32987      0.00000      0.00000
      2.37849      3.58771      0.00000      0.00000
      2.38849      4.76095      0.00000      0.00000
      2.39849      5.63650      0.00000      0.00000
      2.40849      5.26610      0.00000      0.00000
      2.41849      4.52422      0.00000      0.00000
      2.42849      4.63527      0.00000      0.00000
      2.43849      4.53589      0.00000      0.00000
      2.44849      3.35284      0.00000      0.00000
      2.45849      2.63637      0.00000      0.00000
      2.46849      2.98982      0.00000      0.00000
      2.47849      3.75450      0.00000      0.00000
      2.48849      4.64160      0.00000      0.00000
      2.49849      4.72987      0.00000      0.00000
      2.50849      3.65662      0.00000      0.00000
      2.51849      2.63982      0.00000      0.00000
      2.52849      2.64498      0.00000      0.00000
      2.53849      3.34815      0.00000      0.00000
      2.54849      3.82300      0.00000      0.00000
      2.55849      4.20546      0.00000      0.00000
      2.56849      4.52402      0.00000      0.00000
      2.57849      3.86214      0.00000      0.00000
      2.58849      3.37026      0.00000      0.00000
      2.59849      4.13460      0.00000      0.00000
      2.60849      6.63552      0.00000      0.00000
      2.61849     10.39847      0.00000      0.00000
      2.62849     12.29973      0.00000      0.00000
      2.63849     11.44111      0.00000      0.00000
      2.64849     11.21945      0.00000      0.00000
      2.65849     12.52935      0.00000      0.00000
      2.66849     13.73265      0.00000      0.00000
      2.67849     12.48785      0.00000      0.00000
      2.68849     10.17864      0.00000      0.00000
      2.69849      8.92655      0.00000      0.00000
      2.70849      8.23647      0.00000      0.00000
      2.71849      7.76985      0.00000      0.00000
      2.72849      7.56420      0.00000      0.00000
      2.73849      7.89541      0.00000      0.00000
      2.74849      8.82430      0.00000      0.00000
      2.75849      8.93429      0.00000      0.00000
      2.76849      7.84597      0.00000      0.00000
      2.77849      7.18616      0.00000      0.00000
      2.78849      7.75821      0.00000      0.00000
      2.79849      8.30155      0.00000      0.00000
      2.80849      7.49129      0.00000      0.00000
      2.81849      6.83936      0.00000      0.00000
      2.82849      6.63676      0.00000      0.00000
      2.83849      6.87186      0.00000      0.00000
      2.84849      7.13624      0.00000      0.00000
      2.85849      6.40145      0.00000      0.00000
      2.86849      5.69945      0.00000      0.00000
      2.87849      6.28834      0.00000      0.00000
      2.88849      7.08742      0.00000      0.00000
      2.89849      6.68118      0.00000      0.00000
      2.90849      6.10350      0.00000      0.00000
      2.91849      6.56399      0.00000      0.00000
      2.92849      7.37507      0.00000      0.00000
      2.93849      7.43169      0.00000      0.00000
      2.94849      8.23558      0.00000      0.00000
      2.95849     10.32581      0.00000      0.00000
      2.96849     11.55082      0.00000      0.00000
      2.97849     11.17199      0.00000      0.00000
      2.98849     11.63160      0.00000      0.00000
      2.99849     12.72767      0.00000      0.00000
      3.00849     13.75963      0.00000      0.00000
      3.01849     14.53584      0.00000      0.00000
      3.02849     12.68946      0.00000      0.00000
      3.03849      9.75100      0.00000      0.00000
      3.04849      7.94536      0.00000      0.00000
      3.05849      8.39634      0.00000      0.00000
      3.06849     10.75619      0.00000      0.00000
      3.07849     11.24930      0.00000      0.00000
      3.08849      8.99173      0.00000      0.00000
      3.09849      6.80837      0.00000      0.00000
      3.10849      5.59272      0.00000      0.00000
      3.11849      5.23958      0.00000      0.00000
      3.12849      5.52075      0.00000      0.00000
      3.13849      6.65441      0.00000      0.00000
      3.14849      8.23133      0.00000      0.00000
      3.15849      8.96223      0.00000      0.00000
      3.16849      8.00778      0.00000      0.00000
      3.17849      6.28158      0.00000      0.00000
      3.18849      5.88868      0.00000      0.00000
      3.19849      6.53175      0.00000      0.00000
      3.20849      6.99989      0.00000      0.00000
      3.21849      7.60272      0.00000      0.00000
      3.22849      6.96086      0.00000      0.00000
      3.23849      5.84307      0.00000      0.00000
      3.24849      5.53182      0.00000      0.00000
      3.25849      4.83502      0.00000      0.00000
      3.26849      4.64881      0.00000      0.00000
      3.27849      5.13518      0.00000      0.00000
      3.28849      5.50767      0.00000      0.00000
      3.29849      5.17269      0.00000      0.00000
      3.30849      4.25500      0.00000      0.00000
      3.31849      4.27259      0.00000      0.00000
      3.32849      5.38597      0.00000      0.00000
      3.33849      6.33602      0.00000      0.00000
      3.34849      7.23762      0.00000      0.00000
      3.35849      7.34683      0.00000      0.00000
      3.36849      5.48165      0.00000      0.00000
      3.37849      4.39836      0.00000      0.00000
      3.38849      5.14999      0.00000      0.00000
      3.39849      6.19385      0.00000      0.00000
      3.40849      6.69911      0.00000      0.00000
      3.41849      6.53743      0.00000      0.00000
      3.42849      5.36555      0.00000      0.00000
      3.43849      3.95882      0.00000      0.00000
      3.44849      3.54137      0.00000      0.00000
      3.45849      4.74197      0.00000      0.00000
      3.46849      6.42420      0.00000      0.00000
      3.47849      6.65993      0.00000      0.00000
      3.48849      6.15439      0.00000      0.00000
      3.49849      6.90512      0.00000      0.00000
      3.50849      7.17936      0.00000      0.00000
      3.51849      5.62751      0.00000      0.00000
      3.52849      4.55693      0.00000      0.00000
      3.53849      5.21698      0.00000      0.00000
      3.54849      5.79235      0.00000      0.00000
      3.55849      4.96286      0.00000      0.00000
      3.56849      4.02687      0.00000      0.00000
      3.57849      4.40065      0.00000      0.00000
      3.58849      4.60258      0.00000      0.00000
      3.59849      3.68721      0.00000      0.00000
      3.60849      3.28156      0.00000      0.00000
      3.61849      3.36642      0.00000      0.00000
      3.62849      3.48455      0.00000      0.00000
      3.63849      3.12554      0.00000      0.00000
      3.64849      2.57711      0.00000      0.00000
      3.65849      2.55068      0.00000      0.00000
      3.66849      2.92758      0.00000      0.00000
      3.67849      3.37270      0.00000      0.00000
      3.68849      3.46383      0.00000      0.00000
      3.69849      4.07968      0.00000      0.00000
      3.70849      4.82955      0.00000      0.00000
      3.71849      4.64998      0.00000      0.00000
      3.72849      4.01212      0.00000      0.00000
      3.73849      4.02404      0.00000      0.00000
      3.74849      4.29915      0.00000      0.00000
      3.75849      4.11880      0.00000      0.00000
      3.76849      3.32092      0.00000      0.00000
      3.77849      2.68586      0.00000      0.00000
      3.78849      2.73765      0.00000      0.00000
      3.79849      2.68033      0.00000      0.00000
      3.80849      2.82311      0.00000      0.00000
      3.81849      3.39850      0.00000      0.00000
      3.82849      3.56220      0.00000      0.00000
      3.83849      3.66647      0.00000      0.00000
      3.84849      3.42506      0.00000      0.00000
      3.85849      2.88986      0.00000      0.00000
      3.86849      2.59417      0.00000      0.00000
      3.87849      2.84044      0.00000      0.00000
      3.88849      3.92824      0.00000      0.00000
      3.89849      5.11951      0.00000      0.00000
      3.90849      5.06872      0.00000      0.00000
      3.91849      4.36048      0.00000      0.00000
      3.92849      3.49131      0.00000      0.00000
      3.93849      2.54582      0.00000      0.00000
      3.94849      2.11656      0.00000      0.00000
      3.95849      2.31754      0.00000      0.00000
      3.96849      3.15598      0.00000      0.00000
      3.97849      4.45300      0.00000      0.00000
      3.98849      5.02195      0.00000      0.00000
      3.99849      4.21101      0.00000      0.00000
      4.00849      3.24628      0.00000      0.00000
      4.01849      2.65879      0.00000      0.00000
      4.02849      2.15082      0.00000      0.00000
      4.03849      2.32430      0.00000      0.00000
      4.04849      3.75248      0.00000      0.00000
      4.05849      4.59755      0.00000      0.00000
      4.06849      3.81031      0.00000      0.00000
      4.07849      2.69307      0.00000      0.00000
      4.08849      2.10351      0.00000      0.00000
      4.09849      1.54054      0.00000      0.00000
      4.10849      1.21464      0.00000      0.00000
      4.11849      1.41262      0.00000      0.00000
      4.12849      1.82015      0.00000      0.00000
      4.13849      2.27949      0.00000      0.00000
      4.14849      2.23744      0.00000      0.00000
      4.15849      1.40703      0.00000      0.00000
      4.16849      0.70508      0.00000      0.00000
      4.17849      0.58810      0.00000      0.00000
      4.18849      0.96201      0.00000      0.00000
      4.19849      1.72504      0.00000      0.00000
      4.20849      2.69423      0.00000      0.00000
      4.21849      3.25239      0.00000      0.00000
      4.22849      2.58439      0.00000      0.00000
      4.23849      1.41847      0.00000      0.00000
      4.24849      0.76219      0.00000      0.00000
      4.25849      0.76426      0.00000      0.00000
      4.26849      0.94648      0.00000      0.00000
      4.27849      1.36791      0.00000      0.00000
      4.28849      1.93169      0.00000      0.00000
      4.29849      1.79095      0.00000      0.00000
      4.30849      1.11940      0.00000      0.00000
      4.31849      0.88772      0.00000      0.00000
      4.32849      1.61749      0.00000      0.00000
      4.33849      2.68850      0.00000      0.00000
      4.34849      3.74030      0.00000      0.00000
      4.35849      3.97412      0.00000      0.00000
      4.36849      3.14101      0.00000      0.00000
      4.37849      2.52494      0.00000      0.00000
      4.38849      2.35953      0.00000      0.00000
      4.39849      2.50998      0.00000      0.00000
      4.40849      2.75513      0.00000      0.00000
      4.41849      2.71159      0.00000      0.00000
      4.42849      2.81863      0.00000      0.00000
      4.43849      3.63203      0.00000      0.00000
      4.44849      4.32715      0.00000      0.00000
      4.45849      4.50858      0.00000      0.00000
      4.46849      4.34756      0.00000      0.00000
      4.47849      3.96659      0.00000      0.00000
      4.48849      4.30819      0.00000      0.00000
      4.49849      4.86264      0.00000      0.00000
      4.50849      4.60122      0.00000      0.00000
      4.51849      4.42428      0.00000      0.00000
      4.52849      5.30758      0.00000      0.00000
      4.53849      6.51334      0.00000      0.00000
      4.54849      7.25765      0.00000      0.00000
      4.55849      7.94654      0.00000      0.00000
      4.56849      8.66964      0.00000      0.00000
      4.57849      8.66897      0.00000      0.00000
      4.58849      8.84695      0.00000      0.00000
      4.59849      9.17861      0.00000      0.00000
      4.60849      8.55028      0.00000      0.00000
      4.61849      8.76612      0.00000      0.00000
      4.62849     10.04182      0.00000      0.00000
      4.63849      9.91968      0.00000      0.00000
      4.64849      8.31093      0.00000      0.00000
      4.65849      7.74839      0.00000      0.00000
      4.66849      7.90547      0.00000      0.00000
      4.67849      7.51730      0.00000      0.00000
      4.68849      6.65424      0.00000      0.00000
      4.69849      5.69428      0.00000      0.00000
      4.70849      5.74486      0.00000      0.00000
      4.71849      6.36572      0.00000      0.00000
      4.72849      6.47722      0.00000      0.00000
      4.73849      6.16209      0.00000      0.00000
      4.74849      6.01001      0.00000      0.00000
      4.75849      5.63113      0.00000      0.00000
      4.76849      5.13155      0.00000      0.00000
      4.77849      4.64828      0.00000      0.00000
      4.78849      4.03856      0.00000      0.00000
      4.79849      3.38796      0.00000      0.00000
      4.80849      2.72478      0.00000      0.00000
      4.81849      2.63121      0.00000      0.00000
      4.82849      3.40586      0.00000      0.00000
      4.83849      3.82319      0.00000      0.00000
      4.84849      3.03797      0.00000      0.00000
      4.85849      2.06965      0.00000      0.00000
      4.86849      1.86931      0.00000      0.00000
      4.87849      2.14145      0.00000      0.00000
      4.88849      2.82369      0.00000      0.00000
      4.89849      3.45957      0.00000      0.00000
      4.90849      3.47964      0.00000      0.00000
      4.91849      3.23938      0.00000      0.00000
      4.92849      2.76442      0.00000      0.00000
      4.93849      2.55780      0.00000      0.00000
      4.94849      2.24552      0.00000      0.00000
      4.95849      1.44070      0.00000      0.00000
      4.96849      1.25792      0.00000      0.00000
      4.97849      1.97722      0.00000      0.00000
      4.98849      2.75408      0.00000      0.00000
      4.99849      3.34450      0.00000      0.00000
      5.00849      3.35093      0.00000      0.00000
      5.01849      2.59128      0.00000      0.00000
      5.02849      1.93885      0.00000      0.00000
      5.03849      1.98014      0.00000      0.00000
      5.04849      2.11636      0.00000      0.00000
      5.05849      1.74476      0.00000      0.00000
      5.06849      1.53208      0.00000      0.00000
      5.07849      1.54063      0.00000      0.00000
      5.08849      1.36828      0.00000      0.00000
      5.09849      1.26160      0.00000      0.00000
      5.10849      1.36503      0.00000      0.00000
      5.11849      1.52581      0.00000      0.00000
      5.12849      1.78807      0.00000      0.00000
      5.13849      2.06623      0.00000      0.00000
      5.14849      2.40366      0.00000      0.00000
      5.15849      2.38253      0.00000      0.00000
      5.16849      2.07839      0.00000      0.00000
      5.17849      1.96085      0.00000      0.00000
      5.18849      1.59992      0.00000      0.00000
      5.19849      1.45704      0.00000      0.00000
      5.20849      1.41707      0.00000      0.00000
      5.21849      1.36203      0.00000      0.00000
      5.22849      1.32309      0.00000      0.00000
      5.23849      1.17126      0.00000      0.00000
      5.24849      1.16574      0.00000      0.00000
      5.25849      1.32361      0.00000      0.00000
      5.26849      1.83679      0.00000      0.00000
      5.27849      2.55828      0.00000      0.00000
      5.28849      2.67711      0.00000      0.00000
      5.29849      2.11978      0.00000      0.00000
      5.30849      1.69412      0.00000      0.00000
      5.31849      1.44832      0.00000      0.00000
      5.32849      0.89897      0.00000      0.00000
      5.33849      0.65073      0.00000      0.00000
      5.34849      1.21887      0.00000      0.00000
      5.35849      1.64268      0.00000      0.00000
      5.36849      1.13438      0.00000      0.00000
      5.37849      0.64009      0.00000      0.00000
      5.38849      0.81263      0.00000      0.00000
      5.39849      1.36202      0.00000      0.00000
      5.40849      1.78482      0.00000      0.00000
      5.41849      1.61776      0.00000      0.00000
      5.42849      1.32005      0.00000      0.00000
      5.43849      1.58512      0.00000      0.00000
      5.44849      1.69556      0.00000      0.00000
      5.45849      1.46922      0.00000      0.00000
      5.46849      1.72921      0.00000      0.00000
      5.47849      2.16578      0.00000      0.00000
      5.48849      1.81021      0.00000      0.00000
      5.49849      0.90529      0.00000      0.00000
      5.50849      0.50650      0.00000      0.00000
      5.51849      0.75806      0.00000      0.00000
      5.52849      0.75719      0.00000      0.00000
      5.53849      0.70201      0.00000      0.00000
      5.54849      1.12262      0.00000      0.00000
      5.55849      1.56697      0.00000      0.00000
      5.56849      1.64408      0.00000      0.00000
      5.57849      1.58032      0.00000      0.00000
      5.58849      1.77300      0.00000      0.00000
      5.59849      2.02953      0.00000      0.00000
      5.60849      2.00244      0.00000      0.00000
      5.61849      1.90445      0.00000      0.00000
      5.62849      1.49696      0.00000      0.00000
      5.63849      1.21429      0.00000      0.00000
      5.64849      1.22649      0.00000      0.00000
      5.65849      1.17205      0.00000      0.00000
      5.66849      1.37640      0.00000      0.00000
      5.67849      1.49924      0.00000      0.00000
      5.68849      1.45936      0.00000      0.00000
      5.69849      1.72989      0.00000      0.00000
      5.70849      2.23411      0.00000      0.00000
      5.71849      2.49335      0.00000      0.00000
      5.72849      2.11150      0.00000      0.00000
      5.73849      1.74229      0.00000      0.00000
      5.74849      1.88057      0.00000      0.00000
      5.75849      1.92010      0.00000      0.00000
      5.76849      1.52635      0.00000      0.00000
      5.77849      1.28859      0.00000      0.00000
      5.78849      1.22747      0.00000      0.00000
      5.79849      1.67127      0.00000      0.00000
      5.80849      2.48254      0.00000      0.00000
      5.81849      2.62350      0.00000      0.00000
      5.82849      1.83189      0.00000      0.00000
      5.83849      1.06007      0.00000      0.00000
      5.84849      0.68571      0.00000      0.00000
      5.85849      1.00372      0.00000      0.00000
      5.86849      2.09901      0.00000      0.00000
      5.87849      3.34715      0.00000      0.00000
      5.88849      3.45419      0.00000      0.00000
      5.89849      2.61770      0.00000      0.00000
      5.90849      2.09604      0.00000      0.00000
      5.91849      1.57019      0.00000      0.00000
      5.92849      1.07553      0.00000      0.00000
      5.93849      1.35382      0.00000      0.00000
      5.94849      1.98454      0.00000      0.00000
      5.95849      2.06062      0.00000      0.00000
      5.96849      1.89517      0.00000      0.00000
      5.97849      2.07898      0.00000      0.00000
      5.98849      2.53700      0.00000      0.00000
      5.99849      2.65680      0.00000      0.00000
      6.00849      2.44124      0.00000      0.00000
      6.01849      2.31424      0.00000      0.00000
      6.02849      2.09208      0.00000      0.00000
      6.03849      1.97699      0.00000      0.00000
      6.04849      2.04309      0.00000      0.00000
      6.05849      2.10768      0.00000      0.00000
      6.06849      1.95930      0.00000      0.00000
      6.07849      1.53455      0.00000      0.00000
      6.08849      1.26165      0.00000      0.00000
      6.09849      1.37681      0.00000      0.00000
      6.10849      1.62078      0.00000      0.00000
      6.11849      2.17199      0.00000      0.00000
      6.12849      2.27710      0.00000      0.00000
      6.13849      1.66328      0.00000      0.00000
      6.14849      1.36305      0.00000      0.00000
      6.15849      1.28615      0.00000      0.00000
      6.16849      0.97209      0.00000      0.00000
      6.17849      0.68700      0.00000      0.00000
      6.18849      1.18612      0.00000      0.00000
      6.19849      2.10597      0.00000      0.00000
      6.20849      2.12242      0.00000      0.00000
      6.21849      1.49634      0.00000      0.00000
      6.22849      1.27567      0.00000      0.00000
      6.23849      1.33943      0.00000      0.00000
      6.24849      1.72940      0.00000      0.00000
      6.25849      2.17873      0.00000      0.00000
      6.26849      1.73433      0.00000      0.00000
      6.27849      1.30738      0.00000      0.00000
      6.28849      1.34564      0.00000      0.00000
      6.29849      1.54312      0.00000      0.00000
      6.30849      1.58565      0.00000      0.00000
      6.31849      1.44457      0.00000      0.00000
      6.32849      1.39289      0.00000      0.00000
      6.33849      1.51004      0.00000      0.00000
      6.34849      2.01773      0.00000      0.00000
      6.35849      2.03050      0.00000      0.00000
      6.36849      1.48074      0.00000      0.00000
      6.37849      1.35571      0.00000      0.00000
      6.38849      1.62508      0.00000      0.00000
      6.39849      2.18413      0.00000      0.00000
      6.40849      2.43069      0.00000      0.00000
      6.41849      2.42242      0.00000      0.00000
      6.42849      2.46277      0.00000      0.00000
      6.43849      2.20791      0.00000      0.00000
      6.44849      1.72252      0.00000      0.00000
      6.45849      1.33796      0.00000      0.00000
      6.46849      1.42370      0.00000      0.00000
      6.47849      1.93243      0.00000      0.00000
      6.48849      2.06000      0.00000      0.00000
      6.49849      1.80574      0.00000      0.00000
      6.50849      1.85404      0.00000      0.00000
      6.51849      2.39516      0.00000      0.00000
      6.52849      2.78079      0.00000      0.00000
      6.53849      2.39173      0.00000      0.00000
      6.54849      1.97283      0.00000      0.00000
      6.55849      1.59424      0.00000      0.00000
      6.56849      1.04357      0.00000      0.00000
      6.57849      1.00000      0.00000      0.00000
      6.58849      1.79711      0.00000      0.00000
      6.59849      2.60136      0.00000      0.00000
      6.60849      2.82372      0.00000      0.00000
      6.61849      3.22966      0.00000      0.00000
      6.62849      4.21086      0.00000      0.00000
      6.63849      4.15416      0.00000      0.00000
      6.64849      2.75475      0.00000      0.00000
      6.65849      1.90851      0.00000      0.00000
      6.66849      2.15090      0.00000      0.00000
      6.67849      2.33570      0.00000      0.00000
      6.68849      2.70637      0.00000      0.00000
      6.69849      3.23672      0.00000      0.00000
      6.70849      2.91200      0.00000      0.00000
      6.71849      2.51515      0.00000      0.00000
      6.72849      2.82408      0.00000      0.00000
      6.73849      3.19986      0.00000      0.00000
      6.74849      3.11337      0.00000      0.00000
      6.75849      2.56892      0.00000      0.00000
      6.76849      2.12493      0.00000      0.00000
      6.77849      2.16293      0.00000      0.00000
      6.78849      2.89842      0.00000      0.00000
      6.79849      3.25974      0.00000      0.00000
      6.80849      2.32585      0.00000      0.00000
      6.81849      1.15346      0.00000      0.00000
      6.82849      0.73768      0.00000      0.00000
      6.83849      0.91685      0.00000      0.00000
      6.84849      1.35211      0.00000      0.00000
      6.85849      1.83126      0.00000      0.00000
      6.86849      2.30108      0.00000      0.00000
      6.87849      2.63095      0.00000      0.00000
      6.88849      2.38049      0.00000      0.00000
      6.89849      1.75212      0.00000      0.00000
      6.90849      1.54323      0.00000      0.00000
