Energy-E_F (eV)    DOS (1/eV)    PDOS (1/eV)  of atom type Mo S  
     -5.50632     12.20479      0.00000      0.00000
     -5.49632     11.56592      0.00000      0.00000
     -5.48632      9.92752      0.00000      0.00000
     -5.47632      9.90752      0.00000      0.00000
     -5.46632     10.23364      0.00000      0.00000
     -5.45632     10.96278      0.00000      0.00000
     -5.44632     12.02289      0.00000      0.00000
     -5.43632     12.60415      0.00000      0.00000
     -5.42632     11.54261      0.00000      0.00000
     -5.41632     10.04631      0.00000      0.00000
     -5.40632      9.70613      0.00000      0.00000
     -5.39632      8.68016      0.00000      0.00000
     -5.38632      7.65290      0.00000      0.00000
     -5.37632      7.17188      0.00000      0.00000
     -5.36632      5.95039      0.00000      0.00000
     -5.35632      5.51429      0.00000      0.00000
     -5.34632      5.71024      0.00000      0.00000
     -5.33632      4.74495      0.00000      0.00000
     -5.32632      2.96562      0.00000      0.00000
     -5.31632      1.92445      0.00000      0.00000
     -5.30632      1.93124      0.00000      0.00000
     -5.29632      2.32619      0.00000      0.00000
     -5.28632      2.54114      0.00000      0.00000
     -5.27632      2.09956      0.00000      0.00000
     -5.26632      1.80080      0.00000      0.00000
     -5.25632      2.32594      0.00000      0.00000
     -5.24632      2.73913      0.00000      0.00000
     -5.23632      2.50906      0.00000      0.00000
     -5.22632      2.35133      0.00000      0.00000
     -5.21632      2.41622      0.00000      0.00000
     -5.20632      2.08678      0.00000      0.00000
     -5.19632      1.59941      0.00000      0.00000
     -5.18632      1.65830      0.00000      0.00000
     -5.17632      1.98767      0.00000      0.00000
     -5.16632      2.20417      0.00000      0.00000
     -5.15632      2.24817      0.00000      0.00000
     -5.14632      2.40926      0.00000      0.00000
     -5.13632      2.86176      0.00000      0.00000
     -5.12632      2.76211      0.00000      0.00000
     -5.11632      1.90918      0.00000      0.00000
     -5.10632      1.41187      0.00000      0.00000
     -5.09632      1.39376      0.00000      0.00000
     -5.08632      1.23030      0.00000      0.00000
     -5.07632      0.98375      0.00000      0.00000
     -5.06632      0.98546      0.00000      0.00000
     -5.05632      1.33520      0.00000      0.00000
     -5.04632      1.90677      0.00000      0.00000
     -5.03632      2.34117      0.00000      0.00000
     -5.02632      2.16579      0.00000      0.00000
     -5.01632      1.45567      0.00000      0.00000
     -5.00632      0.89054      0.00000      0.00000
     -4.99632      1.00765      0.00000      0.00000
     -4.98632      1.32971      0.00000      0.00000
     -4.97632      1.15312      0.00000      0.00000
     -4.96632      0.95086      0.00000      0.00000
     -4.95632      1.25241      0.00000      0.00000
     -4.94632      1.83047      0.00000      0.00000
     -4.93632      2.30739      0.00000      0.00000
     -4.92632      2.16672      0.00000      0.00000
     -4.91632      1.56908      0.00000      0.00000
     -4.90632      1.26595      0.00000      0.00000
     -4.89632      1.36539      0.00000      0.00000
     -4.88632      1.50132      0.00000      0.00000
     -4.87632      1.44478      0.00000      0.00000
     -4.86632      1.05916      0.00000      0.00000
     -4.85632      0.64617      0.00000      0.00000
     -4.84632      0.64301      0.00000      0.00000
     -4.83632      1.24707      0.00000      0.00000
     -4.82632      1.94118      0.00000      0.00000
     -4.81632      1.85837      0.00000      0.00000
     -4.80632      1.25107      0.00000      0.00000
     -4.79632      0.98393      0.00000      0.00000
     -4.78632      1.07696      0.00000      0.00000
     -4.77632      1.21760      0.00000      0.00000
     -4.76632      1.25560      0.00000      0.00000
     -4.75632      1.06634      0.00000      0.00000
     -4.74632      0.83934      0.00000      0.00000
     -4.73632      0.70206      0.00000      0.00000
     -4.72632      0.93450      0.00000      0.00000
     -4.71632      1.76241      0.00000      0.00000
     -4.70632      2.43920      0.00000      0.00000
     -4.69632      2.01274      0.00000      0.00000
     -4.68632      1.21962      0.00000      0.00000
     -4.67632      1.07555      0.00000      0.00000
     -4.66632      1.34754      0.00000      0.00000
     -4.65632      1.65099      0.00000      0.00000
     -4.64632      1.63602      0.00000      0.00000
     -4.63632      1.14235      0.00000      0.00000
     -4.62632      0.65988      0.00000      0.00000
     -4.61632      0.89675      0.00000      0.00000
     -4.60632      1.58930      0.00000      0.00000
     -4.59632      2.22795      0.00000      0.00000
     -4.58632      2.25111      0.00000      0.00000
     -4.57632      1.71886      0.00000      0.00000
     -4.56632      2.08988      0.00000      0.00000
     -4.55632      5.35793      0.00000      0.00000
     -4.54632     12.89049      0.00000      0.00000
     -4.53632     20.99751      0.00000      0.00000
     -4.52632     22.30777      0.00000      0.00000
     -4.51632     18.88839      0.00000      0.00000
     -4.50632     16.07549      0.00000      0.00000
     -4.49632     14.09809      0.00000      0.00000
     -4.48632     13.24316      0.00000      0.00000
     -4.47632     13.67431      0.00000      0.00000
     -4.46632     14.08361      0.00000      0.00000
     -4.45632     14.45737      0.00000      0.00000
     -4.44632     15.67427      0.00000      0.00000
     -4.43632     16.94919      0.00000      0.00000
     -4.42632     15.89617      0.00000      0.00000
     -4.41632     12.97256      0.00000      0.00000
     -4.40632     11.68650      0.00000      0.00000
     -4.39632     11.33214      0.00000      0.00000
     -4.38632     10.08336      0.00000      0.00000
     -4.37632      8.61439      0.00000      0.00000
     -4.36632      7.44552      0.00000      0.00000
     -4.35632      6.63991      0.00000      0.00000
     -4.34632      6.22662      0.00000      0.00000
     -4.33632      6.73003      0.00000      0.00000
     -4.32632      7.85374      0.00000      0.00000
     -4.31632      7.86009      0.00000      0.00000
     -4.30632      6.78334      0.00000      0.00000
     -4.29632      5.73657      0.00000      0.00000
     -4.28632      4.55188      0.00000      0.00000
     -4.27632      3.76369      0.00000      0.00000
     -4.26632      4.14438      0.00000      0.00000
     -4.25632      3.96447      0.00000      0.00000
     -4.24632      2.50006      0.00000      0.00000
     -4.23632      1.46574      0.00000      0.00000
     -4.22632      1.27519      0.00000      0.00000
     -4.21632      1.78871      0.00000      0.00000
     -4.20632      2.78619      0.00000      0.00000
     -4.19632      4.00850      0.00000      0.00000
     -4.18632      4.54600      0.00000      0.00000
     -4.17632      3.90414      0.00000      0.00000
     -4.16632      3.24820      0.00000      0.00000
     -4.15632      2.79144      0.00000      0.00000
     -4.14632      2.10772      0.00000      0.00000
     -4.13632      1.93173      0.00000      0.00000
     -4.12632      2.19878      0.00000      0.00000
     -4.11632      2.23044      0.00000      0.00000
     -4.10632      1.82937      0.00000      0.00000
     -4.09632      1.30984      0.00000      0.00000
     -4.08632      1.57218      0.00000      0.00000
     -4.07632      2.82852      0.00000      0.00000
     -4.06632      3.76527      0.00000      0.00000
     -4.05632      3.06618      0.00000      0.00000
     -4.04632      1.98246      0.00000      0.00000
     -4.03632      1.81288      0.00000      0.00000
     -4.02632      1.94669      0.00000      0.00000
     -4.01632      2.10674      0.00000      0.00000
     -4.00632      2.62921      0.00000      0.00000
     -3.99632      3.00001      0.00000      0.00000
     -3.98632      2.30384      0.00000      0.00000
     -3.97632      1.51128      0.00000      0.00000
     -3.96632      1.92618      0.00000      0.00000
     -3.95632      3.18761      0.00000      0.00000
     -3.94632      3.78181      0.00000      0.00000
     -3.93632      3.43524      0.00000      0.00000
     -3.92632      3.19079      0.00000      0.00000
     -3.91632      3.03463      0.00000      0.00000
     -3.90632      3.71430      0.00000      0.00000
     -3.89632      5.10933      0.00000      0.00000
     -3.88632      6.46054      0.00000      0.00000
     -3.87632      7.27481      0.00000      0.00000
     -3.86632      6.81075      0.00000      0.00000
     -3.85632      6.02802      0.00000      0.00000
     -3.84632      6.18573      0.00000      0.00000
     -3.83632      7.01905      0.00000      0.00000
     -3.82632      7.54654      0.00000      0.00000
     -3.81632      7.73962      0.00000      0.00000
     -3.80632      7.28846      0.00000      0.00000
     -3.79632      7.29195      0.00000      0.00000
     -3.78632      7.71315      0.00000      0.00000
     -3.77632      8.02066      0.00000      0.00000
     -3.76632      8.49594      0.00000      0.00000
     -3.75632      9.58893      0.00000      0.00000
     -3.74632     11.01387      0.00000      0.00000
     -3.73632     11.14295      0.00000      0.00000
     -3.72632     10.34069      0.00000      0.00000
     -3.71632      9.23280      0.00000      0.00000
     -3.70632      8.90678      0.00000      0.00000
     -3.69632      9.22247      0.00000      0.00000
     -3.68632      9.28550      0.00000      0.00000
     -3.67632      9.06553      0.00000      0.00000
     -3.66632      9.29659      0.00000      0.00000
     -3.65632      8.47655      0.00000      0.00000
     -3.64632      7.42994      0.00000      0.00000
     -3.63632      7.34220      0.00000      0.00000
     -3.62632      7.17287      0.00000      0.00000
     -3.61632      6.55052      0.00000      0.00000
     -3.60632      5.96696      0.00000      0.00000
     -3.59632      5.72972      0.00000      0.00000
     -3.58632      5.92159      0.00000      0.00000
     -3.57632      6.91683      0.00000      0.00000
     -3.56632      7.71470      0.00000      0.00000
     -3.55632      7.97431      0.00000      0.00000
     -3.54632      8.07360      0.00000      0.00000
     -3.53632      7.38669      0.00000      0.00000
     -3.52632      6.43666      0.00000      0.00000
     -3.51632      5.33601      0.00000      0.00000
     -3.50632      4.13324      0.00000      0.00000
     -3.49632      3.87331      0.00000      0.00000
     -3.48632      3.93774      0.00000      0.00000
     -3.47632      4.19546      0.00000      0.00000
     -3.46632      4.93842      0.00000      0.00000
     -3.45632      4.99731      0.00000      0.00000
     -3.44632      4.04755      0.00000      0.00000
     -3.43632      3.40025      0.00000      0.00000
     -3.42632      3.86762      0.00000      0.00000
     -3.41632      4.32590      0.00000      0.00000
     -3.40632      4.31935      0.00000      0.00000
     -3.39632      4.89305      0.00000      0.00000
     -3.38632      4.89714      0.00000      0.00000
     -3.37632      3.95327      0.00000      0.00000
     -3.36632      3.20022      0.00000      0.00000
     -3.35632      2.87393      0.00000      0.00000
     -3.34632      3.62118      0.00000      0.00000
     -3.33632      4.30427      0.00000      0.00000
     -3.32632      3.86458      0.00000      0.00000
     -3.31632      3.22490      0.00000      0.00000
     -3.30632      3.41933      0.00000      0.00000
     -3.29632      3.96914      0.00000      0.00000
     -3.28632      4.06371      0.00000      0.00000
     -3.27632      3.75843      0.00000      0.00000
     -3.26632      3.06945      0.00000      0.00000
     -3.25632      2.03934      0.00000      0.00000
     -3.24632      2.21667      0.00000      0.00000
     -3.23632      3.37183      0.00000      0.00000
     -3.22632      3.44268      0.00000      0.00000
     -3.21632      2.79280      0.00000      0.00000
     -3.20632      2.49971      0.00000      0.00000
     -3.19632      2.57295      0.00000      0.00000
     -3.18632      2.90974      0.00000      0.00000
     -3.17632      3.01945      0.00000      0.00000
     -3.16632      3.38246      0.00000      0.00000
     -3.15632      3.71066      0.00000      0.00000
     -3.14632      3.43646      0.00000      0.00000
     -3.13632      3.14100      0.00000      0.00000
     -3.12632      2.85989      0.00000      0.00000
     -3.11632      2.58901      0.00000      0.00000
     -3.10632      2.78196      0.00000      0.00000
     -3.09632      2.88379      0.00000      0.00000
     -3.08632      2.69951      0.00000      0.00000
     -3.07632      2.39950      0.00000      0.00000
     -3.06632      2.09593      0.00000      0.00000
     -3.05632      2.38695      0.00000      0.00000
     -3.04632      3.46850      0.00000      0.00000
     -3.03632      4.05598      0.00000      0.00000
     -3.02632      3.27962      0.00000      0.00000
     -3.01632      2.42859      0.00000      0.00000
     -3.00632      2.82846      0.00000      0.00000
     -2.99632      3.58843      0.00000      0.00000
     -2.98632      3.61491      0.00000      0.00000
     -2.97632      2.64173      0.00000      0.00000
     -2.96632      1.88459      0.00000      0.00000
     -2.95632      2.32217      0.00000      0.00000
     -2.94632      2.85583      0.00000      0.00000
     -2.93632      2.76929      0.00000      0.00000
     -2.92632      2.30726      0.00000      0.00000
     -2.91632      1.90308      0.00000      0.00000
     -2.90632      2.42086      0.00000      0.00000
     -2.89632      3.55802      0.00000      0.00000
     -2.88632      4.26854      0.00000      0.00000
     -2.87632      3.70203      0.00000      0.00000
     -2.86632      2.25192      0.00000      0.00000
     -2.85632      2.22711      0.00000      0.00000
     -2.84632      3.52857      0.00000      0.00000
     -2.83632      3.56246      0.00000      0.00000
     -2.82632      2.66327      0.00000      0.00000
     -2.81632      2.34101      0.00000      0.00000
     -2.80632      2.85935      0.00000      0.00000
     -2.79632      4.49582      0.00000      0.00000
     -2.78632      5.63492      0.00000      0.00000
     -2.77632      5.50314      0.00000      0.00000
     -2.76632      4.75824      0.00000      0.00000
     -2.75632      3.41068      0.00000      0.00000
     -2.74632      2.82511      0.00000      0.00000
     -2.73632      3.60220      0.00000      0.00000
     -2.72632      5.03040      0.00000      0.00000
     -2.71632      6.10447      0.00000      0.00000
     -2.70632      5.99869      0.00000      0.00000
     -2.69632      5.23734      0.00000      0.00000
     -2.68632      4.72759      0.00000      0.00000
     -2.67632      4.85642      0.00000      0.00000
     -2.66632      5.22368      0.00000      0.00000
     -2.65632      5.40008      0.00000      0.00000
     -2.64632      5.76798      0.00000      0.00000
     -2.63632      7.85681      0.00000      0.00000
     -2.62632     11.47012      0.00000      0.00000
     -2.61632     13.52366      0.00000      0.00000
     -2.60632     13.24731      0.00000      0.00000
     -2.59632     12.82815      0.00000      0.00000
     -2.58632     12.61689      0.00000      0.00000
     -2.57632     12.03043      0.00000      0.00000
     -2.56632     11.20109      0.00000      0.00000
     -2.55632      9.85688      0.00000      0.00000
     -2.54632      8.92271      0.00000      0.00000
     -2.53632      8.56348      0.00000      0.00000
     -2.52632      8.14536      0.00000      0.00000
     -2.51632      7.93720      0.00000      0.00000
     -2.50632      7.56633      0.00000      0.00000
     -2.49632      7.12979      0.00000      0.00000
     -2.48632      7.33278      0.00000      0.00000
     -2.47632      7.61482      0.00000      0.00000
     -2.46632      7.29918      0.00000      0.00000
     -2.45632      6.87528      0.00000      0.00000
     -2.44632      7.71328      0.00000      0.00000
     -2.43632      8.37024      0.00000      0.00000
     -2.42632      7.07245      0.00000      0.00000
     -2.41632      5.88593      0.00000      0.00000
     -2.40632      6.21702      0.00000      0.00000
     -2.39632      7.12715      0.00000      0.00000
     -2.38632      7.53076      0.00000      0.00000
     -2.37632      7.90679      0.00000      0.00000
     -2.36632      9.11191      0.00000      0.00000
     -2.35632     10.50817      0.00000      0.00000
     -2.34632     10.23938      0.00000      0.00000
     -2.33632      8.21923      0.00000      0.00000
     -2.32632      6.68233      0.00000      0.00000
     -2.31632      6.81722      0.00000      0.00000
     -2.30632      7.95635      0.00000      0.00000
     -2.29632      7.73877      0.00000      0.00000
     -2.28632      7.23125      0.00000      0.00000
     -2.27632      8.43353      0.00000      0.00000
     -2.26632      9.23448      0.00000      0.00000
     -2.25632      8.11264      0.00000      0.00000
     -2.24632      7.11296      0.00000      0.00000
     -2.23632      6.68624      0.00000      0.00000
     -2.22632      5.72906      0.00000      0.00000
     -2.21632      4.80529      0.00000      0.00000
     -2.20632      4.88990      0.00000      0.00000
     -2.19632      6.16422      0.00000      0.00000
     -2.18632      7.23826      0.00000      0.00000
     -2.17632      7.73615      0.00000      0.00000
     -2.16632      7.53678      0.00000      0.00000
     -2.15632      6.27389      0.00000      0.00000
     -2.14632      4.69415      0.00000      0.00000
     -2.13632      3.79688      0.00000      0.00000
     -2.12632      3.57357      0.00000      0.00000
     -2.11632      3.67350      0.00000      0.00000
     -2.10632      4.34942      0.00000      0.00000
     -2.09632      4.91515      0.00000      0.00000
     -2.08632      4.48964      0.00000      0.00000
     -2.07632      3.93283      0.00000      0.00000
     -2.06632      3.85700      0.00000      0.00000
     -2.05632      4.36884      0.00000      0.00000
     -2.04632      5.56828      0.00000      0.00000
     -2.03632      6.41958      0.00000      0.00000
     -2.02632      6.42817      0.00000      0.00000
     -2.01632      6.36219      0.00000      0.00000
     -2.00632      6.35418      0.00000      0.00000
     -1.99632      5.27361      0.00000      0.00000
     -1.98632      4.55795      0.00000      0.00000
     -1.97632      4.69562      0.00000      0.00000
     -1.96632      4.55404      0.00000      0.00000
     -1.95632      5.05666      0.00000      0.00000
     -1.94632      6.10970      0.00000      0.00000
     -1.93632      5.58872      0.00000      0.00000
     -1.92632      4.28483      0.00000      0.00000
     -1.91632      4.19378      0.00000      0.00000
     -1.90632      4.65850      0.00000      0.00000
     -1.89632      5.02062      0.00000      0.00000
     -1.88632      5.03837      0.00000      0.00000
     -1.87632      4.77994      0.00000      0.00000
     -1.86632      4.79686      0.00000      0.00000
     -1.85632      5.12334      0.00000      0.00000
     -1.84632      5.18316      0.00000      0.00000
     -1.83632      5.01018      0.00000      0.00000
     -1.82632      5.18316      0.00000      0.00000
     -1.81632      5.03469      0.00000      0.00000
     -1.80632      4.40806      0.00000      0.00000
     -1.79632      5.02550      0.00000      0.00000
     -1.78632      6.15848      0.00000      0.00000
     -1.77632      6.58629      0.00000      0.00000
     -1.76632      7.13756      0.00000      0.00000
     -1.75632      7.69830      0.00000      0.00000
     -1.74632      7.62659      0.00000      0.00000
     -1.73632      7.02079      0.00000      0.00000
     -1.72632      6.59319      0.00000      0.00000
     -1.71632      6.52350      0.00000      0.00000
     -1.70632      6.27622      0.00000      0.00000
     -1.69632      5.88189      0.00000      0.00000
     -1.68632      5.92059      0.00000      0.00000
     -1.67632      5.92454      0.00000      0.00000
     -1.66632      5.08806      0.00000      0.00000
     -1.65632      4.42703      0.00000      0.00000
     -1.64632      4.22349      0.00000      0.00000
     -1.63632      3.32808      0.00000      0.00000
     -1.62632      2.33871      0.00000      0.00000
     -1.61632      1.69949      0.00000      0.00000
     -1.60632      1.29226      0.00000      0.00000
     -1.59632      1.07327      0.00000      0.00000
     -1.58632      1.08736      0.00000      0.00000
     -1.57632      1.51878      0.00000      0.00000
     -1.56632      1.76299      0.00000      0.00000
     -1.55632      1.54868      0.00000      0.00000
     -1.54632      1.00300      0.00000      0.00000
     -1.53632      0.84061      0.00000      0.00000
     -1.52632      1.10684      0.00000      0.00000
     -1.51632      1.26859      0.00000      0.00000
     -1.50632      0.95383      0.00000      0.00000
     -1.49632      0.35834      0.00000      0.00000
     -1.48632      0.05655      0.00000      0.00000
     -1.47632      0.00349      0.00000      0.00000
     -1.46632      0.00008      0.00000      0.00000
     -1.45632      0.00000      0.00000      0.00000
     -1.44632      0.00000      0.00000      0.00000
     -1.43632      0.00000      0.00000      0.00000
     -1.42632      0.00000      0.00000      0.00000
     -1.41632      0.00000      0.00000      0.00000
     -1.40632      0.00000      0.00000      0.00000
     -1.39632      0.00000      0.00000      0.00000
     -1.38632      0.00000      0.00000      0.00000
     -1.37632      0.00000      0.00000      0.00000
     -1.36632      0.00000      0.00000      0.00000
     -1.35632      0.00000      0.00000      0.00000
     -1.34632      0.00000      0.00000      0.00000
     -1.33632      0.00000      0.00000      0.00000
     -1.32632      0.00000      0.00000      0.00000
     -1.31632      0.00000      0.00000      0.00000
     -1.30632      0.00000      0.00000      0.00000
     -1.29632      0.00000      0.00000      0.00000
     -1.28632      0.00000      0.00000      0.00000
     -1.27632      0.00000      0.00000      0.00000
     -1.26632      0.00000      0.00000      0.00000
     -1.25632      0.00000      0.00000      0.00000
     -1.24632      0.00000      0.00000      0.00000
     -1.23632      0.00000      0.00000      0.00000
     -1.22632      0.00000      0.00000      0.00000
     -1.21632      0.00000      0.00000      0.00000
     -1.20632      0.00000      0.00000      0.00000
     -1.19632      0.00001      0.00000      0.00000
     -1.18632      0.00076      0.00000      0.00000
     -1.17632      0.01828      0.00000      0.00000
     -1.16632      0.18113      0.00000      0.00000
     -1.15632      0.78150      0.00000      0.00000
     -1.14632      1.60974      0.00000      0.00000
     -1.13632      2.06169      0.00000      0.00000
     -1.12632      2.54137      0.00000      0.00000
     -1.11632      3.12449      0.00000      0.00000
     -1.10632      3.29350      0.00000      0.00000
     -1.09632      2.89260      0.00000      0.00000
     -1.08632      2.76666      0.00000      0.00000
     -1.07632      3.16927      0.00000      0.00000
     -1.06632      3.67337      0.00000      0.00000
     -1.05632      4.22609      0.00000      0.00000
     -1.04632      4.45091      0.00000      0.00000
     -1.03632      4.21532      0.00000      0.00000
     -1.02632      4.41359      0.00000      0.00000
     -1.01632      4.38969      0.00000      0.00000
     -1.00632      4.94916      0.00000      0.00000
     -0.99632      6.90645      0.00000      0.00000
     -0.98632      8.07350      0.00000      0.00000
     -0.97632      7.50628      0.00000      0.00000
     -0.96632      7.01239      0.00000      0.00000
     -0.95632      7.02791      0.00000      0.00000
     -0.94632      6.92370      0.00000      0.00000
     -0.93632      7.14803      0.00000      0.00000
     -0.92632      7.65839      0.00000      0.00000
     -0.91632      7.36684      0.00000      0.00000
     -0.90632      7.05906      0.00000      0.00000
     -0.89632      7.80946      0.00000      0.00000
     -0.88632      8.12257      0.00000      0.00000
     -0.87632      6.90711      0.00000      0.00000
     -0.86632      5.48837      0.00000      0.00000
     -0.85632      5.66909      0.00000      0.00000
     -0.84632      6.60928      0.00000      0.00000
     -0.83632      6.43427      0.00000      0.00000
     -0.82632      5.40974      0.00000      0.00000
     -0.81632      4.39449      0.00000      0.00000
     -0.80632      4.17209      0.00000      0.00000
     -0.79632      5.00653      0.00000      0.00000
     -0.78632      5.38964      0.00000      0.00000
     -0.77632      4.95456      0.00000      0.00000
     -0.76632      4.17147      0.00000      0.00000
     -0.75632      4.05747      0.00000      0.00000
     -0.74632      5.31489      0.00000      0.00000
     -0.73632      5.79281      0.00000      0.00000
     -0.72632      4.08352      0.00000      0.00000
     -0.71632      3.18008      0.00000      0.00000
     -0.70632      3.66248      0.00000      0.00000
     -0.69632      4.30703      0.00000      0.00000
     -0.68632      4.33694      0.00000      0.00000
     -0.67632      3.63876      0.00000      0.00000
     -0.66632      3.16506      0.00000      0.00000
     -0.65632      3.62741      0.00000      0.00000
     -0.64632      4.35537      0.00000      0.00000
     -0.63632      4.80497      0.00000      0.00000
     -0.62632      4.78550      0.00000      0.00000
     -0.61632      4.02537      0.00000      0.00000
     -0.60632      3.28348      0.00000      0.00000
     -0.59632      3.00193      0.00000      0.00000
     -0.58632      2.99388      0.00000      0.00000
     -0.57632      3.12265      0.00000      0.00000
     -0.56632      3.49196      0.00000      0.00000
     -0.55632      3.54771      0.00000      0.00000
     -0.54632      3.39593      0.00000      0.00000
     -0.53632      3.46918      0.00000      0.00000
     -0.52632      3.43609      0.00000      0.00000
     -0.51632      3.18414      0.00000      0.00000
     -0.50632      3.32358      0.00000      0.00000
     -0.49632      3.88493      0.00000      0.00000
     -0.48632      3.98573      0.00000      0.00000
     -0.47632      3.28203      0.00000      0.00000
     -0.46632      2.26794      0.00000      0.00000
     -0.45632      2.36747      0.00000      0.00000
     -0.44632      3.45586      0.00000      0.00000
     -0.43632      3.63452      0.00000      0.00000
     -0.42632      2.81375      0.00000      0.00000
     -0.41632      2.66882      0.00000      0.00000
     -0.40632      2.79067      0.00000      0.00000
     -0.39632      2.81423      0.00000      0.00000
     -0.38632      2.74848      0.00000      0.00000
     -0.37632      3.10397      0.00000      0.00000
     -0.36632      3.85706      0.00000      0.00000
     -0.35632      3.97793      0.00000      0.00000
     -0.34632      3.11537      0.00000      0.00000
     -0.33632      2.29028      0.00000      0.00000
     -0.32632      2.38657      0.00000      0.00000
     -0.31632      3.05518      0.00000      0.00000
     -0.30632      3.20152      0.00000      0.00000
     -0.29632      3.04389      0.00000      0.00000
     -0.28632      3.11898      0.00000      0.00000
     -0.27632      2.93290      0.00000      0.00000
     -0.26632      2.93044      0.00000      0.00000
     -0.25632      2.99912      0.00000      0.00000
     -0.24632      2.20316      0.00000      0.00000
     -0.23632      1.36588      0.00000      0.00000
     -0.22632      1.31660      0.00000      0.00000
     -0.21632      1.43815      0.00000      0.00000
     -0.20632      1.12512      0.00000      0.00000
     -0.19632      0.74876      0.00000      0.00000
     -0.18632      0.68714      0.00000      0.00000
     -0.17632      0.89603      0.00000      0.00000
     -0.16632      0.94512      0.00000      0.00000
     -0.15632      0.63704      0.00000      0.00000
     -0.14632      0.38315      0.00000      0.00000
     -0.13632      0.38796      0.00000      0.00000
     -0.12632      0.47743      0.00000      0.00000
     -0.11632      0.69429      0.00000      0.00000
     -0.10632      0.76882      0.00000      0.00000
     -0.09632      0.50243      0.00000      0.00000
     -0.08632      0.22598      0.00000      0.00000
     -0.07632      0.23275      0.00000      0.00000
     -0.06632      0.40321      0.00000      0.00000
     -0.05632      0.42793      0.00000      0.00000
     -0.04632      0.39680      0.00000      0.00000
     -0.03632      0.44553      0.00000      0.00000
     -0.02632      0.44322      0.00000      0.00000
     -0.01632      0.34530      0.00000      0.00000
     -0.00632      0.23225      0.00000      0.00000
      0.00368      0.13190      0.00000      0.00000
      0.01368      0.03731      0.00000      0.00000
      0.02368      0.00410      0.00000      0.00000
      0.03368      0.00017      0.00000      0.00000
      0.04368      0.00000      0.00000      0.00000
      0.05368      0.00000      0.00000      0.00000
      0.06368      0.00000      0.00000      0.00000
      0.07368      0.00000      0.00000      0.00000
      0.08368      0.00000      0.00000      0.00000
      0.09368      0.00000      0.00000      0.00000
      0.10368      0.00000      0.00000      0.00000
      0.11368      0.00000      0.00000      0.00000
      0.12368      0.00000      0.00000      0.00000
      0.13368      0.00000      0.00000      0.00000
      0.14368      0.00000      0.00000      0.00000
      0.15368      0.00000      0.00000      0.00000
      0.16368      0.00000      0.00000      0.00000
      0.17368      0.00000      0.00000      0.00000
      0.18368      0.00000      0.00000      0.00000
      0.19368      0.00000      0.00000      0.00000
      0.20368      0.00000      0.00000      0.00000
      0.21368      0.00000      0.00000      0.00000
      0.22368      0.00000      0.00000      0.00000
      0.23368      0.00000      0.00000      0.00000
      0.24368      0.00000      0.00000      0.00000
      0.25368      0.00000      0.00000      0.00000
      0.26368      0.00000      0.00000      0.00000
      0.27368      0.00000      0.00000      0.00000
      0.28368      0.00000      0.00000      0.00000
      0.29368      0.00000      0.00000      0.00000
      0.30368      0.00000      0.00000      0.00000
      0.31368      0.00000      0.00000      0.00000
      0.32368      0.00000      0.00000      0.00000
      0.33368      0.00000      0.00000      0.00000
      0.34368      0.00000      0.00000      0.00000
      0.35368      0.00000      0.00000      0.00000
      0.36368      0.00000      0.00000      0.00000
      0.37368      0.00000      0.00000      0.00000
      0.38368      0.00000      0.00000      0.00000
      0.39368      0.00000      0.00000      0.00000
      0.40368      0.00000      0.00000      0.00000
      0.41368      0.00000      0.00000      0.00000
      0.42368      0.00000      0.00000      0.00000
      0.43368      0.00000      0.00000      0.00000
      0.44368      0.00000      0.00000      0.00000
      0.45368      0.00000      0.00000      0.00000
      0.46368      0.00000      0.00000      0.00000
      0.47368      0.00000      0.00000      0.00000
      0.48368      0.00000      0.00000      0.00000
      0.49368      0.00000      0.00000      0.00000
      0.50368      0.00000      0.00000      0.00000
      0.51368      0.00000      0.00000      0.00000
      0.52368      0.00000      0.00000      0.00000
      0.53368      0.00000      0.00000      0.00000
      0.54368      0.00000      0.00000      0.00000
      0.55368      0.00000      0.00000      0.00000
      0.56368      0.00000      0.00000      0.00000
      0.57368      0.00000      0.00000      0.00000
      0.58368      0.00000      0.00000      0.00000
      0.59368      0.00000      0.00000      0.00000
      0.60368      0.00000      0.00000      0.00000
      0.61368      0.00000      0.00000      0.00000
      0.62368      0.00000      0.00000      0.00000
      0.63368      0.00000      0.00000      0.00000
      0.64368      0.00000      0.00000      0.00000
      0.65368      0.00000      0.00000      0.00000
      0.66368      0.00000      0.00000      0.00000
      0.67368      0.00000      0.00000      0.00000
      0.68368      0.00000      0.00000      0.00000
      0.69368      0.00000      0.00000      0.00000
      0.70368      0.00000      0.00000      0.00000
      0.71368      0.00000      0.00000      0.00000
      0.72368      0.00000      0.00000      0.00000
      0.73368      0.00000      0.00000      0.00000
      0.74368      0.00000      0.00000      0.00000
      0.75368      0.00000      0.00000      0.00000
      0.76368      0.00000      0.00000      0.00000
      0.77368      0.00000      0.00000      0.00000
      0.78368      0.00000      0.00000      0.00000
      0.79368      0.00000      0.00000      0.00000
      0.80368      0.00000      0.00000      0.00000
      0.81368      0.00000      0.00000      0.00000
      0.82368      0.00000      0.00000      0.00000
      0.83368      0.00000      0.00000      0.00000
      0.84368      0.00000      0.00000      0.00000
      0.85368      0.00000      0.00000      0.00000
      0.86368      0.00000      0.00000      0.00000
      0.87368      0.00000      0.00000      0.00000
      0.88368      0.00000      0.00000      0.00000
      0.89368      0.00000      0.00000      0.00000
      0.90368      0.00000      0.00000      0.00000
      0.91368      0.00000      0.00000      0.00000
      0.92368      0.00000      0.00000      0.00000
      0.93368      0.00000      0.00000      0.00000
      0.94368      0.00000      0.00000      0.00000
      0.95368      0.00000      0.00000      0.00000
      0.96368      0.00000      0.00000      0.00000
      0.97368      0.00000      0.00000      0.00000
      0.98368      0.00000      0.00000      0.00000
      0.99368      0.00000      0.00000      0.00000
      1.00368      0.00000      0.00000      0.00000
      1.01368      0.00000      0.00000      0.00000
      1.02368      0.00000      0.00000      0.00000
      1.03368      0.00000      0.00000      0.00000
      1.04368      0.00000      0.00000      0.00000
      1.05368      0.00000      0.00000      0.00000
      1.06368      0.00000      0.00000      0.00000
      1.07368      0.00000      0.00000      0.00000
      1.08368      0.00000      0.00000      0.00000
      1.09368      0.00000      0.00000      0.00000
      1.10368      0.00000      0.00000      0.00000
      1.11368      0.00000      0.00000      0.00000
      1.12368      0.00000      0.00000      0.00000
      1.13368      0.00000      0.00000      0.00000
      1.14368      0.00000      0.00000      0.00000
      1.15368      0.00000      0.00000      0.00000
      1.16368      0.00000      0.00000      0.00000
      1.17368      0.00000      0.00000      0.00000
      1.18368      0.00000      0.00000      0.00000
      1.19368      0.00000      0.00000      0.00000
      1.20368      0.00000      0.00000      0.00000
      1.21368      0.00000      0.00000      0.00000
      1.22368      0.00000      0.00000      0.00000
      1.23368      0.00000      0.00000      0.00000
      1.24368      0.00000      0.00000      0.00000
      1.25368      0.00000      0.00000      0.00000
      1.26368      0.00000      0.00000      0.00000
      1.27368      0.00000      0.00000      0.00000
      1.28368      0.00000      0.00000      0.00000
      1.29368      0.00000      0.00000      0.00000
      1.30368      0.00000      0.00000      0.00000
      1.31368      0.00000      0.00000      0.00000
      1.32368      0.00000      0.00000      0.00000
      1.33368      0.00000      0.00000      0.00000
      1.34368      0.00000      0.00000      0.00000
      1.35368      0.00000      0.00000      0.00000
      1.36368      0.00000      0.00000      0.00000
      1.37368      0.00000      0.00000      0.00000
      1.38368      0.00000      0.00000      0.00000
      1.39368      0.00000      0.00000      0.00000
      1.40368      0.00000      0.00000      0.00000
      1.41368      0.00000      0.00000      0.00000
      1.42368      0.00000      0.00000      0.00000
      1.43368      0.00000      0.00000      0.00000
      1.44368      0.00000      0.00000      0.00000
      1.45368      0.00000      0.00000      0.00000
      1.46368      0.00000      0.00000      0.00000
      1.47368      0.00000      0.00000      0.00000
      1.48368      0.00000      0.00000      0.00000
      1.49368      0.00000      0.00000      0.00000
      1.50368      0.00000      0.00000      0.00000
      1.51368      0.00000      0.00000      0.00000
      1.52368      0.00000      0.00000      0.00000
      1.53368      0.00000      0.00000      0.00000
      1.54368      0.00000      0.00000      0.00000
      1.55368      0.00000      0.00000      0.00000
      1.56368      0.00000      0.00000      0.00000
      1.57368      0.00000      0.00000      0.00000
      1.58368      0.00000      0.00000      0.00000
      1.59368      0.00000      0.00000      0.00000
      1.60368      0.00000      0.00000      0.00000
      1.61368      0.00000      0.00000      0.00000
      1.62368      0.00000      0.00000      0.00000
      1.63368      0.00000      0.00000      0.00000
      1.64368      0.00000      0.00000      0.00000
      1.65368      0.00000      0.00000      0.00000
      1.66368      0.00000      0.00000      0.00000
      1.67368      0.00000      0.00000      0.00000
      1.68368      0.00000      0.00000      0.00000
      1.69368      0.00000      0.00000      0.00000
      1.70368      0.00000      0.00000      0.00000
      1.71368      0.00000      0.00000      0.00000
      1.72368      0.00000      0.00000      0.00000
      1.73368      0.00000      0.00000      0.00000
      1.74368      0.00000      0.00000      0.00000
      1.75368      0.00000      0.00000      0.00000
      1.76368      0.00000      0.00000      0.00000
      1.77368      0.00000      0.00000      0.00000
      1.78368      0.00000      0.00000      0.00000
      1.79368      0.00000      0.00000      0.00000
      1.80368      0.00000      0.00000      0.00000
      1.81368      0.00000      0.00000      0.00000
      1.82368      0.00000      0.00000      0.00000
      1.83368      0.00000      0.00000      0.00000
      1.84368      0.00000      0.00000      0.00000
      1.85368      0.00000      0.00000      0.00000
      1.86368      0.00000      0.00000      0.00000
      1.87368      0.00000      0.00000      0.00000
      1.88368      0.00000      0.00000      0.00000
      1.89368      0.00000      0.00000      0.00000
      1.90368      0.00000      0.00000      0.00000
      1.91368      0.00000      0.00000      0.00000
      1.92368      0.00000      0.00000      0.00000
      1.93368      0.00000      0.00000      0.00000
      1.94368      0.00000      0.00000      0.00000
      1.95368      0.00000      0.00000      0.00000
      1.96368      0.00000      0.00000      0.00000
      1.97368      0.00000      0.00000      0.00000
      1.98368      0.00000      0.00000      0.00000
      1.99368      0.00000      0.00000      0.00000
      2.00368      0.00000      0.00000      0.00000
      2.01368      0.00000      0.00000      0.00000
      2.02368      0.00000      0.00000      0.00000
      2.03368      0.00000      0.00000      0.00000
      2.04368      0.00000      0.00000      0.00000
      2.05368      0.00000      0.00000      0.00000
      2.06368      0.00000      0.00000      0.00000
      2.07368      0.00000      0.00000      0.00000
      2.08368      0.00000      0.00000      0.00000
      2.09368      0.00000      0.00000      0.00000
      2.10368      0.00000      0.00000      0.00000
      2.11368      0.00000      0.00000      0.00000
      2.12368      0.00000      0.00000      0.00000
      2.13368      0.00000      0.00000      0.00000
      2.14368      0.00000      0.00000      0.00000
      2.15368      0.00000      0.00000      0.00000
      2.16368      0.00000      0.00000      0.00000
      2.17368      0.00000      0.00000      0.00000
      2.18368      0.00000      0.00000      0.00000
      2.19368      0.00000      0.00000      0.00000
      2.20368      0.00000      0.00000      0.00000
      2.21368      0.00000      0.00000      0.00000
      2.22368      0.00000      0.00000      0.00000
      2.23368      0.00000      0.00000      0.00000
      2.24368      0.00000      0.00000      0.00000
      2.25368      0.00000      0.00000      0.00000
      2.26368      0.00000      0.00000      0.00000
      2.27368      0.00000      0.00000      0.00000
      2.28368      0.00000      0.00000      0.00000
      2.29368      0.00000      0.00000      0.00000
      2.30368      0.00000      0.00000      0.00000
      2.31368      0.00000      0.00000      0.00000
      2.32368      0.00000      0.00000      0.00000
      2.33368      0.00000      0.00000      0.00000
      2.34368      0.00000      0.00000      0.00000
      2.35368      0.00000      0.00000      0.00000
      2.36368      0.00000      0.00000      0.00000
      2.37368      0.00000      0.00000      0.00000
      2.38368      0.00000      0.00000      0.00000
      2.39368      0.00000      0.00000      0.00000
      2.40368      0.00000      0.00000      0.00000
      2.41368      0.00000      0.00000      0.00000
      2.42368      0.00000      0.00000      0.00000
      2.43368      0.00000      0.00000      0.00000
      2.44368      0.00000      0.00000      0.00000
      2.45368      0.00000      0.00000      0.00000
      2.46368      0.00000      0.00000      0.00000
      2.47368      0.00000      0.00000      0.00000
      2.48368      0.00000      0.00000      0.00000
      2.49368      0.00000      0.00000      0.00000
      2.50368      0.00000      0.00000      0.00000
      2.51368      0.00000      0.00000      0.00000
      2.52368      0.00000      0.00000      0.00000
      2.53368      0.00000      0.00000      0.00000
      2.54368      0.00000      0.00000      0.00000
      2.55368      0.00000      0.00000      0.00000
      2.56368      0.00000      0.00000      0.00000
      2.57368      0.00000      0.00000      0.00000
      2.58368      0.00000      0.00000      0.00000
      2.59368      0.00000      0.00000      0.00000
      2.60368      0.00000      0.00000      0.00000
      2.61368      0.00000      0.00000      0.00000
      2.62368      0.00000      0.00000      0.00000
      2.63368      0.00000      0.00000      0.00000
      2.64368      0.00000      0.00000      0.00000
      2.65368      0.00000      0.00000      0.00000
      2.66368      0.00004      0.00000      0.00000
      2.67368      0.00169      0.00000      0.00000
      2.68368      0.02500      0.00000      0.00000
      2.69368      0.14343      0.00000      0.00000
      2.70368      0.35872      0.00000      0.00000
      2.71368      0.57538      0.00000      0.00000
      2.72368      0.80983      0.00000      0.00000
      2.73368      0.90588      0.00000      0.00000
      2.74368      0.89221      0.00000      0.00000
      2.75368      0.86431      0.00000      0.00000
      2.76368      0.82891      0.00000      0.00000
      2.77368      0.68571      0.00000      0.00000
      2.78368      0.87603      0.00000      0.00000
      2.79368      1.73431      0.00000      0.00000
      2.80368      2.75629      0.00000      0.00000
      2.81368      3.18891      0.00000      0.00000
      2.82368      3.04792      0.00000      0.00000
      2.83368      2.77345      0.00000      0.00000
      2.84368      2.88352      0.00000      0.00000
      2.85368      3.72596      0.00000      0.00000
      2.86368      4.36773      0.00000      0.00000
      2.87368      4.79970      0.00000      0.00000
      2.88368      5.19710      0.00000      0.00000
      2.89368      5.31919      0.00000      0.00000
      2.90368      5.80238      0.00000      0.00000
      2.91368      6.15103      0.00000      0.00000
      2.92368      6.66663      0.00000      0.00000
      2.93368      7.25453      0.00000      0.00000
      2.94368      6.66100      0.00000      0.00000
      2.95368      6.01405      0.00000      0.00000
      2.96368      6.30365      0.00000      0.00000
      2.97368      6.56431      0.00000      0.00000
      2.98368      6.86611      0.00000      0.00000
      2.99368      8.21964      0.00000      0.00000
      3.00368      9.52721      0.00000      0.00000
      3.01368     10.01105      0.00000      0.00000
      3.02368     10.29531      0.00000      0.00000
      3.03368     10.27244      0.00000      0.00000
      3.04368     10.22955      0.00000      0.00000
      3.05368     10.35418      0.00000      0.00000
      3.06368     10.20447      0.00000      0.00000
      3.07368     10.66842      0.00000      0.00000
      3.08368     10.78264      0.00000      0.00000
      3.09368     11.08502      0.00000      0.00000
      3.10368     11.05339      0.00000      0.00000
      3.11368      9.29516      0.00000      0.00000
      3.12368      7.96987      0.00000      0.00000
      3.13368      8.29883      0.00000      0.00000
      3.14368      8.31465      0.00000      0.00000
      3.15368      8.70726      0.00000      0.00000
      3.16368      9.13097      0.00000      0.00000
      3.17368      8.48989      0.00000      0.00000
      3.18368      8.10898      0.00000      0.00000
      3.19368      7.80088      0.00000      0.00000
      3.20368      8.82884      0.00000      0.00000
      3.21368      9.73355      0.00000      0.00000
      3.22368      9.46528      0.00000      0.00000
      3.23368      9.86118      0.00000      0.00000
      3.24368     10.13206      0.00000      0.00000
      3.25368      9.57073      0.00000      0.00000
      3.26368      9.40090      0.00000      0.00000
      3.27368      9.43854      0.00000      0.00000
      3.28368      8.04099      0.00000      0.00000
      3.29368      6.13231      0.00000      0.00000
      3.30368      5.33067      0.00000      0.00000
      3.31368      5.17517      0.00000      0.00000
      3.32368      6.04090      0.00000      0.00000
      3.33368      6.96366      0.00000      0.00000
      3.34368      7.67287      0.00000      0.00000
      3.35368      8.76052      0.00000      0.00000
      3.36368     10.31744      0.00000      0.00000
      3.37368     11.17546      0.00000      0.00000
      3.38368     10.11691      0.00000      0.00000
      3.39368      8.46819      0.00000      0.00000
      3.40368      7.78966      0.00000      0.00000
      3.41368      7.89218      0.00000      0.00000
      3.42368      7.68560      0.00000      0.00000
      3.43368      7.11511      0.00000      0.00000
      3.44368      7.00649      0.00000      0.00000
      3.45368      7.47887      0.00000      0.00000
      3.46368      6.59019      0.00000      0.00000
      3.47368      5.62546      0.00000      0.00000
      3.48368      6.32508      0.00000      0.00000
      3.49368      7.16983      0.00000      0.00000
      3.50368      7.72993      0.00000      0.00000
      3.51368      8.69835      0.00000      0.00000
      3.52368      8.85594      0.00000      0.00000
      3.53368      8.10194      0.00000      0.00000
      3.54368      7.96389      0.00000      0.00000
      3.55368      8.66356      0.00000      0.00000
      3.56368      9.30148      0.00000      0.00000
      3.57368      9.40282      0.00000      0.00000
      3.58368      9.08271      0.00000      0.00000
      3.59368      8.86462      0.00000      0.00000
      3.60368     10.15992      0.00000      0.00000
      3.61368     12.82800      0.00000      0.00000
      3.62368     13.73750      0.00000      0.00000
      3.63368     12.60202      0.00000      0.00000
      3.64368     10.83720      0.00000      0.00000
      3.65368      9.70404      0.00000      0.00000
      3.66368     10.00518      0.00000      0.00000
      3.67368     10.62831      0.00000      0.00000
      3.68368     10.92217      0.00000      0.00000
      3.69368     10.04117      0.00000      0.00000
      3.70368      8.25811      0.00000      0.00000
      3.71368      7.48204      0.00000      0.00000
      3.72368      7.73435      0.00000      0.00000
      3.73368      7.52139      0.00000      0.00000
      3.74368      7.35966      0.00000      0.00000
      3.75368      7.71269      0.00000      0.00000
      3.76368      7.06309      0.00000      0.00000
      3.77368      6.22985      0.00000      0.00000
      3.78368      6.55218      0.00000      0.00000
      3.79368      6.87952      0.00000      0.00000
      3.80368      6.20948      0.00000      0.00000
      3.81368      5.18442      0.00000      0.00000
      3.82368      4.53512      0.00000      0.00000
      3.83368      4.01560      0.00000      0.00000
      3.84368      3.87793      0.00000      0.00000
      3.85368      4.38503      0.00000      0.00000
      3.86368      4.88224      0.00000      0.00000
      3.87368      4.84877      0.00000      0.00000
      3.88368      4.38269      0.00000      0.00000
      3.89368      4.91834      0.00000      0.00000
      3.90368      5.75132      0.00000      0.00000
      3.91368      5.24169      0.00000      0.00000
      3.92368      4.57383      0.00000      0.00000
      3.93368      4.93094      0.00000      0.00000
      3.94368      4.98811      0.00000      0.00000
      3.95368      4.24201      0.00000      0.00000
      3.96368      3.60367      0.00000      0.00000
      3.97368      3.70633      0.00000      0.00000
      3.98368      4.34431      0.00000      0.00000
      3.99368      4.70657      0.00000      0.00000
      4.00368      4.31520      0.00000      0.00000
      4.01368      3.66171      0.00000      0.00000
      4.02368      3.22926      0.00000      0.00000
      4.03368      3.80919      0.00000      0.00000
      4.04368      5.07153      0.00000      0.00000
      4.05368      5.76544      0.00000      0.00000
      4.06368      6.29592      0.00000      0.00000
      4.07368      7.88863      0.00000      0.00000
      4.08368      8.89803      0.00000      0.00000
      4.09368      7.35405      0.00000      0.00000
      4.10368      6.03620      0.00000      0.00000
      4.11368      6.24523      0.00000      0.00000
      4.12368      7.23150      0.00000      0.00000
      4.13368      7.90790      0.00000      0.00000
      4.14368      6.80671      0.00000      0.00000
      4.15368      5.45463      0.00000      0.00000
      4.16368      5.96649      0.00000      0.00000
      4.17368      6.48518      0.00000      0.00000
      4.18368      5.73909      0.00000      0.00000
      4.19368      5.32608      0.00000      0.00000
      4.20368      5.19332      0.00000      0.00000
      4.21368      5.35374      0.00000      0.00000
      4.22368      5.70779      0.00000      0.00000
      4.23368      6.33801      0.00000      0.00000
      4.24368      6.49577      0.00000      0.00000
      4.25368      5.73323      0.00000      0.00000
      4.26368      5.22453      0.00000      0.00000
      4.27368      4.62705      0.00000      0.00000
      4.28368      4.52678      0.00000      0.00000
      4.29368      5.40155      0.00000      0.00000
      4.30368      5.77257      0.00000      0.00000
      4.31368      4.43520      0.00000      0.00000
      4.32368      3.06497      0.00000      0.00000
      4.33368      3.28690      0.00000      0.00000
      4.34368      4.29848      0.00000      0.00000
      4.35368      4.63940      0.00000      0.00000
      4.36368      3.75319      0.00000      0.00000
      4.37368      3.24269      0.00000      0.00000
      4.38368      3.52574      0.00000      0.00000
      4.39368      3.54568      0.00000      0.00000
      4.40368      3.17370      0.00000      0.00000
      4.41368      2.85345      0.00000      0.00000
      4.42368      3.12912      0.00000      0.00000
      4.43368      4.06165      0.00000      0.00000
      4.44368      4.16688      0.00000      0.00000
      4.45368      3.65508      0.00000      0.00000
      4.46368      4.00535      0.00000      0.00000
      4.47368      4.36327      0.00000      0.00000
      4.48368      3.29553      0.00000      0.00000
      4.49368      1.91237      0.00000      0.00000
      4.50368      1.66808      0.00000      0.00000
      4.51368      2.71312      0.00000      0.00000
      4.52368      3.96479      0.00000      0.00000
      4.53368      3.20117      0.00000      0.00000
      4.54368      2.15559      0.00000      0.00000
      4.55368      2.62894      0.00000      0.00000
      4.56368      3.30831      0.00000      0.00000
      4.57368      2.69707      0.00000      0.00000
      4.58368      1.86081      0.00000      0.00000
      4.59368      2.53998      0.00000      0.00000
      4.60368      3.71805      0.00000      0.00000
      4.61368      3.20156      0.00000      0.00000
      4.62368      2.35583      0.00000      0.00000
      4.63368      2.94517      0.00000      0.00000
      4.64368      3.98060      0.00000      0.00000
      4.65368      3.48841      0.00000      0.00000
      4.66368      2.67495      0.00000      0.00000
      4.67368      2.90676      0.00000      0.00000
      4.68368      3.10674      0.00000      0.00000
      4.69368      2.70042      0.00000      0.00000
      4.70368      2.34408      0.00000      0.00000
      4.71368      2.50912      0.00000      0.00000
      4.72368      2.86133      0.00000      0.00000
      4.73368      3.09035      0.00000      0.00000
      4.74368      2.89858      0.00000      0.00000
      4.75368      2.69396      0.00000      0.00000
      4.76368      2.73683      0.00000      0.00000
      4.77368      2.83684      0.00000      0.00000
      4.78368      2.79011      0.00000      0.00000
      4.79368      2.81127      0.00000      0.00000
      4.80368      3.18330      0.00000      0.00000
      4.81368      3.57645      0.00000      0.00000
      4.82368      3.69997      0.00000      0.00000
      4.83368      3.61880      0.00000      0.00000
      4.84368      3.32112      0.00000      0.00000
      4.85368      3.44237      0.00000      0.00000
      4.86368      3.64058      0.00000      0.00000
      4.87368      3.46544      0.00000      0.00000
      4.88368      3.39550      0.00000      0.00000
      4.89368      3.36689      0.00000      0.00000
      4.90368      3.35351      0.00000      0.00000
      4.91368      3.76072      0.00000      0.00000
      4.92368      4.27816      0.00000      0.00000
      4.93368      4.06615      0.00000      0.00000
      4.94368      3.63644      0.00000      0.00000
      4.95368      3.57801      0.00000      0.00000
      4.96368      3.51781      0.00000      0.00000
      4.97368      3.07256      0.00000      0.00000
      4.98368      2.27744      0.00000      0.00000
      4.99368      2.01266      0.00000      0.00000
      5.00368      2.26630      0.00000      0.00000
      5.01368      2.27517      0.00000      0.00000
      5.02368      2.16846      0.00000      0.00000
      5.03368      2.27077      0.00000      0.00000
      5.04368      2.39616      0.00000      0.00000
      5.05368      2.36086      0.00000      0.00000
      5.06368      2.39471      0.00000      0.00000
      5.07368      2.49820      0.00000      0.00000
      5.08368      2.46409      0.00000      0.00000
      5.09368      2.77637      0.00000      0.00000
      5.10368      3.63116      0.00000      0.00000
      5.11368      4.03353      0.00000      0.00000
      5.12368      3.81745      0.00000      0.00000
      5.13368      4.17391      0.00000      0.00000
      5.14368      4.59239      0.00000      0.00000
      5.15368      4.81522      0.00000      0.00000
      5.16368      5.60766      0.00000      0.00000
      5.17368      6.42375      0.00000      0.00000
      5.18368      7.12492      0.00000      0.00000
      5.19368      8.60984      0.00000      0.00000
      5.20368      9.75823      0.00000      0.00000
      5.21368     10.18169      0.00000      0.00000
      5.22368     10.00425      0.00000      0.00000
      5.23368      8.66534      0.00000      0.00000
      5.24368      7.76698      0.00000      0.00000
      5.25368      7.54626      0.00000      0.00000
      5.26368      6.97706      0.00000      0.00000
      5.27368      5.96908      0.00000      0.00000
      5.28368      5.22487      0.00000      0.00000
      5.29368      4.41475      0.00000      0.00000
      5.30368      3.58609      0.00000      0.00000
      5.31368      3.60683      0.00000      0.00000
      5.32368      4.19777      0.00000      0.00000
      5.33368      4.23583      0.00000      0.00000
      5.34368      4.11098      0.00000      0.00000
      5.35368      4.44544      0.00000      0.00000
      5.36368      4.25517      0.00000      0.00000
      5.37368      3.15092      0.00000      0.00000
      5.38368      2.27419      0.00000      0.00000
      5.39368      2.54816      0.00000      0.00000
      5.40368      3.52673      0.00000      0.00000
      5.41368      4.35288      0.00000      0.00000
      5.42368      4.06132      0.00000      0.00000
      5.43368      3.11772      0.00000      0.00000
      5.44368      2.41022      0.00000      0.00000
      5.45368      2.45612      0.00000      0.00000
      5.46368      3.55419      0.00000      0.00000
      5.47368      4.34502      0.00000      0.00000
      5.48368      3.31201      0.00000      0.00000
      5.49368      2.07005      0.00000      0.00000
      5.50368      1.81039      0.00000      0.00000
      5.51368      2.09859      0.00000      0.00000
      5.52368      2.86218      0.00000      0.00000
      5.53368      3.37100      0.00000      0.00000
      5.54368      2.89061      0.00000      0.00000
      5.55368      2.18782      0.00000      0.00000
      5.56368      1.75273      0.00000      0.00000
      5.57368      1.77668      0.00000      0.00000
      5.58368      2.17237      0.00000      0.00000
      5.59368      2.64897      0.00000      0.00000
      5.60368      2.56527      0.00000      0.00000
      5.61368      1.91462      0.00000      0.00000
      5.62368      1.68013      0.00000      0.00000
      5.63368      2.15350      0.00000      0.00000
      5.64368      2.32584      0.00000      0.00000
      5.65368      1.76761      0.00000      0.00000
      5.66368      1.49348      0.00000      0.00000
      5.67368      1.58381      0.00000      0.00000
      5.68368      1.46774      0.00000      0.00000
      5.69368      1.59402      0.00000      0.00000
      5.70368      1.93233      0.00000      0.00000
      5.71368      2.13254      0.00000      0.00000
      5.72368      1.98174      0.00000      0.00000
      5.73368      1.54061      0.00000      0.00000
      5.74368      1.38895      0.00000      0.00000
      5.75368      1.38340      0.00000      0.00000
      5.76368      1.32213      0.00000      0.00000
      5.77368      1.54478      0.00000      0.00000
      5.78368      1.61748      0.00000      0.00000
      5.79368      1.40475      0.00000      0.00000
      5.80368      1.11278      0.00000      0.00000
      5.81368      0.93439      0.00000      0.00000
      5.82368      0.74606      0.00000      0.00000
      5.83368      0.64246      0.00000      0.00000
      5.84368      0.67849      0.00000      0.00000
      5.85368      0.66385      0.00000      0.00000
      5.86368      0.67438      0.00000      0.00000
      5.87368      0.71028      0.00000      0.00000
      5.88368      0.63000      0.00000      0.00000
      5.89368      0.43343      0.00000      0.00000
      5.90368      0.18863      0.00000      0.00000
      5.91368      0.04193      0.00000      0.00000
      5.92368      0.00405      0.00000      0.00000
      5.93368      0.00015      0.00000      0.00000
      5.94368      0.00000      0.00000      0.00000
      5.95368      0.00000      0.00000      0.00000
      5.96368      0.00000      0.00000      0.00000
      5.97368      0.00000      0.00000      0.00000
      5.98368      0.00000      0.00000      0.00000
      5.99368      0.00000      0.00000      0.00000
      6.00368      0.00000      0.00000      0.00000
      6.01368      0.00000      0.00000      0.00000
      6.02368      0.00000      0.00000      0.00000
      6.03368      0.00000      0.00000      0.00000
      6.04368      0.00000      0.00000      0.00000
      6.05368      0.00000      0.00000      0.00000
      6.06368      0.00000      0.00000      0.00000
      6.07368      0.00000      0.00000      0.00000
      6.08368      0.00000      0.00000      0.00000
      6.09368      0.00000      0.00000      0.00000
      6.10368      0.00000      0.00000      0.00000
      6.11368      0.00000      0.00000      0.00000
      6.12368      0.00000      0.00000      0.00000
      6.13368      0.00000      0.00000      0.00000
      6.14368      0.00000      0.00000      0.00000
      6.15368      0.00000      0.00000      0.00000
      6.16368      0.00000      0.00000      0.00000
      6.17368      0.00000      0.00000      0.00000
      6.18368      0.00000      0.00000      0.00000
      6.19368      0.00000      0.00000      0.00000
      6.20368      0.00000      0.00000      0.00000
      6.21368      0.00000      0.00000      0.00000
      6.22368      0.00000      0.00000      0.00000
      6.23368      0.00000      0.00000      0.00000
      6.24368      0.00000      0.00000      0.00000
      6.25368      0.00000      0.00000      0.00000
      6.26368      0.00000      0.00000      0.00000
      6.27368      0.00000      0.00000      0.00000
      6.28368      0.00000      0.00000      0.00000
      6.29368      0.00000      0.00000      0.00000
      6.30368      0.00000      0.00000      0.00000
      6.31368      0.00000      0.00000      0.00000
      6.32368      0.00000      0.00000      0.00000
      6.33368      0.00000      0.00000      0.00000
      6.34368      0.00000      0.00000      0.00000
      6.35368      0.00000      0.00000      0.00000
      6.36368      0.00000      0.00000      0.00000
      6.37368      0.00000      0.00000      0.00000
      6.38368      0.00000      0.00000      0.00000
      6.39368      0.00000      0.00000      0.00000
      6.40368      0.00000      0.00000      0.00000
      6.41368      0.00000      0.00000      0.00000
      6.42368      0.00000      0.00000      0.00000
      6.43368      0.00000      0.00000      0.00000
      6.44368      0.00000      0.00000      0.00000
      6.45368      0.00000      0.00000      0.00000
      6.46368      0.00000      0.00000      0.00000
      6.47368      0.00000      0.00000      0.00000
      6.48368      0.00000      0.00000      0.00000
      6.49368      0.00000      0.00000      0.00000
      6.50368      0.00000      0.00000      0.00000
      6.51368      0.00000      0.00000      0.00000
      6.52368      0.00000      0.00000      0.00000
      6.53368      0.00000      0.00000      0.00000
      6.54368      0.00000      0.00000      0.00000
      6.55368      0.00000      0.00000      0.00000
      6.56368      0.00000      0.00000      0.00000
      6.57368      0.00000      0.00000      0.00000
      6.58368      0.00000      0.00000      0.00000
      6.59368      0.00000      0.00000      0.00000
      6.60368      0.00000      0.00000      0.00000
      6.61368      0.00000      0.00000      0.00000
      6.62368      0.00000      0.00000      0.00000
      6.63368      0.00000      0.00000      0.00000
      6.64368      0.00000      0.00000      0.00000
      6.65368      0.00000      0.00000      0.00000
      6.66368      0.00000      0.00000      0.00000
      6.67368      0.00000      0.00000      0.00000
      6.68368      0.00000      0.00000      0.00000
      6.69368      0.00000      0.00000      0.00000
      6.70368      0.00000      0.00000      0.00000
      6.71368      0.00000      0.00000      0.00000
      6.72368      0.00000      0.00000      0.00000
      6.73368      0.00000      0.00000      0.00000
      6.74368      0.00000      0.00000      0.00000
      6.75368      0.00000      0.00000      0.00000
      6.76368      0.00000      0.00000      0.00000
      6.77368      0.00000      0.00000      0.00000
      6.78368      0.00000      0.00000      0.00000
      6.79368      0.00000      0.00000      0.00000
      6.80368      0.00000      0.00000      0.00000
      6.81368      0.00000      0.00000      0.00000
      6.82368      0.00000      0.00000      0.00000
      6.83368      0.00000      0.00000      0.00000
      6.84368      0.00000      0.00000      0.00000
      6.85368      0.00000      0.00000      0.00000
      6.86368      0.00000      0.00000      0.00000
      6.87368      0.00000      0.00000      0.00000
      6.88368      0.00000      0.00000      0.00000
      6.89368      0.00000      0.00000      0.00000
      6.90368      0.00000      0.00000      0.00000
      6.91368      0.00000      0.00000      0.00000
      6.92368      0.00000      0.00000      0.00000
      6.93368      0.00000      0.00000      0.00000
      6.94368      0.00000      0.00000      0.00000
      6.95368      0.00000      0.00000      0.00000
      6.96368      0.00000      0.00000      0.00000
      6.97368      0.00000      0.00000      0.00000
      6.98368      0.00000      0.00000      0.00000
      6.99368      0.00000      0.00000      0.00000
      7.00368      0.00000      0.00000      0.00000
      7.01368      0.00000      0.00000      0.00000
      7.02368      0.00000      0.00000      0.00000
      7.03368      0.00000      0.00000      0.00000
      7.04368      0.00000      0.00000      0.00000
      7.05368      0.00000      0.00000      0.00000
      7.06368      0.00000      0.00000      0.00000
      7.07368      0.00000      0.00000      0.00000
      7.08368      0.00000      0.00000      0.00000
      7.09368      0.00000      0.00000      0.00000
      7.10368      0.00000      0.00000      0.00000
      7.11368      0.00000      0.00000      0.00000
      7.12368      0.00000      0.00000      0.00000
      7.13368      0.00000      0.00000      0.00000
      7.14368      0.00000      0.00000      0.00000
      7.15368      0.00000      0.00000      0.00000
      7.16368      0.00000      0.00000      0.00000
      7.17368      0.00000      0.00000      0.00000
      7.18368      0.00000      0.00000      0.00000
      7.19368      0.00000      0.00000      0.00000
      7.20368      0.00000      0.00000      0.00000
      7.21368      0.00000      0.00000      0.00000
      7.22368      0.00000      0.00000      0.00000
      7.23368      0.00000      0.00000      0.00000
      7.24368      0.00000      0.00000      0.00000
      7.25368      0.00000      0.00000      0.00000
      7.26368      0.00000      0.00000      0.00000
      7.27368      0.00000      0.00000      0.00000
      7.28368      0.00000      0.00000      0.00000
      7.29368      0.00000      0.00000      0.00000
      7.30368      0.00000      0.00000      0.00000
      7.31368      0.00000      0.00000      0.00000
      7.32368      0.00000      0.00000      0.00000
      7.33368      0.00000      0.00000      0.00000
      7.34368      0.00000      0.00000      0.00000
      7.35368      0.00000      0.00000      0.00000
      7.36368      0.00000      0.00000      0.00000
      7.37368      0.00000      0.00000      0.00000
      7.38368      0.00000      0.00000      0.00000
      7.39368      0.00000      0.00000      0.00000
      7.40368      0.00000      0.00000      0.00000
      7.41368      0.00025      0.00000      0.00000
      7.42368      0.00774      0.00000      0.00000
      7.43368      0.09371      0.00000      0.00000
      7.44368      0.46137      0.00000      0.00000
      7.45368      0.99168      0.00000      0.00000
      7.46368      1.07101      0.00000      0.00000
      7.47368      0.86910      0.00000      0.00000
      7.48368      0.98949      0.00000      0.00000
      7.49368      1.06546      0.00000      0.00000
      7.50368      0.73979      0.00000      0.00000
      7.51368      0.75182      0.00000      0.00000
      7.52368      1.22671      0.00000      0.00000
      7.53368      1.61563      0.00000      0.00000
      7.54368      1.40355      0.00000      0.00000
      7.55368      1.01133      0.00000      0.00000
      7.56368      1.07409      0.00000      0.00000
      7.57368      1.15187      0.00000      0.00000
      7.58368      0.99363      0.00000      0.00000
      7.59368      1.02636      0.00000      0.00000
      7.60368      1.05880      0.00000      0.00000
      7.61368      0.97870      0.00000      0.00000
      7.62368      0.72273      0.00000      0.00000
      7.63368      0.58237      0.00000      0.00000
      7.64368      0.97882      0.00000      0.00000
      7.65368      1.28806      0.00000      0.00000
      7.66368      1.48488      0.00000      0.00000
      7.67368      1.97068      0.00000      0.00000
      7.68368      1.92067      0.00000      0.00000
      7.69368      1.31217      0.00000      0.00000
      7.70368      1.03897      0.00000      0.00000
