Energy-E_F (eV)    DOS (1/eV)    PDOS (1/eV)  of atom type Mo S  
     -5.28676      4.17462      1.46342      2.71120
     -5.27676      4.21869      1.47678      2.74191
     -5.26676      4.30104      1.50155      2.79949
     -5.25676      4.45568      1.55933      2.89636
     -5.24676      4.77403      1.68080      3.09323
     -5.23676      5.09474      1.79459      3.30015
     -5.22676      5.58920      1.96330      3.62591
     -5.21676      5.88402      2.06491      3.81910
     -5.20676      5.44181      1.90306      3.53875
     -5.19676      5.01921      1.74092      3.27829
     -5.18676      4.93049      1.70645      3.22404
     -5.17676      4.82326      1.66578      3.15749
     -5.16676      4.54552      1.54900      2.99652
     -5.15676      4.25848      1.42252      2.83596
     -5.14676      3.72527      1.20111      2.52416
     -5.13676      3.06436      0.92161      2.14275
     -5.12676      3.06988      0.89832      2.17156
     -5.11676      3.07329      0.92688      2.14641
     -5.10676      2.31376      0.69552      1.61824
     -5.09676      1.82636      0.53406      1.29230
     -5.08676      1.85043      0.54840      1.30203
     -5.07676      1.83338      0.54917      1.28422
     -5.06676      1.71913      0.51416      1.20496
     -5.05676      1.78202      0.54212      1.23990
     -5.04676      1.86566      0.57892      1.28674
     -5.03676      1.62175      0.49961      1.12213
     -5.02676      1.37654      0.41298      0.96356
     -5.01676      1.40826      0.42256      0.98570
     -5.00676      1.44794      0.44015      1.00779
     -4.99676      1.34615      0.40941      0.93674
     -4.98676      1.34326      0.40779      0.93547
     -4.97676      1.44083      0.44515      0.99568
     -4.96676      1.43637      0.44993      0.98644
     -4.95676      1.27579      0.39308      0.88270
     -4.94676      1.15181      0.34733      0.80447
     -4.93676      1.15112      0.34931      0.80181
     -4.92676      1.17272      0.36027      0.81245
     -4.91676      1.15323      0.35258      0.80065
     -4.90676      1.12495      0.34327      0.78169
     -4.89676      1.16247      0.36120      0.80127
     -4.88676      1.22054      0.38399      0.83655
     -4.87676      1.12808      0.35063      0.77745
     -4.86676      0.98161      0.29908      0.68254
     -4.85676      0.96358      0.29343      0.67015
     -4.84676      0.98690      0.30454      0.68235
     -4.83676      0.91284      0.28406      0.62878
     -4.82676      0.86716      0.26818      0.59898
     -4.81676      0.89752      0.27885      0.61867
     -4.80676      0.94600      0.30009      0.64591
     -4.79676      0.95948      0.30535      0.65413
     -4.78676      0.85414      0.26552      0.58862
     -4.77676      0.76664      0.23530      0.53134
     -4.76676      0.76981      0.23869      0.53113
     -4.75676      0.82922      0.25847      0.57076
     -4.74676      0.82543      0.25638      0.56905
     -4.73676      0.74692      0.23209      0.51484
     -4.72676      0.79196      0.24796      0.54400
     -4.71676      0.90092      0.28455      0.61638
     -4.70676      0.86222      0.27371      0.58851
     -4.69676      0.73193      0.22924      0.50269
     -4.68676      0.70588      0.21723      0.48866
     -4.67676      0.73485      0.22630      0.50855
     -4.66676      0.74307      0.23257      0.51050
     -4.65676      0.71552      0.22448      0.49104
     -4.64676      0.70832      0.21931      0.48900
     -4.63676      0.75969      0.23591      0.52378
     -4.62676      0.76564      0.24275      0.52289
     -4.61676      0.76985      0.24611      0.52374
     -4.60676      0.74784      0.23415      0.51369
     -4.59676      0.68439      0.21020      0.47419
     -4.58676      0.61459      0.19045      0.42414
     -4.57676      0.65359      0.20521      0.44838
     -4.56676      0.72182      0.22570      0.49613
     -4.55676      0.69017      0.21323      0.47693
     -4.54676      0.63125      0.19683      0.43442
     -4.53676      0.66634      0.21096      0.45538
     -4.52676      0.74732      0.23716      0.51016
     -4.51676      0.77131      0.24234      0.52897
     -4.50676      0.62628      0.19504      0.43124
     -4.49676      0.54172      0.16850      0.37322
     -4.48676      0.60076      0.18724      0.41352
     -4.47676      0.71687      0.22312      0.49375
     -4.46676      0.65542      0.20435      0.45107
     -4.45676      0.54313      0.16989      0.37324
     -4.44676      0.58732      0.18455      0.40277
     -4.43676      0.72347      0.22748      0.49599
     -4.42676      0.75194      0.23631      0.51563
     -4.41676      0.63802      0.19975      0.43827
     -4.40676      0.59219      0.18119      0.41100
     -4.39676      0.65473      0.19724      0.45750
     -4.38676      0.77794      0.23430      0.54364
     -4.37676      0.73349      0.22312      0.51037
     -4.36676      0.63125      0.19282      0.43844
     -4.35676      0.63446      0.19190      0.44257
     -4.34676      0.80888      0.24555      0.56334
     -4.33676      1.11162      0.35351      0.75811
     -4.32676      1.87066      0.64321      1.22745
     -4.31676      3.33519      1.17717      2.15802
     -4.30676      4.49106      1.57399      2.91707
     -4.29676      5.16263      1.76443      3.39820
     -4.28676      5.71318      1.88958      3.82360
     -4.27676      6.55338      2.07247      4.48091
     -4.26676      7.64386      2.30547      5.33839
     -4.25676      8.06156      2.36926      5.69230
     -4.24676      7.77636      2.27623      5.50012
     -4.23676      7.27334      2.13603      5.13731
     -4.22676      6.93710      2.04161      4.89549
     -4.21676      6.75342      1.99055      4.76287
     -4.20676      6.83449      2.02336      4.81113
     -4.19676      7.13212      2.12223      5.00989
     -4.18676      7.06388      2.10143      4.96246
     -4.17676      6.71035      1.97971      4.73063
     -4.16676      6.56115      1.91506      4.64609
     -4.15676      6.67821      1.93708      4.74113
     -4.14676      6.66874      1.93180      4.73695
     -4.13676      6.03305      1.74395      4.28910
     -4.12676      5.24762      1.51014      3.73748
     -4.11676      4.72801      1.35540      3.37261
     -4.10676      4.42747      1.26571      3.16177
     -4.09676      4.20018      1.19993      3.00024
     -4.08676      3.86833      1.10270      2.76564
     -4.07676      3.54574      1.00516      2.54058
     -4.06676      3.39858      0.96350      2.43509
     -4.05676      3.46898      0.98803      2.48096
     -4.04676      3.32149      0.94519      2.37630
     -4.03676      3.01834      0.85209      2.16626
     -4.02676      2.87710      0.81087      2.06623
     -4.01676      2.85157      0.81184      2.03973
     -4.00676      2.80081      0.79737      2.00343
     -3.99676      2.59719      0.73948      1.85770
     -3.98676      2.03810      0.60633      1.43177
     -3.97676      1.39519      0.46393      0.93126
     -3.96676      1.14367      0.41768      0.72600
     -3.95676      1.20788      0.44544      0.76244
     -3.94676      1.21536      0.44092      0.77444
     -3.93676      1.20148      0.42440      0.77709
     -3.92676      1.32509      0.45159      0.87350
     -3.91676      1.41998      0.47052      0.94946
     -3.90676      1.50761      0.50314      1.00447
     -3.89676      1.53969      0.52619      1.01349
     -3.88676      1.39430      0.47276      0.92154
     -3.87676      1.24734      0.41615      0.83118
     -3.86676      1.28808      0.43440      0.85368
     -3.85676      1.32811      0.45445      0.87367
     -3.84676      1.26424      0.43846      0.82578
     -3.83676      1.25475      0.42925      0.82551
     -3.82676      1.27855      0.43675      0.84180
     -3.81676      1.21751      0.42266      0.79484
     -3.80676      1.20576      0.41644      0.78932
     -3.79676      1.22018      0.42114      0.79904
     -3.78676      1.12204      0.39200      0.73004
     -3.77676      1.02542      0.36036      0.66506
     -3.76676      1.15201      0.40124      0.75077
     -3.75676      1.40938      0.48678      0.92260
     -3.74676      1.30303      0.44626      0.85677
     -3.73676      0.99273      0.34484      0.64789
     -3.72676      0.95018      0.33780      0.61238
     -3.71676      1.18513      0.41120      0.77393
     -3.70676      1.28522      0.44047      0.84474
     -3.69676      1.05358      0.37253      0.68105
     -3.68676      0.94649      0.34880      0.59769
     -3.67676      1.13139      0.40923      0.72216
     -3.66676      1.70598      0.56958      1.13639
     -3.65676      2.53805      0.80207      1.73598
     -3.64676      2.99936      0.94201      2.05736
     -3.63676      3.12308      0.99328      2.12979
     -3.62676      3.14204      1.00065      2.14139
     -3.61676      3.35392      1.06687      2.28705
     -3.60676      3.52832      1.12831      2.40001
     -3.59676      3.41375      1.08983      2.32392
     -3.58676      3.40996      1.08030      2.32965
     -3.57676      3.50051      1.10829      2.39222
     -3.56676      3.65335      1.15606      2.49729
     -3.55676      3.82618      1.19597      2.63021
     -3.54676      4.05392      1.25028      2.80364
     -3.53676      4.12200      1.27667      2.84533
     -3.52676      4.25289      1.33531      2.91759
     -3.51676      4.68291      1.48694      3.19597
     -3.50676      4.86830      1.53165      3.33665
     -3.49676      5.25928      1.61717      3.64211
     -3.48676      6.23851      1.91802      4.32049
     -3.47676      6.92005      2.15667      4.76339
     -3.46676      6.47912      2.04350      4.43562
     -3.45676      5.62290      1.81136      3.81154
     -3.44676      5.26999      1.73799      3.53201
     -3.43676      5.10163      1.69253      3.40910
     -3.42676      4.94933      1.64800      3.30132
     -3.41676      4.78544      1.61813      3.16731
     -3.40676      4.57791      1.58336      2.99454
     -3.39676      4.59977      1.64131      2.95845
     -3.38676      4.76689      1.75315      3.01374
     -3.37676      5.00172      1.87922      3.12250
     -3.36676      4.94980      1.85863      3.09117
     -3.35676      4.45972      1.65273      2.80699
     -3.34676      3.88217      1.41854      2.46363
     -3.33676      3.47092      1.25773      2.21320
     -3.32676      3.26590      1.19534      2.07055
     -3.31676      3.02964      1.13796      1.89168
     -3.30676      2.80874      1.07589      1.73285
     -3.29676      2.65411      1.02535      1.62876
     -3.28676      2.50377      0.99120      1.51257
     -3.27676      2.39339      0.96363      1.42976
     -3.26676      2.23019      0.89892      1.33128
     -3.25676      2.14359      0.86206      1.28153
     -3.24676      2.11929      0.84716      1.27213
     -3.23676      2.10528      0.83131      1.27396
     -3.22676      2.08708      0.82145      1.26563
     -3.21676      2.04906      0.82362      1.22543
     -3.20676      1.98749      0.81743      1.17006
     -3.19676      1.85454      0.76781      1.08672
     -3.18676      1.83846      0.74697      1.09149
     -3.17676      1.88992      0.73514      1.15478
     -3.16676      1.94707      0.73063      1.21644
     -3.15676      1.99705      0.75850      1.23855
     -3.14676      1.94650      0.75844      1.18806
     -3.13676      1.80103      0.71671      1.08432
     -3.12676      1.70023      0.68924      1.01099
     -3.11676      1.70343      0.68326      1.02017
     -3.10676      1.81481      0.71884      1.09597
     -3.09676      1.78149      0.69680      1.08469
     -3.08676      1.59100      0.61676      0.97424
     -3.07676      1.52087      0.60698      0.91389
     -3.06676      1.59300      0.65541      0.93759
     -3.05676      1.69334      0.69006      1.00328
     -3.04676      1.60103      0.63635      0.96468
     -3.03676      1.55300      0.59213      0.96087
     -3.02676      1.74611      0.65076      1.09534
     -3.01676      1.78279      0.67029      1.11249
     -3.00676      1.63238      0.62668      1.00570
     -2.99676      1.58148      0.62831      0.95317
     -2.98676      1.48690      0.59686      0.89003
     -2.97676      1.45797      0.57948      0.87850
     -2.96676      1.57946      0.61646      0.96300
     -2.95676      1.50731      0.57692      0.93038
     -2.94676      1.45493      0.56236      0.89256
     -2.93676      1.47619      0.58419      0.89200
     -2.92676      1.42632      0.57447      0.85186
     -2.91676      1.41482      0.57829      0.83653
     -2.90676      1.40020      0.56728      0.83292
     -2.89676      1.42149      0.54931      0.87219
     -2.88676      1.57692      0.57733      0.99959
     -2.87676      1.66133      0.59775      1.06358
     -2.86676      1.60372      0.59640      1.00731
     -2.85676      1.47824      0.57675      0.90149
     -2.84676      1.29390      0.51346      0.78044
     -2.83676      1.23997      0.49523      0.74475
     -2.82676      1.35740      0.53616      0.82124
     -2.81676      1.46542      0.55655      0.90887
     -2.80676      1.49842      0.57057      0.92785
     -2.79676      1.43297      0.56505      0.86792
     -2.78676      1.28715      0.51561      0.77154
     -2.77676      1.18284      0.47618      0.70667
     -2.76676      1.21367      0.49019      0.72348
     -2.75676      1.35252      0.52353      0.82899
     -2.74676      1.55284      0.55858      0.99426
     -2.73676      1.59675      0.54690      1.04985
     -2.72676      0.00267     -0.32263      0.32530
     -2.71676     -9.91800     -6.13179     -3.78621
     -2.70676    -31.07974    -18.64577    -12.43397
     -2.69676    -33.21728    -19.90282    -13.31445
     -2.68676    -12.09503     -7.41090     -4.68414
     -2.67676     -0.23459     -0.44409      0.20949
     -2.66676      1.67444      0.67051      1.00393
     -2.65676      1.56278      0.65965      0.90312
     -2.64676      1.49604      0.64729      0.84875
     -2.63676      1.48869      0.65220      0.83649
     -2.62676      1.42604      0.63160      0.79444
     -2.61676      1.50262      0.65385      0.84877
     -2.60676      1.89832      0.76551      1.13282
     -2.59676      2.20471      0.82713      1.37758
     -2.58676      2.17040      0.81120      1.35920
     -2.57676      2.05099      0.79018      1.26081
     -2.56676      1.96879      0.77199      1.19680
     -2.55676      1.99728      0.79190      1.20538
     -2.54676      2.06832      0.81572      1.25260
     -2.53676      2.23439      0.84988      1.38451
     -2.52676      2.34031      0.85661      1.48370
     -2.51676      2.20195      0.80848      1.39347
     -2.50676      2.12975      0.80617      1.32358
     -2.49676      2.15382      0.82982      1.32400
     -2.48676      2.15866      0.83027      1.32839
     -2.47676      2.21209      0.83462      1.37747
     -2.46676      2.47116      0.87990      1.59126
     -2.45676      2.82088      0.94292      1.87796
     -2.44676      2.75128      0.92302      1.82826
     -2.43676      2.48838      0.87073      1.61765
     -2.42676      2.35480      0.84338      1.51142
     -2.41676      2.38744      0.84803      1.53942
     -2.40676      2.50623      0.89334      1.61289
     -2.39676      2.67590      0.94602      1.72988
     -2.38676      2.87434      0.97223      1.90210
     -2.37676      2.88080      0.94723      1.93358
     -2.36676      2.62451      0.91869      1.70582
     -2.35676      0.60351      0.95370     -0.35019
     -2.34676     -7.26436      1.09730     -8.36166
     -2.33676    -13.69518      1.36098    -15.05616
     -2.32676     -4.88390      1.71553     -6.59943
     -2.31676      5.24505      1.90712      3.33793
     -2.30676      6.94878      1.76321      5.18556
     -2.29676      5.86146      1.50928      4.35218
     -2.28676      5.12770      1.35352      3.77418
     -2.27676      4.82492      1.29139      3.53353
     -2.26676      4.60489      1.26076      3.34412
     -2.25676      4.67320      1.29901      3.37418
     -2.24676      4.58511      1.26226      3.32285
     -2.23676      4.28886      1.16989      3.11898
     -2.22676      4.12026      1.14917      2.97108
     -2.21676      3.98846      1.15073      2.83773
     -2.20676      4.07065      1.18568      2.88498
     -2.19676      4.41274      1.27158      3.14116
     -2.18676      4.93726      1.40941      3.52785
     -2.17676      5.05009      1.44068      3.60941
     -2.16676      4.66168      1.36341      3.29828
     -2.15676      4.44497      1.35443      3.09053
     -2.14676      4.39052      1.34546      3.04506
     -2.13676      4.29107      1.28482      3.00625
     -2.12676      4.37441      1.28999      3.08442
     -2.11676      4.28413      1.24962      3.03452
     -2.10676      3.65404      1.04137      2.61267
     -2.09676      3.17975      0.88968      2.29007
     -2.08676      3.37180      0.93882      2.43297
     -2.07676      3.79433      1.05251      2.74182
     -2.06676      3.83215      1.04886      2.78329
     -2.05676      3.55111      0.96235      2.58877
     -2.04676      3.46875      0.94250      2.52625
     -2.03676      3.36973      0.88996      2.47977
     -2.02676      2.98026      0.77791      2.20234
     -2.01676      2.81668      0.74901      2.06766
     -2.00676      2.84520      0.75525      2.08995
     -1.99676      2.88143      0.73257      2.14886
     -1.98676      3.14794      0.80727      2.34067
     -1.97676      3.21312      0.87658      2.33653
     -1.96676      2.88276      0.77260      2.11016
     -1.95676      2.64889      0.65514      1.99375
     -1.94676      2.74261      0.66683      2.07578
     -1.93676      2.84349      0.69040      2.15309
     -1.92676      2.86708      0.70231      2.16476
     -1.91676      2.90653      0.73146      2.17508
     -1.90676      2.81709      0.70131      2.11578
     -1.89676      2.57141      0.60842      1.96299
     -1.88676      2.54128      0.60255      1.93873
     -1.87676      2.52816      0.61127      1.91690
     -1.86676      2.44633      0.58832      1.85801
     -1.85676      2.61102      0.62415      1.98687
     -1.84676      2.61403      0.61694      1.99709
     -1.83676      2.49910      0.57623      1.92287
     -1.82676      2.45933      0.56075      1.89858
     -1.81676      2.35724      0.53553      1.82170
     -1.80676      2.52282      0.57150      1.95132
     -1.79676      2.65119      0.59555      2.05564
     -1.78676      2.53675      0.55831      1.97843
     -1.77676      2.41380      0.52271      1.89109
     -1.76676      2.27907      0.49424      1.78483
     -1.75676      2.26254      0.49502      1.76752
     -1.74676      2.29333      0.49923      1.79411
     -1.73676      2.30280      0.50051      1.80229
     -1.72676      2.33650      0.49356      1.84295
     -1.71676      2.35467      0.48100      1.87367
     -1.70676      2.29188      0.46472      1.82716
     -1.69676      2.23864      0.45833      1.78030
     -1.68676      2.32277      0.48333      1.83944
     -1.67676      2.44866      0.49077      1.95789
     -1.66676      2.50119      0.49460      2.00659
     -1.65676      2.48296      0.52575      1.95722
     -1.64676      2.23029      0.42594      1.80435
     -1.63676     -1.01219     -1.28764      0.27545
     -1.62676    -16.41546     -9.37489     -7.04057
     -1.61676    -35.03792    -19.15749    -15.88043
     -1.60676    -25.04170    -13.92546    -11.11624
     -1.59676     -5.15188     -3.49564     -1.65624
     -1.58676      1.46267     -0.05213      1.51480
     -1.57676      2.36885      0.32945      2.03941
     -1.56676      2.56892      0.36061      2.20831
     -1.55676      2.42071      0.33791      2.08280
     -1.54676      2.30759      0.31622      1.99137
     -1.53676      2.38749      0.31066      2.07683
     -1.52676      2.56215      0.32511      2.23704
     -1.51676      2.74131      0.34737      2.39394
     -1.50676      2.79537      0.34560      2.44977
     -1.49676      3.03353      0.35888      2.67464
     -1.48676      3.45314      0.39645      3.05669
     -1.47676      3.60102      0.41210      3.18891
     -1.46676      3.30967      0.37536      2.93431
     -1.45676      2.92822      0.31527      2.61295
     -1.44676      2.75701      0.28811      2.46889
     -1.43676      2.66345      0.27656      2.38689
     -1.42676      2.59028      0.26066      2.32963
     -1.41676      2.55508      0.24986      2.30522
     -1.40676      2.47907      0.23653      2.24255
     -1.39676      2.49812      0.23302      2.26510
     -1.38676      2.47792      0.22721      2.25071
     -1.37676      2.16730      0.19203      1.97528
     -1.36676      1.55003      0.14458      1.40545
     -1.35676      0.92344      0.10774      0.81570
     -1.34676      0.61604      0.08787      0.52818
     -1.33676      0.58051      0.08458      0.49593
     -1.32676      0.60749      0.08527      0.52221
     -1.31676      0.55224      0.07476      0.47748
     -1.30676      0.50936      0.06584      0.44352
     -1.29676      0.48279      0.05981      0.42299
     -1.28676      0.33170      0.03999      0.29171
     -1.27676      0.12194      0.01449      0.10745
     -1.26676      0.02019      0.00238      0.01781
     -1.25676      0.00139      0.00016      0.00123
     -1.24676      0.00004      0.00000      0.00003
     -1.23676      0.00000      0.00000      0.00000
     -1.22676      0.00000      0.00000      0.00000
     -1.21676      0.00000      0.00000      0.00000
     -1.20676      0.00000      0.00000      0.00000
     -1.19676      0.00000      0.00000      0.00000
     -1.18676      0.00000      0.00000      0.00000
     -1.17676      0.00000      0.00000      0.00000
     -1.16676      0.00000      0.00000      0.00000
     -1.15676      0.00000      0.00000      0.00000
     -1.14676      0.00000      0.00000      0.00000
     -1.13676      0.00000      0.00000      0.00000
     -1.12676      0.00000      0.00000      0.00000
     -1.11676      0.00000      0.00000      0.00000
     -1.10676      0.00000      0.00000      0.00000
     -1.09676      0.00000      0.00000      0.00000
     -1.08676      0.00000      0.00000      0.00000
     -1.07676      0.00000      0.00000      0.00000
     -1.06676      0.00005      0.00004      0.00002
     -1.05676      0.00211      0.00149      0.00062
     -1.04676      0.03323      0.02350      0.00974
     -1.03676      0.21766      0.15367      0.06399
     -1.02676      0.65573      0.46180      0.19392
     -1.01676      1.08562      0.76146      0.32417
     -1.00676      1.28205      0.89399      0.38806
     -0.99676      1.37562      0.95322      0.42240
     -0.98676      1.43230      0.98695      0.44535
     -0.97676      1.52198      1.04346      0.47852
     -0.96676      1.60265      1.09417      0.50848
     -0.95676      1.67516      1.13992      0.53524
     -0.94676      1.80428      1.22380      0.58048
     -0.93676      1.89668      1.28363      0.61306
     -0.92676      2.01674      1.36329      0.65345
     -0.91676      2.17562      1.46840      0.70722
     -0.90676      2.33817      1.57766      0.76051
     -0.89676      2.52188      1.70374      0.81814
     -0.88676      2.77835      1.87858      0.89977
     -0.87676      3.10845      2.10782      1.00062
     -0.86676      3.57634      2.43888      1.13746
     -0.85676      4.32722      2.97104      1.35618
     -0.84676      5.04560      3.48223      1.56336
     -0.83676      4.96428      3.42028      1.54399
     -0.82676      4.36570      2.98230      1.38340
     -0.81676      3.92404      2.65744      1.26660
     -0.80676      3.65493      2.45472      1.20021
     -0.79676      3.56203      2.37139      1.19064
     -0.78676      3.55993      2.35410      1.20583
     -0.77676      3.38000      2.22296      1.15705
     -0.76676      3.21651      2.11293      1.10358
     -0.75676      3.08968      2.03536      1.05432
     -0.74676      2.87060      1.88724      0.98336
     -0.73676      2.78007      1.82367      0.95640
     -0.72676      2.80532      1.84450      0.96082
     -0.71676      2.64753      1.74066      0.90688
     -0.70676      2.50547      1.64366      0.86181
     -0.69676      2.55965      1.67772      0.88193
     -0.68676      2.57975      1.69781      0.88194
     -0.67676      2.38329      1.56772      0.81557
     -0.66676      2.30323      1.51010      0.79312
     -0.65676      2.36766      1.55536      0.81230
     -0.64676      2.45281      1.62091      0.83190
     -0.63676      2.25052      1.48549      0.76503
     -0.62676      2.10937      1.38616      0.72321
     -0.61676      2.20360      1.45164      0.75196
     -0.60676      2.33197      1.55049      0.78148
     -0.59676      2.20908      1.46966      0.73942
     -0.58676      2.00573      1.32624      0.67949
     -0.57676      2.02589      1.34132      0.68457
     -0.56676      2.11420      1.41048      0.70372
     -0.55676      2.21524      1.48850      0.72675
     -0.54676      2.02481      1.35567      0.66914
     -0.53676      1.86752      1.24792      0.61959
     -0.52676      1.91054      1.28043      0.63012
     -0.51676      2.05319      1.38474      0.66844
     -0.50676      2.05828      1.39944      0.65884
     -0.49676      1.85046      1.25491      0.59555
     -0.48676      1.80297      1.21963      0.58335
     -0.47676      1.82797      1.24039      0.58758
     -0.46676      1.86270      1.27232      0.59038
     -0.45676      1.91518      1.31818      0.59700
     -0.44676      1.77227      1.21802      0.55425
     -0.43676      1.69119      1.15985      0.53134
     -0.42676      1.72864      1.18778      0.54085
     -0.41676      1.68825      1.16547      0.52278
     -0.40676      1.73430      1.20709      0.52721
     -0.39676      1.71573      1.19447      0.52125
     -0.38676      1.62403      1.12566      0.49837
     -0.37676      1.57306      1.09273      0.48033
     -0.36676      1.53400      1.06923      0.46477
     -0.35676      1.61072      1.12776      0.48296
     -0.34676      1.64378      1.15360      0.49018
     -0.33676      1.52889      1.06994      0.45895
     -0.32676      1.45434      1.01772      0.43662
     -0.31676      1.45597      1.01891      0.43707
     -0.30676      1.50688      1.05676      0.45012
     -0.29676      1.53614      1.08351      0.45263
     -0.28676      1.45953      1.02649      0.43304
     -0.27676      1.41003      0.98640      0.42363
     -0.26676      1.41362      0.99052      0.42310
     -0.25676      1.40704      0.98684      0.42020
     -0.24676      1.46682      1.03090      0.43592
     -0.23676      1.44667      1.01606      0.43061
     -0.22676      1.38879      0.97005      0.41874
     -0.21676      1.37268      0.95601      0.41667
     -0.20676      1.39192      0.97043      0.42150
     -0.19676      1.46068      1.02103      0.43966
     -0.18676      1.43224      0.99754      0.43469
     -0.17676      1.37842      0.95339      0.42503
     -0.16676      1.39416      0.96333      0.43083
     -0.15676      1.42482      0.98516      0.43966
     -0.14676      1.42825      0.98691      0.44134
     -0.13676      1.32735      0.91842      0.40893
     -0.12676      0.11083      0.15308     -0.04225
     -0.11676     -6.53927     -4.00013     -2.53914
     -0.10676    -16.98462    -10.51851     -6.46611
     -0.09676    -14.60192     -9.03326     -5.56867
     -0.08676     -4.28809     -2.60152     -1.68657
     -0.07676     -0.08194      0.02618     -0.10813
     -0.06676      0.45391      0.36342      0.09048
     -0.05676      0.44079      0.34990      0.09089
     -0.04676      0.43399      0.34522      0.08877
     -0.03676      0.43554      0.34712      0.08842
     -0.02676      0.41538      0.33172      0.08366
     -0.01676      0.39236      0.31390      0.07845
     -0.00676      0.30429      0.24377      0.06052
      0.00324      0.14960      0.11994      0.02966
      0.01324      0.03706      0.02972      0.00733
      0.02324      0.00400      0.00321      0.00079
      0.03324      0.00018      0.00014      0.00003
      0.04324      0.00000      0.00000      0.00000
      0.05324      0.00000      0.00000      0.00000
      0.06324      0.00000      0.00000      0.00000
      0.07324      0.00000      0.00000      0.00000
      0.08324      0.00000      0.00000      0.00000
      0.09324      0.00000      0.00000      0.00000
      0.10324      0.00000      0.00000      0.00000
      0.11324      0.00000      0.00000      0.00000
      0.12324      0.00000      0.00000      0.00000
      0.13324      0.00000      0.00000      0.00000
      0.14324      0.00000      0.00000      0.00000
      0.15324      0.00000      0.00000      0.00000
      0.16324      0.00000      0.00000      0.00000
      0.17324      0.00000      0.00000      0.00000
      0.18324      0.00000      0.00000      0.00000
      0.19324      0.00000      0.00000      0.00000
      0.20324      0.00000      0.00000      0.00000
      0.21324      0.00000      0.00000      0.00000
      0.22324      0.00000      0.00000      0.00000
      0.23324      0.00000      0.00000      0.00000
      0.24324      0.00000      0.00000      0.00000
      0.25324      0.00000      0.00000      0.00000
      0.26324      0.00000      0.00000      0.00000
      0.27324      0.00000      0.00000      0.00000
      0.28324      0.00000      0.00000      0.00000
      0.29324      0.00000      0.00000      0.00000
      0.30324      0.00000      0.00000      0.00000
      0.31324      0.00000      0.00000      0.00000
      0.32324      0.00000      0.00000      0.00000
      0.33324      0.00000      0.00000      0.00000
      0.34324      0.00000      0.00000      0.00000
      0.35324      0.00000      0.00000      0.00000
      0.36324      0.00000      0.00000      0.00000
      0.37324      0.00000      0.00000      0.00000
      0.38324      0.00000      0.00000      0.00000
      0.39324      0.00000      0.00000      0.00000
      0.40324      0.00000      0.00000      0.00000
      0.41324      0.00000      0.00000      0.00000
      0.42324      0.00000      0.00000      0.00000
      0.43324      0.00000      0.00000      0.00000
      0.44324      0.00000      0.00000      0.00000
      0.45324      0.00000      0.00000      0.00000
      0.46324      0.00000      0.00000      0.00000
      0.47324      0.00000      0.00000      0.00000
      0.48324      0.00000      0.00000      0.00000
      0.49324      0.00000      0.00000      0.00000
      0.50324      0.00000      0.00000      0.00000
      0.51324      0.00000      0.00000      0.00000
      0.52324      0.00000      0.00000      0.00000
      0.53324      0.00000      0.00000      0.00000
      0.54324      0.00000      0.00000      0.00000
      0.55324      0.00000      0.00000      0.00000
      0.56324      0.00000      0.00000      0.00000
      0.57324      0.00000      0.00000      0.00000
      0.58324      0.00000      0.00000      0.00000
      0.59324      0.00000      0.00000      0.00000
      0.60324      0.00000      0.00000      0.00000
      0.61324      0.00000      0.00000      0.00000
      0.62324      0.00000      0.00000      0.00000
      0.63324      0.00000      0.00000      0.00000
      0.64324      0.00000      0.00000      0.00000
      0.65324      0.00000      0.00000      0.00000
      0.66324      0.00000      0.00000      0.00000
      0.67324      0.00000      0.00000      0.00000
      0.68324      0.00000      0.00000      0.00000
      0.69324      0.00000      0.00000      0.00000
      0.70324      0.00000      0.00000      0.00000
      0.71324      0.00000      0.00000      0.00000
      0.72324      0.00000      0.00000      0.00000
      0.73324      0.00000      0.00000      0.00000
      0.74324      0.00000      0.00000      0.00000
      0.75324      0.00000      0.00000      0.00000
      0.76324      0.00000      0.00000      0.00000
      0.77324      0.00000      0.00000      0.00000
      0.78324      0.00000      0.00000      0.00000
      0.79324      0.00000      0.00000      0.00000
      0.80324      0.00000      0.00000      0.00000
      0.81324      0.00000      0.00000      0.00000
      0.82324      0.00000      0.00000      0.00000
      0.83324      0.00000      0.00000      0.00000
      0.84324      0.00000      0.00000      0.00000
      0.85324      0.00000      0.00000      0.00000
      0.86324      0.00000      0.00000      0.00000
      0.87324      0.00000      0.00000      0.00000
      0.88324      0.00000      0.00000      0.00000
      0.89324      0.00000      0.00000      0.00000
      0.90324      0.00000      0.00000      0.00000
      0.91324      0.00000      0.00000      0.00000
      0.92324      0.00000      0.00000      0.00000
      0.93324      0.00000      0.00000      0.00000
      0.94324      0.00000      0.00000      0.00000
      0.95324      0.00000      0.00000      0.00000
      0.96324      0.00000      0.00000      0.00000
      0.97324      0.00000      0.00000      0.00000
      0.98324      0.00000      0.00000      0.00000
      0.99324      0.00000      0.00000      0.00000
      1.00324      0.00000      0.00000      0.00000
      1.01324      0.00000      0.00000      0.00000
      1.02324      0.00000      0.00000      0.00000
      1.03324      0.00000      0.00000      0.00000
      1.04324      0.00000      0.00000      0.00000
      1.05324      0.00000      0.00000      0.00000
      1.06324      0.00000      0.00000      0.00000
      1.07324      0.00000      0.00000      0.00000
      1.08324      0.00000      0.00000      0.00000
      1.09324      0.00000      0.00000      0.00000
      1.10324      0.00000      0.00000      0.00000
      1.11324      0.00000      0.00000      0.00000
      1.12324      0.00000      0.00000      0.00000
      1.13324      0.00000      0.00000      0.00000
      1.14324      0.00000      0.00000      0.00000
      1.15324      0.00000      0.00000      0.00000
      1.16324      0.00000      0.00000      0.00000
      1.17324      0.00000      0.00000      0.00000
      1.18324      0.00000      0.00000      0.00000
      1.19324      0.00000      0.00000      0.00000
      1.20324      0.00000      0.00000      0.00000
      1.21324      0.00000      0.00000      0.00000
      1.22324      0.00000      0.00000      0.00000
      1.23324      0.00000      0.00000      0.00000
      1.24324      0.00000      0.00000      0.00000
      1.25324      0.00000      0.00000      0.00000
      1.26324      0.00000      0.00000      0.00000
      1.27324      0.00000      0.00000      0.00000
      1.28324      0.00000      0.00000      0.00000
      1.29324      0.00000      0.00000      0.00000
      1.30324      0.00000      0.00000      0.00000
      1.31324      0.00000      0.00000      0.00000
      1.32324      0.00000      0.00000      0.00000
      1.33324      0.00000      0.00000      0.00000
      1.34324      0.00000      0.00000      0.00000
      1.35324      0.00000      0.00000      0.00000
      1.36324      0.00000      0.00000      0.00000
      1.37324      0.00000      0.00000      0.00000
      1.38324      0.00000      0.00000      0.00000
      1.39324      0.00000      0.00000      0.00000
      1.40324      0.00000      0.00000      0.00000
      1.41324      0.00000      0.00000      0.00000
      1.42324      0.00000      0.00000      0.00000
      1.43324      0.00000      0.00000      0.00000
      1.44324      0.00000      0.00000      0.00000
      1.45324      0.00000      0.00000      0.00000
      1.46324      0.00000      0.00000      0.00000
      1.47324      0.00000      0.00000      0.00000
      1.48324      0.00000      0.00000      0.00000
      1.49324      0.00000      0.00000      0.00000
      1.50324      0.00000      0.00000      0.00000
      1.51324      0.00000      0.00000      0.00000
      1.52324      0.00000      0.00000      0.00000
      1.53324      0.00000      0.00000      0.00000
      1.54324      0.00000      0.00000      0.00000
      1.55324      0.00000      0.00000      0.00000
      1.56324      0.00000      0.00000      0.00000
      1.57324      0.00000      0.00000      0.00000
      1.58324      0.00000      0.00000      0.00000
      1.59324      0.00000      0.00000      0.00000
      1.60324      0.00000      0.00000      0.00000
      1.61324      0.00000      0.00000      0.00000
      1.62324      0.00000      0.00000      0.00000
      1.63324      0.00000      0.00000      0.00000
      1.64324      0.00000      0.00000      0.00000
      1.65324      0.00000      0.00000      0.00000
      1.66324      0.00000      0.00000      0.00000
      1.67324      0.00000      0.00000      0.00000
      1.68324      0.00000      0.00000      0.00000
      1.69324      0.00000      0.00000      0.00000
      1.70324      0.00000      0.00000      0.00000
      1.71324      0.00000      0.00000      0.00000
      1.72324      0.00000      0.00000      0.00000
      1.73324      0.00000      0.00000      0.00000
      1.74324      0.00000      0.00000      0.00000
      1.75324      0.00000      0.00000      0.00000
      1.76324      0.00000      0.00000      0.00000
      1.77324      0.00000      0.00000      0.00000
      1.78324      0.00000      0.00000      0.00000
      1.79324      0.00000      0.00000      0.00000
      1.80324      0.00000      0.00000      0.00000
      1.81324      0.00000      0.00000      0.00000
      1.82324      0.00000      0.00000      0.00000
      1.83324      0.00000      0.00000      0.00000
      1.84324      0.00000      0.00000      0.00000
      1.85324      0.00000      0.00000      0.00000
      1.86324      0.00000      0.00000      0.00000
      1.87324      0.00000      0.00000      0.00000
      1.88324      0.00000      0.00000      0.00000
      1.89324      0.00000      0.00000      0.00000
      1.90324      0.00000      0.00000      0.00000
      1.91324      0.00000      0.00000      0.00000
      1.92324      0.00000      0.00000      0.00000
      1.93324      0.00000      0.00000      0.00000
      1.94324      0.00000      0.00000      0.00000
      1.95324      0.00000      0.00000      0.00000
      1.96324      0.00000      0.00000      0.00000
      1.97324      0.00000      0.00000      0.00000
      1.98324      0.00000      0.00000      0.00000
      1.99324      0.00000      0.00000      0.00000
      2.00324      0.00000      0.00000      0.00000
      2.01324      0.00000      0.00000      0.00000
      2.02324      0.00000      0.00000      0.00000
      2.03324      0.00000      0.00000      0.00000
      2.04324      0.00000      0.00000      0.00000
      2.05324      0.00000      0.00000      0.00000
      2.06324      0.00000      0.00000      0.00000
      2.07324      0.00000      0.00000      0.00000
      2.08324      0.00000      0.00000      0.00000
      2.09324      0.00000      0.00000      0.00000
      2.10324      0.00000      0.00000      0.00000
      2.11324      0.00000      0.00000      0.00000
      2.12324      0.00000      0.00000      0.00000
      2.13324      0.00000      0.00000      0.00000
      2.14324      0.00000      0.00000      0.00000
      2.15324      0.00000      0.00000      0.00000
      2.16324      0.00000      0.00000      0.00000
      2.17324      0.00000      0.00000      0.00000
      2.18324      0.00000      0.00000      0.00000
      2.19324      0.00000      0.00000      0.00000
      2.20324      0.00000      0.00000      0.00000
      2.21324      0.00000      0.00000      0.00000
      2.22324      0.00000      0.00000      0.00000
      2.23324      0.00000      0.00000      0.00000
      2.24324      0.00000      0.00000      0.00000
      2.25324      0.00000      0.00000      0.00000
      2.26324      0.00000      0.00000      0.00000
      2.27324      0.00000      0.00000      0.00000
      2.28324      0.00000      0.00000      0.00000
      2.29324      0.00000      0.00000      0.00000
      2.30324      0.00000      0.00000      0.00000
      2.31324      0.00000      0.00000      0.00000
      2.32324      0.00000      0.00000      0.00000
      2.33324      0.00000      0.00000      0.00000
      2.34324      0.00000      0.00000      0.00000
      2.35324      0.00000      0.00000      0.00000
      2.36324      0.00000      0.00000      0.00000
      2.37324      0.00000      0.00000      0.00000
      2.38324      0.00000      0.00000      0.00000
      2.39324      0.00005      0.00004      0.00001
      2.40324      0.00149      0.00125      0.00024
      2.41324      0.01875      0.01574      0.00301
      2.42324      0.09966      0.08365      0.01601
      2.43324      0.25121      0.21085      0.04036
      2.44324      0.36768      0.30858      0.05910
      2.45324      0.40580      0.34052      0.06529
      2.46324      0.42292      0.35481      0.06811
      2.47324      0.43020      0.36085      0.06936
      2.48324      0.43077      0.36120      0.06957
      2.49324      0.46061      0.38610      0.07452
      2.50324      0.46288      0.38791      0.07497
      2.51324      0.44860      0.37575      0.07285
      2.52324      0.49146      0.41141      0.08005
      2.53324      0.51584      0.43170      0.08414
      2.54324      0.48509      0.40578      0.07931
      2.55324      0.49240      0.41158      0.08083
      2.56324      0.55959      0.46738      0.09221
      2.57324      0.56699      0.47333      0.09366
      2.58324      0.52573      0.43859      0.08714
      2.59324      0.55042      0.45825      0.09217
      2.60324      0.65474      0.53421      0.12053
      2.61324      0.90837      0.67125      0.23712
      2.62324      1.53711      0.98742      0.54969
      2.63324      2.31952      1.40404      0.91548
      2.64324      2.76064      1.65867      1.10197
      2.65324      2.89094      1.73589      1.15505
      2.66324      2.92547      1.74825      1.17722
      2.67324      2.98020      1.78191      1.19829
      2.68324      3.11795      1.87739      1.24056
      2.69324      3.22591      1.94742      1.27849
      2.70324      3.25942      1.96522      1.29419
      2.71324      3.38818      2.04235      1.34583
      2.72324      3.52597      2.13630      1.38967
      2.73324      3.61485      2.20046      1.41439
      2.74324      3.80822      2.30887      1.49935
      2.75324      3.93121      2.39277      1.53844
      2.76324      4.08123      2.49918      1.58205
      2.77324      4.37214      2.67155      1.70059
      2.78324      4.58413      2.80132      1.78280
      2.79324      4.88148      3.00331      1.87817
      2.80324      5.31097      3.26463      2.04634
      2.81324      5.99246      3.65828      2.33418
      2.82324      6.77111      4.15521      2.61589
      2.83324      7.20775      4.49896      2.70879
      2.84324      7.28953      4.62790      2.66163
      2.85324      6.80908      4.38992      2.41916
      2.86324      6.04877      3.98070      2.06807
      2.87324      5.65744      3.79170      1.86573
      2.88324      5.59979      3.81042      1.78937
      2.89324      5.77835      4.00178      1.77657
      2.90324      6.18273      4.40951      1.77322
      2.91324      6.71883      4.92691      1.79193
      2.92324      6.84591      5.13926      1.70664
      2.93324      6.64426      5.11186      1.53239
      2.94324      6.66299      5.28261      1.38037
      2.95324      6.81750      5.55964      1.25786
      2.96324      6.00093      4.90012      1.10081
      2.97324      3.73566      2.86145      0.87420
      2.98324      2.05777      1.30464      0.75313
      2.99324      1.65490      0.91850      0.73641
      3.00324      1.71753      0.95315      0.76438
      3.01324      1.88656      1.05614      0.83042
      3.02324      2.05233      1.15506      0.89727
      3.03324      2.28221      1.28658      0.99563
      3.04324      2.49483      1.42242      1.07240
      3.05324      2.63456      1.52105      1.11351
      3.06324      2.88399      1.67367      1.21032
      3.07324      3.22588      1.88588      1.33999
      3.08324      3.60548      2.11190      1.49358
      3.09324      4.11536      2.41607      1.69929
      3.10324      4.85321      2.87792      1.97530
      3.11324      5.80554      3.45840      2.34713
      3.12324      6.30573      3.76914      2.53659
      3.13324      5.88464      3.55782      2.32682
      3.14324      5.23293      3.20067      2.03226
      3.15324      4.79141      2.96994      1.82147
      3.16324      4.54032      2.86785      1.67247
      3.17324      4.34825      2.78314      1.56512
      3.18324      4.20264      2.71873      1.48391
      3.19324      4.17745      2.72735      1.45010
      3.20324      4.05844      2.67102      1.38742
      3.21324      3.89452      2.59456      1.29995
      3.22324      3.83402      2.58198      1.25204
      3.23324      3.67509      2.49130      1.18379
      3.24324      3.53533      2.40818      1.12715
      3.25324      3.58165      2.43311      1.14854
      3.26324      3.48100      2.36425      1.11675
      3.27324      3.46163      2.35002      1.11161
      3.28324      4.08826      2.72377      1.36449
      3.29324      4.75307      3.08588      1.66719
      3.30324      4.99825      3.20857      1.78968
      3.31324      5.29927      3.39225      1.90703
      3.32324      5.50021      3.49859      2.00162
      3.33324      5.50972      3.49588      2.01385
      3.34324      5.94064      3.77755      2.16309
      3.35324      6.68855      4.25285      2.43570
      3.36324      6.85113      4.37880      2.47232
      3.37324      6.25728      4.02365      2.23363
      3.38324      5.54179      3.53894      2.00285
      3.39324      5.14492      3.25479      1.89013
      3.40324      4.62231      2.90919      1.71312
      3.41324      4.16051      2.57446      1.58604
      3.42324      4.08696      2.49173      1.59523
      3.43324      4.05823      2.47020      1.58803
      3.44324      3.84336      2.35212      1.49124
      3.45324      3.65021      2.22383      1.42638
      3.46324      3.42069      2.04931      1.37139
      3.47324      3.45496      2.04853      1.40643
      3.48324      3.51444      2.07619      1.43825
      3.49324      3.22877      1.91191      1.31685
      3.50324      3.03672      1.83438      1.20234
      3.51324      0.68955      0.90928     -0.21973
      3.52324    -12.45932     -4.19430     -8.26502
      3.53324    -32.85985    -12.02143    -20.83842
      3.54324    -27.73974    -10.08326    -17.65649
      3.55324     -6.84282     -2.09672     -4.74610
      3.56324      1.72782      1.21732      0.51050
      3.57324      2.79372      1.63205      1.16167
      3.58324      2.70211      1.58651      1.11559
      3.59324      0.09832      0.71903     -0.62072
      3.60324    -14.05050     -4.00406    -10.04644
      3.61324    -34.22872    -10.71348    -23.51524
      3.62324    -27.29973     -8.42320    -18.87653
      3.63324     -6.65351     -1.58056     -5.07294
      3.64324      1.19023      1.03662      0.15361
      3.65324      2.22781      1.39347      0.83434
      3.66324      2.17420      1.33924      0.83496
      3.67324      1.96414      1.21047      0.75367
      3.68324      1.96717      1.21315      0.75402
      3.69324      2.03500      1.26472      0.77028
      3.70324      2.06677      1.27702      0.78975
      3.71324      2.22261      1.34031      0.88230
      3.72324      2.29206      1.37757      0.91449
      3.73324      2.04427      1.23982      0.80445
      3.74324      1.96193      1.18500      0.77694
      3.75324      2.10450      1.25555      0.84895
      3.76324      2.05996      1.23333      0.82663
      3.77324      2.08819      1.24814      0.84005
      3.78324      2.43742      1.43557      1.00184
      3.79324      2.66695      1.52767      1.13927
      3.80324      2.83237      1.56140      1.27097
      3.81324      3.17230      1.72531      1.44699
      3.82324      3.41668      1.86149      1.55519
      3.83324      3.40062      1.83719      1.56342
      3.84324      3.75493      2.00528      1.74965
      3.85324      4.59426      2.43824      2.15602
      3.86324      4.80581      2.53380      2.27201
      3.87324      4.36087      2.29491      2.06596
      3.88324      3.87484      2.05413      1.82072
      3.89324      3.39885      1.81172      1.58713
      3.90324      3.31888      1.76879      1.55008
      3.91324      3.43290      1.83277      1.60014
      3.92324      3.24021      1.74234      1.49787
      3.93324      2.92299      1.57730      1.34568
      3.94324      2.68396      1.43932      1.24464
      3.95324      2.55044      1.37153      1.17891
      3.96324      2.55502      1.37600      1.17901
      3.97324      2.67671      1.43126      1.24545
      3.98324      2.72664      1.45638      1.27026
      3.99324      2.62153      1.40847      1.21307
      4.00324      2.42976      1.31072      1.11904
      4.01324      2.20254      1.18923      1.01331
      4.02324      2.23141      1.19632      1.03510
      4.03324      2.43160      1.28739      1.14421
      4.04324      2.32759      1.23335      1.09424
      4.05324      2.25302      1.20532      1.04770
      4.06324      2.25365      1.19532      1.05833
      4.07324      1.93407      0.99724      0.93684
      4.08324      1.65170      0.82271      0.82899
      4.09324      1.71095      0.83655      0.87440
      4.10324      1.75620      0.85296      0.90324
      4.11324      1.64118      0.80265      0.83853
      4.12324      1.70190      0.84238      0.85952
      4.13324      1.77968      0.88151      0.89818
      4.14324      1.58490      0.78009      0.80481
      4.15324      1.47318      0.71808      0.75510
      4.16324      1.67019      0.80549      0.86470
      4.17324      1.63701      0.79040      0.84661
      4.18324      1.51553      0.74096      0.77456
      4.19324      1.68707      0.83020      0.85687
      4.20324      1.65593      0.81317      0.84276
      4.21324      1.37571      0.67168      0.70403
      4.22324      1.50041      0.72229      0.77813
      4.23324      1.70281      0.81430      0.88850
      4.24324      1.49490      0.72198      0.77291
      4.25324      1.48880      0.72818      0.76062
      4.26324      1.67181      0.81688      0.85493
      4.27324      1.45464      0.70810      0.74654
      4.28324      1.33517      0.64357      0.69159
      4.29324      1.63220      0.77707      0.85513
      4.30324      1.62170      0.77477      0.84694
      4.31324      1.44444      0.70200      0.74244
      4.32324      1.53442      0.74742      0.78699
      4.33324      1.47702      0.71451      0.76251
      4.34324      1.36525      0.65735      0.70790
      4.35324      1.56592      0.74530      0.82061
      4.36324      1.64138      0.77939      0.86200
      4.37324      1.50634      0.72675      0.77959
      4.38324      1.50265      0.72926      0.77339
      4.39324      1.40027      0.67444      0.72583
      4.40324      1.36934      0.65599      0.71335
      4.41324      1.60901      0.76540      0.84361
      4.42324      1.70050      0.80829      0.89221
      4.43324      1.58819      0.76257      0.82562
      4.44324      1.43473      0.69146      0.74326
      4.45324      1.33775      0.64172      0.69603
      4.46324      1.48897      0.71102      0.77794
      4.47324      1.66255      0.79065      0.87190
      4.48324      1.73690      0.82814      0.90877
      4.49324      1.65215      0.79010      0.86205
      4.50324      1.41534      0.67778      0.73756
      4.51324      1.44207      0.68910      0.75298
      4.52324      1.63171      0.77658      0.85513
      4.53324      1.72007      0.82128      0.89880
      4.54324      1.76414      0.84260      0.92154
      4.55324      1.67269      0.79699      0.87570
      4.56324      1.61233      0.76897      0.84336
      4.57324      1.74096      0.83013      0.91083
      4.58324      1.81891      0.86877      0.95014
      4.59324      1.78393      0.85259      0.93134
      4.60324      1.90333      0.90875      0.99458
      4.61324      2.19258      1.04601      1.14657
      4.62324      2.33670      1.11701      1.21970
      4.63324      2.30581      1.10448      1.20133
      4.64324      2.10738      1.00880      1.09857
      4.65324      1.92133      0.91741      1.00391
      4.66324      1.87189      0.89247      0.97942
      4.67324      1.68494      0.80378      0.88117
      4.68324      1.45615      0.69420      0.76195
      4.69324      1.38109      0.65433      0.72676
      4.70324      1.26507      0.59363      0.67144
      4.71324      1.15608      0.53850      0.61757
      4.72324      1.19354      0.55471      0.63883
      4.73324      1.19635      0.55554      0.64081
      4.74324      1.16137      0.53989      0.62148
      4.75324      1.22101      0.56847      0.65254
      4.76324      1.38599      0.64522      0.74077
      4.77324      1.59042      0.73937      0.85104
      4.78324      1.75224      0.81253      0.93971
      4.79324      1.90185      0.88185      1.02000
      4.80324      2.05920      0.95755      1.10165
      4.81324      2.31305      1.07825      1.23480
      4.82324      2.57355      1.20081      1.37274
      4.83324      2.74352      1.28089      1.46263
      4.84324      3.01841      1.41168      1.60673
      4.85324      3.46415      1.62299      1.84116
      4.86324      4.15734      1.94710      2.21024
      4.87324      5.05218      2.36333      2.68885
      4.88324      5.68133      2.65914      3.02220
      4.89324      5.51222      2.59092      2.92130
      4.90324      4.87341      2.30495      2.56845
      4.91324      4.26202      2.02732      2.23470
      4.92324      3.83277      1.83237      2.00040
      4.93324      3.39949      1.63901      1.76048
      4.94324      2.89733      1.41807      1.47926
      4.95324      2.47696      1.22891      1.24805
      4.96324      2.21999      1.10990      1.11008
      4.97324      2.16823      1.08949      1.07874
      4.98324      2.15666      1.08934      1.06732
      4.99324      2.13447      1.08542      1.04905
      5.00324      2.11478      1.07995      1.03482
      5.01324      2.03127      1.04087      0.99040
      5.02324      1.93742      0.99738      0.94004
      5.03324      1.95395      1.01140      0.94256
      5.04324      1.99114      1.03735      0.95379
      5.05324      1.92431      1.00723      0.91709
      5.06324      1.87896      0.98676      0.89220
      5.07324      1.76813      0.93204      0.83609
      5.08324      1.70963      0.90729      0.80235
      5.09324      1.88523      1.00799      0.87725
      5.10324      1.81801      0.97512      0.84289
      5.11324      1.58148      0.85104      0.73043
      5.12324      1.53368      0.82976      0.70393
      5.13324      1.65035      0.89959      0.75076
      5.14324      1.71047      0.93779      0.77268
      5.15324      1.47650      0.81185      0.66465
      5.16324      1.37956      0.76211      0.61745
      5.17324      1.40816      0.78251      0.62565
      5.18324      1.48067      0.82817      0.65250
      5.19324      1.40488      0.78907      0.61581
      5.20324      1.24493      0.70185      0.54308
      5.21324      1.22675      0.69507      0.53168
      5.22324      1.25743      0.71636      0.54107
      5.23324      1.27033      0.72722      0.54312
      5.24324      1.15793      0.66519      0.49274
      5.25324      1.08293      0.62480      0.45813
      5.26324      1.10508      0.64053      0.46455
      5.27324      1.12394      0.65433      0.46961
      5.28324      1.06393      0.62163      0.44230
      5.29324      0.98950      0.58028      0.40923
      5.30324      0.98839      0.58209      0.40630
      5.31324      1.01824      0.60195      0.41629
      5.32324      0.96301      0.57117      0.39184
      5.33324      0.90798      0.54052      0.36746
      5.34324      0.92391      0.55201      0.37190
      5.35324      0.92015      0.55160      0.36855
      5.36324      0.87469      0.52603      0.34866
      5.37324      0.85380      0.51524      0.33856
      5.38324      0.86526      0.52386      0.34140
      5.39324      0.83413      0.50652      0.32761
      5.40324      0.81291      0.49526      0.31765
      5.41324      0.81594      0.49860      0.31734
      5.42324      0.79023      0.48434      0.30589
      5.43324      0.78245      0.48103      0.30143
      5.44324      0.77008      0.47479      0.29529
      5.45324      0.75614      0.46755      0.28859
      5.46324      0.72431      0.44906      0.27525
      5.47324      0.59504      0.36969      0.22535
      5.48324      0.32580      0.20267      0.12313
      5.49324      0.09269      0.05770      0.03499
      5.50324      0.01174      0.00731      0.00443
      5.51324      0.00061      0.00038      0.00023
      5.52324      0.00001      0.00001      0.00000
      5.53324      0.00000      0.00000      0.00000
      5.54324      0.00000      0.00000      0.00000
      5.55324      0.00000      0.00000      0.00000
      5.56324      0.00000      0.00000      0.00000
      5.57324      0.00000      0.00000      0.00000
      5.58324      0.00000      0.00000      0.00000
      5.59324      0.00000      0.00000      0.00000
      5.60324      0.00000      0.00000      0.00000
      5.61324      0.00000      0.00000      0.00000
      5.62324      0.00000      0.00000      0.00000
      5.63324      0.00000      0.00000      0.00000
      5.64324      0.00000      0.00000      0.00000
      5.65324      0.00000      0.00000      0.00000
      5.66324      0.00000      0.00000      0.00000
      5.67324      0.00000      0.00000      0.00000
      5.68324      0.00000      0.00000      0.00000
      5.69324      0.00000      0.00000      0.00000
      5.70324      0.00000      0.00000      0.00000
      5.71324      0.00000      0.00000      0.00000
      5.72324      0.00000      0.00000      0.00000
      5.73324      0.00000      0.00000      0.00000
      5.74324      0.00000      0.00000      0.00000
      5.75324      0.00000      0.00000      0.00000
      5.76324      0.00000      0.00000      0.00000
      5.77324      0.00000      0.00000      0.00000
      5.78324      0.00000      0.00000      0.00000
      5.79324      0.00000      0.00000      0.00000
      5.80324      0.00000      0.00000      0.00000
      5.81324      0.00000      0.00000      0.00000
      5.82324      0.00000      0.00000      0.00000
      5.83324      0.00000      0.00000      0.00000
      5.84324      0.00000      0.00000      0.00000
      5.85324      0.00000      0.00000      0.00000
      5.86324      0.00000      0.00000      0.00000
      5.87324      0.00000      0.00000      0.00000
      5.88324      0.00000      0.00000      0.00000
      5.89324      0.00000      0.00000      0.00000
      5.90324      0.00000      0.00000      0.00000
      5.91324      0.00000      0.00000      0.00000
      5.92324      0.00000      0.00000      0.00000
      5.93324      0.00000      0.00000      0.00000
      5.94324      0.00000      0.00000      0.00000
      5.95324      0.00000      0.00000      0.00000
      5.96324      0.00000      0.00000      0.00000
      5.97324      0.00000      0.00000      0.00000
      5.98324      0.00000      0.00000      0.00000
      5.99324      0.00000      0.00000      0.00000
      6.00324      0.00000      0.00000      0.00000
      6.01324      0.00000      0.00000      0.00000
      6.02324      0.00000      0.00000      0.00000
      6.03324      0.00000      0.00000      0.00000
      6.04324      0.00000      0.00000      0.00000
      6.05324      0.00000      0.00000      0.00000
      6.06324      0.00000      0.00000      0.00000
      6.07324      0.00000      0.00000      0.00000
      6.08324      0.00000      0.00000      0.00000
      6.09324      0.00000      0.00000      0.00000
      6.10324      0.00000      0.00000      0.00000
      6.11324      0.00000      0.00000      0.00000
      6.12324      0.00000      0.00000      0.00000
      6.13324      0.00000      0.00000      0.00000
      6.14324      0.00000      0.00000      0.00000
      6.15324      0.00000      0.00000      0.00000
      6.16324      0.00000      0.00000      0.00000
      6.17324      0.00000      0.00000      0.00000
      6.18324      0.00000      0.00000      0.00000
      6.19324      0.00000      0.00000      0.00000
      6.20324      0.00000      0.00000      0.00000
      6.21324      0.00000      0.00000      0.00000
      6.22324      0.00000      0.00000      0.00000
      6.23324      0.00000      0.00000      0.00000
      6.24324      0.00000      0.00000      0.00000
      6.25324      0.00000      0.00000      0.00000
      6.26324      0.00000      0.00000      0.00000
      6.27324      0.00000      0.00000      0.00000
      6.28324      0.00000      0.00000      0.00000
      6.29324      0.00000      0.00000      0.00000
      6.30324      0.00000      0.00000      0.00000
      6.31324      0.00000      0.00000      0.00000
      6.32324      0.00000      0.00000      0.00000
      6.33324      0.00000      0.00000      0.00000
      6.34324      0.00000      0.00000      0.00000
      6.35324      0.00000      0.00000      0.00000
      6.36324      0.00000      0.00000      0.00000
      6.37324      0.00000      0.00000      0.00000
      6.38324      0.00000      0.00000      0.00000
      6.39324      0.00000      0.00000      0.00000
      6.40324      0.00000      0.00000      0.00000
      6.41324      0.00000      0.00000      0.00000
      6.42324      0.00000      0.00000      0.00000
      6.43324      0.00000      0.00000      0.00000
      6.44324      0.00000      0.00000      0.00000
      6.45324      0.00000      0.00000      0.00000
      6.46324      0.00000      0.00000      0.00000
      6.47324      0.00000      0.00000      0.00000
      6.48324      0.00000      0.00000      0.00000
      6.49324      0.00000      0.00000      0.00000
      6.50324      0.00000      0.00000      0.00000
      6.51324      0.00000      0.00000      0.00000
      6.52324      0.00000      0.00000      0.00000
      6.53324      0.00000      0.00000      0.00000
      6.54324      0.00000      0.00000      0.00000
      6.55324      0.00000      0.00000      0.00000
      6.56324      0.00000      0.00000      0.00000
      6.57324      0.00000      0.00000      0.00000
      6.58324      0.00000      0.00000      0.00000
      6.59324      0.00000      0.00000      0.00000
      6.60324      0.00000      0.00000      0.00000
      6.61324      0.00000      0.00000      0.00000
      6.62324      0.00000      0.00000      0.00000
      6.63324      0.00000      0.00000      0.00000
      6.64324      0.00000      0.00000      0.00000
      6.65324      0.00000      0.00000      0.00000
      6.66324      0.00000      0.00000      0.00000
      6.67324      0.00000      0.00000      0.00000
      6.68324      0.00000      0.00000      0.00000
      6.69324      0.00000      0.00000      0.00000
      6.70324      0.00000      0.00000      0.00000
      6.71324      0.00000      0.00000      0.00000
      6.72324      0.00000      0.00000      0.00000
      6.73324      0.00000      0.00000      0.00000
      6.74324      0.00000      0.00000      0.00000
      6.75324      0.00000      0.00000      0.00000
      6.76324      0.00000      0.00000      0.00000
      6.77324      0.00000      0.00000      0.00000
      6.78324      0.00000      0.00000      0.00000
      6.79324      0.00000      0.00000      0.00000
      6.80324      0.00000      0.00000      0.00000
      6.81324      0.00000      0.00000      0.00000
      6.82324      0.00000      0.00000      0.00000
      6.83324      0.00000      0.00000      0.00000
      6.84324      0.00000      0.00000      0.00000
      6.85324      0.00000      0.00000      0.00000
      6.86324      0.00000      0.00000      0.00000
      6.87324      0.00000      0.00000      0.00000
      6.88324      0.00000      0.00000      0.00000
      6.89324      0.00000      0.00000      0.00000
      6.90324      0.00000      0.00000      0.00000
      6.91324      0.00000      0.00000      0.00000
      6.92324      0.00000      0.00000      0.00000
      6.93324      0.00000      0.00000      0.00000
      6.94324      0.00000      0.00000      0.00000
      6.95324      0.00000      0.00000      0.00000
      6.96324      0.00000      0.00000      0.00000
      6.97324      0.00000      0.00000      0.00000
      6.98324      0.00000      0.00000      0.00000
      6.99324      0.00000      0.00000      0.00000
      7.00324      0.00000      0.00000      0.00000
      7.01324      0.00000      0.00000      0.00000
      7.02324      0.00000      0.00000      0.00000
      7.03324      0.00000      0.00000      0.00000
      7.04324      0.00000      0.00000      0.00000
      7.05324      0.00000      0.00000      0.00000
      7.06324      0.00000      0.00000      0.00000
      7.07324      0.00000      0.00000      0.00000
      7.08324      0.00000      0.00000      0.00000
      7.09324      0.00000      0.00000      0.00000
      7.10324      0.00000      0.00000      0.00000
      7.11324      0.00000      0.00000      0.00000
      7.12324      0.00000      0.00000      0.00000
      7.13324      0.00000      0.00000      0.00000
      7.14324      0.00000      0.00000      0.00000
      7.15324      0.00000      0.00000      0.00000
      7.16324      0.00000      0.00000      0.00000
      7.17324      0.00000      0.00000      0.00000
      7.18324      0.00000      0.00000      0.00000
      7.19324      0.00000      0.00000      0.00000
      7.20324      0.00007      0.00002      0.00005
      7.21324      0.00209      0.00051      0.00157
      7.22324      0.02529      0.00620      0.01909
      7.23324      0.12933      0.03171      0.09762
      7.24324      0.31738      0.07783      0.23955
      7.25324      0.45523      0.11165      0.34357
      7.26324      0.48395      0.11874      0.36521
      7.27324      0.50375      0.12365      0.38010
      7.28324      0.52042      0.12778      0.39263
      7.29324      0.48600      0.11938      0.36662
      7.30324      0.48797      0.11994      0.36803
      7.31324      0.54487      0.13395      0.41092
      7.32324      0.53574      0.13172      0.40402
      7.33324      0.49712      0.12235      0.37478
      7.34324      0.47876      0.11789      0.36087
      7.35324      0.53010      0.13051      0.39959
      7.36324      0.56867      0.14004      0.42863
      7.37324      0.55051      0.13572      0.41479
      7.38324      0.54036      0.13327      0.40709
      7.39324      0.47277      0.11662      0.35615
      7.40324      0.47411      0.11702      0.35709
      7.41324      0.59806      0.14763      0.45042
      7.42324      0.63333      0.15641      0.47692
