Energy-E_F (eV)    DOS (1/eV)    PDOS (1/eV)  of atom type Mo S  
     -5.28550      5.31572      1.85010      3.46562
     -5.27550      5.95108      2.05122      3.89986
     -5.26550      5.77582      1.99332      3.78251
     -5.25550      5.29866      1.82714      3.47152
     -5.24550      5.08821      1.72968      3.35853
     -5.23550      5.00775      1.68966      3.31809
     -5.22550      5.61164      1.88860      3.72304
     -5.21550      5.84451      1.92241      3.92210
     -5.20550      4.65926      1.49233      3.16693
     -5.19550      3.38972      1.05886      2.33086
     -5.18550      2.54130      0.76336      1.77794
     -5.17550      2.06162      0.60037      1.46124
     -5.16550      1.93357      0.57886      1.35471
     -5.15550      2.27627      0.71082      1.56545
     -5.14550      2.72780      0.88370      1.84410
     -5.13550      2.54078      0.84456      1.69622
     -5.12550      1.77726      0.57204      1.20521
     -5.11550      1.24948      0.36725      0.88223
     -5.10550      1.18821      0.33731      0.85090
     -5.09550      1.19791      0.33871      0.85921
     -5.08550      1.07032      0.30420      0.76613
     -5.07550      0.96314      0.28527      0.67787
     -5.06550      1.01529      0.30686      0.70843
     -5.05550      1.31330      0.39962      0.91368
     -5.04550      1.52716      0.47393      1.05324
     -5.03550      1.58804      0.49392      1.09412
     -5.02550      1.39655      0.42316      0.97340
     -5.01550      1.04934      0.31084      0.73850
     -5.00550      0.85327      0.25372      0.59956
     -4.99550      0.94184      0.28121      0.66063
     -4.98550      0.98991      0.30105      0.68886
     -4.97550      1.02805      0.31532      0.71273
     -4.96550      1.31592      0.39674      0.91918
     -4.95550      1.35906      0.41411      0.94495
     -4.94550      1.23439      0.39763      0.83676
     -4.93550      1.48916      0.49528      0.99388
     -4.92550      1.41628      0.47197      0.94431
     -4.91550      0.85479      0.27459      0.58020
     -4.90550      0.63195      0.18685      0.44510
     -4.89550      0.68566      0.20071      0.48495
     -4.88550      0.90365      0.26758      0.63608
     -4.87550      1.07014      0.31531      0.75483
     -4.86550      0.76482      0.22494      0.53987
     -4.85550      0.38641      0.11780      0.26861
     -4.84550      0.51829      0.16618      0.35211
     -4.83550      0.91495      0.28869      0.62625
     -4.82550      0.84828      0.26819      0.58009
     -4.81550      0.73951      0.24218      0.49733
     -4.80550      0.91456      0.29165      0.62291
     -4.79550      0.98101      0.29585      0.68516
     -4.78550      0.85964      0.24877      0.61087
     -4.77550      0.63842      0.19079      0.44762
     -4.76550      0.44417      0.14164      0.30253
     -4.75550      0.43724      0.13778      0.29947
     -4.74550      0.72025      0.22371      0.49654
     -4.73550      0.85171      0.26656      0.58515
     -4.72550      0.81855      0.26361      0.55494
     -4.71550      0.79909      0.26561      0.53348
     -4.70550      0.98503      0.32509      0.65993
     -4.69550      1.29450      0.41407      0.88043
     -4.68550      1.08278      0.33269      0.75010
     -4.67550      0.49606      0.14717      0.34889
     -4.66550      0.30610      0.09390      0.21220
     -4.65550      0.57306      0.18130      0.39176
     -4.64550      0.67948      0.21291      0.46658
     -4.63550      0.51593      0.15436      0.36157
     -4.62550      0.32122      0.09376      0.22746
     -4.61550      0.30793      0.09524      0.21270
     -4.60550      0.49967      0.15898      0.34069
     -4.59550      0.84499      0.26666      0.57833
     -4.58550      1.18905      0.36480      0.82425
     -4.57550      1.07045      0.32687      0.74358
     -4.56550      0.71933      0.22868      0.49065
     -4.55550      0.36129      0.11808      0.24321
     -4.54550      0.16651      0.05246      0.11405
     -4.53550      0.39208      0.11883      0.27326
     -4.52550      0.74185      0.22741      0.51443
     -4.51550      0.56607      0.17619      0.38988
     -4.50550      0.23658      0.07565      0.16093
     -4.49550      0.38634      0.12629      0.26004
     -4.48550      0.83773      0.26846      0.56927
     -4.47550      1.19607      0.36892      0.82715
     -4.46550      1.32058      0.40240      0.91818
     -4.45550      1.03771      0.32327      0.71444
     -4.44550      0.65923      0.21269      0.44653
     -4.43550      0.32953      0.10899      0.22055
     -4.42550      0.28737      0.08944      0.19793
     -4.41550      0.56659      0.17056      0.39603
     -4.40550      0.63156      0.18937      0.44219
     -4.39550      0.60351      0.18090      0.42261
     -4.38550      0.64882      0.19170      0.45713
     -4.37550      0.48892      0.14770      0.34123
     -4.36550      1.02028      0.34055      0.67973
     -4.35550      2.92370      0.99278      1.93092
     -4.34550      4.62564      1.58407      3.04158
     -4.33550      4.99471      1.72312      3.27159
     -4.32550      5.28690      1.79333      3.49357
     -4.31550      6.36179      2.03823      4.32356
     -4.30550      8.07534      2.44079      5.63455
     -4.29550      8.79383      2.58224      6.21159
     -4.28550      7.92121      2.31880      5.60241
     -4.27550      6.86574      2.01739      4.84835
     -4.26550      6.43776      1.88966      4.54810
     -4.25550      6.18465      1.83886      4.34578
     -4.24550      6.22377      1.85974      4.36402
     -4.23550      7.30694      2.16780      5.13914
     -4.22550      8.50225      2.53435      5.96791
     -4.21550      7.96611      2.38532      5.58078
     -4.20550      6.81940      2.02396      4.79544
     -4.19550      6.28256      1.82395      4.45861
     -4.18550      6.18355      1.77755      4.40600
     -4.17550      5.91415      1.73006      4.18409
     -4.16550      5.03895      1.46215      3.57680
     -4.15550      4.49830      1.27601      3.22229
     -4.14550      4.21657      1.19491      3.02166
     -4.13550      3.78333      1.05904      2.72429
     -4.12550      3.47253      0.97256      2.49997
     -4.11550      3.77064      1.10100      2.66964
     -4.10550      4.22235      1.26498      2.95737
     -4.09550      3.94217      1.16329      2.77887
     -4.08550      3.13276      0.86243      2.27034
     -4.07550      2.76733      0.72376      2.04357
     -4.06550      2.82263      0.78251      2.04013
     -4.05550      2.57266      0.73779      1.83487
     -4.04550      2.42642      0.68875      1.73768
     -4.03550      2.63900      0.74006      1.89894
     -4.02550      2.22662      0.61699      1.60964
     -4.01550      1.45660      0.43163      1.02496
     -4.00550      1.19465      0.43538      0.75926
     -3.99550      1.27588      0.49591      0.77997
     -3.98550      1.58581      0.58436      1.00145
     -3.97550      1.82878      0.64536      1.18342
     -3.96550      1.75760      0.58807      1.16952
     -3.95550      1.51949      0.49373      1.02577
     -3.94550      1.16448      0.39928      0.76520
     -3.93550      0.90750      0.31999      0.58750
     -3.92550      1.03902      0.31484      0.72418
     -3.91550      1.29792      0.37668      0.92124
     -3.90550      1.45754      0.47833      0.97921
     -3.89550      1.36468      0.51154      0.85314
     -3.88550      0.91943      0.37380      0.54562
     -3.87550      0.78980      0.28689      0.50290
     -3.86550      1.32673      0.42553      0.90120
     -3.85550      1.69737      0.52213      1.17524
     -3.84550      1.57222      0.49313      1.07909
     -3.83550      1.27452      0.45210      0.82242
     -3.82550      0.82122      0.33668      0.48454
     -3.81550      0.55999      0.25647      0.30353
     -3.80550      0.80441      0.35440      0.45001
     -3.79550      1.38548      0.53671      0.84877
     -3.78550      1.64051      0.57537      1.06515
     -3.77550      1.35089      0.44762      0.90327
     -3.76550      1.27375      0.37992      0.89383
     -3.75550      1.15398      0.30422      0.84976
     -3.74550      0.81636      0.20867      0.60769
     -3.73550      0.97034      0.30831      0.66203
     -3.72550      1.84387      0.64426      1.19960
     -3.71550      1.92802      0.68041      1.24761
     -3.70550      0.95535      0.34947      0.60588
     -3.69550      0.56122      0.21009      0.35114
     -3.68550      1.23828      0.41137      0.82691
     -3.67550      2.42053      0.78076      1.63977
     -3.66550      3.02553      0.95837      2.06717
     -3.65550      3.20530      1.02576      2.17953
     -3.64550      3.47291      1.14052      2.33239
     -3.63550      3.32807      1.07709      2.25099
     -3.62550      2.83978      0.89713      1.94265
     -3.61550      3.23679      1.04117      2.19562
     -3.60550      4.40186      1.41060      2.99126
     -3.59550      4.55200      1.43407      3.11793
     -3.58550      3.58722      1.11242      2.47480
     -3.57550      2.99260      0.92170      2.07090
     -3.56550      3.45682      1.09581      2.36101
     -3.55550      3.87509      1.28133      2.59377
     -3.54550      3.83842      1.23740      2.60102
     -3.53550      4.47108      1.35880      3.11228
     -3.52550      5.00988      1.52938      3.48050
     -3.51550      5.02572      1.57883      3.44689
     -3.50550      5.49428      1.72468      3.76960
     -3.49550      5.92196      1.80842      4.11354
     -3.48550      6.64196      2.03017      4.61179
     -3.47550      7.33763      2.29009      5.04754
     -3.46550      6.04565      1.87272      4.17292
     -3.45550      4.70451      1.48895      3.21556
     -3.44550      4.55550      1.53983      3.01567
     -3.43550      4.39261      1.53633      2.85629
     -3.42550      4.31230      1.51690      2.79540
     -3.41550      4.92817      1.78559      3.14258
     -3.40550      5.05783      1.89314      3.16469
     -3.39550      4.67757      1.79518      2.88239
     -3.38550      4.33848      1.70851      2.62997
     -3.37550      3.93015      1.48876      2.44139
     -3.36550      3.82468      1.35491      2.46978
     -3.35550      4.14149      1.44983      2.69167
     -3.34550      3.87347      1.38262      2.49085
     -3.33550      2.86568      1.07044      1.79524
     -3.32550      2.38914      0.93052      1.45862
     -3.31550      2.43203      0.94336      1.48867
     -3.30550      2.49543      0.97514      1.52029
     -3.29550      2.53716      1.02354      1.51362
     -3.28550      2.34417      0.94852      1.39566
     -3.27550      1.87803      0.72908      1.14895
     -3.26550      1.54540      0.59733      0.94807
     -3.25550      1.75865      0.71806      1.04059
     -3.24550      2.26551      0.94558      1.31994
     -3.23550      2.47555      1.03349      1.44206
     -3.22550      2.32932      0.98195      1.34736
     -3.21550      2.06754      0.89021      1.17733
     -3.20550      2.05262      0.86582      1.18681
     -3.19550      1.68016      0.69087      0.98929
     -3.18550      1.20841      0.50844      0.69996
     -3.17550      1.51892      0.63955      0.87938
     -3.16550      1.88909      0.75397      1.13512
     -3.15550      1.77297      0.63104      1.14193
     -3.14550      1.72464      0.54360      1.18104
     -3.13550      1.80307      0.59660      1.20647
     -3.12550      1.79046      0.64397      1.14649
     -3.11550      2.02204      0.79044      1.23160
     -3.10550      2.58037      1.00747      1.57290
     -3.09550      2.30267      0.86249      1.44018
     -3.08550      1.60431      0.60370      1.00061
     -3.07550      1.59135      0.62030      0.97104
     -3.06550      1.52600      0.58952      0.93648
     -3.05550      1.20177      0.46122      0.74055
     -3.04550      1.21448      0.50336      0.71112
     -3.03550      1.47699      0.64508      0.83191
     -3.02550      1.69561      0.74061      0.95500
     -3.01550      1.69127      0.73521      0.95607
     -3.00550      1.25347      0.53147      0.72200
     -2.99550      1.02113      0.40800      0.61313
     -2.98550      1.62998      0.62974      1.00024
     -2.97550      2.17991      0.81794      1.36197
     -2.96550      1.90928      0.67829      1.23098
     -2.95550      1.36706      0.48620      0.88085
     -2.94550      1.21915      0.48257      0.73658
     -2.93550      1.29418      0.52573      0.76844
     -2.92550      1.23715      0.48685      0.75030
     -2.91550      1.05400      0.39788      0.65612
     -2.90550      1.11976      0.41850      0.70126
     -2.89550      1.41146      0.58331      0.82815
     -2.88550      1.77334      0.78104      0.99230
     -2.87550      2.06788      0.89799      1.16990
     -2.86550      1.85839      0.74350      1.11489
     -2.85550      1.24634      0.45729      0.78904
     -2.84550      0.70881      0.27780      0.43101
     -2.83550      0.57961      0.26040      0.31922
     -2.82550      0.90020      0.40150      0.49870
     -2.81550      1.12290      0.46672      0.65618
     -2.80550      1.24514      0.45590      0.78924
     -2.79550      1.65981      0.52759      1.13221
     -2.78550      1.98214      0.60508      1.37706
     -2.77550      1.88095      0.62967      1.25128
     -2.76550      1.66781      0.58512      1.08269
     -2.75550      1.59227      0.53738      1.05488
     -2.74550      1.67368      0.61094      1.06274
     -2.73550      1.87141      0.74745      1.12396
     -2.72550      2.05731      0.82736      1.22996
     -2.71550      1.67335      0.68657      0.98678
     -2.70550      1.21479      0.50695      0.70784
     -2.69550      1.30843      0.55140      0.75704
     -2.68550      1.47019      0.67789      0.79230
     -2.67550      1.18280      0.59019      0.59261
     -2.66550      0.85468      0.41948      0.43520
     -2.65550      1.13987      0.48499      0.65488
     -2.64550      1.76243      0.76090      1.00153
     -2.63550      1.80718      0.82835      0.97883
     -2.62550      1.27053      0.57952      0.69101
     -2.61550      1.47466      0.56022      0.91445
     -2.60550      2.25704      0.77334      1.48371
     -2.59550      2.34811      0.83994      1.50817
     -2.58550      2.17154      0.86458      1.30696
     -2.57550      2.27535      0.95132      1.32403
     -2.56550      2.15495      0.91158      1.24337
     -2.55550      2.05833      0.84579      1.21254
     -2.54550      2.19222      0.82883      1.36339
     -2.53550      1.90584      0.67361      1.23223
     -2.52550      1.40911      0.48735      0.92176
     -2.51550      1.64888      0.62205      1.02684
     -2.50550      2.12640      0.84008      1.28633
     -2.49550      1.94363      0.78604      1.15760
     -2.48550      1.76759      0.72269      1.04489
     -2.47550      2.04074      0.83170      1.20904
     -2.46550      2.47122      0.97472      1.49650
     -2.45550      2.49359      0.92048      1.57312
     -2.44550      2.35411      0.80198      1.55213
     -2.43550      2.81822      0.83831      1.97991
     -2.42550      3.55211      0.99360      2.55851
     -2.41550      3.94444      1.24537      2.69907
     -2.40550      3.82393      1.31242      2.51151
     -2.39550      3.15491      1.07287      2.08204
     -2.38550      2.85852      0.96956      1.88896
     -2.37550      2.80452      0.97460      1.82992
     -2.36550      2.62694      0.88256      1.74437
     -2.35550      3.27186      0.98333      2.28853
     -2.34550      4.57831      1.25664      3.32166
     -2.33550      5.43652      1.38144      4.05509
     -2.32550      5.97784      1.46683      4.51101
     -2.31550      6.34545      1.54316      4.80230
     -2.30550      6.62799      1.58401      5.04397
     -2.29550      6.36565      1.56609      4.79956
     -2.28550      5.31673      1.41552      3.90121
     -2.27550      4.02973      1.13505      2.89468
     -2.26550      4.31843      1.11343      3.20499
     -2.25550      5.52221      1.33027      4.19195
     -2.24550      5.04787      1.35134      3.69653
     -2.23550      4.30931      1.31865      2.99067
     -2.22550      4.34623      1.32712      3.01911
     -2.21550      4.26946      1.38663      2.88282
     -2.20550      4.05199      1.38448      2.66751
     -2.19550      4.11564      1.22840      2.88724
     -2.18550      4.37730      1.13701      3.24029
     -2.17550      4.32666      1.12727      3.19939
     -2.16550      4.29577      1.19634      3.09943
     -2.15550      4.31442      1.27494      3.03948
     -2.14550      3.67575      1.17983      2.49592
     -2.13550      3.14594      1.04504      2.10089
     -2.12550      3.12984      0.97877      2.15107
     -2.11550      3.98820      1.20227      2.78593
     -2.10550      5.36712      1.48734      3.87978
     -2.09550      6.05028      1.54093      4.50936
     -2.08550      5.83917      1.46546      4.37371
     -2.07550      4.81504      1.24496      3.57008
     -2.06550      3.45860      0.94792      2.51068
     -2.05550      2.16994      0.57958      1.59036
     -2.04550      1.84302      0.48766      1.35536
     -2.03550      2.81648      0.88821      1.92827
     -2.02550      3.66173      1.16779      2.49394
     -2.01550      3.11365      0.87241      2.24124
     -2.00550      2.42032      0.56392      1.85640
     -1.99550      2.31687      0.53606      1.78081
     -1.98550      2.35183      0.57432      1.77751
     -1.97550      2.57743      0.65439      1.92304
     -1.96550      3.13710      0.79938      2.33772
     -1.95550      3.82270      0.95578      2.86692
     -1.94550      3.39917      0.83291      2.56626
     -1.93550      2.41277      0.59041      1.82236
     -1.92550      2.00463      0.49767      1.50695
     -1.91550      1.79283      0.44578      1.34705
     -1.90550      2.21736      0.52510      1.69226
     -1.89550      2.94474      0.61991      2.32483
     -1.88550      3.21978      0.71024      2.50954
     -1.87550      3.11487      0.84939      2.26547
     -1.86550      2.61430      0.82237      1.79193
     -1.85550      2.29365      0.68044      1.61321
     -1.84550      2.32837      0.58789      1.74048
     -1.83550      2.36312      0.47418      1.88894
     -1.82550      2.52358      0.42871      2.09487
     -1.81550      2.96275      0.57661      2.38614
     -1.80550      2.86772      0.68493      2.18279
     -1.79550      2.16386      0.58972      1.57413
     -1.78550      1.91975      0.45898      1.46077
     -1.77550      2.38638      0.43178      1.95460
     -1.76550      3.12284      0.53863      2.58421
     -1.75550      3.37144      0.70776      2.66367
     -1.74550      2.90046      0.69478      2.20568
     -1.73550      1.90327      0.45967      1.44360
     -1.72550      1.62281      0.38274      1.24007
     -1.71550      2.03629      0.44591      1.59038
     -1.70550      2.22719      0.46187      1.76533
     -1.69550      1.94723      0.35202      1.59521
     -1.68550      2.16199      0.32504      1.83696
     -1.67550      2.52730      0.47905      2.04825
     -1.66550      2.39682      0.58782      1.80900
     -1.65550      2.15787      0.52149      1.63639
     -1.64550      2.28682      0.45728      1.82954
     -1.63550      2.70642      0.53197      2.17445
     -1.62550      3.05511      0.61492      2.44019
     -1.61550      2.85284      0.55631      2.29653
     -1.60550      2.17252      0.38487      1.78764
     -1.59550      1.75977      0.27182      1.48795
     -1.58550      1.73667      0.24101      1.49566
     -1.57550      1.83787      0.20971      1.62817
     -1.56550      2.40224      0.27924      2.12299
     -1.55550      3.14380      0.43456      2.70925
     -1.54550      2.99414      0.44555      2.54859
     -1.53550      2.30003      0.33033      1.96971
     -1.52550      2.22574      0.27880      1.94695
     -1.51550      2.68653      0.35143      2.33510
     -1.50550      3.06636      0.41301      2.65335
     -1.49550      3.58991      0.44004      3.14988
     -1.48550      3.99860      0.45773      3.54087
     -1.47550      3.53436      0.39930      3.13506
     -1.46550      2.91760      0.31398      2.60362
     -1.45550      2.67922      0.25630      2.42292
     -1.44550      2.38829      0.20971      2.17858
     -1.43550      2.68112      0.26130      2.41983
     -1.42550      2.74882      0.30844      2.44038
     -1.41550      2.19039      0.23240      1.95800
     -1.40550      2.22972      0.20315      2.02658
     -1.39550      2.82648      0.25683      2.56965
     -1.38550      2.63854      0.23040      2.40814
     -1.37550      1.85120      0.15811      1.69309
     -1.36550      1.33531      0.12820      1.20711
     -1.35550      0.85783      0.10415      0.75367
     -1.34550      0.61350      0.08933      0.52417
     -1.33550      0.61205      0.08803      0.52402
     -1.32550      0.80437      0.10920      0.69516
     -1.31550      0.85599      0.11289      0.74310
     -1.30550      0.52484      0.06801      0.45684
     -1.29550      0.25097      0.03098      0.21999
     -1.28550      0.15513      0.01831      0.13683
     -1.27550      0.05777      0.00676      0.05101
     -1.26550      0.00845      0.00099      0.00746
     -1.25550      0.00046      0.00005      0.00040
     -1.24550      0.00001      0.00000      0.00001
     -1.23550      0.00000      0.00000      0.00000
     -1.22550      0.00000      0.00000      0.00000
     -1.21550      0.00000      0.00000      0.00000
     -1.20550      0.00000      0.00000      0.00000
     -1.19550      0.00000      0.00000      0.00000
     -1.18550      0.00000      0.00000      0.00000
     -1.17550      0.00000      0.00000      0.00000
     -1.16550      0.00000      0.00000      0.00000
     -1.15550      0.00000      0.00000      0.00000
     -1.14550      0.00000      0.00000      0.00000
     -1.13550      0.00000      0.00000      0.00000
     -1.12550      0.00000      0.00000      0.00000
     -1.11550      0.00000      0.00000      0.00000
     -1.10550      0.00000      0.00000      0.00000
     -1.09550      0.00000      0.00000      0.00000
     -1.08550      0.00000      0.00000      0.00000
     -1.07550      0.00000      0.00000      0.00000
     -1.06550      0.00001      0.00001      0.00000
     -1.05550      0.00074      0.00052      0.00022
     -1.04550      0.01894      0.01333      0.00561
     -1.03550      0.18475      0.13001      0.05474
     -1.02550      0.71147      0.50034      0.21114
     -1.01550      1.22887      0.86198      0.36688
     -1.00550      1.29020      0.89944      0.39076
     -0.99550      1.08079      0.74848      0.33230
     -0.98550      1.20644      0.83286      0.37359
     -0.97550      1.86625      1.28271      0.58354
     -0.96550      2.02182      1.37823      0.64360
     -0.95550      1.74057      1.17877      0.56180
     -0.94550      1.60668      1.08375      0.52293
     -0.93550      1.49848      1.01603      0.48245
     -0.92550      1.77764      1.21892      0.55872
     -0.91550      2.54835      1.72834      0.82001
     -0.90550      2.80336      1.87592      0.92744
     -0.89550      2.49775      1.66965      0.82810
     -0.88550      2.42326      1.63850      0.78476
     -0.87550      3.26474      2.22511      1.03962
     -0.86550      3.97955      2.71539      1.26416
     -0.85550      4.21445      2.90906      1.30539
     -0.84550      4.71504      3.27209      1.44295
     -0.83550      4.93087      3.38171      1.54916
     -0.82550      4.58050      3.10610      1.47440
     -0.81550      4.11181      2.78510      1.32672
     -0.80550      3.50362      2.35558      1.14804
     -0.79550      3.18828      2.11312      1.07516
     -0.78550      3.81381      2.51792      1.29589
     -0.77550      3.77221      2.49923      1.27299
     -0.76550      2.98670      1.96925      1.01744
     -0.75550      3.04820      1.99813      1.05007
     -0.74550      3.22168      2.12454      1.09715
     -0.73550      2.53261      1.66782      0.86479
     -0.72550      1.85519      1.19872      0.65647
     -0.71550      2.16315      1.40888      0.75427
     -0.70550      3.16318      2.09262      1.07056
     -0.69550      3.87951      2.55816      1.32135
     -0.68550      2.88877      1.87594      1.01283
     -0.67550      1.79120      1.16606      0.62514
     -0.66550      1.93927      1.29169      0.64758
     -0.65550      2.46885      1.65077      0.81809
     -0.64550      2.48812      1.65497      0.83315
     -0.63550      1.94631      1.26359      0.68272
     -0.62550      1.64784      1.05494      0.59290
     -0.61550      1.60961      1.03835      0.57126
     -0.60550      2.26870      1.49751      0.77119
     -0.59550      3.57394      2.41147      1.16247
     -0.58550      3.31105      2.24187      1.06917
     -0.57550      1.93814      1.28515      0.65299
     -0.56550      1.18238      0.76631      0.41607
     -0.55550      1.21383      0.79682      0.41702
     -0.54550      1.95399      1.30510      0.64888
     -0.53550      2.47507      1.68032      0.79475
     -0.52550      2.28100      1.54345      0.73755
     -0.51550      1.83841      1.21221      0.62620
     -0.50550      1.51973      0.99238      0.52735
     -0.49550      1.37427      0.91734      0.45693
     -0.48550      1.93651      1.33218      0.60433
     -0.47550      2.83666      1.97601      0.86065
     -0.46550      2.52396      1.76565      0.75831
     -0.45550      1.43660      0.99336      0.44324
     -0.44550      1.28778      0.86757      0.42021
     -0.43550      1.70570      1.14592      0.55978
     -0.42550      1.85396      1.25469      0.59927
     -0.41550      1.84282      1.26886      0.57396
     -0.40550      1.64936      1.15594      0.49342
     -0.39550      1.41631      0.99023      0.42607
     -0.38550      1.27646      0.87949      0.39697
     -0.37550      1.41611      0.97465      0.44146
     -0.36550      1.68448      1.16770      0.51678
     -0.35550      1.77593      1.24736      0.52857
     -0.34550      1.77478      1.26923      0.50555
     -0.33550      1.80339      1.29476      0.50862
     -0.32550      1.93970      1.35949      0.58021
     -0.31550      1.72690      1.18518      0.54172
     -0.30550      0.96442      0.65949      0.30493
     -0.29550      0.88152      0.61730      0.26422
     -0.28550      1.40231      0.98782      0.41449
     -0.27550      1.66513      1.17536      0.48978
     -0.26550      1.58890      1.12430      0.46460
     -0.25550      1.27171      0.88434      0.38737
     -0.24550      1.27667      0.87018      0.40649
     -0.23550      1.41119      0.97074      0.44044
     -0.22550      1.34505      0.94690      0.39815
     -0.21550      1.50563      1.08024      0.42539
     -0.20550      1.79162      1.28619      0.50543
     -0.19550      1.67421      1.17838      0.49583
     -0.18550      1.39590      0.95205      0.44385
     -0.17550      1.08243      0.72516      0.35727
     -0.16550      1.14662      0.78324      0.36337
     -0.15550      1.49720      1.04045      0.45676
     -0.14550      1.49124      1.02591      0.46533
     -0.13550      1.23146      0.83301      0.39845
     -0.12550      1.23435      0.83652      0.39783
     -0.11550      1.27660      0.88505      0.39155
     -0.10550      1.23068      0.89608      0.33460
     -0.09550      0.93173      0.70927      0.22245
     -0.08550      0.44987      0.35113      0.09874
     -0.07550      0.22248      0.17576      0.04672
     -0.06550      0.34764      0.27562      0.07202
     -0.05550      0.46663      0.37050      0.09613
     -0.04550      0.43629      0.34707      0.08922
     -0.03550      0.46957      0.37433      0.09524
     -0.02550      0.48247      0.38531      0.09716
     -0.01550      0.38176      0.30539      0.07638
     -0.00550      0.24966      0.20006      0.04960
      0.00450      0.12984      0.10415      0.02569
      0.01450      0.03411      0.02737      0.00674
      0.02450      0.00353      0.00283      0.00070
      0.03450      0.00014      0.00011      0.00003
      0.04450      0.00000      0.00000      0.00000
      0.05450      0.00000      0.00000      0.00000
      0.06450      0.00000      0.00000      0.00000
      0.07450      0.00000      0.00000      0.00000
      0.08450      0.00000      0.00000      0.00000
      0.09450      0.00000      0.00000      0.00000
      0.10450      0.00000      0.00000      0.00000
      0.11450      0.00000      0.00000      0.00000
      0.12450      0.00000      0.00000      0.00000
      0.13450      0.00000      0.00000      0.00000
      0.14450      0.00000      0.00000      0.00000
      0.15450      0.00000      0.00000      0.00000
      0.16450      0.00000      0.00000      0.00000
      0.17450      0.00000      0.00000      0.00000
      0.18450      0.00000      0.00000      0.00000
      0.19450      0.00000      0.00000      0.00000
      0.20450      0.00000      0.00000      0.00000
      0.21450      0.00000      0.00000      0.00000
      0.22450      0.00000      0.00000      0.00000
      0.23450      0.00000      0.00000      0.00000
      0.24450      0.00000      0.00000      0.00000
      0.25450      0.00000      0.00000      0.00000
      0.26450      0.00000      0.00000      0.00000
      0.27450      0.00000      0.00000      0.00000
      0.28450      0.00000      0.00000      0.00000
      0.29450      0.00000      0.00000      0.00000
      0.30450      0.00000      0.00000      0.00000
      0.31450      0.00000      0.00000      0.00000
      0.32450      0.00000      0.00000      0.00000
      0.33450      0.00000      0.00000      0.00000
      0.34450      0.00000      0.00000      0.00000
      0.35450      0.00000      0.00000      0.00000
      0.36450      0.00000      0.00000      0.00000
      0.37450      0.00000      0.00000      0.00000
      0.38450      0.00000      0.00000      0.00000
      0.39450      0.00000      0.00000      0.00000
      0.40450      0.00000      0.00000      0.00000
      0.41450      0.00000      0.00000      0.00000
      0.42450      0.00000      0.00000      0.00000
      0.43450      0.00000      0.00000      0.00000
      0.44450      0.00000      0.00000      0.00000
      0.45450      0.00000      0.00000      0.00000
      0.46450      0.00000      0.00000      0.00000
      0.47450      0.00000      0.00000      0.00000
      0.48450      0.00000      0.00000      0.00000
      0.49450      0.00000      0.00000      0.00000
      0.50450      0.00000      0.00000      0.00000
      0.51450      0.00000      0.00000      0.00000
      0.52450      0.00000      0.00000      0.00000
      0.53450      0.00000      0.00000      0.00000
      0.54450      0.00000      0.00000      0.00000
      0.55450      0.00000      0.00000      0.00000
      0.56450      0.00000      0.00000      0.00000
      0.57450      0.00000      0.00000      0.00000
      0.58450      0.00000      0.00000      0.00000
      0.59450      0.00000      0.00000      0.00000
      0.60450      0.00000      0.00000      0.00000
      0.61450      0.00000      0.00000      0.00000
      0.62450      0.00000      0.00000      0.00000
      0.63450      0.00000      0.00000      0.00000
      0.64450      0.00000      0.00000      0.00000
      0.65450      0.00000      0.00000      0.00000
      0.66450      0.00000      0.00000      0.00000
      0.67450      0.00000      0.00000      0.00000
      0.68450      0.00000      0.00000      0.00000
      0.69450      0.00000      0.00000      0.00000
      0.70450      0.00000      0.00000      0.00000
      0.71450      0.00000      0.00000      0.00000
      0.72450      0.00000      0.00000      0.00000
      0.73450      0.00000      0.00000      0.00000
      0.74450      0.00000      0.00000      0.00000
      0.75450      0.00000      0.00000      0.00000
      0.76450      0.00000      0.00000      0.00000
      0.77450      0.00000      0.00000      0.00000
      0.78450      0.00000      0.00000      0.00000
      0.79450      0.00000      0.00000      0.00000
      0.80450      0.00000      0.00000      0.00000
      0.81450      0.00000      0.00000      0.00000
      0.82450      0.00000      0.00000      0.00000
      0.83450      0.00000      0.00000      0.00000
      0.84450      0.00000      0.00000      0.00000
      0.85450      0.00000      0.00000      0.00000
      0.86450      0.00000      0.00000      0.00000
      0.87450      0.00000      0.00000      0.00000
      0.88450      0.00000      0.00000      0.00000
      0.89450      0.00000      0.00000      0.00000
      0.90450      0.00000      0.00000      0.00000
      0.91450      0.00000      0.00000      0.00000
      0.92450      0.00000      0.00000      0.00000
      0.93450      0.00000      0.00000      0.00000
      0.94450      0.00000      0.00000      0.00000
      0.95450      0.00000      0.00000      0.00000
      0.96450      0.00000      0.00000      0.00000
      0.97450      0.00000      0.00000      0.00000
      0.98450      0.00000      0.00000      0.00000
      0.99450      0.00000      0.00000      0.00000
      1.00450      0.00000      0.00000      0.00000
      1.01450      0.00000      0.00000      0.00000
      1.02450      0.00000      0.00000      0.00000
      1.03450      0.00000      0.00000      0.00000
      1.04450      0.00000      0.00000      0.00000
      1.05450      0.00000      0.00000      0.00000
      1.06450      0.00000      0.00000      0.00000
      1.07450      0.00000      0.00000      0.00000
      1.08450      0.00000      0.00000      0.00000
      1.09450      0.00000      0.00000      0.00000
      1.10450      0.00000      0.00000      0.00000
      1.11450      0.00000      0.00000      0.00000
      1.12450      0.00000      0.00000      0.00000
      1.13450      0.00000      0.00000      0.00000
      1.14450      0.00000      0.00000      0.00000
      1.15450      0.00000      0.00000      0.00000
      1.16450      0.00000      0.00000      0.00000
      1.17450      0.00000      0.00000      0.00000
      1.18450      0.00000      0.00000      0.00000
      1.19450      0.00000      0.00000      0.00000
      1.20450      0.00000      0.00000      0.00000
      1.21450      0.00000      0.00000      0.00000
      1.22450      0.00000      0.00000      0.00000
      1.23450      0.00000      0.00000      0.00000
      1.24450      0.00000      0.00000      0.00000
      1.25450      0.00000      0.00000      0.00000
      1.26450      0.00000      0.00000      0.00000
      1.27450      0.00000      0.00000      0.00000
      1.28450      0.00000      0.00000      0.00000
      1.29450      0.00000      0.00000      0.00000
      1.30450      0.00000      0.00000      0.00000
      1.31450      0.00000      0.00000      0.00000
      1.32450      0.00000      0.00000      0.00000
      1.33450      0.00000      0.00000      0.00000
      1.34450      0.00000      0.00000      0.00000
      1.35450      0.00000      0.00000      0.00000
      1.36450      0.00000      0.00000      0.00000
      1.37450      0.00000      0.00000      0.00000
      1.38450      0.00000      0.00000      0.00000
      1.39450      0.00000      0.00000      0.00000
      1.40450      0.00000      0.00000      0.00000
      1.41450      0.00000      0.00000      0.00000
      1.42450      0.00000      0.00000      0.00000
      1.43450      0.00000      0.00000      0.00000
      1.44450      0.00000      0.00000      0.00000
      1.45450      0.00000      0.00000      0.00000
      1.46450      0.00000      0.00000      0.00000
      1.47450      0.00000      0.00000      0.00000
      1.48450      0.00000      0.00000      0.00000
      1.49450      0.00000      0.00000      0.00000
      1.50450      0.00000      0.00000      0.00000
      1.51450      0.00000      0.00000      0.00000
      1.52450      0.00000      0.00000      0.00000
      1.53450      0.00000      0.00000      0.00000
      1.54450      0.00000      0.00000      0.00000
      1.55450      0.00000      0.00000      0.00000
      1.56450      0.00000      0.00000      0.00000
      1.57450      0.00000      0.00000      0.00000
      1.58450      0.00000      0.00000      0.00000
      1.59450      0.00000      0.00000      0.00000
      1.60450      0.00000      0.00000      0.00000
      1.61450      0.00000      0.00000      0.00000
      1.62450      0.00000      0.00000      0.00000
      1.63450      0.00000      0.00000      0.00000
      1.64450      0.00000      0.00000      0.00000
      1.65450      0.00000      0.00000      0.00000
      1.66450      0.00000      0.00000      0.00000
      1.67450      0.00000      0.00000      0.00000
      1.68450      0.00000      0.00000      0.00000
      1.69450      0.00000      0.00000      0.00000
      1.70450      0.00000      0.00000      0.00000
      1.71450      0.00000      0.00000      0.00000
      1.72450      0.00000      0.00000      0.00000
      1.73450      0.00000      0.00000      0.00000
      1.74450      0.00000      0.00000      0.00000
      1.75450      0.00000      0.00000      0.00000
      1.76450      0.00000      0.00000      0.00000
      1.77450      0.00000      0.00000      0.00000
      1.78450      0.00000      0.00000      0.00000
      1.79450      0.00000      0.00000      0.00000
      1.80450      0.00000      0.00000      0.00000
      1.81450      0.00000      0.00000      0.00000
      1.82450      0.00000      0.00000      0.00000
      1.83450      0.00000      0.00000      0.00000
      1.84450      0.00000      0.00000      0.00000
      1.85450      0.00000      0.00000      0.00000
      1.86450      0.00000      0.00000      0.00000
      1.87450      0.00000      0.00000      0.00000
      1.88450      0.00000      0.00000      0.00000
      1.89450      0.00000      0.00000      0.00000
      1.90450      0.00000      0.00000      0.00000
      1.91450      0.00000      0.00000      0.00000
      1.92450      0.00000      0.00000      0.00000
      1.93450      0.00000      0.00000      0.00000
      1.94450      0.00000      0.00000      0.00000
      1.95450      0.00000      0.00000      0.00000
      1.96450      0.00000      0.00000      0.00000
      1.97450      0.00000      0.00000      0.00000
      1.98450      0.00000      0.00000      0.00000
      1.99450      0.00000      0.00000      0.00000
      2.00450      0.00000      0.00000      0.00000
      2.01450      0.00000      0.00000      0.00000
      2.02450      0.00000      0.00000      0.00000
      2.03450      0.00000      0.00000      0.00000
      2.04450      0.00000      0.00000      0.00000
      2.05450      0.00000      0.00000      0.00000
      2.06450      0.00000      0.00000      0.00000
      2.07450      0.00000      0.00000      0.00000
      2.08450      0.00000      0.00000      0.00000
      2.09450      0.00000      0.00000      0.00000
      2.10450      0.00000      0.00000      0.00000
      2.11450      0.00000      0.00000      0.00000
      2.12450      0.00000      0.00000      0.00000
      2.13450      0.00000      0.00000      0.00000
      2.14450      0.00000      0.00000      0.00000
      2.15450      0.00000      0.00000      0.00000
      2.16450      0.00000      0.00000      0.00000
      2.17450      0.00000      0.00000      0.00000
      2.18450      0.00000      0.00000      0.00000
      2.19450      0.00000      0.00000      0.00000
      2.20450      0.00000      0.00000      0.00000
      2.21450      0.00000      0.00000      0.00000
      2.22450      0.00000      0.00000      0.00000
      2.23450      0.00000      0.00000      0.00000
      2.24450      0.00000      0.00000      0.00000
      2.25450      0.00000      0.00000      0.00000
      2.26450      0.00000      0.00000      0.00000
      2.27450      0.00000      0.00000      0.00000
      2.28450      0.00000      0.00000      0.00000
      2.29450      0.00000      0.00000      0.00000
      2.30450      0.00000      0.00000      0.00000
      2.31450      0.00000      0.00000      0.00000
      2.32450      0.00000      0.00000      0.00000
      2.33450      0.00000      0.00000      0.00000
      2.34450      0.00000      0.00000      0.00000
      2.35450      0.00000      0.00000      0.00000
      2.36450      0.00000      0.00000      0.00000
      2.37450      0.00000      0.00000      0.00000
      2.38450      0.00005      0.00004      0.00001
      2.39450      0.00167      0.00141      0.00027
      2.40450      0.02083      0.01748      0.00335
      2.41450      0.09953      0.08354      0.01599
      2.42450      0.21791      0.18289      0.03503
      2.43450      0.33864      0.28416      0.05448
      2.44450      0.44657      0.37474      0.07184
      2.45450      0.47086      0.39516      0.07570
      2.46450      0.44877      0.37649      0.07228
      2.47450      0.44912      0.37659      0.07253
      2.48450      0.38844      0.32578      0.06266
      2.49450      0.29365      0.24605      0.04760
      2.50450      0.38607      0.32264      0.06343
      2.51450      0.58844      0.49189      0.09654
      2.52450      0.69275      0.58010      0.11265
      2.53450      0.62161      0.52109      0.10052
      2.54450      0.54007      0.45205      0.08802
      2.55450      0.44554      0.37190      0.07364
      2.56450      0.37980      0.31666      0.06313
      2.57450      0.56998      0.47607      0.09390
      2.58450      0.56785      0.47460      0.09324
      2.59450      0.35181      0.28999      0.06182
      2.60450      0.57908      0.44729      0.13179
      2.61450      1.33863      0.94831      0.39033
      2.62450      2.32331      1.51447      0.80884
      2.63450      2.91262      1.80663      1.10599
      2.64450      2.70322      1.61126      1.09196
      2.65450      2.58328      1.52453      1.05875
      2.66450      3.00302      1.80240      1.20062
      2.67450      3.30048      1.93090      1.36958
      2.68450      3.10822      1.81393      1.29428
      2.69450      2.95055      1.77931      1.17124
      2.70450      2.84864      1.74395      1.10469
      2.71450      3.48372      2.14878      1.33495
      2.72450      4.35547      2.66540      1.69008
      2.73450      4.20147      2.55857      1.64290
      2.74450      3.89489      2.37792      1.51697
      2.75450      4.03227      2.46222      1.57005
      2.76450      4.07341      2.51569      1.55772
      2.77450      3.86781      2.38133      1.48649
      2.78450      3.92760      2.35813      1.56947
      2.79450      5.47852      3.33984      2.13868
      2.80450      7.04344      4.32180      2.72165
      2.81450      7.17645      4.39727      2.77918
      2.82450      6.92307      4.31158      2.61149
      2.83450      6.91064      4.40064      2.51001
      2.84450      6.66743      4.28595      2.38148
      2.85450      6.17086      4.03083      2.14003
      2.86450      5.66358      3.78330      1.88029
      2.87450      5.37229      3.68540      1.68689
      2.88450      5.79141      4.00006      1.79135
      2.89450      6.67331      4.58011      2.09320
      2.90450      7.34694      5.16304      2.18389
      2.91450      6.79966      5.07561      1.72405
      2.92450      6.26341      4.97026      1.29314
      2.93450      6.32107      5.11426      1.20682
      2.94450      6.68496      5.45646      1.22850
      2.95450      6.50734      5.26445      1.24289
      2.96450      4.50443      3.44389      1.06054
      2.97450      2.12014      1.43451      0.68563
      2.98450      1.32003      0.75048      0.56955
      2.99450      1.67037      0.93180      0.73857
      3.00450      1.84784      1.01713      0.83071
      3.01450      1.98810      1.04922      0.93888
      3.02450      2.45368      1.31218      1.14150
      3.03450      2.52061      1.43721      1.08340
      3.04450      2.65101      1.59259      1.05842
      3.05450      2.67731      1.60625      1.07106
      3.06450      2.73788      1.60256      1.13532
      3.07450      3.32822      1.95055      1.37767
      3.08450      3.95338      2.33575      1.61763
      3.09450      4.41212      2.57097      1.84115
      3.10450      4.98079      2.92652      2.05427
      3.11450      6.04486      3.65787      2.38698
      3.12450      6.50056      3.96388      2.53668
      3.13450      5.79622      3.54258      2.25364
      3.14450      4.89715      3.02439      1.87277
      3.15450      4.80375      2.96706      1.83669
      3.16450      4.69133      2.89349      1.79784
      3.17450      4.02292      2.51763      1.50529
      3.18450      3.96154      2.59090      1.37064
      3.19450      4.26081      2.91545      1.34536
      3.20450      3.87498      2.71026      1.16472
      3.21450      3.51293      2.38609      1.12684
      3.22450      4.07317      2.62162      1.45155
      3.23450      4.21338      2.78120      1.43219
      3.24450      3.08000      2.15819      0.92181
      3.25450      2.40078      1.64283      0.75795
      3.26450      3.14254      2.12115      1.02139
      3.27450      3.96109      2.74534      1.21576
      3.28450      4.11688      2.81474      1.30214
      3.29450      4.80701      3.14491      1.66211
      3.30450      5.53271      3.52589      2.00682
      3.31450      5.28568      3.30549      1.98019
      3.32450      4.78251      2.95735      1.82516
      3.33450      4.83259      3.01721      1.81538
      3.34450      5.83119      3.75179      2.07940
      3.35450      6.93715      4.51070      2.42645
      3.36450      6.52665      4.22109      2.30555
      3.37450      5.38354      3.46409      1.91945
      3.38450      4.96986      3.12083      1.84903
      3.39450      5.57939      3.45647      2.12292
      3.40450      6.24356      3.96404      2.27951
      3.41450      5.43581      3.46710      1.96871
      3.42450      3.74763      2.30164      1.44599
      3.43450      2.84286      1.63332      1.20954
      3.44450      3.20081      1.79382      1.40699
      3.45450      3.54897      2.09503      1.45394
      3.46450      3.49757      2.15985      1.33772
      3.47450      3.51474      2.16246      1.35228
      3.48450      3.07001      1.82552      1.24449
      3.49450      2.51665      1.40920      1.10745
      3.50450      2.72799      1.53526      1.19273
      3.51450      3.45954      2.07449      1.38504
      3.52450      3.98082      2.38079      1.60003
      3.53450      3.55983      2.03195      1.52788
      3.54450      3.24280      1.83822      1.40459
      3.55450      3.24865      1.96469      1.28396
      3.56450      3.02150      1.89391      1.12759
      3.57450      2.52102      1.50989      1.01113
      3.58450      2.42316      1.30850      1.11466
      3.59450      2.53588      1.31318      1.22271
      3.60450      2.42283      1.31575      1.10707
      3.61450      2.34801      1.36241      0.98560
      3.62450      1.98107      1.18811      0.79296
      3.63450      1.51179      0.96767      0.54411
      3.64450      1.63262      1.09943      0.53319
      3.65450      1.97101      1.26064      0.71037
      3.66450      2.65676      1.59152      1.06524
      3.67450      3.44464      2.04516      1.39948
      3.68450      2.85020      1.69860      1.15160
      3.69450      1.87411      1.13289      0.74122
      3.70450      1.57053      0.98577      0.58476
      3.71450      1.97463      1.29233      0.68230
      3.72450      2.44734      1.57831      0.86903
      3.73450      2.05979      1.25502      0.80477
      3.74450      1.30642      0.76429      0.54213
      3.75450      1.62529      0.96142      0.66387
      3.76450      2.29626      1.34731      0.94895
      3.77450      2.44171      1.41234      1.02937
      3.78450      2.15386      1.24844      0.90542
      3.79450      1.93080      1.11983      0.81097
      3.80450      2.03368      1.16863      0.86505
      3.81450      2.20621      1.19676      1.00945
      3.82450      2.79475      1.47293      1.32182
      3.83450      3.95622      2.13216      1.82406
      3.84450      5.09320      2.78648      2.30672
      3.85450      5.07850      2.77146      2.30703
      3.86450      5.10015      2.72664      2.37351
      3.87450      4.80443      2.57929      2.22513
      3.88450      3.25081      1.78827      1.46254
      3.89450      2.58632      1.37977      1.20655
      3.90450      2.96058      1.48847      1.47212
      3.91450      3.25244      1.63829      1.61415
      3.92450      3.48025      1.83662      1.64363
      3.93450      3.60278      1.93490      1.66788
      3.94450      2.97256      1.56177      1.41079
      3.95450      2.01923      1.06561      0.95362
      3.96450      1.88816      1.02220      0.86596
      3.97450      2.22831      1.19859      1.02972
      3.98450      2.73974      1.49224      1.24750
      3.99450      3.04773      1.68872      1.35901
      4.00450      2.70467      1.49314      1.21154
      4.01450      2.68571      1.44416      1.24155
      4.02450      2.98187      1.59860      1.38327
      4.03450      2.43796      1.33029      1.10767
      4.04450      1.82881      0.98522      0.84358
      4.05450      2.09759      1.07953      1.01806
      4.06450      2.52815      1.27940      1.24875
      4.07450      2.18423      1.11808      1.06615
      4.08450      1.81768      0.94798      0.86969
      4.09450      1.82434      0.93912      0.88522
      4.10450      1.76781      0.89456      0.87325
      4.11450      1.59241      0.80801      0.78440
      4.12450      1.36976      0.68199      0.68778
      4.13450      1.32183      0.63728      0.68454
      4.14450      1.47885      0.69980      0.77905
      4.15450      1.32469      0.63322      0.69146
      4.16450      1.18010      0.58631      0.59379
      4.17450      1.65284      0.82880      0.82404
      4.18450      2.22258      1.12056      1.10203
      4.19450      2.62595      1.33678      1.28917
      4.20450      2.03648      1.03153      1.00495
      4.21450      1.15836      0.55374      0.60462
      4.22450      1.37146      0.60565      0.76582
      4.23450      1.67795      0.75056      0.92739
      4.24450      1.57203      0.74107      0.83096
      4.25450      1.44479      0.70228      0.74251
      4.26450      1.21540      0.59568      0.61971
      4.27450      1.19208      0.59615      0.59593
      4.28450      1.41395      0.70333      0.71061
      4.29450      1.34194      0.65176      0.69018
      4.30450      1.28969      0.60691      0.68278
      4.31450      1.33351      0.62321      0.71030
      4.32450      1.32024      0.63238      0.68786
      4.33450      1.48147      0.72712      0.75435
      4.34450      1.54523      0.77789      0.76734
      4.35450      1.70695      0.86860      0.83834
      4.36450      1.51173      0.75698      0.75475
      4.37450      1.40189      0.66699      0.73490
      4.38450      2.17362      0.99982      1.17380
      4.39450      2.56834      1.17797      1.39037
      4.40450      1.75031      0.81231      0.93800
      4.41450      0.88933      0.42566      0.46368
      4.42450      0.84707      0.42130      0.42578
      4.43450      1.05394      0.52407      0.52987
      4.44450      1.03375      0.50525      0.52850
      4.45450      1.17610      0.55843      0.61768
      4.46450      1.57016      0.73891      0.83125
      4.47450      1.84209      0.87384      0.96825
      4.48450      1.79687      0.87213      0.92473
      4.49450      1.63345      0.81276      0.82069
      4.50450      1.14311      0.57315      0.56996
      4.51450      0.85954      0.41859      0.44095
      4.52450      1.47517      0.69081      0.78436
      4.53450      2.07719      0.96059      1.11660
      4.54450      2.27038      1.05776      1.21262
      4.55450      2.42026      1.14498      1.27528
      4.56450      1.90765      0.91134      0.99631
      4.57450      1.06856      0.51610      0.55246
      4.58450      1.05819      0.51015      0.54805
      4.59450      1.52877      0.72993      0.79883
      4.60450      1.73075      0.82895      0.90180
      4.61450      1.69459      0.82116      0.87344
      4.62450      1.58141      0.76795      0.81346
      4.63450      1.60261      0.76862      0.83399
      4.64450      2.17179      1.03219      1.13959
      4.65450      2.71497      1.28683      1.42814
      4.66450      2.35171      1.11697      1.23474
      4.67450      1.89157      0.90457      0.98700
      4.68450      1.61366      0.77266      0.84100
      4.69450      1.80145      0.85874      0.94271
      4.70450      2.32498      1.10915      1.21583
      4.71450      1.81250      0.86815      0.94435
      4.72450      0.83823      0.39993      0.43830
      4.73450      0.62753      0.29205      0.33549
      4.74450      0.98832      0.45497      0.53335
      4.75450      1.38155      0.63743      0.74412
      4.76450      1.33811      0.62115      0.71696
      4.77450      1.15570      0.53961      0.61609
      4.78450      1.18990      0.55473      0.63517
      4.79450      1.29961      0.60240      0.69721
      4.80450      1.25537      0.58060      0.67478
      4.81450      1.43532      0.66658      0.76874
      4.82450      2.26058      1.05285      1.20773
      4.83450      2.84690      1.32633      1.52057
      4.84450      2.42796      1.13202      1.29594
      4.85450      1.96626      0.91807      1.04820
      4.86450      2.13809      1.00039      1.13771
      4.87450      2.56071      1.19512      1.36559
      4.88450      3.63093      1.69306      1.93786
      4.89450      4.59568      2.15205      2.44363
      4.90450      4.96691      2.32820      2.63871
      4.91450      5.22276      2.44593      2.77683
      4.92450      5.21579      2.45043      2.76535
      4.93450      4.96416      2.34487      2.61929
      4.94450      4.36210      2.07657      2.28553
      4.95450      3.89943      1.86556      2.03387
      4.96450      3.37319      1.61788      1.75531
      4.97450      2.61901      1.27193      1.34708
      4.98450      2.44051      1.20273      1.23778
      4.99450      2.23997      1.10940      1.13057
      5.00450      1.85209      0.92743      0.92466
      5.01450      1.97694      1.00691      0.97003
      5.02450      2.39544      1.22468      1.17076
      5.03450      2.42367      1.23737      1.18630
      5.04450      2.10529      1.07613      1.02916
      5.05450      1.97710      1.01320      0.96390
      5.06450      2.06217      1.05917      1.00300
      5.07450      1.84971      0.95639      0.89332
      5.08450      1.53062      0.80123      0.72940
      5.09450      1.56504      0.82249      0.74255
      5.10450      1.71551      0.89880      0.81671
      5.11450      1.51188      0.79047      0.72140
      5.12450      1.17622      0.61896      0.55726
      5.13450      1.65690      0.89034      0.76656
      5.14450      2.86648      1.55329      1.31319
      5.15450      2.65455      1.43914      1.21540
      5.16450      1.35281      0.73103      0.62178
      5.17450      0.97263      0.52455      0.44808
      5.18450      1.12694      0.61167      0.51527
      5.19450      1.29616      0.71240      0.58376
      5.20450      1.48847      0.82619      0.66227
      5.21450      1.31771      0.73271      0.58501
      5.22450      1.10820      0.61615      0.49206
      5.23450      1.23425      0.68874      0.54552
      5.24450      1.31035      0.73696      0.57339
      5.25450      1.49960      0.85288      0.64672
      5.26450      1.82397      1.04255      0.78142
      5.27450      1.39666      0.79863      0.59803
      5.28450      0.76417      0.43755      0.32662
      5.29450      0.85291      0.49052      0.36239
      5.30450      1.06747      0.61630      0.45117
      5.31450      1.06567      0.61873      0.44694
      5.32450      0.95330      0.55633      0.39697
      5.33450      0.82370      0.48207      0.34162
      5.34450      0.81949      0.48145      0.33803
      5.35450      1.07575      0.63506      0.44070
      5.36450      1.36408      0.80799      0.55608
      5.37450      1.20422      0.71516      0.48906
      5.38450      0.77204      0.46002      0.31201
      5.39450      0.71274      0.42626      0.28648
      5.40450      0.69629      0.41754      0.27875
      5.41450      0.74603      0.44947      0.29656
      5.42450      0.89706      0.54187      0.35519
      5.43450      0.89066      0.53933      0.35133
      5.44450      0.84981      0.51639      0.33342
      5.45450      0.87119      0.53113      0.34006
      5.46450      0.79120      0.48353      0.30768
      5.47450      0.70805      0.43410      0.27395
      5.48450      0.73455      0.45168      0.28287
      5.49450      0.72437      0.44665      0.27772
      5.50450      0.74832      0.46282      0.28550
      5.51450      0.74001      0.45876      0.28125
      5.52450      0.58918      0.36599      0.22319
      5.53450      0.32689      0.20335      0.12354
      5.54450      0.10146      0.06317      0.03829
      5.55450      0.01468      0.00914      0.00553
      5.56450      0.00088      0.00055      0.00033
      5.57450      0.00002      0.00001      0.00001
      5.58450      0.00000      0.00000      0.00000
      5.59450      0.00000      0.00000      0.00000
      5.60450      0.00000      0.00000      0.00000
      5.61450      0.00000      0.00000      0.00000
      5.62450      0.00000      0.00000      0.00000
      5.63450      0.00000      0.00000      0.00000
      5.64450      0.00000      0.00000      0.00000
      5.65450      0.00000      0.00000      0.00000
      5.66450      0.00000      0.00000      0.00000
      5.67450      0.00000      0.00000      0.00000
      5.68450      0.00000      0.00000      0.00000
      5.69450      0.00000      0.00000      0.00000
      5.70450      0.00000      0.00000      0.00000
      5.71450      0.00000      0.00000      0.00000
      5.72450      0.00000      0.00000      0.00000
      5.73450      0.00000      0.00000      0.00000
      5.74450      0.00000      0.00000      0.00000
      5.75450      0.00000      0.00000      0.00000
      5.76450      0.00000      0.00000      0.00000
      5.77450      0.00000      0.00000      0.00000
      5.78450      0.00000      0.00000      0.00000
      5.79450      0.00000      0.00000      0.00000
      5.80450      0.00000      0.00000      0.00000
      5.81450      0.00000      0.00000      0.00000
      5.82450      0.00000      0.00000      0.00000
      5.83450      0.00000      0.00000      0.00000
      5.84450      0.00000      0.00000      0.00000
      5.85450      0.00000      0.00000      0.00000
      5.86450      0.00000      0.00000      0.00000
      5.87450      0.00000      0.00000      0.00000
      5.88450      0.00000      0.00000      0.00000
      5.89450      0.00000      0.00000      0.00000
      5.90450      0.00000      0.00000      0.00000
      5.91450      0.00000      0.00000      0.00000
      5.92450      0.00000      0.00000      0.00000
      5.93450      0.00000      0.00000      0.00000
      5.94450      0.00000      0.00000      0.00000
      5.95450      0.00000      0.00000      0.00000
      5.96450      0.00000      0.00000      0.00000
      5.97450      0.00000      0.00000      0.00000
      5.98450      0.00000      0.00000      0.00000
      5.99450      0.00000      0.00000      0.00000
      6.00450      0.00000      0.00000      0.00000
      6.01450      0.00000      0.00000      0.00000
      6.02450      0.00000      0.00000      0.00000
      6.03450      0.00000      0.00000      0.00000
      6.04450      0.00000      0.00000      0.00000
      6.05450      0.00000      0.00000      0.00000
      6.06450      0.00000      0.00000      0.00000
      6.07450      0.00000      0.00000      0.00000
      6.08450      0.00000      0.00000      0.00000
      6.09450      0.00000      0.00000      0.00000
      6.10450      0.00000      0.00000      0.00000
      6.11450      0.00000      0.00000      0.00000
      6.12450      0.00000      0.00000      0.00000
      6.13450      0.00000      0.00000      0.00000
      6.14450      0.00000      0.00000      0.00000
      6.15450      0.00000      0.00000      0.00000
      6.16450      0.00000      0.00000      0.00000
      6.17450      0.00000      0.00000      0.00000
      6.18450      0.00000      0.00000      0.00000
      6.19450      0.00000      0.00000      0.00000
      6.20450      0.00000      0.00000      0.00000
      6.21450      0.00000      0.00000      0.00000
      6.22450      0.00000      0.00000      0.00000
      6.23450      0.00000      0.00000      0.00000
      6.24450      0.00000      0.00000      0.00000
      6.25450      0.00000      0.00000      0.00000
      6.26450      0.00000      0.00000      0.00000
      6.27450      0.00000      0.00000      0.00000
      6.28450      0.00000      0.00000      0.00000
      6.29450      0.00000      0.00000      0.00000
      6.30450      0.00000      0.00000      0.00000
      6.31450      0.00000      0.00000      0.00000
      6.32450      0.00000      0.00000      0.00000
      6.33450      0.00000      0.00000      0.00000
      6.34450      0.00000      0.00000      0.00000
      6.35450      0.00000      0.00000      0.00000
      6.36450      0.00000      0.00000      0.00000
      6.37450      0.00000      0.00000      0.00000
      6.38450      0.00000      0.00000      0.00000
      6.39450      0.00000      0.00000      0.00000
      6.40450      0.00000      0.00000      0.00000
      6.41450      0.00000      0.00000      0.00000
      6.42450      0.00000      0.00000      0.00000
      6.43450      0.00000      0.00000      0.00000
      6.44450      0.00000      0.00000      0.00000
      6.45450      0.00000      0.00000      0.00000
      6.46450      0.00000      0.00000      0.00000
      6.47450      0.00000      0.00000      0.00000
      6.48450      0.00000      0.00000      0.00000
      6.49450      0.00000      0.00000      0.00000
      6.50450      0.00000      0.00000      0.00000
      6.51450      0.00000      0.00000      0.00000
      6.52450      0.00000      0.00000      0.00000
      6.53450      0.00000      0.00000      0.00000
      6.54450      0.00000      0.00000      0.00000
      6.55450      0.00000      0.00000      0.00000
      6.56450      0.00000      0.00000      0.00000
      6.57450      0.00000      0.00000      0.00000
      6.58450      0.00000      0.00000      0.00000
      6.59450      0.00000      0.00000      0.00000
      6.60450      0.00000      0.00000      0.00000
      6.61450      0.00000      0.00000      0.00000
      6.62450      0.00000      0.00000      0.00000
      6.63450      0.00000      0.00000      0.00000
      6.64450      0.00000      0.00000      0.00000
      6.65450      0.00000      0.00000      0.00000
      6.66450      0.00000      0.00000      0.00000
      6.67450      0.00000      0.00000      0.00000
      6.68450      0.00000      0.00000      0.00000
      6.69450      0.00000      0.00000      0.00000
      6.70450      0.00000      0.00000      0.00000
      6.71450      0.00000      0.00000      0.00000
      6.72450      0.00000      0.00000      0.00000
      6.73450      0.00000      0.00000      0.00000
      6.74450      0.00000      0.00000      0.00000
      6.75450      0.00000      0.00000      0.00000
      6.76450      0.00000      0.00000      0.00000
      6.77450      0.00000      0.00000      0.00000
      6.78450      0.00000      0.00000      0.00000
      6.79450      0.00000      0.00000      0.00000
      6.80450      0.00000      0.00000      0.00000
      6.81450      0.00000      0.00000      0.00000
      6.82450      0.00000      0.00000      0.00000
      6.83450      0.00000      0.00000      0.00000
      6.84450      0.00000      0.00000      0.00000
      6.85450      0.00000      0.00000      0.00000
      6.86450      0.00000      0.00000      0.00000
      6.87450      0.00000      0.00000      0.00000
      6.88450      0.00000      0.00000      0.00000
      6.89450      0.00000      0.00000      0.00000
      6.90450      0.00000      0.00000      0.00000
      6.91450      0.00000      0.00000      0.00000
      6.92450      0.00000      0.00000      0.00000
      6.93450      0.00000      0.00000      0.00000
      6.94450      0.00000      0.00000      0.00000
      6.95450      0.00000      0.00000      0.00000
      6.96450      0.00000      0.00000      0.00000
      6.97450      0.00000      0.00000      0.00000
      6.98450      0.00000      0.00000      0.00000
      6.99450      0.00000      0.00000      0.00000
      7.00450      0.00000      0.00000      0.00000
      7.01450      0.00000      0.00000      0.00000
      7.02450      0.00000      0.00000      0.00000
      7.03450      0.00000      0.00000      0.00000
      7.04450      0.00000      0.00000      0.00000
      7.05450      0.00000      0.00000      0.00000
      7.06450      0.00000      0.00000      0.00000
      7.07450      0.00000      0.00000      0.00000
      7.08450      0.00000      0.00000      0.00000
      7.09450      0.00000      0.00000      0.00000
      7.10450      0.00000      0.00000      0.00000
      7.11450      0.00000      0.00000      0.00000
      7.12450      0.00000      0.00000      0.00000
      7.13450      0.00000      0.00000      0.00000
      7.14450      0.00000      0.00000      0.00000
      7.15450      0.00000      0.00000      0.00000
      7.16450      0.00000      0.00000      0.00000
      7.17450      0.00000      0.00000      0.00000
      7.18450      0.00020      0.00005      0.00015
      7.19450      0.00594      0.00146      0.00448
      7.20450      0.06590      0.01616      0.04974
      7.21450      0.29177      0.07156      0.22022
      7.22450      0.55085      0.13511      0.41574
      7.23450      0.50899      0.12486      0.38413
      7.24450      0.45018      0.11046      0.33972
      7.25450      0.61123      0.15014      0.46109
      7.26450      0.48437      0.11914      0.36524
      7.27450      0.25986      0.06394      0.19592
      7.28450      0.48189      0.11847      0.36343
      7.29450      0.85123      0.20935      0.64188
      7.30450      0.84767      0.20845      0.63923
      7.31450      0.63087      0.15493      0.47594
      7.32450      0.48845      0.12065      0.36781
      7.33450      0.48828      0.12101      0.36727
      7.34450      0.59162      0.14558      0.44603
      7.35450      0.67117      0.16528      0.50589
      7.36450      0.55610      0.13802      0.41808
      7.37450      0.37440      0.09345      0.28094
      7.38450      0.30523      0.07538      0.22986
      7.39450      0.35848      0.08734      0.27113
      7.40450      0.38719      0.09465      0.29255
      7.41450      0.65258      0.16105      0.49153
