Energy-E_F (eV)    DOS (1/eV)    PDOS (1/eV)  of atom type W  Se 
     -5.72093      3.82778      1.15272      2.67506
     -5.71093      3.94909      1.18184      2.76725
     -5.70093      3.61221      1.10133      2.51088
     -5.69093      3.01972      0.92684      2.09287
     -5.68093      2.49694      0.76514      1.73179
     -5.67093      2.30999      0.70586      1.60413
     -5.66093      2.43937      0.69631      1.74306
     -5.65093      2.83161      0.81017      2.02145
     -5.64093      2.70808      0.82930      1.87879
     -5.63093      2.57632      0.81244      1.76388
     -5.62093      2.62199      0.80020      1.82179
     -5.61093      1.99996      0.59211      1.40785
     -5.60093      1.35862      0.39844      0.96018
     -5.59093      2.00142      0.58244      1.41898
     -5.58093      2.95987      0.85509      2.10478
     -5.57093      2.51648      0.73461      1.78187
     -5.56093      1.43078      0.43858      0.99220
     -5.55093      1.12401      0.34673      0.77728
     -5.54093      1.47280      0.42800      1.04480
     -5.53093      1.51573      0.44242      1.07331
     -5.52093      0.90814      0.27274      0.63540
     -5.51093      0.72873      0.20296      0.52577
     -5.50093      1.47267      0.38109      1.09158
     -5.49093      1.85274      0.46484      1.38790
     -5.48093      1.27949      0.32172      0.95777
     -5.47093      0.66521      0.18032      0.48489
     -5.46093      0.49179      0.13505      0.35674
     -5.45093      0.73457      0.18813      0.54643
     -5.44093      1.05674      0.27653      0.78021
     -5.43093      0.93436      0.26136      0.67301
     -5.42093      0.80696      0.24625      0.56071
     -5.41093      0.98156      0.28704      0.69452
     -5.40093      1.35291      0.34776      1.00515
     -5.39093      1.55391      0.37539      1.17852
     -5.38093      1.06272      0.25720      0.80552
     -5.37093      0.35360      0.08695      0.26665
     -5.36093      0.17887      0.04756      0.13130
     -5.35093      0.61129      0.16524      0.44605
     -5.34093      1.12254      0.29983      0.82271
     -5.33093      0.95038      0.25165      0.69873
     -5.32093      0.49767      0.13699      0.36068
     -5.31093      0.31215      0.09114      0.22101
     -5.30093      0.50965      0.13849      0.37116
     -5.29093      0.99839      0.24876      0.74963
     -5.28093      1.47072      0.35964      1.11108
     -5.27093      1.34231      0.34137      1.00094
     -5.26093      0.76010      0.20759      0.55251
     -5.25093      0.48048      0.13774      0.34274
     -5.24093      1.03226      0.28502      0.74724
     -5.23093      2.28213      0.60585      1.67627
     -5.22093      3.70465      0.95101      2.75364
     -5.21093      4.18016      1.05585      3.12431
     -5.20093      3.48532      0.88250      2.60283
     -5.19093      3.10042      0.79844      2.30197
     -5.18093      2.87656      0.75002      2.12655
     -5.17093      2.80717      0.71204      2.09513
     -5.16093      3.20219      0.78842      2.41377
     -5.15093      3.16504      0.78924      2.37580
     -5.14093      2.49919      0.63920      1.85999
     -5.13093      1.94228      0.50880      1.43348
     -5.12093      1.96951      0.52984      1.43967
     -5.11093      2.24313      0.60634      1.63679
     -5.10093      2.48139      0.66459      1.81679
     -5.09093      2.82337      0.75380      2.06957
     -5.08093      2.80976      0.75860      2.05116
     -5.07093      2.13861      0.58003      1.55858
     -5.06093      1.59103      0.42103      1.17000
     -5.05093      1.33728      0.34222      0.99505
     -5.04093      1.82909      0.45484      1.37425
     -5.03093      3.44614      0.87798      2.56817
     -5.02093      4.11984      1.08772      3.03212
     -5.01093      3.03131      0.81834      2.21297
     -5.00093      2.02674      0.54496      1.48179
     -4.99093      1.74991      0.45343      1.29648
     -4.98093      1.65410      0.41763      1.23646
     -4.97093      1.96558      0.52457      1.44101
     -4.96093      2.71704      0.75448      1.96256
     -4.95093      2.80491      0.76382      2.04110
     -4.94093      2.31560      0.61985      1.69574
     -4.93093      2.10945      0.59191      1.51753
     -4.92093      2.13456      0.62896      1.50560
     -4.91093      2.23396      0.66010      1.57386
     -4.90093      2.66956      0.73767      1.93189
     -4.89093      3.55507      0.93146      2.62360
     -4.88093      3.82434      1.00095      2.82339
     -4.87093      3.13213      0.85057      2.28156
     -4.86093      2.49338      0.71927      1.77411
     -4.85093      2.14275      0.63766      1.50509
     -4.84093      2.64457      0.79445      1.85012
     -4.83093      3.65846      1.08662      2.57184
     -4.82093      3.64192      1.08252      2.55941
     -4.81093      3.06309      0.94436      2.11873
     -4.80093      2.74763      0.86980      1.87783
     -4.79093      3.40565      1.04158      2.36407
     -4.78093      5.42327      1.61024      3.81303
     -4.77093      6.43052      1.93654      4.49398
     -4.76093      5.37724      1.68204      3.69521
     -4.75093      4.78988      1.51754      3.27234
     -4.74093      4.85060      1.50884      3.34176
     -4.73093      4.33724      1.32919      3.00805
     -4.72093      3.60245      1.11175      2.49070
     -4.71093      3.73695      1.16350      2.57345
     -4.70093      4.24199      1.31156      2.93043
     -4.69093      4.34987      1.33647      3.01340
     -4.68093      4.34621      1.33892      3.00729
     -4.67093      5.29078      1.62108      3.66970
     -4.66093      6.24843      1.90135      4.34708
     -4.65093      5.21074      1.59022      3.62051
     -4.64093      2.45497      0.76686      1.68811
     -4.63093      0.80205      0.27576      0.52629
     -4.62093      0.67009      0.22878      0.44131
     -4.61093      0.96807      0.28673      0.68134
     -4.60093      1.20662      0.34158      0.86504
     -4.59093      1.14215      0.34333      0.79882
     -4.58093      0.97134      0.34575      0.62560
     -4.57093      0.76284      0.30412      0.45872
     -4.56093      0.65018      0.25197      0.39821
     -4.55093      0.87580      0.31477      0.56103
     -4.54093      1.03862      0.36405      0.67457
     -4.53093      1.04572      0.36218      0.68354
     -4.52093      1.07869      0.36439      0.71430
     -4.51093      0.72275      0.23705      0.48570
     -4.50093      0.20999      0.06710      0.14289
     -4.49093      0.05873      0.02064      0.03809
     -4.48093      0.25969      0.09383      0.16585
     -4.47093      0.81977      0.27966      0.54011
     -4.46093      1.37014      0.44440      0.92575
     -4.45093      1.50422      0.48318      1.02104
     -4.44093      1.21273      0.37656      0.83617
     -4.43093      1.23069      0.31965      0.91103
     -4.42093      1.74339      0.40863      1.33476
     -4.41093      1.61310      0.37766      1.23544
     -4.40093      1.21368      0.32760      0.88608
     -4.39093      1.41588      0.43013      0.98575
     -4.38093      2.09448      0.60231      1.49217
     -4.37093      2.20989      0.62011      1.58978
     -4.36093      1.35764      0.38726      0.97038
     -4.35093      0.64607      0.17034      0.47573
     -4.34093      0.43287      0.11295      0.31992
     -4.33093      0.66179      0.22078      0.44101
     -4.32093      1.28506      0.40923      0.87583
     -4.31093      1.70365      0.47275      1.23090
     -4.30093      1.64211      0.41581      1.22630
     -4.29093      1.19670      0.30855      0.88815
     -4.28093      0.98568      0.28312      0.70256
     -4.27093      0.87834      0.29397      0.58437
     -4.26093      0.56247      0.20992      0.35255
     -4.25093      0.47090      0.16676      0.30414
     -4.24093      0.73717      0.25540      0.48177
     -4.23093      1.04070      0.35105      0.68965
     -4.22093      1.04225      0.35745      0.68480
     -4.21093      0.85557      0.32710      0.52848
     -4.20093      0.90503      0.30171      0.60331
     -4.19093      1.35943      0.34786      1.01157
     -4.18093      1.91527      0.49622      1.41905
     -4.17093      2.05527      0.57939      1.47589
     -4.16093      1.48409      0.42673      1.05736
     -4.15093      0.71136      0.19169      0.51967
     -4.14093      0.44081      0.08827      0.35254
     -4.13093      0.66027      0.09148      0.56879
     -4.12093      1.95165      0.25431      1.69733
     -4.11093      4.23772      0.65425      3.58347
     -4.10093      5.51180      1.03478      4.47702
     -4.09093      5.19891      1.12052      4.07839
     -4.08093      4.05934      0.90716      3.15218
     -4.07093      3.02545      0.66985      2.35560
     -4.06093      2.61410      0.59050      2.02360
     -4.05093      2.77964      0.65550      2.12414
     -4.04093      3.50979      0.89436      2.61543
     -4.03093      4.14312      1.10154      3.04158
     -4.02093      3.47422      0.93789      2.53633
     -4.01093      2.22275      0.61223      1.61052
     -4.00093      1.98179      0.54489      1.43690
     -3.99093      2.55110      0.70658      1.84452
     -3.98093      3.03396      0.86942      2.16453
     -3.97093      2.83173      0.84941      1.98233
     -3.96093      1.99500      0.62657      1.36843
     -3.95093      1.76273      0.53992      1.22282
     -3.94093      2.44126      0.73379      1.70747
     -3.93093      2.83207      0.89497      1.93710
     -3.92093      2.92035      0.97307      1.94728
     -3.91093      3.06829      1.01761      2.05068
     -3.90093      2.97545      0.96856      2.00688
     -3.89093      2.32788      0.75524      1.57264
     -3.88093      1.80603      0.58094      1.22509
     -3.87093      1.83910      0.53500      1.30410
     -3.86093      2.07498      0.56414      1.51084
     -3.85093      2.45208      0.69859      1.75349
     -3.84093      2.41658      0.74200      1.67459
     -3.83093      1.88812      0.58830      1.29982
     -3.82093      1.69074      0.51174      1.17900
     -3.81093      2.34895      0.78586      1.56309
     -3.80093      3.44925      1.20625      2.24300
     -3.79093      3.84248      1.31247      2.53002
     -3.78093      2.94428      0.97712      1.96716
     -3.77093      1.69020      0.58778      1.10242
     -3.76093      1.21306      0.46335      0.74970
     -3.75093      1.32768      0.50094      0.82674
     -3.74093      2.01731      0.69950      1.31781
     -3.73093      2.71651      0.93324      1.78327
     -3.72093      2.29988      0.83105      1.46883
     -3.71093      1.51151      0.55347      0.95804
     -3.70093      1.13931      0.38655      0.75276
     -3.69093      1.17655      0.37213      0.80442
     -3.68093      1.93171      0.59594      1.33577
     -3.67093      3.57054      1.18583      2.38471
     -3.66093      4.12720      1.44963      2.67757
     -3.65093      2.84375      1.01519      1.82856
     -3.64093      1.93548      0.70520      1.23029
     -3.63093      1.72228      0.65991      1.06236
     -3.62093      1.70254      0.69574      1.00680
     -3.61093      2.26811      0.93443      1.33368
     -3.60093      2.76981      1.07964      1.69017
     -3.59093      2.75262      0.98162      1.77100
     -3.58093      2.22731      0.74326      1.48405
     -3.57093      1.57389      0.52848      1.04540
     -3.56093      1.50384      0.56341      0.94043
     -3.55093      1.81760      0.73297      1.08463
     -3.54093      1.91294      0.76980      1.14314
     -3.53093      2.03204      0.78535      1.24669
     -3.52093      2.23117      0.86743      1.36374
     -3.51093      2.12118      0.85295      1.26823
     -3.50093      2.08836      0.80359      1.28477
     -3.49093      2.51345      0.87104      1.64241
     -3.48093      2.81235      0.88493      1.92741
     -3.47093      2.99214      0.96582      2.02632
     -3.46093      3.26670      1.17206      2.09465
     -3.45093      2.81686      1.06044      1.75643
     -3.44093      2.33751      0.92551      1.41200
     -3.43093      2.49119      0.97936      1.51183
     -3.42093      2.80532      1.07983      1.72550
     -3.41093      2.93322      1.16580      1.76742
     -3.40093      2.99440      1.17913      1.81527
     -3.39093      3.06271      1.15837      1.90434
     -3.38093      2.88905      1.14018      1.74887
     -3.37093      2.84600      1.19017      1.65583
     -3.36093      2.15957      0.88373      1.27584
     -3.35093      1.61709      0.59622      1.02088
     -3.34093      2.04647      0.73555      1.31092
     -3.33093      2.52181      0.96538      1.55644
     -3.32093      2.34588      0.93163      1.41425
     -3.31093      1.72648      0.71308      1.01340
     -3.30093      1.51284      0.61347      0.89938
     -3.29093      2.03036      0.72205      1.30831
     -3.28093      2.56964      0.87327      1.69637
     -3.27093      2.44596      0.84269      1.60326
     -3.26093      2.00750      0.71528      1.29222
     -3.25093      1.88484      0.64416      1.24067
     -3.24093      1.87702      0.62160      1.25543
     -3.23093      1.65152      0.57004      1.08149
     -3.22093      1.74260      0.60404      1.13856
     -3.21093      1.52583      0.51288      1.01295
     -3.20093      1.24648      0.40333      0.84316
     -3.19093      1.71759      0.57309      1.14450
     -3.18093      1.97050      0.67021      1.30029
     -3.17093      1.71090      0.58900      1.12190
     -3.16093      1.85674      0.59583      1.26092
     -3.15093      2.17603      0.61782      1.55821
     -3.14093      2.08903      0.58227      1.50677
     -3.13093      1.56275      0.50686      1.05588
     -3.12093      1.21597      0.48066      0.73531
     -3.11093      1.21246      0.51709      0.69537
     -3.10093      0.99566      0.40354      0.59213
     -3.09093      0.84865      0.29998      0.54867
     -3.08093      1.38471      0.47845      0.90627
     -3.07093      2.22955      0.77068      1.45886
     -3.06093      2.40365      0.83468      1.56898
     -3.05093      2.29325      0.84800      1.44525
     -3.04093      1.75060      0.67830      1.07230
     -3.03093      1.01664      0.37484      0.64180
     -3.02093      0.88552      0.31299      0.57253
     -3.01093      0.83313      0.30372      0.52941
     -3.00093      0.56733      0.21377      0.35356
     -2.99093      0.85525      0.33438      0.52087
     -2.98093      1.48639      0.61235      0.87404
     -2.97093      1.71868      0.67762      1.04106
     -2.96093      1.86513      0.62386      1.24127
     -2.95093      1.93794      0.60195      1.33599
     -2.94093      1.74148      0.55892      1.18256
     -2.93093      1.64560      0.53087      1.11472
     -2.92093      1.94517      0.63156      1.31360
     -2.91093      2.44066      0.84318      1.59748
     -2.90093      2.64836      0.89393      1.75442
     -2.89093      2.20358      0.68231      1.52127
     -2.88093      2.09007      0.63518      1.45489
     -2.87093      2.99177      0.87657      2.11520
     -2.86093      3.90459      1.08734      2.81726
     -2.85093      4.11856      1.07067      3.04789
     -2.84093      5.18113      1.23092      3.95021
     -2.83093      6.92652      1.63991      5.28661
     -2.82093      7.29092      1.67836      5.61255
     -2.81093      6.84349      1.49073      5.35276
     -2.80093      6.69992      1.45762      5.24229
     -2.79093      6.22701      1.38348      4.84354
     -2.78093      4.90648      1.08279      3.82369
     -2.77093      4.07181      0.89338      3.17843
     -2.76093      4.32657      1.05153      3.27504
     -2.75093      3.92383      1.00672      2.91711
     -2.74093      3.26934      0.77939      2.48995
     -2.73093      3.16683      0.70861      2.45822
     -2.72093      3.28411      0.75405      2.53006
     -2.71093      3.62656      0.90691      2.71964
     -2.70093      3.99818      0.97829      3.01990
     -2.69093      3.72100      0.80798      2.91301
     -2.68093      2.88301      0.65734      2.22566
     -2.67093      2.49761      0.62498      1.87263
     -2.66093      3.37736      0.75262      2.62474
     -2.65093      4.07826      0.87352      3.20474
     -2.64093      3.82166      0.90705      2.91461
     -2.63093      3.75424      0.97715      2.77708
     -2.62093      3.70792      0.93727      2.77065
     -2.61093      3.38492      0.77427      2.61065
     -2.60093      2.75085      0.60494      2.14591
     -2.59093      2.25597      0.57028      1.68569
     -2.58093      2.68707      0.74610      1.94097
     -2.57093      3.25329      0.92899      2.32429
     -2.56093      2.78737      0.82513      1.96224
     -2.55093      2.30941      0.66508      1.64433
     -2.54093      2.56526      0.76498      1.80028
     -2.53093      3.17403      1.04621      2.12781
     -2.52093      3.73617      1.23985      2.49632
     -2.51093      3.89185      1.18776      2.70409
     -2.50093      3.53504      1.00868      2.52636
     -2.49093      2.79510      0.77333      2.02177
     -2.48093      2.25155      0.68745      1.56410
     -2.47093      2.85838      0.92152      1.93687
     -2.46093      3.66538      1.10546      2.55992
     -2.45093      3.52015      1.02916      2.49099
     -2.44093      2.95580      0.86126      2.09454
     -2.43093      2.79416      0.79706      1.99710
     -2.42093      3.06880      0.98435      2.08444
     -2.41093      3.28535      1.09509      2.19026
     -2.40093      2.90492      0.88075      2.02417
     -2.39093      2.63309      0.75020      1.88289
     -2.38093      3.00652      0.87926      2.12726
     -2.37093      3.51481      1.08460      2.43021
     -2.36093      3.19171      0.99470      2.19701
     -2.35093      2.69535      0.85400      1.84135
     -2.34093      2.76296      0.95693      1.80603
     -2.33093      2.74909      1.02185      1.72724
     -2.32093      2.82232      1.03651      1.78580
     -2.31093      3.00215      1.02897      1.97318
     -2.30093      2.85435      0.94582      1.90853
     -2.29093      2.77757      0.87523      1.90234
     -2.28093      3.65329      1.11273      2.54056
     -2.27093      5.09960      1.56799      3.53161
     -2.26093      6.13444      1.87839      4.25605
     -2.25093      5.80164      1.77664      4.02500
     -2.24093      4.44711      1.41048      3.03664
     -2.23093      3.38867      1.25045      2.13823
     -2.22093      3.17313      1.25817      1.91496
     -2.21093      3.12217      1.05197      2.07021
     -2.20093      3.02380      0.89369      2.13011
     -2.19093      2.93641      0.97242      1.96399
     -2.18093      2.80187      0.99210      1.80977
     -2.17093      2.82387      0.95755      1.86632
     -2.16093      2.83601      0.96976      1.86625
     -2.15093      2.60981      0.84851      1.76131
     -2.14093      2.52865      0.69139      1.83726
     -2.13093      2.44740      0.59939      1.84802
     -2.12093      2.38801      0.54935      1.83866
     -2.11093      2.25285      0.55752      1.69533
     -2.10093      2.30824      0.67334      1.63490
     -2.09093      2.75133      0.84309      1.90824
     -2.08093      3.21841      0.93621      2.28220
     -2.07093      3.19341      0.92268      2.27073
     -2.06093      2.59861      0.75067      1.84793
     -2.05093      1.68377      0.44108      1.24269
     -2.04093      1.42433      0.32662      1.09771
     -2.03093      1.71261      0.43522      1.27738
     -2.02093      1.66527      0.42652      1.23875
     -2.01093      1.96866      0.45569      1.51297
     -2.00093      2.34233      0.55349      1.78884
     -1.99093      1.73410      0.40296      1.33114
     -1.98093      1.07054      0.29184      0.77869
     -1.97093      1.27721      0.45394      0.82327
     -1.96093      2.40716      0.80109      1.60606
     -1.95093      3.44335      1.08869      2.35466
     -1.94093      3.60962      1.20323      2.40639
     -1.93093      3.56347      1.15914      2.40432
     -1.92093      3.41045      0.97157      2.43888
     -1.91093      3.31104      0.81508      2.49596
     -1.90093      2.74557      0.61822      2.12735
     -1.89093      1.33371      0.28532      1.04839
     -1.88093      0.69326      0.13037      0.56290
     -1.87093      1.18352      0.25591      0.92761
     -1.86093      1.74645      0.47767      1.26878
     -1.85093      1.69333      0.54237      1.15097
     -1.84093      1.12278      0.38945      0.73333
     -1.83093      0.81206      0.25847      0.55358
     -1.82093      1.25142      0.35516      0.89626
     -1.81093      1.77543      0.46270      1.31273
     -1.80093      1.89534      0.45214      1.44319
     -1.79093      1.61697      0.43705      1.17992
     -1.78093      1.41233      0.46257      0.94976
     -1.77093      1.59590      0.55258      1.04332
     -1.76093      1.88729      0.72033      1.16697
     -1.75093      2.13817      0.81464      1.32352
     -1.74093      1.89178      0.62669      1.26509
     -1.73093      1.24918      0.37188      0.87730
     -1.72093      0.85511      0.23907      0.61604
     -1.71093      0.75294      0.21531      0.53763
     -1.70093      0.74909      0.24053      0.50856
     -1.69093      0.79639      0.27761      0.51878
     -1.68093      1.05610      0.41230      0.64380
     -1.67093      1.35133      0.54163      0.80970
     -1.66093      1.20899      0.46262      0.74636
     -1.65093      1.12276      0.41235      0.71040
     -1.64093      1.07361      0.40801      0.66561
     -1.63093      1.29831      0.49401      0.80429
     -1.62093      1.93916      0.68175      1.25741
     -1.61093      2.55706      0.87693      1.68013
     -1.60093      2.24567      0.79680      1.44887
     -1.59093      1.22412      0.43238      0.79173
     -1.58093      0.71304      0.22191      0.49113
     -1.57093      0.63735      0.17626      0.46109
     -1.56093      0.55252      0.18286      0.36966
     -1.55093      0.65314      0.29470      0.35844
     -1.54093      0.56741      0.27402      0.29338
     -1.53093      0.33633      0.16451      0.17182
     -1.52093      0.44033      0.22244      0.21789
     -1.51093      0.69963      0.36008      0.33955
     -1.50093      0.68991      0.35755      0.33235
     -1.49093      0.36359      0.18996      0.17362
     -1.48093      0.28563      0.15216      0.13348
     -1.47093      0.42115      0.22675      0.19440
     -1.46093      0.46347      0.25178      0.21169
     -1.45093      0.34818      0.19022      0.15796
     -1.44093      0.13623      0.07465      0.06158
     -1.43093      0.03111      0.01740      0.01371
     -1.42093      0.09897      0.05784      0.04113
     -1.41093      0.50409      0.29058      0.21352
     -1.40093      1.07533      0.60828      0.46705
     -1.39093      1.15416      0.63369      0.52047
     -1.38093      0.83384      0.44386      0.38998
     -1.37093      0.66130      0.35899      0.30231
     -1.36093      0.86481      0.50251      0.36230
     -1.35093      0.78736      0.47830      0.30906
     -1.34093      0.51197      0.29008      0.22190
     -1.33093      0.49225      0.25968      0.23257
     -1.32093      0.69563      0.40850      0.28713
     -1.31093      1.06990      0.61807      0.45182
     -1.30093      1.15470      0.63076      0.52394
     -1.29093      0.83242      0.44351      0.38890
     -1.28093      0.81451      0.43797      0.37653
     -1.27093      1.13113      0.63142      0.49971
     -1.26093      1.37568      0.78034      0.59533
     -1.25093      1.20896      0.69827      0.51068
     -1.24093      0.69026      0.40463      0.28563
     -1.23093      0.67414      0.39406      0.28007
     -1.22093      1.41165      0.82919      0.58246
     -1.21093      1.73939      1.03594      0.70344
     -1.20093      1.22868      0.73474      0.49395
     -1.19093      0.77164      0.44915      0.32248
     -1.18093      0.88572      0.50162      0.38409
     -1.17093      1.00923      0.56245      0.44679
     -1.16093      1.20737      0.70869      0.49868
     -1.15093      1.68548      1.06312      0.62236
     -1.14093      1.68831      1.08101      0.60730
     -1.13093      1.12213      0.69094      0.43119
     -1.12093      0.84142      0.51266      0.32876
     -1.11093      1.09118      0.66169      0.42949
     -1.10093      1.20704      0.72839      0.47865
     -1.09093      1.36383      0.84644      0.51739
     -1.08093      1.95735      1.21848      0.73887
     -1.07093      2.23714      1.36127      0.87587
     -1.06093      1.98805      1.15857      0.82948
     -1.05093      1.65014      0.99211      0.65803
     -1.04093      1.55879      1.03507      0.52371
     -1.03093      1.76319      1.21845      0.54474
     -1.02093      1.89277      1.27314      0.61963
     -1.01093      1.57309      1.01338      0.55971
     -1.00093      1.53556      0.98793      0.54764
     -0.99093      1.90452      1.24658      0.65793
     -0.98093      2.43014      1.60395      0.82620
     -0.97093      2.63125      1.73433      0.89692
     -0.96093      2.12330      1.40495      0.71835
     -0.95093      1.94850      1.31724      0.63126
     -0.94093      2.74968      1.87175      0.87793
     -0.93093      3.07990      2.10978      0.97012
     -0.92093      2.96101      2.03972      0.92129
     -0.91093      3.46731      2.39574      1.07157
     -0.90093      4.12436      2.84508      1.27929
     -0.89093      4.62434      3.19952      1.42483
     -0.88093      4.36688      3.06081      1.30607
     -0.87093      3.35692      2.36833      0.98859
     -0.86093      2.86700      2.01074      0.85626
     -0.85093      3.22335      2.25850      0.96485
     -0.84093      3.35625      2.34341      1.01284
     -0.83093      2.85746      1.96590      0.89156
     -0.82093      2.36545      1.61597      0.74947
     -0.81093      2.33945      1.61245      0.72700
     -0.80093      2.42501      1.67099      0.75402
     -0.79093      2.49795      1.70996      0.78799
     -0.78093      2.65358      1.82498      0.82860
     -0.77093      2.43091      1.67832      0.75259
     -0.76093      2.28604      1.56164      0.72441
     -0.75093      2.45279      1.67003      0.78276
     -0.74093      2.30563      1.59103      0.71460
     -0.73093      2.07089      1.43097      0.63992
     -0.72093      2.05283      1.41658      0.63625
     -0.71093      1.91186      1.33781      0.57405
     -0.70093      1.78584      1.25083      0.53501
     -0.69093      1.94137      1.33912      0.60225
     -0.68093      1.98445      1.37673      0.60773
     -0.67093      1.91270      1.34940      0.56330
     -0.66093      2.24827      1.58616      0.66211
     -0.65093      2.37195      1.66222      0.70973
     -0.64093      1.96141      1.35781      0.60360
     -0.63093      1.66378      1.13690      0.52688
     -0.62093      1.81169      1.25312      0.55857
     -0.61093      1.93282      1.36069      0.57212
     -0.60093      1.72115      1.22112      0.50003
     -0.59093      1.74578      1.22941      0.51637
     -0.58093      1.86897      1.30475      0.56421
     -0.57093      1.81975      1.27193      0.54782
     -0.56093      1.79425      1.26066      0.53359
     -0.55093      2.08117      1.47307      0.60810
     -0.54093      2.16633      1.54328      0.62305
     -0.53093      1.97585      1.40069      0.57516
     -0.52093      2.15876      1.50550      0.65327
     -0.51093      2.32476      1.60687      0.71789
     -0.50093      2.03251      1.39754      0.63497
     -0.49093      1.85740      1.27850      0.57889
     -0.48093      2.06255      1.43317      0.62938
     -0.47093      1.91259      1.33630      0.57629
     -0.46093      1.21816      0.85505      0.36311
     -0.45093      0.81001      0.57808      0.23193
     -0.44093      0.75923      0.55269      0.20654
     -0.43093      0.74263      0.54735      0.19528
     -0.42093      0.72354      0.54001      0.18353
     -0.41093      0.90224      0.67693      0.22531
     -0.40093      1.05324      0.78789      0.26535
     -0.39093      0.77363      0.57318      0.20045
     -0.38093      0.44884      0.33035      0.11849
     -0.37093      0.46266      0.34532      0.11734
     -0.36093      0.57330      0.42835      0.14495
     -0.35093      0.40610      0.30297      0.10313
     -0.34093      0.33066      0.25066      0.08000
     -0.33093      0.60263      0.45849      0.14414
     -0.32093      0.68061      0.51511      0.16550
     -0.31093      0.36814      0.27780      0.09035
     -0.30093      0.26988      0.20485      0.06503
     -0.29093      0.57571      0.43782      0.13789
     -0.28093      0.77474      0.58948      0.18526
     -0.27093      0.84877      0.64843      0.20034
     -0.26093      0.82212      0.63186      0.19026
     -0.25093      0.48953      0.37876      0.11077
     -0.24093      0.16027      0.12456      0.03571
     -0.23093      0.10888      0.08399      0.02489
     -0.22093      0.38350      0.29527      0.08822
     -0.21093      0.62344      0.48036      0.14308
     -0.20093      0.40513      0.31274      0.09239
     -0.19093      0.22500      0.17512      0.04987
     -0.18093      0.32408      0.25266      0.07142
     -0.17093      0.40868      0.31762      0.09106
     -0.16093      0.37644      0.29215      0.08429
     -0.15093      0.48111      0.37396      0.10716
     -0.14093      0.59801      0.46634      0.13167
     -0.13093      0.52743      0.41307      0.11436
     -0.12093      0.40099      0.31508      0.08591
     -0.11093      0.21467      0.16877      0.04590
     -0.10093      0.15077      0.11825      0.03252
     -0.09093      0.25008      0.19627      0.05381
     -0.08093      0.35779      0.28149      0.07631
     -0.07093      0.34333      0.27046      0.07287
     -0.06093      0.30101      0.23727      0.06374
     -0.05093      0.35699      0.28153      0.07546
     -0.04093      0.34914      0.27571      0.07343
     -0.03093      0.35477      0.28059      0.07418
     -0.02093      0.26388      0.20884      0.05504
     -0.01093      0.18316      0.14511      0.03804
     -0.00093      0.15370      0.12184      0.03185
      0.00907      0.06515      0.05165      0.01350
      0.01907      0.01049      0.00832      0.00217
      0.02907      0.00062      0.00049      0.00013
      0.03907      0.00001      0.00001      0.00000
      0.04907      0.00000      0.00000      0.00000
      0.05907      0.00000      0.00000      0.00000
      0.06907      0.00000      0.00000      0.00000
      0.07907      0.00000      0.00000      0.00000
      0.08907      0.00000      0.00000      0.00000
      0.09907      0.00000      0.00000      0.00000
      0.10907      0.00000      0.00000      0.00000
      0.11907      0.00000      0.00000      0.00000
      0.12907      0.00000      0.00000      0.00000
      0.13907      0.00000      0.00000      0.00000
      0.14907      0.00000      0.00000      0.00000
      0.15907      0.00000      0.00000      0.00000
      0.16907      0.00000      0.00000      0.00000
      0.17907      0.00000      0.00000      0.00000
      0.18907      0.00000      0.00000      0.00000
      0.19907      0.00000      0.00000      0.00000
      0.20907      0.00000      0.00000      0.00000
      0.21907      0.00000      0.00000      0.00000
      0.22907      0.00000      0.00000      0.00000
      0.23907      0.00000      0.00000      0.00000
      0.24907      0.00000      0.00000      0.00000
      0.25907      0.00000      0.00000      0.00000
      0.26907      0.00000      0.00000      0.00000
      0.27907      0.00000      0.00000      0.00000
      0.28907      0.00000      0.00000      0.00000
      0.29907      0.00000      0.00000      0.00000
      0.30907      0.00000      0.00000      0.00000
      0.31907      0.00000      0.00000      0.00000
      0.32907      0.00000      0.00000      0.00000
      0.33907      0.00000      0.00000      0.00000
      0.34907      0.00000      0.00000      0.00000
      0.35907      0.00000      0.00000      0.00000
      0.36907      0.00000      0.00000      0.00000
      0.37907      0.00000      0.00000      0.00000
      0.38907      0.00000      0.00000      0.00000
      0.39907      0.00000      0.00000      0.00000
      0.40907      0.00000      0.00000      0.00000
      0.41907      0.00000      0.00000      0.00000
      0.42907      0.00000      0.00000      0.00000
      0.43907      0.00000      0.00000      0.00000
      0.44907      0.00000      0.00000      0.00000
      0.45907      0.00000      0.00000      0.00000
      0.46907      0.00000      0.00000      0.00000
      0.47907      0.00000      0.00000      0.00000
      0.48907      0.00000      0.00000      0.00000
      0.49907      0.00000      0.00000      0.00000
      0.50907      0.00000      0.00000      0.00000
      0.51907      0.00000      0.00000      0.00000
      0.52907      0.00000      0.00000      0.00000
      0.53907      0.00000      0.00000      0.00000
      0.54907      0.00000      0.00000      0.00000
      0.55907      0.00000      0.00000      0.00000
      0.56907      0.00000      0.00000      0.00000
      0.57907      0.00000      0.00000      0.00000
      0.58907      0.00000      0.00000      0.00000
      0.59907      0.00000      0.00000      0.00000
      0.60907      0.00000      0.00000      0.00000
      0.61907      0.00000      0.00000      0.00000
      0.62907      0.00000      0.00000      0.00000
      0.63907      0.00000      0.00000      0.00000
      0.64907      0.00000      0.00000      0.00000
      0.65907      0.00000      0.00000      0.00000
      0.66907      0.00000      0.00000      0.00000
      0.67907      0.00000      0.00000      0.00000
      0.68907      0.00000      0.00000      0.00000
      0.69907      0.00000      0.00000      0.00000
      0.70907      0.00000      0.00000      0.00000
      0.71907      0.00000      0.00000      0.00000
      0.72907      0.00000      0.00000      0.00000
      0.73907      0.00000      0.00000      0.00000
      0.74907      0.00000      0.00000      0.00000
      0.75907      0.00000      0.00000      0.00000
      0.76907      0.00000      0.00000      0.00000
      0.77907      0.00000      0.00000      0.00000
      0.78907      0.00000      0.00000      0.00000
      0.79907      0.00000      0.00000      0.00000
      0.80907      0.00000      0.00000      0.00000
      0.81907      0.00000      0.00000      0.00000
      0.82907      0.00000      0.00000      0.00000
      0.83907      0.00000      0.00000      0.00000
      0.84907      0.00000      0.00000      0.00000
      0.85907      0.00000      0.00000      0.00000
      0.86907      0.00000      0.00000      0.00000
      0.87907      0.00000      0.00000      0.00000
      0.88907      0.00000      0.00000      0.00000
      0.89907      0.00000      0.00000      0.00000
      0.90907      0.00000      0.00000      0.00000
      0.91907      0.00000      0.00000      0.00000
      0.92907      0.00000      0.00000      0.00000
      0.93907      0.00000      0.00000      0.00000
      0.94907      0.00000      0.00000      0.00000
      0.95907      0.00000      0.00000      0.00000
      0.96907      0.00000      0.00000      0.00000
      0.97907      0.00000      0.00000      0.00000
      0.98907      0.00000      0.00000      0.00000
      0.99907      0.00000      0.00000      0.00000
      1.00907      0.00000      0.00000      0.00000
      1.01907      0.00000      0.00000      0.00000
      1.02907      0.00000      0.00000      0.00000
      1.03907      0.00000      0.00000      0.00000
      1.04907      0.00000      0.00000      0.00000
      1.05907      0.00000      0.00000      0.00000
      1.06907      0.00000      0.00000      0.00000
      1.07907      0.00000      0.00000      0.00000
      1.08907      0.00000      0.00000      0.00000
      1.09907      0.00000      0.00000      0.00000
      1.10907      0.00000      0.00000      0.00000
      1.11907      0.00000      0.00000      0.00000
      1.12907      0.00000      0.00000      0.00000
      1.13907      0.00000      0.00000      0.00000
      1.14907      0.00000      0.00000      0.00000
      1.15907      0.00000      0.00000      0.00000
      1.16907      0.00000      0.00000      0.00000
      1.17907      0.00000      0.00000      0.00000
      1.18907      0.00000      0.00000      0.00000
      1.19907      0.00000      0.00000      0.00000
      1.20907      0.00000      0.00000      0.00000
      1.21907      0.00000      0.00000      0.00000
      1.22907      0.00000      0.00000      0.00000
      1.23907      0.00000      0.00000      0.00000
      1.24907      0.00000      0.00000      0.00000
      1.25907      0.00000      0.00000      0.00000
      1.26907      0.00000      0.00000      0.00000
      1.27907      0.00000      0.00000      0.00000
      1.28907      0.00000      0.00000      0.00000
      1.29907      0.00000      0.00000      0.00000
      1.30907      0.00000      0.00000      0.00000
      1.31907      0.00000      0.00000      0.00000
      1.32907      0.00000      0.00000      0.00000
      1.33907      0.00000      0.00000      0.00000
      1.34907      0.00000      0.00000      0.00000
      1.35907      0.00000      0.00000      0.00000
      1.36907      0.00000      0.00000      0.00000
      1.37907      0.00000      0.00000      0.00000
      1.38907      0.00000      0.00000      0.00000
      1.39907      0.00000      0.00000      0.00000
      1.40907      0.00000      0.00000      0.00000
      1.41907      0.00000      0.00000      0.00000
      1.42907      0.00000      0.00000      0.00000
      1.43907      0.00000      0.00000      0.00000
      1.44907      0.00000      0.00000      0.00000
      1.45907      0.00000      0.00000      0.00000
      1.46907      0.00000      0.00000      0.00000
      1.47907      0.00000      0.00000      0.00000
      1.48907      0.00000      0.00000      0.00000
      1.49907      0.00000      0.00000      0.00000
      1.50907      0.00000      0.00000      0.00000
      1.51907      0.00000      0.00000      0.00000
      1.52907      0.00000      0.00000      0.00000
      1.53907      0.00000      0.00000      0.00000
      1.54907      0.00000      0.00000      0.00000
      1.55907      0.00000      0.00000      0.00000
      1.56907      0.00000      0.00000      0.00000
      1.57907      0.00000      0.00000      0.00000
      1.58907      0.00000      0.00000      0.00000
      1.59907      0.00000      0.00000      0.00000
      1.60907      0.00000      0.00000      0.00000
      1.61907      0.00000      0.00000      0.00000
      1.62907      0.00000      0.00000      0.00000
      1.63907      0.00000      0.00000      0.00000
      1.64907      0.00000      0.00000      0.00000
      1.65907      0.00000      0.00000      0.00000
      1.66907      0.00000      0.00000      0.00000
      1.67907      0.00000      0.00000      0.00000
      1.68907      0.00000      0.00000      0.00000
      1.69907      0.00000      0.00000      0.00000
      1.70907      0.00000      0.00000      0.00000
      1.71907      0.00000      0.00000      0.00000
      1.72907      0.00000      0.00000      0.00000
      1.73907      0.00000      0.00000      0.00000
      1.74907      0.00000      0.00000      0.00000
      1.75907      0.00000      0.00000      0.00000
      1.76907      0.00000      0.00000      0.00000
      1.77907      0.00000      0.00000      0.00000
      1.78907      0.00000      0.00000      0.00000
      1.79907      0.00000      0.00000      0.00000
      1.80907      0.00000      0.00000      0.00000
      1.81907      0.00000      0.00000      0.00000
      1.82907      0.00000      0.00000      0.00000
      1.83907      0.00000      0.00000      0.00000
      1.84907      0.00000      0.00000      0.00000
      1.85907      0.00000      0.00000      0.00000
      1.86907      0.00000      0.00000      0.00000
      1.87907      0.00000      0.00000      0.00000
      1.88907      0.00000      0.00000      0.00000
      1.89907      0.00000      0.00000      0.00000
      1.90907      0.00000      0.00000      0.00000
      1.91907      0.00000      0.00000      0.00000
      1.92907      0.00000      0.00000      0.00000
      1.93907      0.00000      0.00000      0.00000
      1.94907      0.00000      0.00000      0.00000
      1.95907      0.00000      0.00000      0.00000
      1.96907      0.00000      0.00000      0.00000
      1.97907      0.00000      0.00000      0.00000
      1.98907      0.00000      0.00000      0.00000
      1.99907      0.00000      0.00000      0.00000
      2.00907      0.00000      0.00000      0.00000
      2.01907      0.00000      0.00000      0.00000
      2.02907      0.00000      0.00000      0.00000
      2.03907      0.00000      0.00000      0.00000
      2.04907      0.00000      0.00000      0.00000
      2.05907      0.00000      0.00000      0.00000
      2.06907      0.00000      0.00000      0.00000
      2.07907      0.00000      0.00000      0.00000
      2.08907      0.00000      0.00000      0.00000
      2.09907      0.00000      0.00000      0.00000
      2.10907      0.00000      0.00000      0.00000
      2.11907      0.00000      0.00000      0.00000
      2.12907      0.00000      0.00000      0.00000
      2.13907      0.00001      0.00001      0.00000
      2.14907      0.00060      0.00033      0.00028
      2.15907      0.01383      0.00749      0.00634
      2.16907      0.12698      0.06872      0.05826
      2.17907      0.50245      0.27236      0.23009
      2.18907      1.02546      0.55735      0.46810
      2.19907      1.44531      0.78679      0.65852
      2.20907      1.64514      0.90192      0.74322
      2.21907      1.66942      0.93642      0.73300
      2.22907      1.64870      0.94547      0.70322
      2.23907      1.50173      0.87097      0.63076
      2.24907      1.74213      1.03714      0.70499
      2.25907      2.16923      1.30504      0.86420
      2.26907      2.22289      1.34641      0.87649
      2.27907      2.21819      1.34078      0.87741
      2.28907      2.07155      1.20467      0.86688
      2.29907      1.81749      1.05461      0.76288
      2.30907      1.86279      1.10691      0.75587
      2.31907      2.19856      1.27701      0.92155
      2.32907      2.43514      1.41367      1.02147
      2.33907      2.32283      1.37793      0.94491
      2.34907      2.04510      1.21960      0.82550
      2.35907      1.91621      1.13146      0.78475
      2.36907      2.40234      1.47937      0.92297
      2.37907      3.26280      2.01502      1.24778
      2.38907      3.91433      2.30249      1.61185
      2.39907      3.83713      2.18445      1.65268
      2.40907      3.32690      1.88543      1.44147
      2.41907      2.99678      1.68571      1.31107
      2.42907      2.70592      1.49629      1.20963
      2.43907      2.75466      1.55175      1.20291
      2.44907      2.99697      1.76286      1.23411
      2.45907      3.30315      2.03465      1.26849
      2.46907      3.41927      2.18319      1.23609
      2.47907      2.74192      1.73043      1.01149
      2.48907      2.02937      1.18351      0.84587
      2.49907      2.39650      1.35650      1.04001
      2.50907      3.04238      1.84439      1.19799
      2.51907      2.93551      1.91066      1.02484
      2.52907      2.57802      1.72290      0.85512
      2.53907      2.51991      1.67723      0.84268
      2.54907      2.31911      1.54722      0.77190
      2.55907      2.01769      1.29199      0.72570
      2.56907      2.46762      1.51830      0.94932
      2.57907      2.92724      1.85506      1.07218
      2.58907      2.60207      1.71914      0.88293
      2.59907      2.08975      1.43402      0.65573
      2.60907      2.28177      1.59767      0.68410
      2.61907      2.84190      1.96490      0.87700
      2.62907      2.77740      1.85790      0.91951
      2.63907      2.75897      1.76424      0.99473
      2.64907      2.94814      1.93037      1.01777
      2.65907      2.95747      2.08135      0.87612
      2.66907      2.50291      1.81506      0.68784
      2.67907      2.13278      1.52387      0.60891
      2.68907      2.29061      1.61307      0.67754
      2.69907      2.29550      1.59558      0.69992
      2.70907      2.13407      1.43950      0.69457
      2.71907      1.62978      1.07978      0.55000
      2.72907      1.47109      0.96069      0.51040
      2.73907      1.77022      1.17367      0.59655
      2.74907      1.83330      1.31521      0.51809
      2.75907      1.49419      1.11167      0.38252
      2.76907      1.01271      0.69196      0.32075
      2.77907      1.01035      0.65624      0.35411
      2.78907      1.38072      0.98714      0.39358
      2.79907      1.86794      1.40239      0.46555
      2.80907      2.11771      1.56043      0.55728
      2.81907      2.14950      1.50938      0.64013
      2.82907      2.33236      1.62458      0.70778
      2.83907      2.25209      1.56692      0.68517
      2.84907      1.65388      1.14966      0.50422
      2.85907      0.96438      0.71036      0.25402
      2.86907      0.80049      0.64186      0.15863
      2.87907      1.19233      0.91735      0.27498
      2.88907      2.08437      1.46726      0.61712
      2.89907      3.29078      2.20382      1.08696
      2.90907      3.95290      2.62940      1.32350
      2.91907      4.03225      2.71161      1.32064
      2.92907      4.59910      3.03453      1.56457
      2.93907      5.75897      3.64798      2.11098
      2.94907      6.91443      4.33151      2.58292
      2.95907      7.10184      4.55858      2.54326
      2.96907      6.46695      4.24159      2.22537
      2.97907      5.53634      3.59043      1.94591
      2.98907      4.45969      2.89841      1.56128
      2.99907      4.02428      2.67433      1.34995
      3.00907      4.34656      2.90068      1.44588
      3.01907      4.44201      3.02602      1.41599
      3.02907      3.72596      2.65321      1.07275
      3.03907      3.48697      2.44070      1.04627
      3.04907      3.99284      2.62037      1.37247
      3.05907      4.18164      2.79698      1.38466
      3.06907      4.06218      2.93398      1.12820
      3.07907      4.27223      3.13524      1.13699
      3.08907      4.56135      3.18598      1.37537
      3.09907      5.29556      3.57830      1.71726
      3.10907      5.79363      3.97659      1.81704
      3.11907      5.48271      3.84527      1.63744
      3.12907      5.70519      4.01123      1.69396
      3.13907      5.90119      3.99375      1.90744
      3.14907      5.94436      3.92557      2.01879
      3.15907      5.75134      3.81773      1.93360
      3.16907      5.61538      3.60025      2.01512
      3.17907      5.79778      3.52941      2.26837
      3.18907      5.14773      3.16193      1.98580
      3.19907      4.65399      3.04903      1.60496
      3.20907      4.65385      3.00046      1.65340
      3.21907      3.81345      2.36257      1.45088
      3.22907      2.96074      1.89289      1.06786
      3.23907      3.28102      2.13917      1.14186
      3.24907      4.46377      2.85228      1.61149
      3.25907      5.23277      3.33670      1.89607
      3.26907      5.04020      3.35223      1.68796
      3.27907      4.35070      3.03133      1.31937
      3.28907      3.89049      2.69891      1.19158
      3.29907      3.74672      2.54258      1.20414
      3.30907      3.65500      2.49643      1.15857
      3.31907      3.57513      2.52126      1.05387
      3.32907      3.68197      2.58686      1.09511
      3.33907      3.98955      2.66702      1.32253
      3.34907      4.29658      2.85788      1.43870
      3.35907      4.76253      3.44278      1.31975
      3.36907      4.72144      3.58093      1.14050
      3.37907      4.14258      3.02780      1.11478
      3.38907      4.35272      3.03906      1.31366
      3.39907      5.14095      3.58523      1.55571
      3.40907      5.26215      3.76076      1.50139
      3.41907      4.92733      3.57989      1.34744
      3.42907      4.26154      3.01374      1.24780
      3.43907      3.57216      2.46433      1.10783
      3.44907      3.50268      2.40923      1.09345
      3.45907      3.62310      2.44792      1.17518
      3.46907      3.82260      2.44899      1.37360
      3.47907      4.45263      2.72116      1.73147
      3.48907      4.97816      3.14320      1.83495
      3.49907      5.08373      3.33815      1.74558
      3.50907      4.23722      2.67407      1.56315
      3.51907      3.15512      1.88493      1.27019
      3.52907      3.02773      1.77027      1.25747
      3.53907      3.71478      2.14663      1.56815
      3.54907      4.28408      2.55417      1.72991
      3.55907      4.65621      2.79996      1.85626
      3.56907      4.48071      2.61876      1.86194
      3.57907      4.39933      2.50306      1.89627
      3.58907      4.63226      2.65884      1.97342
      3.59907      4.10164      2.36488      1.73676
      3.60907      3.18917      1.87289      1.31628
      3.61907      3.43545      2.07637      1.35907
      3.62907      4.42655      2.67884      1.74771
      3.63907      4.21327      2.49469      1.71858
      3.64907      3.08631      1.73948      1.34683
      3.65907      2.25833      1.26028      0.99805
      3.66907      2.02573      1.16886      0.85687
      3.67907      1.99402      1.14116      0.85286
      3.68907      2.39092      1.35700      1.03391
      3.69907      2.81178      1.63652      1.17526
      3.70907      2.95368      1.70290      1.25078
      3.71907      3.31968      1.85220      1.46748
      3.72907      3.02159      1.68226      1.33933
      3.73907      2.26768      1.29881      0.96888
      3.74907      2.32873      1.34227      0.98646
      3.75907      2.76677      1.51717      1.24961
      3.76907      2.60796      1.42853      1.17943
      3.77907      2.19255      1.28104      0.91151
      3.78907      2.11437      1.25487      0.85951
      3.79907      2.03995      1.17280      0.86714
      3.80907      2.02344      1.12890      0.89455
      3.81907      1.75132      0.94475      0.80657
      3.82907      1.56223      0.84017      0.72206
      3.83907      1.98705      1.10128      0.88577
      3.84907      2.17206      1.20731      0.96475
      3.85907      1.95937      1.08284      0.87653
      3.86907      1.97161      1.08211      0.88950
      3.87907      2.18777      1.17863      1.00913
      3.88907      2.41475      1.29960      1.11515
      3.89907      2.14647      1.16808      0.97839
      3.90907      2.09082      1.15491      0.93591
      3.91907      2.23958      1.25079      0.98879
      3.92907      2.22157      1.17535      1.04622
      3.93907      2.05017      1.02015      1.03001
      3.94907      1.72646      0.87982      0.84663
      3.95907      1.59184      0.88024      0.71159
      3.96907      1.50264      0.83618      0.66646
      3.97907      1.52707      0.82080      0.70627
      3.98907      1.70949      0.91805      0.79145
      3.99907      1.63982      0.88852      0.75130
      4.00907      1.48301      0.79112      0.69188
      4.01907      1.61883      0.83128      0.78755
      4.02907      1.64679      0.82273      0.82406
      4.03907      1.66831      0.82611      0.84219
      4.04907      1.76437      0.87148      0.89290
      4.05907      1.76764      0.85662      0.91103
      4.06907      1.72193      0.81377      0.90817
      4.07907      1.30507      0.60866      0.69641
      4.08907      1.12613      0.52928      0.59684
      4.09907      1.23081      0.58650      0.64431
      4.10907      1.44991      0.69850      0.75140
      4.11907      1.57755      0.76652      0.81103
      4.12907      1.36413      0.66106      0.70307
      4.13907      1.32834      0.63230      0.69604
      4.14907      1.82880      0.86364      0.96516
      4.15907      1.89433      0.89772      0.99661
      4.16907      1.62953      0.78098      0.84855
      4.17907      1.60471      0.77365      0.83106
      4.18907      1.59818      0.76756      0.83062
      4.19907      1.69491      0.81367      0.88125
      4.20907      1.68880      0.80860      0.88021
      4.21907      1.64933      0.77991      0.86941
      4.22907      1.92256      0.89840      1.02416
      4.23907      2.37226      1.11108      1.26119
      4.24907      2.34673      1.11067      1.23606
      4.25907      1.87885      0.89575      0.98310
      4.26907      1.48189      0.70644      0.77546
      4.27907      0.99584      0.47249      0.52334
      4.28907      0.47374      0.22537      0.24837
      4.29907      0.53615      0.25727      0.27889
      4.30907      1.11560      0.53036      0.58524
      4.31907      1.49395      0.70691      0.78704
      4.32907      1.19413      0.56910      0.62503
      4.33907      0.88785      0.42989      0.45796
      4.34907      0.93198      0.45175      0.48023
      4.35907      0.78279      0.37886      0.40393
      4.36907      0.62470      0.30453      0.32017
      4.37907      0.79279      0.38478      0.40801
      4.38907      1.37567      0.65066      0.72502
      4.39907      1.83478      0.85550      0.97928
      4.40907      1.28101      0.59463      0.68638
      4.41907      0.63137      0.29333      0.33804
      4.42907      0.47175      0.22311      0.24864
      4.43907      0.35209      0.17065      0.18144
      4.44907      0.28962      0.13852      0.15110
      4.45907      0.52828      0.24661      0.28167
      4.46907      0.90800      0.42374      0.48426
      4.47907      0.84916      0.39664      0.45251
      4.48907      0.53195      0.24776      0.28420
      4.49907      0.34696      0.16080      0.18616
      4.50907      0.17323      0.07944      0.09380
      4.51907      0.24407      0.11031      0.13377
      4.52907      0.85696      0.39573      0.46123
      4.53907      1.92376      0.89901      1.02475
      4.54907      2.29325      1.07571      1.21754
      4.55907      1.45792      0.68378      0.77414
      4.56907      0.61512      0.28761      0.32751
      4.57907      0.49026      0.22909      0.26117
      4.58907      0.78479      0.36693      0.41786
      4.59907      1.08851      0.50789      0.58062
      4.60907      1.32842      0.61868      0.70974
      4.61907      1.45589      0.67850      0.77739
      4.62907      1.42597      0.66527      0.76070
      4.63907      1.19705      0.55814      0.63891
      4.64907      1.30961      0.60778      0.70183
      4.65907      1.80314      0.84186      0.96128
      4.66907      1.98375      0.93370      1.05004
      4.67907      2.12167      1.00080      1.12088
      4.68907      2.02115      0.95386      1.06729
      4.69907      1.79400      0.85290      0.94110
      4.70907      1.92517      0.92133      1.00383
      4.71907      2.04961      0.98009      1.06952
      4.72907      2.07016      0.98605      1.08411
      4.73907      2.23025      1.05897      1.17128
      4.74907      2.50682      1.18874      1.31807
      4.75907      2.45913      1.16321      1.29592
      4.76907      2.70265      1.28278      1.41986
      4.77907      3.34430      1.59568      1.74862
      4.78907      3.35032      1.60330      1.74702
      4.79907      3.14276      1.50996      1.63279
      4.80907      3.71365      1.78142      1.93223
      4.81907      4.10016      1.95605      2.14412
      4.82907      5.14631      2.43886      2.70746
      4.83907      6.45544      3.05669      3.39874
      4.84907      6.20869      2.94863      3.26006
      4.85907      5.51798      2.62382      2.89416
      4.86907      4.43536      2.09998      2.33538
      4.87907      3.68965      1.74846      1.94119
      4.88907      4.02177      1.93624      2.08553
      4.89907      4.45010      2.17165      2.27845
      4.90907      4.33067      2.11775      2.21292
      4.91907      3.67792      1.77722      1.90070
      4.92907      3.54740      1.68445      1.86295
      4.93907      3.55697      1.70334      1.85363
      4.94907      3.38460      1.64823      1.73638
      4.95907      3.18701      1.57061      1.61640
      4.96907      2.60388      1.29406      1.30981
      4.97907      2.33090      1.15031      1.18058
      4.98907      2.56643      1.24640      1.32003
      4.99907      2.38795      1.14802      1.23993
      5.00907      1.58606      0.76675      0.81932
      5.01907      1.30294      0.62916      0.67377
      5.02907      1.65153      0.78299      0.86854
      5.03907      1.68964      0.82575      0.86389
      5.04907      1.79100      0.94943      0.84156
      5.05907      2.25319      1.23984      1.01335
      5.06907      2.14375      1.16052      0.98324
      5.07907      1.63881      0.79722      0.84159
      5.08907      1.43830      0.63084      0.80746
      5.09907      1.18366      0.54746      0.63620
      5.10907      0.77698      0.39775      0.37923
      5.11907      0.66018      0.36610      0.29409
      5.12907      0.88979      0.50359      0.38620
      5.13907      1.12183      0.63716      0.48468
      5.14907      1.15566      0.64525      0.51041
      5.15907      0.99665      0.50617      0.49048
      5.16907      1.14326      0.53142      0.61184
      5.17907      1.43131      0.68139      0.74992
      5.18907      1.64997      0.78518      0.86479
      5.19907      1.79855      0.85815      0.94040
      5.20907      1.83985      0.93018      0.90967
      5.21907      1.81411      0.92000      0.89411
      5.22907      1.36869      0.67790      0.69079
      5.23907      0.70167      0.36900      0.33266
      5.24907      0.65603      0.36750      0.28853
      5.25907      0.94220      0.48796      0.45423
      5.26907      1.02584      0.47979      0.54605
      5.27907      1.00288      0.48220      0.52068
      5.28907      0.79613      0.42772      0.36841
      5.29907      0.66536      0.38690      0.27846
      5.30907      0.85412      0.47977      0.37435
      5.31907      1.38976      0.69166      0.69810
      5.32907      2.11955      1.00994      1.10961
      5.33907      1.78630      0.86774      0.91856
      5.34907      0.85865      0.44811      0.41054
      5.35907      0.54338      0.32002      0.22336
      5.36907      0.71516      0.42170      0.29346
      5.37907      1.08239      0.57492      0.50748
      5.38907      1.20855      0.57563      0.63292
      5.39907      1.04354      0.51025      0.53329
      5.40907      0.90405      0.47107      0.43298
      5.41907      0.79392      0.41528      0.37864
      5.42907      0.60577      0.32968      0.27609
      5.43907      0.38999      0.22202      0.16797
      5.44907      0.46698      0.23269      0.23429
      5.45907      0.99311      0.44054      0.55257
      5.46907      1.25080      0.51223      0.73857
      5.47907      0.93358      0.34261      0.59097
      5.48907      0.64781      0.22084      0.42697
      5.49907      0.67656      0.22611      0.45045
      5.50907      0.96925      0.31917      0.65008
      5.51907      1.04507      0.34961      0.69546
      5.52907      0.66168      0.22775      0.43393
      5.53907      0.28559      0.09840      0.18719
      5.54907      0.24518      0.07732      0.16786
      5.55907      0.38093      0.12531      0.25562
      5.56907      0.50182      0.20879      0.29303
      5.57907      0.63839      0.32185      0.31654
      5.58907      0.45313      0.24855      0.20458
      5.59907      0.27193      0.13401      0.13792
      5.60907      0.63692      0.27246      0.36446
      5.61907      1.18060      0.49267      0.68793
      5.62907      1.21170      0.47017      0.74153
      5.63907      0.84200      0.29535      0.54665
      5.64907      0.46502      0.15001      0.31501
      5.65907      0.18272      0.05747      0.12525
      5.66907      0.15865      0.05849      0.10016
      5.67907      0.51593      0.20036      0.31557
      5.68907      0.78750      0.31010      0.47740
      5.69907      0.56715      0.22225      0.34490
      5.70907      0.44880      0.17358      0.27522
      5.71907      0.52698      0.21668      0.31030
      5.72907      0.53616      0.22220      0.31396
      5.73907      0.31150      0.12135      0.19015
      5.74907      0.17018      0.05729      0.11289
      5.75907      0.55143      0.17537      0.37606
      5.76907      1.33052      0.43593      0.89460
      5.77907      1.68180      0.60043      1.08138
      5.78907      1.48022      0.58830      0.89193
      5.79907      0.97096      0.38868      0.58227
      5.80907      0.69227      0.23954      0.45272
      5.81907      0.64293      0.20546      0.43748
      5.82907      0.36876      0.11831      0.25046
      5.83907      0.35273      0.11470      0.23803
      5.84907      0.64225      0.20242      0.43983
      5.85907      0.72697      0.22209      0.50488
      5.86907      0.55867      0.18988      0.36880
      5.87907      0.57358      0.26546      0.30812
      5.88907      0.78120      0.37113      0.41007
      5.89907      0.91290      0.38846      0.52443
      5.90907      1.19077      0.49363      0.69714
      5.91907      1.36149      0.53067      0.83082
      5.92907      1.03332      0.36233      0.67100
      5.93907      0.43682      0.14599      0.29082
      5.94907      0.39050      0.14198      0.24851
      5.95907      0.98518      0.38096      0.60423
      5.96907      1.29667      0.51152      0.78516
      5.97907      0.86188      0.33128      0.53060
      5.98907      0.32273      0.11756      0.20518
      5.99907      0.07484      0.02604      0.04880
      6.00907      0.11898      0.03928      0.07970
      6.01907      0.45869      0.15192      0.30677
      6.02907      0.88765      0.30727      0.58038
      6.03907      0.93441      0.36872      0.56570
      6.04907      0.92663      0.41247      0.51416
      6.05907      1.36347      0.53507      0.82841
      6.06907      1.56391      0.52283      1.04107
      6.07907      1.26935      0.38942      0.87993
      6.08907      1.19466      0.36619      0.82848
      6.09907      1.38165      0.43231      0.94934
      6.10907      1.26049      0.39531      0.86518
      6.11907      0.81025      0.25698      0.55327
      6.12907      0.57443      0.21123      0.36319
      6.13907      0.71661      0.31523      0.40138
      6.14907      0.80525      0.34572      0.45953
      6.15907      0.93415      0.31937      0.61478
      6.16907      1.41596      0.42662      0.98934
      6.17907      1.77679      0.53920      1.23760
      6.18907      1.62837      0.52109      1.10728
      6.19907      1.36780      0.49781      0.86999
      6.20907      1.28730      0.52650      0.76081
      6.21907      1.32509      0.54775      0.77735
      6.22907      1.23735      0.49801      0.73934
      6.23907      0.88032      0.33759      0.54273
      6.24907      0.73274      0.30218      0.43055
      6.25907      0.72724      0.33650      0.39074
      6.26907      0.69333      0.28524      0.40809
      6.27907      0.85529      0.28313      0.57216
      6.28907      1.02784      0.33075      0.69710
      6.29907      0.99230      0.36206      0.63024
      6.30907      1.04135      0.43328      0.60807
      6.31907      0.89447      0.36321      0.53127
      6.32907      0.71206      0.24518      0.46689
      6.33907      0.73000      0.23117      0.49882
      6.34907      0.64997      0.20879      0.44118
      6.35907      0.62631      0.23233      0.39397
      6.36907      0.93602      0.38981      0.54621
      6.37907      1.14405      0.49679      0.64726
      6.38907      0.95256      0.44363      0.50893
      6.39907      0.57887      0.27666      0.30220
      6.40907      0.45576      0.17393      0.28183
      6.41907      0.62962      0.20161      0.42801
      6.42907      0.70933      0.21683      0.49249
      6.43907      0.65630      0.20174      0.45456
      6.44907      0.73715      0.25696      0.48020
      6.45907      0.96667      0.39411      0.57256
      6.46907      0.91387      0.39093      0.52294
      6.47907      0.58158      0.22523      0.35635
      6.48907      0.36312      0.11853      0.24460
      6.49907      0.48446      0.15997      0.32449
      6.50907      0.81630      0.32865      0.48765
      6.51907      1.19259      0.56610      0.62649
      6.52907      1.25543      0.62458      0.63085
      6.53907      0.95622      0.48016      0.47606
      6.54907      0.84419      0.38880      0.45538
      6.55907      0.89157      0.38720      0.50437
      6.56907      0.75909      0.33592      0.42317
      6.57907      0.65062      0.25699      0.39364
      6.58907      0.79449      0.31010      0.48440
      6.59907      0.84063      0.36124      0.47939
      6.60907      0.65745      0.27388      0.38357
      6.61907      0.47651      0.17107      0.30544
      6.62907      0.39695      0.13415      0.26281
      6.63907      0.36544      0.13799      0.22745
      6.64907      0.56686      0.22634      0.34052
      6.65907      0.80943      0.33476      0.47467
      6.66907      0.99954      0.48042      0.51912
      6.67907      1.25563      0.59270      0.66293
      6.68907      1.60620      0.62222      0.98399
      6.69907      1.88519      0.68723      1.19796
      6.70907      1.67467      0.63823      1.03644
      6.71907      1.03029      0.39507      0.63521
      6.72907      0.62256      0.21813      0.40443
      6.73907      0.45258      0.14447      0.30811
      6.74907      0.27625      0.08815      0.18810
      6.75907      0.19757      0.06972      0.12784
      6.76907      0.20690      0.09113      0.11577
      6.77907      0.58648      0.31788      0.26860
      6.78907      1.65898      0.88526      0.77371
      6.79907      2.32644      1.19694      1.12950
      6.80907      1.75946      0.86176      0.89770
      6.81907      1.03697      0.46219      0.57479
      6.82907      0.60250      0.25444      0.34806
      6.83907      0.39468      0.16275      0.23193
      6.84907      0.71951      0.29131      0.42820
      6.85907      1.27506      0.50955      0.76551
      6.86907      1.51452      0.60835      0.90617
      6.87907      1.49558      0.61733      0.87825
      6.88907      1.47402      0.61163      0.86239
      6.89907      1.74082      0.72599      1.01482
      6.90907      1.70193      0.73993      0.96200
      6.91907      1.25998      0.59999      0.65999
      6.92907      1.12185      0.51664      0.60521
      6.93907      1.39189      0.58513      0.80676
      6.94907      1.47233      0.63633      0.83601
      6.95907      0.99439      0.43767      0.55671
      6.96907      0.88420      0.38731      0.49689
      6.97907      1.35199      0.60020      0.75179
      6.98907      1.44599      0.62947      0.81653
      6.99907      1.08952      0.46566      0.62386
      7.00907      1.07624      0.47556      0.60068
      7.01907      1.32318      0.56350      0.75968
      7.02907      1.17302      0.48671      0.68631
      7.03907      0.83978      0.38906      0.45072
      7.04907      0.83375      0.39979      0.43396
      7.05907      1.16468      0.49641      0.66826
      7.06907      1.34093      0.55048      0.79045
      7.07907      1.18883      0.51611      0.67272
      7.08907      0.78985      0.36895      0.42090
      7.09907      0.31783      0.15767      0.16016
      7.10907      0.08342      0.04061      0.04281
      7.11907      0.17745      0.07140      0.10605
      7.12907      0.57258      0.22710      0.34548
      7.13907      0.92353      0.36888      0.55465
      7.14907      0.98090      0.40095      0.57996
      7.15907      1.26247      0.54182      0.72065
      7.16907      1.58405      0.68238      0.90167
      7.17907      1.19433      0.48813      0.70620
