Energy-E_F (eV)    DOS (1/eV)    PDOS (1/eV)  of atom type W  Se 
     -5.36056      2.78447      0.77538      2.00909
     -5.35056      2.63539      0.74355      1.89184
     -5.34056      2.58390      0.78915      1.79475
     -5.33056      2.76125      0.85219      1.90906
     -5.32056      2.05681      0.61670      1.44011
     -5.31056      1.18782      0.35059      0.83724
     -5.30056      1.40797      0.40480      1.00317
     -5.29056      2.14187      0.58194      1.55993
     -5.28056      2.20298      0.60205      1.60094
     -5.27056      1.49743      0.43933      1.05810
     -5.26056      1.04127      0.30866      0.73261
     -5.25056      1.11388      0.29636      0.81751
     -5.24056      0.98280      0.24922      0.73358
     -5.23056      0.61186      0.16119      0.45066
     -5.22056      0.83789      0.22439      0.61350
     -5.21056      1.46637      0.36746      1.09892
     -5.20056      1.70195      0.41367      1.28828
     -5.19056      1.19207      0.31126      0.88081
     -5.18056      0.83741      0.25096      0.58644
     -5.17056      0.95810      0.28007      0.67804
     -5.16056      1.10164      0.28896      0.81268
     -5.15056      0.93270      0.23617      0.69654
     -5.14056      0.48742      0.12796      0.35946
     -5.13056      0.34515      0.09074      0.25440
     -5.12056      0.76545      0.18838      0.57707
     -5.11056      1.42005      0.33898      1.08107
     -5.10056      1.44952      0.35671      1.09280
     -5.09056      0.89777      0.24222      0.65555
     -5.08056      0.61917      0.17988      0.43929
     -5.07056      0.50387      0.13954      0.36433
     -5.06056      0.65184      0.15975      0.49209
     -5.05056      0.83996      0.20841      0.63155
     -5.04056      0.57846      0.15310      0.42537
     -5.03056      0.32120      0.09036      0.23084
     -5.02056      0.62443      0.17242      0.45201
     -5.01056      1.31822      0.34367      0.97455
     -5.00056      1.73856      0.43835      1.30021
     -4.99056      1.36691      0.35977      1.00715
     -4.98056      0.72202      0.21011      0.51190
     -4.97056      0.31442      0.09620      0.21822
     -4.96056      0.27379      0.07230      0.20149
     -4.95056      0.65534      0.16242      0.49292
     -4.94056      0.91902      0.23184      0.68718
     -4.93056      0.93890      0.24907      0.68983
     -4.92056      1.23614      0.32797      0.90817
     -4.91056      2.11840      0.54444      1.57397
     -4.90056      3.86292      0.98086      2.88206
     -4.89056      5.18368      1.31699      3.86669
     -4.88056      4.93419      1.25978      3.67441
     -4.87056      3.55300      0.91302      2.63998
     -4.86056      2.25233      0.57955      1.67278
     -4.85056      2.24890      0.57712      1.67178
     -4.84056      2.68116      0.68466      1.99650
     -4.83056      2.79147      0.71795      2.07352
     -4.82056      2.78906      0.73346      2.05560
     -4.81056      2.76287      0.75422      2.00865
     -4.80056      2.40186      0.67491      1.72694
     -4.79056      2.13297      0.59183      1.54113
     -4.78056      2.69211      0.71218      1.97994
     -4.77056      3.29394      0.84775      2.44620
     -4.76056      3.21264      0.82336      2.38927
     -4.75056      2.54087      0.67007      1.87080
     -4.74056      1.88825      0.52735      1.36090
     -4.73056      1.82282      0.48812      1.33470
     -4.72056      2.12451      0.52629      1.59821
     -4.71056      2.38312      0.59404      1.78909
     -4.70056      2.83908      0.75077      2.08831
     -4.69056      3.04707      0.84143      2.20564
     -4.68056      2.57748      0.70489      1.87259
     -4.67056      2.28511      0.60866      1.67645
     -4.66056      2.23175      0.61351      1.61824
     -4.65056      2.70518      0.76558      1.93960
     -4.64056      3.56329      0.99018      2.57311
     -4.63056      3.66925      0.99059      2.67866
     -4.62056      2.73697      0.74150      1.99547
     -4.61056      1.93837      0.55646      1.38191
     -4.60056      2.08945      0.60280      1.48665
     -4.59056      3.23764      0.88843      2.34921
     -4.58056      4.44027      1.24297      3.19730
     -4.57056      4.47762      1.31597      3.16165
     -4.56056      3.61119      1.10243      2.50876
     -4.55056      3.24768      0.99967      2.24801
     -4.54056      3.94495      1.18759      2.75736
     -4.53056      4.25200      1.28387      2.96813
     -4.52056      4.60758      1.45684      3.15074
     -4.51056      5.55956      1.77106      3.78850
     -4.50056      6.24515      1.91975      4.32540
     -4.49056      6.33012      1.88374      4.44638
     -4.48056      5.13035      1.52812      3.60223
     -4.47056      3.56842      1.10836      2.46006
     -4.46056      3.19307      1.02388      2.16919
     -4.45056      3.55212      1.12402      2.42810
     -4.44056      3.92440      1.22783      2.69656
     -4.43056      4.12502      1.27036      2.85465
     -4.42056      4.67772      1.40275      3.27498
     -4.41056      5.55856      1.66272      3.89584
     -4.40056      5.77435      1.76165      4.01270
     -4.39056      5.04355      1.55505      3.48850
     -4.38056      3.49463      1.05616      2.43847
     -4.37056      1.98390      0.57138      1.41252
     -4.36056      1.43007      0.40411      1.02596
     -4.35056      1.53907      0.46788      1.07120
     -4.34056      1.49772      0.50416      0.99357
     -4.33056      0.94681      0.34663      0.60018
     -4.32056      0.66123      0.25987      0.40136
     -4.31056      0.89959      0.34488      0.55471
     -4.30056      1.05968      0.38359      0.67609
     -4.29056      1.00315      0.34728      0.65587
     -4.28056      0.87279      0.27807      0.59472
     -4.27056      0.69440      0.20350      0.49089
     -4.26056      0.33100      0.09664      0.23435
     -4.25056      0.18300      0.06852      0.11448
     -4.24056      0.41523      0.16499      0.25024
     -4.23056      0.84723      0.30790      0.53933
     -4.22056      1.28720      0.42817      0.85903
     -4.21056      1.32464      0.40881      0.91582
     -4.20056      0.93488      0.27306      0.66182
     -4.19056      0.43212      0.12566      0.30646
     -4.18056      0.21788      0.07952      0.13836
     -4.17056      0.48485      0.19597      0.28888
     -4.16056      1.08484      0.39306      0.69177
     -4.15056      1.85172      0.58017      1.27155
     -4.14056      2.34719      0.67178      1.67540
     -4.13056      1.93927      0.52309      1.41618
     -4.12056      1.26517      0.32597      0.93920
     -4.11056      0.86358      0.25268      0.61090
     -4.10056      0.61519      0.20757      0.40762
     -4.09056      0.96466      0.26747      0.69719
     -4.08056      1.91916      0.48072      1.43844
     -4.07056      2.26434      0.57802      1.68631
     -4.06056      1.83178      0.52474      1.30704
     -4.05056      1.37445      0.42798      0.94647
     -4.04056      1.00336      0.30280      0.70056
     -4.03056      0.68692      0.23171      0.45520
     -4.02056      0.74443      0.28408      0.46035
     -4.01056      1.03839      0.36909      0.66930
     -4.00056      1.43784      0.45580      0.98204
     -3.99056      1.32576      0.39748      0.92828
     -3.98056      0.69655      0.20489      0.49166
     -3.97056      0.64124      0.19036      0.45089
     -3.96056      0.98430      0.31047      0.67382
     -3.95056      1.16944      0.36627      0.80318
     -3.94056      1.14329      0.34490      0.79839
     -3.93056      1.04480      0.29833      0.74648
     -3.92056      0.77590      0.20312      0.57278
     -3.91056      0.40486      0.11096      0.29390
     -3.90056      0.43056      0.17276      0.25780
     -3.89056      0.98237      0.36938      0.61299
     -3.88056      1.70659      0.51191      1.19468
     -3.87056      1.86739      0.47700      1.39039
     -3.86056      1.30271      0.32590      0.97681
     -3.85056      0.99131      0.25724      0.73407
     -3.84056      1.36723      0.34871      1.01852
     -3.83056      2.53874      0.65127      1.88747
     -3.82056      3.78342      0.99823      2.78519
     -3.81056      4.42044      1.14256      3.27788
     -3.80056      4.59324      1.11760      3.47564
     -3.79056      4.71674      1.06093      3.65581
     -3.78056      5.37460      1.07522      4.29938
     -3.77056      5.89662      1.11212      4.78450
     -3.76056      5.17525      1.05998      4.11527
     -3.75056      3.86266      0.89697      2.96570
     -3.74056      2.95868      0.75761      2.20107
     -3.73056      3.18980      0.89606      2.29374
     -3.72056      4.05300      1.17987      2.87313
     -3.71056      3.96983      1.16358      2.80626
     -3.70056      3.28369      0.97359      2.31011
     -3.69056      3.17834      0.96466      2.21368
     -3.68056      2.99696      0.89466      2.10231
     -3.67056      2.63560      0.78406      1.85154
     -3.66056      2.67917      0.82538      1.85379
     -3.65056      2.61129      0.83248      1.77881
     -3.64056      2.16360      0.68445      1.47915
     -3.63056      1.65342      0.51602      1.13741
     -3.62056      1.58851      0.53617      1.05235
     -3.61056      2.35288      0.84393      1.50895
     -3.60056      2.89137      1.03348      1.85789
     -3.59056      2.68898      0.95805      1.73094
     -3.58056      2.94040      1.05225      1.88815
     -3.57056      3.12762      1.08166      2.04596
     -3.56056      2.57150      0.80703      1.76447
     -3.55056      2.41200      0.69714      1.71486
     -3.54056      2.89382      0.89126      2.00256
     -3.53056      3.05148      0.99449      2.05699
     -3.52056      2.54675      0.83144      1.71532
     -3.51056      1.79036      0.56508      1.22527
     -3.50056      1.05717      0.34972      0.70744
     -3.49056      1.29963      0.48042      0.81921
     -3.48056      2.89058      1.06257      1.82802
     -3.47056      3.72277      1.36419      2.35858
     -3.46056      3.07645      1.14411      1.93234
     -3.45056      2.57930      1.00077      1.57854
     -3.44056      2.36398      0.93593      1.42805
     -3.43056      2.50591      0.96962      1.53629
     -3.42056      2.65050      1.00164      1.64886
     -3.41056      1.99607      0.74309      1.25298
     -3.40056      1.37769      0.50965      0.86804
     -3.39056      1.68211      0.60162      1.08048
     -3.38056      2.69294      0.93868      1.75425
     -3.37056      3.13389      1.07510      2.05879
     -3.36056      2.89256      1.00476      1.88780
     -3.35056      2.71789      0.98881      1.72908
     -3.34056      2.61858      1.00123      1.61735
     -3.33056      2.23254      0.91686      1.31568
     -3.32056      1.79084      0.75414      1.03670
     -3.31056      2.07017      0.79566      1.27451
     -3.30056      2.86283      1.05471      1.80813
     -3.29056      2.99993      1.14229      1.85764
     -3.28056      2.79418      1.14781      1.64637
     -3.27056      2.78018      1.18495      1.59523
     -3.26056      2.74088      1.15384      1.58704
     -3.25056      2.49491      1.02581      1.46911
     -3.24056      2.52162      1.02666      1.49496
     -3.23056      2.54693      1.03818      1.50875
     -3.22056      2.38772      0.97074      1.41698
     -3.21056      2.46064      1.00066      1.45998
     -3.20056      2.58702      1.03509      1.55193
     -3.19056      2.39240      0.92488      1.46752
     -3.18056      2.45478      0.91977      1.53501
     -3.17056      2.73510      0.95028      1.78482
     -3.16056      2.66812      0.87467      1.79345
     -3.15056      2.31705      0.78502      1.53203
     -3.14056      2.01979      0.72239      1.29739
     -3.13056      2.01781      0.73525      1.28256
     -3.12056      2.15974      0.80245      1.35729
     -3.11056      2.40385      0.90662      1.49724
     -3.10056      2.36254      0.86195      1.50059
     -3.09056      1.67234      0.57261      1.09973
     -3.08056      0.90736      0.29965      0.60771
     -3.07056      0.82307      0.29677      0.52630
     -3.06056      1.46397      0.54172      0.92225
     -3.05056      2.16791      0.80847      1.35945
     -3.04056      2.22317      0.86762      1.35555
     -3.03056      1.55023      0.63090      0.91933
     -3.02056      1.37969      0.51523      0.86446
     -3.01056      1.82735      0.63809      1.18926
     -3.00056      1.77695      0.61879      1.15816
     -2.99056      1.59256      0.55939      1.03318
     -2.98056      1.55463      0.54647      1.00816
     -2.97056      1.44319      0.47688      0.96632
     -2.96056      1.56266      0.48693      1.07573
     -2.95056      1.71959      0.53649      1.18310
     -2.94056      1.64307      0.57497      1.06809
     -2.93056      1.48694      0.58598      0.90096
     -2.92056      1.21733      0.47809      0.73924
     -2.91056      1.66499      0.60664      1.05835
     -2.90056      2.38561      0.82471      1.56090
     -2.89056      2.24664      0.78002      1.46662
     -2.88056      1.74905      0.62275      1.12630
     -2.87056      1.45043      0.48901      0.96142
     -2.86056      1.18917      0.37392      0.81525
     -2.85056      1.01089      0.31969      0.69120
     -2.84056      0.96093      0.27522      0.68571
     -2.83056      1.07745      0.30093      0.77653
     -2.82056      1.31903      0.40632      0.91270
     -2.81056      1.44569      0.50623      0.93946
     -2.80056      1.38620      0.54585      0.84035
     -2.79056      0.93812      0.37702      0.56110
     -2.78056      0.87361      0.28042      0.59319
     -2.77056      1.52244      0.39952      1.12292
     -2.76056      1.87298      0.52070      1.35228
     -2.75056      1.79392      0.59511      1.19882
     -2.74056      1.95142      0.73859      1.21283
     -2.73056      2.13640      0.81447      1.32193
     -2.72056      2.33619      0.84698      1.48921
     -2.71056      2.47360      0.86725      1.60634
     -2.70056      1.75244      0.58018      1.17225
     -2.69056      1.39582      0.39986      0.99595
     -2.68056      1.65575      0.47027      1.18548
     -2.67056      1.65649      0.52684      1.12965
     -2.66056      1.82806      0.62302      1.20504
     -2.65056      2.38170      0.82897      1.55273
     -2.64056      2.41091      0.85591      1.55500
     -2.63056      1.69364      0.55594      1.13770
     -2.62056      1.69936      0.47165      1.22771
     -2.61056      2.48584      0.69856      1.78728
     -2.60056      2.81919      0.85194      1.96725
     -2.59056      2.53384      0.77546      1.75838
     -2.58056      3.55179      0.98406      2.56773
     -2.57056      6.06464      1.54398      4.52066
     -2.56056      7.15775      1.68554      5.47221
     -2.55056      6.80428      1.49914      5.30514
     -2.54056      6.54533      1.41266      5.13267
     -2.53056      6.22574      1.35199      4.87375
     -2.52056      5.62029      1.24682      4.37347
     -2.51056      4.17638      0.91421      3.26217
     -2.50056      3.35987      0.74615      2.61372
     -2.49056      3.84295      0.98439      2.85856
     -2.48056      4.41210      1.26859      3.14351
     -2.47056      4.17130      1.21101      2.96029
     -2.46056      3.50558      0.96601      2.53957
     -2.45056      2.95992      0.77945      2.18047
     -2.44056      2.68803      0.73157      1.95646
     -2.43056      3.35354      0.96455      2.38898
     -2.42056      4.41461      1.23225      3.18236
     -2.41056      4.41046      1.16032      3.25014
     -2.40056      3.59520      1.00725      2.58795
     -2.39056      3.00911      0.96351      2.04560
     -2.38056      3.85783      1.14511      2.71272
     -2.37056      5.20271      1.43675      3.76596
     -2.36056      4.65080      1.37776      3.27304
     -2.35056      3.71460      1.14547      2.56913
     -2.34056      3.54419      1.01229      2.53190
     -2.33056      3.51019      0.89498      2.61521
     -2.32056      3.25825      0.80032      2.45792
     -2.31056      2.96038      0.89251      2.06786
     -2.30056      3.05854      1.07247      1.98607
     -2.29056      3.48585      1.09667      2.38919
     -2.28056      3.66415      1.01362      2.65053
     -2.27056      2.88441      0.86150      2.02291
     -2.26056      2.11576      0.73422      1.38154
     -2.25056      2.10505      0.70580      1.39924
     -2.24056      2.54034      0.77858      1.76176
     -2.23056      3.28572      0.98599      2.29973
     -2.22056      3.79651      1.11309      2.68343
     -2.21056      3.82892      1.15078      2.67814
     -2.20056      3.77721      1.16691      2.61029
     -2.19056      3.57083      1.12601      2.44483
     -2.18056      3.35761      1.03629      2.32132
     -2.17056      3.32381      0.92207      2.40174
     -2.16056      3.70069      1.06603      2.63465
     -2.15056      3.50904      1.14979      2.35925
     -2.14056      2.74027      0.93111      1.80916
     -2.13056      2.37583      0.80636      1.56947
     -2.12056      2.36665      0.81661      1.55004
     -2.11056      3.24173      1.09188      2.14985
     -2.10056      4.55393      1.50030      3.05363
     -2.09056      4.58491      1.50670      3.07821
     -2.08056      4.21660      1.33020      2.88639
     -2.07056      3.78075      1.13923      2.64153
     -2.06056      2.72731      0.86374      1.86357
     -2.05056      2.45687      0.85034      1.60653
     -2.04056      3.17052      1.06362      2.10690
     -2.03056      3.93949      1.25164      2.68785
     -2.02056      4.01697      1.26327      2.75370
     -2.01056      3.91319      1.21937      2.69382
     -2.00056      3.87101      1.17375      2.69726
     -1.99056      3.48195      1.02292      2.45903
     -1.98056      3.06937      0.91140      2.15798
     -1.97056      3.11608      0.92614      2.18993
     -1.96056      3.11980      0.88521      2.23459
     -1.95056      3.01861      0.79714      2.22147
     -1.94056      2.93596      0.65986      2.27610
     -1.93056      2.27998      0.42307      1.85691
     -1.92056      1.37487      0.31118      1.06369
     -1.91056      1.23990      0.43819      0.80171
     -1.90056      1.67745      0.52374      1.15371
     -1.89056      1.98743      0.46836      1.51908
     -1.88056      2.32810      0.53763      1.79047
     -1.87056      2.50921      0.67790      1.83131
     -1.86056      2.18798      0.62347      1.56451
     -1.85056      2.14907      0.67532      1.47375
     -1.84056      2.53437      0.84749      1.68688
     -1.83056      2.95834      0.89504      2.06330
     -1.82056      3.18098      0.85886      2.32212
     -1.81056      2.79776      0.63855      2.15920
     -1.80056      2.22074      0.42067      1.80006
     -1.79056      1.79318      0.38548      1.40770
     -1.78056      1.47950      0.35202      1.12748
     -1.77056      1.47067      0.33183      1.13884
     -1.76056      1.81860      0.41985      1.39876
     -1.75056      2.24976      0.61496      1.63480
     -1.74056      2.88517      0.86656      2.01861
     -1.73056      3.01324      0.94990      2.06333
     -1.72056      2.23728      0.68358      1.55370
     -1.71056      1.64788      0.38963      1.25825
     -1.70056      1.77531      0.31711      1.45820
     -1.69056      1.99469      0.34537      1.64931
     -1.68056      1.95823      0.44225      1.51598
     -1.67056      2.11253      0.56688      1.54565
     -1.66056      2.25417      0.56991      1.68426
     -1.65056      2.72713      0.71572      2.01141
     -1.64056      3.21608      0.92437      2.29171
     -1.63056      2.65093      0.77118      1.87975
     -1.62056      1.79553      0.46806      1.32747
     -1.61056      1.58831      0.29954      1.28877
     -1.60056      1.83584      0.32145      1.51440
     -1.59056      1.68261      0.34072      1.34190
     -1.58056      1.35825      0.35141      1.00684
     -1.57056      1.47323      0.44794      1.02529
     -1.56056      1.59533      0.47411      1.12122
     -1.55056      1.61843      0.42231      1.19612
     -1.54056      2.01043      0.46981      1.54062
     -1.53056      2.32712      0.54072      1.78640
     -1.52056      2.03456      0.53797      1.49659
     -1.51056      1.70491      0.55772      1.14719
     -1.50056      2.10429      0.72441      1.37987
     -1.49056      2.14709      0.71216      1.43494
     -1.48056      1.60032      0.50267      1.09764
     -1.47056      1.45157      0.44343      1.00814
     -1.46056      1.60532      0.53621      1.06911
     -1.45056      1.57163      0.58880      0.98283
     -1.44056      1.48457      0.57292      0.91164
     -1.43056      1.30547      0.49203      0.81343
     -1.42056      1.30395      0.51661      0.78734
     -1.41056      1.40198      0.59782      0.80416
     -1.40056      1.37500      0.60022      0.77479
     -1.39056      1.20074      0.51095      0.68980
     -1.38056      1.18057      0.49016      0.69040
     -1.37056      1.36040      0.54088      0.81953
     -1.36056      1.48948      0.55228      0.93720
     -1.35056      1.28970      0.44051      0.84919
     -1.34056      0.68770      0.21422      0.47348
     -1.33056      0.27357      0.09832      0.17524
     -1.32056      0.30403      0.14005      0.16398
     -1.31056      0.36644      0.17577      0.19067
     -1.30056      0.33098      0.17774      0.15325
     -1.29056      0.38757      0.19603      0.19154
     -1.28056      0.55097      0.25068      0.30029
     -1.27056      0.86039      0.42118      0.43921
     -1.26056      1.10481      0.60136      0.50345
     -1.25056      1.03498      0.60732      0.42766
     -1.24056      0.91524      0.54993      0.36531
     -1.23056      0.59000      0.34279      0.24721
     -1.22056      0.42343      0.23550      0.18793
     -1.21056      0.67583      0.40396      0.27186
     -1.20056      0.85867      0.54324      0.31544
     -1.19056      0.99751      0.60557      0.39195
     -1.18056      1.05368      0.61886      0.43482
     -1.17056      0.85355      0.51371      0.33984
     -1.16056      0.93755      0.55439      0.38316
     -1.15056      1.00107      0.56957      0.43151
     -1.14056      0.67122      0.37279      0.29843
     -1.13056      0.74315      0.41983      0.32332
     -1.12056      1.29445      0.76814      0.52631
     -1.11056      1.77771      1.08596      0.69174
     -1.10056      2.03825      1.23986      0.79839
     -1.09056      1.83378      1.10204      0.73174
     -1.08056      1.48541      0.86324      0.62218
     -1.07056      1.26203      0.71672      0.54531
     -1.06056      1.27008      0.75668      0.51340
     -1.05056      1.36909      0.85575      0.51334
     -1.04056      1.38463      0.84989      0.53474
     -1.03056      1.28827      0.77853      0.50974
     -1.02056      1.02709      0.64043      0.38665
     -1.01056      1.21962      0.77699      0.44264
     -1.00056      2.13074      1.36260      0.76814
     -0.99056      2.45711      1.58803      0.86907
     -0.98056      2.21890      1.41530      0.80360
     -0.97056      1.97438      1.21649      0.75789
     -0.96056      1.75303      1.11717      0.63586
     -0.95056      1.88811      1.25502      0.63310
     -0.94056      1.82289      1.19758      0.62530
     -0.93056      1.94636      1.26685      0.67952
     -0.92056      2.56925      1.67389      0.89536
     -0.91056      3.02378      1.97635      1.04742
     -0.90056      3.20028      2.08495      1.11533
     -0.89056      3.28752      2.15100      1.13652
     -0.88056      3.24453      2.20663      1.03790
     -0.87056      3.65318      2.57158      1.08160
     -0.86056      4.29299      3.02538      1.26760
     -0.85056      4.22783      2.97108      1.25674
     -0.84056      3.49461      2.45131      1.04330
     -0.83056      3.36813      2.29274      1.07538
     -0.82056      3.59881      2.39116      1.20765
     -0.81056      3.43867      2.33114      1.10753
     -0.80056      3.31471      2.29800      1.01671
     -0.79056      2.65886      1.82159      0.83726
     -0.78056      2.29246      1.54054      0.75193
     -0.77056      2.81473      1.88851      0.92623
     -0.76056      3.17590      2.09164      1.08426
     -0.75056      2.99384      1.93795      1.05589
     -0.74056      2.74413      1.83968      0.90445
     -0.73056      2.47959      1.72298      0.75662
     -0.72056      2.18511      1.50726      0.67785
     -0.71056      2.29809      1.55761      0.74048
     -0.70056      2.67455      1.81060      0.86396
     -0.69056      2.53202      1.70469      0.82733
     -0.68056      2.16975      1.46538      0.70437
     -0.67056      2.06200      1.40947      0.65254
     -0.66056      2.06312      1.41044      0.65268
     -0.65056      2.10832      1.43780      0.67053
     -0.64056      2.44405      1.64582      0.79823
     -0.63056      2.76866      1.86044      0.90822
     -0.62056      2.55888      1.76347      0.79541
     -0.61056      2.05767      1.45863      0.59904
     -0.60056      1.80287      1.26211      0.54076
     -0.59056      1.74428      1.18805      0.55623
     -0.58056      1.87923      1.28068      0.59855
     -0.57056      2.34564      1.62416      0.72148
     -0.56056      2.21494      1.54386      0.67108
     -0.55056      1.83435      1.26861      0.56573
     -0.54056      1.91270      1.30868      0.60402
     -0.53056      2.01297      1.38748      0.62548
     -0.52056      2.24387      1.57380      0.67007
     -0.51056      2.73343      1.93430      0.79913
     -0.50056      2.35434      1.66848      0.68586
     -0.49056      1.68744      1.17929      0.50815
     -0.48056      1.82556      1.25885      0.56671
     -0.47056      1.97269      1.36299      0.60970
     -0.46056      1.99436      1.37984      0.61451
     -0.45056      2.48902      1.72708      0.76193
     -0.44056      2.63886      1.83166      0.80721
     -0.43056      2.08687      1.44278      0.64409
     -0.42056      1.25799      0.87192      0.38607
     -0.41056      0.74374      0.53021      0.21352
     -0.40056      0.89222      0.65126      0.24096
     -0.39056      1.22062      0.89931      0.32131
     -0.38056      1.20952      0.90415      0.30537
     -0.37056      0.82319      0.61991      0.20328
     -0.36056      0.54564      0.40278      0.14286
     -0.35056      0.56261      0.40938      0.15323
     -0.34056      0.68830      0.50520      0.18309
     -0.33056      0.66131      0.49026      0.17104
     -0.32056      0.59628      0.44622      0.15006
     -0.31056      0.58645      0.44447      0.14198
     -0.30056      0.53532      0.40709      0.12823
     -0.29056      0.53639      0.40388      0.13251
     -0.28056      0.43358      0.32553      0.10805
     -0.27056      0.44222      0.33579      0.10643
     -0.26056      0.73489      0.56074      0.17415
     -0.25056      0.97492      0.74598      0.22894
     -0.24056      0.98524      0.75566      0.22958
     -0.23056      0.61278      0.46994      0.14285
     -0.22056      0.18348      0.14067      0.04281
     -0.21056      0.11455      0.08834      0.02621
     -0.20056      0.39343      0.30349      0.08993
     -0.19056      0.63187      0.48705      0.14482
     -0.18056      0.46219      0.35699      0.10520
     -0.17056      0.31782      0.24727      0.07055
     -0.16056      0.36721      0.28561      0.08160
     -0.15056      0.39384      0.30570      0.08814
     -0.14056      0.46021      0.35759      0.10262
     -0.13056      0.65554      0.51090      0.14464
     -0.12056      0.64844      0.50734      0.14110
     -0.11056      0.44031      0.34570      0.09460
     -0.10056      0.20039      0.15750      0.04289
     -0.09056      0.16438      0.12898      0.03540
     -0.08056      0.32493      0.25525      0.06968
     -0.07056      0.41411      0.32587      0.08824
     -0.06056      0.34335      0.27051      0.07284
     -0.05056      0.35516      0.28003      0.07513
     -0.04056      0.38107      0.30076      0.08032
     -0.03056      0.37887      0.29952      0.07934
     -0.02056      0.31679      0.25069      0.06611
     -0.01056      0.21797      0.17266      0.04531
     -0.00056      0.15839      0.12555      0.03284
      0.00944      0.06350      0.05035      0.01316
      0.01944      0.00995      0.00789      0.00206
      0.02944      0.00058      0.00046      0.00012
      0.03944      0.00001      0.00001      0.00000
      0.04944      0.00000      0.00000      0.00000
      0.05944      0.00000      0.00000      0.00000
      0.06944      0.00000      0.00000      0.00000
      0.07944      0.00000      0.00000      0.00000
      0.08944      0.00000      0.00000      0.00000
      0.09944      0.00000      0.00000      0.00000
      0.10944      0.00000      0.00000      0.00000
      0.11944      0.00000      0.00000      0.00000
      0.12944      0.00000      0.00000      0.00000
      0.13944      0.00000      0.00000      0.00000
      0.14944      0.00000      0.00000      0.00000
      0.15944      0.00000      0.00000      0.00000
      0.16944      0.00000      0.00000      0.00000
      0.17944      0.00000      0.00000      0.00000
      0.18944      0.00000      0.00000      0.00000
      0.19944      0.00000      0.00000      0.00000
      0.20944      0.00000      0.00000      0.00000
      0.21944      0.00000      0.00000      0.00000
      0.22944      0.00000      0.00000      0.00000
      0.23944      0.00000      0.00000      0.00000
      0.24944      0.00000      0.00000      0.00000
      0.25944      0.00000      0.00000      0.00000
      0.26944      0.00000      0.00000      0.00000
      0.27944      0.00000      0.00000      0.00000
      0.28944      0.00000      0.00000      0.00000
      0.29944      0.00000      0.00000      0.00000
      0.30944      0.00000      0.00000      0.00000
      0.31944      0.00000      0.00000      0.00000
      0.32944      0.00000      0.00000      0.00000
      0.33944      0.00000      0.00000      0.00000
      0.34944      0.00000      0.00000      0.00000
      0.35944      0.00000      0.00000      0.00000
      0.36944      0.00000      0.00000      0.00000
      0.37944      0.00000      0.00000      0.00000
      0.38944      0.00000      0.00000      0.00000
      0.39944      0.00000      0.00000      0.00000
      0.40944      0.00000      0.00000      0.00000
      0.41944      0.00000      0.00000      0.00000
      0.42944      0.00000      0.00000      0.00000
      0.43944      0.00000      0.00000      0.00000
      0.44944      0.00000      0.00000      0.00000
      0.45944      0.00000      0.00000      0.00000
      0.46944      0.00000      0.00000      0.00000
      0.47944      0.00000      0.00000      0.00000
      0.48944      0.00000      0.00000      0.00000
      0.49944      0.00000      0.00000      0.00000
      0.50944      0.00000      0.00000      0.00000
      0.51944      0.00000      0.00000      0.00000
      0.52944      0.00000      0.00000      0.00000
      0.53944      0.00000      0.00000      0.00000
      0.54944      0.00000      0.00000      0.00000
      0.55944      0.00000      0.00000      0.00000
      0.56944      0.00000      0.00000      0.00000
      0.57944      0.00000      0.00000      0.00000
      0.58944      0.00000      0.00000      0.00000
      0.59944      0.00000      0.00000      0.00000
      0.60944      0.00000      0.00000      0.00000
      0.61944      0.00000      0.00000      0.00000
      0.62944      0.00000      0.00000      0.00000
      0.63944      0.00000      0.00000      0.00000
      0.64944      0.00000      0.00000      0.00000
      0.65944      0.00000      0.00000      0.00000
      0.66944      0.00000      0.00000      0.00000
      0.67944      0.00000      0.00000      0.00000
      0.68944      0.00000      0.00000      0.00000
      0.69944      0.00000      0.00000      0.00000
      0.70944      0.00000      0.00000      0.00000
      0.71944      0.00000      0.00000      0.00000
      0.72944      0.00000      0.00000      0.00000
      0.73944      0.00000      0.00000      0.00000
      0.74944      0.00000      0.00000      0.00000
      0.75944      0.00000      0.00000      0.00000
      0.76944      0.00000      0.00000      0.00000
      0.77944      0.00000      0.00000      0.00000
      0.78944      0.00000      0.00000      0.00000
      0.79944      0.00000      0.00000      0.00000
      0.80944      0.00000      0.00000      0.00000
      0.81944      0.00000      0.00000      0.00000
      0.82944      0.00000      0.00000      0.00000
      0.83944      0.00000      0.00000      0.00000
      0.84944      0.00000      0.00000      0.00000
      0.85944      0.00000      0.00000      0.00000
      0.86944      0.00000      0.00000      0.00000
      0.87944      0.00000      0.00000      0.00000
      0.88944      0.00000      0.00000      0.00000
      0.89944      0.00000      0.00000      0.00000
      0.90944      0.00000      0.00000      0.00000
      0.91944      0.00000      0.00000      0.00000
      0.92944      0.00000      0.00000      0.00000
      0.93944      0.00000      0.00000      0.00000
      0.94944      0.00000      0.00000      0.00000
      0.95944      0.00000      0.00000      0.00000
      0.96944      0.00000      0.00000      0.00000
      0.97944      0.00000      0.00000      0.00000
      0.98944      0.00000      0.00000      0.00000
      0.99944      0.00000      0.00000      0.00000
      1.00944      0.00000      0.00000      0.00000
      1.01944      0.00000      0.00000      0.00000
      1.02944      0.00000      0.00000      0.00000
      1.03944      0.00000      0.00000      0.00000
      1.04944      0.00000      0.00000      0.00000
      1.05944      0.00000      0.00000      0.00000
      1.06944      0.00000      0.00000      0.00000
      1.07944      0.00000      0.00000      0.00000
      1.08944      0.00000      0.00000      0.00000
      1.09944      0.00000      0.00000      0.00000
      1.10944      0.00000      0.00000      0.00000
      1.11944      0.00000      0.00000      0.00000
      1.12944      0.00000      0.00000      0.00000
      1.13944      0.00000      0.00000      0.00000
      1.14944      0.00000      0.00000      0.00000
      1.15944      0.00000      0.00000      0.00000
      1.16944      0.00000      0.00000      0.00000
      1.17944      0.00000      0.00000      0.00000
      1.18944      0.00000      0.00000      0.00000
      1.19944      0.00000      0.00000      0.00000
      1.20944      0.00000      0.00000      0.00000
      1.21944      0.00000      0.00000      0.00000
      1.22944      0.00000      0.00000      0.00000
      1.23944      0.00000      0.00000      0.00000
      1.24944      0.00000      0.00000      0.00000
      1.25944      0.00000      0.00000      0.00000
      1.26944      0.00000      0.00000      0.00000
      1.27944      0.00000      0.00000      0.00000
      1.28944      0.00000      0.00000      0.00000
      1.29944      0.00000      0.00000      0.00000
      1.30944      0.00000      0.00000      0.00000
      1.31944      0.00000      0.00000      0.00000
      1.32944      0.00000      0.00000      0.00000
      1.33944      0.00000      0.00000      0.00000
      1.34944      0.00000      0.00000      0.00000
      1.35944      0.00000      0.00000      0.00000
      1.36944      0.00000      0.00000      0.00000
      1.37944      0.00000      0.00000      0.00000
      1.38944      0.00000      0.00000      0.00000
      1.39944      0.00000      0.00000      0.00000
      1.40944      0.00000      0.00000      0.00000
      1.41944      0.00000      0.00000      0.00000
      1.42944      0.00000      0.00000      0.00000
      1.43944      0.00000      0.00000      0.00000
      1.44944      0.00000      0.00000      0.00000
      1.45944      0.00000      0.00000      0.00000
      1.46944      0.00000      0.00000      0.00000
      1.47944      0.00000      0.00000      0.00000
      1.48944      0.00000      0.00000      0.00000
      1.49944      0.00000      0.00000      0.00000
      1.50944      0.00000      0.00000      0.00000
      1.51944      0.00000      0.00000      0.00000
      1.52944      0.00000      0.00000      0.00000
      1.53944      0.00000      0.00000      0.00000
      1.54944      0.00000      0.00000      0.00000
      1.55944      0.00000      0.00000      0.00000
      1.56944      0.00000      0.00000      0.00000
      1.57944      0.00000      0.00000      0.00000
      1.58944      0.00000      0.00000      0.00000
      1.59944      0.00000      0.00000      0.00000
      1.60944      0.00000      0.00000      0.00000
      1.61944      0.00000      0.00000      0.00000
      1.62944      0.00000      0.00000      0.00000
      1.63944      0.00000      0.00000      0.00000
      1.64944      0.00000      0.00000      0.00000
      1.65944      0.00000      0.00000      0.00000
      1.66944      0.00000      0.00000      0.00000
      1.67944      0.00000      0.00000      0.00000
      1.68944      0.00000      0.00000      0.00000
      1.69944      0.00000      0.00000      0.00000
      1.70944      0.00000      0.00000      0.00000
      1.71944      0.00000      0.00000      0.00000
      1.72944      0.00000      0.00000      0.00000
      1.73944      0.00000      0.00000      0.00000
      1.74944      0.00000      0.00000      0.00000
      1.75944      0.00000      0.00000      0.00000
      1.76944      0.00000      0.00000      0.00000
      1.77944      0.00000      0.00000      0.00000
      1.78944      0.00000      0.00000      0.00000
      1.79944      0.00000      0.00000      0.00000
      1.80944      0.00000      0.00000      0.00000
      1.81944      0.00000      0.00000      0.00000
      1.82944      0.00000      0.00000      0.00000
      1.83944      0.00000      0.00000      0.00000
      1.84944      0.00000      0.00000      0.00000
      1.85944      0.00000      0.00000      0.00000
      1.86944      0.00000      0.00000      0.00000
      1.87944      0.00000      0.00000      0.00000
      1.88944      0.00000      0.00000      0.00000
      1.89944      0.00000      0.00000      0.00000
      1.90944      0.00000      0.00000      0.00000
      1.91944      0.00000      0.00000      0.00000
      1.92944      0.00000      0.00000      0.00000
      1.93944      0.00000      0.00000      0.00000
      1.94944      0.00000      0.00000      0.00000
      1.95944      0.00000      0.00000      0.00000
      1.96944      0.00000      0.00000      0.00000
      1.97944      0.00000      0.00000      0.00000
      1.98944      0.00000      0.00000      0.00000
      1.99944      0.00000      0.00000      0.00000
      2.00944      0.00000      0.00000      0.00000
      2.01944      0.00000      0.00000      0.00000
      2.02944      0.00000      0.00000      0.00000
      2.03944      0.00000      0.00000      0.00000
      2.04944      0.00000      0.00000      0.00000
      2.05944      0.00000      0.00000      0.00000
      2.06944      0.00000      0.00000      0.00000
      2.07944      0.00000      0.00000      0.00000
      2.08944      0.00000      0.00000      0.00000
      2.09944      0.00000      0.00000      0.00000
      2.10944      0.00000      0.00000      0.00000
      2.11944      0.00000      0.00000      0.00000
      2.12944      0.00000      0.00000      0.00000
      2.13944      0.00000      0.00000      0.00000
      2.14944      0.00000      0.00000      0.00000
      2.15944      0.00000      0.00000      0.00000
      2.16944      0.00000      0.00000      0.00000
      2.17944      0.00010      0.00009      0.00001
      2.18944      0.00272      0.00244      0.00028
      2.19944      0.02840      0.02545      0.00295
      2.20944      0.10978      0.09836      0.01142
      2.21944      0.16899      0.15138      0.01761
      2.22944      0.18711      0.16744      0.01967
      2.23944      0.30187      0.26993      0.03194
      2.24944      0.33542      0.29988      0.03554
      2.25944      0.32810      0.29329      0.03481
      2.26944      0.34267      0.30586      0.03681
      2.27944      0.31265      0.27207      0.04059
      2.28944      0.50103      0.39156      0.10947
      2.29944      0.88774      0.59180      0.29594
      2.30944      1.39290      0.84195      0.55095
      2.31944      1.80241      1.05799      0.74442
      2.32944      1.88841      1.13069      0.75771
      2.33944      1.83299      1.13440      0.69860
      2.34944      1.82798      1.14522      0.68277
      2.35944      1.95146      1.22983      0.72163
      2.36944      2.38541      1.46900      0.91641
      2.37944      2.72428      1.65032      1.07396
      2.38944      2.37276      1.47056      0.90220
      2.39944      1.76735      1.09871      0.66864
      2.40944      1.69921      0.99021      0.70900
      2.41944      1.95614      1.15453      0.80161
      2.42944      2.01201      1.25369      0.75832
      2.43944      2.35636      1.43954      0.91683
      2.44944      2.80089      1.64567      1.15522
      2.45944      2.92622      1.74778      1.17844
      2.46944      3.00088      1.85267      1.14821
      2.47944      2.74913      1.67889      1.07024
      2.48944      2.56734      1.51893      1.04841
      2.49944      2.80908      1.72587      1.08321
      2.50944      2.82497      1.80679      1.01818
      2.51944      2.72394      1.72504      0.99890
      2.52944      3.54333      2.12882      1.41452
      2.53944      5.05927      2.90181      2.15746
      2.54944      4.72737      2.66601      2.06136
      2.55944      2.97686      1.70106      1.27581
      2.56944      2.70120      1.65045      1.05075
      2.57944      3.54139      2.27121      1.27018
      2.58944      3.73365      2.41757      1.31609
      2.59944      3.42537      2.17791      1.24746
      2.60944      3.05888      1.90964      1.14924
      2.61944      2.48024      1.54616      0.93408
      2.62944      2.12828      1.34782      0.78046
      2.63944      3.20571      2.10665      1.09906
      2.64944      4.64721      3.09052      1.55669
      2.65944      4.53261      2.96917      1.56345
      2.66944      3.35338      2.17183      1.18155
      2.67944      2.44449      1.62277      0.82172
      2.68944      2.28811      1.54819      0.73992
      2.69944      2.45810      1.65196      0.80614
      2.70944      2.88660      1.97000      0.91659
      2.71944      2.86331      1.96104      0.90228
      2.72944      2.43696      1.61554      0.82143
      2.73944      2.20616      1.45307      0.75310
      2.74944      2.00150      1.32730      0.67420
      2.75944      2.04984      1.35418      0.69566
      2.76944      2.31362      1.61131      0.70231
      2.77944      2.49601      1.85219      0.64382
      2.78944      2.51033      1.85651      0.65382
      2.79944      1.97826      1.37533      0.60294
      2.80944      1.50347      0.90870      0.59477
      2.81944      1.37587      0.77848      0.59739
      2.82944      1.48896      0.98139      0.50756
      2.83944      2.15312      1.60638      0.54674
      2.84944      2.55547      1.93278      0.62269
      2.85944      2.00224      1.48178      0.52045
      2.86944      1.40020      1.00021      0.39999
      2.87944      1.65871      1.20085      0.45785
      2.88944      1.97644      1.48495      0.49149
      2.89944      1.86615      1.42425      0.44191
      2.90944      1.85724      1.34449      0.51275
      2.91944      1.58004      1.08700      0.49304
      2.92944      1.09411      0.79820      0.29591
      2.93944      1.34757      1.06758      0.28000
      2.94944      2.61431      1.99367      0.62064
      2.95944      3.94860      2.92436      1.02424
      2.96944      3.87707      2.88295      0.99412
      2.97944      3.26699      2.44318      0.82381
      2.98944      3.38613      2.44097      0.94517
      2.99944      3.97117      2.78969      1.18147
      3.00944      4.14864      2.90886      1.23978
      3.01944      4.71212      3.32003      1.39209
      3.02944      6.12694      4.30965      1.81729
      3.03944      7.37459      5.15112      2.22347
      3.04944      7.70880      5.30680      2.40200
      3.05944      6.94424      4.82566      2.11858
      3.06944      5.76681      4.21910      1.54771
      3.07944      5.37675      4.03040      1.34634
      3.08944      4.84311      3.54864      1.29447
      3.09944      4.08438      2.87237      1.21202
      3.10944      3.59058      2.36294      1.22765
      3.11944      3.74260      2.35668      1.38593
      3.12944      3.70582      2.43124      1.27458
      3.13944      3.01270      2.11557      0.89713
      3.14944      2.79681      1.96181      0.83500
      3.15944      3.01436      2.07585      0.93851
      3.16944      2.84011      1.93357      0.90653
      3.17944      2.49631      1.71189      0.78442
      3.18944      3.13572      2.21312      0.92261
      3.19944      4.28908      2.98093      1.30815
      3.20944      4.96473      3.24588      1.71884
      3.21944      5.36517      3.31289      2.05228
      3.22944      4.87708      3.08633      1.79075
      3.23944      4.22875      2.93357      1.29518
      3.24944      4.38104      3.20796      1.17308
      3.25944      5.05897      3.64759      1.41139
      3.26944      5.80625      3.98372      1.82253
      3.27944      5.74406      3.76520      1.97886
      3.28944      5.35192      3.58088      1.77104
      3.29944      5.13795      3.60041      1.53754
      3.30944      4.98059      3.53004      1.45055
      3.31944      5.55991      3.82890      1.73101
      3.32944      6.07614      4.00271      2.07344
      3.33944      5.69243      3.78222      1.91021
      3.34944      4.98241      3.55578      1.42663
      3.35944      4.21505      3.13439      1.08066
      3.36944      4.69296      3.39305      1.29991
      3.37944      6.05015      4.31599      1.73416
      3.38944      5.47342      3.89401      1.57941
      3.39944      3.91392      2.64780      1.26612
      3.40944      3.44719      2.25149      1.19570
      3.41944      3.77675      2.51192      1.26483
      3.42944      3.98620      2.67627      1.30994
      3.43944      3.77022      2.50607      1.26414
      3.44944      3.29181      2.08799      1.20382
      3.45944      3.03103      1.84805      1.18298
      3.46944      3.08248      2.00326      1.07921
      3.47944      3.23619      2.32015      0.91604
      3.48944      3.34406      2.43860      0.90547
      3.49944      3.27530      2.21175      1.06355
      3.50944      3.43209      2.06638      1.36570
      3.51944      3.54409      2.02872      1.51537
      3.52944      3.06483      1.78368      1.28115
      3.53944      2.53623      1.52771      1.00852
      3.54944      2.53052      1.54221      0.98830
      3.55944      2.75018      1.67798      1.07221
      3.56944      2.58113      1.58571      0.99542
      3.57944      2.41073      1.49453      0.91620
      3.58944      2.72446      1.61102      1.11344
      3.59944      2.98631      1.66872      1.31759
      3.60944      3.04419      1.64043      1.40376
      3.61944      3.18667      1.72990      1.45677
      3.62944      3.44279      1.94272      1.50007
      3.63944      3.88469      2.25269      1.63201
      3.64944      4.14816      2.39963      1.74853
      3.65944      3.53393      2.01529      1.51864
      3.66944      3.35572      1.85070      1.50501
      3.67944      4.22589      2.21905      2.00684
      3.68944      4.45125      2.31261      2.13863
      3.69944      4.12449      2.17799      1.94650
      3.70944      4.49483      2.36037      2.13446
      3.71944      4.86261      2.52519      2.33742
      3.72944      3.80497      2.00654      1.79844
      3.73944      2.63629      1.42490      1.21139
      3.74944      2.50333      1.32312      1.18021
      3.75944      3.50068      1.85038      1.65031
      3.76944      4.25716      2.28739      1.96976
      3.77944      3.10852      1.68561      1.42291
      3.78944      1.82120      1.02467      0.79653
      3.79944      1.78483      1.01441      0.77042
      3.80944      2.05570      1.18986      0.86584
      3.81944      2.42745      1.43393      0.99352
      3.82944      2.76541      1.57046      1.19495
      3.83944      3.05648      1.65669      1.39980
      3.84944      3.38491      1.79680      1.58811
      3.85944      2.92582      1.56626      1.35956
      3.86944      1.93652      1.07577      0.86075
      3.87944      1.71191      0.95495      0.75696
      3.88944      1.91128      1.04458      0.86670
      3.89944      2.11394      1.13435      0.97959
      3.90944      1.99658      1.04716      0.94943
      3.91944      1.63152      0.84983      0.78169
      3.92944      1.57733      0.86627      0.71105
      3.93944      1.81539      1.02012      0.79527
      3.94944      2.12105      1.19301      0.92804
      3.95944      2.38178      1.33750      1.04427
      3.96944      1.96703      1.07095      0.89607
      3.97944      1.64701      0.83669      0.81033
      3.98944      1.73990      0.87648      0.86342
      3.99944      1.80877      0.96882      0.83995
      4.00944      1.96931      1.07927      0.89004
      4.01944      2.42425      1.28317      1.14108
      4.02944      2.62142      1.38820      1.23322
      4.03944      1.78150      0.97910      0.80240
      4.04944      1.13923      0.63163      0.50760
      4.05944      1.15256      0.60237      0.55019
      4.06944      1.37715      0.70514      0.67201
      4.07944      1.65748      0.82550      0.83198
      4.08944      1.73762      0.83509      0.90253
      4.09944      1.81148      0.86294      0.94853
      4.10944      1.69360      0.81774      0.87586
      4.11944      1.22607      0.59486      0.63121
      4.12944      1.01724      0.49116      0.52609
      4.13944      0.99449      0.48034      0.51415
      4.14944      0.85625      0.41945      0.43680
      4.15944      1.11997      0.54747      0.57250
      4.16944      1.74672      0.84578      0.90093
      4.17944      1.90661      0.92259      0.98401
      4.18944      1.83307      0.89702      0.93605
      4.19944      1.59156      0.78326      0.80830
      4.20944      1.14618      0.55715      0.58903
      4.21944      0.99884      0.48136      0.51748
      4.22944      0.73806      0.35708      0.38098
      4.23944      0.78005      0.37227      0.40778
      4.24944      1.42520      0.67123      0.75397
      4.25944      1.84750      0.87131      0.97619
      4.26944      1.94515      0.92849      1.01666
      4.27944      1.79516      0.85934      0.93582
      4.28944      1.38410      0.65674      0.72736
      4.29944      1.35699      0.64279      0.71420
      4.30944      1.41879      0.67985      0.73894
      4.31944      1.21392      0.58417      0.62974
      4.32944      1.53313      0.73227      0.80086
      4.33944      2.13622      1.01852      1.11770
      4.34944      1.94836      0.93381      1.01455
      4.35944      1.25742      0.60498      0.65244
      4.36944      1.09965      0.52251      0.57714
      4.37944      1.37940      0.64931      0.73010
      4.38944      1.57331      0.74257      0.83074
      4.39944      1.87047      0.89012      0.98035
      4.40944      2.39587      1.13795      1.25793
      4.41944      2.57324      1.21330      1.35994
      4.42944      1.87114      0.87831      0.99283
      4.43944      1.21546      0.57052      0.64494
      4.44944      0.93748      0.44195      0.49554
      4.45944      0.83144      0.39543      0.43601
      4.46944      0.72847      0.35106      0.37741
      4.47944      0.91875      0.44380      0.47495
      4.48944      1.37447      0.65700      0.71747
      4.49944      1.51584      0.72048      0.79536
      4.50944      1.12540      0.53880      0.58660
      4.51944      0.77252      0.37378      0.39874
      4.52944      0.76713      0.36917      0.39796
      4.53944      0.72996      0.35189      0.37806
      4.54944      0.42769      0.20768      0.22001
      4.55944      0.42021      0.19801      0.22220
      4.56944      1.19631      0.55703      0.63928
      4.57944      1.76794      0.82539      0.94255
      4.58944      1.25811      0.59111      0.66700
      4.59944      0.63191      0.29715      0.33475
      4.60944      0.39971      0.18562      0.21408
      4.61944      0.23796      0.10994      0.12802
      4.62944      0.25725      0.11938      0.13787
      4.63944      0.68043      0.31707      0.36336
      4.64944      1.01319      0.47296      0.54023
      4.65944      0.67805      0.31658      0.36147
      4.66944      0.35187      0.16357      0.18830
      4.67944      0.33335      0.15420      0.17915
      4.68944      0.26098      0.11951      0.14147
      4.69944      0.49709      0.22782      0.26927
      4.70944      1.49720      0.69715      0.80005
      4.71944      2.39053      1.12017      1.27036
      4.72944      1.79159      0.84065      0.95094
      4.73944      0.88617      0.41471      0.47145
      4.74944      0.65082      0.30396      0.34686
      4.75944      0.60747      0.28373      0.32374
      4.76944      0.89581      0.41810      0.47771
      4.77944      1.48710      0.69691      0.79019
      4.78944      1.68192      0.79220      0.88972
      4.79944      1.50259      0.70248      0.80011
      4.80944      1.07033      0.49238      0.57795
      4.81944      0.92806      0.42591      0.50215
      4.82944      1.66106      0.77384      0.88723
      4.83944      2.37385      1.11874      1.25511
      4.84944      2.60378      1.23646      1.36732
      4.85944      2.37172      1.13199      1.23973
      4.86944      1.87789      0.90072      0.97717
      4.87944      1.83781      0.87862      0.95919
      4.88944      1.98432      0.94419      1.04013
      4.89944      2.12413      1.01111      1.11302
      4.90944      1.96046      0.92883      1.03163
      4.91944      2.22245      1.04903      1.17342
      4.92944      2.97085      1.41261      1.55824
      4.93944      3.36839      1.61029      1.75810
      4.94944      3.67310      1.76001      1.91310
      4.95944      3.55377      1.71026      1.84351
      4.96944      2.91018      1.40077      1.50941
      4.97944      3.23017      1.53957      1.69060
      4.98944      4.41565      2.10640      2.30925
      4.99944      5.71309      2.72973      2.98336
      5.00944      6.49421      3.08922      3.40498
      5.01944      6.32470      3.01128      3.31342
      5.02944      5.96449      2.87017      3.09432
      5.03944      5.41924      2.64708      2.77216
      5.04944      4.16934      2.06510      2.10424
      5.05944      3.42079      1.70163      1.71916
      5.06944      3.50416      1.72947      1.77469
      5.07944      3.69743      1.81151      1.88592
      5.08944      3.49974      1.71799      1.78175
      5.09944      2.98895      1.48542      1.50353
      5.10944      3.06960      1.53930      1.53030
      5.11944      3.36746      1.69015      1.67731
      5.12944      3.37944      1.69184      1.68760
      5.13944      2.87507      1.44244      1.43263
      5.14944      1.88312      0.94965      0.93347
      5.15944      1.34937      0.67147      0.67790
      5.16944      1.58873      0.78156      0.80718
      5.17944      1.99180      1.00147      0.99033
      5.18944      2.53608      1.33216      1.20392
      5.19944      2.64060      1.42976      1.21083
      5.20944      1.82737      0.96932      0.85805
      5.21944      1.31124      0.62993      0.68131
      5.22944      1.18759      0.55889      0.62870
      5.23944      0.92507      0.47004      0.45503
      5.24944      0.72809      0.39887      0.32922
      5.25944      0.91450      0.50423      0.41027
      5.26944      1.39155      0.73239      0.65916
      5.27944      1.72937      0.86218      0.86720
      5.28944      1.45553      0.68786      0.76767
      5.29944      1.08472      0.50367      0.58105
      5.30944      1.06642      0.51947      0.54695
      5.31944      1.22508      0.61869      0.60639
      5.32944      1.47865      0.76934      0.70931
      5.33944      1.59400      0.86115      0.73285
      5.34944      1.17837      0.65897      0.51940
      5.35944      0.71222      0.37552      0.33670
      5.36944      0.83792      0.38236      0.45556
      5.37944      1.25727      0.58450      0.67277
      5.38944      1.15793      0.55358      0.60436
      5.39944      0.83320      0.42174      0.41147
      5.40944      0.74056      0.41601      0.32455
      5.41944      0.66596      0.39271      0.27324
      5.42944      0.73662      0.43381      0.30281
      5.43944      0.88146      0.49331      0.38814
      5.44944      1.03498      0.54983      0.48516
      5.45944      1.05894      0.55135      0.50759
      5.46944      1.15582      0.54331      0.61251
      5.47944      1.50957      0.67683      0.83274
      5.48944      1.59851      0.75265      0.84586
      5.49944      1.38298      0.67541      0.70757
      5.50944      1.11498      0.54101      0.57397
      5.51944      1.03307      0.50885      0.52423
      5.52944      0.99723      0.52582      0.47141
      5.53944      0.96634      0.53507      0.43127
      5.54944      0.92350      0.49650      0.42700
      5.55944      0.63864      0.32226      0.31638
      5.56944      0.44878      0.18709      0.26169
      5.57944      0.30851      0.10781      0.20070
      5.58944      0.12923      0.04333      0.08590
      5.59944      0.21608      0.07720      0.13888
      5.60944      0.69176      0.24690      0.44486
      5.61944      1.01576      0.36787      0.64789
      5.62944      0.89929      0.36731      0.53198
      5.63944      0.68846      0.33772      0.35074
      5.64944      0.32617      0.17805      0.14811
      5.65944      0.14935      0.06992      0.07942
      5.66944      0.39591      0.15560      0.24031
      5.67944      0.77547      0.31325      0.46221
      5.68944      0.71137      0.29354      0.41783
      5.69944      0.33249      0.13410      0.19838
      5.70944      0.16664      0.05708      0.10956
      5.71944      0.16240      0.05052      0.11188
      5.72944      0.12026      0.03806      0.08220
      5.73944      0.27337      0.09189      0.18149
      5.74944      0.76955      0.26749      0.50205
      5.75944      1.11015      0.42427      0.68588
      5.76944      1.12136      0.48281      0.63855
      5.77944      0.93696      0.39652      0.54044
      5.78944      0.65163      0.24364      0.40800
      5.79944      0.91522      0.30941      0.60582
      5.80944      1.17339      0.39038      0.78302
      5.81944      0.67133      0.22333      0.44800
      5.82944      0.17464      0.05796      0.11668
      5.83944      0.15468      0.04880      0.10588
      5.84944      0.42775      0.13780      0.28995
      5.85944      0.56464      0.18952      0.37512
      5.86944      0.36365      0.13846      0.22518
      5.87944      0.26732      0.15414      0.11319
      5.88944      0.40347      0.24383      0.15963
      5.89944      0.61460      0.27306      0.34154
      5.90944      1.07142      0.39173      0.67969
      5.91944      1.32968      0.52704      0.80264
      5.92944      0.95837      0.42186      0.53652
      5.93944      0.53950      0.21935      0.32015
      5.94944      0.27869      0.09459      0.18410
      5.95944      0.20305      0.06751      0.13554
      5.96944      0.42392      0.14241      0.28151
      5.97944      0.61187      0.21119      0.40068
      5.98944      0.59507      0.23741      0.35765
      5.99944      0.54315      0.23634      0.30681
      6.00944      0.41477      0.16524      0.24953
      6.01944      0.40147      0.14839      0.25308
      6.02944      0.44697      0.18766      0.25931
      6.03944      0.33639      0.15290      0.18348
      6.04944      0.50669      0.17672      0.32997
      6.05944      1.16172      0.37160      0.79011
      6.06944      1.62647      0.52371      1.10275
      6.07944      1.38575      0.47378      0.91196
      6.08944      1.00956      0.41840      0.59116
      6.09944      0.95102      0.41283      0.53819
      6.10944      0.77886      0.29252      0.48634
      6.11944      0.40992      0.13752      0.27240
      6.12944      0.37242      0.12239      0.25004
      6.13944      0.56112      0.17790      0.38322
      6.14944      0.62682      0.18862      0.43820
      6.15944      0.53918      0.16072      0.37846
      6.16944      0.45959      0.15698      0.30261
      6.17944      0.58108      0.25069      0.33039
      6.18944      0.74879      0.35163      0.39716
      6.19944      0.88501      0.37608      0.50894
      6.20944      1.28635      0.51291      0.77344
      6.21944      1.47487      0.58667      0.88820
      6.22944      0.88111      0.33882      0.54229
      6.23944      0.46150      0.15921      0.30228
      6.24944      0.56657      0.19195      0.37462
      6.25944      0.91433      0.34670      0.56763
      6.26944      1.08474      0.44709      0.63765
      6.27944      0.72059      0.29821      0.42237
      6.28944      0.29081      0.11155      0.17926
      6.29944      0.21969      0.07433      0.14536
      6.30944      0.35887      0.11734      0.24153
      6.31944      0.43624      0.13819      0.29806
      6.32944      0.62040      0.20782      0.41258
      6.33944      1.00832      0.37652      0.63180
      6.34944      1.58737      0.60508      0.98229
      6.35944      1.86698      0.69479      1.17219
      6.36944      1.39452      0.48753      0.90699
      6.37944      0.87970      0.27969      0.60001
      6.38944      0.81305      0.25402      0.55903
      6.39944      1.05636      0.33085      0.72550
      6.40944      1.21333      0.37907      0.83426
      6.41944      0.86555      0.27978      0.58577
      6.42944      0.61700      0.23603      0.38097
      6.43944      0.81023      0.35295      0.45728
      6.44944      0.83567      0.34722      0.48845
      6.45944      0.87663      0.29035      0.58628
      6.46944      1.32931      0.39292      0.93640
      6.47944      1.55754      0.46634      1.09121
      6.48944      1.37826      0.45163      0.92663
      6.49944      1.52652      0.57355      0.95297
      6.50944      1.80907      0.71257      1.09650
      6.51944      1.51023      0.61476      0.89548
      6.52944      1.02308      0.40866      0.61442
      6.53944      0.73156      0.27567      0.45588
      6.54944      0.80379      0.33269      0.47110
      6.55944      1.03888      0.42286      0.61602
      6.56944      1.04958      0.37321      0.67638
      6.57944      0.67847      0.22660      0.45187
      6.58944      0.43281      0.16985      0.26296
      6.59944      0.73876      0.32378      0.41498
      6.60944      1.11164      0.44891      0.66273
      6.61944      1.16651      0.40642      0.76009
      6.62944      0.90559      0.28440      0.62120
      6.63944      0.59391      0.18352      0.41039
      6.64944      0.62884      0.21531      0.41353
      6.65944      0.84948      0.33490      0.51457
      6.66944      0.92244      0.41179      0.51064
      6.67944      0.88565      0.42601      0.45964
      6.68944      0.79094      0.37909      0.41185
      6.69944      0.56906      0.23693      0.33213
      6.70944      0.43745      0.14408      0.29337
      6.71944      0.52892      0.16052      0.36839
      6.72944      0.69561      0.21564      0.47997
      6.73944      0.87448      0.29827      0.57622
      6.74944      0.91810      0.37196      0.54614
      6.75944      0.74756      0.33907      0.40849
      6.76944      0.63153      0.24661      0.38492
      6.77944      0.72956      0.23766      0.49189
      6.78944      0.71279      0.23440      0.47839
      6.79944      0.51355      0.22801      0.28555
      6.80944      0.67408      0.39606      0.27802
      6.81944      1.05176      0.57761      0.47416
      6.82944      1.21559      0.57405      0.64154
      6.83944      1.08543      0.44806      0.63737
      6.84944      0.94821      0.39446      0.55375
      6.85944      0.88277      0.37077      0.51199
      6.86944      0.69777      0.27709      0.42068
      6.87944      0.82837      0.34254      0.48583
      6.88944      0.91095      0.38872      0.52223
      6.89944      0.43066      0.18541      0.24525
      6.90944      0.10032      0.04150      0.05882
      6.91944      0.20299      0.07424      0.12875
      6.92944      0.64977      0.24257      0.40720
      6.93944      0.94322      0.35588      0.58734
      6.94944      0.93098      0.36661      0.56437
      6.95944      1.07691      0.49579      0.58113
      6.96944      1.04595      0.51708      0.52887
      6.97944      0.71413      0.32122      0.39291
      6.98944      0.61553      0.25232      0.36321
      6.99944      0.86434      0.35738      0.50696
      7.00944      1.03813      0.39236      0.64577
      7.01944      1.11069      0.37668      0.73401
      7.02944      1.14673      0.38333      0.76339
      7.03944      1.10462      0.37700      0.72761
      7.04944      0.91774      0.32018      0.59756
      7.05944      0.56620      0.22760      0.33861
      7.06944      0.79703      0.42586      0.37117
      7.07944      1.66406      0.91516      0.74891
      7.08944      1.91335      1.04590      0.86744
      7.09944      1.31627      0.66739      0.64888
      7.10944      0.86604      0.35772      0.50832
      7.11944      0.70585      0.27140      0.43445
      7.12944      0.54843      0.21359      0.33485
      7.13944      0.38519      0.15509      0.23010
      7.14944      0.52937      0.23542      0.29395
      7.15944      0.84487      0.38727      0.45760
      7.16944      1.03572      0.45374      0.58198
      7.17944      1.35512      0.52191      0.83320
      7.18944      1.48669      0.56151      0.92518
      7.19944      1.59095      0.67549      0.91546
      7.20944      2.01142      0.91631      1.09511
