Energy-E_F (eV)    DOS (1/eV)    PDOS (1/eV)  of atom type W  Se 
     -5.94448      7.61114      0.00000      0.00000
     -5.93448      6.18017      0.00000      0.00000
     -5.92448      5.58703      0.00000      0.00000
     -5.91448      5.90315      0.00000      0.00000
     -5.90448      6.70248      0.00000      0.00000
     -5.89448      6.18760      0.00000      0.00000
     -5.88448      5.03011      0.00000      0.00000
     -5.87448      4.54596      0.00000      0.00000
     -5.86448      4.42977      0.00000      0.00000
     -5.85448      4.26867      0.00000      0.00000
     -5.84448      4.26479      0.00000      0.00000
     -5.83448      4.70015      0.00000      0.00000
     -5.82448      4.16349      0.00000      0.00000
     -5.81448      3.09849      0.00000      0.00000
     -5.80448      2.98424      0.00000      0.00000
     -5.79448      3.92489      0.00000      0.00000
     -5.78448      3.94692      0.00000      0.00000
     -5.77448      2.53642      0.00000      0.00000
     -5.76448      2.05201      0.00000      0.00000
     -5.75448      2.65862      0.00000      0.00000
     -5.74448      3.00694      0.00000      0.00000
     -5.73448      2.59631      0.00000      0.00000
     -5.72448      1.90014      0.00000      0.00000
     -5.71448      2.22881      0.00000      0.00000
     -5.70448      3.15343      0.00000      0.00000
     -5.69448      3.07798      0.00000      0.00000
     -5.68448      2.09121      0.00000      0.00000
     -5.67448      1.50114      0.00000      0.00000
     -5.66448      1.59216      0.00000      0.00000
     -5.65448      2.08269      0.00000      0.00000
     -5.64448      2.28977      0.00000      0.00000
     -5.63448      1.61549      0.00000      0.00000
     -5.62448      1.28328      0.00000      0.00000
     -5.61448      2.01333      0.00000      0.00000
     -5.60448      2.68436      0.00000      0.00000
     -5.59448      2.25200      0.00000      0.00000
     -5.58448      1.19090      0.00000      0.00000
     -5.57448      0.56659      0.00000      0.00000
     -5.56448      0.86372      0.00000      0.00000
     -5.55448      1.73839      0.00000      0.00000
     -5.54448      2.42108      0.00000      0.00000
     -5.53448      2.23698      0.00000      0.00000
     -5.52448      1.49857      0.00000      0.00000
     -5.51448      1.26449      0.00000      0.00000
     -5.50448      1.82266      0.00000      0.00000
     -5.49448      2.30332      0.00000      0.00000
     -5.48448      2.30948      0.00000      0.00000
     -5.47448      2.14561      0.00000      0.00000
     -5.46448      2.28632      0.00000      0.00000
     -5.45448      3.45323      0.00000      0.00000
     -5.44448      5.21764      0.00000      0.00000
     -5.43448      5.95933      0.00000      0.00000
     -5.42448      6.61364      0.00000      0.00000
     -5.41448      7.32774      0.00000      0.00000
     -5.40448      8.00696      0.00000      0.00000
     -5.39448      8.25995      0.00000      0.00000
     -5.38448      7.26262      0.00000      0.00000
     -5.37448      6.02608      0.00000      0.00000
     -5.36448      4.86277      0.00000      0.00000
     -5.35448      3.68658      0.00000      0.00000
     -5.34448      3.19639      0.00000      0.00000
     -5.33448      3.54017      0.00000      0.00000
     -5.32448      3.90393      0.00000      0.00000
     -5.31448      3.60166      0.00000      0.00000
     -5.30448      3.24201      0.00000      0.00000
     -5.29448      3.07712      0.00000      0.00000
     -5.28448      2.88246      0.00000      0.00000
     -5.27448      3.01296      0.00000      0.00000
     -5.26448      3.56330      0.00000      0.00000
     -5.25448      4.21737      0.00000      0.00000
     -5.24448      4.97697      0.00000      0.00000
     -5.23448      5.75778      0.00000      0.00000
     -5.22448      5.72018      0.00000      0.00000
     -5.21448      5.83277      0.00000      0.00000
     -5.20448      5.72353      0.00000      0.00000
     -5.19448      5.45066      0.00000      0.00000
     -5.18448      5.52587      0.00000      0.00000
     -5.17448      4.88874      0.00000      0.00000
     -5.16448      4.30693      0.00000      0.00000
     -5.15448      4.85316      0.00000      0.00000
     -5.14448      6.18088      0.00000      0.00000
     -5.13448      7.49947      0.00000      0.00000
     -5.12448      6.99332      0.00000      0.00000
     -5.11448      5.05815      0.00000      0.00000
     -5.10448      4.40650      0.00000      0.00000
     -5.09448      5.22837      0.00000      0.00000
     -5.08448      6.39858      0.00000      0.00000
     -5.07448      7.17301      0.00000      0.00000
     -5.06448      7.62363      0.00000      0.00000
     -5.05448      7.98918      0.00000      0.00000
     -5.04448      8.01824      0.00000      0.00000
     -5.03448      8.14476      0.00000      0.00000
     -5.02448      8.84014      0.00000      0.00000
     -5.01448     10.35036      0.00000      0.00000
     -5.00448     12.09907      0.00000      0.00000
     -4.99448     12.46748      0.00000      0.00000
     -4.98448     11.52297      0.00000      0.00000
     -4.97448     11.05405      0.00000      0.00000
     -4.96448     10.65100      0.00000      0.00000
     -4.95448      9.52391      0.00000      0.00000
     -4.94448      7.75689      0.00000      0.00000
     -4.93448      6.55136      0.00000      0.00000
     -4.92448      5.62914      0.00000      0.00000
     -4.91448      4.63211      0.00000      0.00000
     -4.90448      4.23442      0.00000      0.00000
     -4.89448      4.00889      0.00000      0.00000
     -4.88448      4.43965      0.00000      0.00000
     -4.87448      5.52320      0.00000      0.00000
     -4.86448      5.89563      0.00000      0.00000
     -4.85448      5.44562      0.00000      0.00000
     -4.84448      4.81140      0.00000      0.00000
     -4.83448      4.27921      0.00000      0.00000
     -4.82448      3.28910      0.00000      0.00000
     -4.81448      2.37177      0.00000      0.00000
     -4.80448      2.15611      0.00000      0.00000
     -4.79448      2.61666      0.00000      0.00000
     -4.78448      2.97167      0.00000      0.00000
     -4.77448      2.44640      0.00000      0.00000
     -4.76448      1.62411      0.00000      0.00000
     -4.75448      1.13737      0.00000      0.00000
     -4.74448      1.28535      0.00000      0.00000
     -4.73448      1.68761      0.00000      0.00000
     -4.72448      1.77596      0.00000      0.00000
     -4.71448      2.16362      0.00000      0.00000
     -4.70448      2.49738      0.00000      0.00000
     -4.69448      2.06243      0.00000      0.00000
     -4.68448      1.60085      0.00000      0.00000
     -4.67448      1.27063      0.00000      0.00000
     -4.66448      1.17182      0.00000      0.00000
     -4.65448      1.92811      0.00000      0.00000
     -4.64448      3.21764      0.00000      0.00000
     -4.63448      3.60284      0.00000      0.00000
     -4.62448      3.25714      0.00000      0.00000
     -4.61448      3.26834      0.00000      0.00000
     -4.60448      3.64966      0.00000      0.00000
     -4.59448      3.83912      0.00000      0.00000
     -4.58448      4.06842      0.00000      0.00000
     -4.57448      4.74144      0.00000      0.00000
     -4.56448      4.10553      0.00000      0.00000
     -4.55448      2.33467      0.00000      0.00000
     -4.54448      1.41108      0.00000      0.00000
     -4.53448      1.53190      0.00000      0.00000
     -4.52448      1.81715      0.00000      0.00000
     -4.51448      2.17435      0.00000      0.00000
     -4.50448      2.80848      0.00000      0.00000
     -4.49448      2.83299      0.00000      0.00000
     -4.48448      2.37404      0.00000      0.00000
     -4.47448      2.32704      0.00000      0.00000
     -4.46448      2.28191      0.00000      0.00000
     -4.45448      1.94863      0.00000      0.00000
     -4.44448      1.86700      0.00000      0.00000
     -4.43448      2.25259      0.00000      0.00000
     -4.42448      3.19458      0.00000      0.00000
     -4.41448      3.99978      0.00000      0.00000
     -4.40448      4.27580      0.00000      0.00000
     -4.39448      5.36432      0.00000      0.00000
     -4.38448      6.17798      0.00000      0.00000
     -4.37448      5.57778      0.00000      0.00000
     -4.36448      4.87291      0.00000      0.00000
     -4.35448      4.51722      0.00000      0.00000
     -4.34448      3.78965      0.00000      0.00000
     -4.33448      3.09820      0.00000      0.00000
     -4.32448      3.16798      0.00000      0.00000
     -4.31448      3.95214      0.00000      0.00000
     -4.30448      4.44165      0.00000      0.00000
     -4.29448      4.42215      0.00000      0.00000
     -4.28448      4.46207      0.00000      0.00000
     -4.27448      4.30605      0.00000      0.00000
     -4.26448      3.58760      0.00000      0.00000
     -4.25448      3.35615      0.00000      0.00000
     -4.24448      4.29432      0.00000      0.00000
     -4.23448      5.86941      0.00000      0.00000
     -4.22448      6.08055      0.00000      0.00000
     -4.21448      4.21169      0.00000      0.00000
     -4.20448      2.57140      0.00000      0.00000
     -4.19448      2.32269      0.00000      0.00000
     -4.18448      3.26639      0.00000      0.00000
     -4.17448      5.30765      0.00000      0.00000
     -4.16448      7.49363      0.00000      0.00000
     -4.15448      7.97240      0.00000      0.00000
     -4.14448      6.58223      0.00000      0.00000
     -4.13448      5.53849      0.00000      0.00000
     -4.12448      4.98183      0.00000      0.00000
     -4.11448      4.67436      0.00000      0.00000
     -4.10448      5.26119      0.00000      0.00000
     -4.09448      6.91960      0.00000      0.00000
     -4.08448      7.28988      0.00000      0.00000
     -4.07448      4.93423      0.00000      0.00000
     -4.06448      2.97772      0.00000      0.00000
     -4.05448      3.11293      0.00000      0.00000
     -4.04448      4.48720      0.00000      0.00000
     -4.03448      5.72660      0.00000      0.00000
     -4.02448      6.55838      0.00000      0.00000
     -4.01448      5.95243      0.00000      0.00000
     -4.00448      4.11824      0.00000      0.00000
     -3.99448      3.56123      0.00000      0.00000
     -3.98448      4.43365      0.00000      0.00000
     -3.97448      4.62602      0.00000      0.00000
     -3.96448      4.68590      0.00000      0.00000
     -3.95448      5.55614      0.00000      0.00000
     -3.94448      5.12888      0.00000      0.00000
     -3.93448      3.96853      0.00000      0.00000
     -3.92448      3.88258      0.00000      0.00000
     -3.91448      4.26185      0.00000      0.00000
     -3.90448      4.70389      0.00000      0.00000
     -3.89448      5.90468      0.00000      0.00000
     -3.88448      6.21104      0.00000      0.00000
     -3.87448      5.10747      0.00000      0.00000
     -3.86448      4.25272      0.00000      0.00000
     -3.85448      3.81522      0.00000      0.00000
     -3.84448      3.75868      0.00000      0.00000
     -3.83448      4.44297      0.00000      0.00000
     -3.82448      4.90661      0.00000      0.00000
     -3.81448      4.37921      0.00000      0.00000
     -3.80448      3.96670      0.00000      0.00000
     -3.79448      3.87068      0.00000      0.00000
     -3.78448      4.82140      0.00000      0.00000
     -3.77448      6.07991      0.00000      0.00000
     -3.76448      5.82052      0.00000      0.00000
     -3.75448      4.76528      0.00000      0.00000
     -3.74448      4.07669      0.00000      0.00000
     -3.73448      4.91247      0.00000      0.00000
     -3.72448      6.19580      0.00000      0.00000
     -3.71448      5.62749      0.00000      0.00000
     -3.70448      4.80549      0.00000      0.00000
     -3.69448      4.84437      0.00000      0.00000
     -3.68448      4.81970      0.00000      0.00000
     -3.67448      4.98867      0.00000      0.00000
     -3.66448      5.55785      0.00000      0.00000
     -3.65448      6.13979      0.00000      0.00000
     -3.64448      6.24243      0.00000      0.00000
     -3.63448      6.18350      0.00000      0.00000
     -3.62448      5.54168      0.00000      0.00000
     -3.61448      4.77590      0.00000      0.00000
     -3.60448      4.56803      0.00000      0.00000
     -3.59448      4.21844      0.00000      0.00000
     -3.58448      4.11508      0.00000      0.00000
     -3.57448      4.47395      0.00000      0.00000
     -3.56448      4.52108      0.00000      0.00000
     -3.55448      4.20118      0.00000      0.00000
     -3.54448      4.24064      0.00000      0.00000
     -3.53448      4.57581      0.00000      0.00000
     -3.52448      4.17139      0.00000      0.00000
     -3.51448      3.75989      0.00000      0.00000
     -3.50448      4.39720      0.00000      0.00000
     -3.49448      5.08261      0.00000      0.00000
     -3.48448      4.58249      0.00000      0.00000
     -3.47448      4.09075      0.00000      0.00000
     -3.46448      4.26650      0.00000      0.00000
     -3.45448      4.17949      0.00000      0.00000
     -3.44448      4.13458      0.00000      0.00000
     -3.43448      3.96476      0.00000      0.00000
     -3.42448      3.92544      0.00000      0.00000
     -3.41448      4.32472      0.00000      0.00000
     -3.40448      3.80839      0.00000      0.00000
     -3.39448      2.47633      0.00000      0.00000
     -3.38448      1.76436      0.00000      0.00000
     -3.37448      1.95871      0.00000      0.00000
     -3.36448      2.88791      0.00000      0.00000
     -3.35448      3.40396      0.00000      0.00000
     -3.34448      2.94493      0.00000      0.00000
     -3.33448      3.21860      0.00000      0.00000
     -3.32448      3.72936      0.00000      0.00000
     -3.31448      3.09124      0.00000      0.00000
     -3.30448      2.65871      0.00000      0.00000
     -3.29448      2.43484      0.00000      0.00000
     -3.28448      2.31871      0.00000      0.00000
     -3.27448      2.50425      0.00000      0.00000
     -3.26448      2.09029      0.00000      0.00000
     -3.25448      1.92430      0.00000      0.00000
     -3.24448      2.75255      0.00000      0.00000
     -3.23448      3.32327      0.00000      0.00000
     -3.22448      3.19421      0.00000      0.00000
     -3.21448      3.41609      0.00000      0.00000
     -3.20448      3.95212      0.00000      0.00000
     -3.19448      3.87962      0.00000      0.00000
     -3.18448      3.40533      0.00000      0.00000
     -3.17448      3.40237      0.00000      0.00000
     -3.16448      4.15089      0.00000      0.00000
     -3.15448      5.31797      0.00000      0.00000
     -3.14448      5.93939      0.00000      0.00000
     -3.13448      6.48273      0.00000      0.00000
     -3.12448      7.69861      0.00000      0.00000
     -3.11448      9.82483      0.00000      0.00000
     -3.10448     12.14042      0.00000      0.00000
     -3.09448     12.38520      0.00000      0.00000
     -3.08448     11.58800      0.00000      0.00000
     -3.07448     11.26618      0.00000      0.00000
     -3.06448      9.90629      0.00000      0.00000
     -3.05448      8.30142      0.00000      0.00000
     -3.04448      8.68726      0.00000      0.00000
     -3.03448      9.77799      0.00000      0.00000
     -3.02448      9.21071      0.00000      0.00000
     -3.01448      7.26493      0.00000      0.00000
     -3.00448      6.30683      0.00000      0.00000
     -2.99448      7.16909      0.00000      0.00000
     -2.98448      8.87073      0.00000      0.00000
     -2.97448      9.30368      0.00000      0.00000
     -2.96448      7.83887      0.00000      0.00000
     -2.95448      6.47737      0.00000      0.00000
     -2.94448      6.55365      0.00000      0.00000
     -2.93448      6.81106      0.00000      0.00000
     -2.92448      5.54114      0.00000      0.00000
     -2.91448      4.56793      0.00000      0.00000
     -2.90448      5.20369      0.00000      0.00000
     -2.89448      6.66365      0.00000      0.00000
     -2.88448      6.86617      0.00000      0.00000
     -2.87448      5.79519      0.00000      0.00000
     -2.86448      4.92051      0.00000      0.00000
     -2.85448      4.88102      0.00000      0.00000
     -2.84448      5.70540      0.00000      0.00000
     -2.83448      5.84972      0.00000      0.00000
     -2.82448      5.00009      0.00000      0.00000
     -2.81448      4.53700      0.00000      0.00000
     -2.80448      5.52914      0.00000      0.00000
     -2.79448      7.00483      0.00000      0.00000
     -2.78448      6.70795      0.00000      0.00000
     -2.77448      5.14028      0.00000      0.00000
     -2.76448      4.51638      0.00000      0.00000
     -2.75448      5.45249      0.00000      0.00000
     -2.74448      6.73806      0.00000      0.00000
     -2.73448      7.22959      0.00000      0.00000
     -2.72448      7.23808      0.00000      0.00000
     -2.71448      8.27944      0.00000      0.00000
     -2.70448      9.39844      0.00000      0.00000
     -2.69448      9.84253      0.00000      0.00000
     -2.68448      9.26480      0.00000      0.00000
     -2.67448      8.25086      0.00000      0.00000
     -2.66448      8.17972      0.00000      0.00000
     -2.65448      7.57815      0.00000      0.00000
     -2.64448      7.09009      0.00000      0.00000
     -2.63448      7.43064      0.00000      0.00000
     -2.62448      6.92235      0.00000      0.00000
     -2.61448      6.20359      0.00000      0.00000
     -2.60448      6.00470      0.00000      0.00000
     -2.59448      5.58882      0.00000      0.00000
     -2.58448      5.05819      0.00000      0.00000
     -2.57448      5.51383      0.00000      0.00000
     -2.56448      5.93804      0.00000      0.00000
     -2.55448      5.35190      0.00000      0.00000
     -2.54448      4.76063      0.00000      0.00000
     -2.53448      4.03731      0.00000      0.00000
     -2.52448      3.26165      0.00000      0.00000
     -2.51448      2.75501      0.00000      0.00000
     -2.50448      2.96604      0.00000      0.00000
     -2.49448      3.59385      0.00000      0.00000
     -2.48448      4.46095      0.00000      0.00000
     -2.47448      5.15428      0.00000      0.00000
     -2.46448      4.40886      0.00000      0.00000
     -2.45448      3.95959      0.00000      0.00000
     -2.44448      4.94867      0.00000      0.00000
     -2.43448      4.62465      0.00000      0.00000
     -2.42448      3.83505      0.00000      0.00000
     -2.41448      5.03128      0.00000      0.00000
     -2.40448      6.07573      0.00000      0.00000
     -2.39448      5.34298      0.00000      0.00000
     -2.38448      4.77233      0.00000      0.00000
     -2.37448      4.71095      0.00000      0.00000
     -2.36448      3.74942      0.00000      0.00000
     -2.35448      2.38686      0.00000      0.00000
     -2.34448      1.98073      0.00000      0.00000
     -2.33448      2.19651      0.00000      0.00000
     -2.32448      2.02632      0.00000      0.00000
     -2.31448      1.83187      0.00000      0.00000
     -2.30448      2.33260      0.00000      0.00000
     -2.29448      3.38506      0.00000      0.00000
     -2.28448      5.00392      0.00000      0.00000
     -2.27448      6.75524      0.00000      0.00000
     -2.26448      7.31964      0.00000      0.00000
     -2.25448      7.16439      0.00000      0.00000
     -2.24448      7.17311      0.00000      0.00000
     -2.23448      6.85409      0.00000      0.00000
     -2.22448      6.65470      0.00000      0.00000
     -2.21448      6.03613      0.00000      0.00000
     -2.20448      5.12934      0.00000      0.00000
     -2.19448      4.90471      0.00000      0.00000
     -2.18448      5.27418      0.00000      0.00000
     -2.17448      5.19168      0.00000      0.00000
     -2.16448      4.38797      0.00000      0.00000
     -2.15448      4.08031      0.00000      0.00000
     -2.14448      5.18445      0.00000      0.00000
     -2.13448      6.46403      0.00000      0.00000
     -2.12448      6.02639      0.00000      0.00000
     -2.11448      5.05052      0.00000      0.00000
     -2.10448      4.32089      0.00000      0.00000
     -2.09448      3.50385      0.00000      0.00000
     -2.08448      3.38009      0.00000      0.00000
     -2.07448      3.65267      0.00000      0.00000
     -2.06448      3.68458      0.00000      0.00000
     -2.05448      3.91750      0.00000      0.00000
     -2.04448      4.05733      0.00000      0.00000
     -2.03448      4.01515      0.00000      0.00000
     -2.02448      3.93231      0.00000      0.00000
     -2.01448      4.02282      0.00000      0.00000
     -2.00448      4.87215      0.00000      0.00000
     -1.99448      4.98839      0.00000      0.00000
     -1.98448      4.44215      0.00000      0.00000
     -1.97448      3.98470      0.00000      0.00000
     -1.96448      3.48014      0.00000      0.00000
     -1.95448      3.19554      0.00000      0.00000
     -1.94448      2.98795      0.00000      0.00000
     -1.93448      2.75846      0.00000      0.00000
     -1.92448      2.85272      0.00000      0.00000
     -1.91448      3.40423      0.00000      0.00000
     -1.90448      4.01395      0.00000      0.00000
     -1.89448      3.83451      0.00000      0.00000
     -1.88448      2.89106      0.00000      0.00000
     -1.87448      1.94993      0.00000      0.00000
     -1.86448      1.40886      0.00000      0.00000
     -1.85448      1.37638      0.00000      0.00000
     -1.84448      1.68262      0.00000      0.00000
     -1.83448      2.02476      0.00000      0.00000
     -1.82448      2.12570      0.00000      0.00000
     -1.81448      1.65463      0.00000      0.00000
     -1.80448      1.08528      0.00000      0.00000
     -1.79448      1.03283      0.00000      0.00000
     -1.78448      1.09619      0.00000      0.00000
     -1.77448      1.10017      0.00000      0.00000
     -1.76448      1.24390      0.00000      0.00000
     -1.75448      1.53110      0.00000      0.00000
     -1.74448      1.51448      0.00000      0.00000
     -1.73448      0.98060      0.00000      0.00000
     -1.72448      0.78419      0.00000      0.00000
     -1.71448      0.95143      0.00000      0.00000
     -1.70448      1.17683      0.00000      0.00000
     -1.69448      1.16852      0.00000      0.00000
     -1.68448      0.97376      0.00000      0.00000
     -1.67448      0.66124      0.00000      0.00000
     -1.66448      0.49073      0.00000      0.00000
     -1.65448      0.59770      0.00000      0.00000
     -1.64448      1.05408      0.00000      0.00000
     -1.63448      1.77194      0.00000      0.00000
     -1.62448      2.27914      0.00000      0.00000
     -1.61448      2.05936      0.00000      0.00000
     -1.60448      1.71437      0.00000      0.00000
     -1.59448      1.75399      0.00000      0.00000
     -1.58448      2.23735      0.00000      0.00000
     -1.57448      2.86923      0.00000      0.00000
     -1.56448      2.98430      0.00000      0.00000
     -1.55448      2.60599      0.00000      0.00000
     -1.54448      2.08313      0.00000      0.00000
     -1.53448      1.54737      0.00000      0.00000
     -1.52448      1.31097      0.00000      0.00000
     -1.51448      1.70377      0.00000      0.00000
     -1.50448      2.60394      0.00000      0.00000
     -1.49448      2.71449      0.00000      0.00000
     -1.48448      1.51726      0.00000      0.00000
     -1.47448      0.51628      0.00000      0.00000
     -1.46448      0.69024      0.00000      0.00000
     -1.45448      1.79597      0.00000      0.00000
     -1.44448      2.89601      0.00000      0.00000
     -1.43448      3.39927      0.00000      0.00000
     -1.42448      3.38219      0.00000      0.00000
     -1.41448      2.79949      0.00000      0.00000
     -1.40448      2.46166      0.00000      0.00000
     -1.39448      2.62116      0.00000      0.00000
     -1.38448      2.69079      0.00000      0.00000
     -1.37448      2.39903      0.00000      0.00000
     -1.36448      2.19804      0.00000      0.00000
     -1.35448      3.19692      0.00000      0.00000
     -1.34448      4.27265      0.00000      0.00000
     -1.33448      3.87465      0.00000      0.00000
     -1.32448      2.85487      0.00000      0.00000
     -1.31448      2.91881      0.00000      0.00000
     -1.30448      3.44837      0.00000      0.00000
     -1.29448      3.57111      0.00000      0.00000
     -1.28448      4.59233      0.00000      0.00000
     -1.27448      5.62949      0.00000      0.00000
     -1.26448      5.72102      0.00000      0.00000
     -1.25448      5.78624      0.00000      0.00000
     -1.24448      5.69413      0.00000      0.00000
     -1.23448      4.86071      0.00000      0.00000
     -1.22448      3.88869      0.00000      0.00000
     -1.21448      3.98486      0.00000      0.00000
     -1.20448      4.45296      0.00000      0.00000
     -1.19448      4.45650      0.00000      0.00000
     -1.18448      4.00181      0.00000      0.00000
     -1.17448      3.75719      0.00000      0.00000
     -1.16448      3.77135      0.00000      0.00000
     -1.15448      4.13466      0.00000      0.00000
     -1.14448      4.82789      0.00000      0.00000
     -1.13448      4.64265      0.00000      0.00000
     -1.12448      3.76233      0.00000      0.00000
     -1.11448      3.57273      0.00000      0.00000
     -1.10448      3.51830      0.00000      0.00000
     -1.09448      3.17441      0.00000      0.00000
     -1.08448      3.90615      0.00000      0.00000
     -1.07448      5.12385      0.00000      0.00000
     -1.06448      5.51221      0.00000      0.00000
     -1.05448      4.95867      0.00000      0.00000
     -1.04448      4.12628      0.00000      0.00000
     -1.03448      3.87740      0.00000      0.00000
     -1.02448      4.42856      0.00000      0.00000
     -1.01448      5.51144      0.00000      0.00000
     -1.00448      5.86530      0.00000      0.00000
     -0.99448      5.53920      0.00000      0.00000
     -0.98448      5.27194      0.00000      0.00000
     -0.97448      5.42935      0.00000      0.00000
     -0.96448      5.63825      0.00000      0.00000
     -0.95448      5.40619      0.00000      0.00000
     -0.94448      4.72331      0.00000      0.00000
     -0.93448      4.15119      0.00000      0.00000
     -0.92448      3.89821      0.00000      0.00000
     -0.91448      3.96288      0.00000      0.00000
     -0.90448      4.56180      0.00000      0.00000
     -0.89448      4.71874      0.00000      0.00000
     -0.88448      4.00836      0.00000      0.00000
     -0.87448      3.46902      0.00000      0.00000
     -0.86448      3.66782      0.00000      0.00000
     -0.85448      3.67139      0.00000      0.00000
     -0.84448      3.59260      0.00000      0.00000
     -0.83448      3.92340      0.00000      0.00000
     -0.82448      4.25635      0.00000      0.00000
     -0.81448      4.11917      0.00000      0.00000
     -0.80448      3.69392      0.00000      0.00000
     -0.79448      3.28250      0.00000      0.00000
     -0.78448      2.91139      0.00000      0.00000
     -0.77448      3.06893      0.00000      0.00000
     -0.76448      3.79537      0.00000      0.00000
     -0.75448      3.92288      0.00000      0.00000
     -0.74448      3.66484      0.00000      0.00000
     -0.73448      3.31544      0.00000      0.00000
     -0.72448      3.27997      0.00000      0.00000
     -0.71448      3.92932      0.00000      0.00000
     -0.70448      4.31111      0.00000      0.00000
     -0.69448      3.62718      0.00000      0.00000
     -0.68448      2.89677      0.00000      0.00000
     -0.67448      3.01980      0.00000      0.00000
     -0.66448      3.56979      0.00000      0.00000
     -0.65448      3.76588      0.00000      0.00000
     -0.64448      3.32806      0.00000      0.00000
     -0.63448      2.73569      0.00000      0.00000
     -0.62448      2.13057      0.00000      0.00000
     -0.61448      1.82966      0.00000      0.00000
     -0.60448      1.86025      0.00000      0.00000
     -0.59448      1.80185      0.00000      0.00000
     -0.58448      1.54610      0.00000      0.00000
     -0.57448      1.09153      0.00000      0.00000
     -0.56448      0.82634      0.00000      0.00000
     -0.55448      0.93551      0.00000      0.00000
     -0.54448      1.25233      0.00000      0.00000
     -0.53448      1.45283      0.00000      0.00000
     -0.52448      1.32426      0.00000      0.00000
     -0.51448      1.06675      0.00000      0.00000
     -0.50448      0.86337      0.00000      0.00000
     -0.49448      0.72643      0.00000      0.00000
     -0.48448      0.88016      0.00000      0.00000
     -0.47448      0.99626      0.00000      0.00000
     -0.46448      0.96301      0.00000      0.00000
     -0.45448      0.90928      0.00000      0.00000
     -0.44448      0.83586      0.00000      0.00000
     -0.43448      0.68305      0.00000      0.00000
     -0.42448      0.53314      0.00000      0.00000
     -0.41448      0.53506      0.00000      0.00000
     -0.40448      0.56485      0.00000      0.00000
     -0.39448      0.52815      0.00000      0.00000
     -0.38448      0.45414      0.00000      0.00000
     -0.37448      0.41723      0.00000      0.00000
     -0.36448      0.48133      0.00000      0.00000
     -0.35448      0.55541      0.00000      0.00000
     -0.34448      0.44439      0.00000      0.00000
     -0.33448      0.24987      0.00000      0.00000
     -0.32448      0.40091      0.00000      0.00000
     -0.31448      0.67619      0.00000      0.00000
     -0.30448      0.79223      0.00000      0.00000
     -0.29448      0.90075      0.00000      0.00000
     -0.28448      0.72073      0.00000      0.00000
     -0.27448      0.27874      0.00000      0.00000
     -0.26448      0.05190      0.00000      0.00000
     -0.25448      0.08630      0.00000      0.00000
     -0.24448      0.37550      0.00000      0.00000
     -0.23448      0.62589      0.00000      0.00000
     -0.22448      0.41349      0.00000      0.00000
     -0.21448      0.21516      0.00000      0.00000
     -0.20448      0.26354      0.00000      0.00000
     -0.19448      0.35554      0.00000      0.00000
     -0.18448      0.33163      0.00000      0.00000
     -0.17448      0.33745      0.00000      0.00000
     -0.16448      0.54214      0.00000      0.00000
     -0.15448      0.59172      0.00000      0.00000
     -0.14448      0.47897      0.00000      0.00000
     -0.13448      0.32436      0.00000      0.00000
     -0.12448      0.12961      0.00000      0.00000
     -0.11448      0.09730      0.00000      0.00000
     -0.10448      0.21083      0.00000      0.00000
     -0.09448      0.33338      0.00000      0.00000
     -0.08448      0.34846      0.00000      0.00000
     -0.07448      0.24325      0.00000      0.00000
     -0.06448      0.28664      0.00000      0.00000
     -0.05448      0.32837      0.00000      0.00000
     -0.04448      0.29325      0.00000      0.00000
     -0.03448      0.33124      0.00000      0.00000
     -0.02448      0.23285      0.00000      0.00000
     -0.01448      0.15044      0.00000      0.00000
     -0.00448      0.16039      0.00000      0.00000
      0.00552      0.09048      0.00000      0.00000
      0.01552      0.01928      0.00000      0.00000
      0.02552      0.00151      0.00000      0.00000
      0.03552      0.00004      0.00000      0.00000
      0.04552      0.00000      0.00000      0.00000
      0.05552      0.00000      0.00000      0.00000
      0.06552      0.00000      0.00000      0.00000
      0.07552      0.00000      0.00000      0.00000
      0.08552      0.00000      0.00000      0.00000
      0.09552      0.00000      0.00000      0.00000
      0.10552      0.00000      0.00000      0.00000
      0.11552      0.00000      0.00000      0.00000
      0.12552      0.00000      0.00000      0.00000
      0.13552      0.00000      0.00000      0.00000
      0.14552      0.00000      0.00000      0.00000
      0.15552      0.00000      0.00000      0.00000
      0.16552      0.00000      0.00000      0.00000
      0.17552      0.00000      0.00000      0.00000
      0.18552      0.00000      0.00000      0.00000
      0.19552      0.00000      0.00000      0.00000
      0.20552      0.00000      0.00000      0.00000
      0.21552      0.00000      0.00000      0.00000
      0.22552      0.00000      0.00000      0.00000
      0.23552      0.00000      0.00000      0.00000
      0.24552      0.00000      0.00000      0.00000
      0.25552      0.00000      0.00000      0.00000
      0.26552      0.00000      0.00000      0.00000
      0.27552      0.00000      0.00000      0.00000
      0.28552      0.00000      0.00000      0.00000
      0.29552      0.00000      0.00000      0.00000
      0.30552      0.00000      0.00000      0.00000
      0.31552      0.00000      0.00000      0.00000
      0.32552      0.00000      0.00000      0.00000
      0.33552      0.00000      0.00000      0.00000
      0.34552      0.00000      0.00000      0.00000
      0.35552      0.00000      0.00000      0.00000
      0.36552      0.00000      0.00000      0.00000
      0.37552      0.00000      0.00000      0.00000
      0.38552      0.00000      0.00000      0.00000
      0.39552      0.00000      0.00000      0.00000
      0.40552      0.00000      0.00000      0.00000
      0.41552      0.00000      0.00000      0.00000
      0.42552      0.00000      0.00000      0.00000
      0.43552      0.00000      0.00000      0.00000
      0.44552      0.00000      0.00000      0.00000
      0.45552      0.00000      0.00000      0.00000
      0.46552      0.00000      0.00000      0.00000
      0.47552      0.00000      0.00000      0.00000
      0.48552      0.00000      0.00000      0.00000
      0.49552      0.00000      0.00000      0.00000
      0.50552      0.00000      0.00000      0.00000
      0.51552      0.00000      0.00000      0.00000
      0.52552      0.00000      0.00000      0.00000
      0.53552      0.00000      0.00000      0.00000
      0.54552      0.00000      0.00000      0.00000
      0.55552      0.00000      0.00000      0.00000
      0.56552      0.00000      0.00000      0.00000
      0.57552      0.00000      0.00000      0.00000
      0.58552      0.00000      0.00000      0.00000
      0.59552      0.00000      0.00000      0.00000
      0.60552      0.00000      0.00000      0.00000
      0.61552      0.00000      0.00000      0.00000
      0.62552      0.00000      0.00000      0.00000
      0.63552      0.00000      0.00000      0.00000
      0.64552      0.00000      0.00000      0.00000
      0.65552      0.00000      0.00000      0.00000
      0.66552      0.00000      0.00000      0.00000
      0.67552      0.00000      0.00000      0.00000
      0.68552      0.00000      0.00000      0.00000
      0.69552      0.00000      0.00000      0.00000
      0.70552      0.00000      0.00000      0.00000
      0.71552      0.00000      0.00000      0.00000
      0.72552      0.00000      0.00000      0.00000
      0.73552      0.00000      0.00000      0.00000
      0.74552      0.00000      0.00000      0.00000
      0.75552      0.00000      0.00000      0.00000
      0.76552      0.00000      0.00000      0.00000
      0.77552      0.00000      0.00000      0.00000
      0.78552      0.00000      0.00000      0.00000
      0.79552      0.00000      0.00000      0.00000
      0.80552      0.00000      0.00000      0.00000
      0.81552      0.00000      0.00000      0.00000
      0.82552      0.00000      0.00000      0.00000
      0.83552      0.00000      0.00000      0.00000
      0.84552      0.00000      0.00000      0.00000
      0.85552      0.00000      0.00000      0.00000
      0.86552      0.00000      0.00000      0.00000
      0.87552      0.00000      0.00000      0.00000
      0.88552      0.00000      0.00000      0.00000
      0.89552      0.00000      0.00000      0.00000
      0.90552      0.00000      0.00000      0.00000
      0.91552      0.00000      0.00000      0.00000
      0.92552      0.00000      0.00000      0.00000
      0.93552      0.00000      0.00000      0.00000
      0.94552      0.00000      0.00000      0.00000
      0.95552      0.00000      0.00000      0.00000
      0.96552      0.00000      0.00000      0.00000
      0.97552      0.00000      0.00000      0.00000
      0.98552      0.00000      0.00000      0.00000
      0.99552      0.00000      0.00000      0.00000
      1.00552      0.00000      0.00000      0.00000
      1.01552      0.00000      0.00000      0.00000
      1.02552      0.00000      0.00000      0.00000
      1.03552      0.00000      0.00000      0.00000
      1.04552      0.00000      0.00000      0.00000
      1.05552      0.00000      0.00000      0.00000
      1.06552      0.00000      0.00000      0.00000
      1.07552      0.00000      0.00000      0.00000
      1.08552      0.00000      0.00000      0.00000
      1.09552      0.00000      0.00000      0.00000
      1.10552      0.00000      0.00000      0.00000
      1.11552      0.00000      0.00000      0.00000
      1.12552      0.00000      0.00000      0.00000
      1.13552      0.00000      0.00000      0.00000
      1.14552      0.00000      0.00000      0.00000
      1.15552      0.00000      0.00000      0.00000
      1.16552      0.00000      0.00000      0.00000
      1.17552      0.00000      0.00000      0.00000
      1.18552      0.00000      0.00000      0.00000
      1.19552      0.00000      0.00000      0.00000
      1.20552      0.00000      0.00000      0.00000
      1.21552      0.00000      0.00000      0.00000
      1.22552      0.00000      0.00000      0.00000
      1.23552      0.00000      0.00000      0.00000
      1.24552      0.00000      0.00000      0.00000
      1.25552      0.00000      0.00000      0.00000
      1.26552      0.00000      0.00000      0.00000
      1.27552      0.00000      0.00000      0.00000
      1.28552      0.00000      0.00000      0.00000
      1.29552      0.00000      0.00000      0.00000
      1.30552      0.00000      0.00000      0.00000
      1.31552      0.00000      0.00000      0.00000
      1.32552      0.00000      0.00000      0.00000
      1.33552      0.00000      0.00000      0.00000
      1.34552      0.00000      0.00000      0.00000
      1.35552      0.00000      0.00000      0.00000
      1.36552      0.00000      0.00000      0.00000
      1.37552      0.00000      0.00000      0.00000
      1.38552      0.00000      0.00000      0.00000
      1.39552      0.00000      0.00000      0.00000
      1.40552      0.00000      0.00000      0.00000
      1.41552      0.00000      0.00000      0.00000
      1.42552      0.00000      0.00000      0.00000
      1.43552      0.00000      0.00000      0.00000
      1.44552      0.00000      0.00000      0.00000
      1.45552      0.00000      0.00000      0.00000
      1.46552      0.00000      0.00000      0.00000
      1.47552      0.00000      0.00000      0.00000
      1.48552      0.00000      0.00000      0.00000
      1.49552      0.00000      0.00000      0.00000
      1.50552      0.00000      0.00000      0.00000
      1.51552      0.00000      0.00000      0.00000
      1.52552      0.00000      0.00000      0.00000
      1.53552      0.00000      0.00000      0.00000
      1.54552      0.00000      0.00000      0.00000
      1.55552      0.00000      0.00000      0.00000
      1.56552      0.00000      0.00000      0.00000
      1.57552      0.00000      0.00000      0.00000
      1.58552      0.00000      0.00000      0.00000
      1.59552      0.00000      0.00000      0.00000
      1.60552      0.00000      0.00000      0.00000
      1.61552      0.00000      0.00000      0.00000
      1.62552      0.00000      0.00000      0.00000
      1.63552      0.00000      0.00000      0.00000
      1.64552      0.00000      0.00000      0.00000
      1.65552      0.00000      0.00000      0.00000
      1.66552      0.00000      0.00000      0.00000
      1.67552      0.00000      0.00000      0.00000
      1.68552      0.00000      0.00000      0.00000
      1.69552      0.00000      0.00000      0.00000
      1.70552      0.00000      0.00000      0.00000
      1.71552      0.00000      0.00000      0.00000
      1.72552      0.00000      0.00000      0.00000
      1.73552      0.00000      0.00000      0.00000
      1.74552      0.00000      0.00000      0.00000
      1.75552      0.00000      0.00000      0.00000
      1.76552      0.00011      0.00000      0.00000
      1.77552      0.00384      0.00000      0.00000
      1.78552      0.05173      0.00000      0.00000
      1.79552      0.27800      0.00000      0.00000
      1.80552      0.71038      0.00000      0.00000
      1.81552      1.19442      0.00000      0.00000
      1.82552      1.47910      0.00000      0.00000
      1.83552      1.38279      0.00000      0.00000
      1.84552      1.40191      0.00000      0.00000
      1.85552      1.40807      0.00000      0.00000
      1.86552      1.08673      0.00000      0.00000
      1.87552      1.21469      0.00000      0.00000
      1.88552      1.88122      0.00000      0.00000
      1.89552      2.10396      0.00000      0.00000
      1.90552      1.85349      0.00000      0.00000
      1.91552      1.63873      0.00000      0.00000
      1.92552      1.64863      0.00000      0.00000
      1.93552      2.11998      0.00000      0.00000
      1.94552      2.35677      0.00000      0.00000
      1.95552      1.81076      0.00000      0.00000
      1.96552      1.47958      0.00000      0.00000
      1.97552      2.17074      0.00000      0.00000
      1.98552      3.23519      0.00000      0.00000
      1.99552      3.80335      0.00000      0.00000
      2.00552      3.93557      0.00000      0.00000
      2.01552      3.98768      0.00000      0.00000
      2.02552      4.15352      0.00000      0.00000
      2.03552      4.19961      0.00000      0.00000
      2.04552      4.23884      0.00000      0.00000
      2.05552      4.55316      0.00000      0.00000
      2.06552      5.01658      0.00000      0.00000
      2.07552      5.00685      0.00000      0.00000
      2.08552      4.93123      0.00000      0.00000
      2.09552      5.88182      0.00000      0.00000
      2.10552      7.09156      0.00000      0.00000
      2.11552      7.61844      0.00000      0.00000
      2.12552      7.90512      0.00000      0.00000
      2.13552      8.26557      0.00000      0.00000
      2.14552      7.79694      0.00000      0.00000
      2.15552      6.56413      0.00000      0.00000
      2.16552      5.37017      0.00000      0.00000
      2.17552      5.05372      0.00000      0.00000
      2.18552      5.66391      0.00000      0.00000
      2.19552      6.26619      0.00000      0.00000
      2.20552      6.35653      0.00000      0.00000
      2.21552      5.71293      0.00000      0.00000
      2.22552      4.84251      0.00000      0.00000
      2.23552      4.60741      0.00000      0.00000
      2.24552      4.97429      0.00000      0.00000
      2.25552      5.63069      0.00000      0.00000
      2.26552      6.66820      0.00000      0.00000
      2.27552      6.78741      0.00000      0.00000
      2.28552      6.01928      0.00000      0.00000
      2.29552      5.89719      0.00000      0.00000
      2.30552      6.28932      0.00000      0.00000
      2.31552      5.77417      0.00000      0.00000
      2.32552      5.18793      0.00000      0.00000
      2.33552      5.63758      0.00000      0.00000
      2.34552      5.84258      0.00000      0.00000
      2.35552      5.22991      0.00000      0.00000
      2.36552      4.39852      0.00000      0.00000
      2.37552      3.74937      0.00000      0.00000
      2.38552      3.28685      0.00000      0.00000
      2.39552      3.84064      0.00000      0.00000
      2.40552      5.39807      0.00000      0.00000
      2.41552      5.60451      0.00000      0.00000
      2.42552      4.69729      0.00000      0.00000
      2.43552      4.26245      0.00000      0.00000
      2.44552      4.74968      0.00000      0.00000
      2.45552      4.50921      0.00000      0.00000
      2.46552      3.30819      0.00000      0.00000
      2.47552      2.90095      0.00000      0.00000
      2.48552      3.24746      0.00000      0.00000
      2.49552      3.94244      0.00000      0.00000
      2.50552      4.60169      0.00000      0.00000
      2.51552      4.37023      0.00000      0.00000
      2.52552      3.28109      0.00000      0.00000
      2.53552      2.54443      0.00000      0.00000
      2.54552      2.91984      0.00000      0.00000
      2.55552      3.56913      0.00000      0.00000
      2.56552      3.90736      0.00000      0.00000
      2.57552      4.39216      0.00000      0.00000
      2.58552      4.37723      0.00000      0.00000
      2.59552      3.63206      0.00000      0.00000
      2.60552      3.58780      0.00000      0.00000
      2.61552      5.02328      0.00000      0.00000
      2.62552      8.28941      0.00000      0.00000
      2.63552     11.65104      0.00000      0.00000
      2.64552     12.05579      0.00000      0.00000
      2.65552     11.19575      0.00000      0.00000
      2.66552     11.78770      0.00000      0.00000
      2.67552     13.22038      0.00000      0.00000
      2.68552     13.59141      0.00000      0.00000
      2.69552     11.43791      0.00000      0.00000
      2.70552      9.27468      0.00000      0.00000
      2.71552      8.24394      0.00000      0.00000
      2.72552      7.92691      0.00000      0.00000
      2.73552      7.74136      0.00000      0.00000
      2.74552      7.63365      0.00000      0.00000
      2.75552      8.21750      0.00000      0.00000
      2.76552      9.02989      0.00000      0.00000
      2.77552      8.62831      0.00000      0.00000
      2.78552      7.26131      0.00000      0.00000
      2.79552      7.06169      0.00000      0.00000
      2.80552      8.10465      0.00000      0.00000
      2.81552      8.11316      0.00000      0.00000
      2.82552      6.96877      0.00000      0.00000
      2.83552      6.66336      0.00000      0.00000
      2.84552      6.75596      0.00000      0.00000
      2.85552      7.08922      0.00000      0.00000
      2.86552      6.96752      0.00000      0.00000
      2.87552      6.01687      0.00000      0.00000
      2.88552      5.60247      0.00000      0.00000
      2.89552      6.68544      0.00000      0.00000
      2.90552      7.20392      0.00000      0.00000
      2.91552      6.28868      0.00000      0.00000
      2.92552      5.94324      0.00000      0.00000
      2.93552      6.75059      0.00000      0.00000
      2.94552      7.43604      0.00000      0.00000
      2.95552      7.86626      0.00000      0.00000
      2.96552      9.42600      0.00000      0.00000
      2.97552     11.37714      0.00000      0.00000
      2.98552     11.42782      0.00000      0.00000
      2.99552     10.84454      0.00000      0.00000
      3.00552     11.85528      0.00000      0.00000
      3.01552     12.73733      0.00000      0.00000
      3.02552     13.86144      0.00000      0.00000
      3.03552     14.15570      0.00000      0.00000
      3.04552     11.92894      0.00000      0.00000
      3.05552      8.97906      0.00000      0.00000
      3.06552      7.72197      0.00000      0.00000
      3.07552      9.45577      0.00000      0.00000
      3.08552     11.40199      0.00000      0.00000
      3.09552     10.21907      0.00000      0.00000
      3.10552      7.80887      0.00000      0.00000
      3.11552      6.36562      0.00000      0.00000
      3.12552      5.78727      0.00000      0.00000
      3.13552      5.47495      0.00000      0.00000
      3.14552      5.86218      0.00000      0.00000
      3.15552      7.51171      0.00000      0.00000
      3.16552      8.83145      0.00000      0.00000
      3.17552      8.48922      0.00000      0.00000
      3.18552      7.32372      0.00000      0.00000
      3.19552      6.25670      0.00000      0.00000
      3.20552      6.15380      0.00000      0.00000
      3.21552      6.52736      0.00000      0.00000
      3.22552      7.03169      0.00000      0.00000
      3.23552      7.15981      0.00000      0.00000
      3.24552      5.87150      0.00000      0.00000
      3.25552      5.37814      0.00000      0.00000
      3.26552      5.33750      0.00000      0.00000
      3.27552      4.83680      0.00000      0.00000
      3.28552      5.03944      0.00000      0.00000
      3.29552      5.44956      0.00000      0.00000
      3.30552      5.44472      0.00000      0.00000
      3.31552      4.82118      0.00000      0.00000
      3.32552      4.18950      0.00000      0.00000
      3.33552      4.56340      0.00000      0.00000
      3.34552      5.76417      0.00000      0.00000
      3.35552      6.91295      0.00000      0.00000
      3.36552      7.83143      0.00000      0.00000
      3.37552      6.73786      0.00000      0.00000
      3.38552      4.54106      0.00000      0.00000
      3.39552      4.42107      0.00000      0.00000
      3.40552      5.55056      0.00000      0.00000
      3.41552      6.49413      0.00000      0.00000
      3.42552      6.86258      0.00000      0.00000
      3.43552      6.44932      0.00000      0.00000
      3.44552      4.92219      0.00000      0.00000
      3.45552      3.60033      0.00000      0.00000
      3.46552      3.91352      0.00000      0.00000
      3.47552      5.70892      0.00000      0.00000
      3.48552      6.74608      0.00000      0.00000
      3.49552      6.34558      0.00000      0.00000
      3.50552      6.46053      0.00000      0.00000
      3.51552      7.27846      0.00000      0.00000
      3.52552      6.48756      0.00000      0.00000
      3.53552      4.82601      0.00000      0.00000
      3.54552      4.69750      0.00000      0.00000
      3.55552      5.52091      0.00000      0.00000
      3.56552      5.46742      0.00000      0.00000
      3.57552      4.49771      0.00000      0.00000
      3.58552      4.02768      0.00000      0.00000
      3.59552      4.48912      0.00000      0.00000
      3.60552      4.14715      0.00000      0.00000
      3.61552      3.41426      0.00000      0.00000
      3.62552      3.37013      0.00000      0.00000
      3.63552      3.59189      0.00000      0.00000
      3.64552      3.48527      0.00000      0.00000
      3.65552      2.75651      0.00000      0.00000
      3.66552      2.41873      0.00000      0.00000
      3.67552      2.67506      0.00000      0.00000
      3.68552      3.20354      0.00000      0.00000
      3.69552      3.53251      0.00000      0.00000
      3.70552      3.85928      0.00000      0.00000
      3.71552      4.64953      0.00000      0.00000
      3.72552      4.89272      0.00000      0.00000
      3.73552      4.15060      0.00000      0.00000
      3.74552      3.74145      0.00000      0.00000
      3.75552      4.13113      0.00000      0.00000
      3.76552      4.27791      0.00000      0.00000
      3.77552      3.78194      0.00000      0.00000
      3.78552      3.02320      0.00000      0.00000
      3.79552      2.74053      0.00000      0.00000
      3.80552      2.67022      0.00000      0.00000
      3.81552      2.67140      0.00000      0.00000
      3.82552      3.15141      0.00000      0.00000
      3.83552      3.51720      0.00000      0.00000
      3.84552      3.67133      0.00000      0.00000
      3.85552      3.70822      0.00000      0.00000
      3.86552      3.14398      0.00000      0.00000
      3.87552      2.58423      0.00000      0.00000
      3.88552      2.54718      0.00000      0.00000
      3.89552      3.34864      0.00000      0.00000
      3.90552      4.75506      0.00000      0.00000
      3.91552      5.21120      0.00000      0.00000
      3.92552      4.63982      0.00000      0.00000
      3.93552      3.94045      0.00000      0.00000
      3.94552      2.99282      0.00000      0.00000
      3.95552      2.24059      0.00000      0.00000
      3.96552      2.12922      0.00000      0.00000
      3.97552      2.63739      0.00000      0.00000
      3.98552      3.80402      0.00000      0.00000
      3.99552      4.91046      0.00000      0.00000
      4.00552      4.74836      0.00000      0.00000
      4.01552      3.68478      0.00000      0.00000
      4.02552      2.88383      0.00000      0.00000
      4.03552      2.38184      0.00000      0.00000
      4.04552      2.12197      0.00000      0.00000
      4.05552      3.09171      0.00000      0.00000
      4.06552      4.47452      0.00000      0.00000
      4.07552      4.28773      0.00000      0.00000
      4.08552      3.09676      0.00000      0.00000
      4.09552      2.33116      0.00000      0.00000
      4.10552      1.80257      0.00000      0.00000
      4.11552      1.28962      0.00000      0.00000
      4.12552      1.26660      0.00000      0.00000
      4.13552      1.64118      0.00000      0.00000
      4.14552      2.12376      0.00000      0.00000
      4.15552      2.38988      0.00000      0.00000
      4.16552      1.81396      0.00000      0.00000
      4.17552      0.92033      0.00000      0.00000
      4.18552      0.55115      0.00000      0.00000
      4.19552      0.77085      0.00000      0.00000
      4.20552      1.42535      0.00000      0.00000
      4.21552      2.36019      0.00000      0.00000
      4.22552      3.19583      0.00000      0.00000
      4.23552      2.99263      0.00000      0.00000
      4.24552      1.83978      0.00000      0.00000
      4.25552      0.87206      0.00000      0.00000
      4.26552      0.69053      0.00000      0.00000
      4.27552      0.87384      0.00000      0.00000
      4.28552      1.20577      0.00000      0.00000
      4.29552      1.80508      0.00000      0.00000
      4.30552      1.93029      0.00000      0.00000
      4.31552      1.33883      0.00000      0.00000
      4.32552      0.88243      0.00000      0.00000
      4.33552      1.34745      0.00000      0.00000
      4.34552      2.37210      0.00000      0.00000
      4.35552      3.44165      0.00000      0.00000
      4.36552      4.03714      0.00000      0.00000
      4.37552      3.41787      0.00000      0.00000
      4.38552      2.65905      0.00000      0.00000
      4.39552      2.41356      0.00000      0.00000
      4.40552      2.45977      0.00000      0.00000
      4.41552      2.67435      0.00000      0.00000
      4.42552      2.67620      0.00000      0.00000
      4.43552      2.73150      0.00000      0.00000
      4.44552      3.43729      0.00000      0.00000
      4.45552      4.25624      0.00000      0.00000
      4.46552      4.44766      0.00000      0.00000
      4.47552      4.38522      0.00000      0.00000
      4.48552      4.00367      0.00000      0.00000
      4.49552      4.17072      0.00000      0.00000
      4.50552      4.78302      0.00000      0.00000
      4.51552      4.66837      0.00000      0.00000
      4.52552      4.37674      0.00000      0.00000
      4.53552      5.03357      0.00000      0.00000
      4.54552      6.17729      0.00000      0.00000
      4.55552      6.95749      0.00000      0.00000
      4.56552      7.58423      0.00000      0.00000
      4.57552      8.53740      0.00000      0.00000
      4.58552      8.81268      0.00000      0.00000
      4.59552      8.72995      0.00000      0.00000
      4.60552      9.07172      0.00000      0.00000
      4.61552      8.63459      0.00000      0.00000
      4.62552      8.57505      0.00000      0.00000
      4.63552      9.68614      0.00000      0.00000
      4.64552      9.94740      0.00000      0.00000
      4.65552      8.79555      0.00000      0.00000
      4.66552      7.94733      0.00000      0.00000
      4.67552      8.02719      0.00000      0.00000
      4.68552      7.65516      0.00000      0.00000
      4.69552      6.84643      0.00000      0.00000
      4.70552      5.93518      0.00000      0.00000
      4.71552      5.65887      0.00000      0.00000
      4.72552      6.03213      0.00000      0.00000
      4.73552      6.29655      0.00000      0.00000
      4.74552      6.31215      0.00000      0.00000
      4.75552      6.19105      0.00000      0.00000
      4.76552      5.96141      0.00000      0.00000
      4.77552      5.32005      0.00000      0.00000
      4.78552      4.55985      0.00000      0.00000
      4.79552      4.13165      0.00000      0.00000
      4.80552      3.55504      0.00000      0.00000
      4.81552      2.96139      0.00000      0.00000
      4.82552      2.74481      0.00000      0.00000
      4.83552      3.18655      0.00000      0.00000
      4.84552      3.72932      0.00000      0.00000
      4.85552      3.34182      0.00000      0.00000
      4.86552      2.35198      0.00000      0.00000
      4.87552      1.86959      0.00000      0.00000
      4.88552      1.94574      0.00000      0.00000
      4.89552      2.38439      0.00000      0.00000
      4.90552      3.17400      0.00000      0.00000
      4.91552      3.59306      0.00000      0.00000
      4.92552      3.48863      0.00000      0.00000
      4.93552      2.93930      0.00000      0.00000
      4.94552      2.51859      0.00000      0.00000
      4.95552      2.48189      0.00000      0.00000
      4.96552      1.79391      0.00000      0.00000
      4.97552      1.13140      0.00000      0.00000
      4.98552      1.49273      0.00000      0.00000
      4.99552      2.28449      0.00000      0.00000
      5.00552      3.02103      0.00000      0.00000
      5.01552      3.51279      0.00000      0.00000
      5.02552      3.04315      0.00000      0.00000
      5.03552      2.22033      0.00000      0.00000
      5.04552      1.92601      0.00000      0.00000
      5.05552      2.04128      0.00000      0.00000
      5.06552      2.01831      0.00000      0.00000
      5.07552      1.72370      0.00000      0.00000
      5.08552      1.60734      0.00000      0.00000
      5.09552      1.42036      0.00000      0.00000
      5.10552      1.13249      0.00000      0.00000
      5.11552      1.09684      0.00000      0.00000
      5.12552      1.38023      0.00000      0.00000
      5.13552      1.70968      0.00000      0.00000
      5.14552      1.97531      0.00000      0.00000
      5.15552      2.24999      0.00000      0.00000
      5.16552      2.41020      0.00000      0.00000
      5.17552      2.29945      0.00000      0.00000
      5.18552      2.19639      0.00000      0.00000
      5.19552      1.87633      0.00000      0.00000
      5.20552      1.43060      0.00000      0.00000
      5.21552      1.33702      0.00000      0.00000
      5.22552      1.36517      0.00000      0.00000
      5.23552      1.39204      0.00000      0.00000
      5.24552      1.19488      0.00000      0.00000
      5.25552      1.22100      0.00000      0.00000
      5.26552      1.32930      0.00000      0.00000
      5.27552      1.49565      0.00000      0.00000
      5.28552      2.05979      0.00000      0.00000
      5.29552      2.52039      0.00000      0.00000
      5.30552      2.51321      0.00000      0.00000
      5.31552      2.03824      0.00000      0.00000
      5.32552      1.61131      0.00000      0.00000
      5.33552      1.14122      0.00000      0.00000
      5.34552      0.67890      0.00000      0.00000
      5.35552      0.77290      0.00000      0.00000
      5.36552      1.48808      0.00000      0.00000
      5.37552      1.56065      0.00000      0.00000
      5.38552      0.84129      0.00000      0.00000
      5.39552      0.56798      0.00000      0.00000
      5.40552      0.99399      0.00000      0.00000
      5.41552      1.57073      0.00000      0.00000
      5.42552      1.86186      0.00000      0.00000
      5.43552      1.60103      0.00000      0.00000
      5.44552      1.42421      0.00000      0.00000
      5.45552      1.56266      0.00000      0.00000
      5.46552      1.50851      0.00000      0.00000
      5.47552      1.59988      0.00000      0.00000
      5.48552      1.99110      0.00000      0.00000
      5.49552      2.07809      0.00000      0.00000
      5.50552      1.42758      0.00000      0.00000
      5.51552      0.69531      0.00000      0.00000
      5.52552      0.59928      0.00000      0.00000
      5.53552      0.80685      0.00000      0.00000
      5.54552      0.69542      0.00000      0.00000
      5.55552      0.69204      0.00000      0.00000
      5.56552      1.18518      0.00000      0.00000
      5.57552      1.83645      0.00000      0.00000
      5.58552      1.90535      0.00000      0.00000
      5.59552      1.67094      0.00000      0.00000
      5.60552      1.82553      0.00000      0.00000
      5.61552      1.96204      0.00000      0.00000
      5.62552      1.85734      0.00000      0.00000
      5.63552      1.71067      0.00000      0.00000
      5.64552      1.33958      0.00000      0.00000
      5.65552      1.24024      0.00000      0.00000
      5.66552      1.20310      0.00000      0.00000
      5.67552      1.06903      0.00000      0.00000
      5.68552      1.42235      0.00000      0.00000
      5.69552      1.69147      0.00000      0.00000
      5.70552      1.75427      0.00000      0.00000
      5.71552      1.96669      0.00000      0.00000
      5.72552      2.17719      0.00000      0.00000
      5.73552      2.26587      0.00000      0.00000
      5.74552      1.99554      0.00000      0.00000
      5.75552      1.80802      0.00000      0.00000
      5.76552      2.04089      0.00000      0.00000
      5.77552      1.91755      0.00000      0.00000
      5.78552      1.43086      0.00000      0.00000
      5.79552      1.04551      0.00000      0.00000
      5.80552      1.05245      0.00000      0.00000
      5.81552      2.02906      0.00000      0.00000
      5.82552      3.00875      0.00000      0.00000
      5.83552      2.52649      0.00000      0.00000
      5.84552      1.42460      0.00000      0.00000
      5.85552      0.72848      0.00000      0.00000
      5.86552      0.68412      0.00000      0.00000
      5.87552      1.39806      0.00000      0.00000
      5.88552      2.62149      0.00000      0.00000
      5.89552      3.47186      0.00000      0.00000
      5.90552      3.16199      0.00000      0.00000
      5.91552      2.57194      0.00000      0.00000
      5.92552      1.92705      0.00000      0.00000
      5.93552      1.28351      0.00000      0.00000
      5.94552      1.19195      0.00000      0.00000
      5.95552      1.51136      0.00000      0.00000
      5.96552      1.77338      0.00000      0.00000
      5.97552      1.86898      0.00000      0.00000
      5.98552      1.93666      0.00000      0.00000
      5.99552      2.42396      0.00000      0.00000
      6.00552      2.76526      0.00000      0.00000
      6.01552      2.57712      0.00000      0.00000
      6.02552      2.53214      0.00000      0.00000
      6.03552      2.33116      0.00000      0.00000
      6.04552      1.84857      0.00000      0.00000
      6.05552      1.65094      0.00000      0.00000
      6.06552      2.00636      0.00000      0.00000
      6.07552      2.27732      0.00000      0.00000
      6.08552      1.86748      0.00000      0.00000
      6.09552      1.24637      0.00000      0.00000
      6.10552      1.29740      0.00000      0.00000
      6.11552      1.55826      0.00000      0.00000
      6.12552      1.86659      0.00000      0.00000
      6.13552      2.21251      0.00000      0.00000
      6.14552      1.91929      0.00000      0.00000
      6.15552      1.51922      0.00000      0.00000
      6.16552      1.46896      0.00000      0.00000
      6.17552      1.22340      0.00000      0.00000
      6.18552      0.82391      0.00000      0.00000
      6.19552      0.80517      0.00000      0.00000
      6.20552      1.48692      0.00000      0.00000
      6.21552      2.10938      0.00000      0.00000
      6.22552      1.84602      0.00000      0.00000
      6.23552      1.36153      0.00000      0.00000
      6.24552      1.32546      0.00000      0.00000
      6.25552      1.60844      0.00000      0.00000
      6.26552      2.05663      0.00000      0.00000
      6.27552      1.95728      0.00000      0.00000
      6.28552      1.41207      0.00000      0.00000
      6.29552      1.19727      0.00000      0.00000
      6.30552      1.38286      0.00000      0.00000
      6.31552      1.70002      0.00000      0.00000
      6.32552      1.62852      0.00000      0.00000
      6.33552      1.63040      0.00000      0.00000
      6.34552      1.69868      0.00000      0.00000
      6.35552      1.70335      0.00000      0.00000
      6.36552      1.72837      0.00000      0.00000
      6.37552      1.42013      0.00000      0.00000
      6.38552      1.24049      0.00000      0.00000
      6.39552      1.48560      0.00000      0.00000
      6.40552      1.98482      0.00000      0.00000
      6.41552      2.44836      0.00000      0.00000
      6.42552      2.37602      0.00000      0.00000
      6.43552      2.27979      0.00000      0.00000
      6.44552      2.42257      0.00000      0.00000
      6.45552      2.20855      0.00000      0.00000
      6.46552      1.63297      0.00000      0.00000
      6.47552      1.38344      0.00000      0.00000
      6.48552      1.74097      0.00000      0.00000
      6.49552      2.04790      0.00000      0.00000
      6.50552      1.76521      0.00000      0.00000
      6.51552      1.70899      0.00000      0.00000
      6.52552      1.95220      0.00000      0.00000
      6.53552      2.32841      0.00000      0.00000
      6.54552      2.75686      0.00000      0.00000
      6.55552      2.55381      0.00000      0.00000
      6.56552      2.01527      0.00000      0.00000
      6.57552      1.40436      0.00000      0.00000
      6.58552      0.99382      0.00000      0.00000
      6.59552      1.22818      0.00000      0.00000
      6.60552      2.03508      0.00000      0.00000
      6.61552      2.70560      0.00000      0.00000
      6.62552      3.04554      0.00000      0.00000
      6.63552      3.50870      0.00000      0.00000
      6.64552      4.10252      0.00000      0.00000
      6.65552      3.65867      0.00000      0.00000
      6.66552      2.31300      0.00000      0.00000
      6.67552      1.88904      0.00000      0.00000
      6.68552      2.31190      0.00000      0.00000
      6.69552      2.39286      0.00000      0.00000
      6.70552      2.73951      0.00000      0.00000
      6.71552      3.13715      0.00000      0.00000
      6.72552      2.86415      0.00000      0.00000
      6.73552      2.86105      0.00000      0.00000
      6.74552      3.33908      0.00000      0.00000
      6.75552      3.30206      0.00000      0.00000
      6.76552      2.70251      0.00000      0.00000
      6.77552      2.29732      0.00000      0.00000
      6.78552      2.00858      0.00000      0.00000
      6.79552      2.05972      0.00000      0.00000
      6.80552      3.01179      0.00000      0.00000
      6.81552      3.28927      0.00000      0.00000
      6.82552      2.15541      0.00000      0.00000
      6.83552      0.97985      0.00000      0.00000
      6.84552      0.61686      0.00000      0.00000
      6.85552      0.90402      0.00000      0.00000
      6.86552      1.45275      0.00000      0.00000
      6.87552      2.00709      0.00000      0.00000
      6.88552      2.50927      0.00000      0.00000
      6.89552      2.84040      0.00000      0.00000
      6.90552      2.35876      0.00000      0.00000
      6.91552      1.68485      0.00000      0.00000
