Energy-E_F (eV)    DOS (1/eV)    PDOS (1/eV)  of atom type W  Se 
     -6.07422     10.27778      0.00000      0.00000
     -6.06422      9.26290      0.00000      0.00000
     -6.05422      8.83389      0.00000      0.00000
     -6.04422      9.25601      0.00000      0.00000
     -6.03422      9.72806      0.00000      0.00000
     -6.02422      9.18597      0.00000      0.00000
     -6.01422      7.74350      0.00000      0.00000
     -6.00422      6.37432      0.00000      0.00000
     -5.99422      5.55210      0.00000      0.00000
     -5.98422      5.74700      0.00000      0.00000
     -5.97422      6.41414      0.00000      0.00000
     -5.96422      6.10928      0.00000      0.00000
     -5.95422      5.33391      0.00000      0.00000
     -5.94422      4.79679      0.00000      0.00000
     -5.93422      4.29572      0.00000      0.00000
     -5.92422      3.97810      0.00000      0.00000
     -5.91422      4.37669      0.00000      0.00000
     -5.90422      4.81492      0.00000      0.00000
     -5.89422      3.93565      0.00000      0.00000
     -5.88422      3.06627      0.00000      0.00000
     -5.87422      3.18022      0.00000      0.00000
     -5.86422      3.75654      0.00000      0.00000
     -5.85422      3.52649      0.00000      0.00000
     -5.84422      2.42022      0.00000      0.00000
     -5.83422      2.41610      0.00000      0.00000
     -5.82422      3.05285      0.00000      0.00000
     -5.81422      2.83332      0.00000      0.00000
     -5.80422      2.20213      0.00000      0.00000
     -5.79422      2.07310      0.00000      0.00000
     -5.78422      2.43814      0.00000      0.00000
     -5.77422      2.91605      0.00000      0.00000
     -5.76422      2.73247      0.00000      0.00000
     -5.75422      1.86751      0.00000      0.00000
     -5.74422      1.68065      0.00000      0.00000
     -5.73422      2.03972      0.00000      0.00000
     -5.72422      2.21481      0.00000      0.00000
     -5.71422      2.02957      0.00000      0.00000
     -5.70422      1.35875      0.00000      0.00000
     -5.69422      1.27305      0.00000      0.00000
     -5.68422      2.12679      0.00000      0.00000
     -5.67422      2.76717      0.00000      0.00000
     -5.66422      2.19416      0.00000      0.00000
     -5.65422      1.08222      0.00000      0.00000
     -5.64422      0.66158      0.00000      0.00000
     -5.63422      1.06942      0.00000      0.00000
     -5.62422      1.84885      0.00000      0.00000
     -5.61422      2.31500      0.00000      0.00000
     -5.60422      1.95508      0.00000      0.00000
     -5.59422      1.36828      0.00000      0.00000
     -5.58422      1.39859      0.00000      0.00000
     -5.57422      1.98868      0.00000      0.00000
     -5.56422      2.46359      0.00000      0.00000
     -5.55422      2.30807      0.00000      0.00000
     -5.54422      2.03107      0.00000      0.00000
     -5.53422      2.60131      0.00000      0.00000
     -5.52422      4.16726      0.00000      0.00000
     -5.51422      5.53591      0.00000      0.00000
     -5.50422      6.31515      0.00000      0.00000
     -5.49422      7.15775      0.00000      0.00000
     -5.48422      7.40876      0.00000      0.00000
     -5.47422      7.60918      0.00000      0.00000
     -5.46422      7.61200      0.00000      0.00000
     -5.45422      6.77498      0.00000      0.00000
     -5.44422      5.79424      0.00000      0.00000
     -5.43422      4.54018      0.00000      0.00000
     -5.42422      3.49071      0.00000      0.00000
     -5.41422      3.09743      0.00000      0.00000
     -5.40422      3.23236      0.00000      0.00000
     -5.39422      3.89851      0.00000      0.00000
     -5.38422      4.33217      0.00000      0.00000
     -5.37422      3.69170      0.00000      0.00000
     -5.36422      2.67339      0.00000      0.00000
     -5.35422      2.21973      0.00000      0.00000
     -5.34422      2.72691      0.00000      0.00000
     -5.33422      3.62322      0.00000      0.00000
     -5.32422      4.47465      0.00000      0.00000
     -5.31422      4.99139      0.00000      0.00000
     -5.30422      5.26215      0.00000      0.00000
     -5.29422      5.28303      0.00000      0.00000
     -5.28422      5.52110      0.00000      0.00000
     -5.27422      5.66043      0.00000      0.00000
     -5.26422      5.53157      0.00000      0.00000
     -5.25422      5.83251      0.00000      0.00000
     -5.24422      5.19452      0.00000      0.00000
     -5.23422      4.33572      0.00000      0.00000
     -5.22422      4.83040      0.00000      0.00000
     -5.21422      5.51143      0.00000      0.00000
     -5.20422      6.30534      0.00000      0.00000
     -5.19422      6.94572      0.00000      0.00000
     -5.18422      5.91522      0.00000      0.00000
     -5.17422      4.38301      0.00000      0.00000
     -5.16422      4.46406      0.00000      0.00000
     -5.15422      5.81848      0.00000      0.00000
     -5.14422      6.68706      0.00000      0.00000
     -5.13422      6.94562      0.00000      0.00000
     -5.12422      7.13337      0.00000      0.00000
     -5.11422      7.55576      0.00000      0.00000
     -5.10422      8.13251      0.00000      0.00000
     -5.09422      8.51513      0.00000      0.00000
     -5.08422      8.66145      0.00000      0.00000
     -5.07422      9.77584      0.00000      0.00000
     -5.06422     11.67140      0.00000      0.00000
     -5.05422     12.88304      0.00000      0.00000
     -5.04422     12.19936      0.00000      0.00000
     -5.03422     10.87735      0.00000      0.00000
     -5.02422     10.17768      0.00000      0.00000
     -5.01422      9.52562      0.00000      0.00000
     -5.00422      7.62933      0.00000      0.00000
     -4.99422      6.17195      0.00000      0.00000
     -4.98422      5.16416      0.00000      0.00000
     -4.97422      4.38250      0.00000      0.00000
     -4.96422      4.06826      0.00000      0.00000
     -4.95422      3.84146      0.00000      0.00000
     -4.94422      4.60524      0.00000      0.00000
     -4.93422      5.76907      0.00000      0.00000
     -4.92422      5.68026      0.00000      0.00000
     -4.91422      5.13615      0.00000      0.00000
     -4.90422      4.82834      0.00000      0.00000
     -4.89422      4.30497      0.00000      0.00000
     -4.88422      3.20515      0.00000      0.00000
     -4.87422      2.34116      0.00000      0.00000
     -4.86422      2.32673      0.00000      0.00000
     -4.85422      2.83369      0.00000      0.00000
     -4.84422      2.91170      0.00000      0.00000
     -4.83422      2.38382      0.00000      0.00000
     -4.82422      1.50115      0.00000      0.00000
     -4.81422      0.92708      0.00000      0.00000
     -4.80422      1.29319      0.00000      0.00000
     -4.79422      1.61159      0.00000      0.00000
     -4.78422      1.59281      0.00000      0.00000
     -4.77422      2.21083      0.00000      0.00000
     -4.76422      2.77816      0.00000      0.00000
     -4.75422      2.25605      0.00000      0.00000
     -4.74422      1.29770      0.00000      0.00000
     -4.73422      1.08252      0.00000      0.00000
     -4.72422      1.80058      0.00000      0.00000
     -4.71422      2.83754      0.00000      0.00000
     -4.70422      3.68715      0.00000      0.00000
     -4.69422      4.11710      0.00000      0.00000
     -4.68422      3.82144      0.00000      0.00000
     -4.67422      3.09636      0.00000      0.00000
     -4.66422      3.13072      0.00000      0.00000
     -4.65422      3.87450      0.00000      0.00000
     -4.64422      4.08224      0.00000      0.00000
     -4.63422      3.60881      0.00000      0.00000
     -4.62422      3.28858      0.00000      0.00000
     -4.61422      2.37463      0.00000      0.00000
     -4.60422      1.33709      0.00000      0.00000
     -4.59422      1.51430      0.00000      0.00000
     -4.58422      2.28624      0.00000      0.00000
     -4.57422      2.36872      0.00000      0.00000
     -4.56422      2.31742      0.00000      0.00000
     -4.55422      2.39239      0.00000      0.00000
     -4.54422      2.42271      0.00000      0.00000
     -4.53422      2.35775      0.00000      0.00000
     -4.52422      2.17370      0.00000      0.00000
     -4.51422      2.08860      0.00000      0.00000
     -4.50422      1.96041      0.00000      0.00000
     -4.49422      2.57580      0.00000      0.00000
     -4.48422      4.35086      0.00000      0.00000
     -4.47422      5.67856      0.00000      0.00000
     -4.46422      5.72648      0.00000      0.00000
     -4.45422      5.47577      0.00000      0.00000
     -4.44422      5.23008      0.00000      0.00000
     -4.43422      4.10171      0.00000      0.00000
     -4.42422      3.43931      0.00000      0.00000
     -4.41422      3.81109      0.00000      0.00000
     -4.40422      3.90617      0.00000      0.00000
     -4.39422      3.27406      0.00000      0.00000
     -4.38422      2.87209      0.00000      0.00000
     -4.37422      3.44012      0.00000      0.00000
     -4.36422      4.48715      0.00000      0.00000
     -4.35422      4.70485      0.00000      0.00000
     -4.34422      4.39803      0.00000      0.00000
     -4.33422      4.07191      0.00000      0.00000
     -4.32422      3.22608      0.00000      0.00000
     -4.31422      2.90470      0.00000      0.00000
     -4.30422      3.98081      0.00000      0.00000
     -4.29422      5.68698      0.00000      0.00000
     -4.28422      5.87197      0.00000      0.00000
     -4.27422      4.08832      0.00000      0.00000
     -4.26422      2.74830      0.00000      0.00000
     -4.25422      3.07390      0.00000      0.00000
     -4.24422      4.70528      0.00000      0.00000
     -4.23422      6.48213      0.00000      0.00000
     -4.22422      7.91033      0.00000      0.00000
     -4.21422      7.92012      0.00000      0.00000
     -4.20422      6.09172      0.00000      0.00000
     -4.19422      4.52651      0.00000      0.00000
     -4.18422      4.24511      0.00000      0.00000
     -4.17422      4.14149      0.00000      0.00000
     -4.16422      4.79445      0.00000      0.00000
     -4.15422      5.72014      0.00000      0.00000
     -4.14422      6.24299      0.00000      0.00000
     -4.13422      5.91138      0.00000      0.00000
     -4.12422      4.45666      0.00000      0.00000
     -4.11422      3.30895      0.00000      0.00000
     -4.10422      2.90882      0.00000      0.00000
     -4.09422      3.64346      0.00000      0.00000
     -4.08422      5.44984      0.00000      0.00000
     -4.07422      6.72478      0.00000      0.00000
     -4.06422      6.34522      0.00000      0.00000
     -4.05422      5.25608      0.00000      0.00000
     -4.04422      4.20720      0.00000      0.00000
     -4.03422      3.73353      0.00000      0.00000
     -4.02422      3.63256      0.00000      0.00000
     -4.01422      3.88514      0.00000      0.00000
     -4.00422      5.06993      0.00000      0.00000
     -3.99422      5.39227      0.00000      0.00000
     -3.98422      4.46623      0.00000      0.00000
     -3.97422      4.08801      0.00000      0.00000
     -3.96422      4.33138      0.00000      0.00000
     -3.95422      4.44022      0.00000      0.00000
     -3.94422      4.78137      0.00000      0.00000
     -3.93422      5.50140      0.00000      0.00000
     -3.92422      5.07548      0.00000      0.00000
     -3.91422      4.25355      0.00000      0.00000
     -3.90422      3.89788      0.00000      0.00000
     -3.89422      3.75003      0.00000      0.00000
     -3.88422      3.98811      0.00000      0.00000
     -3.87422      4.69943      0.00000      0.00000
     -3.86422      4.91230      0.00000      0.00000
     -3.85422      5.10840      0.00000      0.00000
     -3.84422      5.16621      0.00000      0.00000
     -3.83422      4.55156      0.00000      0.00000
     -3.82422      4.77433      0.00000      0.00000
     -3.81422      5.55193      0.00000      0.00000
     -3.80422      5.36867      0.00000      0.00000
     -3.79422      4.36085      0.00000      0.00000
     -3.78422      3.54939      0.00000      0.00000
     -3.77422      4.44649      0.00000      0.00000
     -3.76422      5.95359      0.00000      0.00000
     -3.75422      5.20663      0.00000      0.00000
     -3.74422      3.95889      0.00000      0.00000
     -3.73422      4.46064      0.00000      0.00000
     -3.72422      5.29096      0.00000      0.00000
     -3.71422      5.82991      0.00000      0.00000
     -3.70422      6.21013      0.00000      0.00000
     -3.69422      6.01884      0.00000      0.00000
     -3.68422      5.25556      0.00000      0.00000
     -3.67422      5.34503      0.00000      0.00000
     -3.66422      5.84427      0.00000      0.00000
     -3.65422      5.00293      0.00000      0.00000
     -3.64422      4.71612      0.00000      0.00000
     -3.63422      5.31713      0.00000      0.00000
     -3.62422      5.27963      0.00000      0.00000
     -3.61422      4.93114      0.00000      0.00000
     -3.60422      4.36287      0.00000      0.00000
     -3.59422      3.74163      0.00000      0.00000
     -3.58422      3.89528      0.00000      0.00000
     -3.57422      4.86826      0.00000      0.00000
     -3.56422      5.14839      0.00000      0.00000
     -3.55422      4.50598      0.00000      0.00000
     -3.54422      4.34130      0.00000      0.00000
     -3.53422      4.61410      0.00000      0.00000
     -3.52422      4.39698      0.00000      0.00000
     -3.51422      4.43556      0.00000      0.00000
     -3.50422      4.75884      0.00000      0.00000
     -3.49422      4.62240      0.00000      0.00000
     -3.48422      4.30928      0.00000      0.00000
     -3.47422      3.14694      0.00000      0.00000
     -3.46422      1.95844      0.00000      0.00000
     -3.45422      2.20782      0.00000      0.00000
     -3.44422      2.81778      0.00000      0.00000
     -3.43422      3.17190      0.00000      0.00000
     -3.42422      3.27612      0.00000      0.00000
     -3.41422      2.57238      0.00000      0.00000
     -3.40422      2.62566      0.00000      0.00000
     -3.39422      3.07502      0.00000      0.00000
     -3.38422      2.41518      0.00000      0.00000
     -3.37422      2.10159      0.00000      0.00000
     -3.36422      2.55758      0.00000      0.00000
     -3.35422      2.90393      0.00000      0.00000
     -3.34422      3.27682      0.00000      0.00000
     -3.33422      3.03473      0.00000      0.00000
     -3.32422      2.49178      0.00000      0.00000
     -3.31422      2.65053      0.00000      0.00000
     -3.30422      2.65370      0.00000      0.00000
     -3.29422      2.02548      0.00000      0.00000
     -3.28422      2.44322      0.00000      0.00000
     -3.27422      3.88595      0.00000      0.00000
     -3.26422      4.23557      0.00000      0.00000
     -3.25422      3.52901      0.00000      0.00000
     -3.24422      3.42892      0.00000      0.00000
     -3.23422      4.02276      0.00000      0.00000
     -3.22422      3.75244      0.00000      0.00000
     -3.21422      3.35247      0.00000      0.00000
     -3.20422      4.33739      0.00000      0.00000
     -3.19422      5.65421      0.00000      0.00000
     -3.18422      6.66304      0.00000      0.00000
     -3.17422      8.67805      0.00000      0.00000
     -3.16422     11.72174      0.00000      0.00000
     -3.15422     13.40196      0.00000      0.00000
     -3.14422     13.13328      0.00000      0.00000
     -3.13422     11.73582      0.00000      0.00000
     -3.12422     10.15246      0.00000      0.00000
     -3.11422      8.90974      0.00000      0.00000
     -3.10422      8.67127      0.00000      0.00000
     -3.09422      9.90564      0.00000      0.00000
     -3.08422     10.52035      0.00000      0.00000
     -3.07422      8.27128      0.00000      0.00000
     -3.06422      6.34235      0.00000      0.00000
     -3.05422      6.48555      0.00000      0.00000
     -3.04422      7.99889      0.00000      0.00000
     -3.03422      9.06009      0.00000      0.00000
     -3.02422      8.14518      0.00000      0.00000
     -3.01422      7.25724      0.00000      0.00000
     -3.00422      7.57320      0.00000      0.00000
     -2.99422      7.51530      0.00000      0.00000
     -2.98422      6.25042      0.00000      0.00000
     -2.97422      5.25035      0.00000      0.00000
     -2.96422      5.43662      0.00000      0.00000
     -2.95422      6.23156      0.00000      0.00000
     -2.94422      6.25482      0.00000      0.00000
     -2.93422      5.85581      0.00000      0.00000
     -2.92422      5.79033      0.00000      0.00000
     -2.91422      5.66946      0.00000      0.00000
     -2.90422      5.75885      0.00000      0.00000
     -2.89422      5.74274      0.00000      0.00000
     -2.88422      5.11611      0.00000      0.00000
     -2.87422      4.92236      0.00000      0.00000
     -2.86422      5.27106      0.00000      0.00000
     -2.85422      5.95362      0.00000      0.00000
     -2.84422      6.00146      0.00000      0.00000
     -2.83422      4.78860      0.00000      0.00000
     -2.82422      4.36867      0.00000      0.00000
     -2.81422      5.15208      0.00000      0.00000
     -2.80422      5.43003      0.00000      0.00000
     -2.79422      4.96910      0.00000      0.00000
     -2.78422      5.66530      0.00000      0.00000
     -2.77422      7.39227      0.00000      0.00000
     -2.76422      8.04845      0.00000      0.00000
     -2.75422      8.25923      0.00000      0.00000
     -2.74422      9.51542      0.00000      0.00000
     -2.73422     10.69828      0.00000      0.00000
     -2.72422     10.04616      0.00000      0.00000
     -2.71422      8.31207      0.00000      0.00000
     -2.70422      7.67182      0.00000      0.00000
     -2.69422      7.55369      0.00000      0.00000
     -2.68422      6.82969      0.00000      0.00000
     -2.67422      6.47149      0.00000      0.00000
     -2.66422      6.36702      0.00000      0.00000
     -2.65422      5.55454      0.00000      0.00000
     -2.64422      5.56618      0.00000      0.00000
     -2.63422      6.62969      0.00000      0.00000
     -2.62422      6.46629      0.00000      0.00000
     -2.61422      5.33172      0.00000      0.00000
     -2.60422      5.07523      0.00000      0.00000
     -2.59422      4.87102      0.00000      0.00000
     -2.58422      4.06690      0.00000      0.00000
     -2.57422      3.15131      0.00000      0.00000
     -2.56422      2.90214      0.00000      0.00000
     -2.55422      3.55739      0.00000      0.00000
     -2.54422      4.70785      0.00000      0.00000
     -2.53422      5.30441      0.00000      0.00000
     -2.52422      4.11603      0.00000      0.00000
     -2.51422      3.38860      0.00000      0.00000
     -2.50422      3.93583      0.00000      0.00000
     -2.49422      3.71682      0.00000      0.00000
     -2.48422      3.80097      0.00000      0.00000
     -2.47422      5.09148      0.00000      0.00000
     -2.46422      5.70344      0.00000      0.00000
     -2.45422      4.86276      0.00000      0.00000
     -2.44422      4.50310      0.00000      0.00000
     -2.43422      5.19575      0.00000      0.00000
     -2.42422      5.20248      0.00000      0.00000
     -2.41422      3.96142      0.00000      0.00000
     -2.40422      2.76871      0.00000      0.00000
     -2.39422      2.04765      0.00000      0.00000
     -2.38422      1.47811      0.00000      0.00000
     -2.37422      1.70179      0.00000      0.00000
     -2.36422      2.67792      0.00000      0.00000
     -2.35422      3.77776      0.00000      0.00000
     -2.34422      4.84993      0.00000      0.00000
     -2.33422      5.75766      0.00000      0.00000
     -2.32422      5.79473      0.00000      0.00000
     -2.31422      5.43831      0.00000      0.00000
     -2.30422      6.25696      0.00000      0.00000
     -2.29422      7.31089      0.00000      0.00000
     -2.28422      7.35122      0.00000      0.00000
     -2.27422      6.63455      0.00000      0.00000
     -2.26422      5.57007      0.00000      0.00000
     -2.25422      4.76790      0.00000      0.00000
     -2.24422      5.33500      0.00000      0.00000
     -2.23422      5.51190      0.00000      0.00000
     -2.22422      4.37469      0.00000      0.00000
     -2.21422      4.26951      0.00000      0.00000
     -2.20422      5.47913      0.00000      0.00000
     -2.19422      6.39948      0.00000      0.00000
     -2.18422      6.24290      0.00000      0.00000
     -2.17422      4.67663      0.00000      0.00000
     -2.16422      3.83473      0.00000      0.00000
     -2.15422      4.11119      0.00000      0.00000
     -2.14422      3.79346      0.00000      0.00000
     -2.13422      3.35221      0.00000      0.00000
     -2.12422      3.49886      0.00000      0.00000
     -2.11422      3.79153      0.00000      0.00000
     -2.10422      4.19304      0.00000      0.00000
     -2.09422      4.16622      0.00000      0.00000
     -2.08422      3.24761      0.00000      0.00000
     -2.07422      3.17236      0.00000      0.00000
     -2.06422      4.47167      0.00000      0.00000
     -2.05422      5.39588      0.00000      0.00000
     -2.04422      4.73284      0.00000      0.00000
     -2.03422      4.08235      0.00000      0.00000
     -2.02422      4.11459      0.00000      0.00000
     -2.01422      3.88015      0.00000      0.00000
     -2.00422      3.04894      0.00000      0.00000
     -1.99422      2.39549      0.00000      0.00000
     -1.98422      2.64691      0.00000      0.00000
     -1.97422      3.20088      0.00000      0.00000
     -1.96422      3.61337      0.00000      0.00000
     -1.95422      3.89874      0.00000      0.00000
     -1.94422      3.46747      0.00000      0.00000
     -1.93422      2.33007      0.00000      0.00000
     -1.92422      1.81799      0.00000      0.00000
     -1.91422      1.73432      0.00000      0.00000
     -1.90422      1.35506      0.00000      0.00000
     -1.89422      1.26125      0.00000      0.00000
     -1.88422      1.56251      0.00000      0.00000
     -1.87422      1.94008      0.00000      0.00000
     -1.86422      2.12327      0.00000      0.00000
     -1.85422      1.73253      0.00000      0.00000
     -1.84422      1.25525      0.00000      0.00000
     -1.83422      0.93579      0.00000      0.00000
     -1.82422      0.96090      0.00000      0.00000
     -1.81422      1.18356      0.00000      0.00000
     -1.80422      1.22357      0.00000      0.00000
     -1.79422      1.24411      0.00000      0.00000
     -1.78422      1.22108      0.00000      0.00000
     -1.77422      1.02344      0.00000      0.00000
     -1.76422      1.02803      0.00000      0.00000
     -1.75422      1.02818      0.00000      0.00000
     -1.74422      0.74140      0.00000      0.00000
     -1.73422      0.52575      0.00000      0.00000
     -1.72422      0.70067      0.00000      0.00000
     -1.71422      0.86249      0.00000      0.00000
     -1.70422      0.73998      0.00000      0.00000
     -1.69422      0.83539      0.00000      0.00000
     -1.68422      1.17215      0.00000      0.00000
     -1.67422      1.49407      0.00000      0.00000
     -1.66422      2.09086      0.00000      0.00000
     -1.65422      2.72160      0.00000      0.00000
     -1.64422      2.43515      0.00000      0.00000
     -1.63422      1.83063      0.00000      0.00000
     -1.62422      1.77714      0.00000      0.00000
     -1.61422      1.92603      0.00000      0.00000
     -1.60422      2.19664      0.00000      0.00000
     -1.59422      2.16075      0.00000      0.00000
     -1.58422      1.74374      0.00000      0.00000
     -1.57422      1.50177      0.00000      0.00000
     -1.56422      1.66312      0.00000      0.00000
     -1.55422      1.75270      0.00000      0.00000
     -1.54422      1.85547      0.00000      0.00000
     -1.53422      2.23410      0.00000      0.00000
     -1.52422      2.54240      0.00000      0.00000
     -1.51422      1.75529      0.00000      0.00000
     -1.50422      0.80132      0.00000      0.00000
     -1.49422      0.68516      0.00000      0.00000
     -1.48422      0.91760      0.00000      0.00000
     -1.47422      2.00546      0.00000      0.00000
     -1.46422      3.64596      0.00000      0.00000
     -1.45422      4.03775      0.00000      0.00000
     -1.44422      3.35698      0.00000      0.00000
     -1.43422      2.46953      0.00000      0.00000
     -1.42422      1.98491      0.00000      0.00000
     -1.41422      2.06371      0.00000      0.00000
     -1.40422      2.39762      0.00000      0.00000
     -1.39422      2.44885      0.00000      0.00000
     -1.38422      2.52533      0.00000      0.00000
     -1.37422      3.06948      0.00000      0.00000
     -1.36422      3.84427      0.00000      0.00000
     -1.35422      3.59841      0.00000      0.00000
     -1.34422      2.49725      0.00000      0.00000
     -1.33422      2.31720      0.00000      0.00000
     -1.32422      3.33850      0.00000      0.00000
     -1.31422      4.10240      0.00000      0.00000
     -1.30422      4.45706      0.00000      0.00000
     -1.29422      4.85680      0.00000      0.00000
     -1.28422      5.00777      0.00000      0.00000
     -1.27422      4.98432      0.00000      0.00000
     -1.26422      5.04419      0.00000      0.00000
     -1.25422      5.04477      0.00000      0.00000
     -1.24422      4.78547      0.00000      0.00000
     -1.23422      4.40583      0.00000      0.00000
     -1.22422      4.58007      0.00000      0.00000
     -1.21422      4.85750      0.00000      0.00000
     -1.20422      3.91211      0.00000      0.00000
     -1.19422      3.16683      0.00000      0.00000
     -1.18422      3.79816      0.00000      0.00000
     -1.17422      4.22380      0.00000      0.00000
     -1.16422      4.39149      0.00000      0.00000
     -1.15422      4.60151      0.00000      0.00000
     -1.14422      4.01303      0.00000      0.00000
     -1.13422      3.33430      0.00000      0.00000
     -1.12422      3.54468      0.00000      0.00000
     -1.11422      4.11915      0.00000      0.00000
     -1.10422      4.19536      0.00000      0.00000
     -1.09422      4.06487      0.00000      0.00000
     -1.08422      4.15480      0.00000      0.00000
     -1.07422      4.28295      0.00000      0.00000
     -1.06422      4.50524      0.00000      0.00000
     -1.05422      4.40437      0.00000      0.00000
     -1.04422      4.09721      0.00000      0.00000
     -1.03422      3.98912      0.00000      0.00000
     -1.02422      4.74958      0.00000      0.00000
     -1.01422      5.61439      0.00000      0.00000
     -1.00422      5.73906      0.00000      0.00000
     -0.99422      5.70659      0.00000      0.00000
     -0.98422      5.61216      0.00000      0.00000
     -0.97422      5.37273      0.00000      0.00000
     -0.96422      5.17779      0.00000      0.00000
     -0.95422      5.01891      0.00000      0.00000
     -0.94422      4.47511      0.00000      0.00000
     -0.93422      4.16940      0.00000      0.00000
     -0.92422      4.53313      0.00000      0.00000
     -0.91422      4.67836      0.00000      0.00000
     -0.90422      3.77984      0.00000      0.00000
     -0.89422      3.17332      0.00000      0.00000
     -0.88422      3.57160      0.00000      0.00000
     -0.87422      4.00170      0.00000      0.00000
     -0.86422      3.81456      0.00000      0.00000
     -0.85422      3.69475      0.00000      0.00000
     -0.84422      3.94263      0.00000      0.00000
     -0.83422      3.88340      0.00000      0.00000
     -0.82422      3.74544      0.00000      0.00000
     -0.81422      3.88713      0.00000      0.00000
     -0.80422      3.74865      0.00000      0.00000
     -0.79422      3.17885      0.00000      0.00000
     -0.78422      3.03652      0.00000      0.00000
     -0.77422      3.56818      0.00000      0.00000
     -0.76422      3.72977      0.00000      0.00000
     -0.75422      3.27820      0.00000      0.00000
     -0.74422      3.00739      0.00000      0.00000
     -0.73422      3.39473      0.00000      0.00000
     -0.72422      3.95656      0.00000      0.00000
     -0.71422      4.17970      0.00000      0.00000
     -0.70422      3.95309      0.00000      0.00000
     -0.69422      3.26377      0.00000      0.00000
     -0.68422      2.91332      0.00000      0.00000
     -0.67422      3.48410      0.00000      0.00000
     -0.66422      3.84204      0.00000      0.00000
     -0.65422      3.32213      0.00000      0.00000
     -0.64422      2.58486      0.00000      0.00000
     -0.63422      2.10045      0.00000      0.00000
     -0.62422      1.76168      0.00000      0.00000
     -0.61422      1.45805      0.00000      0.00000
     -0.60422      1.53081      0.00000      0.00000
     -0.59422      1.70300      0.00000      0.00000
     -0.58422      1.43367      0.00000      0.00000
     -0.57422      0.98833      0.00000      0.00000
     -0.56422      0.99919      0.00000      0.00000
     -0.55422      1.21982      0.00000      0.00000
     -0.54422      1.22942      0.00000      0.00000
     -0.53422      1.04621      0.00000      0.00000
     -0.52422      1.04801      0.00000      0.00000
     -0.51422      1.00744      0.00000      0.00000
     -0.50422      0.85189      0.00000      0.00000
     -0.49422      0.91374      0.00000      0.00000
     -0.48422      0.97055      0.00000      0.00000
     -0.47422      0.89714      0.00000      0.00000
     -0.46422      0.78702      0.00000      0.00000
     -0.45422      0.80878      0.00000      0.00000
     -0.44422      0.93741      0.00000      0.00000
     -0.43422      0.74603      0.00000      0.00000
     -0.42422      0.51124      0.00000      0.00000
     -0.41422      0.45106      0.00000      0.00000
     -0.40422      0.53246      0.00000      0.00000
     -0.39422      0.50495      0.00000      0.00000
     -0.38422      0.33189      0.00000      0.00000
     -0.37422      0.37778      0.00000      0.00000
     -0.36422      0.59497      0.00000      0.00000
     -0.35422      0.58869      0.00000      0.00000
     -0.34422      0.31157      0.00000      0.00000
     -0.33422      0.22627      0.00000      0.00000
     -0.32422      0.50981      0.00000      0.00000
     -0.31422      0.71191      0.00000      0.00000
     -0.30422      0.78442      0.00000      0.00000
     -0.29422      0.86929      0.00000      0.00000
     -0.28422      0.60300      0.00000      0.00000
     -0.27422      0.21001      0.00000      0.00000
     -0.26422      0.04944      0.00000      0.00000
     -0.25422      0.15112      0.00000      0.00000
     -0.24422      0.48922      0.00000      0.00000
     -0.23422      0.59743      0.00000      0.00000
     -0.22422      0.30380      0.00000      0.00000
     -0.21422      0.18936      0.00000      0.00000
     -0.20422      0.29411      0.00000      0.00000
     -0.19422      0.37728      0.00000      0.00000
     -0.18422      0.32269      0.00000      0.00000
     -0.17422      0.37300      0.00000      0.00000
     -0.16422      0.55820      0.00000      0.00000
     -0.15422      0.54225      0.00000      0.00000
     -0.14422      0.43859      0.00000      0.00000
     -0.13422      0.30615      0.00000      0.00000
     -0.12422      0.12914      0.00000      0.00000
     -0.11422      0.11928      0.00000      0.00000
     -0.10422      0.22236      0.00000      0.00000
     -0.09422      0.32466      0.00000      0.00000
     -0.08422      0.33445      0.00000      0.00000
     -0.07422      0.23912      0.00000      0.00000
     -0.06422      0.29531      0.00000      0.00000
     -0.05422      0.32403      0.00000      0.00000
     -0.04422      0.29353      0.00000      0.00000
     -0.03422      0.32949      0.00000      0.00000
     -0.02422      0.22002      0.00000      0.00000
     -0.01422      0.14598      0.00000      0.00000
     -0.00422      0.15927      0.00000      0.00000
      0.00578      0.08811      0.00000      0.00000
      0.01578      0.01832      0.00000      0.00000
      0.02578      0.00140      0.00000      0.00000
      0.03578      0.00004      0.00000      0.00000
      0.04578      0.00000      0.00000      0.00000
      0.05578      0.00000      0.00000      0.00000
      0.06578      0.00000      0.00000      0.00000
      0.07578      0.00000      0.00000      0.00000
      0.08578      0.00000      0.00000      0.00000
      0.09578      0.00000      0.00000      0.00000
      0.10578      0.00000      0.00000      0.00000
      0.11578      0.00000      0.00000      0.00000
      0.12578      0.00000      0.00000      0.00000
      0.13578      0.00000      0.00000      0.00000
      0.14578      0.00000      0.00000      0.00000
      0.15578      0.00000      0.00000      0.00000
      0.16578      0.00000      0.00000      0.00000
      0.17578      0.00000      0.00000      0.00000
      0.18578      0.00000      0.00000      0.00000
      0.19578      0.00000      0.00000      0.00000
      0.20578      0.00000      0.00000      0.00000
      0.21578      0.00000      0.00000      0.00000
      0.22578      0.00000      0.00000      0.00000
      0.23578      0.00000      0.00000      0.00000
      0.24578      0.00000      0.00000      0.00000
      0.25578      0.00000      0.00000      0.00000
      0.26578      0.00000      0.00000      0.00000
      0.27578      0.00000      0.00000      0.00000
      0.28578      0.00000      0.00000      0.00000
      0.29578      0.00000      0.00000      0.00000
      0.30578      0.00000      0.00000      0.00000
      0.31578      0.00000      0.00000      0.00000
      0.32578      0.00000      0.00000      0.00000
      0.33578      0.00000      0.00000      0.00000
      0.34578      0.00000      0.00000      0.00000
      0.35578      0.00000      0.00000      0.00000
      0.36578      0.00000      0.00000      0.00000
      0.37578      0.00000      0.00000      0.00000
      0.38578      0.00000      0.00000      0.00000
      0.39578      0.00000      0.00000      0.00000
      0.40578      0.00000      0.00000      0.00000
      0.41578      0.00000      0.00000      0.00000
      0.42578      0.00000      0.00000      0.00000
      0.43578      0.00000      0.00000      0.00000
      0.44578      0.00000      0.00000      0.00000
      0.45578      0.00000      0.00000      0.00000
      0.46578      0.00000      0.00000      0.00000
      0.47578      0.00000      0.00000      0.00000
      0.48578      0.00000      0.00000      0.00000
      0.49578      0.00000      0.00000      0.00000
      0.50578      0.00000      0.00000      0.00000
      0.51578      0.00000      0.00000      0.00000
      0.52578      0.00000      0.00000      0.00000
      0.53578      0.00000      0.00000      0.00000
      0.54578      0.00000      0.00000      0.00000
      0.55578      0.00000      0.00000      0.00000
      0.56578      0.00000      0.00000      0.00000
      0.57578      0.00000      0.00000      0.00000
      0.58578      0.00000      0.00000      0.00000
      0.59578      0.00000      0.00000      0.00000
      0.60578      0.00000      0.00000      0.00000
      0.61578      0.00000      0.00000      0.00000
      0.62578      0.00000      0.00000      0.00000
      0.63578      0.00000      0.00000      0.00000
      0.64578      0.00000      0.00000      0.00000
      0.65578      0.00000      0.00000      0.00000
      0.66578      0.00000      0.00000      0.00000
      0.67578      0.00000      0.00000      0.00000
      0.68578      0.00000      0.00000      0.00000
      0.69578      0.00000      0.00000      0.00000
      0.70578      0.00000      0.00000      0.00000
      0.71578      0.00000      0.00000      0.00000
      0.72578      0.00000      0.00000      0.00000
      0.73578      0.00000      0.00000      0.00000
      0.74578      0.00000      0.00000      0.00000
      0.75578      0.00000      0.00000      0.00000
      0.76578      0.00000      0.00000      0.00000
      0.77578      0.00000      0.00000      0.00000
      0.78578      0.00000      0.00000      0.00000
      0.79578      0.00000      0.00000      0.00000
      0.80578      0.00000      0.00000      0.00000
      0.81578      0.00000      0.00000      0.00000
      0.82578      0.00000      0.00000      0.00000
      0.83578      0.00000      0.00000      0.00000
      0.84578      0.00000      0.00000      0.00000
      0.85578      0.00000      0.00000      0.00000
      0.86578      0.00000      0.00000      0.00000
      0.87578      0.00000      0.00000      0.00000
      0.88578      0.00000      0.00000      0.00000
      0.89578      0.00000      0.00000      0.00000
      0.90578      0.00000      0.00000      0.00000
      0.91578      0.00000      0.00000      0.00000
      0.92578      0.00000      0.00000      0.00000
      0.93578      0.00000      0.00000      0.00000
      0.94578      0.00000      0.00000      0.00000
      0.95578      0.00000      0.00000      0.00000
      0.96578      0.00000      0.00000      0.00000
      0.97578      0.00000      0.00000      0.00000
      0.98578      0.00000      0.00000      0.00000
      0.99578      0.00000      0.00000      0.00000
      1.00578      0.00000      0.00000      0.00000
      1.01578      0.00000      0.00000      0.00000
      1.02578      0.00000      0.00000      0.00000
      1.03578      0.00000      0.00000      0.00000
      1.04578      0.00000      0.00000      0.00000
      1.05578      0.00000      0.00000      0.00000
      1.06578      0.00000      0.00000      0.00000
      1.07578      0.00000      0.00000      0.00000
      1.08578      0.00000      0.00000      0.00000
      1.09578      0.00000      0.00000      0.00000
      1.10578      0.00000      0.00000      0.00000
      1.11578      0.00000      0.00000      0.00000
      1.12578      0.00000      0.00000      0.00000
      1.13578      0.00000      0.00000      0.00000
      1.14578      0.00000      0.00000      0.00000
      1.15578      0.00000      0.00000      0.00000
      1.16578      0.00000      0.00000      0.00000
      1.17578      0.00000      0.00000      0.00000
      1.18578      0.00000      0.00000      0.00000
      1.19578      0.00000      0.00000      0.00000
      1.20578      0.00000      0.00000      0.00000
      1.21578      0.00000      0.00000      0.00000
      1.22578      0.00000      0.00000      0.00000
      1.23578      0.00000      0.00000      0.00000
      1.24578      0.00000      0.00000      0.00000
      1.25578      0.00000      0.00000      0.00000
      1.26578      0.00000      0.00000      0.00000
      1.27578      0.00000      0.00000      0.00000
      1.28578      0.00000      0.00000      0.00000
      1.29578      0.00000      0.00000      0.00000
      1.30578      0.00000      0.00000      0.00000
      1.31578      0.00000      0.00000      0.00000
      1.32578      0.00000      0.00000      0.00000
      1.33578      0.00000      0.00000      0.00000
      1.34578      0.00000      0.00000      0.00000
      1.35578      0.00000      0.00000      0.00000
      1.36578      0.00000      0.00000      0.00000
      1.37578      0.00000      0.00000      0.00000
      1.38578      0.00000      0.00000      0.00000
      1.39578      0.00000      0.00000      0.00000
      1.40578      0.00000      0.00000      0.00000
      1.41578      0.00000      0.00000      0.00000
      1.42578      0.00000      0.00000      0.00000
      1.43578      0.00000      0.00000      0.00000
      1.44578      0.00000      0.00000      0.00000
      1.45578      0.00000      0.00000      0.00000
      1.46578      0.00000      0.00000      0.00000
      1.47578      0.00000      0.00000      0.00000
      1.48578      0.00000      0.00000      0.00000
      1.49578      0.00000      0.00000      0.00000
      1.50578      0.00000      0.00000      0.00000
      1.51578      0.00000      0.00000      0.00000
      1.52578      0.00000      0.00000      0.00000
      1.53578      0.00000      0.00000      0.00000
      1.54578      0.00000      0.00000      0.00000
      1.55578      0.00000      0.00000      0.00000
      1.56578      0.00000      0.00000      0.00000
      1.57578      0.00000      0.00000      0.00000
      1.58578      0.00000      0.00000      0.00000
      1.59578      0.00000      0.00000      0.00000
      1.60578      0.00000      0.00000      0.00000
      1.61578      0.00000      0.00000      0.00000
      1.62578      0.00000      0.00000      0.00000
      1.63578      0.00000      0.00000      0.00000
      1.64578      0.00000      0.00000      0.00000
      1.65578      0.00000      0.00000      0.00000
      1.66578      0.00000      0.00000      0.00000
      1.67578      0.00000      0.00000      0.00000
      1.68578      0.00000      0.00000      0.00000
      1.69578      0.00000      0.00000      0.00000
      1.70578      0.00000      0.00000      0.00000
      1.71578      0.00000      0.00000      0.00000
      1.72578      0.00000      0.00000      0.00000
      1.73578      0.00000      0.00000      0.00000
      1.74578      0.00000      0.00000      0.00000
      1.75578      0.00000      0.00000      0.00000
      1.76578      0.00000      0.00000      0.00000
      1.77578      0.00000      0.00000      0.00000
      1.78578      0.00006      0.00000      0.00000
      1.79578      0.00249      0.00000      0.00000
      1.80578      0.03816      0.00000      0.00000
      1.81578      0.23045      0.00000      0.00000
      1.82578      0.63326      0.00000      0.00000
      1.83578      1.09886      0.00000      0.00000
      1.84578      1.45677      0.00000      0.00000
      1.85578      1.42952      0.00000      0.00000
      1.86578      1.40527      0.00000      0.00000
      1.87578      1.42392      0.00000      0.00000
      1.88578      1.07246      0.00000      0.00000
      1.89578      1.05269      0.00000      0.00000
      1.90578      1.74406      0.00000      0.00000
      1.91578      2.03301      0.00000      0.00000
      1.92578      1.69109      0.00000      0.00000
      1.93578      1.46110      0.00000      0.00000
      1.94578      1.38277      0.00000      0.00000
      1.95578      1.76448      0.00000      0.00000
      1.96578      2.27517      0.00000      0.00000
      1.97578      1.84088      0.00000      0.00000
      1.98578      1.25224      0.00000      0.00000
      1.99578      1.79415      0.00000      0.00000
      2.00578      3.17716      0.00000      0.00000
      2.01578      3.79717      0.00000      0.00000
      2.02578      3.81444      0.00000      0.00000
      2.03578      3.84829      0.00000      0.00000
      2.04578      3.90339      0.00000      0.00000
      2.05578      4.11344      0.00000      0.00000
      2.06578      4.49896      0.00000      0.00000
      2.07578      4.77410      0.00000      0.00000
      2.08578      5.10116      0.00000      0.00000
      2.09578      5.21387      0.00000      0.00000
      2.10578      4.73421      0.00000      0.00000
      2.11578      5.11981      0.00000      0.00000
      2.12578      6.71813      0.00000      0.00000
      2.13578      7.72942      0.00000      0.00000
      2.14578      8.22368      0.00000      0.00000
      2.15578      7.94858      0.00000      0.00000
      2.16578      7.31003      0.00000      0.00000
      2.17578      6.48160      0.00000      0.00000
      2.18578      5.38780      0.00000      0.00000
      2.19578      5.22295      0.00000      0.00000
      2.20578      5.73736      0.00000      0.00000
      2.21578      6.27324      0.00000      0.00000
      2.22578      5.92383      0.00000      0.00000
      2.23578      4.84951      0.00000      0.00000
      2.24578      4.12559      0.00000      0.00000
      2.25578      4.76386      0.00000      0.00000
      2.26578      5.83097      0.00000      0.00000
      2.27578      5.95428      0.00000      0.00000
      2.28578      5.53157      0.00000      0.00000
      2.29578      5.08501      0.00000      0.00000
      2.30578      4.82281      0.00000      0.00000
      2.31578      5.59556      0.00000      0.00000
      2.32578      6.43686      0.00000      0.00000
      2.33578      7.02491      0.00000      0.00000
      2.34578      6.72771      0.00000      0.00000
      2.35578      5.53565      0.00000      0.00000
      2.36578      4.76920      0.00000      0.00000
      2.37578      4.47177      0.00000      0.00000
      2.38578      4.84416      0.00000      0.00000
      2.39578      5.10230      0.00000      0.00000
      2.40578      4.28967      0.00000      0.00000
      2.41578      3.90812      0.00000      0.00000
      2.42578      4.13682      0.00000      0.00000
      2.43578      4.60806      0.00000      0.00000
      2.44578      5.27518      0.00000      0.00000
      2.45578      4.99490      0.00000      0.00000
      2.46578      3.81987      0.00000      0.00000
      2.47578      3.66171      0.00000      0.00000
      2.48578      4.66443      0.00000      0.00000
      2.49578      4.92329      0.00000      0.00000
      2.50578      3.99784      0.00000      0.00000
      2.51578      3.11484      0.00000      0.00000
      2.52578      3.04122      0.00000      0.00000
      2.53578      3.63329      0.00000      0.00000
      2.54578      4.15526      0.00000      0.00000
      2.55578      3.86855      0.00000      0.00000
      2.56578      3.08214      0.00000      0.00000
      2.57578      2.52278      0.00000      0.00000
      2.58578      3.09674      0.00000      0.00000
      2.59578      3.77209      0.00000      0.00000
      2.60578      4.03074      0.00000      0.00000
      2.61578      4.17533      0.00000      0.00000
      2.62578      4.12019      0.00000      0.00000
      2.63578      4.63791      0.00000      0.00000
      2.64578      7.12747      0.00000      0.00000
      2.65578     10.47136      0.00000      0.00000
      2.66578     12.21897      0.00000      0.00000
      2.67578     12.22872      0.00000      0.00000
      2.68578     12.87216      0.00000      0.00000
      2.69578     13.08514      0.00000      0.00000
      2.70578     12.34913      0.00000      0.00000
      2.71578     11.70847      0.00000      0.00000
      2.72578     10.12273      0.00000      0.00000
      2.73578      7.92023      0.00000      0.00000
      2.74578      7.22659      0.00000      0.00000
      2.75578      8.45570      0.00000      0.00000
      2.76578      9.63551      0.00000      0.00000
      2.77578      9.25809      0.00000      0.00000
      2.78578      8.40684      0.00000      0.00000
      2.79578      8.32067      0.00000      0.00000
      2.80578      7.91772      0.00000      0.00000
      2.81578      7.39616      0.00000      0.00000
      2.82578      7.44254      0.00000      0.00000
      2.83578      7.93570      0.00000      0.00000
      2.84578      8.34207      0.00000      0.00000
      2.85578      8.01363      0.00000      0.00000
      2.86578      7.09160      0.00000      0.00000
      2.87578      6.35046      0.00000      0.00000
      2.88578      6.26433      0.00000      0.00000
      2.89578      6.18683      0.00000      0.00000
      2.90578      6.39288      0.00000      0.00000
      2.91578      6.67962      0.00000      0.00000
      2.92578      6.35604      0.00000      0.00000
      2.93578      6.29950      0.00000      0.00000
      2.94578      5.95369      0.00000      0.00000
      2.95578      5.46100      0.00000      0.00000
      2.96578      6.32603      0.00000      0.00000
      2.97578      7.97096      0.00000      0.00000
      2.98578      7.83202      0.00000      0.00000
      2.99578      7.38822      0.00000      0.00000
      3.00578      9.26985      0.00000      0.00000
      3.01578     11.73594      0.00000      0.00000
      3.02578     11.71972      0.00000      0.00000
      3.03578     11.16274      0.00000      0.00000
      3.04578     14.04347      0.00000      0.00000
      3.05578     16.84893      0.00000      0.00000
      3.06578     15.64181      0.00000      0.00000
      3.07578     12.74097      0.00000      0.00000
      3.08578      9.93199      0.00000      0.00000
      3.09578      7.85547      0.00000      0.00000
      3.10578      7.36117      0.00000      0.00000
      3.11578      8.72663      0.00000      0.00000
      3.12578     10.39195      0.00000      0.00000
      3.13578     10.19098      0.00000      0.00000
      3.14578      8.09445      0.00000      0.00000
      3.15578      6.21165      0.00000      0.00000
      3.16578      5.62211      0.00000      0.00000
      3.17578      6.38361      0.00000      0.00000
      3.18578      8.45490      0.00000      0.00000
      3.19578      9.72205      0.00000      0.00000
      3.20578      9.13585      0.00000      0.00000
      3.21578      6.96159      0.00000      0.00000
      3.22578      5.21406      0.00000      0.00000
      3.23578      4.38356      0.00000      0.00000
      3.24578      3.91560      0.00000      0.00000
      3.25578      4.52089      0.00000      0.00000
      3.26578      6.53534      0.00000      0.00000
      3.27578      8.22518      0.00000      0.00000
      3.28578      7.11488      0.00000      0.00000
      3.29578      5.49859      0.00000      0.00000
      3.30578      4.83440      0.00000      0.00000
      3.31578      4.34904      0.00000      0.00000
      3.32578      4.72978      0.00000      0.00000
      3.33578      5.60354      0.00000      0.00000
      3.34578      5.67542      0.00000      0.00000
      3.35578      5.37418      0.00000      0.00000
      3.36578      5.80292      0.00000      0.00000
      3.37578      6.54814      0.00000      0.00000
      3.38578      6.39055      0.00000      0.00000
      3.39578      5.50084      0.00000      0.00000
      3.40578      5.69927      0.00000      0.00000
      3.41578      5.87830      0.00000      0.00000
      3.42578      6.30068      0.00000      0.00000
      3.43578      7.22147      0.00000      0.00000
      3.44578      6.70989      0.00000      0.00000
      3.45578      5.44598      0.00000      0.00000
      3.46578      4.88582      0.00000      0.00000
      3.47578      4.66373      0.00000      0.00000
      3.48578      5.25637      0.00000      0.00000
      3.49578      6.58312      0.00000      0.00000
      3.50578      7.23094      0.00000      0.00000
      3.51578      7.22107      0.00000      0.00000
      3.52578      7.21410      0.00000      0.00000
      3.53578      6.09607      0.00000      0.00000
      3.54578      4.56970      0.00000      0.00000
      3.55578      4.64613      0.00000      0.00000
      3.56578      5.11609      0.00000      0.00000
      3.57578      4.94167      0.00000      0.00000
      3.58578      4.78033      0.00000      0.00000
      3.59578      5.03861      0.00000      0.00000
      3.60578      5.48855      0.00000      0.00000
      3.61578      5.25266      0.00000      0.00000
      3.62578      3.74699      0.00000      0.00000
      3.63578      2.48785      0.00000      0.00000
      3.64578      2.70110      0.00000      0.00000
      3.65578      3.01363      0.00000      0.00000
      3.66578      2.94870      0.00000      0.00000
      3.67578      3.26377      0.00000      0.00000
      3.68578      3.45577      0.00000      0.00000
      3.69578      3.30851      0.00000      0.00000
      3.70578      2.78152      0.00000      0.00000
      3.71578      2.68174      0.00000      0.00000
      3.72578      3.88127      0.00000      0.00000
      3.73578      5.23463      0.00000      0.00000
      3.74578      5.59509      0.00000      0.00000
      3.75578      4.98651      0.00000      0.00000
      3.76578      3.97964      0.00000      0.00000
      3.77578      3.67542      0.00000      0.00000
      3.78578      3.36254      0.00000      0.00000
      3.79578      2.79009      0.00000      0.00000
      3.80578      2.65174      0.00000      0.00000
      3.81578      3.12439      0.00000      0.00000
      3.82578      3.36115      0.00000      0.00000
      3.83578      3.26903      0.00000      0.00000
      3.84578      3.43134      0.00000      0.00000
      3.85578      3.51284      0.00000      0.00000
      3.86578      3.05141      0.00000      0.00000
      3.87578      2.78604      0.00000      0.00000
      3.88578      3.20917      0.00000      0.00000
      3.89578      3.90266      0.00000      0.00000
      3.90578      4.47011      0.00000      0.00000
      3.91578      4.58114      0.00000      0.00000
      3.92578      4.53560      0.00000      0.00000
      3.93578      4.19298      0.00000      0.00000
      3.94578      3.28896      0.00000      0.00000
      3.95578      2.73418      0.00000      0.00000
      3.96578      2.61698      0.00000      0.00000
      3.97578      2.84650      0.00000      0.00000
      3.98578      3.77066      0.00000      0.00000
      3.99578      4.76690      0.00000      0.00000
      4.00578      4.94856      0.00000      0.00000
      4.01578      3.97696      0.00000      0.00000
      4.02578      2.94168      0.00000      0.00000
      4.03578      2.38580      0.00000      0.00000
      4.04578      2.17440      0.00000      0.00000
      4.05578      2.95090      0.00000      0.00000
      4.06578      4.45931      0.00000      0.00000
      4.07578      4.43694      0.00000      0.00000
      4.08578      3.16346      0.00000      0.00000
      4.09578      2.32207      0.00000      0.00000
      4.10578      1.82099      0.00000      0.00000
      4.11578      1.30866      0.00000      0.00000
      4.12578      1.27722      0.00000      0.00000
      4.13578      1.62590      0.00000      0.00000
      4.14578      2.07296      0.00000      0.00000
      4.15578      2.40459      0.00000      0.00000
      4.16578      1.98389      0.00000      0.00000
      4.17578      1.00168      0.00000      0.00000
      4.18578      0.52311      0.00000      0.00000
      4.19578      0.80155      0.00000      0.00000
      4.20578      1.51256      0.00000      0.00000
      4.21578      2.43387      0.00000      0.00000
      4.22578      3.23202      0.00000      0.00000
      4.23578      2.96838      0.00000      0.00000
      4.24578      1.77024      0.00000      0.00000
      4.25578      0.85324      0.00000      0.00000
      4.26578      0.71199      0.00000      0.00000
      4.27578      0.87061      0.00000      0.00000
      4.28578      1.22558      0.00000      0.00000
      4.29578      1.88525      0.00000      0.00000
      4.30578      1.96609      0.00000      0.00000
      4.31578      1.27088      0.00000      0.00000
      4.32578      0.90160      0.00000      0.00000
      4.33578      1.51353      0.00000      0.00000
      4.34578      2.51715      0.00000      0.00000
      4.35578      3.49736      0.00000      0.00000
      4.36578      3.94419      0.00000      0.00000
      4.37578      3.32675      0.00000      0.00000
      4.38578      2.69201      0.00000      0.00000
      4.39578      2.48456      0.00000      0.00000
      4.40578      2.49629      0.00000      0.00000
      4.41578      2.58342      0.00000      0.00000
      4.42578      2.54089      0.00000      0.00000
      4.43578      2.82073      0.00000      0.00000
      4.44578      3.74542      0.00000      0.00000
      4.45578      4.32732      0.00000      0.00000
      4.46578      4.32536      0.00000      0.00000
      4.47578      4.23642      0.00000      0.00000
      4.48578      3.88262      0.00000      0.00000
      4.49578      4.31031      0.00000      0.00000
      4.50578      4.83216      0.00000      0.00000
      4.51578      4.53118      0.00000      0.00000
      4.52578      4.48581      0.00000      0.00000
      4.53578      5.20875      0.00000      0.00000
      4.54578      6.16062      0.00000      0.00000
      4.55578      6.84825      0.00000      0.00000
      4.56578      7.45735      0.00000      0.00000
      4.57578      8.47824      0.00000      0.00000
      4.58578      8.77315      0.00000      0.00000
      4.59578      8.89643      0.00000      0.00000
      4.60578      9.14160      0.00000      0.00000
      4.61578      8.48383      0.00000      0.00000
      4.62578      8.70714      0.00000      0.00000
      4.63578      9.67419      0.00000      0.00000
      4.64578      9.61538      0.00000      0.00000
      4.65578      8.58988      0.00000      0.00000
      4.66578      7.85782      0.00000      0.00000
      4.67578      8.02091      0.00000      0.00000
      4.68578      7.60868      0.00000      0.00000
      4.69578      6.84093      0.00000      0.00000
      4.70578      5.94518      0.00000      0.00000
      4.71578      5.44495      0.00000      0.00000
      4.72578      5.84748      0.00000      0.00000
      4.73578      6.43484      0.00000      0.00000
      4.74578      6.32718      0.00000      0.00000
      4.75578      5.97613      0.00000      0.00000
      4.76578      5.66596      0.00000      0.00000
      4.77578      5.23550      0.00000      0.00000
      4.78578      4.65799      0.00000      0.00000
      4.79578      4.23823      0.00000      0.00000
      4.80578      4.07670      0.00000      0.00000
      4.81578      3.10075      0.00000      0.00000
      4.82578      2.22479      0.00000      0.00000
      4.83578      2.44970      0.00000      0.00000
      4.84578      3.40142      0.00000      0.00000
      4.85578      3.82277      0.00000      0.00000
      4.86578      3.07883      0.00000      0.00000
      4.87578      2.12659      0.00000      0.00000
      4.88578      1.96157      0.00000      0.00000
      4.89578      2.41745      0.00000      0.00000
      4.90578      3.05097      0.00000      0.00000
      4.91578      3.37982      0.00000      0.00000
      4.92578      3.03382      0.00000      0.00000
      4.93578      2.71334      0.00000      0.00000
      4.94578      2.72201      0.00000      0.00000
      4.95578      2.61936      0.00000      0.00000
      4.96578      1.98225      0.00000      0.00000
      4.97578      1.15586      0.00000      0.00000
      4.98578      1.29959      0.00000      0.00000
      4.99578      2.61052      0.00000      0.00000
      5.00578      3.56842      0.00000      0.00000
      5.01578      3.44966      0.00000      0.00000
      5.02578      2.82847      0.00000      0.00000
      5.03578      2.03531      0.00000      0.00000
      5.04578      1.99422      0.00000      0.00000
      5.05578      2.37014      0.00000      0.00000
      5.06578      1.92255      0.00000      0.00000
      5.07578      1.31244      0.00000      0.00000
      5.08578      1.29190      0.00000      0.00000
      5.09578      1.62770      0.00000      0.00000
      5.10578      1.72859      0.00000      0.00000
      5.11578      1.31466      0.00000      0.00000
      5.12578      1.35414      0.00000      0.00000
      5.13578      2.29527      0.00000      0.00000
      5.14578      2.62112      0.00000      0.00000
      5.15578      2.07692      0.00000      0.00000
      5.16578      1.79880      0.00000      0.00000
      5.17578      1.86647      0.00000      0.00000
      5.18578      1.95170      0.00000      0.00000
      5.19578      1.83104      0.00000      0.00000
      5.20578      1.35451      0.00000      0.00000
      5.21578      1.24639      0.00000      0.00000
      5.22578      1.58777      0.00000      0.00000
      5.23578      1.53277      0.00000      0.00000
      5.24578      1.24356      0.00000      0.00000
      5.25578      1.21914      0.00000      0.00000
      5.26578      1.51249      0.00000      0.00000
      5.27578      1.96055      0.00000      0.00000
      5.28578      2.29722      0.00000      0.00000
      5.29578      2.41546      0.00000      0.00000
      5.30578      2.45756      0.00000      0.00000
      5.31578      1.97650      0.00000      0.00000
      5.32578      1.26006      0.00000      0.00000
      5.33578      1.01042      0.00000      0.00000
      5.34578      1.23129      0.00000      0.00000
      5.35578      1.32954      0.00000      0.00000
      5.36578      1.19595      0.00000      0.00000
      5.37578      1.07407      0.00000      0.00000
      5.38578      0.73912      0.00000      0.00000
      5.39578      0.69532      0.00000      0.00000
      5.40578      1.24790      0.00000      0.00000
      5.41578      1.86827      0.00000      0.00000
      5.42578      1.96845      0.00000      0.00000
      5.43578      1.87452      0.00000      0.00000
      5.44578      1.47846      0.00000      0.00000
      5.45578      1.22677      0.00000      0.00000
      5.46578      1.68930      0.00000      0.00000
      5.47578      2.09479      0.00000      0.00000
      5.48578      1.81957      0.00000      0.00000
      5.49578      1.20395      0.00000      0.00000
      5.50578      0.87795      0.00000      0.00000
      5.51578      0.84359      0.00000      0.00000
      5.52578      0.81176      0.00000      0.00000
      5.53578      0.79301      0.00000      0.00000
      5.54578      0.75504      0.00000      0.00000
      5.55578      1.05971      0.00000      0.00000
      5.56578      1.77987      0.00000      0.00000
      5.57578      2.06901      0.00000      0.00000
      5.58578      1.89995      0.00000      0.00000
      5.59578      1.76578      0.00000      0.00000
      5.60578      1.62493      0.00000      0.00000
      5.61578      1.87614      0.00000      0.00000
      5.62578      1.78141      0.00000      0.00000
      5.63578      1.28160      0.00000      0.00000
      5.64578      1.21660      0.00000      0.00000
      5.65578      1.07973      0.00000      0.00000
      5.66578      1.03568      0.00000      0.00000
      5.67578      1.29167      0.00000      0.00000
      5.68578      1.63929      0.00000      0.00000
      5.69578      2.27003      0.00000      0.00000
      5.70578      2.39905      0.00000      0.00000
      5.71578      2.05593      0.00000      0.00000
      5.72578      1.72304      0.00000      0.00000
      5.73578      1.94101      0.00000      0.00000
      5.74578      2.29108      0.00000      0.00000
      5.75578      1.89919      0.00000      0.00000
      5.76578      1.63354      0.00000      0.00000
      5.77578      1.42993      0.00000      0.00000
      5.78578      1.14202      0.00000      0.00000
      5.79578      1.18968      0.00000      0.00000
      5.80578      1.78388      0.00000      0.00000
      5.81578      2.63618      0.00000      0.00000
      5.82578      2.84787      0.00000      0.00000
      5.83578      1.83025      0.00000      0.00000
      5.84578      0.80085      0.00000      0.00000
      5.85578      0.85262      0.00000      0.00000
      5.86578      1.53154      0.00000      0.00000
      5.87578      2.42356      0.00000      0.00000
      5.88578      3.05971      0.00000      0.00000
      5.89578      2.92831      0.00000      0.00000
      5.90578      2.49040      0.00000      0.00000
      5.91578      2.12234      0.00000      0.00000
      5.92578      1.56498      0.00000      0.00000
      5.93578      1.17076      0.00000      0.00000
      5.94578      1.30342      0.00000      0.00000
      5.95578      1.59883      0.00000      0.00000
      5.96578      1.59049      0.00000      0.00000
      5.97578      1.97268      0.00000      0.00000
      5.98578      2.76739      0.00000      0.00000
      5.99578      2.91034      0.00000      0.00000
      6.00578      2.62157      0.00000      0.00000
      6.01578      2.51577      0.00000      0.00000
      6.02578      2.32700      0.00000      0.00000
      6.03578      1.83939      0.00000      0.00000
      6.04578      1.39309      0.00000      0.00000
      6.05578      1.29126      0.00000      0.00000
      6.06578      1.55251      0.00000      0.00000
      6.07578      2.03924      0.00000      0.00000
      6.08578      2.03143      0.00000      0.00000
      6.09578      1.51997      0.00000      0.00000
      6.10578      1.33300      0.00000      0.00000
      6.11578      1.68301      0.00000      0.00000
      6.12578      2.09382      0.00000      0.00000
      6.13578      1.82670      0.00000      0.00000
      6.14578      1.48362      0.00000      0.00000
      6.15578      1.66785      0.00000      0.00000
      6.16578      1.58694      0.00000      0.00000
      6.17578      1.16454      0.00000      0.00000
      6.18578      0.86572      0.00000      0.00000
      6.19578      1.21584      0.00000      0.00000
      6.20578      1.80644      0.00000      0.00000
      6.21578      1.65149      0.00000      0.00000
      6.22578      1.26771      0.00000      0.00000
      6.23578      1.39166      0.00000      0.00000
      6.24578      1.86628      0.00000      0.00000
      6.25578      2.14758      0.00000      0.00000
      6.26578      1.63257      0.00000      0.00000
      6.27578      1.23806      0.00000      0.00000
      6.28578      1.49820      0.00000      0.00000
      6.29578      1.68356      0.00000      0.00000
      6.30578      1.54483      0.00000      0.00000
      6.31578      1.48035      0.00000      0.00000
      6.32578      1.80372      0.00000      0.00000
      6.33578      1.70506      0.00000      0.00000
      6.34578      1.36316      0.00000      0.00000
      6.35578      1.48654      0.00000      0.00000
      6.36578      1.32509      0.00000      0.00000
      6.37578      1.08669      0.00000      0.00000
      6.38578      1.45577      0.00000      0.00000
      6.39578      2.03725      0.00000      0.00000
      6.40578      2.38261      0.00000      0.00000
      6.41578      2.57301      0.00000      0.00000
      6.42578      2.78222      0.00000      0.00000
      6.43578      2.46544      0.00000      0.00000
      6.44578      1.83217      0.00000      0.00000
      6.45578      1.61655      0.00000      0.00000
      6.46578      1.61776      0.00000      0.00000
      6.47578      1.85553      0.00000      0.00000
      6.48578      2.21460      0.00000      0.00000
      6.49578      2.02664      0.00000      0.00000
      6.50578      1.25173      0.00000      0.00000
      6.51578      0.79649      0.00000      0.00000
      6.52578      1.02795      0.00000      0.00000
      6.53578      1.77550      0.00000      0.00000
      6.54578      3.11350      0.00000      0.00000
      6.55578      3.85459      0.00000      0.00000
      6.56578      2.87215      0.00000      0.00000
      6.57578      1.68735      0.00000      0.00000
      6.58578      1.11159      0.00000      0.00000
      6.59578      0.93250      0.00000      0.00000
      6.60578      1.36085      0.00000      0.00000
      6.61578      2.04530      0.00000      0.00000
      6.62578      2.59180      0.00000      0.00000
      6.63578      3.14278      0.00000      0.00000
      6.64578      3.58575      0.00000      0.00000
      6.65578      3.38768      0.00000      0.00000
      6.66578      2.90182      0.00000      0.00000
      6.67578      2.60940      0.00000      0.00000
      6.68578      2.60277      0.00000      0.00000
      6.69578      2.88516      0.00000      0.00000
      6.70578      3.14228      0.00000      0.00000
      6.71578      3.22430      0.00000      0.00000
      6.72578      3.12754      0.00000      0.00000
      6.73578      3.12666      0.00000      0.00000
      6.74578      3.27396      0.00000      0.00000
      6.75578      2.90863      0.00000      0.00000
      6.76578      2.05746      0.00000      0.00000
      6.77578      1.92578      0.00000      0.00000
      6.78578      2.09080      0.00000      0.00000
      6.79578      2.33421      0.00000      0.00000
      6.80578      2.87155      0.00000      0.00000
      6.81578      2.93135      0.00000      0.00000
      6.82578      2.22396      0.00000      0.00000
      6.83578      1.37345      0.00000      0.00000
      6.84578      0.80949      0.00000      0.00000
      6.85578      0.93686      0.00000      0.00000
      6.86578      1.73512      0.00000      0.00000
      6.87578      2.42138      0.00000      0.00000
      6.88578      2.53276      0.00000      0.00000
      6.89578      2.37125      0.00000      0.00000
      6.90578      1.93799      0.00000      0.00000
      6.91578      1.44273      0.00000      0.00000
      6.92578      1.57735      0.00000      0.00000
      6.93578      2.00264      0.00000      0.00000
      6.94578      1.70973      0.00000      0.00000
