Energy-E_F (eV)    DOS (1/eV)    PDOS (1/eV)  of atom type Mo Se 
     -4.99000      2.80646      0.91414      1.89232
     -4.98000      3.46933      1.15910      2.31022
     -4.97000      3.27705      1.10771      2.16934
     -4.96000      2.74472      0.94820      1.79652
     -4.95000      2.76349      0.97780      1.78570
     -4.94000      2.76127      0.96740      1.79387
     -4.93000      3.28147      1.07319      2.20828
     -4.92000      4.50911      1.41133      3.09778
     -4.91000      4.51100      1.43639      3.07461
     -4.90000      4.07643      1.35699      2.71944
     -4.89000      4.26723      1.44919      2.81804
     -4.88000      4.24730      1.44883      2.79846
     -4.87000      3.92953      1.33821      2.59132
     -4.86000      3.74235      1.26064      2.48170
     -4.85000      3.73235      1.23827      2.49408
     -4.84000      3.90249      1.30515      2.59734
     -4.83000      3.73969      1.26341      2.47628
     -4.82000      3.02017      1.02576      1.99441
     -4.81000      2.83813      0.96484      1.87328
     -4.80000      3.46125      1.17937      2.28187
     -4.79000      4.50566      1.55150      2.95416
     -4.78000      5.59154      1.90940      3.68214
     -4.77000      5.07566      1.69213      3.38354
     -4.76000      3.94636      1.27996      2.66640
     -4.75000      3.58820      1.14783      2.44037
     -4.74000      4.19666      1.35499      2.84168
     -4.73000      5.39653      1.74990      3.64663
     -4.72000      5.63802      1.80193      3.83609
     -4.71000      4.71085      1.48218      3.22867
     -4.70000      4.25368      1.34780      2.90588
     -4.69000      4.19719      1.35730      2.83989
     -4.68000      4.94645      1.64481      3.30164
     -4.67000      5.96197      2.01601      3.94596
     -4.66000      5.73508      1.96284      3.77224
     -4.65000      5.14900      1.78737      3.36163
     -4.64000      4.87412      1.68974      3.18438
     -4.63000      4.34765      1.50111      2.84654
     -4.62000      4.01904      1.38371      2.63533
     -4.61000      3.92475      1.35275      2.57200
     -4.60000      3.91394      1.33303      2.58091
     -4.59000      4.30105      1.44370      2.85735
     -4.58000      3.90104      1.33713      2.56391
     -4.57000      3.03748      1.07138      1.96611
     -4.56000      2.63933      0.91240      1.72692
     -4.55000      2.43824      0.79981      1.63843
     -4.54000      1.79600      0.56204      1.23396
     -4.53000      1.34839      0.40972      0.93866
     -4.52000      1.36717      0.41065      0.95651
     -4.51000      1.34926      0.41350      0.93576
     -4.50000      1.51299      0.48096      1.03203
     -4.49000      1.67738      0.54479      1.13260
     -4.48000      1.24045      0.39923      0.84122
     -4.47000      0.71255      0.21864      0.49391
     -4.46000      0.60176      0.17933      0.42242
     -4.45000      0.92350      0.27401      0.64949
     -4.44000      1.34843      0.40047      0.94796
     -4.43000      1.09884      0.32799      0.77085
     -4.42000      0.54845      0.16914      0.37932
     -4.41000      0.63146      0.20462      0.42684
     -4.40000      1.09683      0.35015      0.74668
     -4.39000      0.98704      0.31145      0.67559
     -4.38000      0.64176      0.20218      0.43959
     -4.37000      0.78388      0.24453      0.53936
     -4.36000      1.03910      0.31372      0.72538
     -4.35000      1.16634      0.34311      0.82323
     -4.34000      0.94226      0.28403      0.65823
     -4.33000      0.55542      0.17766      0.37777
     -4.32000      0.62813      0.20567      0.42246
     -4.31000      1.01783      0.32890      0.68893
     -4.30000      1.32149      0.42889      0.89261
     -4.29000      1.12437      0.37044      0.75393
     -4.28000      0.57308      0.18833      0.38476
     -4.27000      0.47772      0.14674      0.33098
     -4.26000      0.78107      0.22958      0.55149
     -4.25000      1.01209      0.29221      0.71988
     -4.24000      0.82033      0.24258      0.57775
     -4.23000      0.68436      0.21799      0.46636
     -4.22000      0.59768      0.19376      0.40392
     -4.21000      0.42064      0.13129      0.28934
     -4.20000      0.62963      0.19309      0.43654
     -4.19000      0.88540      0.28085      0.60455
     -4.18000      0.70601      0.23008      0.47592
     -4.17000      0.38571      0.12474      0.26097
     -4.16000      0.48468      0.14952      0.33516
     -4.15000      1.06876      0.32476      0.74401
     -4.14000      1.36718      0.41280      0.95438
     -4.13000      0.79290      0.23935      0.55354
     -4.12000      0.32157      0.10254      0.21903
     -4.11000      0.36201      0.12167      0.24034
     -4.10000      0.52957      0.17258      0.35699
     -4.09000      0.91195      0.29021      0.62174
     -4.08000      1.07034      0.34429      0.72605
     -4.07000      0.78300      0.25841      0.52459
     -4.06000      0.52536      0.17417      0.35119
     -4.05000      0.37295      0.12017      0.25278
     -4.04000      0.56702      0.17364      0.39338
     -4.03000      1.08254      0.32524      0.75730
     -4.02000      1.00368      0.29919      0.70449
     -4.01000      0.38889      0.11580      0.27308
     -4.00000      0.15769      0.05041      0.10728
     -3.99000      0.42422      0.13986      0.28436
     -3.98000      0.73573      0.23871      0.49701
     -3.97000      0.75711      0.23778      0.51934
     -3.96000      0.64954      0.20106      0.44848
     -3.95000      0.46341      0.14285      0.32055
     -3.94000      0.43067      0.12902      0.30165
     -3.93000      0.47179      0.14473      0.32706
     -3.92000      0.53745      0.16703      0.37042
     -3.91000      1.03379      0.31672      0.71707
     -3.90000      1.35841      0.41351      0.94490
     -3.89000      1.07623      0.32296      0.75327
     -3.88000      0.67383      0.19720      0.47663
     -3.87000      0.33915      0.09924      0.23992
     -3.86000      0.66809      0.19136      0.47673
     -3.85000      2.13450      0.57802      1.55648
     -3.84000      4.04694      1.07352      2.97342
     -3.83000      5.28981      1.43107      3.85873
     -3.82000      7.42080      2.15616      5.26464
     -3.81000     10.13308      3.09448      7.03861
     -3.80000     10.37611      3.20049      7.17562
     -3.79000      9.15529      2.79703      6.35827
     -3.78000      8.74972      2.64438      6.10534
     -3.77000      8.33203      2.49787      5.83416
     -3.76000      7.39665      2.18412      5.21253
     -3.75000      6.68400      1.96116      4.72284
     -3.74000      6.46901      1.92066      4.54836
     -3.73000      6.57258      1.96671      4.60588
     -3.72000      6.70571      2.01689      4.68882
     -3.71000      6.43758      1.95862      4.47896
     -3.70000      6.15967      1.90070      4.25897
     -3.69000      5.71568      1.78469      3.93099
     -3.68000      4.98152      1.56850      3.41301
     -3.67000      4.59258      1.42826      3.16432
     -3.66000      4.97416      1.50762      3.46653
     -3.65000      5.54929      1.65807      3.89121
     -3.64000      4.75774      1.44446      3.31328
     -3.63000      3.63896      1.12873      2.51023
     -3.62000      3.49619      1.06195      2.43424
     -3.61000      3.20585      0.95930      2.24656
     -3.60000      3.07291      0.90290      2.17001
     -3.59000      3.31640      0.94307      2.37333
     -3.58000      2.89587      0.83342      2.06245
     -3.57000      2.35852      0.71587      1.64265
     -3.56000      2.29984      0.68613      1.61372
     -3.55000      2.18406      0.62369      1.56038
     -3.54000      2.05730      0.58450      1.47279
     -3.53000      2.26957      0.67508      1.59449
     -3.52000      2.41728      0.73974      1.67754
     -3.51000      1.92458      0.60971      1.31487
     -3.50000      1.37970      0.49104      0.88866
     -3.49000      1.04630      0.41498      0.63132
     -3.48000      0.93096      0.37963      0.55133
     -3.47000      0.98306      0.39328      0.58978
     -3.46000      0.95674      0.36519      0.59155
     -3.45000      0.88109      0.31068      0.57041
     -3.44000      0.74058      0.25846      0.48212
     -3.43000      0.61321      0.23970      0.37351
     -3.42000      0.67027      0.27169      0.39858
     -3.41000      0.85945      0.30921      0.55024
     -3.40000      1.28145      0.41192      0.86953
     -3.39000      1.89949      0.60621      1.29328
     -3.38000      2.39701      0.79216      1.60485
     -3.37000      2.28025      0.79111      1.48914
     -3.36000      1.54947      0.56065      0.98882
     -3.35000      0.97937      0.34360      0.63577
     -3.34000      1.03093      0.33797      0.69296
     -3.33000      1.10257      0.36974      0.73283
     -3.32000      0.76053      0.26115      0.49938
     -3.31000      0.62560      0.22847      0.39713
     -3.30000      0.78009      0.30378      0.47631
     -3.29000      0.89378      0.33814      0.55564
     -3.28000      1.12518      0.40688      0.71830
     -3.27000      1.93453      0.66801      1.26651
     -3.26000      2.53869      0.85496      1.68373
     -3.25000      2.15366      0.72827      1.42539
     -3.24000      1.34522      0.45802      0.88720
     -3.23000      0.85681      0.30246      0.55435
     -3.22000      0.48745      0.18083      0.30662
     -3.21000      0.37023      0.12744      0.24278
     -3.20000      0.79946      0.25705      0.54241
     -3.19000      1.21063      0.40969      0.80094
     -3.18000      1.12006      0.44119      0.67887
     -3.17000      0.95952      0.39897      0.56055
     -3.16000      1.00307      0.35647      0.64660
     -3.15000      1.35364      0.44098      0.91266
     -3.14000      2.48061      0.81193      1.66868
     -3.13000      3.87893      1.28947      2.58945
     -3.12000      3.87657      1.30270      2.57387
     -3.11000      3.00606      1.01978      1.98628
     -3.10000      2.62413      0.92261      1.70152
     -3.09000      2.91598      1.04842      1.86757
     -3.08000      3.87670      1.36016      2.51654
     -3.07000      4.38496      1.49616      2.88880
     -3.06000      4.04028      1.36592      2.67437
     -3.05000      3.56812      1.21619      2.35193
     -3.04000      3.68306      1.24616      2.43690
     -3.03000      4.11698      1.33342      2.78356
     -3.02000      5.13424      1.55132      3.58292
     -3.01000      5.95852      1.76784      4.19068
     -3.00000      5.94141      1.81484      4.12657
     -2.99000      6.49348      2.01717      4.47631
     -2.98000      6.79475      2.12810      4.66666
     -2.97000      5.81449      1.84581      3.96868
     -2.96000      4.77553      1.53445      3.24108
     -2.95000      4.31947      1.41385      2.90562
     -2.94000      3.87900      1.32839      2.55062
     -2.93000      3.23449      1.17597      2.05852
     -2.92000      2.70435      1.03338      1.67097
     -2.91000      2.58686      0.98481      1.60205
     -2.90000      3.35439      1.28172      2.07267
     -2.89000      4.18033      1.67021      2.51013
     -2.88000      3.44363      1.43710      2.00653
     -2.87000      2.80268      1.15449      1.64818
     -2.86000      3.03482      1.18590      1.84892
     -2.85000      3.40515      1.38213      2.02301
     -2.84000      3.78063      1.62033      2.16029
     -2.83000      3.70437      1.58081      2.12356
     -2.82000      2.69698      1.14511      1.55187
     -2.81000      2.00594      0.87519      1.13075
     -2.80000      2.43245      1.06413      1.36831
     -2.79000      3.27029      1.42322      1.84707
     -2.78000      3.87532      1.68980      2.18552
     -2.77000      4.10988      1.81469      2.29520
     -2.76000      3.80316      1.70566      2.09750
     -2.75000      3.04737      1.37882      1.66855
     -2.74000      2.82897      1.29359      1.53538
     -2.73000      3.09551      1.42993      1.66558
     -2.72000      2.48508      1.15455      1.33054
     -2.71000      2.06178      0.88596      1.17582
     -2.70000      2.57204      0.96852      1.60352
     -2.69000      3.18645      1.20205      1.98440
     -2.68000      3.59630      1.42715      2.16916
     -2.67000      3.48958      1.38414      2.10544
     -2.66000      2.79313      1.11753      1.67559
     -2.65000      2.15675      0.94274      1.21402
     -2.64000      1.85093      0.84805      1.00288
     -2.63000      2.03716      0.89752      1.13964
     -2.62000      2.32605      1.01904      1.30701
     -2.61000      2.53462      1.11523      1.41939
     -2.60000      2.11584      0.91135      1.20448
     -2.59000      1.32444      0.54938      0.77506
     -2.58000      1.11890      0.47630      0.64260
     -2.57000      1.27257      0.53725      0.73533
     -2.56000      1.37103      0.56072      0.81030
     -2.55000      1.69907      0.72230      0.97678
     -2.54000      2.41029      1.04791      1.36238
     -2.53000      2.88062      1.20103      1.67960
     -2.52000      2.69603      1.06403      1.63200
     -2.51000      1.75208      0.68433      1.06775
     -2.50000      1.03913      0.42847      0.61066
     -2.49000      1.01692      0.39591      0.62102
     -2.48000      1.44859      0.58876      0.85982
     -2.47000      1.96910      0.88210      1.08700
     -2.46000      1.83194      0.85424      0.97770
     -2.45000      1.52951      0.68227      0.84724
     -2.44000      1.68738      0.68585      1.00153
     -2.43000      1.80573      0.74501      1.06072
     -2.42000      1.60188      0.71194      0.88994
     -2.41000      1.85353      0.84244      1.01110
     -2.40000      1.84858      0.81777      1.03081
     -2.39000      1.08918      0.47379      0.61539
     -2.38000      0.81864      0.35395      0.46469
     -2.37000      1.03023      0.43466      0.59557
     -2.36000      1.56303      0.60151      0.96152
     -2.35000      2.31397      0.75696      1.55701
     -2.34000      2.48143      0.75515      1.72628
     -2.33000      2.34697      0.83776      1.50921
     -2.32000      2.38571      1.00625      1.37945
     -2.31000      2.09945      0.94407      1.15538
     -2.30000      1.60914      0.71310      0.89604
     -2.29000      1.33222      0.53510      0.79711
     -2.28000      1.20459      0.45316      0.75142
     -2.27000      1.07319      0.42816      0.64502
     -2.26000      0.95899      0.43815      0.52084
     -2.25000      0.93731      0.41737      0.51995
     -2.24000      1.12775      0.46122      0.66653
     -2.23000      1.34311      0.57232      0.77078
     -2.22000      1.52420      0.66515      0.85905
     -2.21000      1.67861      0.73735      0.94126
     -2.20000      1.59279      0.68377      0.90902
     -2.19000      1.54504      0.61742      0.92762
     -2.18000      1.68969      0.67700      1.01270
     -2.17000      1.89426      0.73536      1.15890
     -2.16000      1.95200      0.73476      1.21724
     -2.15000      1.82805      0.73495      1.09310
     -2.14000      1.61060      0.72999      0.88061
     -2.13000      1.59736      0.74741      0.84996
     -2.12000      1.83944      0.80864      1.03080
     -2.11000      1.98994      0.84340      1.14654
     -2.10000      1.89428      0.81648      1.07780
     -2.09000      1.76731      0.80194      0.96537
     -2.08000      1.86019      0.87680      0.98339
     -2.07000      1.88888      0.84927      1.03961
     -2.06000      2.27046      0.92415      1.34631
     -2.05000      2.84115      1.11417      1.72698
     -2.04000      2.52160      1.00821      1.51340
     -2.03000      1.93701      0.85329      1.08372
     -2.02000      2.21654      1.02710      1.18944
     -2.01000      2.67348      1.14940      1.52407
     -2.00000      3.45558      1.24893      2.20665
     -1.99000      4.25280      1.38909      2.86371
     -1.98000      3.50470      1.17623      2.32847
     -1.97000      2.68864      0.99026      1.69838
     -1.96000      2.95518      1.16571      1.78947
     -1.95000      3.32233      1.33482      1.98752
     -1.94000      3.27459      1.30759      1.96700
     -1.93000      2.77356      1.09397      1.67958
     -1.92000      2.84721      1.07217      1.77504
     -1.91000      3.31715      1.22282      2.09433
     -1.90000      3.28541      1.14058      2.14483
     -1.89000      3.88955      1.18578      2.70377
     -1.88000      5.68804      1.60809      4.07996
     -1.87000      7.36938      2.11066      5.25872
     -1.86000      7.88895      2.37874      5.51021
     -1.85000      7.18957      2.22358      4.96599
     -1.84000      5.69693      1.79418      3.90275
     -1.83000      5.00802      1.63090      3.37712
     -1.82000      4.84982      1.57037      3.27945
     -1.81000      4.63846      1.35073      3.28772
     -1.80000      4.27310      1.26114      3.01196
     -1.79000      3.78169      1.29562      2.48607
     -1.78000      3.89212      1.39373      2.49839
     -1.77000      3.70548      1.31502      2.39046
     -1.76000      2.70386      0.93910      1.76476
     -1.75000      2.65249      0.83457      1.81792
     -1.74000      4.03407      1.26749      2.76658
     -1.73000      5.14555      1.70553      3.44002
     -1.72000      4.54211      1.58468      2.95743
     -1.71000      3.53771      1.35600      2.18171
     -1.70000      3.92501      1.58803      2.33698
     -1.69000      4.73855      1.84352      2.89503
     -1.68000      4.52312      1.68110      2.84202
     -1.67000      4.44999      1.64490      2.80509
     -1.66000      4.95339      1.68656      3.26683
     -1.65000      5.05101      1.64087      3.41014
     -1.64000      5.05326      1.71046      3.34280
     -1.63000      4.74562      1.66233      3.08329
     -1.62000      4.26478      1.59184      2.67294
     -1.61000      4.04199      1.57703      2.46497
     -1.60000      3.60317      1.30722      2.29595
     -1.59000      2.64453      0.83449      1.81004
     -1.58000      1.99382      0.66197      1.33186
     -1.57000      2.51132      0.91131      1.60001
     -1.56000      3.28040      1.15025      2.13015
     -1.55000      3.74029      1.35072      2.38957
     -1.54000      4.19942      1.64686      2.55256
     -1.53000      3.67018      1.41061      2.25957
     -1.52000      2.57289      0.80542      1.76746
     -1.51000      2.40715      0.62117      1.78598
     -1.50000      2.66019      0.70015      1.96004
     -1.49000      2.60826      0.78203      1.82623
     -1.48000      2.66937      0.91485      1.75452
     -1.47000      3.13336      1.20536      1.92801
     -1.46000      3.44361      1.36284      2.08077
     -1.45000      3.16023      1.13669      2.02354
     -1.44000      2.98566      0.94707      2.03859
     -1.43000      2.68529      0.80893      1.87637
     -1.42000      2.00555      0.58565      1.41990
     -1.41000      1.87424      0.57554      1.29870
     -1.40000      2.54427      0.93206      1.61221
     -1.39000      3.02980      1.16565      1.86415
     -1.38000      2.80840      0.94083      1.86757
     -1.37000      2.73539      0.71508      2.02031
     -1.36000      2.61749      0.64947      1.96802
     -1.35000      2.36984      0.69153      1.67831
     -1.34000      2.52410      0.88817      1.63593
     -1.33000      2.42043      0.88699      1.53344
     -1.32000      2.38873      0.83864      1.55009
     -1.31000      2.68208      0.84894      1.83314
     -1.30000      2.77081      0.77391      1.99690
     -1.29000      2.70119      0.82016      1.88103
     -1.28000      2.26875      0.75367      1.51508
     -1.27000      1.57907      0.49340      1.08567
     -1.26000      1.54297      0.46696      1.07601
     -1.25000      1.81409      0.61566      1.19843
     -1.24000      2.25026      0.73132      1.51894
     -1.23000      2.68696      0.74161      1.94535
     -1.22000      3.00050      0.83737      2.16313
     -1.21000      2.66754      0.79632      1.87122
     -1.20000      1.78490      0.61024      1.17466
     -1.19000      1.47503      0.60553      0.86950
     -1.18000      1.56840      0.57939      0.98902
     -1.17000      2.28373      0.62194      1.66179
     -1.16000      2.79199      0.72938      2.06261
     -1.15000      2.20413      0.59004      1.61409
     -1.14000      1.61693      0.44454      1.17240
     -1.13000      1.50551      0.43808      1.06743
     -1.12000      1.59744      0.44005      1.15739
     -1.11000      1.99609      0.54779      1.44830
     -1.10000      2.58043      0.72639      1.85404
     -1.09000      2.58707      0.69440      1.89267
     -1.08000      2.26929      0.57706      1.69223
     -1.07000      1.80017      0.52063      1.27953
     -1.06000      1.77806      0.53224      1.24582
     -1.05000      2.42515      0.65737      1.76778
     -1.04000      3.07803      0.86192      2.21611
     -1.03000      3.02280      0.90836      2.11443
     -1.02000      2.41543      0.65715      1.75827
     -1.01000      1.96800      0.45340      1.51460
     -1.00000      1.80281      0.46864      1.33417
     -0.99000      2.56475      0.68993      1.87481
     -0.98000      3.78142      0.97322      2.80819
     -0.97000      3.98182      1.03838      2.94344
     -0.96000      3.16980      0.93770      2.23209
     -0.95000      3.02968      1.07268      1.95700
     -0.94000      3.22255      1.19201      2.03054
     -0.93000      3.16299      1.07253      2.09045
     -0.92000      3.31830      1.13913      2.17916
     -0.91000      3.16447      1.22046      1.94401
     -0.90000      2.79380      0.94742      1.84638
     -0.89000      2.59544      0.69234      1.90310
     -0.88000      2.70668      0.89708      1.80960
     -0.87000      3.11684      1.37364      1.74319
     -0.86000      3.04142      1.50883      1.53259
     -0.85000      2.21368      1.19160      1.02208
     -0.84000      1.66052      1.00560      0.65492
     -0.83000      1.69959      1.06214      0.63745
     -0.82000      1.78335      1.07258      0.71077
     -0.81000      1.99606      1.23830      0.75776
     -0.80000      2.68666      1.73693      0.94973
     -0.79000      2.88419      1.86295      1.02124
     -0.78000      2.62163      1.65269      0.96894
     -0.77000      2.33934      1.48638      0.85295
     -0.76000      2.53185      1.72753      0.80432
     -0.75000      3.55037      2.49313      1.05723
     -0.74000      4.15566      2.89265      1.26301
     -0.73000      4.33542      3.01541      1.32001
     -0.72000      4.39759      3.03661      1.36098
     -0.71000      4.26776      2.85848      1.40928
     -0.70000      4.03413      2.59606      1.43807
     -0.69000      3.69683      2.39728      1.29956
     -0.68000      3.18502      2.11599      1.06904
     -0.67000      3.37493      2.23208      1.14284
     -0.66000      3.45743      2.29432      1.16311
     -0.65000      2.88613      1.89937      0.98675
     -0.64000      2.81318      1.80008      1.01310
     -0.63000      3.06129      1.89133      1.16997
     -0.62000      3.56264      2.17880      1.38384
     -0.61000      3.92098      2.53025      1.39073
     -0.60000      3.15930      2.12956      1.02974
     -0.59000      2.09722      1.40941      0.68781
     -0.58000      2.40325      1.58253      0.82072
     -0.57000      3.08857      2.03425      1.05432
     -0.56000      2.83578      1.83745      0.99832
     -0.55000      2.41420      1.53337      0.88083
     -0.54000      2.95970      1.94631      1.01339
     -0.53000      3.55173      2.36889      1.18284
     -0.52000      3.02286      1.98775      1.03511
     -0.51000      2.34160      1.52738      0.81422
     -0.50000      2.67235      1.73074      0.94160
     -0.49000      2.93396      1.89165      1.04231
     -0.48000      2.51193      1.64807      0.86386
     -0.47000      2.18098      1.48018      0.70080
     -0.46000      2.75049      1.88986      0.86063
     -0.45000      3.51660      2.37816      1.13843
     -0.44000      3.38966      2.25457      1.13509
     -0.43000      2.34076      1.55515      0.78561
     -0.42000      2.03925      1.37589      0.66336
     -0.41000      2.84756      1.92514      0.92242
     -0.40000      2.92704      1.96699      0.96004
     -0.39000      1.97511      1.31843      0.65668
     -0.38000      1.99837      1.36212      0.63625
     -0.37000      3.42605      2.39966      1.02639
     -0.36000      4.07955      2.86831      1.21124
     -0.35000      3.04617      2.10473      0.94144
     -0.34000      2.11683      1.43431      0.68251
     -0.33000      2.11515      1.45374      0.66141
     -0.32000      2.68283      1.88224      0.80059
     -0.31000      2.78405      1.94908      0.83497
     -0.30000      2.52183      1.73808      0.78375
     -0.29000      2.55083      1.75911      0.79173
     -0.28000      3.04201      2.13632      0.90569
     -0.27000      3.58059      2.56134      1.01925
     -0.26000      2.92754      2.11003      0.81751
     -0.25000      1.52081      1.10057      0.42025
     -0.24000      0.89634      0.66229      0.23405
     -0.23000      0.91833      0.69320      0.22513
     -0.22000      1.06155      0.81257      0.24898
     -0.21000      1.10878      0.85268      0.25609
     -0.20000      1.02123      0.78349      0.23774
     -0.19000      0.89429      0.68826      0.20603
     -0.18000      0.89955      0.70053      0.19902
     -0.17000      1.16632      0.91533      0.25099
     -0.16000      1.21839      0.95806      0.26034
     -0.15000      0.85937      0.67472      0.18465
     -0.14000      0.59979      0.47040      0.12938
     -0.13000      0.61449      0.48487      0.12962
     -0.12000      0.74049      0.58710      0.15339
     -0.11000      0.66408      0.52729      0.13679
     -0.10000      0.54763      0.43596      0.11166
     -0.09000      0.73223      0.58481      0.14742
     -0.08000      0.97565      0.78072      0.19492
     -0.07000      0.75606      0.60578      0.15028
     -0.06000      0.40678      0.32666      0.08012
     -0.05000      0.46359      0.37326      0.09033
     -0.04000      0.56813      0.45801      0.11012
     -0.03000      0.58831      0.47505      0.11326
     -0.02000      0.58181      0.47047      0.11134
     -0.01000      0.43545      0.35253      0.08292
      0.00000      0.23801      0.19289      0.04512
      0.01000      0.08190      0.06641      0.01549
      0.02000      0.01312      0.01064      0.00248
      0.03000      0.00083      0.00067      0.00016
      0.04000      0.00002      0.00002      0.00000
      0.05000      0.00000      0.00000      0.00000
      0.06000      0.00000      0.00000      0.00000
      0.07000      0.00000      0.00000      0.00000
      0.08000      0.00000      0.00000      0.00000
      0.09000      0.00000      0.00000      0.00000
      0.10000      0.00000      0.00000      0.00000
      0.11000      0.00000      0.00000      0.00000
      0.12000      0.00000      0.00000      0.00000
      0.13000      0.00000      0.00000      0.00000
      0.14000      0.00000      0.00000      0.00000
      0.15000      0.00000      0.00000      0.00000
      0.16000      0.00000      0.00000      0.00000
      0.17000      0.00000      0.00000      0.00000
      0.18000      0.00000      0.00000      0.00000
      0.19000      0.00000      0.00000      0.00000
      0.20000      0.00000      0.00000      0.00000
      0.21000      0.00000      0.00000      0.00000
      0.22000      0.00000      0.00000      0.00000
      0.23000      0.00000      0.00000      0.00000
      0.24000      0.00000      0.00000      0.00000
      0.25000      0.00000      0.00000      0.00000
      0.26000      0.00000      0.00000      0.00000
      0.27000      0.00000      0.00000      0.00000
      0.28000      0.00000      0.00000      0.00000
      0.29000      0.00000      0.00000      0.00000
      0.30000      0.00000      0.00000      0.00000
      0.31000      0.00000      0.00000      0.00000
      0.32000      0.00000      0.00000      0.00000
      0.33000      0.00000      0.00000      0.00000
      0.34000      0.00000      0.00000      0.00000
      0.35000      0.00000      0.00000      0.00000
      0.36000      0.00000      0.00000      0.00000
      0.37000      0.00000      0.00000      0.00000
      0.38000      0.00000      0.00000      0.00000
      0.39000      0.00000      0.00000      0.00000
      0.40000      0.00000      0.00000      0.00000
      0.41000      0.00000      0.00000      0.00000
      0.42000      0.00000      0.00000      0.00000
      0.43000      0.00000      0.00000      0.00000
      0.44000      0.00000      0.00000      0.00000
      0.45000      0.00000      0.00000      0.00000
      0.46000      0.00000      0.00000      0.00000
      0.47000      0.00000      0.00000      0.00000
      0.48000      0.00000      0.00000      0.00000
      0.49000      0.00000      0.00000      0.00000
      0.50000      0.00000      0.00000      0.00000
      0.51000      0.00000      0.00000      0.00000
      0.52000      0.00000      0.00000      0.00000
      0.53000      0.00000      0.00000      0.00000
      0.54000      0.00000      0.00000      0.00000
      0.55000      0.00000      0.00000      0.00000
      0.56000      0.00000      0.00000      0.00000
      0.57000      0.00000      0.00000      0.00000
      0.58000      0.00000      0.00000      0.00000
      0.59000      0.00000      0.00000      0.00000
      0.60000      0.00000      0.00000      0.00000
      0.61000      0.00000      0.00000      0.00000
      0.62000      0.00000      0.00000      0.00000
      0.63000      0.00000      0.00000      0.00000
      0.64000      0.00000      0.00000      0.00000
      0.65000      0.00000      0.00000      0.00000
      0.66000      0.00000      0.00000      0.00000
      0.67000      0.00000      0.00000      0.00000
      0.68000      0.00000      0.00000      0.00000
      0.69000      0.00000      0.00000      0.00000
      0.70000      0.00000      0.00000      0.00000
      0.71000      0.00000      0.00000      0.00000
      0.72000      0.00000      0.00000      0.00000
      0.73000      0.00000      0.00000      0.00000
      0.74000      0.00000      0.00000      0.00000
      0.75000      0.00000      0.00000      0.00000
      0.76000      0.00000      0.00000      0.00000
      0.77000      0.00000      0.00000      0.00000
      0.78000      0.00000      0.00000      0.00000
      0.79000      0.00000      0.00000      0.00000
      0.80000      0.00000      0.00000      0.00000
      0.81000      0.00000      0.00000      0.00000
      0.82000      0.00000      0.00000      0.00000
      0.83000      0.00000      0.00000      0.00000
      0.84000      0.00000      0.00000      0.00000
      0.85000      0.00000      0.00000      0.00000
      0.86000      0.00000      0.00000      0.00000
      0.87000      0.00000      0.00000      0.00000
      0.88000      0.00000      0.00000      0.00000
      0.89000      0.00000      0.00000      0.00000
      0.90000      0.00000      0.00000      0.00000
      0.91000      0.00000      0.00000      0.00000
      0.92000      0.00000      0.00000      0.00000
      0.93000      0.00000      0.00000      0.00000
      0.94000      0.00000      0.00000      0.00000
      0.95000      0.00000      0.00000      0.00000
      0.96000      0.00000      0.00000      0.00000
      0.97000      0.00000      0.00000      0.00000
      0.98000      0.00000      0.00000      0.00000
      0.99000      0.00000      0.00000      0.00000
      1.00000      0.00000      0.00000      0.00000
      1.01000      0.00000      0.00000      0.00000
      1.02000      0.00000      0.00000      0.00000
      1.03000      0.00000      0.00000      0.00000
      1.04000      0.00000      0.00000      0.00000
      1.05000      0.00000      0.00000      0.00000
      1.06000      0.00000      0.00000      0.00000
      1.07000      0.00000      0.00000      0.00000
      1.08000      0.00000      0.00000      0.00000
      1.09000      0.00000      0.00000      0.00000
      1.10000      0.00000      0.00000      0.00000
      1.11000      0.00000      0.00000      0.00000
      1.12000      0.00000      0.00000      0.00000
      1.13000      0.00000      0.00000      0.00000
      1.14000      0.00000      0.00000      0.00000
      1.15000      0.00000      0.00000      0.00000
      1.16000      0.00000      0.00000      0.00000
      1.17000      0.00000      0.00000      0.00000
      1.18000      0.00000      0.00000      0.00000
      1.19000      0.00000      0.00000      0.00000
      1.20000      0.00000      0.00000      0.00000
      1.21000      0.00000      0.00000      0.00000
      1.22000      0.00000      0.00000      0.00000
      1.23000      0.00000      0.00000      0.00000
      1.24000      0.00000      0.00000      0.00000
      1.25000      0.00000      0.00000      0.00000
      1.26000      0.00000      0.00000      0.00000
      1.27000      0.00000      0.00000      0.00000
      1.28000      0.00000      0.00000      0.00000
      1.29000      0.00000      0.00000      0.00000
      1.30000      0.00000      0.00000      0.00000
      1.31000      0.00000      0.00000      0.00000
      1.32000      0.00000      0.00000      0.00000
      1.33000      0.00000      0.00000      0.00000
      1.34000      0.00000      0.00000      0.00000
      1.35000      0.00000      0.00000      0.00000
      1.36000      0.00000      0.00000      0.00000
      1.37000      0.00000      0.00000      0.00000
      1.38000      0.00000      0.00000      0.00000
      1.39000      0.00000      0.00000      0.00000
      1.40000      0.00000      0.00000      0.00000
      1.41000      0.00000      0.00000      0.00000
      1.42000      0.00007      0.00006      0.00001
      1.43000      0.00215      0.00183      0.00032
      1.44000      0.02483      0.02112      0.00371
      1.45000      0.11286      0.09599      0.01688
      1.46000      0.24959      0.21218      0.03740
      1.47000      0.39482      0.33546      0.05937
      1.48000      0.49987      0.42453      0.07533
      1.49000      0.50520      0.42884      0.07636
      1.50000      0.48827      0.41404      0.07423
      1.51000      0.46429      0.39348      0.07081
      1.52000      0.34720      0.29402      0.05317
      1.53000      0.37215      0.31418      0.05797
      1.54000      0.62155      0.52438      0.09717
      1.55000      0.77892      0.65779      0.12114
      1.56000      0.67776      0.57258      0.10518
      1.57000      0.54481      0.45941      0.08540
      1.58000      0.45944      0.38505      0.07439
      1.59000      0.58789      0.47603      0.11186
      1.60000      1.03068      0.76254      0.26814
      1.61000      1.46791      0.94655      0.52136
      1.62000      2.07492      1.26632      0.80860
      1.63000      2.82310      1.80436      1.01875
      1.64000      3.21560      2.12043      1.09517
      1.65000      3.17231      2.06646      1.10586
      1.66000      2.64152      1.68153      0.95999
      1.67000      2.72209      1.71332      1.00877
      1.68000      3.23766      2.02448      1.21318
      1.69000      2.95012      1.82533      1.12479
      1.70000      2.85328      1.80243      1.05084
      1.71000      3.27063      2.09760      1.17303
      1.72000      3.85474      2.46860      1.38614
      1.73000      4.19957      2.71843      1.48114
      1.74000      3.68487      2.42810      1.25676
      1.75000      3.51579      2.32411      1.19168
      1.76000      4.35045      2.79727      1.55318
      1.77000      4.71825      2.96228      1.75598
      1.78000      4.48880      2.81007      1.67873
      1.79000      4.84983      3.11214      1.73769
      1.80000      5.86452      3.85297      2.01155
      1.81000      6.60931      4.29071      2.31860
      1.82000      7.14532      4.60868      2.53663
      1.83000      7.33063      4.87437      2.45626
      1.84000      7.74384      5.28917      2.45467
      1.85000      8.76035      6.16236      2.59799
      1.86000     11.32766      8.39912      2.92853
      1.87000     14.37769     11.07632      3.30136
      1.88000     13.96765     10.99911      2.96854
      1.89000      9.02677      7.15490      1.87187
      1.90000      3.99751      3.00879      0.98872
      1.91000      2.06616      1.35627      0.70989
      1.92000      1.58470      0.94204      0.64266
      1.93000      1.18740      0.64289      0.54451
      1.94000      0.77069      0.38138      0.38932
      1.95000      0.49226      0.23002      0.26224
      1.96000      0.39998      0.18542      0.21456
      1.97000      0.59828      0.29804      0.30024
      1.98000      1.20644      0.66075      0.54570
      1.99000      1.81121      1.02496      0.78625
      2.00000      1.65594      0.92855      0.72739
      2.01000      1.34898      0.78088      0.56810
      2.02000      1.17904      0.73604      0.44300
      2.03000      1.03770      0.64173      0.39597
      2.04000      1.52802      0.93733      0.59069
      2.05000      2.31895      1.48657      0.83238
      2.06000      2.52174      1.65312      0.86862
      2.07000      2.44690      1.57634      0.87056
      2.08000      2.41342      1.55103      0.86239
      2.09000      2.64508      1.74493      0.90016
      2.10000      3.27011      2.18124      1.08887
      2.11000      3.56215      2.41305      1.14910
      2.12000      3.88225      2.71245      1.16980
      2.13000      4.80288      3.35598      1.44690
      2.14000      5.94601      4.08975      1.85626
      2.15000      7.73802      5.27628      2.46174
      2.16000      9.90839      6.71159      3.19680
      2.17000     10.31635      7.07372      3.24263
      2.18000      9.29722      6.53416      2.76306
      2.19000      7.93831      5.59717      2.34114
      2.20000      6.52628      4.55017      1.97611
      2.21000      5.85468      4.01763      1.83705
      2.22000      5.56181      3.71202      1.84979
      2.23000      5.07556      3.31994      1.75562
      2.24000      5.00915      3.25294      1.75621
      2.25000      6.00942      3.94504      2.06438
      2.26000      7.00000      4.61790      2.38209
      2.27000      7.06951      4.68805      2.38147
      2.28000      6.68056      4.59473      2.08583
      2.29000      6.17370      4.28498      1.88872
      2.30000      5.25423      3.45888      1.79535
      2.31000      4.43673      2.76146      1.67526
      2.32000      3.69589      2.33670      1.35920
      2.33000      3.92843      2.45897      1.46946
      2.34000      5.15860      3.09551      2.06310
      2.35000      5.90537      3.49037      2.41500
      2.36000      5.23384      3.08127      2.15257
      2.37000      3.86707      2.26752      1.59955
      2.38000      2.68716      1.58730      1.09986
      2.39000      2.23966      1.35760      0.88206
      2.40000      2.88749      1.80833      1.07916
      2.41000      3.43677      2.16570      1.27107
      2.42000      3.23546      1.97416      1.26130
      2.43000      2.96316      1.81524      1.14792
      2.44000      2.86803      1.80631      1.06172
      2.45000      2.71879      1.66202      1.05677
      2.46000      2.80900      1.65626      1.15274
      2.47000      3.35978      1.89771      1.46207
      2.48000      4.43921      2.39452      2.04469
      2.49000      4.35295      2.27406      2.07890
      2.50000      3.06723      1.63845      1.42878
      2.51000      2.26931      1.32679      0.94252
      2.52000      2.11484      1.29116      0.82369
      2.53000      2.10028      1.25801      0.84227
      2.54000      2.36518      1.35384      1.01133
      2.55000      2.69830      1.47603      1.22227
      2.56000      3.40333      1.84617      1.55716
      2.57000      3.48612      1.94210      1.54402
      2.58000      2.98458      1.64533      1.33925
      2.59000      2.81623      1.52540      1.29082
      2.60000      2.91200      1.57716      1.33484
      2.61000      3.91432      2.12697      1.78735
      2.62000      4.75315      2.57391      2.17924
      2.63000      4.67347      2.46746      2.20602
      2.64000      5.58646      2.91797      2.66849
      2.65000      6.71029      3.52204      3.18825
      2.66000      5.09970      2.70494      2.39476
      2.67000      3.23974      1.75206      1.48768
      2.68000      3.01547      1.60106      1.41441
      2.69000      3.03180      1.57931      1.45249
      2.70000      2.93380      1.59354      1.34026
      2.71000      3.09315      1.71449      1.37866
      2.72000      3.15372      1.63360      1.52013
      2.73000      3.19645      1.57657      1.61989
      2.74000      3.48881      1.70974      1.77907
      2.75000      3.38527      1.65474      1.73053
      2.76000      2.71352      1.36077      1.35275
      2.77000      2.32759      1.23791      1.08969
      2.78000      2.55937      1.42192      1.13746
      2.79000      2.86736      1.61505      1.25231
      2.80000      2.52294      1.39743      1.12551
      2.81000      2.49024      1.29725      1.19299
      2.82000      2.93282      1.46453      1.46829
      2.83000      3.39665      1.67962      1.71702
      2.84000      3.47725      1.71222      1.76503
      2.85000      2.99884      1.47371      1.52513
      2.86000      2.39493      1.14087      1.25405
      2.87000      1.97435      0.92544      1.04891
      2.88000      1.78161      0.87655      0.90505
      2.89000      1.79368      0.89188      0.90180
      2.90000      1.87755      0.91926      0.95829
      2.91000      2.40253      1.23324      1.16929
      2.92000      3.28482      1.70426      1.58056
      2.93000      3.19650      1.57885      1.61765
      2.94000      2.29573      1.04312      1.25261
      2.95000      1.83375      0.78518      1.04858
      2.96000      1.71833      0.79551      0.92282
      2.97000      1.82803      0.92846      0.89957
      2.98000      2.00453      1.00018      1.00434
      2.99000      2.14210      1.05806      1.08404
      3.00000      2.85319      1.41403      1.43916
      3.01000      3.91438      1.89540      2.01897
      3.02000      3.58944      1.70290      1.88654
      3.03000      2.02868      0.91989      1.10878
      3.04000      1.04837      0.43073      0.61764
      3.05000      0.81730      0.32410      0.49320
      3.06000      1.04192      0.44937      0.59255
      3.07000      1.20462      0.55467      0.64995
      3.08000      1.21251      0.56944      0.64306
      3.09000      1.17159      0.54524      0.62635
      3.10000      1.22809      0.58687      0.64122
      3.11000      1.48420      0.69994      0.78426
      3.12000      1.68528      0.75491      0.93037
      3.13000      1.42456      0.61905      0.80550
      3.14000      1.11043      0.48850      0.62193
      3.15000      1.13640      0.51886      0.61754
      3.16000      1.24052      0.58568      0.65484
      3.17000      1.52175      0.71827      0.80348
      3.18000      1.95879      0.91187      1.04691
      3.19000      1.85655      0.87332      0.98322
      3.20000      1.23247      0.58371      0.64876
      3.21000      1.03896      0.48074      0.55823
      3.22000      1.13104      0.52633      0.60471
      3.23000      1.20796      0.55714      0.65081
      3.24000      1.38088      0.59878      0.78210
      3.25000      1.44863      0.61651      0.83212
      3.26000      1.39901      0.62071      0.77830
      3.27000      1.15550      0.52342      0.63208
      3.28000      0.96289      0.43724      0.52566
      3.29000      1.07867      0.50106      0.57761
      3.30000      1.35935      0.61933      0.74002
      3.31000      1.51856      0.67844      0.84011
      3.32000      1.29978      0.59517      0.70460
      3.33000      1.32604      0.63025      0.69579
      3.34000      1.64659      0.78176      0.86483
      3.35000      1.50673      0.70949      0.79724
      3.36000      1.15416      0.51564      0.63852
      3.37000      1.42393      0.59903      0.82490
      3.38000      1.65403      0.70950      0.94453
      3.39000      1.58440      0.71200      0.87241
      3.40000      1.51644      0.69982      0.81661
      3.41000      1.44682      0.67606      0.77076
      3.42000      1.26663      0.58863      0.67800
      3.43000      1.37322      0.61252      0.76070
      3.44000      1.64903      0.73731      0.91172
      3.45000      1.58562      0.73495      0.85067
      3.46000      1.39898      0.65710      0.74188
      3.47000      1.37877      0.64463      0.73415
      3.48000      1.37671      0.63637      0.74033
      3.49000      2.13332      0.95687      1.17645
      3.50000      3.00233      1.33675      1.66558
      3.51000      2.60236      1.17365      1.42871
      3.52000      1.92258      0.88603      1.03656
      3.53000      1.44346      0.67248      0.77098
      3.54000      1.28154      0.59832      0.68322
      3.55000      1.61645      0.74000      0.87644
      3.56000      1.49466      0.66882      0.82584
      3.57000      0.77180      0.33817      0.43363
      3.58000      0.41847      0.17888      0.23959
      3.59000      0.35499      0.15157      0.20343
      3.60000      0.78231      0.33853      0.44378
      3.61000      1.85222      0.80317      1.04905
      3.62000      1.98302      0.85935      1.12366
      3.63000      1.07115      0.46278      0.60836
      3.64000      0.49308      0.21234      0.28074
      3.65000      0.53846      0.23404      0.30441
      3.66000      1.03253      0.45216      0.58036
      3.67000      1.16967      0.51366      0.65601
      3.68000      0.78016      0.34188      0.43827
      3.69000      0.51790      0.22691      0.29099
      3.70000      1.03248      0.45744      0.57504
      3.71000      2.21002      0.98324      1.22679
      3.72000      2.49011      1.11009      1.38001
      3.73000      1.71481      0.76449      0.95032
      3.74000      1.48075      0.66468      0.81607
      3.75000      2.13256      0.96726      1.16531
      3.76000      2.40557      1.09589      1.30968
      3.77000      1.96044      0.89389      1.06655
      3.78000      2.19275      1.00061      1.19214
      3.79000      3.16271      1.44745      1.71525
      3.80000      3.55596      1.63330      1.92266
      3.81000      3.40433      1.56867      1.83567
      3.82000      2.99335      1.38391      1.60944
      3.83000      3.18845      1.48071      1.70774
      3.84000      4.14077      1.93094      2.20983
      3.85000      4.77145      2.23664      2.53481
      3.86000      5.89320      2.76566      3.12754
      3.87000      7.55070      3.53722      4.01348
      3.88000      8.05909      3.77310      4.28599
      3.89000      7.41327      3.48429      3.92897
      3.90000      6.16068      2.92610      3.23458
      3.91000      4.96702      2.38632      2.58070
      3.92000      4.87123      2.34425      2.52698
      3.93000      4.51014      2.16456      2.34559
      3.94000      3.67516      1.77464      1.90053
      3.95000      3.90844      1.91645      1.99199
      3.96000      5.06549      2.50659      2.55890
      3.97000      4.84611      2.40019      2.44592
      3.98000      2.93850      1.45736      1.48114
      3.99000      1.79255      0.90549      0.88706
      4.00000      1.90288      0.98531      0.91757
      4.01000      2.06810      1.08193      0.98617
      4.02000      1.64762      0.86576      0.78186
      4.03000      1.40513      0.74146      0.66367
      4.04000      1.56365      0.82968      0.73396
      4.05000      1.72568      0.92201      0.80367
      4.06000      1.95919      1.05332      0.90586
      4.07000      1.73534      0.93519      0.80015
      4.08000      1.08490      0.58622      0.49868
      4.09000      1.02019      0.55407      0.46612
      4.10000      1.13960      0.62124      0.51836
      4.11000      1.10704      0.60620      0.50085
      4.12000      1.01756      0.55937      0.45819
      4.13000      0.91223      0.50328      0.40896
      4.14000      1.04159      0.57732      0.46428
      4.15000      1.32938      0.73930      0.59008
      4.16000      1.30869      0.72965      0.57903
      4.17000      0.96775      0.54126      0.42649
      4.18000      0.80844      0.45395      0.35449
      4.19000      0.73239      0.41259      0.31980
      4.20000      0.80326      0.45458      0.34869
      4.21000      0.96200      0.54585      0.41616
      4.22000      0.90721      0.51613      0.39108
      4.23000      0.85990      0.49102      0.36888
      4.24000      0.90323      0.51736      0.38587
      4.25000      0.82144      0.47180      0.34964
      4.26000      0.75949      0.43778      0.32171
      4.27000      0.75636      0.43731      0.31906
      4.28000      0.74869      0.43428      0.31441
      4.29000      0.78339      0.45575      0.32764
      4.30000      0.70535      0.41131      0.29405
      4.31000      0.46926      0.27415      0.19511
      4.32000      0.19234      0.11251      0.07983
      4.33000      0.03977      0.02328      0.01649
      4.34000      0.00357      0.00209      0.00148
      4.35000      0.00013      0.00007      0.00005
      4.36000      0.00000      0.00000      0.00000
      4.37000      0.00000      0.00000      0.00000
      4.38000      0.00000      0.00000      0.00000
      4.39000      0.00000      0.00000      0.00000
      4.40000      0.00000      0.00000      0.00000
      4.41000      0.00000      0.00000      0.00000
      4.42000      0.00000      0.00000      0.00000
      4.43000      0.00000      0.00000      0.00000
      4.44000      0.00000      0.00000      0.00000
      4.45000      0.00000      0.00000      0.00000
      4.46000      0.00000      0.00000      0.00000
      4.47000      0.00000      0.00000      0.00000
      4.48000      0.00000      0.00000      0.00000
      4.49000      0.00000      0.00000      0.00000
      4.50000      0.00000      0.00000      0.00000
      4.51000      0.00000      0.00000      0.00000
      4.52000      0.00000      0.00000      0.00000
      4.53000      0.00000      0.00000      0.00000
      4.54000      0.00000      0.00000      0.00000
      4.55000      0.00000      0.00000      0.00000
      4.56000      0.00000      0.00000      0.00000
      4.57000      0.00000      0.00000      0.00000
      4.58000      0.00000      0.00000      0.00000
      4.59000      0.00000      0.00000      0.00000
      4.60000      0.00000      0.00000      0.00000
      4.61000      0.00000      0.00000      0.00000
      4.62000      0.00000      0.00000      0.00000
      4.63000      0.00000      0.00000      0.00000
      4.64000      0.00000      0.00000      0.00000
      4.65000      0.00000      0.00000      0.00000
      4.66000      0.00000      0.00000      0.00000
      4.67000      0.00000      0.00000      0.00000
      4.68000      0.00000      0.00000      0.00000
      4.69000      0.00000      0.00000      0.00000
      4.70000      0.00000      0.00000      0.00000
      4.71000      0.00000      0.00000      0.00000
      4.72000      0.00000      0.00000      0.00000
      4.73000      0.00000      0.00000      0.00000
      4.74000      0.00000      0.00000      0.00000
      4.75000      0.00000      0.00000      0.00000
      4.76000      0.00000      0.00000      0.00000
      4.77000      0.00000      0.00000      0.00000
      4.78000      0.00000      0.00000      0.00000
      4.79000      0.00000      0.00000      0.00000
      4.80000      0.00000      0.00000      0.00000
      4.81000      0.00000      0.00000      0.00000
      4.82000      0.00000      0.00000      0.00000
      4.83000      0.00000      0.00000      0.00000
      4.84000      0.00000      0.00000      0.00000
      4.85000      0.00000      0.00000      0.00000
      4.86000      0.00000      0.00000      0.00000
      4.87000      0.00000      0.00000      0.00000
      4.88000      0.00000      0.00000      0.00000
      4.89000      0.00000      0.00000      0.00000
      4.90000      0.00000      0.00000      0.00000
      4.91000      0.00000      0.00000      0.00000
      4.92000      0.00000      0.00000      0.00000
      4.93000      0.00000      0.00000      0.00000
      4.94000      0.00000      0.00000      0.00000
      4.95000      0.00000      0.00000      0.00000
      4.96000      0.00000      0.00000      0.00000
      4.97000      0.00000      0.00000      0.00000
      4.98000      0.00000      0.00000      0.00000
      4.99000      0.00000      0.00000      0.00000
      5.00000      0.00000      0.00000      0.00000
      5.01000      0.00000      0.00000      0.00000
      5.02000      0.00000      0.00000      0.00000
      5.03000      0.00000      0.00000      0.00000
      5.04000      0.00000      0.00000      0.00000
      5.05000      0.00000      0.00000      0.00000
      5.06000      0.00000      0.00000      0.00000
      5.07000      0.00000      0.00000      0.00000
      5.08000      0.00000      0.00000      0.00000
      5.09000      0.00000      0.00000      0.00000
      5.10000      0.00000      0.00000      0.00000
      5.11000      0.00000      0.00000      0.00000
      5.12000      0.00000      0.00000      0.00000
      5.13000      0.00000      0.00000      0.00000
      5.14000      0.00000      0.00000      0.00000
      5.15000      0.00000      0.00000      0.00000
      5.16000      0.00000      0.00000      0.00000
      5.17000      0.00000      0.00000      0.00000
      5.18000      0.00000      0.00000      0.00000
      5.19000      0.00000      0.00000      0.00000
      5.20000      0.00000      0.00000      0.00000
      5.21000      0.00000      0.00000      0.00000
      5.22000      0.00000      0.00000      0.00000
      5.23000      0.00000      0.00000      0.00000
      5.24000      0.00000      0.00000      0.00000
      5.25000      0.00000      0.00000      0.00000
      5.26000      0.00000      0.00000      0.00000
      5.27000      0.00000      0.00000      0.00000
      5.28000      0.00000      0.00000      0.00000
      5.29000      0.00000      0.00000      0.00000
      5.30000      0.00000      0.00000      0.00000
      5.31000      0.00000      0.00000      0.00000
      5.32000      0.00000      0.00000      0.00000
      5.33000      0.00000      0.00000      0.00000
      5.34000      0.00000      0.00000      0.00000
      5.35000      0.00000      0.00000      0.00000
      5.36000      0.00000      0.00000      0.00000
      5.37000      0.00003      0.00005      0.00000
      5.38000      0.00117      0.00196      0.00000
      5.39000      0.01623      0.02717      0.00000
      5.40000      0.08259      0.13823      0.00000
      5.41000      0.15487      0.25921      0.00000
      5.42000      0.11247      0.18809      0.00000
      5.43000      0.07378      0.12224      0.00000
      5.44000      0.13651      0.22478      0.00008
      5.45000      0.14457      0.23312      0.00268
      5.46000      0.10135      0.10167      0.03498
      5.47000      0.24925      0.07399      0.18035
      5.48000      0.52637      0.13873      0.39018
      5.49000      0.56352      0.20293      0.38748
      5.50000      0.56753      0.40569      0.27844
      5.51000      0.83439      0.63124      0.39013
      5.52000      0.78249      0.47219      0.43212
      5.53000      0.43426      0.29072      0.22269
      5.54000      0.41707      0.31448      0.19368
      5.55000      0.72419      0.30225      0.47465
      5.56000      0.90282      0.25200      0.66247
      5.57000      0.77234      0.20605      0.57213
      5.58000      0.60460      0.25237      0.39450
      5.59000      0.67231      0.49092      0.31441
      5.60000      0.78246      0.56949      0.36708
      5.61000      0.70500      0.33332      0.43736
      5.62000      0.61221      0.17577      0.44674
      5.63000      0.51848      0.13095      0.38813
      5.64000      0.41127      0.10462      0.30707
      5.65000      0.37578      0.11305      0.27044
      5.66000      0.48027      0.25488      0.27797
      5.67000      0.57305      0.49395      0.21342
      5.68000      0.74631      0.57961      0.31642
      5.69000      1.19657      0.67772      0.66183
      5.70000      1.44947      0.73130      0.85639
      5.71000      1.20453      0.47306      0.79589
      5.72000      0.79216      0.23898      0.56925
      5.73000      0.54636      0.21634      0.35874
      5.74000      0.56876      0.32037      0.31033
      5.75000      0.59505      0.33265      0.32618
      5.76000      0.63113      0.33953      0.35454
      5.77000      0.66187      0.32649      0.39106
      5.78000      0.66105      0.24067      0.44640
      5.79000      0.84025      0.32004      0.55549
      5.80000      1.13678      0.57190      0.65604
      5.81000      0.96164      0.54056      0.51616
      5.82000      0.38581      0.21138      0.21098
      5.83000      0.09053      0.03951      0.05637
      5.84000      0.15681      0.05444      0.10631
      5.85000      0.43347      0.21349      0.24811
      5.86000      0.82571      0.51599      0.39399
      5.87000      1.48271      0.80743      0.79486
      5.88000      1.97129      0.89807      1.18355
      5.89000      1.55711      0.63429      0.98883
      5.90000      0.94702      0.41051      0.58009
      5.91000      0.99446      0.53450      0.52843
      5.92000      0.85248      0.45860      0.45234
      5.93000      0.47183      0.19915      0.29180
      5.94000      0.51526      0.16618      0.35696
      5.95000      0.81489      0.36623      0.48057
      5.96000      0.82408      0.58414      0.31281
      5.97000      0.64622      0.51480      0.19924
      5.98000      0.74598      0.31289      0.45825
      5.99000      0.98768      0.26387      0.72816
      6.00000      0.93245      0.28309      0.65684
      6.01000      0.84003      0.40483      0.46193
      6.02000      0.94991      0.50246      0.48353
      6.03000      0.91868      0.36931      0.56823
      6.04000      0.77429      0.30144      0.48433
      6.05000      0.88047      0.51842      0.38991
      6.06000      1.02379      0.71756      0.34743
      6.07000      0.79725      0.59247      0.23676
      6.08000      0.70574      0.48664      0.23952
      6.09000      1.04436      0.50127      0.55697
      6.10000      1.30641      0.46881      0.84345
      6.11000      1.44288      0.55841      0.88750
      6.12000      1.50226      0.59678      0.90815
      6.13000      1.33636      0.46213      0.87534
      6.14000      1.20379      0.46119      0.74277
      6.15000      1.15882      0.60433      0.55449
      6.16000      0.97519      0.61349      0.36170
      6.17000      0.64899      0.36278      0.28621
      6.18000      0.45596      0.16169      0.29427
      6.19000      0.48910      0.16359      0.32552
      6.20000      0.81814      0.34849      0.46965
      6.21000      1.15985      0.49870      0.66115
      6.22000      1.28134      0.50767      0.77366
      6.23000      1.57543      0.71981      0.85561
      6.24000      1.86946      0.95246      0.91700
      6.25000      1.55264      0.80563      0.74702
      6.26000      0.86020      0.51162      0.34859
      6.27000      0.53499      0.35928      0.17571
      6.28000      0.66938      0.33105      0.33833
      6.29000      0.99880      0.43484      0.56396
      6.30000      1.02015      0.41921      0.60094
      6.31000      1.11120      0.42362      0.68758
      6.32000      1.51904      0.65356      0.86548
      6.33000      1.84047      0.80852      1.03195
      6.34000      1.56445      0.62370      0.94075
      6.35000      1.03902      0.34417      0.69485
      6.36000      1.01143      0.32665      0.68478
      6.37000      1.31007      0.47398      0.83609
      6.38000      1.37920      0.47541      0.90378
      6.39000      1.16439      0.41749      0.74691
      6.40000      1.34509      0.68554      0.65955
      6.41000      1.77797      0.99408      0.78389
      6.42000      1.80447      0.88566      0.91881
      6.43000      1.67908      0.68161      0.99747
      6.44000      1.77291      0.64206      1.13085
      6.45000      1.76529      0.61683      1.14846
      6.46000      1.38091      0.44790      0.93301
      6.47000      1.13664      0.37478      0.76186
      6.48000      1.40051      0.56476      0.83576
      6.49000      1.76467      0.77483      0.98984
      6.50000      1.47326      0.61565      0.85761
      6.51000      1.22995      0.43571      0.79424
      6.52000      1.28048      0.42838      0.85210
      6.53000      1.09428      0.34267      0.75161
      6.54000      0.99982      0.28447      0.71535
      6.55000      1.02152      0.33892      0.68260
      6.56000      1.71104      0.74307      0.96797
      6.57000      2.44002      1.14830      1.29173
      6.58000      1.95906      0.89745      1.06161
      6.59000      1.28256      0.49019      0.79236
      6.60000      0.97451      0.29993      0.67458
      6.61000      0.68372      0.20796      0.47576
      6.62000      0.43784      0.15317      0.28467
      6.63000      0.70835      0.25799      0.45036
      6.64000      1.36892      0.50075      0.86817
      6.65000      1.72305      0.63191      1.09114
      6.66000      1.50881      0.51982      0.98899
      6.67000      1.07708      0.31248      0.76460
      6.68000      0.84632      0.20718      0.63914
      6.69000      1.16042      0.28433      0.87609
      6.70000      2.03083      0.55012      1.48071
      6.71000      2.50131      0.71884      1.78247
      6.72000      2.23826      0.64994      1.58832
      6.73000      2.28983      0.64725      1.64258
      6.74000      2.46556      0.66391      1.80165
      6.75000      1.91332      0.46910      1.44422
      6.76000      1.49951      0.32964      1.16987
      6.77000      1.51638      0.33821      1.17817
      6.78000      1.33678      0.27586      1.06092
      6.79000      1.41863      0.27076      1.14787
      6.80000      1.77474      0.36726      1.40748
      6.81000      2.18038      0.50467      1.67571
      6.82000      2.54336      0.65029      1.89307
      6.83000      2.50211      0.67038      1.83173
      6.84000      2.33466      0.58472      1.74994
      6.85000      2.06300      0.42890      1.63410
      6.86000      1.80024      0.34003      1.46021
      6.87000      1.97470      0.45504      1.51966
      6.88000      2.25585      0.59290      1.66295
      6.89000      2.24690      0.57045      1.67645
      6.90000      1.95263      0.47714      1.47548
      6.91000      1.81273      0.42186      1.39087
      6.92000      1.95877      0.42886      1.52991
      6.93000      2.56341      0.56174      2.00167
      6.94000      3.57628      0.75869      2.81759
      6.95000      3.36171      0.61731      2.74440
      6.96000      1.98626      0.30233      1.68392
      6.97000      1.42068      0.23039      1.19029
      6.98000      1.55794      0.29383      1.26412
      6.99000      1.76895      0.37302      1.39593
      7.00000      2.26838      0.53469      1.73369
      7.01000      2.37783      0.56722      1.81061
      7.02000      1.99747      0.50560      1.49187
      7.03000      1.60035      0.39980      1.20056
      7.04000      1.09650      0.22121      0.87529
      7.05000      1.18875      0.20968      0.97908
      7.06000      2.20827      0.41300      1.79527
      7.07000      2.95132      0.55723      2.39410
      7.08000      2.74722      0.53485      2.21237
      7.09000      2.03608      0.42796      1.60812
