Energy-E_F (eV)    DOS (1/eV)    PDOS (1/eV)  of atom type Mo Se 
     -5.12605      7.80208      0.00000      0.00000
     -5.11605      7.58384      0.00000      0.00000
     -5.10605      7.91277      0.00000      0.00000
     -5.09605      7.64700      0.00000      0.00000
     -5.08605      7.54520      0.00000      0.00000
     -5.07605      8.88938      0.00000      0.00000
     -5.06605      9.99653      0.00000      0.00000
     -5.05605     10.19338      0.00000      0.00000
     -5.04605      9.71011      0.00000      0.00000
     -5.03605      9.39239      0.00000      0.00000
     -5.02605     10.73334      0.00000      0.00000
     -5.01605     12.09256      0.00000      0.00000
     -5.00605     11.16310      0.00000      0.00000
     -4.99605      9.57617      0.00000      0.00000
     -4.98605      9.22026      0.00000      0.00000
     -4.97605      8.95886      0.00000      0.00000
     -4.96605      8.51384      0.00000      0.00000
     -4.95605      8.48828      0.00000      0.00000
     -4.94605      8.86764      0.00000      0.00000
     -4.93605      8.85318      0.00000      0.00000
     -4.92605      7.88085      0.00000      0.00000
     -4.91605      7.68742      0.00000      0.00000
     -4.90605      8.18165      0.00000      0.00000
     -4.89605      8.20034      0.00000      0.00000
     -4.88605      8.68097      0.00000      0.00000
     -4.87605      9.55374      0.00000      0.00000
     -4.86605      9.61752      0.00000      0.00000
     -4.85605      8.85973      0.00000      0.00000
     -4.84605      8.25751      0.00000      0.00000
     -4.83605      7.89987      0.00000      0.00000
     -4.82605      7.09676      0.00000      0.00000
     -4.81605      6.66466      0.00000      0.00000
     -4.80605      5.71941      0.00000      0.00000
     -4.79605      4.64116      0.00000      0.00000
     -4.78605      4.25464      0.00000      0.00000
     -4.77605      3.94894      0.00000      0.00000
     -4.76605      3.22325      0.00000      0.00000
     -4.75605      2.64928      0.00000      0.00000
     -4.74605      2.49612      0.00000      0.00000
     -4.73605      2.39946      0.00000      0.00000
     -4.72605      1.92250      0.00000      0.00000
     -4.71605      1.71904      0.00000      0.00000
     -4.70605      1.90951      0.00000      0.00000
     -4.69605      2.29670      0.00000      0.00000
     -4.68605      2.41704      0.00000      0.00000
     -4.67605      2.03096      0.00000      0.00000
     -4.66605      1.63245      0.00000      0.00000
     -4.65605      1.64991      0.00000      0.00000
     -4.64605      1.98467      0.00000      0.00000
     -4.63605      1.81058      0.00000      0.00000
     -4.62605      1.63758      0.00000      0.00000
     -4.61605      1.86788      0.00000      0.00000
     -4.60605      2.02711      0.00000      0.00000
     -4.59605      1.74195      0.00000      0.00000
     -4.58605      1.40897      0.00000      0.00000
     -4.57605      1.43110      0.00000      0.00000
     -4.56605      1.38809      0.00000      0.00000
     -4.55605      1.66268      0.00000      0.00000
     -4.54605      2.34183      0.00000      0.00000
     -4.53605      1.92423      0.00000      0.00000
     -4.52605      1.25563      0.00000      0.00000
     -4.51605      1.35634      0.00000      0.00000
     -4.50605      1.55831      0.00000      0.00000
     -4.49605      1.42576      0.00000      0.00000
     -4.48605      1.22772      0.00000      0.00000
     -4.47605      1.41683      0.00000      0.00000
     -4.46605      1.75416      0.00000      0.00000
     -4.45605      1.47108      0.00000      0.00000
     -4.44605      1.39840      0.00000      0.00000
     -4.43605      1.71564      0.00000      0.00000
     -4.42605      1.56145      0.00000      0.00000
     -4.41605      1.46443      0.00000      0.00000
     -4.40605      1.48101      0.00000      0.00000
     -4.39605      1.43423      0.00000      0.00000
     -4.38605      1.34311      0.00000      0.00000
     -4.37605      1.01659      0.00000      0.00000
     -4.36605      1.04912      0.00000      0.00000
     -4.35605      1.44366      0.00000      0.00000
     -4.34605      1.39018      0.00000      0.00000
     -4.33605      1.22685      0.00000      0.00000
     -4.32605      1.75854      0.00000      0.00000
     -4.31605      2.18389      0.00000      0.00000
     -4.30605      1.75376      0.00000      0.00000
     -4.29605      1.27723      0.00000      0.00000
     -4.28605      0.95156      0.00000      0.00000
     -4.27605      0.83258      0.00000      0.00000
     -4.26605      1.02595      0.00000      0.00000
     -4.25605      1.19684      0.00000      0.00000
     -4.24605      1.56957      0.00000      0.00000
     -4.23605      2.06495      0.00000      0.00000
     -4.22605      2.06970      0.00000      0.00000
     -4.21605      1.77299      0.00000      0.00000
     -4.20605      2.21958      0.00000      0.00000
     -4.19605      3.13390      0.00000      0.00000
     -4.18605      3.62277      0.00000      0.00000
     -4.17605      4.68532      0.00000      0.00000
     -4.16605      6.43984      0.00000      0.00000
     -4.15605      7.62580      0.00000      0.00000
     -4.14605      7.87475      0.00000      0.00000
     -4.13605      7.84546      0.00000      0.00000
     -4.12605      8.66158      0.00000      0.00000
     -4.11605      9.59181      0.00000      0.00000
     -4.10605     10.32043      0.00000      0.00000
     -4.09605     11.28631      0.00000      0.00000
     -4.08605     12.94780      0.00000      0.00000
     -4.07605     15.64817      0.00000      0.00000
     -4.06605     18.16737      0.00000      0.00000
     -4.05605     17.60002      0.00000      0.00000
     -4.04605     15.56344      0.00000      0.00000
     -4.03605     14.37028      0.00000      0.00000
     -4.02605     13.21061      0.00000      0.00000
     -4.01605     11.90250      0.00000      0.00000
     -4.00605     10.94556      0.00000      0.00000
     -3.99605     10.49563      0.00000      0.00000
     -3.98605     11.06550      0.00000      0.00000
     -3.97605     11.93407      0.00000      0.00000
     -3.96605     12.20609      0.00000      0.00000
     -3.95605     11.82355      0.00000      0.00000
     -3.94605     10.68303      0.00000      0.00000
     -3.93605      9.33466      0.00000      0.00000
     -3.92605      8.51162      0.00000      0.00000
     -3.91605      7.84765      0.00000      0.00000
     -3.90605      7.20226      0.00000      0.00000
     -3.89605      6.55488      0.00000      0.00000
     -3.88605      5.88848      0.00000      0.00000
     -3.87605      5.59121      0.00000      0.00000
     -3.86605      5.58693      0.00000      0.00000
     -3.85605      5.52483      0.00000      0.00000
     -3.84605      4.74980      0.00000      0.00000
     -3.83605      3.21880      0.00000      0.00000
     -3.82605      1.96401      0.00000      0.00000
     -3.81605      1.87288      0.00000      0.00000
     -3.80605      2.20125      0.00000      0.00000
     -3.79605      1.95393      0.00000      0.00000
     -3.78605      1.67846      0.00000      0.00000
     -3.77605      1.53585      0.00000      0.00000
     -3.76605      1.42497      0.00000      0.00000
     -3.75605      1.69291      0.00000      0.00000
     -3.74605      2.06562      0.00000      0.00000
     -3.73605      2.75518      0.00000      0.00000
     -3.72605      3.53157      0.00000      0.00000
     -3.71605      4.09649      0.00000      0.00000
     -3.70605      4.24454      0.00000      0.00000
     -3.69605      3.87161      0.00000      0.00000
     -3.68605      3.15795      0.00000      0.00000
     -3.67605      2.36401      0.00000      0.00000
     -3.66605      1.79568      0.00000      0.00000
     -3.65605      1.91699      0.00000      0.00000
     -3.64605      2.40544      0.00000      0.00000
     -3.63605      2.64466      0.00000      0.00000
     -3.62605      2.66479      0.00000      0.00000
     -3.61605      2.38798      0.00000      0.00000
     -3.60605      2.16374      0.00000      0.00000
     -3.59605      2.69416      0.00000      0.00000
     -3.58605      3.34694      0.00000      0.00000
     -3.57605      3.26239      0.00000      0.00000
     -3.56605      2.36013      0.00000      0.00000
     -3.55605      1.59719      0.00000      0.00000
     -3.54605      1.99380      0.00000      0.00000
     -3.53605      2.91805      0.00000      0.00000
     -3.52605      3.78382      0.00000      0.00000
     -3.51605      4.65304      0.00000      0.00000
     -3.50605      5.38846      0.00000      0.00000
     -3.49605      5.30127      0.00000      0.00000
     -3.48605      5.27330      0.00000      0.00000
     -3.47605      6.59705      0.00000      0.00000
     -3.46605      8.14144      0.00000      0.00000
     -3.45605      8.60990      0.00000      0.00000
     -3.44605      7.08349      0.00000      0.00000
     -3.43605      6.00133      0.00000      0.00000
     -3.42605      6.61994      0.00000      0.00000
     -3.41605      7.11768      0.00000      0.00000
     -3.40605      6.65707      0.00000      0.00000
     -3.39605      6.18092      0.00000      0.00000
     -3.38605      6.25259      0.00000      0.00000
     -3.37605      6.64961      0.00000      0.00000
     -3.36605      7.43084      0.00000      0.00000
     -3.35605      7.82839      0.00000      0.00000
     -3.34605      7.26848      0.00000      0.00000
     -3.33605      6.84180      0.00000      0.00000
     -3.32605      7.42268      0.00000      0.00000
     -3.31605      8.04452      0.00000      0.00000
     -3.30605      8.56082      0.00000      0.00000
     -3.29605      8.96527      0.00000      0.00000
     -3.28605      8.09965      0.00000      0.00000
     -3.27605      6.97044      0.00000      0.00000
     -3.26605      6.95342      0.00000      0.00000
     -3.25605      6.85547      0.00000      0.00000
     -3.24605      6.16323      0.00000      0.00000
     -3.23605      5.72901      0.00000      0.00000
     -3.22605      6.18885      0.00000      0.00000
     -3.21605      6.80343      0.00000      0.00000
     -3.20605      6.53513      0.00000      0.00000
     -3.19605      5.42581      0.00000      0.00000
     -3.18605      4.38604      0.00000      0.00000
     -3.17605      4.07836      0.00000      0.00000
     -3.16605      5.34815      0.00000      0.00000
     -3.15605      6.47357      0.00000      0.00000
     -3.14605      5.51300      0.00000      0.00000
     -3.13605      4.80393      0.00000      0.00000
     -3.12605      5.73672      0.00000      0.00000
     -3.11605      5.78992      0.00000      0.00000
     -3.10605      4.66373      0.00000      0.00000
     -3.09605      4.45425      0.00000      0.00000
     -3.08605      5.09611      0.00000      0.00000
     -3.07605      5.68421      0.00000      0.00000
     -3.06605      6.56932      0.00000      0.00000
     -3.05605      7.32253      0.00000      0.00000
     -3.04605      6.86899      0.00000      0.00000
     -3.03605      6.69008      0.00000      0.00000
     -3.02605      7.37742      0.00000      0.00000
     -3.01605      8.12861      0.00000      0.00000
     -3.00605      7.50429      0.00000      0.00000
     -2.99605      5.93088      0.00000      0.00000
     -2.98605      4.88442      0.00000      0.00000
     -2.97605      4.32741      0.00000      0.00000
     -2.96605      4.02897      0.00000      0.00000
     -2.95605      4.80303      0.00000      0.00000
     -2.94605      6.02992      0.00000      0.00000
     -2.93605      5.94819      0.00000      0.00000
     -2.92605      4.62760      0.00000      0.00000
     -2.91605      4.56482      0.00000      0.00000
     -2.90605      5.35098      0.00000      0.00000
     -2.89605      4.57066      0.00000      0.00000
     -2.88605      3.38737      0.00000      0.00000
     -2.87605      3.96219      0.00000      0.00000
     -2.86605      4.89810      0.00000      0.00000
     -2.85605      4.14033      0.00000      0.00000
     -2.84605      2.82473      0.00000      0.00000
     -2.83605      2.73664      0.00000      0.00000
     -2.82605      3.65700      0.00000      0.00000
     -2.81605      4.22327      0.00000      0.00000
     -2.80605      3.77787      0.00000      0.00000
     -2.79605      3.43491      0.00000      0.00000
     -2.78605      3.71579      0.00000      0.00000
     -2.77605      3.59469      0.00000      0.00000
     -2.76605      3.22021      0.00000      0.00000
     -2.75605      3.73746      0.00000      0.00000
     -2.74605      3.87903      0.00000      0.00000
     -2.73605      3.11691      0.00000      0.00000
     -2.72605      3.37660      0.00000      0.00000
     -2.71605      4.00472      0.00000      0.00000
     -2.70605      3.79129      0.00000      0.00000
     -2.69605      3.75623      0.00000      0.00000
     -2.68605      4.32711      0.00000      0.00000
     -2.67605      4.70457      0.00000      0.00000
     -2.66605      4.47280      0.00000      0.00000
     -2.65605      3.87501      0.00000      0.00000
     -2.64605      2.83432      0.00000      0.00000
     -2.63605      2.10222      0.00000      0.00000
     -2.62605      1.85950      0.00000      0.00000
     -2.61605      2.36388      0.00000      0.00000
     -2.60605      3.21098      0.00000      0.00000
     -2.59605      3.44571      0.00000      0.00000
     -2.58605      3.05799      0.00000      0.00000
     -2.57605      2.96940      0.00000      0.00000
     -2.56605      3.52251      0.00000      0.00000
     -2.55605      3.72424      0.00000      0.00000
     -2.54605      3.67835      0.00000      0.00000
     -2.53605      3.92590      0.00000      0.00000
     -2.52605      3.56265      0.00000      0.00000
     -2.51605      2.82291      0.00000      0.00000
     -2.50605      2.94066      0.00000      0.00000
     -2.49605      3.29352      0.00000      0.00000
     -2.48605      3.40435      0.00000      0.00000
     -2.47605      4.08507      0.00000      0.00000
     -2.46605      4.62552      0.00000      0.00000
     -2.45605      4.18643      0.00000      0.00000
     -2.44605      3.96223      0.00000      0.00000
     -2.43605      4.70928      0.00000      0.00000
     -2.42605      5.00169      0.00000      0.00000
     -2.41605      4.98973      0.00000      0.00000
     -2.40605      5.43724      0.00000      0.00000
     -2.39605      5.36195      0.00000      0.00000
     -2.38605      4.66104      0.00000      0.00000
     -2.37605      4.52915      0.00000      0.00000
     -2.36605      5.05879      0.00000      0.00000
     -2.35605      5.49578      0.00000      0.00000
     -2.34605      5.62067      0.00000      0.00000
     -2.33605      7.86479      0.00000      0.00000
     -2.32605     11.45741      0.00000      0.00000
     -2.31605     12.07152      0.00000      0.00000
     -2.30605     11.07511      0.00000      0.00000
     -2.29605     10.52532      0.00000      0.00000
     -2.28605     10.78183      0.00000      0.00000
     -2.27605      9.78097      0.00000      0.00000
     -2.26605      8.02686      0.00000      0.00000
     -2.25605      7.92547      0.00000      0.00000
     -2.24605      8.96205      0.00000      0.00000
     -2.23605      8.96231      0.00000      0.00000
     -2.22605      7.80067      0.00000      0.00000
     -2.21605      7.95538      0.00000      0.00000
     -2.20605      8.79635      0.00000      0.00000
     -2.19605      8.73301      0.00000      0.00000
     -2.18605      8.39562      0.00000      0.00000
     -2.17605      8.12263      0.00000      0.00000
     -2.16605      7.93264      0.00000      0.00000
     -2.15605      7.51181      0.00000      0.00000
     -2.14605      6.95657      0.00000      0.00000
     -2.13605      6.71433      0.00000      0.00000
     -2.12605      7.29227      0.00000      0.00000
     -2.11605      8.20655      0.00000      0.00000
     -2.10605      7.76929      0.00000      0.00000
     -2.09605      6.41243      0.00000      0.00000
     -2.08605      6.20153      0.00000      0.00000
     -2.07605      7.09976      0.00000      0.00000
     -2.06605      7.61284      0.00000      0.00000
     -2.05605      7.23127      0.00000      0.00000
     -2.04605      6.58530      0.00000      0.00000
     -2.03605      5.82158      0.00000      0.00000
     -2.02605      5.79454      0.00000      0.00000
     -2.01605      6.68061      0.00000      0.00000
     -2.00605      7.49772      0.00000      0.00000
     -1.99605      8.31145      0.00000      0.00000
     -1.98605      8.78350      0.00000      0.00000
     -1.97605      7.67071      0.00000      0.00000
     -1.96605      6.21276      0.00000      0.00000
     -1.95605      5.42454      0.00000      0.00000
     -1.94605      6.46267      0.00000      0.00000
     -1.93605      8.63561      0.00000      0.00000
     -1.92605     10.00683      0.00000      0.00000
     -1.91605     10.00036      0.00000      0.00000
     -1.90605      8.61414      0.00000      0.00000
     -1.89605      7.58562      0.00000      0.00000
     -1.88605      7.33435      0.00000      0.00000
     -1.87605      7.20087      0.00000      0.00000
     -1.86605      6.89309      0.00000      0.00000
     -1.85605      7.11426      0.00000      0.00000
     -1.84605      8.17121      0.00000      0.00000
     -1.83605      8.56791      0.00000      0.00000
     -1.82605      8.07200      0.00000      0.00000
     -1.81605      7.47716      0.00000      0.00000
     -1.80605      6.75708      0.00000      0.00000
     -1.79605      5.77100      0.00000      0.00000
     -1.78605      5.38132      0.00000      0.00000
     -1.77605      5.34954      0.00000      0.00000
     -1.76605      4.72448      0.00000      0.00000
     -1.75605      4.07339      0.00000      0.00000
     -1.74605      3.21009      0.00000      0.00000
     -1.73605      2.95775      0.00000      0.00000
     -1.72605      4.25031      0.00000      0.00000
     -1.71605      5.02061      0.00000      0.00000
     -1.70605      4.21784      0.00000      0.00000
     -1.69605      3.26521      0.00000      0.00000
     -1.68605      2.82370      0.00000      0.00000
     -1.67605      2.65135      0.00000      0.00000
     -1.66605      2.48235      0.00000      0.00000
     -1.65605      3.16433      0.00000      0.00000
     -1.64605      5.23417      0.00000      0.00000
     -1.63605      6.35292      0.00000      0.00000
     -1.62605      6.22557      0.00000      0.00000
     -1.61605      6.21450      0.00000      0.00000
     -1.60605      6.09546      0.00000      0.00000
     -1.59605      6.34541      0.00000      0.00000
     -1.58605      7.18000      0.00000      0.00000
     -1.57605      7.18528      0.00000      0.00000
     -1.56605      5.45236      0.00000      0.00000
     -1.55605      3.98634      0.00000      0.00000
     -1.54605      4.32914      0.00000      0.00000
     -1.53605      5.47670      0.00000      0.00000
     -1.52605      5.93069      0.00000      0.00000
     -1.51605      4.96769      0.00000      0.00000
     -1.50605      4.30750      0.00000      0.00000
     -1.49605      4.57294      0.00000      0.00000
     -1.48605      5.15826      0.00000      0.00000
     -1.47605      5.94493      0.00000      0.00000
     -1.46605      5.99642      0.00000      0.00000
     -1.45605      5.21433      0.00000      0.00000
     -1.44605      4.67962      0.00000      0.00000
     -1.43605      4.51049      0.00000      0.00000
     -1.42605      4.48055      0.00000      0.00000
     -1.41605      4.48745      0.00000      0.00000
     -1.40605      4.71907      0.00000      0.00000
     -1.39605      4.80838      0.00000      0.00000
     -1.38605      4.70380      0.00000      0.00000
     -1.37605      4.38400      0.00000      0.00000
     -1.36605      4.57036      0.00000      0.00000
     -1.35605      5.29667      0.00000      0.00000
     -1.34605      6.32332      0.00000      0.00000
     -1.33605      6.26953      0.00000      0.00000
     -1.32605      4.85098      0.00000      0.00000
     -1.31605      4.05198      0.00000      0.00000
     -1.30605      4.60776      0.00000      0.00000
     -1.29605      5.57509      0.00000      0.00000
     -1.28605      5.55843      0.00000      0.00000
     -1.27605      4.65977      0.00000      0.00000
     -1.26605      4.08665      0.00000      0.00000
     -1.25605      3.42843      0.00000      0.00000
     -1.24605      2.75452      0.00000      0.00000
     -1.23605      2.68429      0.00000      0.00000
     -1.22605      2.04863      0.00000      0.00000
     -1.21605      1.16659      0.00000      0.00000
     -1.20605      0.91569      0.00000      0.00000
     -1.19605      1.05504      0.00000      0.00000
     -1.18605      1.28025      0.00000      0.00000
     -1.17605      1.08308      0.00000      0.00000
     -1.16605      1.20416      0.00000      0.00000
     -1.15605      1.90171      0.00000      0.00000
     -1.14605      2.14039      0.00000      0.00000
     -1.13605      1.88287      0.00000      0.00000
     -1.12605      1.56069      0.00000      0.00000
     -1.11605      1.18620      0.00000      0.00000
     -1.10605      1.58935      0.00000      0.00000
     -1.09605      2.21445      0.00000      0.00000
     -1.08605      1.80260      0.00000      0.00000
     -1.07605      1.56642      0.00000      0.00000
     -1.06605      2.80210      0.00000      0.00000
     -1.05605      4.01022      0.00000      0.00000
     -1.04605      3.74128      0.00000      0.00000
     -1.03605      3.05234      0.00000      0.00000
     -1.02605      2.87952      0.00000      0.00000
     -1.01605      2.99563      0.00000      0.00000
     -1.00605      2.91004      0.00000      0.00000
     -0.99605      3.12705      0.00000      0.00000
     -0.98605      3.60209      0.00000      0.00000
     -0.97605      3.84899      0.00000      0.00000
     -0.96605      4.16237      0.00000      0.00000
     -0.95605      4.69016      0.00000      0.00000
     -0.94605      4.80848      0.00000      0.00000
     -0.93605      4.67107      0.00000      0.00000
     -0.92605      4.94338      0.00000      0.00000
     -0.91605      5.51110      0.00000      0.00000
     -0.90605      6.18692      0.00000      0.00000
     -0.89605      7.34662      0.00000      0.00000
     -0.88605      7.72248      0.00000      0.00000
     -0.87605      6.68767      0.00000      0.00000
     -0.86605      6.09402      0.00000      0.00000
     -0.85605      6.15774      0.00000      0.00000
     -0.84605      6.20595      0.00000      0.00000
     -0.83605      6.64410      0.00000      0.00000
     -0.82605      7.13946      0.00000      0.00000
     -0.81605      7.54290      0.00000      0.00000
     -0.80605      7.87216      0.00000      0.00000
     -0.79605      7.76563      0.00000      0.00000
     -0.78605      7.05627      0.00000      0.00000
     -0.77605      6.02671      0.00000      0.00000
     -0.76605      6.02129      0.00000      0.00000
     -0.75605      7.14324      0.00000      0.00000
     -0.74605      6.59662      0.00000      0.00000
     -0.73605      5.26041      0.00000      0.00000
     -0.72605      5.30463      0.00000      0.00000
     -0.71605      6.04750      0.00000      0.00000
     -0.70605      6.00964      0.00000      0.00000
     -0.69605      5.13847      0.00000      0.00000
     -0.68605      5.24228      0.00000      0.00000
     -0.67605      6.44699      0.00000      0.00000
     -0.66605      6.19281      0.00000      0.00000
     -0.65605      4.98519      0.00000      0.00000
     -0.64605      4.75832      0.00000      0.00000
     -0.63605      4.72753      0.00000      0.00000
     -0.62605      4.97464      0.00000      0.00000
     -0.61605      5.55348      0.00000      0.00000
     -0.60605      5.53814      0.00000      0.00000
     -0.59605      4.76134      0.00000      0.00000
     -0.58605      4.68161      0.00000      0.00000
     -0.57605      5.67380      0.00000      0.00000
     -0.56605      6.08573      0.00000      0.00000
     -0.55605      5.03455      0.00000      0.00000
     -0.54605      4.08655      0.00000      0.00000
     -0.53605      4.49243      0.00000      0.00000
     -0.52605      5.65579      0.00000      0.00000
     -0.51605      6.21589      0.00000      0.00000
     -0.50605      5.27626      0.00000      0.00000
     -0.49605      4.76149      0.00000      0.00000
     -0.48605      5.46789      0.00000      0.00000
     -0.47605      6.52036      0.00000      0.00000
     -0.46605      7.05599      0.00000      0.00000
     -0.45605      5.89190      0.00000      0.00000
     -0.44605      3.52575      0.00000      0.00000
     -0.43605      2.36098      0.00000      0.00000
     -0.42605      2.78822      0.00000      0.00000
     -0.41605      3.13454      0.00000      0.00000
     -0.40605      2.64149      0.00000      0.00000
     -0.39605      1.91797      0.00000      0.00000
     -0.38605      1.74543      0.00000      0.00000
     -0.37605      1.91191      0.00000      0.00000
     -0.36605      2.25158      0.00000      0.00000
     -0.35605      2.19819      0.00000      0.00000
     -0.34605      1.65182      0.00000      0.00000
     -0.33605      1.51181      0.00000      0.00000
     -0.32605      1.82029      0.00000      0.00000
     -0.31605      1.81011      0.00000      0.00000
     -0.30605      1.78413      0.00000      0.00000
     -0.29605      2.13056      0.00000      0.00000
     -0.28605      2.05856      0.00000      0.00000
     -0.27605      1.33398      0.00000      0.00000
     -0.26605      1.00344      0.00000      0.00000
     -0.25605      1.35915      0.00000      0.00000
     -0.24605      1.61841      0.00000      0.00000
     -0.23605      1.50708      0.00000      0.00000
     -0.22605      1.17504      0.00000      0.00000
     -0.21605      0.98712      0.00000      0.00000
     -0.20605      0.92131      0.00000      0.00000
     -0.19605      0.98739      0.00000      0.00000
     -0.18605      1.15900      0.00000      0.00000
     -0.17605      0.96914      0.00000      0.00000
     -0.16605      0.52625      0.00000      0.00000
     -0.15605      0.32608      0.00000      0.00000
     -0.14605      0.54621      0.00000      0.00000
     -0.13605      0.68196      0.00000      0.00000
     -0.12605      0.50854      0.00000      0.00000
     -0.11605      0.44873      0.00000      0.00000
     -0.10605      0.58654      0.00000      0.00000
     -0.09605      0.82484      0.00000      0.00000
     -0.08605      0.79764      0.00000      0.00000
     -0.07605      0.44085      0.00000      0.00000
     -0.06605      0.29253      0.00000      0.00000
     -0.05605      0.43780      0.00000      0.00000
     -0.04605      0.50209      0.00000      0.00000
     -0.03605      0.50393      0.00000      0.00000
     -0.02605      0.52477      0.00000      0.00000
     -0.01605      0.44265      0.00000      0.00000
     -0.00605      0.29119      0.00000      0.00000
      0.00395      0.14731      0.00000      0.00000
      0.01395      0.04009      0.00000      0.00000
      0.02395      0.00446      0.00000      0.00000
      0.03395      0.00019      0.00000      0.00000
      0.04395      0.00000      0.00000      0.00000
      0.05395      0.00000      0.00000      0.00000
      0.06395      0.00000      0.00000      0.00000
      0.07395      0.00000      0.00000      0.00000
      0.08395      0.00000      0.00000      0.00000
      0.09395      0.00000      0.00000      0.00000
      0.10395      0.00000      0.00000      0.00000
      0.11395      0.00000      0.00000      0.00000
      0.12395      0.00000      0.00000      0.00000
      0.13395      0.00000      0.00000      0.00000
      0.14395      0.00000      0.00000      0.00000
      0.15395      0.00000      0.00000      0.00000
      0.16395      0.00000      0.00000      0.00000
      0.17395      0.00000      0.00000      0.00000
      0.18395      0.00000      0.00000      0.00000
      0.19395      0.00000      0.00000      0.00000
      0.20395      0.00000      0.00000      0.00000
      0.21395      0.00000      0.00000      0.00000
      0.22395      0.00000      0.00000      0.00000
      0.23395      0.00000      0.00000      0.00000
      0.24395      0.00000      0.00000      0.00000
      0.25395      0.00000      0.00000      0.00000
      0.26395      0.00000      0.00000      0.00000
      0.27395      0.00000      0.00000      0.00000
      0.28395      0.00000      0.00000      0.00000
      0.29395      0.00000      0.00000      0.00000
      0.30395      0.00000      0.00000      0.00000
      0.31395      0.00000      0.00000      0.00000
      0.32395      0.00000      0.00000      0.00000
      0.33395      0.00000      0.00000      0.00000
      0.34395      0.00000      0.00000      0.00000
      0.35395      0.00000      0.00000      0.00000
      0.36395      0.00000      0.00000      0.00000
      0.37395      0.00000      0.00000      0.00000
      0.38395      0.00000      0.00000      0.00000
      0.39395      0.00000      0.00000      0.00000
      0.40395      0.00000      0.00000      0.00000
      0.41395      0.00000      0.00000      0.00000
      0.42395      0.00000      0.00000      0.00000
      0.43395      0.00000      0.00000      0.00000
      0.44395      0.00000      0.00000      0.00000
      0.45395      0.00000      0.00000      0.00000
      0.46395      0.00000      0.00000      0.00000
      0.47395      0.00000      0.00000      0.00000
      0.48395      0.00000      0.00000      0.00000
      0.49395      0.00000      0.00000      0.00000
      0.50395      0.00000      0.00000      0.00000
      0.51395      0.00000      0.00000      0.00000
      0.52395      0.00000      0.00000      0.00000
      0.53395      0.00000      0.00000      0.00000
      0.54395      0.00000      0.00000      0.00000
      0.55395      0.00000      0.00000      0.00000
      0.56395      0.00000      0.00000      0.00000
      0.57395      0.00000      0.00000      0.00000
      0.58395      0.00000      0.00000      0.00000
      0.59395      0.00000      0.00000      0.00000
      0.60395      0.00000      0.00000      0.00000
      0.61395      0.00000      0.00000      0.00000
      0.62395      0.00000      0.00000      0.00000
      0.63395      0.00000      0.00000      0.00000
      0.64395      0.00000      0.00000      0.00000
      0.65395      0.00000      0.00000      0.00000
      0.66395      0.00000      0.00000      0.00000
      0.67395      0.00000      0.00000      0.00000
      0.68395      0.00000      0.00000      0.00000
      0.69395      0.00000      0.00000      0.00000
      0.70395      0.00000      0.00000      0.00000
      0.71395      0.00000      0.00000      0.00000
      0.72395      0.00000      0.00000      0.00000
      0.73395      0.00000      0.00000      0.00000
      0.74395      0.00000      0.00000      0.00000
      0.75395      0.00000      0.00000      0.00000
      0.76395      0.00000      0.00000      0.00000
      0.77395      0.00000      0.00000      0.00000
      0.78395      0.00000      0.00000      0.00000
      0.79395      0.00000      0.00000      0.00000
      0.80395      0.00000      0.00000      0.00000
      0.81395      0.00000      0.00000      0.00000
      0.82395      0.00000      0.00000      0.00000
      0.83395      0.00000      0.00000      0.00000
      0.84395      0.00000      0.00000      0.00000
      0.85395      0.00000      0.00000      0.00000
      0.86395      0.00000      0.00000      0.00000
      0.87395      0.00000      0.00000      0.00000
      0.88395      0.00000      0.00000      0.00000
      0.89395      0.00000      0.00000      0.00000
      0.90395      0.00000      0.00000      0.00000
      0.91395      0.00000      0.00000      0.00000
      0.92395      0.00000      0.00000      0.00000
      0.93395      0.00000      0.00000      0.00000
      0.94395      0.00000      0.00000      0.00000
      0.95395      0.00000      0.00000      0.00000
      0.96395      0.00000      0.00000      0.00000
      0.97395      0.00000      0.00000      0.00000
      0.98395      0.00000      0.00000      0.00000
      0.99395      0.00000      0.00000      0.00000
      1.00395      0.00000      0.00000      0.00000
      1.01395      0.00000      0.00000      0.00000
      1.02395      0.00000      0.00000      0.00000
      1.03395      0.00000      0.00000      0.00000
      1.04395      0.00000      0.00000      0.00000
      1.05395      0.00000      0.00000      0.00000
      1.06395      0.00000      0.00000      0.00000
      1.07395      0.00000      0.00000      0.00000
      1.08395      0.00000      0.00000      0.00000
      1.09395      0.00000      0.00000      0.00000
      1.10395      0.00000      0.00000      0.00000
      1.11395      0.00000      0.00000      0.00000
      1.12395      0.00000      0.00000      0.00000
      1.13395      0.00000      0.00000      0.00000
      1.14395      0.00000      0.00000      0.00000
      1.15395      0.00000      0.00000      0.00000
      1.16395      0.00000      0.00000      0.00000
      1.17395      0.00000      0.00000      0.00000
      1.18395      0.00000      0.00000      0.00000
      1.19395      0.00000      0.00000      0.00000
      1.20395      0.00000      0.00000      0.00000
      1.21395      0.00000      0.00000      0.00000
      1.22395      0.00000      0.00000      0.00000
      1.23395      0.00000      0.00000      0.00000
      1.24395      0.00000      0.00000      0.00000
      1.25395      0.00000      0.00000      0.00000
      1.26395      0.00000      0.00000      0.00000
      1.27395      0.00000      0.00000      0.00000
      1.28395      0.00000      0.00000      0.00000
      1.29395      0.00000      0.00000      0.00000
      1.30395      0.00000      0.00000      0.00000
      1.31395      0.00000      0.00000      0.00000
      1.32395      0.00000      0.00000      0.00000
      1.33395      0.00000      0.00000      0.00000
      1.34395      0.00000      0.00000      0.00000
      1.35395      0.00000      0.00000      0.00000
      1.36395      0.00000      0.00000      0.00000
      1.37395      0.00000      0.00000      0.00000
      1.38395      0.00000      0.00000      0.00000
      1.39395      0.00000      0.00000      0.00000
      1.40395      0.00000      0.00000      0.00000
      1.41395      0.00000      0.00000      0.00000
      1.42395      0.00000      0.00000      0.00000
      1.43395      0.00000      0.00000      0.00000
      1.44395      0.00000      0.00000      0.00000
      1.45395      0.00000      0.00000      0.00000
      1.46395      0.00000      0.00000      0.00000
      1.47395      0.00000      0.00000      0.00000
      1.48395      0.00000      0.00000      0.00000
      1.49395      0.00000      0.00000      0.00000
      1.50395      0.00000      0.00000      0.00000
      1.51395      0.00000      0.00000      0.00000
      1.52395      0.00000      0.00000      0.00000
      1.53395      0.00000      0.00000      0.00000
      1.54395      0.00000      0.00000      0.00000
      1.55395      0.00000      0.00000      0.00000
      1.56395      0.00000      0.00000      0.00000
      1.57395      0.00000      0.00000      0.00000
      1.58395      0.00000      0.00000      0.00000
      1.59395      0.00000      0.00000      0.00000
      1.60395      0.00000      0.00000      0.00000
      1.61395      0.00000      0.00000      0.00000
      1.62395      0.00000      0.00000      0.00000
      1.63395      0.00000      0.00000      0.00000
      1.64395      0.00000      0.00000      0.00000
      1.65395      0.00000      0.00000      0.00000
      1.66395      0.00000      0.00000      0.00000
      1.67395      0.00000      0.00000      0.00000
      1.68395      0.00000      0.00000      0.00000
      1.69395      0.00000      0.00000      0.00000
      1.70395      0.00000      0.00000      0.00000
      1.71395      0.00000      0.00000      0.00000
      1.72395      0.00000      0.00000      0.00000
      1.73395      0.00000      0.00000      0.00000
      1.74395      0.00000      0.00000      0.00000
      1.75395      0.00000      0.00000      0.00000
      1.76395      0.00000      0.00000      0.00000
      1.77395      0.00000      0.00000      0.00000
      1.78395      0.00000      0.00000      0.00000
      1.79395      0.00000      0.00000      0.00000
      1.80395      0.00000      0.00000      0.00000
      1.81395      0.00000      0.00000      0.00000
      1.82395      0.00000      0.00000      0.00000
      1.83395      0.00000      0.00000      0.00000
      1.84395      0.00000      0.00000      0.00000
      1.85395      0.00000      0.00000      0.00000
      1.86395      0.00000      0.00000      0.00000
      1.87395      0.00000      0.00000      0.00000
      1.88395      0.00000      0.00000      0.00000
      1.89395      0.00000      0.00000      0.00000
      1.90395      0.00007      0.00000      0.00000
      1.91395      0.00206      0.00000      0.00000
      1.92395      0.02405      0.00000      0.00000
      1.93395      0.11042      0.00000      0.00000
      1.94395      0.24634      0.00000      0.00000
      1.95395      0.41219      0.00000      0.00000
      1.96395      0.61769      0.00000      0.00000
      1.97395      0.80809      0.00000      0.00000
      1.98395      0.97176      0.00000      0.00000
      1.99395      1.03852      0.00000      0.00000
      2.00395      0.94593      0.00000      0.00000
      2.01395      1.01238      0.00000      0.00000
      2.02395      1.61297      0.00000      0.00000
      2.03395      3.02488      0.00000      0.00000
      2.04395      4.59877      0.00000      0.00000
      2.05395      5.43574      0.00000      0.00000
      2.06395      5.22751      0.00000      0.00000
      2.07395      5.00574      0.00000      0.00000
      2.08395      5.80847      0.00000      0.00000
      2.09395      5.84809      0.00000      0.00000
      2.10395      5.32012      0.00000      0.00000
      2.11395      6.01830      0.00000      0.00000
      2.12395      6.96486      0.00000      0.00000
      2.13395      6.95511      0.00000      0.00000
      2.14395      6.71632      0.00000      0.00000
      2.15395      7.36062      0.00000      0.00000
      2.16395      7.64591      0.00000      0.00000
      2.17395      6.69669      0.00000      0.00000
      2.18395      6.97507      0.00000      0.00000
      2.19395      8.60561      0.00000      0.00000
      2.20395     10.11871      0.00000      0.00000
      2.21395     10.51950      0.00000      0.00000
      2.22395     10.56894      0.00000      0.00000
      2.23395     11.76125      0.00000      0.00000
      2.24395     12.77963      0.00000      0.00000
      2.25395     11.62002      0.00000      0.00000
      2.26395     11.59537      0.00000      0.00000
      2.27395     13.08972      0.00000      0.00000
      2.28395     13.39692      0.00000      0.00000
      2.29395     12.30423      0.00000      0.00000
      2.30395     10.81865      0.00000      0.00000
      2.31395     10.22976      0.00000      0.00000
      2.32395     10.51309      0.00000      0.00000
      2.33395     10.88369      0.00000      0.00000
      2.34395     13.10392      0.00000      0.00000
      2.35395     18.36648      0.00000      0.00000
      2.36395     21.16059      0.00000      0.00000
      2.37395     16.35822      0.00000      0.00000
      2.38395      9.03379      0.00000      0.00000
      2.39395      3.82979      0.00000      0.00000
      2.40395      1.37782      0.00000      0.00000
      2.41395      1.11184      0.00000      0.00000
      2.42395      1.60461      0.00000      0.00000
      2.43395      1.96307      0.00000      0.00000
      2.44395      2.48993      0.00000      0.00000
      2.45395      2.93476      0.00000      0.00000
      2.46395      2.66621      0.00000      0.00000
      2.47395      2.53665      0.00000      0.00000
      2.48395      3.01227      0.00000      0.00000
      2.49395      3.60444      0.00000      0.00000
      2.50395      4.38450      0.00000      0.00000
      2.51395      4.91051      0.00000      0.00000
      2.52395      5.37157      0.00000      0.00000
      2.53395      5.99501      0.00000      0.00000
      2.54395      6.01098      0.00000      0.00000
      2.55395      6.82243      0.00000      0.00000
      2.56395      8.63573      0.00000      0.00000
      2.57395      9.47429      0.00000      0.00000
      2.58395     10.72378      0.00000      0.00000
      2.59395     12.37507      0.00000      0.00000
      2.60395     12.59528      0.00000      0.00000
      2.61395     12.68116      0.00000      0.00000
      2.62395     14.27056      0.00000      0.00000
      2.63395     15.07502      0.00000      0.00000
      2.64395     13.81123      0.00000      0.00000
      2.65395     11.77819      0.00000      0.00000
      2.66395     11.13692      0.00000      0.00000
      2.67395     11.85826      0.00000      0.00000
      2.68395     11.63228      0.00000      0.00000
      2.69395     10.52488      0.00000      0.00000
      2.70395     10.65358      0.00000      0.00000
      2.71395     11.85046      0.00000      0.00000
      2.72395     12.06309      0.00000      0.00000
      2.73395     10.91585      0.00000      0.00000
      2.74395      9.76461      0.00000      0.00000
      2.75395      9.52861      0.00000      0.00000
      2.76395      9.19171      0.00000      0.00000
      2.77395      8.98579      0.00000      0.00000
      2.78395      8.59981      0.00000      0.00000
      2.79395      8.42659      0.00000      0.00000
      2.80395      9.03379      0.00000      0.00000
      2.81395      9.28204      0.00000      0.00000
      2.82395      9.16458      0.00000      0.00000
      2.83395      8.43480      0.00000      0.00000
      2.84395      7.14444      0.00000      0.00000
      2.85395      6.41498      0.00000      0.00000
      2.86395      6.69809      0.00000      0.00000
      2.87395      7.98734      0.00000      0.00000
      2.88395      8.08164      0.00000      0.00000
      2.89395      7.22027      0.00000      0.00000
      2.90395      7.42432      0.00000      0.00000
      2.91395      7.08765      0.00000      0.00000
      2.92395      6.24797      0.00000      0.00000
      2.93395      6.49594      0.00000      0.00000
      2.94395      6.98678      0.00000      0.00000
      2.95395      7.34764      0.00000      0.00000
      2.96395      7.39247      0.00000      0.00000
      2.97395      6.76180      0.00000      0.00000
      2.98395      5.69752      0.00000      0.00000
      2.99395      4.97554      0.00000      0.00000
      3.00395      5.08898      0.00000      0.00000
      3.01395      5.03876      0.00000      0.00000
      3.02395      5.43846      0.00000      0.00000
      3.03395      6.77592      0.00000      0.00000
      3.04395      7.04170      0.00000      0.00000
      3.05395      6.62492      0.00000      0.00000
      3.06395      5.80234      0.00000      0.00000
      3.07395      5.20496      0.00000      0.00000
      3.08395      5.55151      0.00000      0.00000
      3.09395      6.21962      0.00000      0.00000
      3.10395      7.73697      0.00000      0.00000
      3.11395     10.20922      0.00000      0.00000
      3.12395     11.95510      0.00000      0.00000
      3.13395     10.56971      0.00000      0.00000
      3.14395      7.46558      0.00000      0.00000
      3.15395      5.80413      0.00000      0.00000
      3.16395      5.97279      0.00000      0.00000
      3.17395      6.99163      0.00000      0.00000
      3.18395      7.95537      0.00000      0.00000
      3.19395      9.35822      0.00000      0.00000
      3.20395      9.29889      0.00000      0.00000
      3.21395      6.89711      0.00000      0.00000
      3.22395      5.31749      0.00000      0.00000
      3.23395      5.20415      0.00000      0.00000
      3.24395      5.24096      0.00000      0.00000
      3.25395      5.45980      0.00000      0.00000
      3.26395      5.59397      0.00000      0.00000
      3.27395      5.44200      0.00000      0.00000
      3.28395      5.24685      0.00000      0.00000
      3.29395      5.67786      0.00000      0.00000
      3.30395      5.98651      0.00000      0.00000
      3.31395      5.08518      0.00000      0.00000
      3.32395      4.03052      0.00000      0.00000
      3.33395      3.47814      0.00000      0.00000
      3.34395      3.46668      0.00000      0.00000
      3.35395      4.32312      0.00000      0.00000
      3.36395      5.12468      0.00000      0.00000
      3.37395      4.87686      0.00000      0.00000
      3.38395      4.08097      0.00000      0.00000
      3.39395      3.66276      0.00000      0.00000
      3.40395      3.40962      0.00000      0.00000
      3.41395      3.33599      0.00000      0.00000
      3.42395      2.96496      0.00000      0.00000
      3.43395      2.79834      0.00000      0.00000
      3.44395      3.68470      0.00000      0.00000
      3.45395      4.96910      0.00000      0.00000
      3.46395      5.10672      0.00000      0.00000
      3.47395      5.15908      0.00000      0.00000
      3.48395      5.23338      0.00000      0.00000
      3.49395      3.76659      0.00000      0.00000
      3.50395      2.48740      0.00000      0.00000
      3.51395      2.61556      0.00000      0.00000
      3.52395      3.56029      0.00000      0.00000
      3.53395      4.51772      0.00000      0.00000
      3.54395      4.31347      0.00000      0.00000
      3.55395      2.87911      0.00000      0.00000
      3.56395      2.07826      0.00000      0.00000
      3.57395      2.04643      0.00000      0.00000
      3.58395      2.19369      0.00000      0.00000
      3.59395      2.47219      0.00000      0.00000
      3.60395      2.72284      0.00000      0.00000
      3.61395      2.98210      0.00000      0.00000
      3.62395      3.17295      0.00000      0.00000
      3.63395      3.32678      0.00000      0.00000
      3.64395      3.43109      0.00000      0.00000
      3.65395      3.06891      0.00000      0.00000
      3.66395      2.43883      0.00000      0.00000
      3.67395      2.30122      0.00000      0.00000
      3.68395      2.74455      0.00000      0.00000
      3.69395      3.28598      0.00000      0.00000
      3.70395      3.22388      0.00000      0.00000
      3.71395      2.65461      0.00000      0.00000
      3.72395      2.60057      0.00000      0.00000
      3.73395      2.87851      0.00000      0.00000
      3.74395      2.75787      0.00000      0.00000
      3.75395      2.71056      0.00000      0.00000
      3.76395      2.60141      0.00000      0.00000
      3.77395      2.50299      0.00000      0.00000
      3.78395      2.55409      0.00000      0.00000
      3.79395      2.57490      0.00000      0.00000
      3.80395      2.82112      0.00000      0.00000
      3.81395      2.93269      0.00000      0.00000
      3.82395      2.87314      0.00000      0.00000
      3.83395      2.84523      0.00000      0.00000
      3.84395      3.26286      0.00000      0.00000
      3.85395      3.80244      0.00000      0.00000
      3.86395      3.40045      0.00000      0.00000
      3.87395      2.81588      0.00000      0.00000
      3.88395      2.59407      0.00000      0.00000
      3.89395      2.59058      0.00000      0.00000
      3.90395      2.72203      0.00000      0.00000
      3.91395      3.10970      0.00000      0.00000
      3.92395      3.27875      0.00000      0.00000
      3.93395      3.24707      0.00000      0.00000
      3.94395      3.33651      0.00000      0.00000
      3.95395      3.56302      0.00000      0.00000
      3.96395      4.32383      0.00000      0.00000
      3.97395      5.12076      0.00000      0.00000
      3.98395      4.98838      0.00000      0.00000
      3.99395      3.98642      0.00000      0.00000
      4.00395      3.16021      0.00000      0.00000
      4.01395      3.03401      0.00000      0.00000
      4.02395      2.83360      0.00000      0.00000
      4.03395      2.42314      0.00000      0.00000
      4.04395      2.06778      0.00000      0.00000
      4.05395      2.40810      0.00000      0.00000
      4.06395      2.97639      0.00000      0.00000
      4.07395      3.32561      0.00000      0.00000
      4.08395      3.00161      0.00000      0.00000
      4.09395      1.88171      0.00000      0.00000
      4.10395      1.56133      0.00000      0.00000
      4.11395      1.87246      0.00000      0.00000
      4.12395      1.89382      0.00000      0.00000
      4.13395      1.78663      0.00000      0.00000
      4.14395      1.97148      0.00000      0.00000
      4.15395      3.23216      0.00000      0.00000
      4.16395      4.34528      0.00000      0.00000
      4.17395      4.10346      0.00000      0.00000
      4.18395      3.42693      0.00000      0.00000
      4.19395      3.35802      0.00000      0.00000
      4.20395      3.63195      0.00000      0.00000
      4.21395      3.61122      0.00000      0.00000
      4.22395      4.12612      0.00000      0.00000
      4.23395      5.68927      0.00000      0.00000
      4.24395      6.72872      0.00000      0.00000
      4.25395      6.63237      0.00000      0.00000
      4.26395      5.99342      0.00000      0.00000
      4.27395      5.70245      0.00000      0.00000
      4.28395      6.79840      0.00000      0.00000
      4.29395      8.75642      0.00000      0.00000
      4.30395     10.24561      0.00000      0.00000
      4.31395     11.80064      0.00000      0.00000
      4.32395     14.06175      0.00000      0.00000
      4.33395     14.28730      0.00000      0.00000
      4.34395     12.35258      0.00000      0.00000
      4.35395     11.03973      0.00000      0.00000
      4.36395      9.99005      0.00000      0.00000
      4.37395      8.77714      0.00000      0.00000
      4.38395      8.11856      0.00000      0.00000
      4.39395      7.42777      0.00000      0.00000
      4.40395      7.05928      0.00000      0.00000
      4.41395      6.47066      0.00000      0.00000
      4.42395      5.80998      0.00000      0.00000
      4.43395      5.46504      0.00000      0.00000
      4.44395      4.45473      0.00000      0.00000
      4.45395      3.01068      0.00000      0.00000
      4.46395      2.08550      0.00000      0.00000
      4.47395      2.28109      0.00000      0.00000
      4.48395      3.82722      0.00000      0.00000
      4.49395      4.65662      0.00000      0.00000
      4.50395      3.17573      0.00000      0.00000
      4.51395      1.91719      0.00000      0.00000
      4.52395      1.84764      0.00000      0.00000
      4.53395      1.99835      0.00000      0.00000
      4.54395      2.14904      0.00000      0.00000
      4.55395      2.52039      0.00000      0.00000
      4.56395      2.86665      0.00000      0.00000
      4.57395      2.54159      0.00000      0.00000
      4.58395      1.80788      0.00000      0.00000
      4.59395      1.44674      0.00000      0.00000
      4.60395      1.56056      0.00000      0.00000
      4.61395      1.76502      0.00000      0.00000
      4.62395      2.22704      0.00000      0.00000
      4.63395      2.59270      0.00000      0.00000
      4.64395      2.01037      0.00000      0.00000
      4.65395      1.28995      0.00000      0.00000
      4.66395      1.38686      0.00000      0.00000
      4.67395      1.94534      0.00000      0.00000
      4.68395      2.16768      0.00000      0.00000
      4.69395      1.84076      0.00000      0.00000
      4.70395      1.49556      0.00000      0.00000
      4.71395      1.50115      0.00000      0.00000
      4.72395      1.39843      0.00000      0.00000
      4.73395      1.52736      0.00000      0.00000
      4.74395      1.92775      0.00000      0.00000
      4.75395      2.13114      0.00000      0.00000
      4.76395      2.06266      0.00000      0.00000
      4.77395      1.70163      0.00000      0.00000
      4.78395      1.52012      0.00000      0.00000
      4.79395      1.52356      0.00000      0.00000
      4.80395      1.49181      0.00000      0.00000
      4.81395      1.72566      0.00000      0.00000
      4.82395      1.71522      0.00000      0.00000
      4.83395      1.37717      0.00000      0.00000
      4.84395      1.08312      0.00000      0.00000
      4.85395      0.92606      0.00000      0.00000
      4.86395      0.80479      0.00000      0.00000
      4.87395      0.79192      0.00000      0.00000
      4.88395      0.78860      0.00000      0.00000
      4.89395      0.82180      0.00000      0.00000
      4.90395      0.79870      0.00000      0.00000
      4.91395      0.58700      0.00000      0.00000
      4.92395      0.27532      0.00000      0.00000
      4.93395      0.06736      0.00000      0.00000
      4.94395      0.00737      0.00000      0.00000
      4.95395      0.00033      0.00000      0.00000
      4.96395      0.00001      0.00000      0.00000
      4.97395      0.00000      0.00000      0.00000
      4.98395      0.00000      0.00000      0.00000
      4.99395      0.00000      0.00000      0.00000
      5.00395      0.00000      0.00000      0.00000
      5.01395      0.00000      0.00000      0.00000
      5.02395      0.00000      0.00000      0.00000
      5.03395      0.00000      0.00000      0.00000
      5.04395      0.00000      0.00000      0.00000
      5.05395      0.00000      0.00000      0.00000
      5.06395      0.00000      0.00000      0.00000
      5.07395      0.00000      0.00000      0.00000
      5.08395      0.00000      0.00000      0.00000
      5.09395      0.00000      0.00000      0.00000
      5.10395      0.00000      0.00000      0.00000
      5.11395      0.00000      0.00000      0.00000
      5.12395      0.00000      0.00000      0.00000
      5.13395      0.00000      0.00000      0.00000
      5.14395      0.00000      0.00000      0.00000
      5.15395      0.00000      0.00000      0.00000
      5.16395      0.00000      0.00000      0.00000
      5.17395      0.00000      0.00000      0.00000
      5.18395      0.00000      0.00000      0.00000
      5.19395      0.00000      0.00000      0.00000
      5.20395      0.00000      0.00000      0.00000
      5.21395      0.00000      0.00000      0.00000
      5.22395      0.00000      0.00000      0.00000
      5.23395      0.00000      0.00000      0.00000
      5.24395      0.00000      0.00000      0.00000
      5.25395      0.00000      0.00000      0.00000
      5.26395      0.00000      0.00000      0.00000
      5.27395      0.00000      0.00000      0.00000
      5.28395      0.00000      0.00000      0.00000
      5.29395      0.00000      0.00000      0.00000
      5.30395      0.00000      0.00000      0.00000
      5.31395      0.00000      0.00000      0.00000
      5.32395      0.00000      0.00000      0.00000
      5.33395      0.00000      0.00000      0.00000
      5.34395      0.00000      0.00000      0.00000
      5.35395      0.00000      0.00000      0.00000
      5.36395      0.00000      0.00000      0.00000
      5.37395      0.00000      0.00000      0.00000
      5.38395      0.00000      0.00000      0.00000
      5.39395      0.00000      0.00000      0.00000
      5.40395      0.00000      0.00000      0.00000
      5.41395      0.00000      0.00000      0.00000
      5.42395      0.00000      0.00000      0.00000
      5.43395      0.00000      0.00000      0.00000
      5.44395      0.00000      0.00000      0.00000
      5.45395      0.00000      0.00000      0.00000
      5.46395      0.00000      0.00000      0.00000
      5.47395      0.00000      0.00000      0.00000
      5.48395      0.00000      0.00000      0.00000
      5.49395      0.00000      0.00000      0.00000
      5.50395      0.00000      0.00000      0.00000
      5.51395      0.00000      0.00000      0.00000
      5.52395      0.00000      0.00000      0.00000
      5.53395      0.00000      0.00000      0.00000
      5.54395      0.00000      0.00000      0.00000
      5.55395      0.00000      0.00000      0.00000
      5.56395      0.00000      0.00000      0.00000
      5.57395      0.00000      0.00000      0.00000
      5.58395      0.00000      0.00000      0.00000
      5.59395      0.00000      0.00000      0.00000
      5.60395      0.00000      0.00000      0.00000
      5.61395      0.00000      0.00000      0.00000
      5.62395      0.00000      0.00000      0.00000
      5.63395      0.00000      0.00000      0.00000
      5.64395      0.00000      0.00000      0.00000
      5.65395      0.00000      0.00000      0.00000
      5.66395      0.00000      0.00000      0.00000
      5.67395      0.00000      0.00000      0.00000
      5.68395      0.00000      0.00000      0.00000
      5.69395      0.00000      0.00000      0.00000
      5.70395      0.00005      0.00000      0.00000
      5.71395      0.00173      0.00000      0.00000
      5.72395      0.02156      0.00000      0.00000
      5.73395      0.10467      0.00000      0.00000
      5.74395      0.22921      0.00000      0.00000
      5.75395      0.30908      0.00000      0.00000
      5.76395      0.30382      0.00000      0.00000
      5.77395      0.21230      0.00000      0.00000
      5.78395      0.18128      0.00000      0.00000
      5.79395      0.19300      0.00000      0.00000
      5.80395      0.25866      0.00000      0.00000
      5.81395      0.33727      0.00000      0.00000
      5.82395      0.29686      0.00000      0.00000
      5.83395      0.37680      0.00000      0.00000
      5.84395      0.42951      0.00000      0.00000
      5.85395      0.29192      0.00000      0.00000
      5.86395      0.31384      0.00000      0.00000
      5.87395      0.43504      0.00000      0.00000
      5.88395      0.30161      0.00000      0.00000
      5.89395      0.13077      0.00000      0.00000
      5.90395      0.25623      0.00000      0.00000
      5.91395      0.66882      0.00000      0.00000
      5.92395      1.22120      0.00000      0.00000
      5.93395      1.54563      0.00000      0.00000
      5.94395      1.41900      0.00000      0.00000
      5.95395      1.31031      0.00000      0.00000
      5.96395      1.40948      0.00000      0.00000
      5.97395      1.47977      0.00000      0.00000
      5.98395      1.57186      0.00000      0.00000
      5.99395      1.74326      0.00000      0.00000
      6.00395      1.80581      0.00000      0.00000
      6.01395      1.59426      0.00000      0.00000
      6.02395      1.59509      0.00000      0.00000
      6.03395      1.76605      0.00000      0.00000
      6.04395      1.43368      0.00000      0.00000
      6.05395      1.16441      0.00000      0.00000
      6.06395      1.52103      0.00000      0.00000
      6.07395      1.83052      0.00000      0.00000
      6.08395      1.57605      0.00000      0.00000
      6.09395      1.23313      0.00000      0.00000
      6.10395      1.63817      0.00000      0.00000
      6.11395      2.13780      0.00000      0.00000
      6.12395      1.84633      0.00000      0.00000
      6.13395      1.97073      0.00000      0.00000
      6.14395      2.42739      0.00000      0.00000
      6.15395      2.29858      0.00000      0.00000
      6.16395      2.00580      0.00000      0.00000
      6.17395      1.75505      0.00000      0.00000
      6.18395      1.55092      0.00000      0.00000
      6.19395      1.47586      0.00000      0.00000
      6.20395      1.51841      0.00000      0.00000
      6.21395      1.94651      0.00000      0.00000
      6.22395      2.17738      0.00000      0.00000
      6.23395      1.85971      0.00000      0.00000
      6.24395      1.89724      0.00000      0.00000
      6.25395      1.84891      0.00000      0.00000
      6.26395      1.61734      0.00000      0.00000
      6.27395      1.99446      0.00000      0.00000
      6.28395      2.21248      0.00000      0.00000
      6.29395      2.12475      0.00000      0.00000
      6.30395      2.31054      0.00000      0.00000
      6.31395      2.68385      0.00000      0.00000
      6.32395      2.79228      0.00000      0.00000
      6.33395      2.22629      0.00000      0.00000
      6.34395      1.67131      0.00000      0.00000
      6.35395      1.91360      0.00000      0.00000
      6.36395      2.21625      0.00000      0.00000
      6.37395      2.35435      0.00000      0.00000
      6.38395      2.65168      0.00000      0.00000
      6.39395      2.58961      0.00000      0.00000
      6.40395      2.01852      0.00000      0.00000
      6.41395      1.50675      0.00000      0.00000
      6.42395      1.76154      0.00000      0.00000
      6.43395      2.49076      0.00000      0.00000
      6.44395      2.61230      0.00000      0.00000
      6.45395      2.16134      0.00000      0.00000
      6.46395      2.07825      0.00000      0.00000
      6.47395      2.16518      0.00000      0.00000
      6.48395      1.90904      0.00000      0.00000
      6.49395      1.81981      0.00000      0.00000
      6.50395      1.96671      0.00000      0.00000
      6.51395      2.66367      0.00000      0.00000
      6.52395      3.63872      0.00000      0.00000
      6.53395      3.71932      0.00000      0.00000
      6.54395      3.20377      0.00000      0.00000
      6.55395      2.78564      0.00000      0.00000
      6.56395      2.43006      0.00000      0.00000
      6.57395      1.88864      0.00000      0.00000
      6.58395      1.98278      0.00000      0.00000
      6.59395      2.71241      0.00000      0.00000
      6.60395      2.56641      0.00000      0.00000
      6.61395      2.20010      0.00000      0.00000
      6.62395      2.56271      0.00000      0.00000
      6.63395      2.19806      0.00000      0.00000
      6.64395      1.51252      0.00000      0.00000
      6.65395      1.87348      0.00000      0.00000
      6.66395      3.12375      0.00000      0.00000
      6.67395      5.01996      0.00000      0.00000
      6.68395      5.91780      0.00000      0.00000
      6.69395      4.88154      0.00000      0.00000
      6.70395      3.97793      0.00000      0.00000
      6.71395      4.03233      0.00000      0.00000
      6.72395      3.94825      0.00000      0.00000
      6.73395      3.51430      0.00000      0.00000
      6.74395      3.88002      0.00000      0.00000
      6.75395      4.42333      0.00000      0.00000
      6.76395      4.52661      0.00000      0.00000
      6.77395      4.84369      0.00000      0.00000
      6.78395      4.37501      0.00000      0.00000
      6.79395      3.32339      0.00000      0.00000
      6.80395      2.92494      0.00000      0.00000
      6.81395      3.82966      0.00000      0.00000
      6.82395      5.13620      0.00000      0.00000
      6.83395      5.74450      0.00000      0.00000
      6.84395      5.69184      0.00000      0.00000
      6.85395      5.31789      0.00000      0.00000
      6.86395      4.47661      0.00000      0.00000
      6.87395      3.72094      0.00000      0.00000
      6.88395      3.82717      0.00000      0.00000
      6.89395      3.93652      0.00000      0.00000
      6.90395      3.76608      0.00000      0.00000
      6.91395      4.49124      0.00000      0.00000
      6.92395      5.11585      0.00000      0.00000
      6.93395      4.80055      0.00000      0.00000
      6.94395      4.25112      0.00000      0.00000
      6.95395      3.49619      0.00000      0.00000
