Energy-E_F (eV)    DOS (1/eV)    PDOS (1/eV)  of atom type W  Se 
     -5.67915      5.57324      0.00000      0.00000
     -5.66915      5.26499      0.00000      0.00000
     -5.65915      5.14548      0.00000      0.00000
     -5.64915      4.80888      0.00000      0.00000
     -5.63915      3.68669      0.00000      0.00000
     -5.62915      3.54249      0.00000      0.00000
     -5.61915      3.47764      0.00000      0.00000
     -5.60915      2.59511      0.00000      0.00000
     -5.59915      2.87378      0.00000      0.00000
     -5.58915      4.33568      0.00000      0.00000
     -5.57915      4.31926      0.00000      0.00000
     -5.56915      2.58741      0.00000      0.00000
     -5.55915      1.90229      0.00000      0.00000
     -5.54915      2.77934      0.00000      0.00000
     -5.53915      2.96423      0.00000      0.00000
     -5.52915      2.14305      0.00000      0.00000
     -5.51915      2.16293      0.00000      0.00000
     -5.50915      2.85234      0.00000      0.00000
     -5.49915      3.03628      0.00000      0.00000
     -5.48915      2.19151      0.00000      0.00000
     -5.47915      1.53400      0.00000      0.00000
     -5.46915      2.06757      0.00000      0.00000
     -5.45915      2.67129      0.00000      0.00000
     -5.44915      2.04382      0.00000      0.00000
     -5.43915      1.13974      0.00000      0.00000
     -5.42915      1.19657      0.00000      0.00000
     -5.41915      2.08157      0.00000      0.00000
     -5.40915      2.64955      0.00000      0.00000
     -5.39915      2.15603      0.00000      0.00000
     -5.38915      1.28585      0.00000      0.00000
     -5.37915      1.20108      0.00000      0.00000
     -5.36915      1.77964      0.00000      0.00000
     -5.35915      2.03278      0.00000      0.00000
     -5.34915      1.61450      0.00000      0.00000
     -5.33915      1.10008      0.00000      0.00000
     -5.32915      1.10477      0.00000      0.00000
     -5.31915      1.75177      0.00000      0.00000
     -5.30915      2.36623      0.00000      0.00000
     -5.29915      2.29535      0.00000      0.00000
     -5.28915      1.54999      0.00000      0.00000
     -5.27915      0.98106      0.00000      0.00000
     -5.26915      1.47270      0.00000      0.00000
     -5.25915      2.39711      0.00000      0.00000
     -5.24915      2.24081      0.00000      0.00000
     -5.23915      1.70024      0.00000      0.00000
     -5.22915      1.76901      0.00000      0.00000
     -5.21915      2.30542      0.00000      0.00000
     -5.20915      3.91234      0.00000      0.00000
     -5.19915      5.73454      0.00000      0.00000
     -5.18915      5.70093      0.00000      0.00000
     -5.17915      5.57425      0.00000      0.00000
     -5.16915      7.12972      0.00000      0.00000
     -5.15915      8.77114      0.00000      0.00000
     -5.14915      9.13129      0.00000      0.00000
     -5.13915      7.64981      0.00000      0.00000
     -5.12915      5.74498      0.00000      0.00000
     -5.11915      5.07363      0.00000      0.00000
     -5.10915      4.78911      0.00000      0.00000
     -5.09915      3.93577      0.00000      0.00000
     -5.08915      4.03072      0.00000      0.00000
     -5.07915      4.13182      0.00000      0.00000
     -5.06915      3.59096      0.00000      0.00000
     -5.05915      2.51569      0.00000      0.00000
     -5.04915      1.68183      0.00000      0.00000
     -5.03915      1.96320      0.00000      0.00000
     -5.02915      3.05260      0.00000      0.00000
     -5.01915      4.22029      0.00000      0.00000
     -5.00915      4.94213      0.00000      0.00000
     -4.99915      5.63835      0.00000      0.00000
     -4.98915      6.58113      0.00000      0.00000
     -4.97915      7.01833      0.00000      0.00000
     -4.96915      6.48492      0.00000      0.00000
     -4.95915      5.64686      0.00000      0.00000
     -4.94915      5.45905      0.00000      0.00000
     -4.93915      5.83044      0.00000      0.00000
     -4.92915      5.90157      0.00000      0.00000
     -4.91915      5.57198      0.00000      0.00000
     -4.90915      5.52963      0.00000      0.00000
     -4.89915      5.99463      0.00000      0.00000
     -4.88915      6.89281      0.00000      0.00000
     -4.87915      7.25750      0.00000      0.00000
     -4.86915      7.22357      0.00000      0.00000
     -4.85915      7.70979      0.00000      0.00000
     -4.84915      7.82865      0.00000      0.00000
     -4.83915      8.32406      0.00000      0.00000
     -4.82915     10.03369      0.00000      0.00000
     -4.81915     12.72827      0.00000      0.00000
     -4.80915     13.17883      0.00000      0.00000
     -4.79915     11.01950      0.00000      0.00000
     -4.78915     10.04154      0.00000      0.00000
     -4.77915     10.98302      0.00000      0.00000
     -4.76915     11.41378      0.00000      0.00000
     -4.75915      9.55255      0.00000      0.00000
     -4.74915      7.37699      0.00000      0.00000
     -4.73915      6.85049      0.00000      0.00000
     -4.72915      7.46143      0.00000      0.00000
     -4.71915      8.08521      0.00000      0.00000
     -4.70915      7.28608      0.00000      0.00000
     -4.69915      5.55445      0.00000      0.00000
     -4.68915      4.31171      0.00000      0.00000
     -4.67915      3.67841      0.00000      0.00000
     -4.66915      4.19850      0.00000      0.00000
     -4.65915      5.31446      0.00000      0.00000
     -4.64915      6.36755      0.00000      0.00000
     -4.63915      7.36864      0.00000      0.00000
     -4.62915      6.77112      0.00000      0.00000
     -4.61915      4.43995      0.00000      0.00000
     -4.60915      2.79024      0.00000      0.00000
     -4.59915      2.05309      0.00000      0.00000
     -4.58915      1.76319      0.00000      0.00000
     -4.57915      1.85045      0.00000      0.00000
     -4.56915      1.64511      0.00000      0.00000
     -4.55915      1.21169      0.00000      0.00000
     -4.54915      1.12895      0.00000      0.00000
     -4.53915      1.47916      0.00000      0.00000
     -4.52915      1.77292      0.00000      0.00000
     -4.51915      1.97316      0.00000      0.00000
     -4.50915      2.32295      0.00000      0.00000
     -4.49915      2.38426      0.00000      0.00000
     -4.48915      1.87129      0.00000      0.00000
     -4.47915      1.62227      0.00000      0.00000
     -4.46915      1.54146      0.00000      0.00000
     -4.45915      1.29878      0.00000      0.00000
     -4.44915      1.76705      0.00000      0.00000
     -4.43915      2.64079      0.00000      0.00000
     -4.42915      2.67062      0.00000      0.00000
     -4.41915      1.80003      0.00000      0.00000
     -4.40915      0.92845      0.00000      0.00000
     -4.39915      1.10527      0.00000      0.00000
     -4.38915      2.25866      0.00000      0.00000
     -4.37915      3.39324      0.00000      0.00000
     -4.36915      4.53657      0.00000      0.00000
     -4.35915      5.05636      0.00000      0.00000
     -4.34915      4.39546      0.00000      0.00000
     -4.33915      3.72133      0.00000      0.00000
     -4.32915      3.14100      0.00000      0.00000
     -4.31915      3.04579      0.00000      0.00000
     -4.30915      3.36037      0.00000      0.00000
     -4.29915      3.20320      0.00000      0.00000
     -4.28915      2.57354      0.00000      0.00000
     -4.27915      1.97589      0.00000      0.00000
     -4.26915      2.21700      0.00000      0.00000
     -4.25915      2.39001      0.00000      0.00000
     -4.24915      2.28831      0.00000      0.00000
     -4.23915      2.48558      0.00000      0.00000
     -4.22915      2.33847      0.00000      0.00000
     -4.21915      2.14203      0.00000      0.00000
     -4.20915      2.22372      0.00000      0.00000
     -4.19915      2.41775      0.00000      0.00000
     -4.18915      2.86039      0.00000      0.00000
     -4.17915      3.30322      0.00000      0.00000
     -4.16915      3.93870      0.00000      0.00000
     -4.15915      4.78000      0.00000      0.00000
     -4.14915      4.63317      0.00000      0.00000
     -4.13915      4.14319      0.00000      0.00000
     -4.12915      3.64017      0.00000      0.00000
     -4.11915      3.36936      0.00000      0.00000
     -4.10915      4.18245      0.00000      0.00000
     -4.09915      6.11089      0.00000      0.00000
     -4.08915      7.77144      0.00000      0.00000
     -4.07915      7.57614      0.00000      0.00000
     -4.06915      6.23827      0.00000      0.00000
     -4.05915      5.30936      0.00000      0.00000
     -4.04915      5.30855      0.00000      0.00000
     -4.03915      5.37088      0.00000      0.00000
     -4.02915      4.78043      0.00000      0.00000
     -4.01915      4.32017      0.00000      0.00000
     -4.00915      4.48490      0.00000      0.00000
     -3.99915      4.58412      0.00000      0.00000
     -3.98915      4.80202      0.00000      0.00000
     -3.97915      5.68526      0.00000      0.00000
     -3.96915      5.42883      0.00000      0.00000
     -3.95915      4.52529      0.00000      0.00000
     -3.94915      4.46205      0.00000      0.00000
     -3.93915      3.89596      0.00000      0.00000
     -3.92915      3.79153      0.00000      0.00000
     -3.91915      4.96366      0.00000      0.00000
     -3.90915      5.55272      0.00000      0.00000
     -3.89915      5.50761      0.00000      0.00000
     -3.88915      4.97307      0.00000      0.00000
     -3.87915      4.25347      0.00000      0.00000
     -3.86915      4.81939      0.00000      0.00000
     -3.85915      7.47479      0.00000      0.00000
     -3.84915      9.88040      0.00000      0.00000
     -3.83915      9.29398      0.00000      0.00000
     -3.82915      6.88828      0.00000      0.00000
     -3.81915      4.79788      0.00000      0.00000
     -3.80915      4.08429      0.00000      0.00000
     -3.79915      4.60072      0.00000      0.00000
     -3.78915      5.94940      0.00000      0.00000
     -3.77915      6.27280      0.00000      0.00000
     -3.76915      5.06293      0.00000      0.00000
     -3.75915      4.09586      0.00000      0.00000
     -3.74915      4.31751      0.00000      0.00000
     -3.73915      6.00592      0.00000      0.00000
     -3.72915      7.71368      0.00000      0.00000
     -3.71915      6.51467      0.00000      0.00000
     -3.70915      3.99251      0.00000      0.00000
     -3.69915      3.26632      0.00000      0.00000
     -3.68915      4.00953      0.00000      0.00000
     -3.67915      4.82727      0.00000      0.00000
     -3.66915      4.96726      0.00000      0.00000
     -3.65915      5.14864      0.00000      0.00000
     -3.64915      5.68734      0.00000      0.00000
     -3.63915      6.41033      0.00000      0.00000
     -3.62915      6.18459      0.00000      0.00000
     -3.61915      4.72298      0.00000      0.00000
     -3.60915      3.72214      0.00000      0.00000
     -3.59915      4.42040      0.00000      0.00000
     -3.58915      5.34098      0.00000      0.00000
     -3.57915      5.42608      0.00000      0.00000
     -3.56915      4.94776      0.00000      0.00000
     -3.55915      4.67298      0.00000      0.00000
     -3.54915      5.05042      0.00000      0.00000
     -3.53915      6.26486      0.00000      0.00000
     -3.52915      7.85473      0.00000      0.00000
     -3.51915      7.42248      0.00000      0.00000
     -3.50915      6.02032      0.00000      0.00000
     -3.49915      5.51310      0.00000      0.00000
     -3.48915      5.55286      0.00000      0.00000
     -3.47915      5.59652      0.00000      0.00000
     -3.46915      5.42752      0.00000      0.00000
     -3.45915      5.00838      0.00000      0.00000
     -3.44915      4.17196      0.00000      0.00000
     -3.43915      3.10618      0.00000      0.00000
     -3.42915      2.59707      0.00000      0.00000
     -3.41915      2.76443      0.00000      0.00000
     -3.40915      3.50318      0.00000      0.00000
     -3.39915      4.61354      0.00000      0.00000
     -3.38915      5.20538      0.00000      0.00000
     -3.37915      4.63961      0.00000      0.00000
     -3.36915      3.39200      0.00000      0.00000
     -3.35915      2.58296      0.00000      0.00000
     -3.34915      2.80323      0.00000      0.00000
     -3.33915      3.42447      0.00000      0.00000
     -3.32915      3.98155      0.00000      0.00000
     -3.31915      3.96168      0.00000      0.00000
     -3.30915      3.38729      0.00000      0.00000
     -3.29915      3.66559      0.00000      0.00000
     -3.28915      4.22341      0.00000      0.00000
     -3.27915      3.87545      0.00000      0.00000
     -3.26915      3.12143      0.00000      0.00000
     -3.25915      2.76635      0.00000      0.00000
     -3.24915      3.46725      0.00000      0.00000
     -3.23915      4.32493      0.00000      0.00000
     -3.22915      4.20575      0.00000      0.00000
     -3.21915      4.25855      0.00000      0.00000
     -3.20915      4.40031      0.00000      0.00000
     -3.19915      3.30446      0.00000      0.00000
     -3.18915      2.73866      0.00000      0.00000
     -3.17915      3.51100      0.00000      0.00000
     -3.16915      4.15804      0.00000      0.00000
     -3.15915      4.15410      0.00000      0.00000
     -3.14915      3.56109      0.00000      0.00000
     -3.13915      2.71319      0.00000      0.00000
     -3.12915      1.93897      0.00000      0.00000
     -3.11915      1.93204      0.00000      0.00000
     -3.10915      2.76537      0.00000      0.00000
     -3.09915      2.97129      0.00000      0.00000
     -3.08915      2.59670      0.00000      0.00000
     -3.07915      2.28193      0.00000      0.00000
     -3.06915      2.10841      0.00000      0.00000
     -3.05915      2.30422      0.00000      0.00000
     -3.04915      2.61183      0.00000      0.00000
     -3.03915      2.89539      0.00000      0.00000
     -3.02915      3.02047      0.00000      0.00000
     -3.01915      3.47358      0.00000      0.00000
     -3.00915      4.23418      0.00000      0.00000
     -2.99915      3.73562      0.00000      0.00000
     -2.98915      2.93101      0.00000      0.00000
     -2.97915      2.98198      0.00000      0.00000
     -2.96915      3.16655      0.00000      0.00000
     -2.95915      3.86354      0.00000      0.00000
     -2.94915      4.96893      0.00000      0.00000
     -2.93915      5.51891      0.00000      0.00000
     -2.92915      5.67941      0.00000      0.00000
     -2.91915      5.56810      0.00000      0.00000
     -2.90915      5.49456      0.00000      0.00000
     -2.89915      6.29762      0.00000      0.00000
     -2.88915      8.56548      0.00000      0.00000
     -2.87915     11.50012      0.00000      0.00000
     -2.86915     12.68453      0.00000      0.00000
     -2.85915     11.84041      0.00000      0.00000
     -2.84915     11.15247      0.00000      0.00000
     -2.83915     10.03953      0.00000      0.00000
     -2.82915      7.71556      0.00000      0.00000
     -2.81915      6.76133      0.00000      0.00000
     -2.80915      8.33639      0.00000      0.00000
     -2.79915      8.96115      0.00000      0.00000
     -2.78915      6.64913      0.00000      0.00000
     -2.77915      4.98048      0.00000      0.00000
     -2.76915      5.65276      0.00000      0.00000
     -2.75915      7.46458      0.00000      0.00000
     -2.74915      7.98007      0.00000      0.00000
     -2.73915      7.09486      0.00000      0.00000
     -2.72915      6.39906      0.00000      0.00000
     -2.71915      5.75048      0.00000      0.00000
     -2.70915      5.84128      0.00000      0.00000
     -2.69915      6.52234      0.00000      0.00000
     -2.68915      6.21860      0.00000      0.00000
     -2.67915      5.36591      0.00000      0.00000
     -2.66915      5.89110      0.00000      0.00000
     -2.65915      8.05366      0.00000      0.00000
     -2.64915      9.41827      0.00000      0.00000
     -2.63915      8.58320      0.00000      0.00000
     -2.62915      7.77865      0.00000      0.00000
     -2.61915      7.81125      0.00000      0.00000
     -2.60915      8.04911      0.00000      0.00000
     -2.59915      8.57618      0.00000      0.00000
     -2.58915      8.71301      0.00000      0.00000
     -2.57915      8.66051      0.00000      0.00000
     -2.56915      8.07481      0.00000      0.00000
     -2.55915      7.20470      0.00000      0.00000
     -2.54915      7.08657      0.00000      0.00000
     -2.53915      7.39182      0.00000      0.00000
     -2.52915      7.66890      0.00000      0.00000
     -2.51915      7.87925      0.00000      0.00000
     -2.50915      7.23220      0.00000      0.00000
     -2.49915      6.20540      0.00000      0.00000
     -2.48915      6.47617      0.00000      0.00000
     -2.47915      6.67496      0.00000      0.00000
     -2.46915      6.22958      0.00000      0.00000
     -2.45915      6.68089      0.00000      0.00000
     -2.44915      6.62960      0.00000      0.00000
     -2.43915      5.48497      0.00000      0.00000
     -2.42915      5.54622      0.00000      0.00000
     -2.41915      6.09581      0.00000      0.00000
     -2.40915      5.07945      0.00000      0.00000
     -2.39915      4.05073      0.00000      0.00000
     -2.38915      3.78413      0.00000      0.00000
     -2.37915      3.61596      0.00000      0.00000
     -2.36915      4.11425      0.00000      0.00000
     -2.35915      3.89439      0.00000      0.00000
     -2.34915      3.59413      0.00000      0.00000
     -2.33915      4.85609      0.00000      0.00000
     -2.32915      6.40851      0.00000      0.00000
     -2.31915      6.25402      0.00000      0.00000
     -2.30915      5.27453      0.00000      0.00000
     -2.29915      4.59383      0.00000      0.00000
     -2.28915      4.08675      0.00000      0.00000
     -2.27915      4.14268      0.00000      0.00000
     -2.26915      5.05220      0.00000      0.00000
     -2.25915      5.51318      0.00000      0.00000
     -2.24915      5.02408      0.00000      0.00000
     -2.23915      4.49060      0.00000      0.00000
     -2.22915      4.86807      0.00000      0.00000
     -2.21915      5.42099      0.00000      0.00000
     -2.20915      4.97864      0.00000      0.00000
     -2.19915      3.95383      0.00000      0.00000
     -2.18915      3.34070      0.00000      0.00000
     -2.17915      3.18494      0.00000      0.00000
     -2.16915      3.16990      0.00000      0.00000
     -2.15915      3.10129      0.00000      0.00000
     -2.14915      2.63514      0.00000      0.00000
     -2.13915      2.31043      0.00000      0.00000
     -2.12915      2.02624      0.00000      0.00000
     -2.11915      1.80316      0.00000      0.00000
     -2.10915      2.33995      0.00000      0.00000
     -2.09915      3.53916      0.00000      0.00000
     -2.08915      5.04207      0.00000      0.00000
     -2.07915      6.33848      0.00000      0.00000
     -2.06915      7.50600      0.00000      0.00000
     -2.05915      7.94723      0.00000      0.00000
     -2.04915      7.02080      0.00000      0.00000
     -2.03915      6.27473      0.00000      0.00000
     -2.02915      6.43955      0.00000      0.00000
     -2.01915      6.46582      0.00000      0.00000
     -2.00915      6.17234      0.00000      0.00000
     -1.99915      5.63787      0.00000      0.00000
     -1.98915      4.86772      0.00000      0.00000
     -1.97915      4.63937      0.00000      0.00000
     -1.96915      5.08325      0.00000      0.00000
     -1.95915      5.39323      0.00000      0.00000
     -1.94915      5.48973      0.00000      0.00000
     -1.93915      4.93625      0.00000      0.00000
     -1.92915      4.24069      0.00000      0.00000
     -1.91915      4.29111      0.00000      0.00000
     -1.90915      5.01987      0.00000      0.00000
     -1.89915      5.47399      0.00000      0.00000
     -1.88915      5.13320      0.00000      0.00000
     -1.87915      4.61297      0.00000      0.00000
     -1.86915      4.39900      0.00000      0.00000
     -1.85915      4.11111      0.00000      0.00000
     -1.84915      4.29130      0.00000      0.00000
     -1.83915      4.79323      0.00000      0.00000
     -1.82915      5.15579      0.00000      0.00000
     -1.81915      4.66343      0.00000      0.00000
     -1.80915      3.63350      0.00000      0.00000
     -1.79915      2.87023      0.00000      0.00000
     -1.78915      3.06540      0.00000      0.00000
     -1.77915      3.80952      0.00000      0.00000
     -1.76915      3.67465      0.00000      0.00000
     -1.75915      2.72303      0.00000      0.00000
     -1.74915      2.20796      0.00000      0.00000
     -1.73915      2.21380      0.00000      0.00000
     -1.72915      2.23756      0.00000      0.00000
     -1.71915      2.72098      0.00000      0.00000
     -1.70915      3.46133      0.00000      0.00000
     -1.69915      3.61608      0.00000      0.00000
     -1.68915      3.32961      0.00000      0.00000
     -1.67915      3.04978      0.00000      0.00000
     -1.66915      2.86417      0.00000      0.00000
     -1.65915      2.89415      0.00000      0.00000
     -1.64915      2.58679      0.00000      0.00000
     -1.63915      1.94138      0.00000      0.00000
     -1.62915      1.63298      0.00000      0.00000
     -1.61915      1.63279      0.00000      0.00000
     -1.60915      1.63291      0.00000      0.00000
     -1.59915      1.62836      0.00000      0.00000
     -1.58915      1.69904      0.00000      0.00000
     -1.57915      1.50240      0.00000      0.00000
     -1.56915      1.17465      0.00000      0.00000
     -1.55915      1.12943      0.00000      0.00000
     -1.54915      1.43138      0.00000      0.00000
     -1.53915      1.74646      0.00000      0.00000
     -1.52915      1.60672      0.00000      0.00000
     -1.51915      1.64233      0.00000      0.00000
     -1.50915      1.88031      0.00000      0.00000
     -1.49915      1.95522      0.00000      0.00000
     -1.48915      1.92088      0.00000      0.00000
     -1.47915      2.18709      0.00000      0.00000
     -1.46915      2.46064      0.00000      0.00000
     -1.45915      2.27242      0.00000      0.00000
     -1.44915      2.20655      0.00000      0.00000
     -1.43915      2.18670      0.00000      0.00000
     -1.42915      2.23575      0.00000      0.00000
     -1.41915      2.31050      0.00000      0.00000
     -1.40915      2.16434      0.00000      0.00000
     -1.39915      2.11769      0.00000      0.00000
     -1.38915      2.32671      0.00000      0.00000
     -1.37915      2.89479      0.00000      0.00000
     -1.36915      3.38715      0.00000      0.00000
     -1.35915      3.24906      0.00000      0.00000
     -1.34915      3.39004      0.00000      0.00000
     -1.33915      3.46212      0.00000      0.00000
     -1.32915      2.94152      0.00000      0.00000
     -1.31915      2.55717      0.00000      0.00000
     -1.30915      2.78722      0.00000      0.00000
     -1.29915      2.95737      0.00000      0.00000
     -1.28915      3.13142      0.00000      0.00000
     -1.27915      3.52736      0.00000      0.00000
     -1.26915      4.06188      0.00000      0.00000
     -1.25915      4.23728      0.00000      0.00000
     -1.24915      4.15762      0.00000      0.00000
     -1.23915      4.57632      0.00000      0.00000
     -1.22915      5.21519      0.00000      0.00000
     -1.21915      5.93187      0.00000      0.00000
     -1.20915      6.38950      0.00000      0.00000
     -1.19915      5.70948      0.00000      0.00000
     -1.18915      4.60306      0.00000      0.00000
     -1.17915      4.32652      0.00000      0.00000
     -1.16915      3.78699      0.00000      0.00000
     -1.15915      3.83170      0.00000      0.00000
     -1.14915      4.68694      0.00000      0.00000
     -1.13915      4.68353      0.00000      0.00000
     -1.12915      4.34529      0.00000      0.00000
     -1.11915      4.14621      0.00000      0.00000
     -1.10915      4.17300      0.00000      0.00000
     -1.09915      5.00220      0.00000      0.00000
     -1.08915      5.12450      0.00000      0.00000
     -1.07915      4.39285      0.00000      0.00000
     -1.06915      3.96050      0.00000      0.00000
     -1.05915      3.31383      0.00000      0.00000
     -1.04915      3.64507      0.00000      0.00000
     -1.03915      4.47436      0.00000      0.00000
     -1.02915      4.80608      0.00000      0.00000
     -1.01915      5.18778      0.00000      0.00000
     -1.00915      5.17243      0.00000      0.00000
     -0.99915      4.65865      0.00000      0.00000
     -0.98915      5.12142      0.00000      0.00000
     -0.97915      6.29653      0.00000      0.00000
     -0.96915      5.93222      0.00000      0.00000
     -0.95915      5.18930      0.00000      0.00000
     -0.94915      5.69518      0.00000      0.00000
     -0.93915      5.80130      0.00000      0.00000
     -0.92915      5.24426      0.00000      0.00000
     -0.91915      4.79877      0.00000      0.00000
     -0.90915      4.47053      0.00000      0.00000
     -0.89915      4.58639      0.00000      0.00000
     -0.88915      4.70674      0.00000      0.00000
     -0.87915      4.77523      0.00000      0.00000
     -0.86915      4.54118      0.00000      0.00000
     -0.85915      3.59902      0.00000      0.00000
     -0.84915      3.52551      0.00000      0.00000
     -0.83915      4.35430      0.00000      0.00000
     -0.82915      4.43391      0.00000      0.00000
     -0.81915      4.04304      0.00000      0.00000
     -0.80915      3.93249      0.00000      0.00000
     -0.79915      4.10409      0.00000      0.00000
     -0.78915      3.97401      0.00000      0.00000
     -0.77915      4.25157      0.00000      0.00000
     -0.76915      4.60339      0.00000      0.00000
     -0.75915      3.70683      0.00000      0.00000
     -0.74915      2.84277      0.00000      0.00000
     -0.73915      3.37279      0.00000      0.00000
     -0.72915      3.80534      0.00000      0.00000
     -0.71915      3.50388      0.00000      0.00000
     -0.70915      3.61227      0.00000      0.00000
     -0.69915      3.99315      0.00000      0.00000
     -0.68915      4.13962      0.00000      0.00000
     -0.67915      4.31981      0.00000      0.00000
     -0.66915      4.06859      0.00000      0.00000
     -0.65915      3.51514      0.00000      0.00000
     -0.64915      3.27218      0.00000      0.00000
     -0.63915      3.29407      0.00000      0.00000
     -0.62915      3.45593      0.00000      0.00000
     -0.61915      3.72554      0.00000      0.00000
     -0.60915      3.64026      0.00000      0.00000
     -0.59915      3.30501      0.00000      0.00000
     -0.58915      2.80825      0.00000      0.00000
     -0.57915      2.35031      0.00000      0.00000
     -0.56915      2.18436      0.00000      0.00000
     -0.55915      1.96554      0.00000      0.00000
     -0.54915      1.47154      0.00000      0.00000
     -0.53915      1.01127      0.00000      0.00000
     -0.52915      0.92160      0.00000      0.00000
     -0.51915      1.22184      0.00000      0.00000
     -0.50915      1.28659      0.00000      0.00000
     -0.49915      1.36458      0.00000      0.00000
     -0.48915      1.44988      0.00000      0.00000
     -0.47915      1.19004      0.00000      0.00000
     -0.46915      0.86548      0.00000      0.00000
     -0.45915      0.57529      0.00000      0.00000
     -0.44915      0.59424      0.00000      0.00000
     -0.43915      0.96144      0.00000      0.00000
     -0.42915      1.37381      0.00000      0.00000
     -0.41915      1.11703      0.00000      0.00000
     -0.40915      0.47815      0.00000      0.00000
     -0.39915      0.32910      0.00000      0.00000
     -0.38915      0.52585      0.00000      0.00000
     -0.37915      0.72514      0.00000      0.00000
     -0.36915      0.70696      0.00000      0.00000
     -0.35915      0.64885      0.00000      0.00000
     -0.34915      0.61772      0.00000      0.00000
     -0.33915      0.41877      0.00000      0.00000
     -0.32915      0.42475      0.00000      0.00000
     -0.31915      0.46437      0.00000      0.00000
     -0.30915      0.40169      0.00000      0.00000
     -0.29915      0.54968      0.00000      0.00000
     -0.28915      0.81626      0.00000      0.00000
     -0.27915      0.96192      0.00000      0.00000
     -0.26915      0.83098      0.00000      0.00000
     -0.25915      0.43446      0.00000      0.00000
     -0.24915      0.11454      0.00000      0.00000
     -0.23915      0.09629      0.00000      0.00000
     -0.22915      0.36668      0.00000      0.00000
     -0.21915      0.61869      0.00000      0.00000
     -0.20915      0.46522      0.00000      0.00000
     -0.19915      0.27515      0.00000      0.00000
     -0.18915      0.27155      0.00000      0.00000
     -0.17915      0.34698      0.00000      0.00000
     -0.16915      0.33959      0.00000      0.00000
     -0.15915      0.46632      0.00000      0.00000
     -0.14915      0.66747      0.00000      0.00000
     -0.13915      0.59220      0.00000      0.00000
     -0.12915      0.39177      0.00000      0.00000
     -0.11915      0.16669      0.00000      0.00000
     -0.10915      0.09917      0.00000      0.00000
     -0.09915      0.21600      0.00000      0.00000
     -0.08915      0.35708      0.00000      0.00000
     -0.07915      0.35544      0.00000      0.00000
     -0.06915      0.25530      0.00000      0.00000
     -0.05915      0.31204      0.00000      0.00000
     -0.04915      0.34055      0.00000      0.00000
     -0.03915      0.33340      0.00000      0.00000
     -0.02915      0.32208      0.00000      0.00000
     -0.01915      0.19679      0.00000      0.00000
     -0.00915      0.16537      0.00000      0.00000
      0.00085      0.13543      0.00000      0.00000
      0.01085      0.04683      0.00000      0.00000
      0.02085      0.00602      0.00000      0.00000
      0.03085      0.00028      0.00000      0.00000
      0.04085      0.00000      0.00000      0.00000
      0.05085      0.00000      0.00000      0.00000
      0.06085      0.00000      0.00000      0.00000
      0.07085      0.00000      0.00000      0.00000
      0.08085      0.00000      0.00000      0.00000
      0.09085      0.00000      0.00000      0.00000
      0.10085      0.00000      0.00000      0.00000
      0.11085      0.00000      0.00000      0.00000
      0.12085      0.00000      0.00000      0.00000
      0.13085      0.00000      0.00000      0.00000
      0.14085      0.00000      0.00000      0.00000
      0.15085      0.00000      0.00000      0.00000
      0.16085      0.00000      0.00000      0.00000
      0.17085      0.00000      0.00000      0.00000
      0.18085      0.00000      0.00000      0.00000
      0.19085      0.00000      0.00000      0.00000
      0.20085      0.00000      0.00000      0.00000
      0.21085      0.00000      0.00000      0.00000
      0.22085      0.00000      0.00000      0.00000
      0.23085      0.00000      0.00000      0.00000
      0.24085      0.00000      0.00000      0.00000
      0.25085      0.00000      0.00000      0.00000
      0.26085      0.00000      0.00000      0.00000
      0.27085      0.00000      0.00000      0.00000
      0.28085      0.00000      0.00000      0.00000
      0.29085      0.00000      0.00000      0.00000
      0.30085      0.00000      0.00000      0.00000
      0.31085      0.00000      0.00000      0.00000
      0.32085      0.00000      0.00000      0.00000
      0.33085      0.00000      0.00000      0.00000
      0.34085      0.00000      0.00000      0.00000
      0.35085      0.00000      0.00000      0.00000
      0.36085      0.00000      0.00000      0.00000
      0.37085      0.00000      0.00000      0.00000
      0.38085      0.00000      0.00000      0.00000
      0.39085      0.00000      0.00000      0.00000
      0.40085      0.00000      0.00000      0.00000
      0.41085      0.00000      0.00000      0.00000
      0.42085      0.00000      0.00000      0.00000
      0.43085      0.00000      0.00000      0.00000
      0.44085      0.00000      0.00000      0.00000
      0.45085      0.00000      0.00000      0.00000
      0.46085      0.00000      0.00000      0.00000
      0.47085      0.00000      0.00000      0.00000
      0.48085      0.00000      0.00000      0.00000
      0.49085      0.00000      0.00000      0.00000
      0.50085      0.00000      0.00000      0.00000
      0.51085      0.00000      0.00000      0.00000
      0.52085      0.00000      0.00000      0.00000
      0.53085      0.00000      0.00000      0.00000
      0.54085      0.00000      0.00000      0.00000
      0.55085      0.00000      0.00000      0.00000
      0.56085      0.00000      0.00000      0.00000
      0.57085      0.00000      0.00000      0.00000
      0.58085      0.00000      0.00000      0.00000
      0.59085      0.00000      0.00000      0.00000
      0.60085      0.00000      0.00000      0.00000
      0.61085      0.00000      0.00000      0.00000
      0.62085      0.00000      0.00000      0.00000
      0.63085      0.00000      0.00000      0.00000
      0.64085      0.00000      0.00000      0.00000
      0.65085      0.00000      0.00000      0.00000
      0.66085      0.00000      0.00000      0.00000
      0.67085      0.00000      0.00000      0.00000
      0.68085      0.00000      0.00000      0.00000
      0.69085      0.00000      0.00000      0.00000
      0.70085      0.00000      0.00000      0.00000
      0.71085      0.00000      0.00000      0.00000
      0.72085      0.00000      0.00000      0.00000
      0.73085      0.00000      0.00000      0.00000
      0.74085      0.00000      0.00000      0.00000
      0.75085      0.00000      0.00000      0.00000
      0.76085      0.00000      0.00000      0.00000
      0.77085      0.00000      0.00000      0.00000
      0.78085      0.00000      0.00000      0.00000
      0.79085      0.00000      0.00000      0.00000
      0.80085      0.00000      0.00000      0.00000
      0.81085      0.00000      0.00000      0.00000
      0.82085      0.00000      0.00000      0.00000
      0.83085      0.00000      0.00000      0.00000
      0.84085      0.00000      0.00000      0.00000
      0.85085      0.00000      0.00000      0.00000
      0.86085      0.00000      0.00000      0.00000
      0.87085      0.00000      0.00000      0.00000
      0.88085      0.00000      0.00000      0.00000
      0.89085      0.00000      0.00000      0.00000
      0.90085      0.00000      0.00000      0.00000
      0.91085      0.00000      0.00000      0.00000
      0.92085      0.00000      0.00000      0.00000
      0.93085      0.00000      0.00000      0.00000
      0.94085      0.00000      0.00000      0.00000
      0.95085      0.00000      0.00000      0.00000
      0.96085      0.00000      0.00000      0.00000
      0.97085      0.00000      0.00000      0.00000
      0.98085      0.00000      0.00000      0.00000
      0.99085      0.00000      0.00000      0.00000
      1.00085      0.00000      0.00000      0.00000
      1.01085      0.00000      0.00000      0.00000
      1.02085      0.00000      0.00000      0.00000
      1.03085      0.00000      0.00000      0.00000
      1.04085      0.00000      0.00000      0.00000
      1.05085      0.00000      0.00000      0.00000
      1.06085      0.00000      0.00000      0.00000
      1.07085      0.00000      0.00000      0.00000
      1.08085      0.00000      0.00000      0.00000
      1.09085      0.00000      0.00000      0.00000
      1.10085      0.00000      0.00000      0.00000
      1.11085      0.00000      0.00000      0.00000
      1.12085      0.00000      0.00000      0.00000
      1.13085      0.00000      0.00000      0.00000
      1.14085      0.00000      0.00000      0.00000
      1.15085      0.00000      0.00000      0.00000
      1.16085      0.00000      0.00000      0.00000
      1.17085      0.00000      0.00000      0.00000
      1.18085      0.00000      0.00000      0.00000
      1.19085      0.00000      0.00000      0.00000
      1.20085      0.00000      0.00000      0.00000
      1.21085      0.00000      0.00000      0.00000
      1.22085      0.00000      0.00000      0.00000
      1.23085      0.00000      0.00000      0.00000
      1.24085      0.00000      0.00000      0.00000
      1.25085      0.00000      0.00000      0.00000
      1.26085      0.00000      0.00000      0.00000
      1.27085      0.00000      0.00000      0.00000
      1.28085      0.00000      0.00000      0.00000
      1.29085      0.00000      0.00000      0.00000
      1.30085      0.00000      0.00000      0.00000
      1.31085      0.00000      0.00000      0.00000
      1.32085      0.00000      0.00000      0.00000
      1.33085      0.00000      0.00000      0.00000
      1.34085      0.00000      0.00000      0.00000
      1.35085      0.00000      0.00000      0.00000
      1.36085      0.00000      0.00000      0.00000
      1.37085      0.00000      0.00000      0.00000
      1.38085      0.00000      0.00000      0.00000
      1.39085      0.00000      0.00000      0.00000
      1.40085      0.00000      0.00000      0.00000
      1.41085      0.00000      0.00000      0.00000
      1.42085      0.00000      0.00000      0.00000
      1.43085      0.00000      0.00000      0.00000
      1.44085      0.00000      0.00000      0.00000
      1.45085      0.00000      0.00000      0.00000
      1.46085      0.00000      0.00000      0.00000
      1.47085      0.00000      0.00000      0.00000
      1.48085      0.00000      0.00000      0.00000
      1.49085      0.00000      0.00000      0.00000
      1.50085      0.00000      0.00000      0.00000
      1.51085      0.00000      0.00000      0.00000
      1.52085      0.00000      0.00000      0.00000
      1.53085      0.00000      0.00000      0.00000
      1.54085      0.00000      0.00000      0.00000
      1.55085      0.00000      0.00000      0.00000
      1.56085      0.00000      0.00000      0.00000
      1.57085      0.00000      0.00000      0.00000
      1.58085      0.00000      0.00000      0.00000
      1.59085      0.00000      0.00000      0.00000
      1.60085      0.00000      0.00000      0.00000
      1.61085      0.00000      0.00000      0.00000
      1.62085      0.00000      0.00000      0.00000
      1.63085      0.00000      0.00000      0.00000
      1.64085      0.00000      0.00000      0.00000
      1.65085      0.00000      0.00000      0.00000
      1.66085      0.00000      0.00000      0.00000
      1.67085      0.00000      0.00000      0.00000
      1.68085      0.00000      0.00000      0.00000
      1.69085      0.00000      0.00000      0.00000
      1.70085      0.00000      0.00000      0.00000
      1.71085      0.00000      0.00000      0.00000
      1.72085      0.00000      0.00000      0.00000
      1.73085      0.00000      0.00000      0.00000
      1.74085      0.00000      0.00000      0.00000
      1.75085      0.00000      0.00000      0.00000
      1.76085      0.00000      0.00000      0.00000
      1.77085      0.00000      0.00000      0.00000
      1.78085      0.00000      0.00000      0.00000
      1.79085      0.00000      0.00000      0.00000
      1.80085      0.00000      0.00000      0.00000
      1.81085      0.00000      0.00000      0.00000
      1.82085      0.00000      0.00000      0.00000
      1.83085      0.00000      0.00000      0.00000
      1.84085      0.00000      0.00000      0.00000
      1.85085      0.00000      0.00000      0.00000
      1.86085      0.00000      0.00000      0.00000
      1.87085      0.00000      0.00000      0.00000
      1.88085      0.00000      0.00000      0.00000
      1.89085      0.00000      0.00000      0.00000
      1.90085      0.00000      0.00000      0.00000
      1.91085      0.00000      0.00000      0.00000
      1.92085      0.00002      0.00000      0.00000
      1.93085      0.00098      0.00000      0.00000
      1.94085      0.01909      0.00000      0.00000
      1.95085      0.15135      0.00000      0.00000
      1.96085      0.53838      0.00000      0.00000
      1.97085      1.05951      0.00000      0.00000
      1.98085      1.50550      0.00000      0.00000
      1.99085      1.88997      0.00000      0.00000
      2.00085      2.18493      0.00000      0.00000
      2.01085      1.91377      0.00000      0.00000
      2.02085      1.78931      0.00000      0.00000
      2.03085      2.22625      0.00000      0.00000
      2.04085      1.93238      0.00000      0.00000
      2.05085      1.50306      0.00000      0.00000
      2.06085      1.98855      0.00000      0.00000
      2.07085      2.59291      0.00000      0.00000
      2.08085      2.58297      0.00000      0.00000
      2.09085      2.39186      0.00000      0.00000
      2.10085      2.08456      0.00000      0.00000
      2.11085      2.00618      0.00000      0.00000
      2.12085      2.40707      0.00000      0.00000
      2.13085      2.27475      0.00000      0.00000
      2.14085      2.06403      0.00000      0.00000
      2.15085      2.62943      0.00000      0.00000
      2.16085      2.81196      0.00000      0.00000
      2.17085      2.81835      0.00000      0.00000
      2.18085      3.80331      0.00000      0.00000
      2.19085      4.71280      0.00000      0.00000
      2.20085      4.87100      0.00000      0.00000
      2.21085      4.82106      0.00000      0.00000
      2.22085      4.83769      0.00000      0.00000
      2.23085      4.88107      0.00000      0.00000
      2.24085      5.60780      0.00000      0.00000
      2.25085      6.52023      0.00000      0.00000
      2.26085      6.12785      0.00000      0.00000
      2.27085      5.36586      0.00000      0.00000
      2.28085      5.60436      0.00000      0.00000
      2.29085      6.82802      0.00000      0.00000
      2.30085      8.46514      0.00000      0.00000
      2.31085      9.52784      0.00000      0.00000
      2.32085      8.62405      0.00000      0.00000
      2.33085      6.90867      0.00000      0.00000
      2.34085      6.33296      0.00000      0.00000
      2.35085      6.31660      0.00000      0.00000
      2.36085      6.83049      0.00000      0.00000
      2.37085      7.19373      0.00000      0.00000
      2.38085      6.95238      0.00000      0.00000
      2.39085      6.71159      0.00000      0.00000
      2.40085      6.38780      0.00000      0.00000
      2.41085      6.44535      0.00000      0.00000
      2.42085      7.05721      0.00000      0.00000
      2.43085      7.11836      0.00000      0.00000
      2.44085      6.30485      0.00000      0.00000
      2.45085      6.41045      0.00000      0.00000
      2.46085      6.99685      0.00000      0.00000
      2.47085      6.21714      0.00000      0.00000
      2.48085      5.41900      0.00000      0.00000
      2.49085      4.96558      0.00000      0.00000
      2.50085      4.20625      0.00000      0.00000
      2.51085      4.27019      0.00000      0.00000
      2.52085      5.21527      0.00000      0.00000
      2.53085      5.58172      0.00000      0.00000
      2.54085      5.33482      0.00000      0.00000
      2.55085      5.51764      0.00000      0.00000
      2.56085      5.41030      0.00000      0.00000
      2.57085      4.16228      0.00000      0.00000
      2.58085      3.39542      0.00000      0.00000
      2.59085      3.77790      0.00000      0.00000
      2.60085      4.31911      0.00000      0.00000
      2.61085      4.01686      0.00000      0.00000
      2.62085      3.66478      0.00000      0.00000
      2.63085      4.38539      0.00000      0.00000
      2.64085      5.23115      0.00000      0.00000
      2.65085      5.03637      0.00000      0.00000
      2.66085      4.19431      0.00000      0.00000
      2.67085      3.58318      0.00000      0.00000
      2.68085      3.09085      0.00000      0.00000
      2.69085      3.31739      0.00000      0.00000
      2.70085      3.98377      0.00000      0.00000
      2.71085      4.21221      0.00000      0.00000
      2.72085      3.67280      0.00000      0.00000
      2.73085      3.21788      0.00000      0.00000
      2.74085      3.59693      0.00000      0.00000
      2.75085      4.45619      0.00000      0.00000
      2.76085      5.37163      0.00000      0.00000
      2.77085      6.07609      0.00000      0.00000
      2.78085      6.92124      0.00000      0.00000
      2.79085      8.28658      0.00000      0.00000
      2.80085      9.56224      0.00000      0.00000
      2.81085     10.52908      0.00000      0.00000
      2.82085     10.93750      0.00000      0.00000
      2.83085     10.87036      0.00000      0.00000
      2.84085     11.18762      0.00000      0.00000
      2.85085     10.53160      0.00000      0.00000
      2.86085      9.29737      0.00000      0.00000
      2.87085      8.60425      0.00000      0.00000
      2.88085      7.89641      0.00000      0.00000
      2.89085      7.31834      0.00000      0.00000
      2.90085      6.76805      0.00000      0.00000
      2.91085      6.05947      0.00000      0.00000
      2.92085      6.22575      0.00000      0.00000
      2.93085      7.25482      0.00000      0.00000
      2.94085      7.53017      0.00000      0.00000
      2.95085      7.17126      0.00000      0.00000
      2.96085      7.44131      0.00000      0.00000
      2.97085      7.37971      0.00000      0.00000
      2.98085      6.29701      0.00000      0.00000
      2.99085      6.35630      0.00000      0.00000
      3.00085      7.49124      0.00000      0.00000
      3.01085      7.82606      0.00000      0.00000
      3.02085      7.64556      0.00000      0.00000
      3.03085      7.89196      0.00000      0.00000
      3.04085      8.40846      0.00000      0.00000
      3.05085      9.52415      0.00000      0.00000
      3.06085     10.74474      0.00000      0.00000
      3.07085     11.23174      0.00000      0.00000
      3.08085     11.32982      0.00000      0.00000
      3.09085     10.93876      0.00000      0.00000
      3.10085     10.21626      0.00000      0.00000
      3.11085     10.12222      0.00000      0.00000
      3.12085     10.20177      0.00000      0.00000
      3.13085      8.95119      0.00000      0.00000
      3.14085      7.37799      0.00000      0.00000
      3.15085      6.17712      0.00000      0.00000
      3.16085      6.89463      0.00000      0.00000
      3.17085      8.48690      0.00000      0.00000
      3.18085      7.50677      0.00000      0.00000
      3.19085      6.08267      0.00000      0.00000
      3.20085      6.58227      0.00000      0.00000
      3.21085      7.42783      0.00000      0.00000
      3.22085      8.40794      0.00000      0.00000
      3.23085      9.70618      0.00000      0.00000
      3.24085      9.68983      0.00000      0.00000
      3.25085      7.58044      0.00000      0.00000
      3.26085      5.91298      0.00000      0.00000
      3.27085      6.45626      0.00000      0.00000
      3.28085      7.49177      0.00000      0.00000
      3.29085      7.65911      0.00000      0.00000
      3.30085      7.55618      0.00000      0.00000
      3.31085      8.40141      0.00000      0.00000
      3.32085      9.47981      0.00000      0.00000
      3.33085      7.45518      0.00000      0.00000
      3.34085      4.94416      0.00000      0.00000
      3.35085      5.85656      0.00000      0.00000
      3.36085      7.41641      0.00000      0.00000
      3.37085      6.72477      0.00000      0.00000
      3.38085      5.37209      0.00000      0.00000
      3.39085      5.08677      0.00000      0.00000
      3.40085      5.58358      0.00000      0.00000
      3.41085      5.09592      0.00000      0.00000
      3.42085      4.33325      0.00000      0.00000
      3.43085      4.87837      0.00000      0.00000
      3.44085      6.30218      0.00000      0.00000
      3.45085      7.52019      0.00000      0.00000
      3.46085      7.31819      0.00000      0.00000
      3.47085      6.84934      0.00000      0.00000
      3.48085      6.80742      0.00000      0.00000
      3.49085      6.21830      0.00000      0.00000
      3.50085      4.95002      0.00000      0.00000
      3.51085      4.08701      0.00000      0.00000
      3.52085      4.47943      0.00000      0.00000
      3.53085      5.41025      0.00000      0.00000
      3.54085      5.62503      0.00000      0.00000
      3.55085      5.35762      0.00000      0.00000
      3.56085      5.21578      0.00000      0.00000
      3.57085      4.76644      0.00000      0.00000
      3.58085      4.45027      0.00000      0.00000
      3.59085      5.09972      0.00000      0.00000
      3.60085      5.70707      0.00000      0.00000
      3.61085      6.49498      0.00000      0.00000
      3.62085      7.25422      0.00000      0.00000
      3.63085      5.77360      0.00000      0.00000
      3.64085      3.44439      0.00000      0.00000
      3.65085      2.80155      0.00000      0.00000
      3.66085      3.39529      0.00000      0.00000
      3.67085      4.03627      0.00000      0.00000
      3.68085      4.78975      0.00000      0.00000
      3.69085      5.37025      0.00000      0.00000
      3.70085      5.25526      0.00000      0.00000
      3.71085      4.97769      0.00000      0.00000
      3.72085      4.19418      0.00000      0.00000
      3.73085      3.79686      0.00000      0.00000
      3.74085      4.72448      0.00000      0.00000
      3.75085      5.64285      0.00000      0.00000
      3.76085      5.67554      0.00000      0.00000
      3.77085      4.98914      0.00000      0.00000
      3.78085      4.40665      0.00000      0.00000
      3.79085      4.62676      0.00000      0.00000
      3.80085      4.77302      0.00000      0.00000
      3.81085      3.60307      0.00000      0.00000
      3.82085      2.25785      0.00000      0.00000
      3.83085      2.12073      0.00000      0.00000
      3.84085      2.75189      0.00000      0.00000
      3.85085      3.54936      0.00000      0.00000
      3.86085      4.48477      0.00000      0.00000
      3.87085      4.87089      0.00000      0.00000
      3.88085      3.90917      0.00000      0.00000
      3.89085      3.05791      0.00000      0.00000
      3.90085      3.01483      0.00000      0.00000
      3.91085      3.26038      0.00000      0.00000
      3.92085      3.89167      0.00000      0.00000
      3.93085      4.36654      0.00000      0.00000
      3.94085      3.88908      0.00000      0.00000
      3.95085      2.81100      0.00000      0.00000
      3.96085      2.02632      0.00000      0.00000
      3.97085      2.29242      0.00000      0.00000
      3.98085      3.29332      0.00000      0.00000
      3.99085      4.20424      0.00000      0.00000
      4.00085      4.26240      0.00000      0.00000
      4.01085      3.49579      0.00000      0.00000
      4.02085      2.90299      0.00000      0.00000
      4.03085      2.56666      0.00000      0.00000
      4.04085      2.59171      0.00000      0.00000
      4.05085      2.76467      0.00000      0.00000
      4.06085      3.08585      0.00000      0.00000
      4.07085      3.51840      0.00000      0.00000
      4.08085      3.18271      0.00000      0.00000
      4.09085      2.75684      0.00000      0.00000
      4.10085      2.91624      0.00000      0.00000
      4.11085      2.78961      0.00000      0.00000
      4.12085      2.42890      0.00000      0.00000
      4.13085      2.84584      0.00000      0.00000
      4.14085      4.19187      0.00000      0.00000
      4.15085      5.13419      0.00000      0.00000
      4.16085      4.24048      0.00000      0.00000
      4.17085      2.80176      0.00000      0.00000
      4.18085      2.21412      0.00000      0.00000
      4.19085      2.01228      0.00000      0.00000
      4.20085      2.02788      0.00000      0.00000
      4.21085      3.21537      0.00000      0.00000
      4.22085      4.83844      0.00000      0.00000
      4.23085      4.98442      0.00000      0.00000
      4.24085      3.96508      0.00000      0.00000
      4.25085      3.09929      0.00000      0.00000
      4.26085      2.62519      0.00000      0.00000
      4.27085      2.16149      0.00000      0.00000
      4.28085      2.04015      0.00000      0.00000
      4.29085      2.14896      0.00000      0.00000
      4.30085      2.52100      0.00000      0.00000
      4.31085      3.51842      0.00000      0.00000
      4.32085      4.14932      0.00000      0.00000
      4.33085      3.24791      0.00000      0.00000
      4.34085      1.93894      0.00000      0.00000
      4.35085      1.20063      0.00000      0.00000
      4.36085      0.93311      0.00000      0.00000
      4.37085      1.22609      0.00000      0.00000
      4.38085      1.87978      0.00000      0.00000
      4.39085      1.95462      0.00000      0.00000
      4.40085      1.65412      0.00000      0.00000
      4.41085      1.45835      0.00000      0.00000
      4.42085      1.15923      0.00000      0.00000
      4.43085      0.65828      0.00000      0.00000
      4.44085      0.38227      0.00000      0.00000
      4.45085      0.87082      0.00000      0.00000
      4.46085      1.80683      0.00000      0.00000
      4.47085      2.65232      0.00000      0.00000
      4.48085      3.18871      0.00000      0.00000
      4.49085      2.56857      0.00000      0.00000
      4.50085      1.26277      0.00000      0.00000
      4.51085      0.53938      0.00000      0.00000
      4.52085      0.66508      0.00000      0.00000
      4.53085      1.01751      0.00000      0.00000
      4.54085      1.31081      0.00000      0.00000
      4.55085      1.88258      0.00000      0.00000
      4.56085      1.95823      0.00000      0.00000
      4.57085      1.20199      0.00000      0.00000
      4.58085      0.80500      0.00000      0.00000
      4.59085      1.41641      0.00000      0.00000
      4.60085      2.35419      0.00000      0.00000
      4.61085      3.43349      0.00000      0.00000
      4.62085      4.21703      0.00000      0.00000
      4.63085      3.47706      0.00000      0.00000
      4.64085      2.70730      0.00000      0.00000
      4.65085      2.57152      0.00000      0.00000
      4.66085      2.25956      0.00000      0.00000
      4.67085      2.16755      0.00000      0.00000
      4.68085      2.67971      0.00000      0.00000
      4.69085      3.10941      0.00000      0.00000
      4.70085      3.10026      0.00000      0.00000
      4.71085      3.56963      0.00000      0.00000
      4.72085      4.13166      0.00000      0.00000
      4.73085      4.25875      0.00000      0.00000
      4.74085      4.10931      0.00000      0.00000
      4.75085      4.17027      0.00000      0.00000
      4.76085      4.65973      0.00000      0.00000
      4.77085      4.69810      0.00000      0.00000
      4.78085      3.95651      0.00000      0.00000
      4.79085      4.02789      0.00000      0.00000
      4.80085      5.54054      0.00000      0.00000
      4.81085      6.65469      0.00000      0.00000
      4.82085      7.02809      0.00000      0.00000
      4.83085      7.57010      0.00000      0.00000
      4.84085      8.40987      0.00000      0.00000
      4.85085      8.20250      0.00000      0.00000
      4.86085      7.61549      0.00000      0.00000
      4.87085      8.03516      0.00000      0.00000
      4.88085      8.41697      0.00000      0.00000
      4.89085      8.45822      0.00000      0.00000
      4.90085      8.81299      0.00000      0.00000
      4.91085      9.15628      0.00000      0.00000
      4.92085      8.58029      0.00000      0.00000
      4.93085      7.63216      0.00000      0.00000
      4.94085      6.90977      0.00000      0.00000
      4.95085      6.57126      0.00000      0.00000
      4.96085      6.20016      0.00000      0.00000
      4.97085      6.17077      0.00000      0.00000
      4.98085      6.60625      0.00000      0.00000
      4.99085      6.69219      0.00000      0.00000
      5.00085      6.57421      0.00000      0.00000
      5.01085      5.91673      0.00000      0.00000
      5.02085      5.23910      0.00000      0.00000
      5.03085      4.86162      0.00000      0.00000
      5.04085      3.75066      0.00000      0.00000
      5.05085      2.83933      0.00000      0.00000
      5.06085      2.86028      0.00000      0.00000
      5.07085      2.47449      0.00000      0.00000
      5.08085      2.23902      0.00000      0.00000
      5.09085      3.02753      0.00000      0.00000
      5.10085      3.80947      0.00000      0.00000
      5.11085      3.59036      0.00000      0.00000
      5.12085      2.75024      0.00000      0.00000
      5.13085      2.03816      0.00000      0.00000
      5.14085      1.82888      0.00000      0.00000
      5.15085      2.07014      0.00000      0.00000
      5.16085      2.58597      0.00000      0.00000
      5.17085      2.84867      0.00000      0.00000
      5.18085      3.02989      0.00000      0.00000
      5.19085      2.75917      0.00000      0.00000
      5.20085      1.99771      0.00000      0.00000
      5.21085      2.09996      0.00000      0.00000
      5.22085      2.49235      0.00000      0.00000
      5.23085      2.32145      0.00000      0.00000
      5.24085      2.24996      0.00000      0.00000
      5.25085      2.08762      0.00000      0.00000
      5.26085      1.80441      0.00000      0.00000
      5.27085      1.78749      0.00000      0.00000
      5.28085      1.93730      0.00000      0.00000
      5.29085      1.71179      0.00000      0.00000
      5.30085      1.66486      0.00000      0.00000
      5.31085      1.88304      0.00000      0.00000
      5.32085      1.97976      0.00000      0.00000
      5.33085      2.32110      0.00000      0.00000
      5.34085      2.69864      0.00000      0.00000
      5.35085      2.68007      0.00000      0.00000
      5.36085      2.11800      0.00000      0.00000
      5.37085      1.34011      0.00000      0.00000
      5.38085      1.09646      0.00000      0.00000
      5.39085      1.14685      0.00000      0.00000
      5.40085      1.01134      0.00000      0.00000
      5.41085      0.76534      0.00000      0.00000
      5.42085      0.63253      0.00000      0.00000
      5.43085      1.26256      0.00000      0.00000
      5.44085      2.33969      0.00000      0.00000
      5.45085      2.56115      0.00000      0.00000
      5.46085      2.13782      0.00000      0.00000
      5.47085      1.72670      0.00000      0.00000
      5.48085      1.54267      0.00000      0.00000
      5.49085      1.87627      0.00000      0.00000
      5.50085      1.99107      0.00000      0.00000
      5.51085      1.38377      0.00000      0.00000
      5.52085      0.82616      0.00000      0.00000
      5.53085      0.73645      0.00000      0.00000
      5.54085      0.99995      0.00000      0.00000
      5.55085      1.25864      0.00000      0.00000
      5.56085      1.26196      0.00000      0.00000
      5.57085      1.41505      0.00000      0.00000
      5.58085      1.75478      0.00000      0.00000
      5.59085      2.23228      0.00000      0.00000
      5.60085      2.18741      0.00000      0.00000
      5.61085      1.76646      0.00000      0.00000
      5.62085      1.53072      0.00000      0.00000
      5.63085      1.14827      0.00000      0.00000
      5.64085      0.98142      0.00000      0.00000
      5.65085      0.92504      0.00000      0.00000
      5.66085      0.63257      0.00000      0.00000
      5.67085      0.54746      0.00000      0.00000
      5.68085      0.84418      0.00000      0.00000
      5.69085      1.15751      0.00000      0.00000
      5.70085      0.98601      0.00000      0.00000
      5.71085      0.64686      0.00000      0.00000
      5.72085      0.64928      0.00000      0.00000
      5.73085      1.20708      0.00000      0.00000
      5.74085      1.97968      0.00000      0.00000
      5.75085      2.14603      0.00000      0.00000
      5.76085      1.90710      0.00000      0.00000
      5.77085      1.62860      0.00000      0.00000
      5.78085      1.16869      0.00000      0.00000
      5.79085      1.05894      0.00000      0.00000
      5.80085      1.16619      0.00000      0.00000
      5.81085      1.26955      0.00000      0.00000
      5.82085      1.04112      0.00000      0.00000
      5.83085      0.84171      0.00000      0.00000
      5.84085      0.88828      0.00000      0.00000
      5.85085      0.89703      0.00000      0.00000
      5.86085      0.67773      0.00000      0.00000
      5.87085      0.50922      0.00000      0.00000
      5.88085      1.09389      0.00000      0.00000
      5.89085      2.09543      0.00000      0.00000
      5.90085      2.38833      0.00000      0.00000
      5.91085      1.84264      0.00000      0.00000
      5.92085      1.11469      0.00000      0.00000
      5.93085      0.98925      0.00000      0.00000
      5.94085      1.40053      0.00000      0.00000
      5.95085      1.54900      0.00000      0.00000
      5.96085      1.38057      0.00000      0.00000
      5.97085      1.24245      0.00000      0.00000
      5.98085      1.13686      0.00000      0.00000
      5.99085      1.14625      0.00000      0.00000
      6.00085      0.98859      0.00000      0.00000
      6.01085      0.82766      0.00000      0.00000
      6.02085      0.74026      0.00000      0.00000
      6.03085      0.82476      0.00000      0.00000
      6.04085      1.32260      0.00000      0.00000
      6.05085      1.74808      0.00000      0.00000
      6.06085      2.19994      0.00000      0.00000
      6.07085      2.48870      0.00000      0.00000
      6.08085      1.95324      0.00000      0.00000
      6.09085      1.56090      0.00000      0.00000
      6.10085      1.65204      0.00000      0.00000
      6.11085      1.63896      0.00000      0.00000
      6.12085      1.30923      0.00000      0.00000
      6.13085      0.92443      0.00000      0.00000
      6.14085      0.76624      0.00000      0.00000
      6.15085      1.11224      0.00000      0.00000
      6.16085      1.60304      0.00000      0.00000
      6.17085      1.68719      0.00000      0.00000
      6.18085      1.80308      0.00000      0.00000
      6.19085      2.10729      0.00000      0.00000
      6.20085      1.82419      0.00000      0.00000
      6.21085      1.59905      0.00000      0.00000
      6.22085      1.82788      0.00000      0.00000
      6.23085      1.92414      0.00000      0.00000
      6.24085      1.81206      0.00000      0.00000
      6.25085      1.72161      0.00000      0.00000
      6.26085      1.41643      0.00000      0.00000
      6.27085      1.00918      0.00000      0.00000
      6.28085      1.25190      0.00000      0.00000
      6.29085      1.53927      0.00000      0.00000
      6.30085      1.43258      0.00000      0.00000
      6.31085      1.88435      0.00000      0.00000
      6.32085      2.38393      0.00000      0.00000
      6.33085      2.16834      0.00000      0.00000
      6.34085      1.33762      0.00000      0.00000
      6.35085      0.98090      0.00000      0.00000
      6.36085      1.73495      0.00000      0.00000
      6.37085      2.68726      0.00000      0.00000
      6.38085      3.00878      0.00000      0.00000
      6.39085      2.75402      0.00000      0.00000
      6.40085      2.24490      0.00000      0.00000
      6.41085      1.89810      0.00000      0.00000
      6.42085      2.14282      0.00000      0.00000
      6.43085      1.75111      0.00000      0.00000
      6.44085      0.99727      0.00000      0.00000
      6.45085      1.32208      0.00000      0.00000
      6.46085      1.79633      0.00000      0.00000
      6.47085      1.85488      0.00000      0.00000
      6.48085      2.28750      0.00000      0.00000
      6.49085      2.58896      0.00000      0.00000
      6.50085      2.43517      0.00000      0.00000
      6.51085      2.38989      0.00000      0.00000
      6.52085      2.36207      0.00000      0.00000
      6.53085      1.97282      0.00000      0.00000
      6.54085      1.39515      0.00000      0.00000
      6.55085      1.19327      0.00000      0.00000
      6.56085      1.23385      0.00000      0.00000
      6.57085      1.55922      0.00000      0.00000
      6.58085      2.00940      0.00000      0.00000
      6.59085      2.00502      0.00000      0.00000
      6.60085      1.54718      0.00000      0.00000
      6.61085      1.17191      0.00000      0.00000
      6.62085      1.25543      0.00000      0.00000
      6.63085      1.73575      0.00000      0.00000
      6.64085      1.96815      0.00000      0.00000
      6.65085      1.73032      0.00000      0.00000
      6.66085      1.52249      0.00000      0.00000
      6.67085      1.82205      0.00000      0.00000
      6.68085      2.02092      0.00000      0.00000
      6.69085      1.36595      0.00000      0.00000
      6.70085      0.79077      0.00000      0.00000
      6.71085      0.88329      0.00000      0.00000
      6.72085      1.47359      0.00000      0.00000
      6.73085      2.25864      0.00000      0.00000
      6.74085      2.19135      0.00000      0.00000
      6.75085      1.66420      0.00000      0.00000
      6.76085      1.42258      0.00000      0.00000
      6.77085      1.53211      0.00000      0.00000
      6.78085      2.00821      0.00000      0.00000
      6.79085      2.04858      0.00000      0.00000
      6.80085      1.66003      0.00000      0.00000
      6.81085      1.57663      0.00000      0.00000
      6.82085      1.50693      0.00000      0.00000
      6.83085      1.22160      0.00000      0.00000
      6.84085      1.30997      0.00000      0.00000
      6.85085      1.44137      0.00000      0.00000
      6.86085      1.09850      0.00000      0.00000
      6.87085      0.78425      0.00000      0.00000
      6.88085      1.15906      0.00000      0.00000
      6.89085      2.02757      0.00000      0.00000
      6.90085      2.12880      0.00000      0.00000
      6.91085      1.78418      0.00000      0.00000
      6.92085      2.61626      0.00000      0.00000
      6.93085      3.84039      0.00000      0.00000
      6.94085      3.30116      0.00000      0.00000
      6.95085      1.87159      0.00000      0.00000
      6.96085      1.24949      0.00000      0.00000
      6.97085      1.37453      0.00000      0.00000
      6.98085      1.82993      0.00000      0.00000
      6.99085      2.45452      0.00000      0.00000
      7.00085      2.34697      0.00000      0.00000
      7.01085      1.89874      0.00000      0.00000
