Energy-E_F (eV)    DOS (1/eV)    PDOS (1/eV)  of atom type W  Se 
     -5.43961      1.42363      0.40386      1.01977
     -5.42961      1.93179      0.50080      1.43098
     -5.41961      1.66850      0.41601      1.25249
     -5.40961      0.99463      0.26729      0.72734
     -5.39961      0.74876      0.21464      0.53413
     -5.38961      0.93977      0.24396      0.69581
     -5.37961      0.96098      0.23713      0.72385
     -5.36961      0.64183      0.16556      0.47627
     -5.35961      0.79224      0.21529      0.57695
     -5.34961      1.30408      0.33220      0.97188
     -5.33961      1.69644      0.41344      1.28300
     -5.32961      1.35171      0.34623      1.00548
     -5.31961      0.87670      0.25859      0.61811
     -5.30961      0.80727      0.24315      0.56412
     -5.29961      0.91824      0.24504      0.67320
     -5.28961      0.99814      0.24968      0.74846
     -5.27961      0.64846      0.16401      0.48445
     -5.26961      0.31158      0.08147      0.23011
     -5.25961      0.49709      0.12658      0.37051
     -5.24961      1.09900      0.26658      0.83242
     -5.23961      1.58238      0.38364      1.19874
     -5.22961      1.19628      0.30576      0.89052
     -5.21961      0.70576      0.19878      0.50698
     -5.20961      0.49144      0.14285      0.34859
     -5.19961      0.42280      0.10978      0.31301
     -5.18961      0.76510      0.18724      0.57786
     -5.17961      0.94614      0.24276      0.70339
     -5.16961      0.72920      0.19979      0.52940
     -5.15961      0.66760      0.18910      0.47850
     -5.14961      1.18279      0.32672      0.85608
     -5.13961      2.07727      0.54749      1.52979
     -5.12961      2.36413      0.61278      1.75134
     -5.11961      1.52819      0.41212      1.11607
     -5.10961      0.75504      0.21887      0.53617
     -5.09961      0.65056      0.18466      0.46590
     -5.08961      1.17920      0.31938      0.85982
     -5.07961      1.97928      0.52504      1.45423
     -5.06961      1.85218      0.48647      1.36571
     -5.05961      1.47488      0.38237      1.09250
     -5.04961      2.46199      0.62348      1.83852
     -5.03961      4.70698      1.20787      3.49911
     -5.02961      7.05840      1.84286      5.21553
     -5.01961      8.09737      2.11641      5.98096
     -5.00961      6.85826      1.77992      5.07834
     -4.99961      4.25728      1.10522      3.15206
     -4.98961      2.96814      0.78333      2.18481
     -4.97961      2.63854      0.70223      1.93632
     -4.96961      2.49201      0.66707      1.82494
     -4.95961      3.68845      0.98426      2.70419
     -4.94961      5.34589      1.43422      3.91167
     -4.93961      5.33911      1.46361      3.87550
     -4.92961      3.33194      0.93426      2.39768
     -4.91961      1.73834      0.49542      1.24292
     -4.90961      2.34701      0.66453      1.68248
     -4.89961      3.93792      1.09164      2.84628
     -4.88961      3.98859      1.08742      2.90117
     -4.87961      2.16701      0.58650      1.58051
     -4.86961      0.87316      0.23816      0.63499
     -4.85961      0.80460      0.23929      0.56530
     -4.84961      1.55295      0.45055      1.10240
     -4.83961      2.88617      0.78390      2.10226
     -4.82961      3.44815      0.93548      2.51268
     -4.81961      2.49751      0.71676      1.78075
     -4.80961      1.44209      0.44214      0.99996
     -4.79961      1.13024      0.32835      0.80189
     -4.78961      1.31617      0.35504      0.96113
     -4.77961      1.84418      0.51212      1.33205
     -4.76961      2.80377      0.79432      2.00944
     -4.75961      3.29088      0.93632      2.35456
     -4.74961      2.69130      0.78436      1.90693
     -4.73961      1.93063      0.58542      1.34521
     -4.72961      1.79956      0.54721      1.25234
     -4.71961      1.93210      0.55729      1.37481
     -4.70961      1.65733      0.45860      1.19873
     -4.69961      1.56577      0.44673      1.11904
     -4.68961      2.02557      0.59119      1.43438
     -4.67961      2.19162      0.63681      1.55481
     -4.66961      2.05320      0.58256      1.47064
     -4.65961      1.85122      0.51489      1.33633
     -4.64961      2.20626      0.62957      1.57668
     -4.63961      3.31507      0.95218      2.36289
     -4.62961      3.30627      0.93923      2.36704
     -4.61961      2.09118      0.59088      1.50031
     -4.60961      1.29861      0.37738      0.92123
     -4.59961      1.17436      0.34485      0.82950
     -4.58961      1.44485      0.42887      1.01598
     -4.57961      2.11814      0.62239      1.49575
     -4.56961      2.33110      0.66928      1.66182
     -4.55961      2.30520      0.67829      1.62691
     -4.54961      2.49057      0.78392      1.70665
     -4.53961      3.15006      1.05895      2.09111
     -4.52961      4.47637      1.50044      2.97593
     -4.51961      4.75109      1.55448      3.19661
     -4.50961      3.70540      1.21147      2.49393
     -4.49961      3.24117      1.06229      2.17888
     -4.48961      3.22683      1.03892      2.18791
     -4.47961      2.47787      0.77989      1.69797
     -4.46961      1.69780      0.54056      1.15725
     -4.45961      1.91098      0.63817      1.27281
     -4.44961      2.27221      0.76345      1.50876
     -4.43961      2.05936      0.67330      1.38606
     -4.42961      1.88237      0.61280      1.26957
     -4.41961      1.97502      0.64416      1.33086
     -4.40961      1.95098      0.63062      1.32035
     -4.39961      1.55271      0.50368      1.04903
     -4.38961      1.09322      0.36297      0.73025
     -4.37961      1.24582      0.42178      0.82404
     -4.36961      1.88036      0.61493      1.26543
     -4.35961      2.46387      0.79703      1.66684
     -4.34961      2.20434      0.72031      1.48403
     -4.33961      1.46563      0.48756      0.97807
     -4.32961      1.18905      0.41314      0.77590
     -4.31961      1.03601      0.37264      0.66337
     -4.30961      0.83254      0.27964      0.55291
     -4.29961      0.86237      0.25891      0.60346
     -4.28961      1.18251      0.35626      0.82625
     -4.27961      1.66114      0.54094      1.12021
     -4.26961      1.74850      0.60588      1.14262
     -4.25961      1.38053      0.47123      0.90930
     -4.24961      1.17734      0.38139      0.79596
     -4.23961      1.52310      0.50011      1.02299
     -4.22961      1.93577      0.63992      1.29585
     -4.21961      2.06515      0.68795      1.37720
     -4.20961      1.85280      0.62902      1.22378
     -4.19961      1.34491      0.46598      0.87893
     -4.18961      0.98502      0.33866      0.64636
     -4.17961      1.14832      0.39497      0.75335
     -4.16961      1.08938      0.37467      0.71471
     -4.15961      0.68337      0.22247      0.46090
     -4.14961      0.35543      0.10799      0.24744
     -4.13961      0.15665      0.04597      0.11068
     -4.12961      0.23130      0.06673      0.16457
     -4.11961      0.49982      0.15092      0.34890
     -4.10961      1.01139      0.33482      0.67656
     -4.09961      1.74904      0.60576      1.14328
     -4.08961      1.64971      0.56623      1.08347
     -4.07961      0.92631      0.27393      0.65238
     -4.06961      0.92173      0.19890      0.72283
     -4.05961      1.51051      0.33890      1.17161
     -4.04961      1.84977      0.46346      1.38631
     -4.03961      1.97218      0.51205      1.46013
     -4.02961      2.53914      0.64309      1.89605
     -4.01961      3.08687      0.76468      2.32219
     -4.00961      3.15043      0.73588      2.41456
     -3.99961      2.84355      0.65118      2.19238
     -3.98961      2.63782      0.64523      1.99259
     -3.97961      2.88226      0.76131      2.12095
     -3.96961      2.83908      0.79986      2.03922
     -3.95961      2.69629      0.81527      1.88103
     -3.94961      3.32294      0.95312      2.36982
     -3.93961      3.56747      0.93187      2.63560
     -3.92961      2.62887      0.66784      1.96103
     -3.91961      2.11441      0.56955      1.54487
     -3.90961      2.44066      0.70077      1.73989
     -3.89961      2.46620      0.70752      1.75868
     -3.88961      2.27672      0.63057      1.64614
     -3.87961      2.51178      0.71204      1.79974
     -3.86961      2.55384      0.72405      1.82979
     -3.85961      2.40575      0.70233      1.70342
     -3.84961      2.72179      0.85007      1.87172
     -3.83961      2.84830      0.90635      1.94195
     -3.82961      2.57819      0.80231      1.77588
     -3.81961      2.19344      0.63971      1.55372
     -3.80961      2.65847      0.64684      2.01164
     -3.79961      4.13187      0.81277      3.31910
     -3.78961      5.04676      0.91062      4.13614
     -3.77961      4.49436      0.86651      3.62785
     -3.76961      3.25641      0.72100      2.53540
     -3.75961      2.99793      0.77417      2.22376
     -3.74961      3.33251      0.91039      2.42212
     -3.73961      2.89685      0.75961      2.13724
     -3.72961      2.20428      0.56431      1.63997
     -3.71961      2.43094      0.73691      1.69403
     -3.70961      2.97095      0.99115      1.97980
     -3.69961      2.92768      0.99266      1.93502
     -3.68961      3.03164      1.02159      2.01006
     -3.67961      2.88552      0.96749      1.91803
     -3.66961      1.94111      0.63653      1.30458
     -3.65961      1.34281      0.43987      0.90294
     -3.64961      1.73784      0.58203      1.15581
     -3.63961      2.60616      0.90098      1.70518
     -3.62961      2.61138      0.94956      1.66182
     -3.61961      1.72336      0.63509      1.08827
     -3.60961      1.04394      0.36943      0.67451
     -3.59961      0.90219      0.30608      0.59612
     -3.58961      1.17248      0.38838      0.78409
     -3.57961      2.35291      0.79092      1.56198
     -3.56961      4.12263      1.39111      2.73152
     -3.55961      4.40302      1.49463      2.90838
     -3.54961      3.24074      1.09584      2.14490
     -3.53961      2.13757      0.68320      1.45437
     -3.52961      1.87892      0.58057      1.29835
     -3.51961      2.10462      0.70496      1.39966
     -3.50961      1.86370      0.68571      1.17799
     -3.49961      1.51323      0.56061      0.95262
     -3.48961      1.45382      0.49691      0.95691
     -3.47961      1.56335      0.55730      1.00605
     -3.46961      2.04631      0.80087      1.24544
     -3.45961      2.39403      0.94428      1.44975
     -3.44961      2.37876      0.89977      1.47899
     -3.43961      2.37075      0.88643      1.48432
     -3.42961      2.49554      0.98876      1.50679
     -3.41961      2.41885      1.00047      1.41838
     -3.40961      2.06666      0.87297      1.19369
     -3.39961      1.81932      0.74306      1.07627
     -3.38961      2.02979      0.74888      1.28091
     -3.37961      2.92493      1.04939      1.87554
     -3.36961      2.67229      0.99229      1.68000
     -3.35961      1.82017      0.69365      1.12653
     -3.34961      1.68841      0.66055      1.02785
     -3.33961      1.91223      0.81113      1.10109
     -3.32961      2.33296      1.02882      1.30414
     -3.31961      2.53035      1.10299      1.42735
     -3.30961      2.58352      1.06877      1.51475
     -3.29961      2.79080      1.11037      1.68044
     -3.28961      2.84842      1.16412      1.68430
     -3.27961      1.93573      0.82378      1.11196
     -3.26961      1.08324      0.47511      0.60814
     -3.25961      1.21277      0.53160      0.68117
     -3.24961      1.67660      0.74204      0.93456
     -3.23961      1.64625      0.74162      0.90463
     -3.22961      1.38410      0.60608      0.77802
     -3.21961      1.23213      0.49580      0.73633
     -3.20961      1.34240      0.53088      0.81152
     -3.19961      1.58096      0.61495      0.96601
     -3.18961      1.76235      0.64897      1.11339
     -3.17961      2.11811      0.73941      1.37870
     -3.16961      2.20642      0.73383      1.47259
     -3.15961      2.12756      0.69642      1.43114
     -3.14961      2.00064      0.68475      1.31588
     -3.13961      2.19289      0.81570      1.37719
     -3.12961      2.24993      0.84548      1.40444
     -3.11961      1.87641      0.71699      1.15942
     -3.10961      1.53646      0.57736      0.95909
     -3.09961      1.34194      0.46929      0.87265
     -3.08961      1.54520      0.59423      0.95097
     -3.07961      1.91918      0.75521      1.16397
     -3.06961      2.00334      0.71840      1.28495
     -3.05961      1.85040      0.62408      1.22632
     -3.04961      1.37483      0.47069      0.90413
     -3.03961      0.96112      0.34124      0.61988
     -3.02961      1.19599      0.41795      0.77804
     -3.01961      1.68283      0.58827      1.09456
     -3.00961      1.94898      0.71279      1.23619
     -2.99961      1.86367      0.70327      1.16040
     -2.98961      1.76387      0.61444      1.14943
     -2.97961      1.99557      0.63465      1.36092
     -2.96961      2.02437      0.66631      1.35806
     -2.95961      1.77941      0.58936      1.19005
     -2.94961      1.73553      0.58599      1.14954
     -2.93961      1.33525      0.47717      0.85808
     -2.92961      0.85603      0.29209      0.56394
     -2.91961      0.98900      0.32642      0.66258
     -2.90961      1.76580      0.58362      1.18218
     -2.89961      2.16370      0.73597      1.42773
     -2.88961      1.91305      0.68849      1.22456
     -2.87961      1.61526      0.54450      1.07076
     -2.86961      1.40534      0.42350      0.98184
     -2.85961      1.10539      0.28643      0.81896
     -2.84961      0.86939      0.19363      0.67576
     -2.83961      1.20985      0.37555      0.83430
     -2.82961      1.81329      0.65734      1.15595
     -2.81961      1.45161      0.54948      0.90213
     -2.80961      0.92458      0.36193      0.56264
     -2.79961      1.07190      0.43693      0.63497
     -2.78961      1.18541      0.46493      0.72048
     -2.77961      1.41146      0.43414      0.97732
     -2.76961      1.64387      0.42915      1.21472
     -2.75961      1.38893      0.36864      1.02029
     -2.74961      1.37510      0.42379      0.95132
     -2.73961      1.50100      0.51362      0.98737
     -2.72961      1.56043      0.57994      0.98048
     -2.71961      2.19449      0.83866      1.35582
     -2.70961      2.12251      0.81241      1.31010
     -2.69961      1.41045      0.54009      0.87036
     -2.68961      1.20287      0.41868      0.78419
     -2.67961      1.39382      0.46344      0.93038
     -2.66961      1.85956      0.60299      1.25657
     -2.65961      2.13655      0.67595      1.46060
     -2.64961      2.34140      0.75897      1.58243
     -2.63961      2.43708      0.83082      1.60626
     -2.62961      2.22204      0.77587      1.44617
     -2.61961      2.04013      0.64659      1.39354
     -2.60961      2.48158      0.69005      1.79153
     -2.59961      2.78337      0.72007      2.06331
     -2.58961      3.03901      0.72939      2.30962
     -2.57961      4.79317      1.08073      3.71243
     -2.56961      7.00344      1.58399      5.41945
     -2.55961      7.52674      1.70763      5.81911
     -2.54961      7.01350      1.59464      5.41886
     -2.53961      6.62071      1.53889      5.08182
     -2.52961      6.23442      1.44878      4.78564
     -2.51961      5.01034      1.14730      3.86304
     -2.50961      3.62580      0.78639      2.83941
     -2.49961      3.40409      0.74577      2.65832
     -2.48961      3.68068      0.90549      2.77518
     -2.47961      3.69915      0.98089      2.71826
     -2.46961      3.58758      0.96329      2.62429
     -2.45961      3.29845      0.93243      2.36602
     -2.44961      2.98434      0.90015      2.08419
     -2.43961      3.43620      0.97007      2.46613
     -2.42961      4.37662      1.14639      3.23024
     -2.41961      4.50130      1.22725      3.27405
     -2.40961      3.47819      1.01364      2.46455
     -2.39961      2.67130      0.82809      1.84321
     -2.38961      3.28623      0.94197      2.34426
     -2.37961      4.40331      1.18831      3.21500
     -2.36961      4.67904      1.33016      3.34888
     -2.35961      4.19803      1.22219      2.97584
     -2.34961      3.99026      1.13279      2.85747
     -2.33961      4.16810      1.18068      2.98741
     -2.32961      3.46099      0.95765      2.50333
     -2.31961      2.29520      0.63114      1.66406
     -2.30961      2.54851      0.79992      1.74859
     -2.29961      3.74345      1.14821      2.59523
     -2.28961      3.72052      1.07794      2.64259
     -2.27961      2.48133      0.76079      1.72054
     -2.26961      1.98142      0.68122      1.30020
     -2.25961      2.51531      0.87836      1.63695
     -2.24961      3.02506      0.98289      2.04216
     -2.23961      3.54433      1.03640      2.50793
     -2.22961      3.88620      1.12741      2.75879
     -2.21961      3.45120      1.00941      2.44179
     -2.20961      3.02688      0.91115      2.11573
     -2.19961      2.88372      0.92924      1.95447
     -2.18961      3.34978      1.04014      2.30963
     -2.17961      3.91997      1.07258      2.84739
     -2.16961      3.75647      1.02310      2.73337
     -2.15961      3.21799      1.05998      2.15801
     -2.14961      2.76169      0.99472      1.76696
     -2.13961      2.42805      0.84920      1.57885
     -2.12961      2.54934      0.88404      1.66530
     -2.11961      3.26003      1.05202      2.20802
     -2.10961      4.23468      1.33589      2.89880
     -2.09961      4.56730      1.49578      3.07152
     -2.08961      4.45623      1.41539      3.04084
     -2.07961      3.81870      1.19256      2.62614
     -2.06961      2.71269      0.90915      1.80354
     -2.05961      2.40450      0.82477      1.57974
     -2.04961      3.03924      1.00485      2.03439
     -2.03961      3.72655      1.21146      2.51509
     -2.02961      3.86477      1.24966      2.61512
     -2.01961      3.85407      1.21216      2.64191
     -2.00961      3.73179      1.14757      2.58423
     -1.99961      3.47363      1.03915      2.43448
     -1.98961      3.32832      0.96336      2.36496
     -1.97961      3.34497      0.96560      2.37937
     -1.96961      3.32682      0.93235      2.39447
     -1.95961      3.29722      0.85521      2.44201
     -1.94961      3.17847      0.74888      2.42958
     -1.93961      2.26251      0.47740      1.78511
     -1.92961      1.12422      0.27539      0.84883
     -1.91961      1.03859      0.36935      0.66924
     -1.90961      1.69943      0.51012      1.18931
     -1.89961      2.12140      0.49581      1.62559
     -1.88961      2.11744      0.46657      1.65087
     -1.87961      2.28652      0.61675      1.66977
     -1.86961      2.26128      0.65639      1.60489
     -1.85961      2.15227      0.66789      1.48438
     -1.84961      2.60904      0.86669      1.74235
     -1.83961      3.08504      0.94132      2.14372
     -1.82961      3.15019      0.86997      2.28023
     -1.81961      2.83712      0.67418      2.16294
     -1.80961      2.20147      0.42247      1.77901
     -1.79961      1.74268      0.36196      1.38072
     -1.78961      1.55032      0.36961      1.18070
     -1.77961      1.51432      0.34234      1.17198
     -1.76961      1.71278      0.37750      1.33528
     -1.75961      2.06519      0.53575      1.52943
     -1.74961      2.77363      0.83321      1.94042
     -1.73961      3.04320      0.98134      2.06185
     -1.72961      2.39786      0.74437      1.65349
     -1.71961      1.76181      0.43416      1.32765
     -1.70961      1.79728      0.32994      1.46733
     -1.69961      1.94224      0.33154      1.61070
     -1.68961      1.78431      0.38804      1.39627
     -1.67961      2.01115      0.54779      1.46337
     -1.66961      2.34195      0.63369      1.70826
     -1.65961      2.80177      0.77251      2.02926
     -1.64961      3.14511      0.89022      2.25490
     -1.63961      2.60438      0.70892      1.89546
     -1.62961      1.97376      0.50742      1.46634
     -1.61961      1.74380      0.35564      1.38816
     -1.60961      1.79213      0.30592      1.48621
     -1.59961      1.67900      0.34192      1.33708
     -1.58961      1.45062      0.39734      1.05328
     -1.57961      1.52713      0.47242      1.05472
     -1.56961      1.49113      0.42966      1.06147
     -1.55961      1.51511      0.38651      1.12860
     -1.54961      1.97573      0.46922      1.50650
     -1.53961      2.32743      0.55110      1.77633
     -1.52961      2.05551      0.54491      1.51060
     -1.51961      1.85366      0.62142      1.23224
     -1.50961      2.09643      0.73350      1.36293
     -1.49961      1.94771      0.61933      1.32838
     -1.48961      1.59680      0.47696      1.11984
     -1.47961      1.57609      0.47819      1.09790
     -1.46961      1.72654      0.58396      1.14258
     -1.45961      1.64533      0.62344      1.02189
     -1.44961      1.37891      0.52834      0.85057
     -1.43961      1.34255      0.50915      0.83340
     -1.42961      1.44644      0.58390      0.86255
     -1.41961      1.49666      0.64489      0.85177
     -1.40961      1.32491      0.57831      0.74659
     -1.39961      1.16386      0.50014      0.66372
     -1.38961      1.20104      0.51992      0.68113
     -1.37961      1.28812      0.53921      0.74891
     -1.36961      1.34487      0.50673      0.83814
     -1.35961      1.18511      0.37430      0.81081
     -1.34961      0.79451      0.21278      0.58174
     -1.33961      0.35616      0.09815      0.25801
     -1.32961      0.25031      0.10412      0.14619
     -1.31961      0.35097      0.16206      0.18892
     -1.30961      0.33539      0.17161      0.16378
     -1.29961      0.35628      0.18944      0.16684
     -1.28961      0.48026      0.22476      0.25550
     -1.27961      0.70215      0.32829      0.37387
     -1.26961      1.02281      0.53568      0.48712
     -1.25961      1.05069      0.60031      0.45037
     -1.24961      0.95247      0.57287      0.37960
     -1.23961      0.78510      0.46725      0.31784
     -1.22961      0.45706      0.25843      0.19863
     -1.21961      0.53621      0.30924      0.22697
     -1.20961      0.79410      0.49316      0.30094
     -1.19961      0.88003      0.55172      0.32831
     -1.18961      1.02411      0.60621      0.41790
     -1.17961      0.98447      0.58283      0.40164
     -1.16961      0.86454      0.52124      0.34331
     -1.15961      1.00040      0.58095      0.41946
     -1.14961      0.81657      0.45565      0.36092
     -1.13961      0.63253      0.35306      0.27947
     -1.12961      1.03037      0.59860      0.43177
     -1.11961      1.56541      0.94458      0.62083
     -1.10961      1.92976      1.18047      0.74929
     -1.09961      1.96839      1.19399      0.77440
     -1.08961      1.63661      0.97261      0.66400
     -1.07961      1.34697      0.76763      0.57934
     -1.06961      1.27760      0.73293      0.54467
     -1.05961      1.33134      0.81390      0.51744
     -1.04961      1.36801      0.85434      0.51368
     -1.03961      1.36472      0.82495      0.53977
     -1.02961      1.19120      0.72691      0.46429
     -1.01961      0.98777      0.62711      0.36066
     -1.00961      1.57722      1.00919      0.56803
     -0.99961      2.37348      1.52490      0.84859
     -0.98961      2.35626      1.52031      0.83595
     -0.97961      2.14609      1.34477      0.80133
     -0.96961      1.85131      1.14330      0.70801
     -0.95961      1.78203      1.16362      0.61841
     -0.94961      1.86399      1.23721      0.62678
     -0.93961      1.82303      1.19034      0.63269
     -0.92961      2.19649      1.43089      0.76560
     -0.91961      2.78413      1.81444      0.96969
     -0.90961      3.07408      2.00713      1.06694
     -0.89961      3.26834      2.12666      1.14168
     -0.88961      3.25847      2.15609      1.10238
     -0.87961      3.34132      2.31454      1.02677
     -0.86961      3.96047      2.79795      1.16252
     -0.85961      4.37556      3.07665      1.29891
     -0.84961      3.92866      2.76301      1.16565
     -0.83961      3.32130      2.31132      1.00998
     -0.82961      3.51798      2.36294      1.15504
     -0.81961      3.45438      2.29659      1.15778
     -0.80961      3.27164      2.23850      1.03314
     -0.79961      3.17942      2.20370      0.97572
     -0.78961      2.49916      1.70390      0.79526
     -0.77961      2.39553      1.60598      0.78955
     -0.76961      3.00396      2.00588      0.99808
     -0.75961      3.11663      2.02967      1.08697
     -0.74961      2.76998      1.79861      0.97137
     -0.73961      2.55572      1.74086      0.81486
     -0.72961      2.39910      1.67269      0.72642
     -0.71961      2.24795      1.54341      0.70454
     -0.70961      2.45379      1.66269      0.79111
     -0.69961      2.63069      1.77668      0.85401
     -0.68961      2.29329      1.53760      0.75570
     -0.67961      2.05000      1.39036      0.65964
     -0.66961      2.11375      1.44867      0.66508
     -0.65961      2.05515      1.40522      0.64992
     -0.64961      2.08779      1.41466      0.67313
     -0.63961      2.54875      1.70900      0.83975
     -0.62961      2.76125      1.86695      0.89431
     -0.61961      2.40555      1.67861      0.72694
     -0.60961      1.90922      1.35599      0.55323
     -0.59961      1.76013      1.22063      0.53950
     -0.58961      1.72490      1.17081      0.55409
     -0.57961      1.86078      1.27237      0.58840
     -0.56961      2.35239      1.63424      0.71815
     -0.55961      2.19968      1.53489      0.66479
     -0.54961      1.77979      1.22623      0.55356
     -0.53961      1.84099      1.25816      0.58284
     -0.52961      1.97301      1.36540      0.60761
     -0.51961      2.24478      1.57971      0.66507
     -0.50961      2.68876      1.90541      0.78335
     -0.49961      2.25178      1.59539      0.65639
     -0.48961      1.60427      1.11935      0.48492
     -0.47961      1.74049      1.20223      0.53826
     -0.46961      1.92102      1.32990      0.59112
     -0.45961      2.04133      1.41556      0.62577
     -0.44961      2.48298      1.72767      0.75531
     -0.43961      2.56086      1.77803      0.78283
     -0.42961      2.11182      1.45682      0.65501
     -0.41961      1.46203      1.00823      0.45380
     -0.40961      0.94776      0.66888      0.27888
     -0.39961      0.98541      0.71617      0.26924
     -0.38961      1.22505      0.90350      0.32155
     -0.37961      1.16306      0.87128      0.29178
     -0.36961      0.77630      0.58494      0.19136
     -0.35961      0.53350      0.39316      0.14034
     -0.34961      0.57971      0.42207      0.15764
     -0.33961      0.70859      0.52061      0.18798
     -0.32961      0.66694      0.49465      0.17229
     -0.31961      0.60146      0.45059      0.15087
     -0.30961      0.57010      0.43271      0.13739
     -0.29961      0.51380      0.39046      0.12334
     -0.28961      0.53236      0.40041      0.13195
     -0.27961      0.43268      0.32516      0.10752
     -0.26961      0.45777      0.34800      0.10977
     -0.25961      0.74144      0.56581      0.17563
     -0.24961      0.96741      0.74048      0.22693
     -0.23961      0.97364      0.74691      0.22673
     -0.22961      0.59111      0.45318      0.13793
     -0.21961      0.17400      0.13331      0.04070
     -0.20961      0.13361      0.10299      0.03061
     -0.19961      0.43716      0.33709      0.10007
     -0.18961      0.63265      0.48765      0.14501
     -0.17961      0.42691      0.33002      0.09690
     -0.16961      0.30304      0.23596      0.06707
     -0.15961      0.36322      0.28247      0.08075
     -0.14961      0.39803      0.30896      0.08907
     -0.13961      0.48729      0.37877      0.10852
     -0.12961      0.67836      0.52884      0.14952
     -0.11961      0.63402      0.49617      0.13785
     -0.10961      0.41300      0.32432      0.08868
     -0.09961      0.19034      0.14958      0.04076
     -0.08961      0.18003      0.14124      0.03879
     -0.07961      0.33258      0.26130      0.07128
     -0.06961      0.40256      0.31686      0.08570
     -0.05961      0.33742      0.26588      0.07154
     -0.04961      0.36204      0.28548      0.07657
     -0.03961      0.39068      0.30839      0.08229
     -0.02961      0.38410      0.30369      0.08041
     -0.01961      0.29981      0.23726      0.06255
     -0.00961      0.20698      0.16398      0.04300
      0.00039      0.15051      0.11931      0.03120
      0.01039      0.05659      0.04486      0.01172
      0.02039      0.00819      0.00649      0.00170
      0.03039      0.00044      0.00035      0.00009
      0.04039      0.00001      0.00001      0.00000
      0.05039      0.00000      0.00000      0.00000
      0.06039      0.00000      0.00000      0.00000
      0.07039      0.00000      0.00000      0.00000
      0.08039      0.00000      0.00000      0.00000
      0.09039      0.00000      0.00000      0.00000
      0.10039      0.00000      0.00000      0.00000
      0.11039      0.00000      0.00000      0.00000
      0.12039      0.00000      0.00000      0.00000
      0.13039      0.00000      0.00000      0.00000
      0.14039      0.00000      0.00000      0.00000
      0.15039      0.00000      0.00000      0.00000
      0.16039      0.00000      0.00000      0.00000
      0.17039      0.00000      0.00000      0.00000
      0.18039      0.00000      0.00000      0.00000
      0.19039      0.00000      0.00000      0.00000
      0.20039      0.00000      0.00000      0.00000
      0.21039      0.00000      0.00000      0.00000
      0.22039      0.00000      0.00000      0.00000
      0.23039      0.00000      0.00000      0.00000
      0.24039      0.00000      0.00000      0.00000
      0.25039      0.00000      0.00000      0.00000
      0.26039      0.00000      0.00000      0.00000
      0.27039      0.00000      0.00000      0.00000
      0.28039      0.00000      0.00000      0.00000
      0.29039      0.00000      0.00000      0.00000
      0.30039      0.00000      0.00000      0.00000
      0.31039      0.00000      0.00000      0.00000
      0.32039      0.00000      0.00000      0.00000
      0.33039      0.00000      0.00000      0.00000
      0.34039      0.00000      0.00000      0.00000
      0.35039      0.00000      0.00000      0.00000
      0.36039      0.00000      0.00000      0.00000
      0.37039      0.00000      0.00000      0.00000
      0.38039      0.00000      0.00000      0.00000
      0.39039      0.00000      0.00000      0.00000
      0.40039      0.00000      0.00000      0.00000
      0.41039      0.00000      0.00000      0.00000
      0.42039      0.00000      0.00000      0.00000
      0.43039      0.00000      0.00000      0.00000
      0.44039      0.00000      0.00000      0.00000
      0.45039      0.00000      0.00000      0.00000
      0.46039      0.00000      0.00000      0.00000
      0.47039      0.00000      0.00000      0.00000
      0.48039      0.00000      0.00000      0.00000
      0.49039      0.00000      0.00000      0.00000
      0.50039      0.00000      0.00000      0.00000
      0.51039      0.00000      0.00000      0.00000
      0.52039      0.00000      0.00000      0.00000
      0.53039      0.00000      0.00000      0.00000
      0.54039      0.00000      0.00000      0.00000
      0.55039      0.00000      0.00000      0.00000
      0.56039      0.00000      0.00000      0.00000
      0.57039      0.00000      0.00000      0.00000
      0.58039      0.00000      0.00000      0.00000
      0.59039      0.00000      0.00000      0.00000
      0.60039      0.00000      0.00000      0.00000
      0.61039      0.00000      0.00000      0.00000
      0.62039      0.00000      0.00000      0.00000
      0.63039      0.00000      0.00000      0.00000
      0.64039      0.00000      0.00000      0.00000
      0.65039      0.00000      0.00000      0.00000
      0.66039      0.00000      0.00000      0.00000
      0.67039      0.00000      0.00000      0.00000
      0.68039      0.00000      0.00000      0.00000
      0.69039      0.00000      0.00000      0.00000
      0.70039      0.00000      0.00000      0.00000
      0.71039      0.00000      0.00000      0.00000
      0.72039      0.00000      0.00000      0.00000
      0.73039      0.00000      0.00000      0.00000
      0.74039      0.00000      0.00000      0.00000
      0.75039      0.00000      0.00000      0.00000
      0.76039      0.00000      0.00000      0.00000
      0.77039      0.00000      0.00000      0.00000
      0.78039      0.00000      0.00000      0.00000
      0.79039      0.00000      0.00000      0.00000
      0.80039      0.00000      0.00000      0.00000
      0.81039      0.00000      0.00000      0.00000
      0.82039      0.00000      0.00000      0.00000
      0.83039      0.00000      0.00000      0.00000
      0.84039      0.00000      0.00000      0.00000
      0.85039      0.00000      0.00000      0.00000
      0.86039      0.00000      0.00000      0.00000
      0.87039      0.00000      0.00000      0.00000
      0.88039      0.00000      0.00000      0.00000
      0.89039      0.00000      0.00000      0.00000
      0.90039      0.00000      0.00000      0.00000
      0.91039      0.00000      0.00000      0.00000
      0.92039      0.00000      0.00000      0.00000
      0.93039      0.00000      0.00000      0.00000
      0.94039      0.00000      0.00000      0.00000
      0.95039      0.00000      0.00000      0.00000
      0.96039      0.00000      0.00000      0.00000
      0.97039      0.00000      0.00000      0.00000
      0.98039      0.00000      0.00000      0.00000
      0.99039      0.00000      0.00000      0.00000
      1.00039      0.00000      0.00000      0.00000
      1.01039      0.00000      0.00000      0.00000
      1.02039      0.00000      0.00000      0.00000
      1.03039      0.00000      0.00000      0.00000
      1.04039      0.00000      0.00000      0.00000
      1.05039      0.00000      0.00000      0.00000
      1.06039      0.00000      0.00000      0.00000
      1.07039      0.00000      0.00000      0.00000
      1.08039      0.00000      0.00000      0.00000
      1.09039      0.00000      0.00000      0.00000
      1.10039      0.00000      0.00000      0.00000
      1.11039      0.00000      0.00000      0.00000
      1.12039      0.00000      0.00000      0.00000
      1.13039      0.00000      0.00000      0.00000
      1.14039      0.00000      0.00000      0.00000
      1.15039      0.00000      0.00000      0.00000
      1.16039      0.00000      0.00000      0.00000
      1.17039      0.00000      0.00000      0.00000
      1.18039      0.00000      0.00000      0.00000
      1.19039      0.00000      0.00000      0.00000
      1.20039      0.00000      0.00000      0.00000
      1.21039      0.00000      0.00000      0.00000
      1.22039      0.00000      0.00000      0.00000
      1.23039      0.00000      0.00000      0.00000
      1.24039      0.00000      0.00000      0.00000
      1.25039      0.00000      0.00000      0.00000
      1.26039      0.00000      0.00000      0.00000
      1.27039      0.00000      0.00000      0.00000
      1.28039      0.00000      0.00000      0.00000
      1.29039      0.00000      0.00000      0.00000
      1.30039      0.00000      0.00000      0.00000
      1.31039      0.00000      0.00000      0.00000
      1.32039      0.00000      0.00000      0.00000
      1.33039      0.00000      0.00000      0.00000
      1.34039      0.00000      0.00000      0.00000
      1.35039      0.00000      0.00000      0.00000
      1.36039      0.00000      0.00000      0.00000
      1.37039      0.00000      0.00000      0.00000
      1.38039      0.00000      0.00000      0.00000
      1.39039      0.00000      0.00000      0.00000
      1.40039      0.00000      0.00000      0.00000
      1.41039      0.00000      0.00000      0.00000
      1.42039      0.00000      0.00000      0.00000
      1.43039      0.00000      0.00000      0.00000
      1.44039      0.00000      0.00000      0.00000
      1.45039      0.00000      0.00000      0.00000
      1.46039      0.00000      0.00000      0.00000
      1.47039      0.00000      0.00000      0.00000
      1.48039      0.00000      0.00000      0.00000
      1.49039      0.00000      0.00000      0.00000
      1.50039      0.00000      0.00000      0.00000
      1.51039      0.00000      0.00000      0.00000
      1.52039      0.00000      0.00000      0.00000
      1.53039      0.00000      0.00000      0.00000
      1.54039      0.00000      0.00000      0.00000
      1.55039      0.00000      0.00000      0.00000
      1.56039      0.00000      0.00000      0.00000
      1.57039      0.00000      0.00000      0.00000
      1.58039      0.00000      0.00000      0.00000
      1.59039      0.00000      0.00000      0.00000
      1.60039      0.00000      0.00000      0.00000
      1.61039      0.00000      0.00000      0.00000
      1.62039      0.00000      0.00000      0.00000
      1.63039      0.00000      0.00000      0.00000
      1.64039      0.00000      0.00000      0.00000
      1.65039      0.00000      0.00000      0.00000
      1.66039      0.00000      0.00000      0.00000
      1.67039      0.00000      0.00000      0.00000
      1.68039      0.00000      0.00000      0.00000
      1.69039      0.00000      0.00000      0.00000
      1.70039      0.00000      0.00000      0.00000
      1.71039      0.00000      0.00000      0.00000
      1.72039      0.00000      0.00000      0.00000
      1.73039      0.00000      0.00000      0.00000
      1.74039      0.00000      0.00000      0.00000
      1.75039      0.00000      0.00000      0.00000
      1.76039      0.00000      0.00000      0.00000
      1.77039      0.00000      0.00000      0.00000
      1.78039      0.00000      0.00000      0.00000
      1.79039      0.00000      0.00000      0.00000
      1.80039      0.00000      0.00000      0.00000
      1.81039      0.00000      0.00000      0.00000
      1.82039      0.00000      0.00000      0.00000
      1.83039      0.00000      0.00000      0.00000
      1.84039      0.00000      0.00000      0.00000
      1.85039      0.00000      0.00000      0.00000
      1.86039      0.00000      0.00000      0.00000
      1.87039      0.00000      0.00000      0.00000
      1.88039      0.00000      0.00000      0.00000
      1.89039      0.00000      0.00000      0.00000
      1.90039      0.00000      0.00000      0.00000
      1.91039      0.00000      0.00000      0.00000
      1.92039      0.00000      0.00000      0.00000
      1.93039      0.00000      0.00000      0.00000
      1.94039      0.00000      0.00000      0.00000
      1.95039      0.00000      0.00000      0.00000
      1.96039      0.00000      0.00000      0.00000
      1.97039      0.00000      0.00000      0.00000
      1.98039      0.00000      0.00000      0.00000
      1.99039      0.00000      0.00000      0.00000
      2.00039      0.00000      0.00000      0.00000
      2.01039      0.00000      0.00000      0.00000
      2.02039      0.00000      0.00000      0.00000
      2.03039      0.00000      0.00000      0.00000
      2.04039      0.00000      0.00000      0.00000
      2.05039      0.00000      0.00000      0.00000
      2.06039      0.00000      0.00000      0.00000
      2.07039      0.00000      0.00000      0.00000
      2.08039      0.00000      0.00000      0.00000
      2.09039      0.00000      0.00000      0.00000
      2.10039      0.00000      0.00000      0.00000
      2.11039      0.00000      0.00000      0.00000
      2.12039      0.00000      0.00000      0.00000
      2.13039      0.00000      0.00000      0.00000
      2.14039      0.00000      0.00000      0.00000
      2.15039      0.00000      0.00000      0.00000
      2.16039      0.00000      0.00000      0.00000
      2.17039      0.00000      0.00000      0.00000
      2.18039      0.00000      0.00000      0.00000
      2.19039      0.00000      0.00000      0.00000
      2.20039      0.00000      0.00000      0.00000
      2.21039      0.00000      0.00000      0.00000
      2.22039      0.00003      0.00002      0.00000
      2.23039      0.00100      0.00090      0.00010
      2.24039      0.01456      0.01305      0.00151
      2.25039      0.07812      0.06999      0.00813
      2.26039      0.15908      0.14252      0.01656
      2.27039      0.16951      0.15177      0.01774
      2.28039      0.25194      0.22531      0.02663
      2.29039      0.33458      0.29913      0.03545
      2.30039      0.30090      0.26837      0.03254
      2.31039      0.36832      0.31866      0.04966
      2.32039      0.51332      0.38602      0.12730
      2.33039      0.96900      0.63544      0.33356
      2.34039      1.55840      0.97421      0.58419
      2.35039      1.85564      1.11191      0.74374
      2.36039      1.76190      1.03402      0.72788
      2.37039      1.61441      0.94787      0.66653
      2.38039      1.69693      1.03770      0.65923
      2.39039      1.81351      1.12465      0.68886
      2.40039      2.23803      1.36828      0.86974
      2.41039      2.67602      1.63265      1.04338
      2.42039      2.35122      1.44389      0.90733
      2.43039      1.80640      1.12110      0.68531
      2.44039      1.96211      1.23255      0.72956
      2.45039      2.11454      1.30392      0.81062
      2.46039      1.76047      1.03653      0.72393
      2.47039      1.95404      1.11917      0.83486
      2.48039      2.69542      1.58135      1.11407
      2.49039      2.96150      1.79010      1.17140
      2.50039      2.82801      1.71887      1.10914
      2.51039      2.68569      1.61507      1.07062
      2.52039      2.73141      1.63615      1.09526
      2.53039      2.71088      1.62725      1.08363
      2.54039      2.45966      1.47679      0.98288
      2.55039      2.50707      1.54251      0.96456
      2.56039      3.65506      2.23686      1.41820
      2.57039      5.23172      3.04282      2.18891
      2.58039      4.88422      2.81304      2.07118
      2.59039      3.29747      1.97814      1.31933
      2.60039      2.67109      1.64924      1.02185
      2.61039      2.87435      1.74332      1.13103
      2.62039      3.01813      1.81817      1.19997
      2.63039      3.21023      1.98246      1.22776
      2.64039      3.37788      2.18643      1.19146
      2.65039      3.10807      2.06910      1.03897
      2.66039      2.26585      1.48726      0.77859
      2.67039      2.40065      1.50796      0.89270
      2.68039      3.45933      2.13989      1.31944
      2.69039      3.84010      2.39525      1.44485
      2.70039      3.77694      2.51651      1.26043
      2.71039      3.49822      2.46112      1.03710
      2.72039      2.78207      1.94729      0.83477
      2.73039      2.42068      1.64649      0.77419
      2.74039      2.56752      1.73255      0.83498
      2.75039      2.96562      2.00963      0.95598
      2.76039      3.07637      2.08249      0.99388
      2.77039      2.59143      1.75529      0.83614
      2.78039      2.03148      1.37111      0.66037
      2.79039      2.06960      1.40259      0.66701
      2.80039      2.13153      1.45976      0.67176
      2.81039      1.95792      1.32561      0.63231
      2.82039      1.86024      1.26554      0.59470
      2.83039      2.31787      1.66994      0.64793
      2.84039      2.80488      1.98785      0.81703
      2.85039      2.16621      1.42371      0.74250
      2.86039      1.05968      0.65422      0.40546
      2.87039      0.84300      0.59165      0.25135
      2.88039      1.75602      1.31886      0.43716
      2.89039      2.68223      2.02038      0.66184
      2.90039      2.40582      1.77566      0.63016
      2.91039      1.53605      1.06550      0.47055
      2.92039      1.32399      0.90579      0.41820
      2.93039      1.42894      1.05291      0.37603
      2.94039      2.02356      1.51459      0.50897
      2.95039      2.33803      1.71854      0.61949
      2.96039      1.53351      1.14157      0.39195
      2.97039      0.83206      0.64493      0.18713
      2.98039      0.99998      0.74665      0.25333
      2.99039      2.17110      1.59585      0.57525
      3.00039      3.56493      2.64928      0.91565
      3.01039      3.96413      2.93705      1.02708
      3.02039      3.63732      2.63091      1.00641
      3.03039      3.61983      2.56478      1.05505
      3.04039      3.88858      2.73193      1.15665
      3.05039      4.09990      2.86715      1.23275
      3.06039      4.54949      3.13190      1.41758
      3.07039      5.45478      3.74171      1.71307
      3.08039      6.66777      4.56865      2.09912
      3.09039      7.68508      5.30786      2.37722
      3.10039      6.82799      4.78873      2.03926
      3.11039      5.31469      3.76773      1.54696
      3.12039      5.26725      3.74691      1.52034
      3.13039      5.16973      3.74712      1.42261
      3.14039      4.72242      3.44737      1.27505
      3.15039      4.86677      3.42882      1.43795
      3.16039      4.17167      2.86435      1.30732
      3.17039      2.90774      1.99384      0.91390
      3.18039      2.97561      2.03304      0.94258
      3.19039      3.11662      2.11965      0.99696
      3.20039      2.85613      1.92375      0.93237
      3.21039      2.72022      1.88514      0.83509
      3.22039      2.64100      1.83913      0.80187
      3.23039      2.86511      1.88559      0.97953
      3.24039      4.19837      2.66459      1.53378
      3.25039      5.86452      3.73309      2.13143
      3.26039      5.27816      3.44941      1.82875
      3.27039      3.64605      2.48310      1.16295
      3.28039      3.37410      2.32342      1.05067
      3.29039      3.80429      2.58864      1.21565
      3.30039      4.72795      3.18848      1.53947
      3.31039      5.83333      3.91421      1.91912
      3.32039      5.87537      4.02985      1.84553
      3.33039      5.12148      3.57302      1.54846
      3.34039      4.68217      3.19138      1.49079
      3.35039      5.22128      3.46049      1.76079
      3.36039      6.00728      3.85495      2.15233
      3.37039      6.06957      3.85779      2.21177
      3.38039      4.80225      3.30510      1.49714
      3.39039      3.71770      2.83179      0.88591
      3.40039      3.98374      3.01801      0.96573
      3.41039      4.64840      3.38129      1.26710
      3.42039      5.44675      3.75225      1.69450
      3.43039      5.69852      3.80143      1.89709
      3.44039      4.84290      3.40199      1.44090
      3.45039      4.58898      3.36647      1.22251
      3.46039      4.70324      3.32207      1.38117
      3.47039      4.02086      2.66392      1.35694
      3.48039      3.57271      2.26256      1.31015
      3.49039      3.55759      2.33256      1.22503
      3.50039      3.37180      2.38458      0.98722
      3.51039      2.98322      2.11301      0.87021
      3.52039      2.52348      1.66725      0.85623
      3.53039      2.43214      1.55689      0.87525
      3.54039      3.01196      1.94591      1.06605
      3.55039      3.68714      2.46838      1.21876
      3.56039      4.36957      2.96606      1.40351
      3.57039      4.55941      2.94282      1.61660
      3.58039      3.60165      2.13303      1.46863
      3.59039      2.63957      1.47756      1.16201
      3.60039      2.08223      1.21592      0.86631
      3.61039      1.85743      1.15450      0.70293
      3.62039      2.20914      1.36115      0.84798
      3.63039      3.23268      1.90420      1.32848
      3.64039      3.93772      2.28695      1.65077
      3.65039      3.76778      2.17376      1.59402
      3.66039      3.20686      1.77307      1.43379
      3.67039      3.02376      1.58835      1.43541
      3.68039      3.10664      1.63434      1.47230
      3.69039      2.91352      1.64751      1.26600
      3.70039      3.25509      1.90636      1.34873
      3.71039      4.38512      2.52387      1.86125
      3.72039      4.92273      2.81336      2.10937
      3.73039      4.73603      2.62166      2.11437
      3.74039      4.54052      2.41386      2.12666
      3.75039      4.65302      2.40479      2.24823
      3.76039      4.73297      2.44779      2.28518
      3.77039      3.66769      1.94397      1.72372
      3.78039      2.30697      1.27385      1.03313
      3.79039      2.13748      1.18472      0.95276
      3.80039      3.16066      1.70361      1.45706
      3.81039      3.78931      2.06131      1.72801
      3.82039      3.10085      1.71797      1.38288
      3.83039      2.19734      1.25562      0.94172
      3.84039      1.97993      1.15537      0.82456
      3.85039      1.84785      1.05148      0.79637
      3.86039      1.80633      1.01308      0.79325
      3.87039      2.17940      1.20967      0.96973
      3.88039      2.63960      1.48024      1.15936
      3.89039      3.17919      1.80648      1.37271
      3.90039      3.51040      1.97278      1.53763
      3.91039      3.06403      1.70165      1.36238
      3.92039      2.06426      1.12526      0.93900
      3.93039      1.73277      0.91068      0.82210
      3.94039      2.19128      1.15176      1.03952
      3.95039      2.06672      1.09378      0.97294
      3.96039      1.44102      0.79050      0.65051
      3.97039      1.25084      0.73041      0.52044
      3.98039      1.64750      0.95156      0.69594
      3.99039      1.90140      1.03239      0.86901
      4.00039      1.99163      1.02976      0.96186
      4.01039      1.87182      0.97985      0.89197
      4.02039      1.78945      0.96646      0.82300
      4.03039      2.23158      1.24039      0.99119
      4.04039      2.23796      1.27421      0.96375
      4.05039      1.58267      0.88023      0.70244
      4.06039      1.48058      0.76103      0.71955
      4.07039      2.03188      1.03574      0.99614
      4.08039      2.47342      1.31447      1.15896
      4.09039      2.09435      1.14719      0.94716
      4.10039      1.46931      0.78555      0.68376
      4.11039      1.23175      0.65945      0.57230
      4.12039      1.41929      0.77582      0.64347
      4.13039      1.97041      1.04081      0.92960
      4.14039      2.08760      1.05960      1.02799
      4.15039      1.70623      0.84674      0.85949
      4.16039      1.55105      0.76837      0.78268
      4.17039      1.37665      0.68172      0.69492
      4.18039      1.05969      0.51754      0.54214
      4.19039      1.01984      0.49419      0.52565
      4.20039      0.84196      0.41135      0.43062
      4.21039      0.94429      0.45842      0.48587
      4.22039      1.47454      0.70893      0.76561
      4.23039      1.82575      0.88221      0.94354
      4.24039      1.72363      0.84265      0.88098
      4.25039      1.67947      0.83041      0.84906
      4.26039      1.40523      0.69187      0.71336
      4.27039      0.99075      0.47868      0.51207
      4.28039      0.86442      0.41934      0.44508
      4.29039      0.82518      0.39929      0.42589
      4.30039      1.12261      0.52792      0.59469
      4.31039      1.55942      0.72841      0.83102
      4.32039      1.65693      0.78360      0.87333
      4.33039      1.83829      0.88215      0.95614
      4.34039      1.74759      0.83992      0.90767
      4.35039      1.35717      0.64482      0.71235
      4.36039      1.24866      0.59216      0.65650
      4.37039      1.25693      0.60464      0.65229
      4.38039      1.21523      0.58258      0.63265
      4.39039      1.52891      0.72585      0.80306
      4.40039      2.01328      0.96111      1.05217
      4.41039      1.86698      0.89899      0.96798
      4.42039      1.29475      0.62550      0.66925
      4.43039      1.14125      0.54306      0.59819
      4.44039      1.39905      0.65886      0.74019
      4.45039      1.51078      0.71213      0.79865
      4.46039      1.74887      0.82911      0.91976
      4.47039      2.37004      1.12308      1.24695
      4.48039      2.63062      1.24218      1.38844
      4.49039      1.93535      0.91242      1.02293
      4.50039      1.22082      0.57480      0.64603
      4.51039      0.88525      0.41705      0.46820
      4.52039      0.76867      0.36372      0.40496
      4.53039      0.69740      0.33526      0.36214
      4.54039      0.79485      0.38472      0.41013
      4.55039      1.21616      0.58188      0.63428
      4.56039      1.47586      0.70046      0.77540
      4.57039      1.23283      0.58816      0.64466
      4.58039      0.85953      0.41648      0.44305
      4.59039      0.76602      0.37042      0.39560
      4.60039      0.75483      0.36211      0.39273
      4.61039      0.58745      0.28501      0.30244
      4.62039      0.37337      0.18112      0.19224
      4.63039      0.71953      0.33625      0.38328
      4.64039      1.55856      0.72491      0.83365
      4.65039      1.57091      0.73323      0.83768
      4.66039      0.92142      0.43459      0.48684
      4.67039      0.53166      0.25093      0.28073
      4.68039      0.34882      0.16228      0.18654
      4.69039      0.17849      0.08253      0.09595
      4.70039      0.26053      0.12092      0.13961
      4.71039      0.68733      0.32027      0.36707
      4.72039      0.99131      0.46283      0.52848
      4.73039      0.66940      0.31259      0.35680
      4.74039      0.37335      0.17353      0.19982
      4.75039      0.32896      0.15210      0.17685
      4.76039      0.22814      0.10396      0.12418
      4.77039      0.39209      0.17830      0.21379
      4.78039      1.22021      0.56722      0.65299
      4.79039      2.25449      1.05635      1.19814
      4.80039      2.01762      0.94698      1.07063
      4.81039      1.04459      0.48937      0.55522
      4.82039      0.61693      0.28820      0.32873
      4.83039      0.54454      0.25448      0.29006
      4.84039      0.66839      0.31132      0.35707
      4.85039      1.12447      0.52382      0.60065
      4.86039      1.50942      0.70785      0.80157
      4.87039      1.68126      0.79041      0.89085
      4.88039      1.42102      0.66153      0.75949
      4.89039      0.83450      0.38291      0.45159
      4.90039      0.99768      0.45945      0.53823
      4.91039      1.73480      0.81050      0.92431
      4.92039      2.20835      1.04138      1.16696
      4.93039      2.46900      1.16937      1.29962
      4.94039      2.21276      1.05448      1.15828
      4.95039      1.77423      0.85295      0.92128
      4.96039      1.79553      0.86066      0.93487
      4.97039      1.84464      0.87778      0.96687
      4.98039      1.97201      0.93773      1.03428
      4.99039      1.93758      0.92064      1.01694
      5.00039      2.06997      0.97687      1.09310
      5.01039      2.58510      1.22468      1.36042
      5.02039      2.92465      1.39398      1.53067
      5.03039      3.14395      1.50155      1.64239
      5.04039      3.42619      1.64437      1.78182
      5.05039      3.15965      1.52665      1.63301
      5.06039      2.90073      1.39348      1.50724
      5.07039      3.37811      1.60617      1.77194
      5.08039      4.24703      2.02482      2.22221
      5.09039      5.73966      2.73595      3.00370
      5.10039      6.28622      2.98509      3.30112
      5.11039      5.66574      2.69208      2.97366
      5.12039      5.32337      2.55125      2.77211
      5.13039      4.98970      2.43683      2.55287
      5.14039      3.97570      1.97907      1.99663
      5.15039      3.24655      1.62022      1.62633
      5.16039      3.47201      1.71409      1.75792
      5.17039      3.66437      1.79415      1.87022
      5.18039      3.36148      1.64843      1.71305
      5.19039      2.83244      1.40451      1.42793
      5.20039      2.71720      1.35419      1.36301
      5.21039      3.08194      1.53602      1.54592
      5.22039      3.29243      1.64308      1.64935
      5.23039      3.07793      1.54520      1.53273
      5.24039      2.42089      1.23142      1.18947
      5.25039      1.56438      0.80498      0.75940
      5.26039      1.01065      0.52613      0.48452
      5.27039      1.10415      0.57711      0.52704
      5.28039      1.50552      0.77112      0.73439
      5.29039      2.08564      1.06188      1.02376
      5.30039      2.71131      1.41447      1.29683
      5.31039      2.37590      1.26735      1.10854
      5.32039      1.26413      0.67992      0.58421
      5.33039      0.81455      0.41185      0.40269
      5.34039      1.11899      0.52460      0.59439
      5.35039      1.18595      0.55696      0.62899
      5.36039      0.83812      0.42515      0.41297
      5.37039      0.83167      0.46216      0.36951
      5.38039      1.05419      0.59215      0.46204
      5.39039      1.29918      0.69994      0.59924
      5.40039      1.34901      0.65598      0.69304
      5.41039      1.24973      0.55485      0.69489
      5.42039      1.07801      0.49708      0.58093
      5.43039      0.94676      0.47846      0.46830
      5.44039      1.17374      0.59875      0.57498
      5.45039      1.56687      0.80122      0.76565
      5.46039      1.61392      0.85320      0.76072
      5.47039      1.08649      0.59991      0.48658
      5.48039      0.48371      0.27002      0.21370
      5.49039      0.51920      0.25413      0.26506
      5.50039      1.19651      0.55914      0.63736
      5.51039      1.39075      0.63540      0.75535
      5.52039      0.94321      0.44504      0.49817
      5.53039      0.71529      0.39089      0.32440
      5.54039      0.61102      0.35920      0.25182
      5.55039      0.59510      0.35521      0.23989
      5.56039      0.69115      0.41171      0.27944
      5.57039      0.72705      0.41694      0.31011
      5.58039      0.98042      0.52184      0.45859
      5.59039      1.16270      0.58340      0.57929
      5.60039      1.19805      0.57644      0.62161
      5.61039      1.39685      0.65327      0.74359
      5.62039      1.46685      0.66795      0.79890
      5.63039      1.19537      0.56819      0.62718
      5.64039      1.01304      0.48811      0.52492
      5.65039      1.16255      0.56037      0.60218
      5.66039      1.09749      0.58437      0.51312
      5.67039      0.75743      0.44108      0.31635
      5.68039      0.68600      0.37646      0.30954
      5.69039      0.87042      0.40819      0.46224
      5.70039      0.77171      0.32555      0.44616
      5.71039      0.33389      0.13317      0.20072
      5.72039      0.06250      0.02397      0.03853
      5.73039      0.03984      0.01532      0.02451
      5.74039      0.30783      0.12324      0.18459
      5.75039      1.05574      0.43567      0.62008
      5.76039      1.46058      0.61195      0.84863
      5.77039      0.83031      0.34512      0.48519
      5.78039      0.20177      0.08279      0.11898
      5.79039      0.07755      0.04307      0.03448
      5.80039      0.25240      0.13133      0.12107
      5.81039      0.56674      0.24060      0.32614
      5.82039      0.66317      0.24592      0.41724
      5.83039      0.42831      0.15052      0.27780
      5.84039      0.33406      0.11398      0.22009
      5.85039      0.29110      0.09925      0.19185
      5.86039      0.11722      0.04063      0.07659
      5.87039      0.04843      0.02260      0.02583
      5.88039      0.25284      0.12588      0.12696
      5.89039      0.82062      0.37591      0.44471
      5.90039      1.19698      0.49175      0.70523
      5.91039      0.99754      0.36246      0.63508
      5.92039      0.68651      0.23145      0.45506
      5.93039      0.72383      0.23859      0.48524
      5.94039      0.93753      0.30389      0.63364
      5.95039      0.86034      0.28536      0.57497
      5.96039      0.63523      0.22190      0.41333
      5.97039      0.47701      0.16825      0.30876
      5.98039      0.38384      0.12729      0.25655
      5.99039      0.36490      0.11714      0.24775
      6.00039      0.32358      0.13404      0.18954
      6.01039      0.49563      0.26113      0.23450
      6.02039      0.60924      0.31339      0.29585
      6.03039      0.38843      0.18072      0.20771
      6.04039      0.50924      0.21173      0.29751
      6.05039      0.93475      0.40013      0.53462
      6.06039      0.87307      0.37164      0.50143
      6.07039      0.71841      0.26627      0.45214
      6.08039      0.79998      0.26974      0.53024
      6.09039      0.59937      0.20025      0.39912
      6.10039      0.22146      0.07539      0.14607
      6.11039      0.20799      0.08047      0.12752
      6.12039      0.56199      0.22398      0.33801
      6.13039      0.71168      0.28228      0.42940
      6.14039      0.40273      0.15779      0.24494
      6.15039      0.27073      0.11349      0.15724
      6.16039      0.60278      0.24958      0.35321
      6.17039      0.73417      0.28681      0.44736
      6.18039      0.35101      0.12915      0.22186
      6.19039      0.11176      0.03688      0.07488
      6.20039      0.32842      0.10200      0.22641
      6.21039      0.94821      0.30970      0.63851
      6.22039      1.49046      0.54033      0.95013
      6.23039      1.53699      0.60704      0.92995
      6.24039      1.10270      0.42410      0.67860
      6.25039      0.74864      0.25336      0.49528
      6.26039      0.67029      0.21642      0.45387
      6.27039      0.58535      0.19354      0.39180
      6.28039      0.40175      0.13054      0.27121
      6.29039      0.45661      0.13943      0.31718
      6.30039      0.73311      0.22656      0.50655
      6.31039      0.76907      0.25728      0.51179
      6.32039      0.54254      0.24469      0.29785
      6.33039      0.48481      0.26903      0.21578
      6.34039      0.67132      0.30125      0.37007
      6.35039      0.91134      0.38948      0.52185
      6.36039      0.80434      0.36436      0.43998
      6.37039      0.83221      0.31149      0.52072
      6.38039      0.98730      0.32434      0.66295
      6.39039      0.78777      0.26798      0.51978
      6.40039      0.79336      0.30790      0.48546
      6.41039      1.13090      0.46045      0.67045
      6.42039      1.10445      0.42339      0.68106
      6.43039      0.55286      0.19303      0.35983
      6.44039      0.23060      0.07702      0.15358
      6.45039      0.29706      0.10216      0.19490
      6.46039      0.28276      0.09703      0.18574
      6.47039      0.25600      0.08597      0.17003
      6.48039      0.58431      0.21098      0.37333
      6.49039      0.87292      0.36559      0.50733
      6.50039      0.91486      0.42946      0.48540
      6.51039      1.26474      0.49739      0.76735
      6.52039      1.63637      0.53377      1.10260
      6.53039      1.38645      0.42287      0.96357
      6.54039      0.94467      0.28171      0.66296
      6.55039      0.72765      0.21622      0.51143
      6.56039      0.89459      0.26928      0.62531
      6.57039      0.94463      0.29545      0.64918
      6.58039      0.83558      0.29751      0.53808
      6.59039      1.13102      0.45277      0.67825
      6.60039      1.15603      0.46532      0.69071
      6.61039      0.60486      0.22790      0.37696
      6.62039      0.59964      0.18574      0.41390
      6.63039      1.16195      0.34574      0.81620
      6.64039      1.37378      0.41395      0.95983
      6.65039      1.23615      0.41928      0.81687
      6.66039      1.30837      0.52162      0.78675
      6.67039      1.65982      0.66454      0.99528
      6.68039      1.66671      0.65368      1.01303
      6.69039      1.34983      0.48983      0.86000
      6.70039      0.93778      0.32986      0.60792
      6.71039      0.87483      0.36230      0.51253
      6.72039      0.92603      0.39177      0.53426
      6.73039      0.50799      0.20039      0.30760
      6.74039      0.33845      0.11011      0.22833
      6.75039      0.69546      0.22578      0.46968
      6.76039      1.00749      0.37320      0.63429
      6.77039      0.88606      0.38539      0.50068
      6.78039      0.68822      0.28687      0.40135
      6.79039      0.75488      0.25712      0.49775
      6.80039      0.94478      0.30601      0.63877
      6.81039      0.87954      0.28934      0.59019
      6.82039      0.72486      0.26967      0.45519
      6.83039      0.70306      0.30259      0.40047
      6.84039      0.88212      0.40718      0.47495
      6.85039      1.03942      0.48262      0.55680
      6.86039      0.84458      0.35711      0.48747
      6.87039      0.61082      0.21417      0.39665
      6.88039      0.50090      0.16294      0.33796
      6.89039      0.38241      0.12184      0.26057
      6.90039      0.31310      0.09625      0.21685
      6.91039      0.51969      0.16707      0.35262
      6.92039      0.96625      0.34582      0.62043
      6.93039      1.07189      0.43577      0.63613
      6.94039      0.74136      0.31608      0.42527
      6.95039      0.45966      0.17207      0.28758
      6.96039      0.42131      0.13815      0.28316
      6.97039      0.73796      0.25476      0.48319
      6.98039      1.09362      0.44773      0.64590
      6.99039      1.06648      0.53804      0.52843
      7.00039      0.77840      0.44907      0.32933
      7.01039      0.75809      0.39508      0.36301
      7.02039      0.90462      0.39248      0.51214
      7.03039      0.85479      0.37028      0.48450
      7.04039      0.77345      0.34195      0.43149
      7.05039      0.73234      0.27583      0.45650
      7.06039      0.84814      0.30276      0.54539
      7.07039      1.13597      0.44305      0.69292
      7.08039      0.92089      0.37791      0.54297
      7.09039      0.35582      0.14546      0.21036
      7.10039      0.07089      0.02835      0.04255
      7.11039      0.12277      0.05172      0.07105
      7.12039      0.51499      0.21198      0.30301
      7.13039      0.95247      0.40228      0.55019
      7.14039      1.03862      0.48493      0.55369
      7.15039      0.97378      0.47783      0.49596
      7.16039      0.72768      0.33225      0.39543
      7.17039      0.63761      0.23607      0.40154
      7.18039      0.70881      0.25946      0.44935
      7.19039      0.77527      0.32528      0.44999
      7.20039      0.93309      0.37106      0.56203
      7.21039      1.01237      0.35212      0.66025
      7.22039      1.29198      0.43090      0.86108
      7.23039      1.47512      0.49117      0.98395
      7.24039      1.00615      0.33725      0.66891
      7.25039      0.52308      0.18614      0.33695
