Energy-E_F (eV)    DOS (1/eV)    PDOS (1/eV)  of atom type W  Se 
     -5.60216      4.72040      0.00000      0.00000
     -5.59216      4.72045      0.00000      0.00000
     -5.58216      3.41440      0.00000      0.00000
     -5.57216      2.56381      0.00000      0.00000
     -5.56216      3.16680      0.00000      0.00000
     -5.55216      3.96561      0.00000      0.00000
     -5.54216      3.69264      0.00000      0.00000
     -5.53216      3.34352      0.00000      0.00000
     -5.52216      3.32248      0.00000      0.00000
     -5.51216      2.61647      0.00000      0.00000
     -5.50216      1.85883      0.00000      0.00000
     -5.49216      2.11695      0.00000      0.00000
     -5.48216      2.88933      0.00000      0.00000
     -5.47216      3.24805      0.00000      0.00000
     -5.46216      2.64625      0.00000      0.00000
     -5.45216      2.03153      0.00000      0.00000
     -5.44216      2.40806      0.00000      0.00000
     -5.43216      2.79820      0.00000      0.00000
     -5.42216      2.03390      0.00000      0.00000
     -5.41216      1.14667      0.00000      0.00000
     -5.40216      1.20340      0.00000      0.00000
     -5.39216      2.16072      0.00000      0.00000
     -5.38216      2.71815      0.00000      0.00000
     -5.37216      2.13563      0.00000      0.00000
     -5.36216      1.35484      0.00000      0.00000
     -5.35216      1.40810      0.00000      0.00000
     -5.34216      1.97698      0.00000      0.00000
     -5.33216      1.98458      0.00000      0.00000
     -5.32216      1.40286      0.00000      0.00000
     -5.31216      1.05573      0.00000      0.00000
     -5.30216      1.24862      0.00000      0.00000
     -5.29216      1.98759      0.00000      0.00000
     -5.28216      2.44203      0.00000      0.00000
     -5.27216      2.09522      0.00000      0.00000
     -5.26216      1.56473      0.00000      0.00000
     -5.25216      1.31555      0.00000      0.00000
     -5.24216      1.69946      0.00000      0.00000
     -5.23216      2.21372      0.00000      0.00000
     -5.22216      1.86205      0.00000      0.00000
     -5.21216      1.49366      0.00000      0.00000
     -5.20216      2.08010      0.00000      0.00000
     -5.19216      3.22095      0.00000      0.00000
     -5.18216      4.88295      0.00000      0.00000
     -5.17216      5.97735      0.00000      0.00000
     -5.16216      5.94031      0.00000      0.00000
     -5.15216      6.56569      0.00000      0.00000
     -5.14216      7.85836      0.00000      0.00000
     -5.13216      8.58562      0.00000      0.00000
     -5.12216      7.99691      0.00000      0.00000
     -5.11216      6.47001      0.00000      0.00000
     -5.10216      5.31097      0.00000      0.00000
     -5.09216      4.84665      0.00000      0.00000
     -5.08216      4.00943      0.00000      0.00000
     -5.07216      3.78452      0.00000      0.00000
     -5.06216      4.42157      0.00000      0.00000
     -5.05216      4.08598      0.00000      0.00000
     -5.04216      3.14008      0.00000      0.00000
     -5.03216      2.43464      0.00000      0.00000
     -5.02216      1.91652      0.00000      0.00000
     -5.01216      2.20499      0.00000      0.00000
     -5.00216      3.65470      0.00000      0.00000
     -4.99216      4.85300      0.00000      0.00000
     -4.98216      5.51744      0.00000      0.00000
     -4.97216      6.16024      0.00000      0.00000
     -4.96216      6.43897      0.00000      0.00000
     -4.95216      6.51868      0.00000      0.00000
     -4.94216      5.98477      0.00000      0.00000
     -4.93216      5.59070      0.00000      0.00000
     -4.92216      5.55005      0.00000      0.00000
     -4.91216      5.56352      0.00000      0.00000
     -4.90216      5.69973      0.00000      0.00000
     -4.89216      5.86434      0.00000      0.00000
     -4.88216      6.40670      0.00000      0.00000
     -4.87216      6.72059      0.00000      0.00000
     -4.86216      6.13493      0.00000      0.00000
     -4.85216      5.90280      0.00000      0.00000
     -4.84216      6.88469      0.00000      0.00000
     -4.83216      7.66194      0.00000      0.00000
     -4.82216      7.88344      0.00000      0.00000
     -4.81216      8.74297      0.00000      0.00000
     -4.80216     10.09392      0.00000      0.00000
     -4.79216     11.66570      0.00000      0.00000
     -4.78216     12.14820      0.00000      0.00000
     -4.77216     11.10777      0.00000      0.00000
     -4.76216     10.77776      0.00000      0.00000
     -4.75216     11.71028      0.00000      0.00000
     -4.74216     11.52663      0.00000      0.00000
     -4.73216      9.35855      0.00000      0.00000
     -4.72216      7.48088      0.00000      0.00000
     -4.71216      7.38077      0.00000      0.00000
     -4.70216      8.19491      0.00000      0.00000
     -4.69216      7.90409      0.00000      0.00000
     -4.68216      6.18444      0.00000      0.00000
     -4.67216      4.70819      0.00000      0.00000
     -4.66216      4.15312      0.00000      0.00000
     -4.65216      4.19652      0.00000      0.00000
     -4.64216      4.46766      0.00000      0.00000
     -4.63216      5.17688      0.00000      0.00000
     -4.62216      6.35355      0.00000      0.00000
     -4.61216      6.94738      0.00000      0.00000
     -4.60216      5.95404      0.00000      0.00000
     -4.59216      3.80012      0.00000      0.00000
     -4.58216      2.72361      0.00000      0.00000
     -4.57216      2.81786      0.00000      0.00000
     -4.56216      2.60616      0.00000      0.00000
     -4.55216      2.05470      0.00000      0.00000
     -4.54216      1.57337      0.00000      0.00000
     -4.53216      1.16253      0.00000      0.00000
     -4.52216      0.93524      0.00000      0.00000
     -4.51216      1.41493      0.00000      0.00000
     -4.50216      2.19466      0.00000      0.00000
     -4.49216      2.47040      0.00000      0.00000
     -4.48216      2.50636      0.00000      0.00000
     -4.47216      2.10698      0.00000      0.00000
     -4.46216      1.26756      0.00000      0.00000
     -4.45216      1.09326      0.00000      0.00000
     -4.44216      1.60427      0.00000      0.00000
     -4.43216      1.82566      0.00000      0.00000
     -4.42216      2.00864      0.00000      0.00000
     -4.41216      2.46085      0.00000      0.00000
     -4.40216      2.12325      0.00000      0.00000
     -4.39216      1.63618      0.00000      0.00000
     -4.38216      2.17368      0.00000      0.00000
     -4.37216      2.77422      0.00000      0.00000
     -4.36216      3.22123      0.00000      0.00000
     -4.35216      4.14592      0.00000      0.00000
     -4.34216      5.35970      0.00000      0.00000
     -4.33216      4.95690      0.00000      0.00000
     -4.32216      2.85138      0.00000      0.00000
     -4.31216      2.48622      0.00000      0.00000
     -4.30216      3.35592      0.00000      0.00000
     -4.29216      3.08627      0.00000      0.00000
     -4.28216      2.78725      0.00000      0.00000
     -4.27216      2.63847      0.00000      0.00000
     -4.26216      1.83011      0.00000      0.00000
     -4.25216      1.59761      0.00000      0.00000
     -4.24216      2.58236      0.00000      0.00000
     -4.23216      3.03174      0.00000      0.00000
     -4.22216      2.25755      0.00000      0.00000
     -4.21216      2.24798      0.00000      0.00000
     -4.20216      2.82140      0.00000      0.00000
     -4.19216      2.35576      0.00000      0.00000
     -4.18216      1.74429      0.00000      0.00000
     -4.17216      2.21937      0.00000      0.00000
     -4.16216      3.23937      0.00000      0.00000
     -4.15216      4.30808      0.00000      0.00000
     -4.14216      4.82839      0.00000      0.00000
     -4.13216      4.59455      0.00000      0.00000
     -4.12216      4.12055      0.00000      0.00000
     -4.11216      3.89857      0.00000      0.00000
     -4.10216      4.21568      0.00000      0.00000
     -4.09216      5.27734      0.00000      0.00000
     -4.08216      6.21652      0.00000      0.00000
     -4.07216      6.41346      0.00000      0.00000
     -4.06216      6.51913      0.00000      0.00000
     -4.05216      5.94229      0.00000      0.00000
     -4.04216      4.62294      0.00000      0.00000
     -4.03216      4.11112      0.00000      0.00000
     -4.02216      4.91728      0.00000      0.00000
     -4.01216      6.00192      0.00000      0.00000
     -4.00216      5.80122      0.00000      0.00000
     -3.99216      4.55289      0.00000      0.00000
     -3.98216      3.80289      0.00000      0.00000
     -3.97216      3.84741      0.00000      0.00000
     -3.96216      4.35099      0.00000      0.00000
     -3.95216      5.40208      0.00000      0.00000
     -3.94216      5.68069      0.00000      0.00000
     -3.93216      4.81748      0.00000      0.00000
     -3.92216      4.16130      0.00000      0.00000
     -3.91216      3.34139      0.00000      0.00000
     -3.90216      3.46678      0.00000      0.00000
     -3.89216      5.27525      0.00000      0.00000
     -3.88216      6.28562      0.00000      0.00000
     -3.87216      6.46727      0.00000      0.00000
     -3.86216      6.38020      0.00000      0.00000
     -3.85216      6.01972      0.00000      0.00000
     -3.84216      6.34966      0.00000      0.00000
     -3.83216      7.37376      0.00000      0.00000
     -3.82216      8.11138      0.00000      0.00000
     -3.81216      7.70525      0.00000      0.00000
     -3.80216      6.02019      0.00000      0.00000
     -3.79216      4.07472      0.00000      0.00000
     -3.78216      3.59889      0.00000      0.00000
     -3.77216      4.85568      0.00000      0.00000
     -3.76216      6.15471      0.00000      0.00000
     -3.75216      5.48229      0.00000      0.00000
     -3.74216      4.43742      0.00000      0.00000
     -3.73216      4.89634      0.00000      0.00000
     -3.72216      5.55174      0.00000      0.00000
     -3.71216      6.21680      0.00000      0.00000
     -3.70216      6.78438      0.00000      0.00000
     -3.69216      5.49572      0.00000      0.00000
     -3.68216      3.99045      0.00000      0.00000
     -3.67216      4.09892      0.00000      0.00000
     -3.66216      4.68159      0.00000      0.00000
     -3.65216      4.78068      0.00000      0.00000
     -3.64216      4.66075      0.00000      0.00000
     -3.63216      5.45672      0.00000      0.00000
     -3.62216      6.20595      0.00000      0.00000
     -3.61216      5.80743      0.00000      0.00000
     -3.60216      4.93998      0.00000      0.00000
     -3.59216      4.52411      0.00000      0.00000
     -3.58216      4.50780      0.00000      0.00000
     -3.57216      4.44923      0.00000      0.00000
     -3.56216      4.56715      0.00000      0.00000
     -3.55216      5.33253      0.00000      0.00000
     -3.54216      5.56530      0.00000      0.00000
     -3.53216      5.19569      0.00000      0.00000
     -3.52216      6.04972      0.00000      0.00000
     -3.51216      7.49433      0.00000      0.00000
     -3.50216      7.45293      0.00000      0.00000
     -3.49216      6.30789      0.00000      0.00000
     -3.48216      6.10956      0.00000      0.00000
     -3.47216      5.95172      0.00000      0.00000
     -3.46216      5.25652      0.00000      0.00000
     -3.45216      5.16956      0.00000      0.00000
     -3.44216      5.07655      0.00000      0.00000
     -3.43216      4.39891      0.00000      0.00000
     -3.42216      3.67864      0.00000      0.00000
     -3.41216      3.12395      0.00000      0.00000
     -3.40216      3.23147      0.00000      0.00000
     -3.39216      3.66862      0.00000      0.00000
     -3.38216      4.11032      0.00000      0.00000
     -3.37216      4.60758      0.00000      0.00000
     -3.36216      4.70236      0.00000      0.00000
     -3.35216      4.18682      0.00000      0.00000
     -3.34216      3.10641      0.00000      0.00000
     -3.33216      2.43446      0.00000      0.00000
     -3.32216      2.83102      0.00000      0.00000
     -3.31216      3.70764      0.00000      0.00000
     -3.30216      4.35060      0.00000      0.00000
     -3.29216      4.38748      0.00000      0.00000
     -3.28216      4.12736      0.00000      0.00000
     -3.27216      4.11845      0.00000      0.00000
     -3.26216      3.83791      0.00000      0.00000
     -3.25216      3.60224      0.00000      0.00000
     -3.24216      3.73817      0.00000      0.00000
     -3.23216      3.52624      0.00000      0.00000
     -3.22216      3.32099      0.00000      0.00000
     -3.21216      3.70991      0.00000      0.00000
     -3.20216      4.36549      0.00000      0.00000
     -3.19216      4.49422      0.00000      0.00000
     -3.18216      3.36820      0.00000      0.00000
     -3.17216      2.49501      0.00000      0.00000
     -3.16216      3.03631      0.00000      0.00000
     -3.15216      4.02816      0.00000      0.00000
     -3.14216      4.50954      0.00000      0.00000
     -3.13216      3.84673      0.00000      0.00000
     -3.12216      2.51144      0.00000      0.00000
     -3.11216      2.11571      0.00000      0.00000
     -3.10216      2.57692      0.00000      0.00000
     -3.09216      2.86996      0.00000      0.00000
     -3.08216      2.70579      0.00000      0.00000
     -3.07216      2.33385      0.00000      0.00000
     -3.06216      2.36205      0.00000      0.00000
     -3.05216      2.34710      0.00000      0.00000
     -3.04216      2.06204      0.00000      0.00000
     -3.03216      1.98409      0.00000      0.00000
     -3.02216      2.32073      0.00000      0.00000
     -3.01216      3.01589      0.00000      0.00000
     -3.00216      3.86274      0.00000      0.00000
     -2.99216      4.50958      0.00000      0.00000
     -2.98216      3.96677      0.00000      0.00000
     -2.97216      2.96112      0.00000      0.00000
     -2.96216      2.87229      0.00000      0.00000
     -2.95216      3.01723      0.00000      0.00000
     -2.94216      3.80017      0.00000      0.00000
     -2.93216      5.08544      0.00000      0.00000
     -2.92216      5.50742      0.00000      0.00000
     -2.91216      5.50036      0.00000      0.00000
     -2.90216      5.34342      0.00000      0.00000
     -2.89216      5.35941      0.00000      0.00000
     -2.88216      5.88132      0.00000      0.00000
     -2.87216      7.55508      0.00000      0.00000
     -2.86216     10.34098      0.00000      0.00000
     -2.85216     12.28348      0.00000      0.00000
     -2.84216     12.03061      0.00000      0.00000
     -2.83216     11.60761      0.00000      0.00000
     -2.82216     11.14375      0.00000      0.00000
     -2.81216      8.71884      0.00000      0.00000
     -2.80216      6.90130      0.00000      0.00000
     -2.79216      8.07977      0.00000      0.00000
     -2.78216      9.03978      0.00000      0.00000
     -2.77216      7.08931      0.00000      0.00000
     -2.76216      5.15984      0.00000      0.00000
     -2.75216      5.70766      0.00000      0.00000
     -2.74216      7.69479      0.00000      0.00000
     -2.73216      8.29564      0.00000      0.00000
     -2.72216      7.28361      0.00000      0.00000
     -2.71216      6.51159      0.00000      0.00000
     -2.70216      5.93395      0.00000      0.00000
     -2.69216      5.98298      0.00000      0.00000
     -2.68216      6.45704      0.00000      0.00000
     -2.67216      5.91375      0.00000      0.00000
     -2.66216      5.15735      0.00000      0.00000
     -2.65216      5.96656      0.00000      0.00000
     -2.64216      8.04903      0.00000      0.00000
     -2.63216      9.26578      0.00000      0.00000
     -2.62216      8.54430      0.00000      0.00000
     -2.61216      7.84972      0.00000      0.00000
     -2.60216      7.92644      0.00000      0.00000
     -2.59216      8.34382      0.00000      0.00000
     -2.58216      9.16001      0.00000      0.00000
     -2.57216      9.15583      0.00000      0.00000
     -2.56216      8.64198      0.00000      0.00000
     -2.55216      8.07125      0.00000      0.00000
     -2.54216      7.18330      0.00000      0.00000
     -2.53216      7.14464      0.00000      0.00000
     -2.52216      7.54470      0.00000      0.00000
     -2.51216      7.62182      0.00000      0.00000
     -2.50216      7.57596      0.00000      0.00000
     -2.49216      6.96650      0.00000      0.00000
     -2.48216      6.68521      0.00000      0.00000
     -2.47216      7.09293      0.00000      0.00000
     -2.46216      6.48921      0.00000      0.00000
     -2.45216      6.04281      0.00000      0.00000
     -2.44216      6.63105      0.00000      0.00000
     -2.43216      6.49721      0.00000      0.00000
     -2.42216      5.98219      0.00000      0.00000
     -2.41216      6.32375      0.00000      0.00000
     -2.40216      5.77673      0.00000      0.00000
     -2.39216      4.08696      0.00000      0.00000
     -2.38216      3.52524      0.00000      0.00000
     -2.37216      3.61086      0.00000      0.00000
     -2.36216      3.80782      0.00000      0.00000
     -2.35216      4.07744      0.00000      0.00000
     -2.34216      3.74945      0.00000      0.00000
     -2.33216      4.12175      0.00000      0.00000
     -2.32216      5.71212      0.00000      0.00000
     -2.31216      6.44392      0.00000      0.00000
     -2.30216      5.54108      0.00000      0.00000
     -2.29216      4.76141      0.00000      0.00000
     -2.28216      4.52676      0.00000      0.00000
     -2.27216      4.14298      0.00000      0.00000
     -2.26216      4.35283      0.00000      0.00000
     -2.25216      5.38295      0.00000      0.00000
     -2.24216      5.78359      0.00000      0.00000
     -2.23216      5.14948      0.00000      0.00000
     -2.22216      4.65837      0.00000      0.00000
     -2.21216      5.02570      0.00000      0.00000
     -2.20216      5.24247      0.00000      0.00000
     -2.19216      4.70313      0.00000      0.00000
     -2.18216      3.73081      0.00000      0.00000
     -2.17216      3.06726      0.00000      0.00000
     -2.16216      2.74981      0.00000      0.00000
     -2.15216      2.91936      0.00000      0.00000
     -2.14216      2.96114      0.00000      0.00000
     -2.13216      2.60014      0.00000      0.00000
     -2.12216      2.52786      0.00000      0.00000
     -2.11216      2.07514      0.00000      0.00000
     -2.10216      1.87716      0.00000      0.00000
     -2.09216      2.71871      0.00000      0.00000
     -2.08216      3.99234      0.00000      0.00000
     -2.07216      5.68082      0.00000      0.00000
     -2.06216      7.34940      0.00000      0.00000
     -2.05216      8.27462      0.00000      0.00000
     -2.04216      8.05739      0.00000      0.00000
     -2.03216      6.73993      0.00000      0.00000
     -2.02216      5.89610      0.00000      0.00000
     -2.01216      5.98103      0.00000      0.00000
     -2.00216      6.01058      0.00000      0.00000
     -1.99216      5.88111      0.00000      0.00000
     -1.98216      5.84091      0.00000      0.00000
     -1.97216      5.21100      0.00000      0.00000
     -1.96216      4.84907      0.00000      0.00000
     -1.95216      4.87652      0.00000      0.00000
     -1.94216      5.07631      0.00000      0.00000
     -1.93216      5.25630      0.00000      0.00000
     -1.92216      4.79861      0.00000      0.00000
     -1.91216      4.29668      0.00000      0.00000
     -1.90216      4.53489      0.00000      0.00000
     -1.89216      5.16787      0.00000      0.00000
     -1.88216      5.35274      0.00000      0.00000
     -1.87216      4.97281      0.00000      0.00000
     -1.86216      4.47942      0.00000      0.00000
     -1.85216      4.19014      0.00000      0.00000
     -1.84216      4.09322      0.00000      0.00000
     -1.83216      4.46098      0.00000      0.00000
     -1.82216      5.03103      0.00000      0.00000
     -1.81216      5.27907      0.00000      0.00000
     -1.80216      4.31730      0.00000      0.00000
     -1.79216      3.41968      0.00000      0.00000
     -1.78216      3.33923      0.00000      0.00000
     -1.77216      3.48845      0.00000      0.00000
     -1.76216      3.43986      0.00000      0.00000
     -1.75216      3.07992      0.00000      0.00000
     -1.74216      2.45113      0.00000      0.00000
     -1.73216      2.04598      0.00000      0.00000
     -1.72216      2.08429      0.00000      0.00000
     -1.71216      2.56373      0.00000      0.00000
     -1.70216      3.10933      0.00000      0.00000
     -1.69216      3.45128      0.00000      0.00000
     -1.68216      3.56082      0.00000      0.00000
     -1.67216      3.45172      0.00000      0.00000
     -1.66216      3.06246      0.00000      0.00000
     -1.65216      2.75394      0.00000      0.00000
     -1.64216      2.46271      0.00000      0.00000
     -1.63216      1.96877      0.00000      0.00000
     -1.62216      1.67620      0.00000      0.00000
     -1.61216      1.59006      0.00000      0.00000
     -1.60216      1.72408      0.00000      0.00000
     -1.59216      1.73103      0.00000      0.00000
     -1.58216      1.59945      0.00000      0.00000
     -1.57216      1.63500      0.00000      0.00000
     -1.56216      1.61348      0.00000      0.00000
     -1.55216      1.53946      0.00000      0.00000
     -1.54216      1.55393      0.00000      0.00000
     -1.53216      1.39868      0.00000      0.00000
     -1.52216      1.37101      0.00000      0.00000
     -1.51216      1.59980      0.00000      0.00000
     -1.50216      1.75947      0.00000      0.00000
     -1.49216      1.78883      0.00000      0.00000
     -1.48216      2.03982      0.00000      0.00000
     -1.47216      2.44027      0.00000      0.00000
     -1.46216      2.41300      0.00000      0.00000
     -1.45216      2.22920      0.00000      0.00000
     -1.44216      2.43052      0.00000      0.00000
     -1.43216      2.48262      0.00000      0.00000
     -1.42216      2.44903      0.00000      0.00000
     -1.41216      2.34692      0.00000      0.00000
     -1.40216      2.09845      0.00000      0.00000
     -1.39216      2.12790      0.00000      0.00000
     -1.38216      2.41814      0.00000      0.00000
     -1.37216      3.05614      0.00000      0.00000
     -1.36216      3.53303      0.00000      0.00000
     -1.35216      3.44346      0.00000      0.00000
     -1.34216      3.42174      0.00000      0.00000
     -1.33216      3.19791      0.00000      0.00000
     -1.32216      2.75376      0.00000      0.00000
     -1.31216      2.65908      0.00000      0.00000
     -1.30216      2.97333      0.00000      0.00000
     -1.29216      2.98671      0.00000      0.00000
     -1.28216      3.26759      0.00000      0.00000
     -1.27216      3.78304      0.00000      0.00000
     -1.26216      4.15583      0.00000      0.00000
     -1.25216      4.16522      0.00000      0.00000
     -1.24216      4.24934      0.00000      0.00000
     -1.23216      4.83671      0.00000      0.00000
     -1.22216      5.54066      0.00000      0.00000
     -1.21216      6.26143      0.00000      0.00000
     -1.20216      6.34379      0.00000      0.00000
     -1.19216      5.34614      0.00000      0.00000
     -1.18216      4.60294      0.00000      0.00000
     -1.17216      4.28958      0.00000      0.00000
     -1.16216      3.72055      0.00000      0.00000
     -1.15216      4.10993      0.00000      0.00000
     -1.14216      4.78396      0.00000      0.00000
     -1.13216      4.72652      0.00000      0.00000
     -1.12216      4.38017      0.00000      0.00000
     -1.11216      4.01190      0.00000      0.00000
     -1.10216      4.23455      0.00000      0.00000
     -1.09216      4.98588      0.00000      0.00000
     -1.08216      4.82586      0.00000      0.00000
     -1.07216      4.26362      0.00000      0.00000
     -1.06216      3.70184      0.00000      0.00000
     -1.05216      3.37593      0.00000      0.00000
     -1.04216      4.17837      0.00000      0.00000
     -1.03216      4.60506      0.00000      0.00000
     -1.02216      4.79791      0.00000      0.00000
     -1.01216      5.33723      0.00000      0.00000
     -1.00216      5.17605      0.00000      0.00000
     -0.99216      4.79564      0.00000      0.00000
     -0.98216      5.64139      0.00000      0.00000
     -0.97216      6.12833      0.00000      0.00000
     -0.96216      5.43550      0.00000      0.00000
     -0.95216      5.31595      0.00000      0.00000
     -0.94216      5.94385      0.00000      0.00000
     -0.93216      5.79856      0.00000      0.00000
     -0.92216      5.06432      0.00000      0.00000
     -0.91216      4.58162      0.00000      0.00000
     -0.90216      4.54518      0.00000      0.00000
     -0.89216      4.75775      0.00000      0.00000
     -0.88216      4.88295      0.00000      0.00000
     -0.87216      4.70114      0.00000      0.00000
     -0.86216      3.99106      0.00000      0.00000
     -0.85216      3.47444      0.00000      0.00000
     -0.84216      4.02071      0.00000      0.00000
     -0.83216      4.61356      0.00000      0.00000
     -0.82216      4.22627      0.00000      0.00000
     -0.81216      3.70657      0.00000      0.00000
     -0.80216      4.06251      0.00000      0.00000
     -0.79216      4.30543      0.00000      0.00000
     -0.78216      4.18878      0.00000      0.00000
     -0.77216      4.41563      0.00000      0.00000
     -0.76216      4.12713      0.00000      0.00000
     -0.75216      3.15646      0.00000      0.00000
     -0.74216      3.07610      0.00000      0.00000
     -0.73216      3.74272      0.00000      0.00000
     -0.72216      3.72117      0.00000      0.00000
     -0.71216      3.60179      0.00000      0.00000
     -0.70216      3.77764      0.00000      0.00000
     -0.69216      3.81393      0.00000      0.00000
     -0.68216      4.11064      0.00000      0.00000
     -0.67216      4.43882      0.00000      0.00000
     -0.66216      4.05224      0.00000      0.00000
     -0.65216      3.37329      0.00000      0.00000
     -0.64216      3.26788      0.00000      0.00000
     -0.63216      3.40683      0.00000      0.00000
     -0.62216      3.60696      0.00000      0.00000
     -0.61216      3.80908      0.00000      0.00000
     -0.60216      3.47024      0.00000      0.00000
     -0.59216      2.73532      0.00000      0.00000
     -0.58216      2.13870      0.00000      0.00000
     -0.57216      1.97003      0.00000      0.00000
     -0.56216      1.98205      0.00000      0.00000
     -0.55216      1.85429      0.00000      0.00000
     -0.54216      1.41279      0.00000      0.00000
     -0.53216      0.93370      0.00000      0.00000
     -0.52216      1.01019      0.00000      0.00000
     -0.51216      1.27319      0.00000      0.00000
     -0.50216      1.23799      0.00000      0.00000
     -0.49216      1.42771      0.00000      0.00000
     -0.48216      1.39460      0.00000      0.00000
     -0.47216      1.02444      0.00000      0.00000
     -0.46216      0.70163      0.00000      0.00000
     -0.45216      0.53155      0.00000      0.00000
     -0.44216      0.65909      0.00000      0.00000
     -0.43216      1.10884      0.00000      0.00000
     -0.42216      1.38030      0.00000      0.00000
     -0.41216      0.91112      0.00000      0.00000
     -0.40216      0.39597      0.00000      0.00000
     -0.39216      0.40432      0.00000      0.00000
     -0.38216      0.61762      0.00000      0.00000
     -0.37216      0.75269      0.00000      0.00000
     -0.36216      0.66722      0.00000      0.00000
     -0.35216      0.64667      0.00000      0.00000
     -0.34216      0.53265      0.00000      0.00000
     -0.33216      0.39028      0.00000      0.00000
     -0.32216      0.47249      0.00000      0.00000
     -0.31216      0.44241      0.00000      0.00000
     -0.30216      0.44344      0.00000      0.00000
     -0.29216      0.66761      0.00000      0.00000
     -0.28216      0.90345      0.00000      0.00000
     -0.27216      0.95790      0.00000      0.00000
     -0.26216      0.67893      0.00000      0.00000
     -0.25216      0.24792      0.00000      0.00000
     -0.24216      0.06700      0.00000      0.00000
     -0.23216      0.20268      0.00000      0.00000
     -0.22216      0.53624      0.00000      0.00000
     -0.21216      0.58490      0.00000      0.00000
     -0.20216      0.35009      0.00000      0.00000
     -0.19216      0.26188      0.00000      0.00000
     -0.18216      0.32392      0.00000      0.00000
     -0.17216      0.35288      0.00000      0.00000
     -0.16216      0.38617      0.00000      0.00000
     -0.15216      0.60010      0.00000      0.00000
     -0.14216      0.64215      0.00000      0.00000
     -0.13216      0.48485      0.00000      0.00000
     -0.12216      0.25716      0.00000      0.00000
     -0.11216      0.09889      0.00000      0.00000
     -0.10216      0.15743      0.00000      0.00000
     -0.09216      0.32522      0.00000      0.00000
     -0.08216      0.39008      0.00000      0.00000
     -0.07216      0.28019      0.00000      0.00000
     -0.06216      0.27967      0.00000      0.00000
     -0.05216      0.34072      0.00000      0.00000
     -0.04216      0.31242      0.00000      0.00000
     -0.03216      0.33955      0.00000      0.00000
     -0.02216      0.25425      0.00000      0.00000
     -0.01216      0.17620      0.00000      0.00000
     -0.00216      0.15541      0.00000      0.00000
      0.00784      0.06929      0.00000      0.00000
      0.01784      0.01171      0.00000      0.00000
      0.02784      0.00073      0.00000      0.00000
      0.03784      0.00002      0.00000      0.00000
      0.04784      0.00000      0.00000      0.00000
      0.05784      0.00000      0.00000      0.00000
      0.06784      0.00000      0.00000      0.00000
      0.07784      0.00000      0.00000      0.00000
      0.08784      0.00000      0.00000      0.00000
      0.09784      0.00000      0.00000      0.00000
      0.10784      0.00000      0.00000      0.00000
      0.11784      0.00000      0.00000      0.00000
      0.12784      0.00000      0.00000      0.00000
      0.13784      0.00000      0.00000      0.00000
      0.14784      0.00000      0.00000      0.00000
      0.15784      0.00000      0.00000      0.00000
      0.16784      0.00000      0.00000      0.00000
      0.17784      0.00000      0.00000      0.00000
      0.18784      0.00000      0.00000      0.00000
      0.19784      0.00000      0.00000      0.00000
      0.20784      0.00000      0.00000      0.00000
      0.21784      0.00000      0.00000      0.00000
      0.22784      0.00000      0.00000      0.00000
      0.23784      0.00000      0.00000      0.00000
      0.24784      0.00000      0.00000      0.00000
      0.25784      0.00000      0.00000      0.00000
      0.26784      0.00000      0.00000      0.00000
      0.27784      0.00000      0.00000      0.00000
      0.28784      0.00000      0.00000      0.00000
      0.29784      0.00000      0.00000      0.00000
      0.30784      0.00000      0.00000      0.00000
      0.31784      0.00000      0.00000      0.00000
      0.32784      0.00000      0.00000      0.00000
      0.33784      0.00000      0.00000      0.00000
      0.34784      0.00000      0.00000      0.00000
      0.35784      0.00000      0.00000      0.00000
      0.36784      0.00000      0.00000      0.00000
      0.37784      0.00000      0.00000      0.00000
      0.38784      0.00000      0.00000      0.00000
      0.39784      0.00000      0.00000      0.00000
      0.40784      0.00000      0.00000      0.00000
      0.41784      0.00000      0.00000      0.00000
      0.42784      0.00000      0.00000      0.00000
      0.43784      0.00000      0.00000      0.00000
      0.44784      0.00000      0.00000      0.00000
      0.45784      0.00000      0.00000      0.00000
      0.46784      0.00000      0.00000      0.00000
      0.47784      0.00000      0.00000      0.00000
      0.48784      0.00000      0.00000      0.00000
      0.49784      0.00000      0.00000      0.00000
      0.50784      0.00000      0.00000      0.00000
      0.51784      0.00000      0.00000      0.00000
      0.52784      0.00000      0.00000      0.00000
      0.53784      0.00000      0.00000      0.00000
      0.54784      0.00000      0.00000      0.00000
      0.55784      0.00000      0.00000      0.00000
      0.56784      0.00000      0.00000      0.00000
      0.57784      0.00000      0.00000      0.00000
      0.58784      0.00000      0.00000      0.00000
      0.59784      0.00000      0.00000      0.00000
      0.60784      0.00000      0.00000      0.00000
      0.61784      0.00000      0.00000      0.00000
      0.62784      0.00000      0.00000      0.00000
      0.63784      0.00000      0.00000      0.00000
      0.64784      0.00000      0.00000      0.00000
      0.65784      0.00000      0.00000      0.00000
      0.66784      0.00000      0.00000      0.00000
      0.67784      0.00000      0.00000      0.00000
      0.68784      0.00000      0.00000      0.00000
      0.69784      0.00000      0.00000      0.00000
      0.70784      0.00000      0.00000      0.00000
      0.71784      0.00000      0.00000      0.00000
      0.72784      0.00000      0.00000      0.00000
      0.73784      0.00000      0.00000      0.00000
      0.74784      0.00000      0.00000      0.00000
      0.75784      0.00000      0.00000      0.00000
      0.76784      0.00000      0.00000      0.00000
      0.77784      0.00000      0.00000      0.00000
      0.78784      0.00000      0.00000      0.00000
      0.79784      0.00000      0.00000      0.00000
      0.80784      0.00000      0.00000      0.00000
      0.81784      0.00000      0.00000      0.00000
      0.82784      0.00000      0.00000      0.00000
      0.83784      0.00000      0.00000      0.00000
      0.84784      0.00000      0.00000      0.00000
      0.85784      0.00000      0.00000      0.00000
      0.86784      0.00000      0.00000      0.00000
      0.87784      0.00000      0.00000      0.00000
      0.88784      0.00000      0.00000      0.00000
      0.89784      0.00000      0.00000      0.00000
      0.90784      0.00000      0.00000      0.00000
      0.91784      0.00000      0.00000      0.00000
      0.92784      0.00000      0.00000      0.00000
      0.93784      0.00000      0.00000      0.00000
      0.94784      0.00000      0.00000      0.00000
      0.95784      0.00000      0.00000      0.00000
      0.96784      0.00000      0.00000      0.00000
      0.97784      0.00000      0.00000      0.00000
      0.98784      0.00000      0.00000      0.00000
      0.99784      0.00000      0.00000      0.00000
      1.00784      0.00000      0.00000      0.00000
      1.01784      0.00000      0.00000      0.00000
      1.02784      0.00000      0.00000      0.00000
      1.03784      0.00000      0.00000      0.00000
      1.04784      0.00000      0.00000      0.00000
      1.05784      0.00000      0.00000      0.00000
      1.06784      0.00000      0.00000      0.00000
      1.07784      0.00000      0.00000      0.00000
      1.08784      0.00000      0.00000      0.00000
      1.09784      0.00000      0.00000      0.00000
      1.10784      0.00000      0.00000      0.00000
      1.11784      0.00000      0.00000      0.00000
      1.12784      0.00000      0.00000      0.00000
      1.13784      0.00000      0.00000      0.00000
      1.14784      0.00000      0.00000      0.00000
      1.15784      0.00000      0.00000      0.00000
      1.16784      0.00000      0.00000      0.00000
      1.17784      0.00000      0.00000      0.00000
      1.18784      0.00000      0.00000      0.00000
      1.19784      0.00000      0.00000      0.00000
      1.20784      0.00000      0.00000      0.00000
      1.21784      0.00000      0.00000      0.00000
      1.22784      0.00000      0.00000      0.00000
      1.23784      0.00000      0.00000      0.00000
      1.24784      0.00000      0.00000      0.00000
      1.25784      0.00000      0.00000      0.00000
      1.26784      0.00000      0.00000      0.00000
      1.27784      0.00000      0.00000      0.00000
      1.28784      0.00000      0.00000      0.00000
      1.29784      0.00000      0.00000      0.00000
      1.30784      0.00000      0.00000      0.00000
      1.31784      0.00000      0.00000      0.00000
      1.32784      0.00000      0.00000      0.00000
      1.33784      0.00000      0.00000      0.00000
      1.34784      0.00000      0.00000      0.00000
      1.35784      0.00000      0.00000      0.00000
      1.36784      0.00000      0.00000      0.00000
      1.37784      0.00000      0.00000      0.00000
      1.38784      0.00000      0.00000      0.00000
      1.39784      0.00000      0.00000      0.00000
      1.40784      0.00000      0.00000      0.00000
      1.41784      0.00000      0.00000      0.00000
      1.42784      0.00000      0.00000      0.00000
      1.43784      0.00000      0.00000      0.00000
      1.44784      0.00000      0.00000      0.00000
      1.45784      0.00000      0.00000      0.00000
      1.46784      0.00000      0.00000      0.00000
      1.47784      0.00000      0.00000      0.00000
      1.48784      0.00000      0.00000      0.00000
      1.49784      0.00000      0.00000      0.00000
      1.50784      0.00000      0.00000      0.00000
      1.51784      0.00000      0.00000      0.00000
      1.52784      0.00000      0.00000      0.00000
      1.53784      0.00000      0.00000      0.00000
      1.54784      0.00000      0.00000      0.00000
      1.55784      0.00000      0.00000      0.00000
      1.56784      0.00000      0.00000      0.00000
      1.57784      0.00000      0.00000      0.00000
      1.58784      0.00000      0.00000      0.00000
      1.59784      0.00000      0.00000      0.00000
      1.60784      0.00000      0.00000      0.00000
      1.61784      0.00000      0.00000      0.00000
      1.62784      0.00000      0.00000      0.00000
      1.63784      0.00000      0.00000      0.00000
      1.64784      0.00000      0.00000      0.00000
      1.65784      0.00000      0.00000      0.00000
      1.66784      0.00000      0.00000      0.00000
      1.67784      0.00000      0.00000      0.00000
      1.68784      0.00000      0.00000      0.00000
      1.69784      0.00000      0.00000      0.00000
      1.70784      0.00000      0.00000      0.00000
      1.71784      0.00000      0.00000      0.00000
      1.72784      0.00000      0.00000      0.00000
      1.73784      0.00000      0.00000      0.00000
      1.74784      0.00000      0.00000      0.00000
      1.75784      0.00000      0.00000      0.00000
      1.76784      0.00000      0.00000      0.00000
      1.77784      0.00000      0.00000      0.00000
      1.78784      0.00000      0.00000      0.00000
      1.79784      0.00000      0.00000      0.00000
      1.80784      0.00000      0.00000      0.00000
      1.81784      0.00000      0.00000      0.00000
      1.82784      0.00000      0.00000      0.00000
      1.83784      0.00000      0.00000      0.00000
      1.84784      0.00000      0.00000      0.00000
      1.85784      0.00000      0.00000      0.00000
      1.86784      0.00000      0.00000      0.00000
      1.87784      0.00000      0.00000      0.00000
      1.88784      0.00003      0.00000      0.00000
      1.89784      0.00124      0.00000      0.00000
      1.90784      0.01691      0.00000      0.00000
      1.91784      0.08569      0.00000      0.00000
      1.92784      0.18428      0.00000      0.00000
      1.93784      0.35001      0.00000      0.00000
      1.94784      0.89442      0.00000      0.00000
      1.95784      1.55335      0.00000      0.00000
      1.96784      1.86478      0.00000      0.00000
      1.97784      2.13035      0.00000      0.00000
      1.98784      2.33422      0.00000      0.00000
      1.99784      2.04168      0.00000      0.00000
      2.00784      2.04234      0.00000      0.00000
      2.01784      2.18895      0.00000      0.00000
      2.02784      1.85442      0.00000      0.00000
      2.03784      2.07126      0.00000      0.00000
      2.04784      2.82124      0.00000      0.00000
      2.05784      2.77086      0.00000      0.00000
      2.06784      2.38836      0.00000      0.00000
      2.07784      2.17471      0.00000      0.00000
      2.08784      1.95315      0.00000      0.00000
      2.09784      2.27550      0.00000      0.00000
      2.10784      2.56702      0.00000      0.00000
      2.11784      2.69000      0.00000      0.00000
      2.12784      2.90658      0.00000      0.00000
      2.13784      2.63828      0.00000      0.00000
      2.14784      2.80971      0.00000      0.00000
      2.15784      3.72618      0.00000      0.00000
      2.16784      4.92619      0.00000      0.00000
      2.17784      5.49245      0.00000      0.00000
      2.18784      5.10524      0.00000      0.00000
      2.19784      4.71361      0.00000      0.00000
      2.20784      5.17751      0.00000      0.00000
      2.21784      6.12146      0.00000      0.00000
      2.22784      6.32129      0.00000      0.00000
      2.23784      6.30216      0.00000      0.00000
      2.24784      6.70769      0.00000      0.00000
      2.25784      6.45382      0.00000      0.00000
      2.26784      6.85344      0.00000      0.00000
      2.27784      8.47337      0.00000      0.00000
      2.28784      9.32438      0.00000      0.00000
      2.29784      8.83221      0.00000      0.00000
      2.30784      7.79406      0.00000      0.00000
      2.31784      6.83123      0.00000      0.00000
      2.32784      6.69122      0.00000      0.00000
      2.33784      7.28252      0.00000      0.00000
      2.34784      7.38248      0.00000      0.00000
      2.35784      7.50332      0.00000      0.00000
      2.36784      7.30735      0.00000      0.00000
      2.37784      6.98553      0.00000      0.00000
      2.38784      6.84511      0.00000      0.00000
      2.39784      6.72748      0.00000      0.00000
      2.40784      6.89525      0.00000      0.00000
      2.41784      7.16305      0.00000      0.00000
      2.42784      6.53133      0.00000      0.00000
      2.43784      5.59256      0.00000      0.00000
      2.44784      5.07014      0.00000      0.00000
      2.45784      4.81545      0.00000      0.00000
      2.46784      4.48364      0.00000      0.00000
      2.47784      4.63632      0.00000      0.00000
      2.48784      5.28342      0.00000      0.00000
      2.49784      5.51815      0.00000      0.00000
      2.50784      5.65705      0.00000      0.00000
      2.51784      5.25988      0.00000      0.00000
      2.52784      4.49150      0.00000      0.00000
      2.53784      4.04416      0.00000      0.00000
      2.54784      3.94901      0.00000      0.00000
      2.55784      4.02645      0.00000      0.00000
      2.56784      4.33174      0.00000      0.00000
      2.57784      4.51370      0.00000      0.00000
      2.58784      4.83654      0.00000      0.00000
      2.59784      5.34227      0.00000      0.00000
      2.60784      4.89423      0.00000      0.00000
      2.61784      4.35140      0.00000      0.00000
      2.62784      3.94427      0.00000      0.00000
      2.63784      3.60129      0.00000      0.00000
      2.64784      3.72872      0.00000      0.00000
      2.65784      4.08252      0.00000      0.00000
      2.66784      4.20153      0.00000      0.00000
      2.67784      3.84156      0.00000      0.00000
      2.68784      3.56107      0.00000      0.00000
      2.69784      3.79090      0.00000      0.00000
      2.70784      3.93069      0.00000      0.00000
      2.71784      4.50333      0.00000      0.00000
      2.72784      5.64591      0.00000      0.00000
      2.73784      6.32378      0.00000      0.00000
      2.74784      7.28024      0.00000      0.00000
      2.75784      8.94782      0.00000      0.00000
      2.76784      9.57088      0.00000      0.00000
      2.77784      9.87334      0.00000      0.00000
      2.78784     10.53605      0.00000      0.00000
      2.79784     10.97549      0.00000      0.00000
      2.80784     10.86541      0.00000      0.00000
      2.81784     10.48575      0.00000      0.00000
      2.82784      9.16309      0.00000      0.00000
      2.83784      7.59038      0.00000      0.00000
      2.84784      7.00867      0.00000      0.00000
      2.85784      6.70658      0.00000      0.00000
      2.86784      6.70710      0.00000      0.00000
      2.87784      7.10409      0.00000      0.00000
      2.88784      6.91633      0.00000      0.00000
      2.89784      6.81188      0.00000      0.00000
      2.90784      7.65850      0.00000      0.00000
      2.91784      7.90856      0.00000      0.00000
      2.92784      6.88829      0.00000      0.00000
      2.93784      6.40733      0.00000      0.00000
      2.94784      7.29973      0.00000      0.00000
      2.95784      8.19991      0.00000      0.00000
      2.96784      8.55934      0.00000      0.00000
      2.97784      8.90813      0.00000      0.00000
      2.98784      9.75536      0.00000      0.00000
      2.99784     12.00283      0.00000      0.00000
      3.00784     13.88861      0.00000      0.00000
      3.01784     13.75571      0.00000      0.00000
      3.02784     13.04414      0.00000      0.00000
      3.03784     12.07542      0.00000      0.00000
      3.04784     10.07034      0.00000      0.00000
      3.05784      8.24314      0.00000      0.00000
      3.06784      7.10320      0.00000      0.00000
      3.07784      6.19169      0.00000      0.00000
      3.08784      6.10634      0.00000      0.00000
      3.09784      7.66713      0.00000      0.00000
      3.10784      9.23580      0.00000      0.00000
      3.11784      8.01755      0.00000      0.00000
      3.12784      5.62451      0.00000      0.00000
      3.13784      4.91563      0.00000      0.00000
      3.14784      5.49474      0.00000      0.00000
      3.15784      6.06227      0.00000      0.00000
      3.16784      7.06058      0.00000      0.00000
      3.17784      8.34985      0.00000      0.00000
      3.18784      8.41746      0.00000      0.00000
      3.19784      8.19935      0.00000      0.00000
      3.20784      8.01591      0.00000      0.00000
      3.21784      7.42243      0.00000      0.00000
      3.22784      7.49557      0.00000      0.00000
      3.23784      8.97566      0.00000      0.00000
      3.24784     10.42119      0.00000      0.00000
      3.25784      9.02606      0.00000      0.00000
      3.26784      6.36352      0.00000      0.00000
      3.27784      5.22507      0.00000      0.00000
      3.28784      5.28779      0.00000      0.00000
      3.29784      6.56972      0.00000      0.00000
      3.30784      8.35991      0.00000      0.00000
      3.31784      7.97327      0.00000      0.00000
      3.32784      6.00126      0.00000      0.00000
      3.33784      4.55736      0.00000      0.00000
      3.34784      3.52954      0.00000      0.00000
      3.35784      2.86718      0.00000      0.00000
      3.36784      3.76953      0.00000      0.00000
      3.37784      5.45097      0.00000      0.00000
      3.38784      7.13338      0.00000      0.00000
      3.39784      8.46636      0.00000      0.00000
      3.40784      8.21027      0.00000      0.00000
      3.41784      6.41525      0.00000      0.00000
      3.42784      4.82288      0.00000      0.00000
      3.43784      4.82944      0.00000      0.00000
      3.44784      5.52625      0.00000      0.00000
      3.45784      5.40234      0.00000      0.00000
      3.46784      5.42418      0.00000      0.00000
      3.47784      6.45563      0.00000      0.00000
      3.48784      6.75054      0.00000      0.00000
      3.49784      5.37816      0.00000      0.00000
      3.50784      4.06950      0.00000      0.00000
      3.51784      4.27530      0.00000      0.00000
      3.52784      5.50722      0.00000      0.00000
      3.53784      6.40104      0.00000      0.00000
      3.54784      6.74993      0.00000      0.00000
      3.55784      6.60099      0.00000      0.00000
      3.56784      6.43512      0.00000      0.00000
      3.57784      5.39599      0.00000      0.00000
      3.58784      3.89696      0.00000      0.00000
      3.59784      3.54447      0.00000      0.00000
      3.60784      3.88631      0.00000      0.00000
      3.61784      5.19371      0.00000      0.00000
      3.62784      5.75387      0.00000      0.00000
      3.63784      4.85741      0.00000      0.00000
      3.64784      4.15952      0.00000      0.00000
      3.65784      4.02062      0.00000      0.00000
      3.66784      3.52538      0.00000      0.00000
      3.67784      3.14355      0.00000      0.00000
      3.68784      3.81803      0.00000      0.00000
      3.69784      4.93265      0.00000      0.00000
      3.70784      5.11903      0.00000      0.00000
      3.71784      4.61343      0.00000      0.00000
      3.72784      4.91360      0.00000      0.00000
      3.73784      5.70631      0.00000      0.00000
      3.74784      5.47454      0.00000      0.00000
      3.75784      3.81227      0.00000      0.00000
      3.76784      2.96204      0.00000      0.00000
      3.77784      3.57226      0.00000      0.00000
      3.78784      3.83683      0.00000      0.00000
      3.79784      3.43225      0.00000      0.00000
      3.80784      3.32103      0.00000      0.00000
      3.81784      3.87393      0.00000      0.00000
      3.82784      4.07538      0.00000      0.00000
      3.83784      3.66673      0.00000      0.00000
      3.84784      3.26580      0.00000      0.00000
      3.85784      3.32555      0.00000      0.00000
      3.86784      3.86808      0.00000      0.00000
      3.87784      4.24052      0.00000      0.00000
      3.88784      4.12307      0.00000      0.00000
      3.89784      3.22734      0.00000      0.00000
      3.90784      2.45197      0.00000      0.00000
      3.91784      2.67979      0.00000      0.00000
      3.92784      3.20640      0.00000      0.00000
      3.93784      3.66611      0.00000      0.00000
      3.94784      3.99956      0.00000      0.00000
      3.95784      3.78189      0.00000      0.00000
      3.96784      3.01938      0.00000      0.00000
      3.97784      2.66403      0.00000      0.00000
      3.98784      2.80819      0.00000      0.00000
      3.99784      2.94019      0.00000      0.00000
      4.00784      3.22509      0.00000      0.00000
      4.01784      3.48604      0.00000      0.00000
      4.02784      3.23851      0.00000      0.00000
      4.03784      2.79497      0.00000      0.00000
      4.04784      2.71060      0.00000      0.00000
      4.05784      2.39480      0.00000      0.00000
      4.06784      2.20554      0.00000      0.00000
      4.07784      2.85697      0.00000      0.00000
      4.08784      3.71567      0.00000      0.00000
      4.09784      4.34430      0.00000      0.00000
      4.10784      4.24682      0.00000      0.00000
      4.11784      3.20279      0.00000      0.00000
      4.12784      2.45101      0.00000      0.00000
      4.13784      2.09059      0.00000      0.00000
      4.14784      2.46543      0.00000      0.00000
      4.15784      3.93820      0.00000      0.00000
      4.16784      4.75253      0.00000      0.00000
      4.17784      4.41206      0.00000      0.00000
      4.18784      3.82127      0.00000      0.00000
      4.19784      3.19433      0.00000      0.00000
      4.20784      2.61144      0.00000      0.00000
      4.21784      2.34726      0.00000      0.00000
      4.22784      2.15964      0.00000      0.00000
      4.23784      2.08386      0.00000      0.00000
      4.24784      2.78540      0.00000      0.00000
      4.25784      3.94525      0.00000      0.00000
      4.26784      3.85908      0.00000      0.00000
      4.27784      2.71697      0.00000      0.00000
      4.28784      1.64299      0.00000      0.00000
      4.29784      1.08436      0.00000      0.00000
      4.30784      1.19544      0.00000      0.00000
      4.31784      1.73398      0.00000      0.00000
      4.32784      1.82464      0.00000      0.00000
      4.33784      1.60390      0.00000      0.00000
      4.34784      1.59994      0.00000      0.00000
      4.35784      1.37586      0.00000      0.00000
      4.36784      0.69227      0.00000      0.00000
      4.37784      0.41301      0.00000      0.00000
      4.38784      1.04838      0.00000      0.00000
      4.39784      2.13893      0.00000      0.00000
      4.40784      2.95715      0.00000      0.00000
      4.41784      2.93884      0.00000      0.00000
      4.42784      2.15740      0.00000      0.00000
      4.43784      1.16398      0.00000      0.00000
      4.44784      0.67602      0.00000      0.00000
      4.45784      0.88008      0.00000      0.00000
      4.46784      1.32663      0.00000      0.00000
      4.47784      1.79015      0.00000      0.00000
      4.48784      1.87949      0.00000      0.00000
      4.49784      1.35147      0.00000      0.00000
      4.50784      0.91062      0.00000      0.00000
      4.51784      1.37082      0.00000      0.00000
      4.52784      2.62823      0.00000      0.00000
      4.53784      3.83360      0.00000      0.00000
      4.54784      4.19106      0.00000      0.00000
      4.55784      3.17551      0.00000      0.00000
      4.56784      2.58382      0.00000      0.00000
      4.57784      2.86071      0.00000      0.00000
      4.58784      2.84370      0.00000      0.00000
      4.59784      2.78063      0.00000      0.00000
      4.60784      2.91966      0.00000      0.00000
      4.61784      2.91762      0.00000      0.00000
      4.62784      3.09154      0.00000      0.00000
      4.63784      4.25292      0.00000      0.00000
      4.64784      5.18287      0.00000      0.00000
      4.65784      5.09184      0.00000      0.00000
      4.66784      4.44699      0.00000      0.00000
      4.67784      4.05375      0.00000      0.00000
      4.68784      4.51879      0.00000      0.00000
      4.69784      5.00854      0.00000      0.00000
      4.70784      5.24584      0.00000      0.00000
      4.71784      5.89819      0.00000      0.00000
      4.72784      6.95273      0.00000      0.00000
      4.73784      8.13039      0.00000      0.00000
      4.74784      9.12329      0.00000      0.00000
      4.75784      8.80449      0.00000      0.00000
      4.76784      8.16104      0.00000      0.00000
      4.77784      8.36290      0.00000      0.00000
      4.78784      8.48801      0.00000      0.00000
      4.79784      8.78040      0.00000      0.00000
      4.80784      9.19130      0.00000      0.00000
      4.81784     10.02631      0.00000      0.00000
      4.82784     10.30367      0.00000      0.00000
      4.83784      9.19285      0.00000      0.00000
      4.84784      7.98111      0.00000      0.00000
      4.85784      7.34353      0.00000      0.00000
      4.86784      7.53799      0.00000      0.00000
      4.87784      7.46209      0.00000      0.00000
      4.88784      6.82173      0.00000      0.00000
      4.89784      6.38104      0.00000      0.00000
      4.90784      6.22120      0.00000      0.00000
      4.91784      5.68109      0.00000      0.00000
      4.92784      5.25026      0.00000      0.00000
      4.93784      4.75080      0.00000      0.00000
      4.94784      3.57916      0.00000      0.00000
      4.95784      2.72767      0.00000      0.00000
      4.96784      2.76065      0.00000      0.00000
      4.97784      3.59822      0.00000      0.00000
      4.98784      4.34788      0.00000      0.00000
      4.99784      3.60366      0.00000      0.00000
      5.00784      2.44885      0.00000      0.00000
      5.01784      2.13648      0.00000      0.00000
      5.02784      2.43399      0.00000      0.00000
      5.03784      2.45983      0.00000      0.00000
      5.04784      2.46715      0.00000      0.00000
      5.05784      2.76528      0.00000      0.00000
      5.06784      3.54539      0.00000      0.00000
      5.07784      3.92642      0.00000      0.00000
      5.08784      2.98270      0.00000      0.00000
      5.09784      2.39751      0.00000      0.00000
      5.10784      2.25600      0.00000      0.00000
      5.11784      1.66955      0.00000      0.00000
      5.12784      1.47092      0.00000      0.00000
      5.13784      1.90047      0.00000      0.00000
      5.14784      2.22594      0.00000      0.00000
      5.15784      2.26187      0.00000      0.00000
      5.16784      2.08349      0.00000      0.00000
      5.17784      1.88986      0.00000      0.00000
      5.18784      2.00833      0.00000      0.00000
      5.19784      1.82811      0.00000      0.00000
      5.20784      1.77441      0.00000      0.00000
      5.21784      2.28075      0.00000      0.00000
      5.22784      2.38358      0.00000      0.00000
      5.23784      1.67130      0.00000      0.00000
      5.24784      0.98213      0.00000      0.00000
      5.25784      0.83135      0.00000      0.00000
      5.26784      1.00652      0.00000      0.00000
      5.27784      1.29494      0.00000      0.00000
      5.28784      1.98415      0.00000      0.00000
      5.29784      2.67627      0.00000      0.00000
      5.30784      2.34533      0.00000      0.00000
      5.31784      1.74909      0.00000      0.00000
      5.32784      1.78483      0.00000      0.00000
      5.33784      1.80189      0.00000      0.00000
      5.34784      1.50183      0.00000      0.00000
      5.35784      1.18691      0.00000      0.00000
      5.36784      1.03849      0.00000      0.00000
      5.37784      1.17297      0.00000      0.00000
      5.38784      1.52296      0.00000      0.00000
      5.39784      1.80739      0.00000      0.00000
      5.40784      1.72670      0.00000      0.00000
      5.41784      1.64544      0.00000      0.00000
      5.42784      1.93338      0.00000      0.00000
      5.43784      2.27177      0.00000      0.00000
      5.44784      1.94904      0.00000      0.00000
      5.45784      1.55423      0.00000      0.00000
      5.46784      1.29548      0.00000      0.00000
      5.47784      0.93357      0.00000      0.00000
      5.48784      0.77096      0.00000      0.00000
      5.49784      0.91448      0.00000      0.00000
      5.50784      1.02702      0.00000      0.00000
      5.51784      0.79152      0.00000      0.00000
      5.52784      0.54683      0.00000      0.00000
      5.53784      0.66823      0.00000      0.00000
      5.54784      0.96441      0.00000      0.00000
      5.55784      1.33176      0.00000      0.00000
      5.56784      1.61852      0.00000      0.00000
      5.57784      1.89897      0.00000      0.00000
      5.58784      1.88272      0.00000      0.00000
      5.59784      1.56043      0.00000      0.00000
      5.60784      1.46653      0.00000      0.00000
      5.61784      1.03385      0.00000      0.00000
      5.62784      0.63649      0.00000      0.00000
      5.63784      1.02717      0.00000      0.00000
      5.64784      1.70951      0.00000      0.00000
      5.65784      1.57690      0.00000      0.00000
      5.66784      0.72668      0.00000      0.00000
      5.67784      0.44750      0.00000      0.00000
      5.68784      1.02194      0.00000      0.00000
      5.69784      1.74364      0.00000      0.00000
      5.70784      1.79494      0.00000      0.00000
      5.71784      1.62333      0.00000      0.00000
      5.72784      1.57561      0.00000      0.00000
      5.73784      1.35923      0.00000      0.00000
      5.74784      1.16786      0.00000      0.00000
      5.75784      1.65898      0.00000      0.00000
      5.76784      2.30561      0.00000      0.00000
      5.77784      1.87055      0.00000      0.00000
      5.78784      0.92230      0.00000      0.00000
      5.79784      0.58461      0.00000      0.00000
      5.80784      0.90386      0.00000      0.00000
      5.81784      0.94035      0.00000      0.00000
      5.82784      0.58013      0.00000      0.00000
      5.83784      0.67560      0.00000      0.00000
      5.84784      1.14467      0.00000      0.00000
      5.85784      1.50321      0.00000      0.00000
      5.86784      1.73790      0.00000      0.00000
      5.87784      1.96646      0.00000      0.00000
      5.88784      2.01239      0.00000      0.00000
      5.89784      2.13360      0.00000      0.00000
      5.90784      2.33432      0.00000      0.00000
      5.91784      1.90794      0.00000      0.00000
      5.92784      1.24416      0.00000      0.00000
      5.93784      0.89646      0.00000      0.00000
      5.94784      0.89050      0.00000      0.00000
      5.95784      1.28209      0.00000      0.00000
      5.96784      1.58435      0.00000      0.00000
      5.97784      1.77522      0.00000      0.00000
      5.98784      1.85455      0.00000      0.00000
      5.99784      1.77912      0.00000      0.00000
      6.00784      1.93383      0.00000      0.00000
      6.01784      1.94163      0.00000      0.00000
      6.02784      1.63770      0.00000      0.00000
      6.03784      1.91555      0.00000      0.00000
      6.04784      2.32364      0.00000      0.00000
      6.05784      2.09966      0.00000      0.00000
      6.06784      1.67678      0.00000      0.00000
      6.07784      1.25348      0.00000      0.00000
      6.08784      0.86885      0.00000      0.00000
      6.09784      1.40544      0.00000      0.00000
      6.10784      2.21461      0.00000      0.00000
      6.11784      2.02344      0.00000      0.00000
      6.12784      1.41245      0.00000      0.00000
      6.13784      1.28014      0.00000      0.00000
      6.14784      1.35481      0.00000      0.00000
      6.15784      1.36182      0.00000      0.00000
      6.16784      1.94300      0.00000      0.00000
      6.17784      2.94799      0.00000      0.00000
      6.18784      3.42789      0.00000      0.00000
      6.19784      2.96056      0.00000      0.00000
      6.20784      2.15691      0.00000      0.00000
      6.21784      1.80877      0.00000      0.00000
      6.22784      1.91600      0.00000      0.00000
      6.23784      1.92998      0.00000      0.00000
      6.24784      1.32568      0.00000      0.00000
      6.25784      0.88281      0.00000      0.00000
      6.26784      1.26797      0.00000      0.00000
      6.27784      1.96359      0.00000      0.00000
      6.28784      2.70377      0.00000      0.00000
      6.29784      3.37651      0.00000      0.00000
      6.30784      3.29211      0.00000      0.00000
      6.31784      2.53863      0.00000      0.00000
      6.32784      1.76239      0.00000      0.00000
      6.33784      1.61129      0.00000      0.00000
      6.34784      1.63772      0.00000      0.00000
      6.35784      1.65223      0.00000      0.00000
      6.36784      1.70070      0.00000      0.00000
      6.37784      1.83507      0.00000      0.00000
      6.38784      2.03932      0.00000      0.00000
      6.39784      1.95478      0.00000      0.00000
      6.40784      1.77280      0.00000      0.00000
      6.41784      1.70799      0.00000      0.00000
      6.42784      1.51365      0.00000      0.00000
      6.43784      1.33319      0.00000      0.00000
      6.44784      1.39991      0.00000      0.00000
      6.45784      1.53254      0.00000      0.00000
      6.46784      1.42388      0.00000      0.00000
      6.47784      1.38094      0.00000      0.00000
      6.48784      1.26916      0.00000      0.00000
      6.49784      1.51334      0.00000      0.00000
      6.50784      1.97207      0.00000      0.00000
      6.51784      2.27547      0.00000      0.00000
      6.52784      2.08542      0.00000      0.00000
      6.53784      1.67361      0.00000      0.00000
      6.54784      1.52056      0.00000      0.00000
      6.55784      1.25318      0.00000      0.00000
      6.56784      0.81921      0.00000      0.00000
      6.57784      0.65482      0.00000      0.00000
      6.58784      1.00883      0.00000      0.00000
      6.59784      1.71309      0.00000      0.00000
      6.60784      2.09924      0.00000      0.00000
      6.61784      1.97436      0.00000      0.00000
      6.62784      1.87133      0.00000      0.00000
      6.63784      2.14454      0.00000      0.00000
      6.64784      2.20012      0.00000      0.00000
      6.65784      1.63889      0.00000      0.00000
      6.66784      1.34799      0.00000      0.00000
      6.67784      1.33966      0.00000      0.00000
      6.68784      1.14742      0.00000      0.00000
      6.69784      1.06013      0.00000      0.00000
      6.70784      1.08583      0.00000      0.00000
      6.71784      1.58039      0.00000      0.00000
      6.72784      2.10853      0.00000      0.00000
      6.73784      2.48081      0.00000      0.00000
      6.74784      2.90130      0.00000      0.00000
      6.75784      2.85887      0.00000      0.00000
      6.76784      2.54446      0.00000      0.00000
      6.77784      2.21742      0.00000      0.00000
      6.78784      2.12859      0.00000      0.00000
      6.79784      1.84263      0.00000      0.00000
      6.80784      1.72241      0.00000      0.00000
      6.81784      1.48195      0.00000      0.00000
      6.82784      1.15451      0.00000      0.00000
      6.83784      1.64230      0.00000      0.00000
      6.84784      2.72183      0.00000      0.00000
      6.85784      3.12564      0.00000      0.00000
      6.86784      2.91701      0.00000      0.00000
      6.87784      2.57078      0.00000      0.00000
      6.88784      1.93228      0.00000      0.00000
      6.89784      1.86005      0.00000      0.00000
      6.90784      2.54687      0.00000      0.00000
      6.91784      2.91430      0.00000      0.00000
      6.92784      2.97980      0.00000      0.00000
      6.93784      2.63783      0.00000      0.00000
      6.94784      2.29200      0.00000      0.00000
      6.95784      2.17499      0.00000      0.00000
      6.96784      2.44847      0.00000      0.00000
      6.97784      3.00502      0.00000      0.00000
