Energy-E_F (eV)    DOS (1/eV)    PDOS (1/eV)  of atom type Mo S  
     -4.99000      2.59635      0.87579      1.72056
     -4.98000      1.61067      0.55042      1.06025
     -4.97000      1.86687      0.62954      1.23734
     -4.96000      2.36656      0.77966      1.58690
     -4.95000      1.74008      0.57215      1.16793
     -4.94000      1.03875      0.33848      0.70027
     -4.93000      1.07896      0.34908      0.72987
     -4.92000      1.09575      0.34967      0.74608
     -4.91000      1.19599      0.35785      0.83815
     -4.90000      1.30059      0.38035      0.92024
     -4.89000      1.20529      0.35563      0.84965
     -4.88000      1.38937      0.40036      0.98901
     -4.87000      1.54060      0.43469      1.10592
     -4.86000      1.90079      0.56120      1.33959
     -4.85000      3.00879      0.96164      2.04715
     -4.84000      3.74543      1.24379      2.50165
     -4.83000      3.66769      1.17860      2.48909
     -4.82000      3.55846      1.06107      2.49739
     -4.81000      3.18489      0.89761      2.28728
     -4.80000      1.67644      0.46021      1.21622
     -4.79000      0.44241      0.11931      0.32310
     -4.78000      0.33172      0.08608      0.24564
     -4.77000      0.68970      0.18040      0.50931
     -4.76000      0.96143      0.25957      0.70187
     -4.75000      1.23658      0.34288      0.89371
     -4.74000      1.36940      0.38763      0.98177
     -4.73000      1.36442      0.40886      0.95556
     -4.72000      1.58081      0.50436      1.07646
     -4.71000      1.86504      0.60425      1.26079
     -4.70000      1.43356      0.45834      0.97522
     -4.69000      1.04678      0.30731      0.73947
     -4.68000      1.19348      0.33126      0.86221
     -4.67000      1.04542      0.29086      0.75455
     -4.66000      0.80293      0.22584      0.57709
     -4.65000      0.71553      0.20487      0.51066
     -4.64000      0.94758      0.27174      0.67584
     -4.63000      1.23151      0.35155      0.87996
     -4.62000      1.15431      0.33845      0.81587
     -4.61000      0.86503      0.26878      0.59626
     -4.60000      0.81931      0.26577      0.55354
     -4.59000      0.96164      0.31344      0.64820
     -4.58000      1.27889      0.41473      0.86416
     -4.57000      1.69009      0.55578      1.13431
     -4.56000      1.98432      0.66269      1.32163
     -4.55000      1.46583      0.49151      0.97432
     -4.54000      0.79456      0.24704      0.54753
     -4.53000      0.61357      0.16904      0.44453
     -4.52000      0.34429      0.09315      0.25114
     -4.51000      0.24739      0.07300      0.17439
     -4.50000      0.65759      0.19751      0.46008
     -4.49000      1.01348      0.29754      0.71595
     -4.48000      0.68888      0.19734      0.49155
     -4.47000      0.20929      0.05897      0.15031
     -4.46000      0.13950      0.04106      0.09844
     -4.45000      0.55634      0.16878      0.38755
     -4.44000      1.09428      0.33832      0.75596
     -4.43000      1.07031      0.32834      0.74197
     -4.42000      0.85837      0.25087      0.60750
     -4.41000      0.88549      0.26904      0.61644
     -4.40000      1.15807      0.37406      0.78401
     -4.39000      0.89296      0.29156      0.60139
     -4.38000      0.29552      0.09566      0.19985
     -4.37000      0.23061      0.06913      0.16148
     -4.36000      0.65109      0.19406      0.45702
     -4.35000      0.78931      0.23687      0.55244
     -4.34000      0.36755      0.11108      0.25647
     -4.33000      0.19542      0.06003      0.13540
     -4.32000      0.65283      0.20087      0.45196
     -4.31000      1.22709      0.37418      0.85291
     -4.30000      1.13790      0.33805      0.79986
     -4.29000      0.81086      0.23708      0.57378
     -4.28000      0.66626      0.20956      0.45670
     -4.27000      0.60187      0.20059      0.40128
     -4.26000      0.40684      0.13801      0.26883
     -4.25000      0.58084      0.19684      0.38400
     -4.24000      1.09183      0.35990      0.73193
     -4.23000      1.32671      0.42948      0.89723
     -4.22000      0.87924      0.28536      0.59388
     -4.21000      0.48326      0.15495      0.32831
     -4.20000      0.56450      0.17711      0.38738
     -4.19000      0.44202      0.13779      0.30423
     -4.18000      0.33888      0.10171      0.23717
     -4.17000      0.70838      0.20722      0.50116
     -4.16000      0.97729      0.28364      0.69365
     -4.15000      0.67397      0.19691      0.47706
     -4.14000      0.47991      0.16215      0.31776
     -4.13000      1.09487      0.40276      0.69211
     -4.12000      1.98864      0.72690      1.26174
     -4.11000      2.82241      1.00316      1.81926
     -4.10000      3.77940      1.31464      2.46476
     -4.09000      3.71306      1.28722      2.42583
     -4.08000      2.96689      1.03020      1.93669
     -4.07000      2.58432      0.89917      1.68514
     -4.06000      2.51357      0.86036      1.65321
     -4.05000      3.42290      1.12565      2.29725
     -4.04000      4.75477      1.54497      3.20980
     -4.03000      4.31543      1.40587      2.90956
     -4.02000      3.67867      1.18135      2.49732
     -4.01000      4.00848      1.26319      2.74529
     -4.00000      3.64807      1.14842      2.49965
     -3.99000      3.26657      1.01994      2.24663
     -3.98000      4.30156      1.29670      3.00486
     -3.97000      5.35064      1.59311      3.75753
     -3.96000      5.26560      1.55289      3.71272
     -3.95000      5.47551      1.57656      3.89895
     -3.94000      6.44640      1.83161      4.61479
     -3.93000      7.59184      2.18012      5.41172
     -3.92000      7.23673      2.08886      5.14787
     -3.91000      5.81909      1.66833      4.15076
     -3.90000      5.42362      1.56343      3.86019
     -3.89000      6.58828      1.93300      4.65528
     -3.88000      7.55302      2.24080      5.31222
     -3.87000      7.39374      2.23922      5.15452
     -3.86000      6.91815      2.11428      4.80388
     -3.85000      5.63401      1.70098      3.93303
     -3.84000      4.43212      1.32925      3.10287
     -3.83000      4.30915      1.27911      3.03004
     -3.82000      4.49339      1.30803      3.18536
     -3.81000      4.01222      1.17996      2.83226
     -3.80000      3.60171      1.09557      2.50614
     -3.79000      3.79958      1.17530      2.62428
     -3.78000      3.78990      1.14059      2.64931
     -3.77000      2.65305      0.79046      1.86259
     -3.76000      1.95084      0.59509      1.35575
     -3.75000      2.80965      0.80012      2.00953
     -3.74000      3.60759      1.01541      2.59219
     -3.73000      2.79263      0.81058      1.98205
     -3.72000      2.04502      0.60192      1.44310
     -3.71000      2.36687      0.71018      1.65668
     -3.70000      3.20273      0.96803      2.23469
     -3.69000      3.82949      1.11791      2.71157
     -3.68000      2.76050      0.73953      2.02097
     -3.67000      1.28482      0.33383      0.95099
     -3.66000      0.70700      0.26554      0.44146
     -3.65000      0.60074      0.27624      0.32450
     -3.64000      0.62582      0.28528      0.34053
     -3.63000      1.54397      0.65033      0.89364
     -3.62000      2.75557      1.07464      1.68093
     -3.61000      2.47975      0.90804      1.57171
     -3.60000      1.15039      0.39319      0.75719
     -3.59000      0.53752      0.15436      0.38316
     -3.58000      0.59583      0.17254      0.42329
     -3.57000      0.74007      0.23525      0.50481
     -3.56000      0.78878      0.27227      0.51651
     -3.55000      0.99216      0.36021      0.63196
     -3.54000      1.72368      0.62192      1.10176
     -3.53000      2.48742      0.83638      1.65104
     -3.52000      1.91679      0.60348      1.31330
     -3.51000      0.92919      0.33782      0.59137
     -3.50000      0.78757      0.38107      0.40650
     -3.49000      0.68857      0.34761      0.34097
     -3.48000      0.28488      0.14201      0.14287
     -3.47000      0.14598      0.05664      0.08934
     -3.46000      0.48168      0.17483      0.30686
     -3.45000      1.21237      0.45409      0.75829
     -3.44000      1.78323      0.61892      1.16430
     -3.43000      1.76139      0.50933      1.25206
     -3.42000      1.38375      0.39340      0.99034
     -3.41000      1.15226      0.42654      0.72572
     -3.40000      1.26938      0.49780      0.77157
     -3.39000      1.37407      0.53132      0.84274
     -3.38000      1.78810      0.64374      1.14436
     -3.37000      3.27571      1.09897      2.17674
     -3.36000      3.95107      1.35418      2.59688
     -3.35000      3.10196      1.06489      2.03707
     -3.34000      2.66604      0.84422      1.82182
     -3.33000      2.75242      0.82094      1.93149
     -3.32000      2.76049      0.81687      1.94362
     -3.31000      3.06027      0.94253      2.11774
     -3.30000      4.00504      1.32112      2.68393
     -3.29000      4.62466      1.61552      3.00914
     -3.28000      4.32177      1.56120      2.76057
     -3.27000      3.77777      1.29534      2.48243
     -3.26000      3.92347      1.25603      2.66744
     -3.25000      4.22007      1.40006      2.82001
     -3.24000      6.71503      2.39423      4.32080
     -3.23000     12.24876      4.40706      7.84170
     -3.22000     13.78773      4.95727      8.83046
     -3.21000     10.03047      3.63340      6.39706
     -3.20000      6.75781      2.48388      4.27393
     -3.19000      5.01213      1.86289      3.14924
     -3.18000      4.48120      1.69756      2.78364
     -3.17000      4.58622      1.76425      2.82197
     -3.16000      3.93346      1.50922      2.42423
     -3.15000      3.81954      1.42056      2.39898
     -3.14000      4.31921      1.56461      2.75460
     -3.13000      3.87026      1.35481      2.51545
     -3.12000      2.98892      0.93685      2.05206
     -3.11000      2.79568      0.85747      1.93821
     -3.10000      3.23434      1.14907      2.08527
     -3.09000      3.86608      1.52041      2.34567
     -3.08000      3.63985      1.42679      2.21306
     -3.07000      3.33832      1.12587      2.21245
     -3.06000      4.04283      1.20325      2.83958
     -3.05000      4.10794      1.17683      2.93111
     -3.04000      3.33897      0.98313      2.35584
     -3.03000      2.72826      0.91176      1.81649
     -3.02000      2.61033      0.96422      1.64611
     -3.01000      2.67885      0.90942      1.76943
     -3.00000      2.15395      0.64335      1.51061
     -2.99000      1.78509      0.49814      1.28695
     -2.98000      2.32852      0.77423      1.55429
     -2.97000      3.06673      1.17275      1.89398
     -2.96000      2.89459      1.14655      1.74804
     -2.95000      2.33863      0.95585      1.38278
     -2.94000      2.53496      1.01589      1.51907
     -2.93000      2.15706      0.82218      1.33489
     -2.92000      1.25297      0.40922      0.84375
     -2.91000      1.10997      0.27247      0.83750
     -2.90000      1.25003      0.35325      0.89677
     -2.89000      1.62314      0.57513      1.04801
     -2.88000      2.50969      0.97311      1.53658
     -2.87000      2.97869      1.23033      1.74836
     -2.86000      2.05427      0.86750      1.18677
     -2.85000      0.83022      0.31003      0.52018
     -2.84000      0.90482      0.25404      0.65079
     -2.83000      1.75601      0.59745      1.15856
     -2.82000      2.10355      0.86566      1.23789
     -2.81000      1.79542      0.78888      1.00654
     -2.80000      1.81572      0.73931      1.07640
     -2.79000      2.03694      0.83325      1.20369
     -2.78000      1.84522      0.76576      1.07946
     -2.77000      1.40935      0.53407      0.87528
     -2.76000      1.29384      0.47065      0.82319
     -2.75000      1.11687      0.42925      0.68761
     -2.74000      0.62510      0.27823      0.34687
     -2.73000      0.56369      0.27563      0.28806
     -2.72000      1.03420      0.44475      0.58945
     -2.71000      1.51041      0.63050      0.87992
     -2.70000      1.52490      0.60644      0.91846
     -2.69000      1.41220      0.50843      0.90377
     -2.68000      1.08005      0.43099      0.64906
     -2.67000      0.70885      0.33906      0.36979
     -2.66000      0.76152      0.33354      0.42798
     -2.65000      1.39155      0.59190      0.79965
     -2.64000      2.01489      0.92222      1.09267
     -2.63000      1.98657      0.90823      1.07833
     -2.62000      2.19443      0.83378      1.36064
     -2.61000      3.04739      0.94112      2.10627
     -2.60000      3.05121      0.89653      2.15468
     -2.59000      2.06423      0.64008      1.42415
     -2.58000      1.53049      0.53194      0.99855
     -2.57000      1.34926      0.55076      0.79850
     -2.56000      1.81309      0.79088      1.02221
     -2.55000      2.48846      1.04780      1.44066
     -2.54000      1.77083      0.75311      1.01772
     -2.53000      0.87504      0.41026      0.46478
     -2.52000      1.29241      0.63517      0.65724
     -2.51000      1.88212      0.87059      1.01152
     -2.50000      1.76397      0.71764      1.04634
     -2.49000      1.65314      0.63763      1.01551
     -2.48000      1.49226      0.61746      0.87480
     -2.47000      1.21480      0.51447      0.70033
     -2.46000      1.15115      0.50152      0.64963
     -2.45000      1.13277      0.55014      0.58263
     -2.44000      1.42845      0.70695      0.72150
     -2.43000      1.84113      0.84973      0.99140
     -2.42000      1.77105      0.80260      0.96845
     -2.41000      1.66553      0.78911      0.87642
     -2.40000      1.72486      0.76830      0.95656
     -2.39000      1.80368      0.66076      1.14292
     -2.38000      2.33967      0.75601      1.58366
     -2.37000      2.51800      0.81989      1.69811
     -2.36000      1.69886      0.56483      1.13403
     -2.35000      1.32949      0.46067      0.86882
     -2.34000      1.45680      0.55443      0.90236
     -2.33000      1.33700      0.55401      0.78299
     -2.32000      1.45671      0.64353      0.81318
     -2.31000      1.69856      0.76701      0.93155
     -2.30000      1.62904      0.77902      0.85002
     -2.29000      1.29090      0.64309      0.64782
     -2.28000      0.68636      0.34747      0.33890
     -2.27000      0.55316      0.28472      0.26844
     -2.26000      0.61080      0.30179      0.30901
     -2.25000      0.85736      0.34460      0.51276
     -2.24000      1.87964      0.72468      1.15496
     -2.23000      2.35688      0.98277      1.37410
     -2.22000      1.96059      0.90187      1.05872
     -2.21000      1.90765      0.87661      1.03104
     -2.20000      2.15977      0.89571      1.26405
     -2.19000      2.46959      0.98416      1.48543
     -2.18000      2.78515      1.06376      1.72139
     -2.17000      3.49277      1.14747      2.34529
     -2.16000      3.90111      1.17155      2.72956
     -2.15000      3.81479      1.09850      2.71629
     -2.14000      3.47057      1.00401      2.46656
     -2.13000      2.44855      0.78986      1.65869
     -2.12000      2.02118      0.75111      1.27007
     -2.11000      2.03754      0.74469      1.29285
     -2.10000      2.25707      0.75926      1.49781
     -2.09000      2.78624      0.95865      1.82759
     -2.08000      2.76631      1.03844      1.72788
     -2.07000      2.53641      1.00155      1.53487
     -2.06000      2.41790      0.87584      1.54206
     -2.05000      1.69424      0.57212      1.12211
     -2.04000      1.36479      0.47795      0.88684
     -2.03000      2.37416      0.82348      1.55068
     -2.02000      3.41979      1.22772      2.19206
     -2.01000      2.75539      1.02892      1.72647
     -2.00000      2.59928      0.90511      1.69417
     -1.99000      3.62433      1.20648      2.41785
     -1.98000      3.41206      1.20386      2.20819
     -1.97000      3.40435      1.34421      2.06014
     -1.96000      4.76965      1.81258      2.95707
     -1.95000      4.63173      1.50327      3.12846
     -1.94000      3.67107      0.95173      2.71934
     -1.93000      3.58103      0.87953      2.70150
     -1.92000      4.12306      1.03584      3.08721
     -1.91000      5.06900      1.24449      3.82451
     -1.90000      5.39897      1.21927      4.17970
     -1.89000      5.38490      1.12980      4.25510
     -1.88000      5.35640      1.18249      4.17391
     -1.87000      5.56600      1.41703      4.14896
     -1.86000      6.26705      1.74351      4.52355
     -1.85000      5.74536      1.62305      4.12231
     -1.84000      5.13222      1.37243      3.75979
     -1.83000      4.67487      1.09549      3.57937
     -1.82000      3.41944      0.73065      2.68879
     -1.81000      2.51634      0.59801      1.91833
     -1.80000      2.92793      0.80859      2.11934
     -1.79000      3.33167      0.87292      2.45875
     -1.78000      3.72438      0.91187      2.81251
     -1.77000      4.13126      1.16359      2.96767
     -1.76000      4.00255      1.25256      2.74999
     -1.75000      3.33906      0.94820      2.39086
     -1.74000      3.27106      0.70946      2.56160
     -1.73000      3.87258      0.70366      3.16891
     -1.72000      3.42018      0.59161      2.82857
     -1.71000      2.88831      0.54104      2.34727
     -1.70000      3.23332      0.81029      2.42303
     -1.69000      3.45129      1.09187      2.35942
     -1.68000      3.03973      0.91211      2.12762
     -1.67000      3.09759      0.68591      2.41167
     -1.66000      2.75468      0.52893      2.22575
     -1.65000      1.60802      0.37708      1.23093
     -1.64000      1.20641      0.42833      0.77807
     -1.63000      1.79289      0.61501      1.17788
     -1.62000      2.40021      0.64483      1.75538
     -1.61000      2.58439      0.51025      2.07413
     -1.60000      3.16854      0.52916      2.63938
     -1.59000      4.34781      0.83271      3.51510
     -1.58000      4.37910      0.93880      3.44030
     -1.57000      2.41379      0.54346      1.87032
     -1.56000      0.58951      0.10922      0.48029
     -1.55000      0.08692     -0.10758      0.19450
     -1.54000      0.89812      0.07115      0.82697
     -1.53000      2.31251      0.40926      1.90324
     -1.52000      3.00021      0.56514      2.43507
     -1.51000      2.62925      0.53393      2.09532
     -1.50000      2.30462      0.49571      1.80891
     -1.49000      2.39359      0.56351      1.83008
     -1.48000      2.05832      0.51164      1.54668
     -1.47000      1.34723      0.29155      1.05568
     -1.46000      0.96644      0.13676      0.82968
     -1.45000      1.24662      0.12235      1.12427
     -1.44000      1.96215      0.22782      1.73433
     -1.43000      2.76464      0.37708      2.38757
     -1.42000      2.97770      0.41674      2.56096
     -1.41000      3.05675      0.46451      2.59225
     -1.40000      3.02856      0.51858      2.50998
     -1.39000      2.10720      0.42230      1.68490
     -1.38000      1.40358      0.31738      1.08621
     -1.37000      1.19587      0.22411      0.97176
     -1.36000      1.18710      0.16591      1.02119
     -1.35000      1.35396      0.18369      1.17026
     -1.34000      1.93578      0.25797      1.67781
     -1.33000      2.77450      0.43075      2.34375
     -1.32000      3.06096      0.56821      2.49275
     -1.31000      2.46071      0.47858      1.98212
     -1.30000      1.28584      0.22226      1.06358
     -1.29000      1.09805      0.11572      0.98233
     -1.28000      1.99498      0.20077      1.79422
     -1.27000      2.31991      0.27167      2.04824
     -1.26000      2.19507      0.27879      1.91628
     -1.25000      2.32491      0.30023      2.02468
     -1.24000      2.35441      0.29209      2.06232
     -1.23000      2.22720      0.25312      1.97408
     -1.22000      2.27140      0.25698      2.01442
     -1.21000      1.79010      0.18461      1.60549
     -1.20000      1.18657      0.12981      1.05676
     -1.19000      1.41859      0.21709      1.20151
     -1.18000      1.89770      0.27714      1.62056
     -1.17000      1.82127      0.23565      1.58561
     -1.16000      1.83208      0.23265      1.59943
     -1.15000      2.50837      0.29891      2.20947
     -1.14000      3.13188      0.32848      2.80340
     -1.13000      3.02299      0.28826      2.73473
     -1.12000      2.10766      0.18571      1.92194
     -1.11000      1.55197      0.12298      1.42899
     -1.10000      2.09730      0.18822      1.90907
     -1.09000      2.88970      0.27925      2.61044
     -1.08000      3.31174      0.29491      3.01683
     -1.07000      3.95449      0.34186      3.61263
     -1.06000      4.07198      0.36120      3.71078
     -1.05000      3.36166      0.29539      3.06627
     -1.04000      2.46522      0.21015      2.25508
     -1.03000      1.65599      0.13699      1.51900
     -1.02000      1.61827      0.11974      1.49852
     -1.01000      2.14501      0.14948      1.99553
     -1.00000      2.21591      0.15461      2.06130
     -0.99000      1.84058      0.19431      1.64627
     -0.98000      2.26891      0.58916      1.67975
     -0.97000      3.42518      1.21256      2.21262
     -0.96000      3.35548      1.15083      2.20464
     -0.95000      2.61466      0.95055      1.66412
     -0.94000      2.52212      1.16341      1.35871
     -0.93000      1.84601      1.03671      0.80930
     -0.92000      1.52954      1.02325      0.50628
     -0.91000      1.86764      1.30546      0.56218
     -0.90000      2.02763      1.40783      0.61980
     -0.89000      2.45106      1.68463      0.76643
     -0.88000      3.37657      2.32771      1.04885
     -0.87000      4.39843      3.04764      1.35078
     -0.86000      4.83306      3.36524      1.46783
     -0.85000      4.55940      3.17702      1.38239
     -0.84000      4.68212      3.24159      1.44053
     -0.83000      4.79419      3.29814      1.49605
     -0.82000      3.70388      2.54073      1.16316
     -0.81000      2.97746      2.06421      0.91325
     -0.80000      3.34494      2.34182      1.00312
     -0.79000      3.16868      2.17762      0.99106
     -0.78000      2.10959      1.40428      0.70531
     -0.77000      1.27812      0.85035      0.42778
     -0.76000      1.97371      1.35411      0.61960
     -0.75000      3.42487      2.33156      1.09331
     -0.74000      3.63034      2.41750      1.21284
     -0.73000      3.38232      2.20239      1.17992
     -0.72000      3.44458      2.22330      1.22128
     -0.71000      2.92874      1.90699      1.02174
     -0.70000      2.30852      1.54593      0.76259
     -0.69000      2.28314      1.53747      0.74566
     -0.68000      1.86697      1.25131      0.61566
     -0.67000      1.62512      1.09049      0.53463
     -0.66000      2.28088      1.50083      0.78005
     -0.65000      3.14898      2.03624      1.11274
     -0.64000      3.24036      2.12331      1.11705
     -0.63000      2.83453      1.89088      0.94365
     -0.62000      2.95755      1.93263      1.02491
     -0.61000      2.88350      1.86210      1.02140
     -0.60000      2.61282      1.67842      0.93440
     -0.59000      2.97520      1.89006      1.08514
     -0.58000      2.82873      1.79555      1.03318
     -0.57000      2.25670      1.47053      0.78616
     -0.56000      2.06334      1.37675      0.68658
     -0.55000      2.07044      1.36888      0.70156
     -0.54000      1.95000      1.27108      0.67892
     -0.53000      1.93975      1.22629      0.71346
     -0.52000      1.76097      1.10288      0.65809
     -0.51000      1.35968      0.87165      0.48802
     -0.50000      1.62808      1.07499      0.55309
     -0.49000      3.05316      2.09062      0.96254
     -0.48000      4.85200      3.34124      1.51076
     -0.47000      4.73207      3.21597      1.51610
     -0.46000      2.75238      1.83010      0.92229
     -0.45000      1.09577      0.70263      0.39314
     -0.44000      0.44016      0.27878      0.16138
     -0.43000      0.75462      0.49929      0.25532
     -0.42000      1.72783      1.16932      0.55851
     -0.41000      2.51831      1.75284      0.76547
     -0.40000      2.41129      1.69778      0.71351
     -0.39000      1.71720      1.18614      0.53106
     -0.38000      1.51884      1.02864      0.49019
     -0.37000      1.38518      0.94468      0.44050
     -0.36000      1.12993      0.78869      0.34124
     -0.35000      1.41360      1.00084      0.41275
     -0.34000      2.09208      1.49797      0.59411
     -0.33000      2.73378      1.98835      0.74543
     -0.32000      2.72044      1.97338      0.74706
     -0.31000      1.80326      1.27271      0.53055
     -0.30000      1.03579      0.70614      0.32965
     -0.29000      1.05918      0.73007      0.32911
     -0.28000      1.24469      0.88406      0.36063
     -0.27000      0.85691      0.62568      0.23123
     -0.26000      0.64375      0.47371      0.17004
     -0.25000      1.43423      1.03948      0.39475
     -0.24000      1.89618      1.35942      0.53676
     -0.23000      1.07389      0.76210      0.31179
     -0.22000      0.78941      0.55968      0.22972
     -0.21000      1.18464      0.84000      0.34464
     -0.20000      1.20791      0.85041      0.35750
     -0.19000      1.52134      1.07109      0.45025
     -0.18000      1.83936      1.31276      0.52660
     -0.17000      1.43750      1.05022      0.38728
     -0.16000      1.11887      0.82471      0.29416
     -0.15000      1.19593      0.85748      0.33845
     -0.14000      0.88603      0.61372      0.27231
     -0.13000      0.69351      0.46854      0.22497
     -0.12000      0.92122      0.64580      0.27541
     -0.11000      1.18119      0.83851      0.34267
     -0.10000      1.39820      0.96274      0.43547
     -0.09000      1.43454      0.99711      0.43743
     -0.08000      1.07311      0.77125      0.30185
     -0.07000      0.75174      0.51667      0.23508
     -0.06000      0.68512      0.44035      0.24477
     -0.05000      0.66496      0.42026      0.24469
     -0.04000      0.79751      0.50246      0.29504
     -0.03000      0.70439      0.44320      0.26118
     -0.02000      0.50508      0.31702      0.18806
     -0.01000      0.33555      0.21037      0.12518
      0.00000      0.03329      0.02118      0.01212
      0.01000     -0.08034     -0.05006     -0.03028
      0.02000     -0.02767     -0.01727     -0.01041
      0.03000     -0.00268     -0.00167     -0.00101
      0.04000     -0.00009     -0.00005     -0.00003
      0.05000      0.00000      0.00000      0.00000
      0.06000      0.00000      0.00000      0.00000
      0.07000      0.00000      0.00000      0.00000
      0.08000      0.00000      0.00000      0.00000
      0.09000      0.00000      0.00000      0.00000
      0.10000      0.00000      0.00000      0.00000
      0.11000      0.00000      0.00000      0.00000
      0.12000      0.00000      0.00000      0.00000
      0.13000      0.00000      0.00000      0.00000
      0.14000      0.00000      0.00000      0.00000
      0.15000      0.00000      0.00000      0.00000
      0.16000      0.00000      0.00000      0.00000
      0.17000      0.00000      0.00000      0.00000
      0.18000      0.00000      0.00000      0.00000
      0.19000      0.00000      0.00000      0.00000
      0.20000      0.00000      0.00000      0.00000
      0.21000      0.00000      0.00000      0.00000
      0.22000      0.00000      0.00000      0.00000
      0.23000      0.00000      0.00000      0.00000
      0.24000      0.00000      0.00000      0.00000
      0.25000      0.00000      0.00000      0.00000
      0.26000      0.00000      0.00000      0.00000
      0.27000      0.00000      0.00000      0.00000
      0.28000      0.00000      0.00000      0.00000
      0.29000      0.00000      0.00000      0.00000
      0.30000      0.00000      0.00000      0.00000
      0.31000      0.00000      0.00000      0.00000
      0.32000      0.00000      0.00000      0.00000
      0.33000      0.00000      0.00000      0.00000
      0.34000      0.00000      0.00000      0.00000
      0.35000      0.00000      0.00000      0.00000
      0.36000      0.00000      0.00000      0.00000
      0.37000      0.00000      0.00000      0.00000
      0.38000      0.00000      0.00000      0.00000
      0.39000      0.00000      0.00000      0.00000
      0.40000      0.00000      0.00000      0.00000
      0.41000      0.00000      0.00000      0.00000
      0.42000      0.00000      0.00000      0.00000
      0.43000      0.00000      0.00000      0.00000
      0.44000      0.00000      0.00000      0.00000
      0.45000      0.00000      0.00000      0.00000
      0.46000      0.00000      0.00000      0.00000
      0.47000      0.00000      0.00000      0.00000
      0.48000      0.00000      0.00000      0.00000
      0.49000      0.00000      0.00000      0.00000
      0.50000      0.00000      0.00000      0.00000
      0.51000      0.00000      0.00000      0.00000
      0.52000      0.00000      0.00000      0.00000
      0.53000      0.00000      0.00000      0.00000
      0.54000      0.00000      0.00000      0.00000
      0.55000      0.00000      0.00000      0.00000
      0.56000      0.00000      0.00000      0.00000
      0.57000      0.00000      0.00000      0.00000
      0.58000      0.00000      0.00000      0.00000
      0.59000      0.00000      0.00000      0.00000
      0.60000      0.00000      0.00000      0.00000
      0.61000      0.00000      0.00000      0.00000
      0.62000      0.00000      0.00000      0.00000
      0.63000      0.00000      0.00000      0.00000
      0.64000      0.00000      0.00000      0.00000
      0.65000      0.00000      0.00000      0.00000
      0.66000      0.00000      0.00000      0.00000
      0.67000      0.00000      0.00000      0.00000
      0.68000      0.00000      0.00000      0.00000
      0.69000      0.00000      0.00000      0.00000
      0.70000      0.00000      0.00000      0.00000
      0.71000      0.00000      0.00000      0.00000
      0.72000      0.00000      0.00000      0.00000
      0.73000      0.00000      0.00000      0.00000
      0.74000      0.00000      0.00000      0.00000
      0.75000      0.00000      0.00000      0.00000
      0.76000      0.00000      0.00000      0.00000
      0.77000      0.00000      0.00000      0.00000
      0.78000      0.00000      0.00000      0.00000
      0.79000      0.00000      0.00000      0.00000
      0.80000      0.00000      0.00000      0.00000
      0.81000      0.00000      0.00000      0.00000
      0.82000      0.00000      0.00000      0.00000
      0.83000      0.00000      0.00000      0.00000
      0.84000      0.00000      0.00000      0.00000
      0.85000      0.00000      0.00000      0.00000
      0.86000      0.00000      0.00000      0.00000
      0.87000      0.00000      0.00000      0.00000
      0.88000      0.00000      0.00000      0.00000
      0.89000      0.00000      0.00000      0.00000
      0.90000      0.00000      0.00000      0.00000
      0.91000      0.00000      0.00000      0.00000
      0.92000      0.00000      0.00000      0.00000
      0.93000      0.00000      0.00000      0.00000
      0.94000      0.00000      0.00000      0.00000
      0.95000      0.00000      0.00000      0.00000
      0.96000      0.00000      0.00000      0.00000
      0.97000      0.00000      0.00000      0.00000
      0.98000      0.00000      0.00000      0.00000
      0.99000      0.00000      0.00000      0.00000
      1.00000      0.00000      0.00000      0.00000
      1.01000      0.00000      0.00000      0.00000
      1.02000      0.00000      0.00000      0.00000
      1.03000      0.00000      0.00000      0.00000
      1.04000      0.00000      0.00000      0.00000
      1.05000      0.00000      0.00000      0.00000
      1.06000      0.00000      0.00000      0.00000
      1.07000      0.00000      0.00000      0.00000
      1.08000      0.00000      0.00000      0.00000
      1.09000      0.00000      0.00000      0.00000
      1.10000      0.00000      0.00000      0.00000
      1.11000      0.00000      0.00000      0.00000
      1.12000      0.00000      0.00000      0.00000
      1.13000      0.00000      0.00000      0.00000
      1.14000      0.00000      0.00000      0.00000
      1.15000      0.00000      0.00000      0.00000
      1.16000      0.00000      0.00000      0.00000
      1.17000      0.00000      0.00000      0.00000
      1.18000      0.00000      0.00000      0.00000
      1.19000      0.00000      0.00000      0.00000
      1.20000      0.00000      0.00000      0.00000
      1.21000      0.00000      0.00000      0.00000
      1.22000      0.00000      0.00000      0.00000
      1.23000      0.00000      0.00000      0.00000
      1.24000      0.00000      0.00000      0.00000
      1.25000      0.00000      0.00000      0.00000
      1.26000      0.00000      0.00000      0.00000
      1.27000      0.00000      0.00000      0.00000
      1.28000      0.00000      0.00000      0.00000
      1.29000      0.00000      0.00000      0.00000
      1.30000      0.00000      0.00000      0.00000
      1.31000      0.00000      0.00000      0.00000
      1.32000      0.00000      0.00000      0.00000
      1.33000      0.00000      0.00000      0.00000
      1.34000      0.00000      0.00000      0.00000
      1.35000      0.00000      0.00000      0.00000
      1.36000      0.00000      0.00000      0.00000
      1.37000      0.00000      0.00000      0.00000
      1.38000      0.00000      0.00000      0.00000
      1.39000      0.00000      0.00000      0.00000
      1.40000      0.00000      0.00000      0.00000
      1.41000      0.00000      0.00000      0.00000
      1.42000      0.00000      0.00000      0.00000
      1.43000      0.00000      0.00000      0.00000
      1.44000      0.00000      0.00000      0.00000
      1.45000      0.00000      0.00000      0.00000
      1.46000      0.00000      0.00000      0.00000
      1.47000      0.00000      0.00000      0.00000
      1.48000      0.00000      0.00000      0.00000
      1.49000      0.00000      0.00000      0.00000
      1.50000      0.00000      0.00000      0.00000
      1.51000      0.00000      0.00000      0.00000
      1.52000      0.00000      0.00000      0.00000
      1.53000      0.00000      0.00000      0.00000
      1.54000      0.00000      0.00000      0.00000
      1.55000      0.00000      0.00000      0.00000
      1.56000      0.00000      0.00000      0.00000
      1.57000      0.00000      0.00000      0.00000
      1.58000      0.00000      0.00000      0.00000
      1.59000      0.00000      0.00000      0.00000
      1.60000      0.00000      0.00000      0.00000
      1.61000      0.00000      0.00000      0.00000
      1.62000      0.00016      0.00013      0.00003
      1.63000      0.00550      0.00462      0.00088
      1.64000      0.06959      0.05840      0.01119
      1.65000      0.32367      0.27164      0.05203
      1.66000      0.55554      0.46623      0.08930
      1.67000      0.37934      0.31836      0.06098
      1.68000      0.27894      0.23406      0.04489
      1.69000      0.49731      0.41714      0.08017
      1.70000      0.46888      0.39317      0.07571
      1.71000      0.17308      0.14509      0.02799
      1.72000      0.02914      0.02443      0.00471
      1.73000      0.06524      0.05478      0.01045
      1.74000      0.34631      0.29064      0.05568
      1.75000      0.80444      0.67409      0.13035
      1.76000      0.92830      0.77613      0.15217
      1.77000      0.68272      0.56991      0.11281
      1.78000      0.61056      0.50984      0.10072
      1.79000      0.50976      0.42582      0.08394
      1.80000      0.19966      0.16683      0.03284
      1.81000      0.13611      0.11406      0.02205
      1.82000      0.41762      0.35005      0.06756
      1.83000      0.67466      0.56412      0.11055
      1.84000      0.70500      0.58560      0.11940
      1.85000      0.57963      0.47922      0.10041
      1.86000      0.26019      0.21519      0.04500
      1.87000      0.19781      0.16593      0.03187
      1.88000      0.47197      0.39740      0.07457
      1.89000      0.54017      0.45461      0.08557
      1.90000      0.43629      0.36497      0.07132
      1.91000      0.73504      0.60848      0.12657
      1.92000      1.08698      0.88420      0.20278
      1.93000      1.30814      0.99460      0.31355
      1.94000      1.85462      1.24379      0.61083
      1.95000      2.51126      1.56201      0.94925
      1.96000      2.73679      1.67356      1.06324
      1.97000      2.46983      1.45985      1.00998
      1.98000      2.28301      1.29115      0.99186
      1.99000      2.52812      1.48005      1.04808
      2.00000      3.36778      2.04211      1.32567
      2.01000      3.80623      2.34665      1.45958
      2.02000      3.62255      2.31340      1.30915
      2.03000      3.26987      2.11499      1.15488
      2.04000      3.15135      1.97079      1.18056
      2.05000      3.31857      1.94186      1.37671
      2.06000      3.28336      1.86429      1.41907
      2.07000      3.48381      2.12508      1.35874
      2.08000      5.06120      3.26372      1.79748
      2.09000      5.51533      3.55614      1.95920
      2.10000      4.30933      2.71835      1.59099
      2.11000      4.23696      2.64243      1.59453
      2.12000      5.57072      3.55031      2.02041
      2.13000      6.93571      4.51225      2.42346
      2.14000      7.17362      4.85570      2.31792
      2.15000      8.15823      5.82307      2.33517
      2.16000     12.43224      8.96957      3.46267
      2.17000     16.85972     12.00632      4.85340
      2.18000     17.77820     12.71981      5.05839
      2.19000     13.37414      9.96942      3.40472
      2.20000      6.43463      4.98545      1.44918
      2.21000      2.14371      1.55300      0.59071
      2.22000      1.02389      0.57622      0.44767
      2.23000      0.72643      0.34978      0.37666
      2.24000      0.93021      0.41786      0.51235
      2.25000      1.12880      0.52190      0.60691
      2.26000      0.90988      0.45319      0.45670
      2.27000      0.92769      0.48598      0.44171
      2.28000      1.40299      0.75373      0.64926
      2.29000      1.79582      0.99019      0.80562
      2.30000      2.04665      1.12308      0.92357
      2.31000      1.82677      0.97541      0.85136
      2.32000      1.87620      0.96198      0.91423
      2.33000      2.08930      1.06929      1.02001
      2.34000      1.80260      0.98851      0.81409
      2.35000      2.18038      1.30860      0.87179
      2.36000      3.14869      1.89033      1.25837
      2.37000      3.37305      2.01726      1.35579
      2.38000      2.87236      1.71443      1.15793
      2.39000      2.71115      1.64872      1.06243
      2.40000      3.55201      2.19223      1.35978
      2.41000      4.45586      2.64817      1.80769
      2.42000      4.88877      2.89577      1.99300
      2.43000      5.75802      3.59172      2.16629
      2.44000      7.35482      4.68997      2.66484
      2.45000      7.43638      4.72616      2.71023
      2.46000      6.09950      3.92895      2.17055
      2.47000      5.60948      3.68698      1.92250
      2.48000      6.17333      4.10186      2.07148
      2.49000      5.91727      3.89258      2.02469
      2.50000      5.20543      3.23791      1.96752
      2.51000      6.79970      4.16476      2.63493
      2.52000      8.75508      5.72103      3.03405
      2.53000      7.24174      5.00947      2.23227
      2.54000      4.54773      3.03709      1.51064
      2.55000      3.94963      2.35568      1.59394
      2.56000      5.32231      3.16033      2.16197
      2.57000      6.65018      4.13939      2.51079
      2.58000      5.93165      3.73876      2.19289
      2.59000      3.98487      2.44468      1.54019
      2.60000      2.84337      1.69322      1.15015
      2.61000      2.97484      1.62311      1.35173
      2.62000      4.15385      2.24852      1.90533
      2.63000      5.83241      3.56859      2.26383
      2.64000      7.46791      5.14061      2.32730
      2.65000      8.06854      5.71655      2.35199
      2.66000      6.53321      4.46661      2.06659
      2.67000      4.15140      2.69692      1.45448
      2.68000      3.45495      2.22350      1.23145
      2.69000      3.60803      2.27896      1.32907
      2.70000      3.23526      1.99452      1.24074
      2.71000      3.00472      1.78967      1.21505
      2.72000      3.44261      2.05738      1.38523
      2.73000      3.89880      2.36797      1.53083
      2.74000      3.90677      2.37529      1.53148
      2.75000      3.64841      2.22073      1.42768
      2.76000      3.39959      2.03639      1.36320
      2.77000      3.06679      1.96728      1.09950
      2.78000      2.16128      1.49129      0.66998
      2.79000      1.40729      0.91738      0.48991
      2.80000      1.83764      1.00457      0.83307
      2.81000      1.80613      0.93461      0.87152
      2.82000      1.63487      0.90114      0.73373
      2.83000      2.69317      1.61538      1.07779
      2.84000      4.25646      2.56260      1.69387
      2.85000      4.99636      2.99020      2.00616
      2.86000      4.45198      2.63130      1.82068
      2.87000      3.95181      2.23788      1.71393
      2.88000      3.65282      2.05094      1.60188
      2.89000      3.43667      2.00195      1.43472
      2.90000      2.35482      1.40975      0.94506
      2.91000      1.17504      0.67009      0.50495
      2.92000      1.23695      0.58860      0.64836
      2.93000      1.59078      0.75438      0.83640
      2.94000      2.06052      1.10352      0.95700
      2.95000      3.13980      1.79604      1.34376
      2.96000      4.00747      2.24430      1.76317
      2.97000      3.08768      1.66482      1.42287
      2.98000      1.28228      0.65838      0.62391
      2.99000      1.26855      0.62785      0.64070
      3.00000      2.54371      1.30958      1.23413
      3.01000      2.83808      1.56262      1.27546
      3.02000      2.38489      1.43020      0.95469
      3.03000      1.95509      1.13275      0.82234
      3.04000      1.84905      0.96852      0.88053
      3.05000      2.61132      1.40920      1.20212
      3.06000      4.42201      2.50651      1.91550
      3.07000      7.15163      3.95928      3.19235
      3.08000      8.01681      4.26664      3.75017
      3.09000      5.45392      2.85740      2.59652
      3.10000      2.87346      1.53262      1.34084
      3.11000      2.65813      1.39759      1.26054
      3.12000      2.43631      1.26138      1.17493
      3.13000      1.85625      1.06470      0.79154
      3.14000      2.18172      1.33515      0.84657
      3.15000      2.33339      1.39524      0.93816
      3.16000      2.06681      1.13571      0.93110
      3.17000      2.63214      1.35780      1.27434
      3.18000      3.56570      1.85858      1.70712
      3.19000      3.64193      1.89874      1.74320
      3.20000      2.75948      1.40628      1.35320
      3.21000      2.23274      1.13938      1.09336
      3.22000      1.94214      1.04554      0.89660
      3.23000      1.63537      0.92343      0.71195
      3.24000      1.72391      0.94871      0.77520
      3.25000      1.93353      1.06772      0.86581
      3.26000      2.22175      1.19256      1.02919
      3.27000      2.02996      1.07616      0.95380
      3.28000      1.65382      0.93000      0.72383
      3.29000      1.90325      1.06297      0.84028
      3.30000      2.21136      1.15418      1.05718
      3.31000      2.55651      1.32356      1.23294
      3.32000      3.07285      1.63707      1.43577
      3.33000      3.32147      1.80824      1.51322
      3.34000      2.62947      1.44540      1.18407
      3.35000      2.13363      1.19052      0.94312
      3.36000      1.88781      1.07568      0.81213
      3.37000      1.51968      0.88869      0.63099
      3.38000      1.01877      0.58599      0.43278
      3.39000      0.53133      0.27249      0.25883
      3.40000      1.01204      0.45365      0.55839
      3.41000      2.17238      1.01198      1.16040
      3.42000      2.70323      1.36323      1.34000
      3.43000      2.74552      1.44572      1.29980
      3.44000      2.53795      1.31303      1.22491
      3.45000      1.99627      1.05331      0.94296
      3.46000      1.37488      0.78170      0.59318
      3.47000      0.87245      0.49175      0.38070
      3.48000      0.82941      0.41748      0.41194
      3.49000      1.04214      0.52051      0.52163
      3.50000      1.15131      0.57530      0.57602
      3.51000      1.20344      0.58406      0.61938
      3.52000      1.63773      0.77798      0.85975
      3.53000      2.09773      1.01161      1.08612
      3.54000      2.59006      1.27648      1.31359
      3.55000      2.82963      1.41026      1.41938
      3.56000      1.85787      0.93191      0.92597
      3.57000      0.88094      0.43184      0.44910
      3.58000      0.60382      0.28503      0.31879
      3.59000      0.29120      0.13655      0.15464
      3.60000      0.11429      0.05543      0.05886
      3.61000      0.40006      0.19809      0.20198
      3.62000      1.36017      0.65774      0.70243
      3.63000      2.85903      1.34150      1.51753
      3.64000      3.65749      1.68827      1.96922
      3.65000      2.72656      1.26631      1.46025
      3.66000      1.19884      0.57125      0.62759
      3.67000      0.50517      0.24582      0.25935
      3.68000      0.57497      0.27595      0.29902
      3.69000      0.63287      0.30343      0.32944
      3.70000      0.99548      0.48772      0.50776
      3.71000      1.43940      0.71298      0.72643
      3.72000      1.25378      0.62330      0.63048
      3.73000      1.68081      0.82233      0.85849
      3.74000      2.58677      1.24210      1.34468
      3.75000      2.27766      1.07588      1.20178
      3.76000      1.33464      0.62448      0.71015
      3.77000      1.11143      0.53621      0.57522
      3.78000      1.14563      0.56242      0.58321
      3.79000      0.70805      0.34811      0.35995
      3.80000      0.48099      0.23708      0.24391
      3.81000      0.90125      0.44107      0.46017
      3.82000      2.09412      1.00915      1.08498
      3.83000      2.84689      1.34296      1.50393
      3.84000      2.57329      1.19589      1.37740
      3.85000      2.65756      1.24946      1.40810
      3.86000      3.04679      1.43900      1.60779
      3.87000      2.67467      1.26195      1.41271
      3.88000      1.91679      0.92159      0.99520
      3.89000      1.50810      0.74527      0.76283
      3.90000      1.15634      0.57089      0.58545
      3.91000      1.00530      0.47941      0.52589
      3.92000      1.42814      0.67407      0.75407
      3.93000      1.37300      0.65341      0.71959
      3.94000      0.62520      0.29833      0.32687
      3.95000      0.34468      0.16152      0.18316
      3.96000      0.59389      0.27607      0.31782
      3.97000      0.73994      0.34319      0.39674
      3.98000      1.01458      0.46685      0.54773
      3.99000      1.42398      0.65202      0.77196
      4.00000      1.37643      0.63082      0.74560
      4.01000      1.09806      0.50481      0.59325
      4.02000      0.84167      0.38942      0.45225
      4.03000      0.75158      0.35025      0.40133
      4.04000      0.88766      0.41353      0.47413
      4.05000      1.34856      0.62729      0.72127
      4.06000      1.65080      0.77132      0.87948
      4.07000      1.77175      0.83228      0.93947
      4.08000      1.40010      0.65654      0.74357
      4.09000      1.12385      0.52111      0.60273
      4.10000      1.58198      0.73112      0.85086
      4.11000      2.46036      1.14378      1.31658
      4.12000      2.93400      1.36905      1.56495
      4.13000      2.39227      1.11661      1.27566
      4.14000      2.24218      1.04933      1.19285
      4.15000      2.69361      1.26733      1.42628
      4.16000      2.71385      1.27768      1.43617
      4.17000      3.12707      1.46805      1.65902
      4.18000      4.13753      1.94756      2.18998
      4.19000      4.67362      2.19721      2.47641
      4.20000      4.92382      2.30133      2.62248
      4.21000      4.98127      2.34176      2.63951
      4.22000      4.94008      2.36215      2.57792
      4.23000      4.64540      2.22991      2.41550
      4.24000      3.90422      1.85268      2.05154
      4.25000      3.55453      1.67721      1.87732
      4.26000      2.96666      1.41658      1.55008
      4.27000      2.65612      1.30182      1.35430
      4.28000      2.86331      1.44211      1.42120
      4.29000      2.67432      1.36365      1.31067
      4.30000      1.99528      1.02088      0.97440
      4.31000      1.84786      0.94493      0.90294
      4.32000      1.78358      0.91079      0.87279
      4.33000      1.57000      0.80456      0.76544
      4.34000      1.90967      0.97916      0.93051
      4.35000      2.73291      1.39915      1.33376
      4.36000      2.67775      1.37522      1.30253
      4.37000      1.68183      0.87734      0.80449
      4.38000      1.05398      0.56511      0.48887
      4.39000      1.32437      0.70608      0.61829
      4.40000      1.90016      1.00294      0.89722
      4.41000      1.59527      0.84078      0.75448
      4.42000      0.96950      0.51197      0.45753
      4.43000      0.85863      0.45307      0.40555
      4.44000      1.11052      0.58844      0.52208
      4.45000      1.60898      0.86443      0.74454
      4.46000      2.57227      1.41295      1.15932
      4.47000      3.44128      1.91102      1.53026
      4.48000      2.41877      1.34408      1.07468
      4.49000      1.05452      0.58160      0.47292
      4.50000      0.74096      0.40643      0.33454
      4.51000      0.71883      0.39561      0.32323
      4.52000      0.80136      0.44414      0.35722
      4.53000      0.95495      0.53463      0.42032
      4.54000      1.10244      0.62462      0.47782
      4.55000      1.43845      0.82124      0.61721
      4.56000      1.32113      0.75650      0.56463
      4.57000      0.76713      0.44005      0.32708
      4.58000      0.66727      0.38305      0.28422
      4.59000      0.76748      0.44228      0.32520
      4.60000      1.12889      0.65373      0.47516
      4.61000      1.27444      0.74062      0.53382
      4.62000      1.14989      0.67362      0.47627
      4.63000      1.28709      0.75954      0.52755
      4.64000      1.27783      0.75610      0.52173
      4.65000      0.87944      0.52035      0.35908
      4.66000      0.63845      0.37818      0.26026
      4.67000      0.64799      0.38498      0.26301
      4.68000      0.54129      0.32248      0.21881
      4.69000      0.66198      0.39628      0.26570
      4.70000      0.92876      0.55770      0.37106
      4.71000      0.81727      0.49213      0.32513
      4.72000      0.61076      0.36897      0.24179
      4.73000      0.62532      0.37857      0.24675
      4.74000      0.54589      0.33135      0.21454
      4.75000      0.67866      0.41391      0.26475
      4.76000      0.97878      0.59831      0.38047
      4.77000      1.07026      0.65541      0.41485
      4.78000      0.85863      0.52647      0.33216
      4.79000      0.43470      0.26690      0.16780
      4.80000      0.32485      0.20062      0.12423
      4.81000      0.56555      0.35010      0.21545
      4.82000      0.66305      0.41108      0.25197
      4.83000      0.66270      0.41174      0.25096
      4.84000      0.45280      0.28155      0.17125
      4.85000      0.13355      0.08305      0.05050
      4.86000      0.01487      0.00925      0.00562
      4.87000      0.00061      0.00038      0.00023
      4.88000      0.00001      0.00001      0.00000
      4.89000      0.00000      0.00000      0.00000
      4.90000      0.00000      0.00000      0.00000
      4.91000      0.00000      0.00000      0.00000
      4.92000      0.00000      0.00000      0.00000
      4.93000      0.00000      0.00000      0.00000
      4.94000      0.00000      0.00000      0.00000
      4.95000      0.00000      0.00000      0.00000
      4.96000      0.00000      0.00000      0.00000
      4.97000      0.00000      0.00000      0.00000
      4.98000      0.00000      0.00000      0.00000
      4.99000      0.00000      0.00000      0.00000
      5.00000      0.00000      0.00000      0.00000
      5.01000      0.00000      0.00000      0.00000
      5.02000      0.00000      0.00000      0.00000
      5.03000      0.00000      0.00000      0.00000
      5.04000      0.00000      0.00000      0.00000
      5.05000      0.00000      0.00000      0.00000
      5.06000      0.00000      0.00000      0.00000
      5.07000      0.00000      0.00000      0.00000
      5.08000      0.00000      0.00000      0.00000
      5.09000      0.00000      0.00000      0.00000
      5.10000      0.00000      0.00000      0.00000
      5.11000      0.00000      0.00000      0.00000
      5.12000      0.00000      0.00000      0.00000
      5.13000      0.00000      0.00000      0.00000
      5.14000      0.00000      0.00000      0.00000
      5.15000      0.00000      0.00000      0.00000
      5.16000      0.00000      0.00000      0.00000
      5.17000      0.00000      0.00000      0.00000
      5.18000      0.00000      0.00000      0.00000
      5.19000      0.00000      0.00000      0.00000
      5.20000      0.00000      0.00000      0.00000
      5.21000      0.00000      0.00000      0.00000
      5.22000      0.00000      0.00000      0.00000
      5.23000      0.00000      0.00000      0.00000
      5.24000      0.00000      0.00000      0.00000
      5.25000      0.00000      0.00000      0.00000
      5.26000      0.00000      0.00000      0.00000
      5.27000      0.00000      0.00000      0.00000
      5.28000      0.00000      0.00000      0.00000
      5.29000      0.00000      0.00000      0.00000
      5.30000      0.00000      0.00000      0.00000
      5.31000      0.00000      0.00000      0.00000
      5.32000      0.00000      0.00000      0.00000
      5.33000      0.00000      0.00000      0.00000
      5.34000      0.00000      0.00000      0.00000
      5.35000      0.00000      0.00000      0.00000
      5.36000      0.00000      0.00000      0.00000
      5.37000      0.00000      0.00000      0.00000
      5.38000      0.00000      0.00000      0.00000
      5.39000      0.00000      0.00000      0.00000
      5.40000      0.00000      0.00000      0.00000
      5.41000      0.00000      0.00000      0.00000
      5.42000      0.00000      0.00000      0.00000
      5.43000      0.00000      0.00000      0.00000
      5.44000      0.00000      0.00000      0.00000
      5.45000      0.00000      0.00000      0.00000
      5.46000      0.00000      0.00000      0.00000
      5.47000      0.00000      0.00000      0.00000
      5.48000      0.00000      0.00000      0.00000
      5.49000      0.00000      0.00000      0.00000
      5.50000      0.00000      0.00000      0.00000
      5.51000      0.00000      0.00000      0.00000
      5.52000      0.00000      0.00000      0.00000
      5.53000      0.00000      0.00000      0.00000
      5.54000      0.00000      0.00000      0.00000
      5.55000      0.00000      0.00000      0.00000
      5.56000      0.00000      0.00000      0.00000
      5.57000      0.00000      0.00000      0.00000
      5.58000      0.00000      0.00000      0.00000
      5.59000      0.00000      0.00000      0.00000
      5.60000      0.00000      0.00000      0.00000
      5.61000      0.00000      0.00000      0.00000
      5.62000      0.00000      0.00000      0.00000
      5.63000      0.00000      0.00000      0.00000
      5.64000      0.00000      0.00000      0.00000
      5.65000      0.00000      0.00000      0.00000
      5.66000      0.00000      0.00000      0.00000
      5.67000      0.00000      0.00000      0.00000
      5.68000      0.00000      0.00000      0.00000
      5.69000      0.00000      0.00000      0.00000
      5.70000      0.00000      0.00000      0.00000
      5.71000      0.00000      0.00000      0.00000
      5.72000      0.00000      0.00000      0.00000
      5.73000      0.00000      0.00000      0.00000
      5.74000      0.00000      0.00000      0.00000
      5.75000      0.00000      0.00000      0.00000
      5.76000      0.00000      0.00000      0.00000
      5.77000      0.00000      0.00000      0.00000
      5.78000      0.00000      0.00000      0.00000
      5.79000      0.00000      0.00000      0.00000
      5.80000      0.00000      0.00000      0.00000
      5.81000      0.00000      0.00000      0.00000
      5.82000      0.00000      0.00000      0.00000
      5.83000      0.00000      0.00000      0.00000
      5.84000      0.00000      0.00000      0.00000
      5.85000      0.00000      0.00000      0.00000
      5.86000      0.00000      0.00000      0.00000
      5.87000      0.00000      0.00000      0.00000
      5.88000      0.00000      0.00000      0.00000
      5.89000      0.00000      0.00000      0.00000
      5.90000      0.00000      0.00000      0.00000
      5.91000      0.00000      0.00000      0.00000
      5.92000      0.00000      0.00000      0.00000
      5.93000      0.00000      0.00000      0.00000
      5.94000      0.00000      0.00000      0.00000
      5.95000      0.00000      0.00000      0.00000
      5.96000      0.00000      0.00000      0.00000
      5.97000      0.00000      0.00000      0.00000
      5.98000      0.00000      0.00000      0.00000
      5.99000      0.00000      0.00000      0.00000
      6.00000      0.00000      0.00000      0.00000
      6.01000      0.00000      0.00000      0.00000
      6.02000      0.00000      0.00000      0.00000
      6.03000      0.00000      0.00000      0.00000
      6.04000      0.00000      0.00000      0.00000
      6.05000      0.00000      0.00000      0.00000
      6.06000      0.00000      0.00000      0.00000
      6.07000      0.00000      0.00000      0.00000
      6.08000      0.00000      0.00000      0.00000
      6.09000      0.00000      0.00000      0.00000
      6.10000      0.00000      0.00000      0.00000
      6.11000      0.00000      0.00000      0.00000
      6.12000      0.00000      0.00000      0.00000
      6.13000      0.00000      0.00000      0.00000
      6.14000      0.00000      0.00000      0.00000
      6.15000      0.00000      0.00000      0.00000
      6.16000      0.00000      0.00000      0.00000
      6.17000      0.00000      0.00000      0.00000
      6.18000      0.00000      0.00000      0.00000
      6.19000      0.00000      0.00000      0.00000
      6.20000      0.00000      0.00000      0.00000
      6.21000      0.00000      0.00000      0.00000
      6.22000      0.00000      0.00000      0.00000
      6.23000      0.00021      0.00005      0.00016
      6.24000      0.00686      0.00168      0.00517
      6.25000      0.08138      0.01996      0.06141
      6.26000      0.36720      0.09008      0.27712
      6.27000      0.70264      0.17235      0.53029
      6.28000      0.76693      0.18817      0.57876
      6.29000      0.57900      0.14220      0.43680
      6.30000      0.23677      0.05821      0.17856
      6.31000      0.10486      0.02569      0.07917
      6.32000      0.36342      0.08893      0.27449
      6.33000      0.84189      0.20671      0.63518
      6.34000      0.91660      0.22607      0.69052
      6.35000      0.47208      0.11687      0.35521
      6.36000      0.10596      0.02629      0.07968
      6.37000      0.01262      0.00313      0.00949
      6.38000      0.05481      0.01352      0.04129
      6.39000      0.36377      0.08962      0.27415
      6.40000      0.96033      0.23634      0.72399
      6.41000      1.11236      0.27392      0.83843
      6.42000      0.90182      0.22328      0.67855
      6.43000      0.88910      0.21983      0.66928
      6.44000      0.77585      0.18998      0.58587
      6.45000      0.40359      0.09829      0.30530
      6.46000      0.16745      0.04146      0.12599
      6.47000      0.35273      0.08913      0.26360
      6.48000      0.59187      0.14934      0.44253
      6.49000      0.54181      0.13499      0.40682
      6.50000      0.62606      0.15345      0.47260
      6.51000      0.73179      0.17939      0.55240
      6.52000      0.49824      0.12276      0.37548
      6.53000      0.41405      0.10370      0.31036
      6.54000      0.58025      0.14627      0.43398
      6.55000      0.48350      0.12223      0.36127
      6.56000      0.37584      0.09535      0.28049
      6.57000      0.40561      0.10137      0.30424
      6.58000      0.55438      0.13565      0.41873
      6.59000      0.50072      0.12186      0.37886
      6.60000      0.18475      0.04493      0.13982
      6.61000      0.03262      0.00797      0.02465
      6.62000      0.09319      0.02314      0.07006
      6.63000      0.47590      0.11829      0.35761
      6.64000      1.13533      0.28238      0.85295
      6.65000      1.39966      0.34800      1.05166
      6.66000      1.03992      0.25952      0.78040
      6.67000      1.01115      0.25630      0.75485
      6.68000      1.32461      0.33574      0.98888
      6.69000      1.12385      0.28157      0.84227
      6.70000      0.56561      0.14006      0.42555
      6.71000      0.15635      0.03863      0.11772
      6.72000      0.14127      0.03607      0.10519
      6.73000      0.44792      0.11472      0.33320
      6.74000      0.69883      0.17769      0.52113
      6.75000      0.72117      0.18039      0.54077
      6.76000      0.55715      0.13797      0.41919
      6.77000      0.32350      0.08036      0.24314
      6.78000      0.45571      0.11415      0.34156
      6.79000      0.55566      0.13942      0.41624
      6.80000      0.44807      0.11322      0.33485
      6.81000      0.79682      0.20237      0.59446
      6.82000      1.14713      0.29044      0.85668
      6.83000      0.99053      0.25039      0.74013
      6.84000      0.93178      0.23314      0.69843
      6.85000      0.57563      0.11066      0.46269
      6.86000      0.01099     -0.12420      0.12717
      6.87000     -0.11219     -0.13135      0.01311
      6.88000      0.12509      0.13179      0.00069
      6.89000      0.21484      0.22092      0.00577
      6.90000      0.33953      0.28981      0.06494
      6.91000      0.63416      0.38048      0.27027
      6.92000      0.71370      0.28241      0.43885
      6.93000      0.68454      0.19173      0.49410
      6.94000      1.32042      0.34049      0.98038
      6.95000      1.89181      0.53405      1.36265
      6.96000      1.85262      0.72855      1.14744
      6.97000      1.98309      0.95952      1.06467
      6.98000      1.61530      0.71654      0.92625
      6.99000      0.92377      0.37962      0.55752
      7.00000      0.92883      0.44460      0.50420
      7.01000      1.07937      0.48035      0.61872
      7.02000      0.83290      0.29021      0.55003
      7.03000      0.45054      0.12645      0.32510
      7.04000      0.32335      0.08375      0.23969
      7.05000      0.39598      0.11216      0.28492
      7.06000      0.67508      0.27322      0.41247
      7.07000      1.18964      0.65436      0.57289
      7.08000      1.31507      0.79081      0.57335
      7.09000      0.77625      0.41700      0.38281
      7.10000      0.42104      0.14680      0.27840
      7.11000      0.78062      0.20304      0.57786
      7.12000      1.03493      0.26565      0.76930
      7.13000      0.65540      0.16930      0.48610
      7.14000      0.50095      0.13465      0.36629
      7.15000      0.78066      0.21119      0.56949
      7.16000      0.86855      0.23552      0.63364
      7.17000      0.71615      0.24853      0.47520
      7.18000      1.02419      0.54738      0.51162
      7.19000      1.71996      0.92078      0.85817
      7.20000      1.61917      0.73382      0.92467
      7.21000      1.05856      0.49647      0.59028
      7.22000      0.78110      0.62613      0.20892
      7.23000      0.65289      0.58503      0.12048
      7.24000      0.80362      0.36762      0.45511
      7.25000      1.67605      0.46733      1.21128
      7.26000      2.28859      0.60598      1.68281
      7.27000      1.79208      0.48849      1.30505
      7.28000      1.23413      0.41297      0.83170
      7.29000      1.17089      0.52406      0.67472
      7.30000      0.98801      0.47402      0.54116
      7.31000      0.61497      0.25481      0.37034
      7.32000      0.75967      0.27377      0.49238
      7.33000      1.26993      0.51477      0.77714
      7.34000      1.49598      0.64077      0.88918
      7.35000      1.41058      0.50613      0.92383
      7.36000      1.28903      0.36158      0.93153
      7.37000      0.94117      0.24725      0.69501
      7.38000      0.57637      0.21395      0.37173
      7.39000      0.85782      0.51682      0.38192
      7.40000      1.07286      0.75522      0.38386
      7.41000      0.54608      0.42554      0.15997
      7.42000      0.15700      0.10277      0.06286
      7.43000      0.34087      0.09264      0.24893
      7.44000      0.78515      0.20199      0.58318
      7.45000      0.73027      0.18803      0.54224
      7.46000      0.50995      0.13254      0.37741
      7.47000      0.64917      0.16861      0.48056
      7.48000      0.72144      0.18312      0.53847
      7.49000      0.67524      0.18561      0.49276
      7.50000      0.51959      0.28186      0.26141
      7.51000      0.57845      0.58281      0.06270
      7.52000      0.70308      0.71420      0.07048
      7.53000      0.97375      0.76975      0.28169
      7.54000      1.28511      0.82150      0.53625
      7.55000      1.29491      0.56070      0.76805
      7.56000      1.38249      0.41816      0.97355
      7.57000      1.28784      0.50195      0.80890
      7.58000      1.16276      0.73116      0.48954
      7.59000      0.71181      0.58988      0.17651
      7.60000      0.21668      0.19635      0.03924
      7.61000      0.15661      0.05590      0.10313
      7.62000      0.47832      0.11745      0.36101
      7.63000      0.77571      0.19742      0.57894
      7.64000      0.68554      0.22408      0.46755
      7.65000      0.74027      0.36761      0.39368
      7.66000      0.83399      0.44079      0.41992
      7.67000      0.42163      0.21672      0.21778
      7.68000      0.12269      0.08812      0.04263
      7.69000      0.25813      0.28917      0.00325
      7.70000      0.54401      0.61103      0.00558
      7.71000      0.50411      0.49782      0.06307
      7.72000      0.47836      0.22831      0.26642
      7.73000      0.59537      0.17128      0.42667
