Energy-E_F (eV)    DOS (1/eV)    PDOS (1/eV)  of atom type W  Se 
     -5.43962      3.55887      1.07182      2.48705
     -5.42962      2.90297      0.88935      2.01362
     -5.41962      2.29635      0.68694      1.60941
     -5.40962      2.27166      0.69063      1.58102
     -5.39962      2.74216      0.79492      1.94724
     -5.38962      2.82448      0.78929      2.03519
     -5.37962      2.37707      0.70079      1.67628
     -5.36962      2.63057      0.81336      1.81721
     -5.35962      2.82857      0.86725      1.96131
     -5.34962      1.87183      0.56807      1.30376
     -5.33962      1.19810      0.35502      0.84309
     -5.32962      1.77638      0.49390      1.28248
     -5.31962      2.33188      0.63053      1.70136
     -5.30962      1.92305      0.54681      1.37623
     -5.29962      1.20724      0.36425      0.84299
     -5.28962      1.00474      0.28518      0.71955
     -5.27962      1.14040      0.29703      0.84338
     -5.26962      0.85434      0.22044      0.63390
     -5.25962      0.58396      0.15655      0.42740
     -5.24962      1.05303      0.27268      0.78035
     -5.23962      1.69573      0.41441      1.28132
     -5.22962      1.52559      0.37326      1.15233
     -5.21962      0.90854      0.24982      0.65872
     -5.20962      0.79637      0.24272      0.55366
     -5.19962      1.07356      0.30605      0.76751
     -5.18962      1.15081      0.29965      0.85115
     -5.17962      0.81946      0.21099      0.60847
     -5.16962      0.41074      0.11081      0.29993
     -5.15962      0.41563      0.10703      0.30860
     -5.14962      0.99164      0.23850      0.75315
     -5.13962      1.51185      0.35808      1.15377
     -5.12962      1.21913      0.30503      0.91409
     -5.11962      0.74022      0.20770      0.53252
     -5.10962      0.60771      0.17735      0.43036
     -5.09962      0.57877      0.15607      0.42270
     -5.08962      0.72812      0.17706      0.55106
     -5.07962      0.76451      0.19146      0.57305
     -5.06962      0.49111      0.13326      0.35785
     -5.05962      0.31333      0.08839      0.22494
     -5.04962      0.71269      0.19216      0.52054
     -5.03962      1.49771      0.38439      1.11333
     -5.02962      1.70659      0.42955      1.27704
     -5.01962      1.15530      0.30918      0.84612
     -5.00962      0.64780      0.19371      0.45409
     -4.99962      0.34871      0.10679      0.24192
     -4.98962      0.35689      0.09314      0.26375
     -4.97962      0.72592      0.17885      0.54708
     -4.96962      0.80915      0.20387      0.60527
     -4.95962      0.54800      0.14847      0.39953
     -4.94962      0.29222      0.08346      0.20876
     -4.93962      0.35980      0.09597      0.26384
     -4.92962      1.42592      0.36573      1.06019
     -4.91962      3.52893      0.89387      2.63506
     -4.90962      5.05624      1.28154      3.77469
     -4.89962      4.69592      1.20078      3.49514
     -4.88962      3.78991      0.97691      2.81300
     -4.87962      3.05714      0.79257      2.26456
     -4.86962      2.27628      0.58491      1.69137
     -4.85962      2.51602      0.63324      1.88278
     -4.84962      3.10345      0.78488      2.31858
     -4.83962      2.84120      0.73897      2.10223
     -4.82962      2.46628      0.66327      1.80302
     -4.81962      2.37796      0.65500      1.72296
     -4.80962      2.66693      0.74719      1.91974
     -4.79962      3.65429      0.99010      2.66419
     -4.78962      4.07105      1.06241      3.00864
     -4.77962      2.84275      0.72598      2.11677
     -4.76962      1.60481      0.40581      1.19900
     -4.75962      1.50450      0.40097      1.10352
     -4.74962      1.96942      0.53567      1.43375
     -4.73962      2.25086      0.58664      1.66423
     -4.72962      2.54068      0.64376      1.89693
     -4.71962      2.86108      0.73191      2.12917
     -4.70962      2.90445      0.77997      2.12448
     -4.69962      2.78439      0.77338      2.01101
     -4.68962      2.30155      0.62621      1.67534
     -4.67962      2.15306      0.58607      1.56698
     -4.66962      3.11414      0.85909      2.25506
     -4.65962      4.23654      1.16729      3.06925
     -4.64962      3.69634      1.01975      2.67659
     -4.63962      2.22592      0.61432      1.61159
     -4.62962      1.62650      0.46431      1.16219
     -4.61962      2.00052      0.58751      1.41301
     -4.60962      3.05147      0.85408      2.19739
     -4.59962      4.57245      1.25000      3.32244
     -4.58962      5.04089      1.44813      3.59276
     -4.57962      3.97369      1.22077      2.75293
     -4.56962      3.26634      1.02843      2.23791
     -4.55962      3.83214      1.18319      2.64895
     -4.54962      4.72289      1.45603      3.26686
     -4.53962      5.36528      1.67803      3.68725
     -4.52962      5.84326      1.81564      4.02762
     -4.51962      5.99303      1.82799      4.16504
     -4.50962      5.53938      1.66822      3.87116
     -4.49962      4.56463      1.37643      3.18820
     -4.48962      3.53505      1.09012      2.44494
     -4.47962      3.20433      1.01171      2.19263
     -4.46962      3.66225      1.15477      2.50749
     -4.45962      4.14664      1.28734      2.85930
     -4.44962      4.49976      1.37838      3.12138
     -4.43962      4.96183      1.50582      3.45602
     -4.42962      5.45698      1.65043      3.80655
     -4.41962      5.40689      1.64504      3.76184
     -4.40962      4.48269      1.36594      3.11675
     -4.39962      3.34502      1.00065      2.34436
     -4.38962      2.44685      0.70757      1.73928
     -4.37962      1.69242      0.47716      1.21526
     -4.36962      1.13263      0.33475      0.79788
     -4.35962      0.87253      0.31045      0.56208
     -4.34962      0.77049      0.30656      0.46393
     -4.33962      0.75659      0.28628      0.47031
     -4.32962      1.08806      0.39289      0.69517
     -4.31962      1.21507      0.43503      0.78004
     -4.30962      1.13898      0.39645      0.74253
     -4.29962      0.97022      0.32077      0.64945
     -4.28962      0.45530      0.14322      0.31207
     -4.27962      0.09972      0.03067      0.06905
     -4.26962      0.12696      0.04384      0.08312
     -4.25962      0.56625      0.19381      0.37244
     -4.24962      1.23920      0.41423      0.82496
     -4.23962      1.56147      0.51218      1.04929
     -4.22962      1.24672      0.40119      0.84552
     -4.21962      0.57486      0.17857      0.39629
     -4.20962      0.14356      0.04335      0.10020
     -4.19962      0.11539      0.04063      0.07476
     -4.18962      0.49191      0.17791      0.31400
     -4.17962      1.16522      0.40973      0.75549
     -4.16962      1.81920      0.58546      1.23375
     -4.15962      2.22193      0.65018      1.57175
     -4.14962      1.85879      0.51335      1.34543
     -4.13962      1.17836      0.30122      0.87714
     -4.12962      0.93259      0.25348      0.67910
     -4.11962      0.98562      0.31610      0.66952
     -4.10962      1.34717      0.40460      0.94257
     -4.09962      1.85068      0.48289      1.36779
     -4.08962      2.02733      0.49701      1.53031
     -4.07962      1.67778      0.44498      1.23281
     -4.06962      1.28841      0.39626      0.89215
     -4.05962      0.94044      0.29357      0.64687
     -4.04962      0.72714      0.23240      0.49473
     -4.03962      0.79511      0.28916      0.50594
     -4.02962      0.93330      0.34210      0.59120
     -4.01962      1.24673      0.41373      0.83300
     -4.00962      1.29710      0.39821      0.89889
     -3.99962      0.81686      0.24413      0.57272
     -3.98962      0.77557      0.22660      0.54897
     -3.97962      1.38401      0.42103      0.96299
     -3.96962      1.48857      0.46727      1.02130
     -3.95962      1.09916      0.33835      0.76081
     -3.94962      0.71052      0.20331      0.50720
     -3.93962      0.46383      0.11179      0.35205
     -3.92962      0.33679      0.07917      0.25763
     -3.91962      0.41782      0.14497      0.27285
     -3.90962      1.03741      0.38366      0.65375
     -3.89962      1.64718      0.54521      1.10197
     -3.88962      1.65476      0.44284      1.21192
     -3.87962      1.41581      0.33636      1.07944
     -3.86962      1.47393      0.37084      1.10309
     -3.85962      2.01756      0.50247      1.51509
     -3.84962      3.09435      0.77667      2.31768
     -3.83962      4.32137      1.11458      3.20678
     -3.82962      4.83706      1.22203      3.61502
     -3.81962      4.59849      1.04950      3.54899
     -3.80962      4.84905      0.94437      3.90468
     -3.79962      5.80996      1.06469      4.74527
     -3.78962      5.65755      1.14718      4.51038
     -3.77962      4.51032      1.07842      3.43191
     -3.76962      3.18366      0.80044      2.38322
     -3.75962      2.39302      0.62127      1.77175
     -3.74962      3.02831      0.88425      2.14406
     -3.73962      3.98446      1.18902      2.79545
     -3.72962      4.02619      1.18528      2.84090
     -3.71962      3.55341      1.05845      2.49496
     -3.70962      3.18691      0.96875      2.21816
     -3.69962      2.74122      0.82551      1.91570
     -3.68962      2.39466      0.72539      1.66927
     -3.67962      2.45359      0.74959      1.70399
     -3.66962      2.50360      0.78001      1.72359
     -3.65962      2.22399      0.71300      1.51098
     -3.64962      1.72223      0.54163      1.18060
     -3.63962      1.58744      0.52264      1.06480
     -3.62962      2.43225      0.86102      1.57123
     -3.61962      2.91018      1.05133      1.85885
     -3.60962      2.70677      0.96486      1.74191
     -3.59962      2.98896      1.05182      1.93714
     -3.58962      2.90987      1.02707      1.88280
     -3.57962      2.06873      0.70594      1.36280
     -3.56962      2.01791      0.61145      1.40647
     -3.55962      2.90405      0.87584      2.02821
     -3.54962      3.39597      1.07877      2.31720
     -3.53962      2.82324      0.90971      1.91353
     -3.52962      1.72933      0.54267      1.18665
     -3.51962      1.00051      0.30729      0.69322
     -3.50962      1.11821      0.39415      0.72407
     -3.49962      2.66174      0.98290      1.67883
     -3.48962      3.96959      1.44806      2.52152
     -3.47962      3.33524      1.21819      2.11705
     -3.46962      2.35991      0.90639      1.45352
     -3.45962      2.02405      0.81872      1.20532
     -3.44962      2.36132      0.92613      1.43519
     -3.43962      2.86200      1.08261      1.77939
     -3.42962      2.33458      0.87468      1.45990
     -3.41962      1.50562      0.55856      0.94705
     -3.40962      1.40206      0.50469      0.89737
     -3.39962      2.25302      0.79667      1.45635
     -3.38962      3.12689      1.09221      2.03468
     -3.37962      3.03239      1.05165      1.98075
     -3.36962      2.60316      0.93221      1.67096
     -3.35962      2.42989      0.92000      1.50990
     -3.34962      2.36806      0.93045      1.43761
     -3.33962      2.05685      0.83668      1.22017
     -3.32962      1.98692      0.77236      1.21456
     -3.31962      2.40321      0.90069      1.50252
     -3.30962      2.81617      1.07498      1.74119
     -3.29962      2.91940      1.14761      1.77179
     -3.28962      2.86178      1.17655      1.68523
     -3.27962      2.77825      1.16342      1.61484
     -3.26962      2.64995      1.09660      1.55335
     -3.25962      2.50420      1.02495      1.47925
     -3.24962      2.51413      1.03517      1.47895
     -3.23962      2.35551      0.97676      1.37875
     -3.22962      2.39674      0.98681      1.40993
     -3.21962      2.58231      1.04966      1.53265
     -3.20962      2.47938      0.97157      1.50781
     -3.19962      2.19973      0.84728      1.35245
     -3.18962      2.42959      0.91882      1.51076
     -3.17962      2.70952      0.92435      1.78517
     -3.16962      2.51591      0.82026      1.69565
     -3.15962      2.25287      0.76434      1.48853
     -3.14962      2.08082      0.73952      1.34130
     -3.13962      2.09867      0.76708      1.33159
     -3.12962      2.40075      0.87931      1.52144
     -3.11962      2.47319      0.91135      1.56184
     -3.10962      2.03461      0.72306      1.31155
     -3.09962      1.21136      0.41230      0.79906
     -3.08962      0.66954      0.24346      0.42608
     -3.07962      1.04468      0.39289      0.65179
     -3.06962      1.92503      0.69355      1.23148
     -3.05962      2.37669      0.88464      1.49205
     -3.04962      1.89224      0.76873      1.12351
     -3.03962      1.34106      0.53445      0.80661
     -3.02962      1.53223      0.54546      0.98677
     -3.01962      1.87967      0.64732      1.23235
     -3.00962      1.74835      0.60034      1.14801
     -2.99962      1.50247      0.55235      0.95012
     -2.98962      1.25342      0.47091      0.78251
     -2.97962      1.39572      0.44776      0.94796
     -2.96962      1.69362      0.51221      1.18141
     -2.95962      1.70591      0.54244      1.16346
     -2.94962      1.71927      0.61954      1.09973
     -2.93962      1.41292      0.55536      0.85756
     -2.92962      1.32436      0.50734      0.81702
     -2.91962      2.05306      0.72776      1.32530
     -2.90962      2.39244      0.82570      1.56674
     -2.89962      1.94392      0.68637      1.25755
     -2.88962      1.58963      0.55137      1.03826
     -2.87962      1.36541      0.44159      0.92382
     -2.86962      1.12132      0.35883      0.76249
     -2.85962      0.98997      0.30406      0.68591
     -2.84962      0.92141      0.25473      0.66668
     -2.83962      1.14329      0.33480      0.80850
     -2.82962      1.39673      0.44841      0.94833
     -2.81962      1.43915      0.53486      0.90428
     -2.80962      1.21527      0.49493      0.72034
     -2.79962      0.71863      0.29879      0.41984
     -2.78962      0.73991      0.24924      0.49067
     -2.77962      1.50762      0.41711      1.09052
     -2.76962      2.11222      0.60450      1.50772
     -2.75962      2.24843      0.74455      1.50387
     -2.74962      2.35227      0.85750      1.49477
     -2.73962      2.29745      0.83717      1.46029
     -2.72962      2.37559      0.85015      1.52544
     -2.71962      2.26930      0.77600      1.49330
     -2.70962      1.74927      0.52828      1.22098
     -2.69962      1.57470      0.43528      1.13942
     -2.68962      1.56442      0.46598      1.09844
     -2.67962      1.71168      0.56218      1.14950
     -2.66962      2.05115      0.69988      1.35127
     -2.65962      2.42490      0.86346      1.56143
     -2.64962      2.16827      0.75245      1.41582
     -2.63962      1.83153      0.53103      1.30050
     -2.62962      2.31232      0.61621      1.69612
     -2.61962      2.68281      0.77748      1.90533
     -2.60962      2.85504      0.85300      2.00204
     -2.59962      3.85808      1.02677      2.83131
     -2.58962      5.80324      1.45735      4.34588
     -2.57962      7.03898      1.69812      5.34086
     -2.56962      7.14468      1.59956      5.54512
     -2.55962      6.69653      1.45459      5.24194
     -2.54962      5.95806      1.29497      4.66309
     -2.53962      5.41898      1.19765      4.22133
     -2.52962      4.41065      1.00420      3.40645
     -2.51962      3.43165      0.76339      2.66826
     -2.50962      3.34919      0.79161      2.55758
     -2.49962      3.86988      1.07013      2.79975
     -2.48962      4.24932      1.25426      2.99506
     -2.47962      3.85822      1.09885      2.75937
     -2.46962      3.14934      0.85636      2.29298
     -2.45962      2.57225      0.69455      1.87770
     -2.44962      2.85010      0.77895      2.07115
     -2.43962      4.06508      1.11414      2.95095
     -2.42962      4.56588      1.23534      3.33054
     -2.41962      3.68583      1.02545      2.66038
     -2.40962      2.76244      0.88488      1.87756
     -2.39962      2.92346      0.94782      1.97563
     -2.38962      3.86463      1.11799      2.74664
     -2.37962      4.63671      1.33453      3.30218
     -2.36962      4.82837      1.40622      3.42215
     -2.35962      4.22340      1.21510      3.00830
     -2.34962      3.75755      1.01529      2.74226
     -2.33962      3.57552      0.89416      2.68136
     -2.32962      2.89024      0.77767      2.11256
     -2.31962      2.70515      0.90294      1.80221
     -2.30962      3.29525      1.11130      2.18395
     -2.29962      3.76362      1.09675      2.66687
     -2.28962      3.28993      0.94547      2.34446
     -2.27962      2.36136      0.77963      1.58172
     -2.26962      2.03902      0.71028      1.32874
     -2.25962      2.22905      0.71250      1.51655
     -2.24962      2.77439      0.84457      1.92981
     -2.23962      3.73096      1.10115      2.62980
     -2.22962      3.94698      1.15676      2.79022
     -2.21962      3.58924      1.10065      2.48859
     -2.20962      3.19120      1.01600      2.17520
     -2.19962      2.95424      0.96883      1.98541
     -2.18962      3.33487      1.01298      2.32189
     -2.17962      3.92730      1.05632      2.87098
     -2.16962      3.95129      1.14915      2.80214
     -2.15962      3.17084      1.07043      2.10041
     -2.14962      2.47789      0.85727      1.62062
     -2.13962      2.31081      0.79789      1.51291
     -2.12962      2.50446      0.85793      1.64652
     -2.11962      3.52175      1.17269      2.34906
     -2.10962      4.61677      1.52126      3.09551
     -2.09962      4.63767      1.50840      3.12926
     -2.08962      4.29669      1.32842      2.96828
     -2.07962      3.51510      1.07844      2.43666
     -2.06962      2.49353      0.82233      1.67119
     -2.05962      2.44781      0.84928      1.59853
     -2.04962      3.12623      1.05436      2.07186
     -2.03962      3.71153      1.19437      2.51715
     -2.02962      3.75012      1.16787      2.58225
     -2.01962      3.79436      1.17882      2.61554
     -2.00962      3.64224      1.11742      2.52482
     -1.99962      3.36602      0.99381      2.37222
     -1.98962      3.34431      0.97382      2.37050
     -1.97962      3.40770      1.00867      2.39904
     -1.96962      3.31043      0.94098      2.36945
     -1.95962      3.28511      0.85457      2.43054
     -1.94962      3.01100      0.67251      2.33849
     -1.93962      2.06017      0.38738      1.67280
     -1.92962      1.17792      0.30558      0.87234
     -1.91962      1.09942      0.39416      0.70526
     -1.90962      1.62296      0.46695      1.15600
     -1.89962      2.01442      0.44716      1.56726
     -1.88962      2.14136      0.47463      1.66673
     -1.87962      2.36916      0.64746      1.72171
     -1.86962      2.34580      0.70179      1.64401
     -1.85962      2.43799      0.81503      1.62296
     -1.84962      2.78740      0.96325      1.82415
     -1.83962      2.99523      0.90706      2.08817
     -1.82962      2.90089      0.74775      2.15314
     -1.81962      2.51295      0.51494      1.99801
     -1.80962      2.10161      0.36992      1.73169
     -1.79962      1.78293      0.37575      1.40718
     -1.78962      1.54653      0.36610      1.18043
     -1.77962      1.49241      0.33325      1.15917
     -1.76962      1.75295      0.39653      1.35641
     -1.75962      2.24753      0.62440      1.62313
     -1.74962      2.99792      0.94642      2.05150
     -1.73962      2.95358      0.93747      2.01611
     -1.72962      2.13093      0.61318      1.51776
     -1.71962      1.63029      0.37357      1.25672
     -1.70962      1.76451      0.31876      1.44574
     -1.69962      1.97429      0.34662      1.62767
     -1.68962      1.88331      0.42961      1.45370
     -1.67962      2.08054      0.57704      1.50350
     -1.66962      2.47319      0.70551      1.76768
     -1.65962      2.95726      0.86190      2.09536
     -1.64962      2.97183      0.80133      2.17050
     -1.63962      2.40694      0.59808      1.80886
     -1.62962      1.91256      0.47465      1.43791
     -1.61962      1.70619      0.34128      1.36491
     -1.60962      1.79972      0.30895      1.49077
     -1.59962      1.74708      0.37319      1.37389
     -1.58962      1.55898      0.45379      1.10520
     -1.57962      1.52080      0.47242      1.04838
     -1.56962      1.39830      0.37619      1.02211
     -1.55962      1.50817      0.36891      1.13926
     -1.54962      2.02418      0.48686      1.53732
     -1.53962      2.34297      0.56564      1.77732
     -1.52962      2.08254      0.56883      1.51371
     -1.51962      1.95367      0.67215      1.28152
     -1.50962      2.06780      0.71089      1.35691
     -1.49962      1.80974      0.55057      1.25917
     -1.48962      1.56885      0.45979      1.10906
     -1.47962      1.65590      0.50837      1.14753
     -1.46962      1.80053      0.62322      1.17731
     -1.45962      1.61845      0.61667      1.00178
     -1.44962      1.32038      0.50150      0.81888
     -1.43962      1.37048      0.52533      0.84515
     -1.42962      1.49962      0.61427      0.88535
     -1.41962      1.49269      0.64583      0.84686
     -1.40962      1.26835      0.55167      0.71667
     -1.39962      1.15161      0.49759      0.65402
     -1.38962      1.20338      0.52580      0.67758
     -1.37962      1.25996      0.52945      0.73051
     -1.36962      1.27697      0.47435      0.80262
     -1.35962      1.11753      0.33933      0.77820
     -1.34962      0.78307      0.20369      0.57938
     -1.33962      0.36746      0.10132      0.26614
     -1.32962      0.25507      0.10778      0.14729
     -1.31962      0.35205      0.16297      0.18908
     -1.30962      0.33777      0.17192      0.16585
     -1.29962      0.35394      0.19004      0.16390
     -1.28962      0.47636      0.22487      0.25149
     -1.27962      0.70759      0.33123      0.37635
     -1.26962      1.03407      0.53956      0.49452
     -1.25962      1.05381      0.59978      0.45403
     -1.24962      0.95086      0.57157      0.37929
     -1.23962      0.77709      0.46188      0.31521
     -1.22962      0.45234      0.25547      0.19688
     -1.21962      0.54095      0.31300      0.22795
     -1.20962      0.79838      0.49615      0.30223
     -1.19962      0.87670      0.54922      0.32748
     -1.18962      1.02079      0.60407      0.41672
     -1.17962      0.98423      0.58263      0.40160
     -1.16962      0.86326      0.52079      0.34247
     -1.15962      0.99685      0.57892      0.41793
     -1.14962      0.81414      0.45340      0.36074
     -1.13962      0.63251      0.35295      0.27955
     -1.12962      1.03225      0.60025      0.43200
     -1.11962      1.56713      0.94613      0.62100
     -1.10962      1.92663      1.17948      0.74715
     -1.09962      1.96544      1.19220      0.77325
     -1.08962      1.63320      0.97013      0.66307
     -1.07962      1.34412      0.76565      0.57847
     -1.06962      1.28000      0.73371      0.54629
     -1.05962      1.33430      0.81544      0.51886
     -1.04962      1.36508      0.85302      0.51207
     -1.03962      1.36276      0.82361      0.53915
     -1.02962      1.19491      0.72843      0.46648
     -1.01962      0.98749      0.62674      0.36075
     -1.00962      1.56947      1.00513      0.56434
     -0.99962      2.36972      1.52295      0.84677
     -0.98962      2.35526      1.51962      0.83564
     -0.97962      2.14335      1.34328      0.80008
     -0.96962      1.85543      1.14498      0.71046
     -0.95962      1.78364      1.16390      0.61974
     -0.94962      1.86231      1.23647      0.62584
     -0.93962      1.82017      1.18852      0.63165
     -0.92962      2.18873      1.42616      0.76257
     -0.91962      2.77746      1.81062      0.96684
     -0.90962      3.06995      2.00476      1.06519
     -0.89962      3.26509      2.12443      1.14066
     -0.88962      3.26275      2.15721      1.10554
     -0.87962      3.34061      2.31236      1.02825
     -0.86962      3.95174      2.79209      1.15964
     -0.85962      4.37314      3.07532      1.29782
     -0.84962      3.93653      2.76804      1.16849
     -0.83962      3.31893      2.31051      1.00842
     -0.82962      3.50956      2.35850      1.15106
     -0.81962      3.45906      2.29917      1.15989
     -0.80962      3.27267      2.23796      1.03471
     -0.79962      3.18511      2.20757      0.97754
     -0.78962      2.50648      1.70936      0.79712
     -0.77962      2.38734      1.60072      0.78663
     -0.76962      2.99377      1.99975      0.99402
     -0.75962      3.11787      2.03145      1.08643
     -0.74962      2.77705      1.80206      0.97499
     -0.73962      2.56050      1.74240      0.81809
     -0.72962      2.40194      1.67461      0.72733
     -0.71962      2.24707      1.54342      0.70365
     -0.70962      2.44756      1.65870      0.78886
     -0.69962      2.63141      1.77734      0.85407
     -0.68962      2.29991      1.54196      0.75795
     -0.67962      2.05112      1.39056      0.66057
     -0.66962      2.11317      1.44825      0.66492
     -0.65962      2.05674      1.40642      0.65033
     -0.64962      2.08221      1.41122      0.67099
     -0.63962      2.53991      1.70322      0.83668
     -0.62962      2.76453      1.86845      0.89608
     -0.61962      2.41593      1.68478      0.73115
     -0.60962      1.91508      1.36022      0.55487
     -0.59962      1.75864      1.22023      0.53842
     -0.58962      1.72586      1.17164      0.55422
     -0.57962      1.85395      1.26731      0.58665
     -0.56962      2.34780      1.63075      0.71705
     -0.55962      2.20823      1.54092      0.66731
     -0.54962      1.78260      1.22851      0.55408
     -0.53962      1.83785      1.25593      0.58193
     -0.52962      1.97188      1.36421      0.60767
     -0.51962      2.23716      1.57405      0.66312
     -0.50962      2.68662      1.90379      0.78283
     -0.49962      2.26530      1.60510      0.66020
     -0.48962      1.60807      1.12235      0.48572
     -0.47962      1.73539      1.19871      0.53668
     -0.46962      1.92037      1.32942      0.59095
     -0.45962      2.03690      1.41243      0.62446
     -0.44962      2.47680      1.72335      0.75345
     -0.43962      2.56464      1.78080      0.78384
     -0.42962      2.12151      1.46360      0.65792
     -0.41962      1.47524      1.01718      0.45806
     -0.40962      0.95438      0.67311      0.28127
     -0.39962      0.98304      0.71421      0.26883
     -0.38962      1.22321      0.90195      0.32126
     -0.37962      1.16699      0.87405      0.29294
     -0.36962      0.78188      0.58920      0.19268
     -0.35962      0.53470      0.39420      0.14050
     -0.34962      0.57822      0.42097      0.15725
     -0.33962      0.70792      0.52005      0.18787
     -0.32962      0.66852      0.49576      0.17276
     -0.31962      0.60187      0.45083      0.15104
     -0.30962      0.57099      0.43333      0.13766
     -0.29962      0.51400      0.39065      0.12335
     -0.28962      0.53264      0.40066      0.13199
     -0.27962      0.43425      0.32631      0.10793
     -0.26962      0.45587      0.34652      0.10935
     -0.25962      0.73847      0.56354      0.17494
     -0.24962      0.96607      0.73942      0.22664
     -0.23962      0.97562      0.74842      0.22719
     -0.22962      0.59621      0.45710      0.13912
     -0.21962      0.17657      0.13528      0.04130
     -0.20962      0.13240      0.10206      0.03034
     -0.19962      0.43424      0.33484      0.09940
     -0.18962      0.63306      0.48796      0.14510
     -0.17962      0.42896      0.33158      0.09738
     -0.16962      0.30318      0.23607      0.06711
     -0.15962      0.36279      0.28214      0.08065
     -0.14962      0.39812      0.30903      0.08909
     -0.13962      0.48635      0.37804      0.10832
     -0.12962      0.67787      0.52845      0.14942
     -0.11962      0.63509      0.49700      0.13809
     -0.10962      0.41448      0.32548      0.08900
     -0.09962      0.19121      0.15026      0.04095
     -0.08962      0.17968      0.14096      0.03872
     -0.07962      0.33203      0.26086      0.07116
     -0.06962      0.40273      0.31699      0.08574
     -0.05962      0.33773      0.26612      0.07161
     -0.04962      0.36195      0.28541      0.07655
     -0.03962      0.39080      0.30848      0.08231
     -0.02962      0.38426      0.30382      0.08044
     -0.01962      0.30018      0.23756      0.06262
     -0.00962      0.20716      0.16412      0.04304
      0.00038      0.15068      0.11945      0.03123
      0.01038      0.05674      0.04498      0.01176
      0.02038      0.00823      0.00652      0.00170
      0.03038      0.00044      0.00035      0.00009
      0.04038      0.00001      0.00001      0.00000
      0.05038      0.00000      0.00000      0.00000
      0.06038      0.00000      0.00000      0.00000
      0.07038      0.00000      0.00000      0.00000
      0.08038      0.00000      0.00000      0.00000
      0.09038      0.00000      0.00000      0.00000
      0.10038      0.00000      0.00000      0.00000
      0.11038      0.00000      0.00000      0.00000
      0.12038      0.00000      0.00000      0.00000
      0.13038      0.00000      0.00000      0.00000
      0.14038      0.00000      0.00000      0.00000
      0.15038      0.00000      0.00000      0.00000
      0.16038      0.00000      0.00000      0.00000
      0.17038      0.00000      0.00000      0.00000
      0.18038      0.00000      0.00000      0.00000
      0.19038      0.00000      0.00000      0.00000
      0.20038      0.00000      0.00000      0.00000
      0.21038      0.00000      0.00000      0.00000
      0.22038      0.00000      0.00000      0.00000
      0.23038      0.00000      0.00000      0.00000
      0.24038      0.00000      0.00000      0.00000
      0.25038      0.00000      0.00000      0.00000
      0.26038      0.00000      0.00000      0.00000
      0.27038      0.00000      0.00000      0.00000
      0.28038      0.00000      0.00000      0.00000
      0.29038      0.00000      0.00000      0.00000
      0.30038      0.00000      0.00000      0.00000
      0.31038      0.00000      0.00000      0.00000
      0.32038      0.00000      0.00000      0.00000
      0.33038      0.00000      0.00000      0.00000
      0.34038      0.00000      0.00000      0.00000
      0.35038      0.00000      0.00000      0.00000
      0.36038      0.00000      0.00000      0.00000
      0.37038      0.00000      0.00000      0.00000
      0.38038      0.00000      0.00000      0.00000
      0.39038      0.00000      0.00000      0.00000
      0.40038      0.00000      0.00000      0.00000
      0.41038      0.00000      0.00000      0.00000
      0.42038      0.00000      0.00000      0.00000
      0.43038      0.00000      0.00000      0.00000
      0.44038      0.00000      0.00000      0.00000
      0.45038      0.00000      0.00000      0.00000
      0.46038      0.00000      0.00000      0.00000
      0.47038      0.00000      0.00000      0.00000
      0.48038      0.00000      0.00000      0.00000
      0.49038      0.00000      0.00000      0.00000
      0.50038      0.00000      0.00000      0.00000
      0.51038      0.00000      0.00000      0.00000
      0.52038      0.00000      0.00000      0.00000
      0.53038      0.00000      0.00000      0.00000
      0.54038      0.00000      0.00000      0.00000
      0.55038      0.00000      0.00000      0.00000
      0.56038      0.00000      0.00000      0.00000
      0.57038      0.00000      0.00000      0.00000
      0.58038      0.00000      0.00000      0.00000
      0.59038      0.00000      0.00000      0.00000
      0.60038      0.00000      0.00000      0.00000
      0.61038      0.00000      0.00000      0.00000
      0.62038      0.00000      0.00000      0.00000
      0.63038      0.00000      0.00000      0.00000
      0.64038      0.00000      0.00000      0.00000
      0.65038      0.00000      0.00000      0.00000
      0.66038      0.00000      0.00000      0.00000
      0.67038      0.00000      0.00000      0.00000
      0.68038      0.00000      0.00000      0.00000
      0.69038      0.00000      0.00000      0.00000
      0.70038      0.00000      0.00000      0.00000
      0.71038      0.00000      0.00000      0.00000
      0.72038      0.00000      0.00000      0.00000
      0.73038      0.00000      0.00000      0.00000
      0.74038      0.00000      0.00000      0.00000
      0.75038      0.00000      0.00000      0.00000
      0.76038      0.00000      0.00000      0.00000
      0.77038      0.00000      0.00000      0.00000
      0.78038      0.00000      0.00000      0.00000
      0.79038      0.00000      0.00000      0.00000
      0.80038      0.00000      0.00000      0.00000
      0.81038      0.00000      0.00000      0.00000
      0.82038      0.00000      0.00000      0.00000
      0.83038      0.00000      0.00000      0.00000
      0.84038      0.00000      0.00000      0.00000
      0.85038      0.00000      0.00000      0.00000
      0.86038      0.00000      0.00000      0.00000
      0.87038      0.00000      0.00000      0.00000
      0.88038      0.00000      0.00000      0.00000
      0.89038      0.00000      0.00000      0.00000
      0.90038      0.00000      0.00000      0.00000
      0.91038      0.00000      0.00000      0.00000
      0.92038      0.00000      0.00000      0.00000
      0.93038      0.00000      0.00000      0.00000
      0.94038      0.00000      0.00000      0.00000
      0.95038      0.00000      0.00000      0.00000
      0.96038      0.00000      0.00000      0.00000
      0.97038      0.00000      0.00000      0.00000
      0.98038      0.00000      0.00000      0.00000
      0.99038      0.00000      0.00000      0.00000
      1.00038      0.00000      0.00000      0.00000
      1.01038      0.00000      0.00000      0.00000
      1.02038      0.00000      0.00000      0.00000
      1.03038      0.00000      0.00000      0.00000
      1.04038      0.00000      0.00000      0.00000
      1.05038      0.00000      0.00000      0.00000
      1.06038      0.00000      0.00000      0.00000
      1.07038      0.00000      0.00000      0.00000
      1.08038      0.00000      0.00000      0.00000
      1.09038      0.00000      0.00000      0.00000
      1.10038      0.00000      0.00000      0.00000
      1.11038      0.00000      0.00000      0.00000
      1.12038      0.00000      0.00000      0.00000
      1.13038      0.00000      0.00000      0.00000
      1.14038      0.00000      0.00000      0.00000
      1.15038      0.00000      0.00000      0.00000
      1.16038      0.00000      0.00000      0.00000
      1.17038      0.00000      0.00000      0.00000
      1.18038      0.00000      0.00000      0.00000
      1.19038      0.00000      0.00000      0.00000
      1.20038      0.00000      0.00000      0.00000
      1.21038      0.00000      0.00000      0.00000
      1.22038      0.00000      0.00000      0.00000
      1.23038      0.00000      0.00000      0.00000
      1.24038      0.00000      0.00000      0.00000
      1.25038      0.00000      0.00000      0.00000
      1.26038      0.00000      0.00000      0.00000
      1.27038      0.00000      0.00000      0.00000
      1.28038      0.00000      0.00000      0.00000
      1.29038      0.00000      0.00000      0.00000
      1.30038      0.00000      0.00000      0.00000
      1.31038      0.00000      0.00000      0.00000
      1.32038      0.00000      0.00000      0.00000
      1.33038      0.00000      0.00000      0.00000
      1.34038      0.00000      0.00000      0.00000
      1.35038      0.00000      0.00000      0.00000
      1.36038      0.00000      0.00000      0.00000
      1.37038      0.00000      0.00000      0.00000
      1.38038      0.00000      0.00000      0.00000
      1.39038      0.00000      0.00000      0.00000
      1.40038      0.00000      0.00000      0.00000
      1.41038      0.00000      0.00000      0.00000
      1.42038      0.00000      0.00000      0.00000
      1.43038      0.00000      0.00000      0.00000
      1.44038      0.00000      0.00000      0.00000
      1.45038      0.00000      0.00000      0.00000
      1.46038      0.00000      0.00000      0.00000
      1.47038      0.00000      0.00000      0.00000
      1.48038      0.00000      0.00000      0.00000
      1.49038      0.00000      0.00000      0.00000
      1.50038      0.00000      0.00000      0.00000
      1.51038      0.00000      0.00000      0.00000
      1.52038      0.00000      0.00000      0.00000
      1.53038      0.00000      0.00000      0.00000
      1.54038      0.00000      0.00000      0.00000
      1.55038      0.00000      0.00000      0.00000
      1.56038      0.00000      0.00000      0.00000
      1.57038      0.00000      0.00000      0.00000
      1.58038      0.00000      0.00000      0.00000
      1.59038      0.00000      0.00000      0.00000
      1.60038      0.00000      0.00000      0.00000
      1.61038      0.00000      0.00000      0.00000
      1.62038      0.00000      0.00000      0.00000
      1.63038      0.00000      0.00000      0.00000
      1.64038      0.00000      0.00000      0.00000
      1.65038      0.00000      0.00000      0.00000
      1.66038      0.00000      0.00000      0.00000
      1.67038      0.00000      0.00000      0.00000
      1.68038      0.00000      0.00000      0.00000
      1.69038      0.00000      0.00000      0.00000
      1.70038      0.00000      0.00000      0.00000
      1.71038      0.00000      0.00000      0.00000
      1.72038      0.00000      0.00000      0.00000
      1.73038      0.00000      0.00000      0.00000
      1.74038      0.00000      0.00000      0.00000
      1.75038      0.00000      0.00000      0.00000
      1.76038      0.00000      0.00000      0.00000
      1.77038      0.00000      0.00000      0.00000
      1.78038      0.00000      0.00000      0.00000
      1.79038      0.00000      0.00000      0.00000
      1.80038      0.00000      0.00000      0.00000
      1.81038      0.00000      0.00000      0.00000
      1.82038      0.00000      0.00000      0.00000
      1.83038      0.00000      0.00000      0.00000
      1.84038      0.00000      0.00000      0.00000
      1.85038      0.00000      0.00000      0.00000
      1.86038      0.00000      0.00000      0.00000
      1.87038      0.00000      0.00000      0.00000
      1.88038      0.00000      0.00000      0.00000
      1.89038      0.00000      0.00000      0.00000
      1.90038      0.00000      0.00000      0.00000
      1.91038      0.00000      0.00000      0.00000
      1.92038      0.00000      0.00000      0.00000
      1.93038      0.00000      0.00000      0.00000
      1.94038      0.00000      0.00000      0.00000
      1.95038      0.00000      0.00000      0.00000
      1.96038      0.00000      0.00000      0.00000
      1.97038      0.00000      0.00000      0.00000
      1.98038      0.00000      0.00000      0.00000
      1.99038      0.00000      0.00000      0.00000
      2.00038      0.00000      0.00000      0.00000
      2.01038      0.00000      0.00000      0.00000
      2.02038      0.00000      0.00000      0.00000
      2.03038      0.00000      0.00000      0.00000
      2.04038      0.00000      0.00000      0.00000
      2.05038      0.00000      0.00000      0.00000
      2.06038      0.00000      0.00000      0.00000
      2.07038      0.00000      0.00000      0.00000
      2.08038      0.00000      0.00000      0.00000
      2.09038      0.00000      0.00000      0.00000
      2.10038      0.00000      0.00000      0.00000
      2.11038      0.00000      0.00000      0.00000
      2.12038      0.00000      0.00000      0.00000
      2.13038      0.00000      0.00000      0.00000
      2.14038      0.00000      0.00000      0.00000
      2.15038      0.00000      0.00000      0.00000
      2.16038      0.00000      0.00000      0.00000
      2.17038      0.00000      0.00000      0.00000
      2.18038      0.00000      0.00000      0.00000
      2.19038      0.00000      0.00000      0.00000
      2.20038      0.00000      0.00000      0.00000
      2.21038      0.00000      0.00000      0.00000
      2.22038      0.00016      0.00014      0.00002
      2.23038      0.00398      0.00356      0.00041
      2.24038      0.03622      0.03246      0.00377
      2.25038      0.12242      0.10968      0.01274
      2.26038      0.16969      0.15200      0.01769
      2.27038      0.19553      0.17494      0.02058
      2.28038      0.31292      0.27979      0.03312
      2.29038      0.31873      0.28485      0.03388
      2.30038      0.32342      0.28627      0.03715
      2.31038      0.42337      0.34798      0.07539
      2.32038      0.69125      0.47733      0.21393
      2.33038      1.28776      0.82355      0.46421
      2.34038      1.75789      1.07411      0.68378
      2.35038      1.85710      1.09888      0.75821
      2.36038      1.66533      0.97313      0.69220
      2.37038      1.66607      0.99901      0.66706
      2.38038      1.75290      1.08919      0.66371
      2.39038      2.00012      1.23167      0.76844
      2.40038      2.55382      1.55851      0.99532
      2.41038      2.60559      1.59433      1.01126
      2.42038      2.00728      1.23878      0.76851
      2.43038      1.83176      1.14914      0.68262
      2.44038      2.13892      1.33230      0.80662
      2.45038      1.92020      1.15183      0.76837
      2.46038      1.74172      1.00622      0.73550
      2.47038      2.39773      1.39723      1.00049
      2.48038      2.98443      1.78511      1.19932
      2.49038      2.95667      1.79333      1.16333
      2.50038      2.73099      1.64826      1.08273
      2.51038      2.68118      1.61372      1.06746
      2.52038      2.76581      1.65911      1.10670
      2.53038      2.59016      1.55220      1.03795
      2.54038      2.44253      1.49053      0.95200
      2.55038      3.09965      1.93451      1.16514
      2.56038      4.69308      2.78378      1.90929
      2.57038      5.31865      3.04434      2.27430
      2.58038      3.92697      2.30157      1.62540
      2.59038      2.81782      1.73105      1.08677
      2.60038      2.84909      1.73993      1.10916
      2.61038      3.03507      1.83156      1.20351
      2.62038      3.18087      1.95286      1.22801
      2.63038      3.42270      2.18809      1.23461
      2.64038      3.29557      2.17911      1.11647
      2.65038      2.44171      1.60946      0.83225
      2.66038      2.26278      1.43437      0.82841
      2.67038      3.26594      2.03610      1.22984
      2.68038      3.86947      2.41438      1.45509
      2.69038      3.90586      2.56563      1.34023
      2.70038      3.69216      2.56358      1.12859
      2.71038      2.93350      2.05212      0.88138
      2.72038      2.45782      1.67971      0.77811
      2.73038      2.63397      1.77670      0.85727
      2.74038      3.02489      2.05408      0.97081
      2.75038      3.09218      2.10376      0.98842
      2.76038      2.65158      1.79302      0.85856
      2.77038      2.08525      1.40073      0.68451
      2.78038      2.10869      1.42598      0.68270
      2.79038      2.19752      1.49388      0.70364
      2.80038      1.98871      1.35438      0.63433
      2.81038      1.96018      1.36265      0.59754
      2.82038      2.44550      1.78743      0.65807
      2.83038      2.64990      1.88499      0.76491
      2.84038      1.97949      1.26357      0.71592
      2.85038      1.12766      0.67231      0.45535
      2.86038      1.19210      0.83935      0.35275
      2.87038      2.18947      1.65344      0.53603
      2.88038      2.71133      2.05204      0.65929
      2.89038      2.02808      1.48702      0.54106
      2.90038      1.38156      0.95122      0.43034
      2.91038      1.45030      1.01314      0.43716
      2.92038      1.71653      1.29941      0.41712
      2.93038      2.27581      1.71887      0.55694
      2.94038      2.11775      1.52441      0.59333
      2.95038      1.21281      0.87936      0.33344
      2.96038      0.82449      0.64308      0.18141
      2.97038      1.59952      1.21878      0.38074
      2.98038      3.22214      2.38839      0.83375
      2.99038      4.06819      3.01519      1.05300
      3.00038      3.68585      2.72931      0.95654
      3.01038      3.53795      2.55623      0.98172
      3.02038      3.85727      2.72373      1.13354
      3.03038      4.11682      2.88194      1.23488
      3.04038      4.36103      3.03217      1.32887
      3.05038      5.25948      3.62504      1.63443
      3.06038      6.51025      4.50159      2.00866
      3.07038      7.73084      5.36258      2.36827
      3.08038      7.43061      5.14572      2.28489
      3.09038      5.82941      4.12741      1.70200
      3.10038      5.43134      3.94347      1.48787
      3.11038      5.42178      3.97548      1.44630
      3.12038      4.76256      3.46901      1.29355
      3.13038      4.59832      3.21616      1.38216
      3.14038      4.23069      2.79649      1.43420
      3.15038      3.20695      2.12759      1.07936
      3.16038      3.00213      2.07753      0.92460
      3.17038      3.11352      2.12995      0.98357
      3.18038      2.98736      2.01713      0.97024
      3.19038      2.96036      2.03905      0.92132
      3.20038      2.69615      1.88114      0.81502
      3.21038      3.00647      2.01439      0.99208
      3.22038      4.46036      2.94063      1.51974
      3.23038      6.00614      3.85417      2.15197
      3.24038      5.53507      3.49560      2.03947
      3.25038      3.97092      2.63983      1.33109
      3.26038      3.53698      2.46222      1.07477
      3.27038      4.06027      2.84288      1.21740
      3.28038      5.22416      3.62319      1.60098
      3.29038      6.33317      4.27791      2.05526
      3.30038      6.05171      4.08966      1.96205
      3.31038      4.92400      3.37860      1.54540
      3.32038      4.83000      3.34231      1.48769
      3.33038      5.36469      3.64924      1.71545
      3.34038      6.06212      3.93269      2.12943
      3.35038      6.19822      4.02277      2.17545
      3.36038      4.78174      3.33605      1.44569
      3.37038      3.96665      3.00066      0.96599
      3.38038      4.44981      3.34127      1.10854
      3.39038      5.09912      3.62909      1.47003
      3.40038      5.63590      3.84573      1.79017
      3.41038      5.63633      3.91433      1.72200
      3.42038      4.95475      3.60322      1.35153
      3.43038      4.21998      2.98836      1.23162
      3.44038      3.78505      2.47540      1.30966
      3.45038      3.69895      2.38933      1.30962
      3.46038      4.00908      2.63919      1.36989
      3.47038      3.88663      2.58221      1.30442
      3.48038      2.93902      1.96947      0.96956
      3.49038      2.37895      1.60470      0.77424
      3.50038      2.55519      1.75074      0.80444
      3.51038      3.26734      2.24894      1.01840
      3.52038      4.16023      2.79182      1.36841
      3.53038      4.49777      2.90716      1.59061
      3.54038      3.93320      2.42440      1.50879
      3.55038      3.01698      1.77603      1.24094
      3.56038      2.54831      1.46171      1.08659
      3.57038      2.39414      1.37367      1.02047
      3.58038      2.35887      1.42865      0.93022
      3.59038      2.53225      1.61105      0.92120
      3.60038      3.28063      1.99585      1.28477
      3.61038      3.82412      2.17784      1.64628
      3.62038      3.64394      1.97400      1.66994
      3.63038      3.12500      1.67972      1.44527
      3.64038      3.00433      1.63032      1.37400
      3.65038      3.44982      1.89011      1.55970
      3.66038      3.68938      2.11992      1.56946
      3.67038      3.96682      2.38105      1.58577
      3.68038      4.42199      2.53628      1.88571
      3.69038      4.61915      2.49395      2.12519
      3.70038      4.50396      2.39240      2.11156
      3.71038      4.60520      2.40422      2.20099
      3.72038      5.01287      2.59625      2.41662
      3.73038      4.46059      2.32882      2.13177
      3.74038      3.08517      1.63199      1.45318
      3.75038      2.37479      1.28682      1.08798
      3.76038      2.94315      1.60785      1.33530
      3.77038      3.71854      1.98395      1.73459
      3.78038      3.48363      1.88139      1.60224
      3.79038      2.66639      1.53740      1.12899
      3.80038      1.91583      1.11742      0.79841
      3.81038      1.82603      1.01582      0.81020
      3.82038      1.97682      1.10759      0.86923
      3.83038      2.35297      1.34441      1.00855
      3.84038      2.79162      1.61471      1.17691
      3.85038      3.06584      1.72511      1.34072
      3.86038      3.40561      1.85693      1.54868
      3.87038      3.01795      1.63605      1.38190
      3.88038      2.03347      1.09457      0.93890
      3.89038      1.92766      1.03925      0.88841
      3.90038      2.32926      1.24161      1.08765
      3.91038      2.06508      1.10114      0.96394
      3.92038      1.49953      0.83089      0.66864
      3.93038      1.36678      0.78089      0.58589
      3.94038      1.57021      0.86655      0.70366
      3.95038      1.89696      1.02525      0.87171
      3.96038      2.08380      1.11261      0.97119
      3.97038      2.11023      1.14712      0.96311
      3.98038      2.33654      1.31706      1.01948
      3.99038      2.25589      1.23474      1.02115
      4.00038      1.57619      0.82124      0.75496
      4.01038      1.28938      0.66676      0.62262
      4.02038      1.88227      0.99626      0.88602
      4.03038      2.62298      1.40147      1.22151
      4.04038      2.39783      1.28231      1.11553
      4.05038      1.75760      0.95128      0.80632
      4.06038      1.49465      0.81371      0.68095
      4.07038      1.39214      0.75203      0.64011
      4.08038      1.62708      0.84790      0.77918
      4.09038      1.92534      0.97249      0.95285
      4.10038      1.69818      0.82928      0.86890
      4.11038      1.49904      0.71824      0.78081
      4.12038      1.51430      0.73887      0.77543
      4.13038      1.19050      0.58247      0.60803
      4.14038      1.07335      0.51954      0.55381
      4.15038      0.94544      0.45950      0.48594
      4.16038      0.90477      0.44003      0.46475
      4.17038      1.36221      0.65670      0.70552
      4.18038      1.85126      0.89405      0.95721
      4.19038      1.90413      0.92844      0.97569
      4.20038      1.76304      0.87036      0.89268
      4.21038      1.38653      0.68353      0.70299
      4.22038      0.96007      0.46374      0.49632
      4.23038      0.87077      0.42133      0.44944
      4.24038      0.93165      0.45041      0.48123
      4.25038      1.19839      0.56410      0.63428
      4.26038      1.57416      0.73556      0.83860
      4.27038      1.75705      0.83267      0.92438
      4.28038      1.90636      0.91446      0.99190
      4.29038      1.73525      0.83204      0.90320
      4.30038      1.41073      0.66964      0.74109
      4.31038      1.26005      0.60035      0.65970
      4.32038      1.20065      0.57826      0.62238
      4.33038      1.28629      0.61338      0.67291
      4.34038      1.71621      0.81574      0.90048
      4.35038      2.04988      0.98370      1.06617
      4.36038      1.72575      0.83387      0.89188
      4.37038      1.16773      0.56060      0.60712
      4.38038      1.16520      0.55028      0.61492
      4.39038      1.40633      0.66307      0.74326
      4.40038      1.75415      0.82925      0.92490
      4.41038      2.38973      1.13059      1.25914
      4.42038      2.82074      1.33247      1.48827
      4.43038      2.29531      1.08344      1.21187
      4.44038      1.38351      0.65199      0.73153
      4.45038      0.99419      0.46847      0.52571
      4.46038      0.90588      0.42830      0.47758
      4.47038      0.78499      0.37655      0.40844
      4.48038      0.84323      0.40769      0.43554
      4.49038      1.28056      0.61188      0.66868
      4.50038      1.55601      0.73899      0.81703
      4.51038      1.21925      0.58260      0.63665
      4.52038      0.90683      0.43972      0.46711
      4.53038      0.84082      0.40563      0.43519
      4.54038      0.67897      0.32532      0.35365
      4.55038      0.51655      0.25166      0.26489
      4.56038      0.55758      0.26745      0.29013
      4.57038      1.20830      0.56378      0.64452
      4.58038      1.73546      0.80785      0.92762
      4.59038      1.26066      0.59072      0.66994
      4.60038      0.70027      0.33140      0.36887
      4.61038      0.44124      0.20702      0.23421
      4.62038      0.23429      0.10868      0.12560
      4.63038      0.23889      0.11080      0.12809
      4.64038      0.62485      0.29102      0.33383
      4.65038      0.99353      0.46376      0.52976
      4.66038      0.74691      0.34878      0.39814
      4.67038      0.41876      0.19474      0.22402
      4.68038      0.32932      0.15243      0.17689
      4.69038      0.21441      0.09829      0.11612
      4.70038      0.45050      0.20651      0.24399
      4.71038      1.42136      0.66111      0.76024
      4.72038      2.36552      1.10774      1.25778
      4.73038      1.92466      0.90275      1.02191
      4.74038      0.92167      0.43130      0.49038
      4.75038      0.52958      0.24731      0.28227
      4.76038      0.62656      0.29291      0.33365
      4.77038      0.92954      0.43393      0.49562
      4.78038      1.34147      0.62620      0.71527
      4.79038      1.58656      0.74305      0.84352
      4.80038      1.61675      0.75647      0.86028
      4.81038      1.22063      0.56666      0.65398
      4.82038      1.06204      0.49025      0.57179
      4.83038      1.69707      0.79052      0.90655
      4.84038      2.18173      1.02637      1.15537
      4.85038      2.34589      1.10914      1.23675
      4.86038      2.20812      1.04758      1.16053
      4.87038      1.91413      0.91666      0.99747
      4.88038      1.94919      0.93581      1.01338
      4.89038      1.99816      0.95336      1.04480
      4.90038      2.10795      1.00211      1.10584
      4.91038      2.17026      1.03066      1.13960
      4.92038      2.32670      1.09934      1.22737
      4.93038      2.69553      1.27773      1.41780
      4.94038      3.09606      1.47628      1.61978
      4.95038      3.46827      1.65825      1.81002
      4.96038      3.51472      1.68948      1.82524
      4.97038      3.18674      1.53810      1.64864
      4.98038      3.40452      1.62821      1.77631
      4.99038      4.03680      1.92113      2.11567
      5.00038      5.41595      2.58044      2.83551
      5.01038      6.61155      3.14329      3.46827
      5.02038      6.25226      2.97098      3.28128
      5.03038      5.66455      2.70604      2.95850
      5.04038      5.16307      2.50846      2.65461
      5.05038      4.26370      2.11814      2.14557
      5.06038      3.62592      1.81010      1.81582
      5.07038      3.78510      1.86861      1.91649
      5.08038      3.88261      1.90211      1.98049
      5.09038      3.45763      1.70105      1.75658
      5.10038      2.95959      1.47056      1.48903
      5.11038      3.00885      1.49804      1.51082
      5.12038      3.37870      1.68137      1.69733
      5.13038      3.41635      1.70767      1.70868
      5.14038      2.93817      1.48730      1.45086
      5.15038      2.08704      1.07193      1.01511
      5.16038      1.28710      0.66850      0.61860
      5.17038      1.08920      0.57355      0.51565
      5.18038      1.35092      0.71181      0.63911
      5.19038      1.87872      0.97728      0.90144
      5.20038      2.69664      1.40407      1.29257
      5.21038      2.70309      1.41729      1.28580
      5.22038      1.58086      0.83108      0.74978
      5.23038      0.82939      0.43420      0.39520
      5.24038      0.98322      0.48602      0.49720
      5.25038      1.23798      0.58224      0.65574
      5.26038      1.13554      0.55344      0.58210
      5.27038      1.08209      0.58476      0.49734
      5.28038      1.18709      0.66879      0.51830
      5.29038      1.15911      0.63629      0.52282
      5.30038      1.07150      0.52269      0.54880
      5.31038      1.26457      0.57115      0.69342
      5.32038      1.31927      0.61685      0.70242
      5.33038      1.25223      0.63219      0.62004
      5.34038      1.50318      0.79065      0.71253
      5.35038      1.71834      0.90716      0.81118
      5.36038      1.35263      0.70005      0.65258
      5.37038      0.65826      0.33467      0.32358
      5.38038      0.49993      0.27010      0.22983
      5.39038      0.92960      0.48145      0.44814
      5.40038      1.22436      0.57500      0.64937
      5.41038      1.27133      0.58551      0.68582
      5.42038      1.08895      0.54040      0.54855
      5.43038      0.79117      0.43500      0.35616
      5.44038      0.73466      0.43364      0.30102
      5.45038      0.69777      0.41691      0.28086
      5.46038      0.76778      0.44702      0.32076
      5.47038      0.90681      0.49174      0.41506
      5.48038      0.88156      0.44574      0.43582
      5.49038      0.95594      0.45992      0.49602
      5.50038      1.33914      0.61038      0.72876
      5.51038      1.57571      0.70603      0.86968
      5.52038      1.33148      0.61024      0.72125
      5.53038      1.20647      0.59765      0.60883
      5.54038      1.29405      0.66161      0.63244
      5.55038      1.09492      0.56837      0.52655
      5.56038      0.69935      0.37536      0.32399
      5.57038      0.52570      0.26053      0.26517
      5.58038      0.57374      0.24541      0.32832
      5.59038      0.61091      0.26112      0.34979
      5.60038      0.42704      0.19180      0.23523
      5.61038      0.14114      0.06523      0.07592
      5.62038      0.10169      0.03826      0.06343
      5.63038      0.46835      0.16578      0.30257
      5.64038      1.00203      0.35075      0.65128
      5.65038      0.93931      0.32106      0.61826
      5.66038      0.47550      0.15757      0.31793
      5.67038      0.17616      0.07093      0.10523
      5.68038      0.24841      0.14859      0.09981
      5.69038      0.59328      0.31344      0.27984
      5.70038      0.80217      0.34380      0.45836
      5.71038      0.59588      0.22159      0.37429
      5.72038      0.40190      0.15661      0.24530
      5.73038      0.42834      0.19247      0.23586
      5.74038      0.30927      0.15170      0.15758
      5.75038      0.11097      0.05527      0.05570
      5.76038      0.14642      0.05144      0.09498
      5.77038      0.54282      0.18145      0.36137
      5.78038      0.95727      0.31988      0.63739
      5.79038      0.92554      0.30967      0.61587
      5.80038      0.77907      0.27619      0.50288
      5.81038      0.89431      0.36857      0.52575
      5.82038      1.27124      0.53169      0.73955
      5.83038      1.23830      0.47737      0.76094
      5.84038      0.71671      0.25887      0.45784
      5.85038      0.31406      0.10976      0.20430
      5.86038      0.24100      0.07661      0.16439
      5.87038      0.37184      0.11631      0.25553
      5.88038      0.41795      0.13905      0.27890
      5.89038      0.35749      0.12592      0.23157
      5.90038      0.18200      0.06464      0.11736
      5.91038      0.17796      0.05954      0.11843
      5.92038      0.57364      0.20341      0.37023
      5.93038      1.05005      0.41826      0.63179
      5.94038      1.14653      0.48675      0.65978
      5.95038      0.95483      0.37854      0.57629
      5.96038      0.70423      0.28443      0.41981
      5.97038      0.51349      0.27182      0.24166
      5.98038      0.41571      0.22702      0.18869
      5.99038      0.53510      0.20319      0.33191
      6.00038      0.61851      0.20181      0.41670
      6.01038      0.37619      0.12193      0.25426
      6.02038      0.33567      0.11878      0.21689
      6.03038      0.52512      0.19831      0.32681
      6.04038      0.59423      0.24125      0.35298
      6.05038      0.38134      0.16410      0.21724
      6.06038      0.23247      0.09523      0.13723
      6.07038      0.67800      0.25064      0.42735
      6.08038      1.44886      0.51423      0.93463
      6.09038      1.58284      0.53769      1.04515
      6.10038      1.10564      0.36217      0.74347
      6.11038      0.72609      0.23448      0.49161
      6.12038      0.79113      0.26464      0.52649
      6.13038      0.82404      0.32203      0.50201
      6.14038      0.63523      0.31620      0.31903
      6.15038      0.59627      0.27160      0.32467
      6.16038      0.77585      0.26510      0.51075
      6.17038      0.72392      0.22369      0.50023
      6.18038      0.42839      0.12859      0.29980
      6.19038      0.30413      0.09684      0.20729
      6.20038      0.48319      0.15676      0.32642
      6.21038      0.58878      0.18646      0.40232
      6.22038      0.70319      0.24239      0.46079
      6.23038      1.22006      0.47269      0.74737
      6.24038      1.33669      0.54742      0.78927
      6.25038      0.89377      0.38494      0.50883
      6.26038      0.85458      0.38346      0.47112
      6.27038      1.08060      0.42922      0.65139
      6.28038      0.86981      0.29534      0.57447
      6.29038      0.49356      0.16067      0.33289
      6.30038      0.43981      0.17364      0.26617
      6.31038      0.48996      0.25030      0.23966
      6.32038      0.50355      0.27048      0.23308
      6.33038      0.56298      0.22742      0.33556
      6.34038      0.59078      0.18987      0.40091
      6.35038      0.55569      0.16917      0.38652
      6.36038      1.00297      0.30722      0.69575
      6.37038      1.61038      0.49123      1.11914
      6.38038      1.49072      0.47585      1.01487
      6.39038      1.22147      0.46327      0.75820
      6.40038      1.24633      0.53201      0.71431
      6.41038      1.31682      0.51678      0.80004
      6.42038      1.10693      0.37614      0.73079
      6.43038      0.84973      0.27129      0.57844
      6.44038      0.79823      0.25373      0.54450
      6.45038      0.65609      0.20329      0.45280
      6.46038      0.54490      0.16720      0.37769
      6.47038      0.81602      0.25869      0.55733
      6.48038      1.42051      0.48230      0.93822
      6.49038      1.71762      0.62135      1.09626
      6.50038      1.45820      0.51735      0.94085
      6.51038      1.28270      0.41744      0.86526
      6.52038      1.26917      0.39159      0.87758
      6.53038      1.22513      0.37736      0.84777
      6.54038      1.13694      0.38898      0.74796
      6.55038      1.13505      0.46510      0.66996
      6.56038      0.99200      0.45980      0.53220
      6.57038      0.74468      0.37242      0.37226
      6.58038      0.81066      0.33556      0.47510
      6.59038      1.06383      0.38447      0.67936
      6.60038      0.93221      0.38803      0.54418
      6.61038      0.68720      0.31156      0.37564
      6.62038      0.68412      0.25089      0.43323
      6.63038      0.90613      0.29742      0.60871
      6.64038      1.05365      0.36008      0.69357
      6.65038      0.97908      0.38932      0.58976
      6.66038      0.84128      0.36479      0.47649
      6.67038      0.75614      0.28751      0.46862
      6.68038      0.67967      0.22616      0.45351
      6.69038      0.54678      0.17964      0.36713
      6.70038      0.56624      0.21526      0.35098
      6.71038      0.69623      0.30173      0.39450
      6.72038      0.81508      0.38149      0.43359
      6.73038      0.87989      0.42877      0.45111
      6.74038      0.85107      0.36350      0.48757
      6.75038      0.82844      0.28467      0.54378
      6.76038      0.83120      0.26827      0.56294
      6.77038      0.61012      0.19812      0.41201
      6.78038      0.39788      0.12802      0.26986
      6.79038      0.49360      0.17032      0.32329
      6.80038      0.77485      0.31069      0.46416
      6.81038      0.93189      0.39524      0.53665
      6.82038      0.62328      0.25372      0.36956
      6.83038      0.47478      0.16484      0.30994
      6.84038      0.67982      0.23406      0.44576
      6.85038      0.73044      0.31426      0.41618
      6.86038      0.92592      0.48228      0.44364
      6.87038      1.16118      0.58276      0.57842
      6.88038      1.26818      0.56702      0.70116
      6.89038      1.29368      0.52214      0.77154
      6.90038      1.02677      0.43256      0.59421
      6.91038      0.55610      0.27497      0.28113
      6.92038      0.22699      0.12158      0.10541
      6.93038      0.35352      0.16899      0.18453
      6.94038      0.65176      0.30397      0.34779
      6.95038      0.64768      0.27325      0.37443
      6.96038      0.69691      0.23966      0.45725
      6.97038      0.74673      0.24723      0.49950
      6.98038      0.78617      0.28212      0.50406
      6.99038      0.84447      0.34354      0.50093
      7.00038      0.87696      0.41598      0.46098
      7.01038      1.17169      0.55391      0.61779
      7.02038      1.12880      0.48774      0.64106
      7.03038      0.91492      0.34158      0.57334
      7.04038      1.13619      0.41271      0.72348
      7.05038      1.30183      0.51283      0.78900
      7.06038      1.01024      0.40611      0.60412
      7.07038      0.57109      0.21558      0.35551
      7.08038      0.41323      0.14624      0.26699
      7.09038      0.41387      0.14161      0.27225
      7.10038      0.54649      0.18098      0.36552
      7.11038      0.82970      0.30693      0.52277
      7.12038      1.22895      0.59623      0.63272
      7.13038      1.78840      1.00339      0.78501
      7.14038      1.68001      0.95874      0.72127
      7.15038      0.83769      0.46532      0.37237
      7.16038      0.50083      0.23464      0.26619
      7.17038      0.85884      0.33446      0.52438
      7.18038      1.18738      0.42218      0.76520
      7.19038      1.10959      0.39337      0.71622
      7.20038      1.11704      0.43323      0.68381
      7.21038      1.11472      0.47007      0.64465
      7.22038      0.94202      0.42670      0.51532
      7.23038      1.05004      0.45833      0.59171
      7.24038      1.55571      0.66051      0.89520
      7.25038      2.15217      0.93393      1.21824
