Energy-E_F (eV)    DOS (1/eV)    PDOS (1/eV)  of atom type W  Se 
     -4.99000      1.78039      0.50530      1.27509
     -4.98000      1.47118      0.38603      1.08515
     -4.97000      1.55436      0.38109      1.17328
     -4.96000      1.48637      0.35396      1.13241
     -4.95000      1.17819      0.30136      0.87683
     -4.94000      1.17612      0.31571      0.86041
     -4.93000      1.23086      0.32061      0.91025
     -4.92000      1.10320      0.27869      0.82452
     -4.91000      1.02724      0.25182      0.77542
     -4.90000      1.20719      0.28423      0.92296
     -4.89000      1.23781      0.29026      0.94755
     -4.88000      0.94865      0.23883      0.70982
     -4.87000      1.01748      0.27442      0.74306
     -4.86000      1.38810      0.37914      1.00896
     -4.85000      1.47156      0.41111      1.06046
     -4.84000      1.07919      0.30497      0.77422
     -4.83000      0.77037      0.19869      0.57167
     -4.82000      0.90322      0.20612      0.69710
     -4.81000      1.19823      0.27476      0.92347
     -4.80000      1.08626      0.26566      0.82060
     -4.79000      0.61077      0.15630      0.45446
     -4.78000      0.40356      0.10069      0.30287
     -4.77000      0.81005      0.20497      0.60508
     -4.76000      1.08814      0.28787      0.80027
     -4.75000      0.79230      0.21861      0.57369
     -4.74000      0.71671      0.19181      0.52490
     -4.73000      1.06505      0.26519      0.79985
     -4.72000      1.26297      0.29796      0.96500
     -4.71000      0.90852      0.21223      0.69629
     -4.70000      0.53360      0.13901      0.39459
     -4.69000      0.45878      0.12677      0.33200
     -4.68000      0.68569      0.18121      0.50448
     -4.67000      1.01180      0.26548      0.74632
     -4.66000      1.10699      0.30200      0.80499
     -4.65000      1.03742      0.30034      0.73707
     -4.64000      0.77344      0.22410      0.54934
     -4.63000      0.72795      0.18726      0.54068
     -4.62000      0.99886      0.23438      0.76449
     -4.61000      0.93731      0.21409      0.72322
     -4.60000      0.49362      0.11689      0.37674
     -4.59000      0.49057      0.13318      0.35739
     -4.58000      0.74166      0.20450      0.53717
     -4.57000      1.00509      0.26947      0.73562
     -4.56000      1.63498      0.43290      1.20208
     -4.55000      1.97432      0.52929      1.44503
     -4.54000      2.34119      0.63726      1.70393
     -4.53000      3.41702      0.92619      2.49084
     -4.52000      4.70807      1.27138      3.43669
     -4.51000      4.84694      1.30366      3.54328
     -4.50000      4.08891      1.07825      3.01067
     -4.49000      3.13641      0.81230      2.32410
     -4.48000      2.02940      0.52119      1.50821
     -4.47000      1.93163      0.50531      1.42632
     -4.46000      2.76208      0.73385      2.02824
     -4.45000      3.19293      0.84764      2.34529
     -4.44000      3.01078      0.80202      2.20876
     -4.43000      2.65891      0.72961      1.92930
     -4.42000      2.45462      0.68601      1.76861
     -4.41000      2.21886      0.61676      1.60210
     -4.40000      2.22681      0.59835      1.62846
     -4.39000      2.70411      0.68923      2.01488
     -4.38000      2.95772      0.75942      2.19830
     -4.37000      2.63433      0.71576      1.91857
     -4.36000      2.17988      0.61024      1.56964
     -4.35000      2.04706      0.57898      1.46808
     -4.34000      2.38540      0.66813      1.71727
     -4.33000      3.15140      0.85054      2.30086
     -4.32000      3.69970      0.99123      2.70846
     -4.31000      3.31742      0.91129      2.40613
     -4.30000      2.77265      0.78009      1.99256
     -4.29000      2.64354      0.74553      1.89801
     -4.28000      2.84141      0.79499      2.04643
     -4.27000      3.00097      0.81902      2.18196
     -4.26000      3.49790      0.92633      2.57157
     -4.25000      3.86508      1.03868      2.82640
     -4.24000      3.17913      0.90996      2.26917
     -4.23000      3.00949      0.91675      2.09274
     -4.22000      4.72109      1.42827      3.29282
     -4.21000      6.44184      1.92240      4.51944
     -4.20000      6.56644      1.99918      4.56727
     -4.19000      6.18747      1.94624      4.24123
     -4.18000      5.38002      1.70151      3.67851
     -4.17000      4.45212      1.37409      3.07804
     -4.16000      3.98542      1.19992      2.78550
     -4.15000      3.98844      1.21755      2.77089
     -4.14000      4.27737      1.32780      2.94957
     -4.13000      4.59110      1.38068      3.21043
     -4.12000      4.94727      1.43596      3.51131
     -4.11000      4.53202      1.33262      3.19941
     -4.10000      3.99974      1.24119      2.75855
     -4.09000      4.04093      1.29430      2.74664
     -4.08000      4.38793      1.40885      2.97908
     -4.07000      5.77709      1.83136      3.94573
     -4.06000      6.43879      1.99269      4.44610
     -4.05000      4.79616      1.42566      3.37050
     -4.04000      2.96720      0.83611      2.13109
     -4.03000      1.99101      0.54293      1.44808
     -4.02000      1.31455      0.35555      0.95899
     -4.01000      0.89233      0.26050      0.63183
     -4.00000      1.16854      0.38729      0.78125
     -3.99000      1.69438      0.55942      1.13496
     -3.98000      1.50908      0.47128      1.03780
     -3.97000      0.78284      0.23060      0.55225
     -3.96000      0.40701      0.11782      0.28919
     -3.95000      0.45482      0.14764      0.30718
     -3.94000      0.74907      0.28304      0.46603
     -3.93000      1.14385      0.42624      0.71761
     -3.92000      1.09623      0.37752      0.71871
     -3.91000      0.90315      0.30711      0.59605
     -3.90000      0.62351      0.22399      0.39951
     -3.89000      0.34213      0.13733      0.20480
     -3.88000      0.35676      0.15358      0.20318
     -3.87000      0.45552      0.16783      0.28770
     -3.86000      0.81120      0.24424      0.56696
     -3.85000      1.26101      0.37819      0.88282
     -3.84000      1.34439      0.43349      0.91089
     -3.83000      0.93824      0.33189      0.60634
     -3.82000      0.52944      0.21246      0.31697
     -3.81000      0.56110      0.23458      0.32652
     -3.80000      0.76836      0.30439      0.46397
     -3.79000      1.11547      0.39362      0.72185
     -3.78000      1.71375      0.53846      1.17529
     -3.77000      1.94845      0.57251      1.37594
     -3.76000      1.43977      0.39526      1.04451
     -3.75000      0.98165      0.27685      0.70480
     -3.74000      1.03176      0.30377      0.72799
     -3.73000      1.10959      0.30877      0.80082
     -3.72000      1.16584      0.32830      0.83754
     -3.71000      1.24381      0.35842      0.88538
     -3.70000      1.44500      0.40313      1.04187
     -3.69000      1.87404      0.51172      1.36232
     -3.68000      1.85213      0.52974      1.32238
     -3.67000      1.23703      0.38205      0.85499
     -3.66000      0.81513      0.25717      0.55795
     -3.65000      0.87764      0.26147      0.61617
     -3.64000      0.77266      0.22454      0.54812
     -3.63000      0.53393      0.16349      0.37044
     -3.62000      0.51626      0.17879      0.33747
     -3.61000      0.78996      0.24937      0.54059
     -3.60000      1.06459      0.28340      0.78120
     -3.59000      1.25085      0.35068      0.90017
     -3.58000      1.63661      0.52337      1.11324
     -3.57000      1.86286      0.61531      1.24755
     -3.56000      1.24025      0.41748      0.82276
     -3.55000      0.49819      0.17180      0.32638
     -3.54000      0.52081      0.18023      0.34058
     -3.53000      0.82579      0.29606      0.52973
     -3.52000      1.02017      0.37550      0.64467
     -3.51000      1.09291      0.38712      0.70579
     -3.50000      0.85637      0.28092      0.57545
     -3.49000      0.91467      0.25439      0.66028
     -3.48000      1.25644      0.29572      0.96073
     -3.47000      1.48537      0.34626      1.13911
     -3.46000      2.24768      0.61443      1.63325
     -3.45000      3.58590      1.03148      2.55441
     -3.44000      4.31677      1.20394      3.11283
     -3.43000      3.77412      1.02349      2.75064
     -3.42000      3.32520      0.91289      2.41231
     -3.41000      3.35816      0.90772      2.45045
     -3.40000      3.16981      0.81000      2.35982
     -3.39000      3.78701      0.99669      2.79032
     -3.38000      5.08072      1.35879      3.72193
     -3.37000      5.19739      1.31824      3.87916
     -3.36000      4.94566      1.12507      3.82058
     -3.35000      5.73828      1.18063      4.55765
     -3.34000      6.24758      1.26062      4.98695
     -3.33000      5.91935      1.32148      4.59787
     -3.32000      5.07473      1.30313      3.77160
     -3.31000      3.85368      1.10711      2.74658
     -3.30000      2.88848      0.91397      1.97451
     -3.29000      2.72771      0.89961      1.82810
     -3.28000      3.34858      1.10188      2.24669
     -3.27000      3.82891      1.30532      2.52360
     -3.26000      3.75266      1.36939      2.38328
     -3.25000      3.17437      1.19415      1.98022
     -3.24000      2.29559      0.85939      1.43620
     -3.23000      2.04844      0.74572      1.30272
     -3.22000      2.11832      0.76008      1.35824
     -3.21000      1.87123      0.66325      1.20798
     -3.20000      1.97158      0.66941      1.30217
     -3.19000      2.78656      0.94235      1.84421
     -3.18000      3.65080      1.27842      2.37238
     -3.17000      3.49852      1.22114      2.27738
     -3.16000      3.15579      1.05963      2.09616
     -3.15000      3.27911      1.13510      2.14401
     -3.14000      3.10663      1.08734      2.01929
     -3.13000      2.58258      0.90622      1.67636
     -3.12000      2.44721      0.93468      1.51254
     -3.11000      2.83385      1.12812      1.70572
     -3.10000      2.78855      1.10192      1.68662
     -3.09000      2.37355      0.90783      1.46572
     -3.08000      2.65915      0.96171      1.69744
     -3.07000      3.11655      1.13465      1.98190
     -3.06000      3.13452      1.24562      1.88890
     -3.05000      3.16880      1.33472      1.83408
     -3.04000      3.29144      1.35524      1.93620
     -3.03000      3.40265      1.35821      2.04444
     -3.02000      3.19659      1.30524      1.89136
     -3.01000      2.89212      1.23728      1.65484
     -3.00000      3.24600      1.39064      1.85536
     -2.99000      3.17338      1.29044      1.88294
     -2.98000      2.46279      0.89447      1.56833
     -2.97000      2.72910      0.96887      1.76022
     -2.96000      2.95449      1.09901      1.85548
     -2.95000      2.50379      0.98655      1.51724
     -2.94000      2.31901      0.94915      1.36986
     -2.93000      2.10551      0.83456      1.27095
     -2.92000      1.67478      0.64669      1.02809
     -2.91000      1.62501      0.62619      0.99882
     -2.90000      1.66595      0.66413      1.00182
     -2.89000      1.66946      0.70861      0.96085
     -2.88000      1.86207      0.79320      1.06886
     -2.87000      2.15910      0.88860      1.27050
     -2.86000      2.13588      0.82761      1.30827
     -2.85000      1.69888      0.60991      1.08897
     -2.84000      1.56240      0.57512      0.98728
     -2.83000      1.69638      0.65444      1.04194
     -2.82000      1.63162      0.62134      1.01027
     -2.81000      1.54943      0.51350      1.03594
     -2.80000      2.22857      0.67004      1.55852
     -2.79000      3.04033      1.01921      2.02113
     -2.78000      3.10335      1.16893      1.93442
     -2.77000      2.69497      1.05945      1.63552
     -2.76000      1.73671      0.64673      1.08998
     -2.75000      1.02745      0.31131      0.71614
     -2.74000      0.86798      0.24256      0.62542
     -2.73000      1.20685      0.39656      0.81029
     -2.72000      1.87743      0.71867      1.15876
     -2.71000      2.00693      0.81414      1.19279
     -2.70000      1.41751      0.53528      0.88223
     -2.69000      1.12399      0.37637      0.74763
     -2.68000      1.48577      0.53278      0.95299
     -2.67000      1.75522      0.68557      1.06965
     -2.66000      1.96302      0.78985      1.17317
     -2.65000      2.04201      0.82070      1.22131
     -2.64000      1.41952      0.54719      0.87233
     -2.63000      0.92804      0.33238      0.59567
     -2.62000      0.88167      0.29850      0.58318
     -2.61000      1.28949      0.41403      0.87546
     -2.60000      1.84583      0.61478      1.23105
     -2.59000      2.11752      0.77446      1.34306
     -2.58000      1.84303      0.67877      1.16426
     -2.57000      1.75161      0.59687      1.15475
     -2.56000      1.58537      0.52699      1.05838
     -2.55000      1.05147      0.37030      0.68117
     -2.54000      0.94933      0.37839      0.57094
     -2.53000      1.37437      0.55158      0.82279
     -2.52000      1.80201      0.69543      1.10658
     -2.51000      1.60624      0.57759      1.02865
     -2.50000      1.05457      0.37259      0.68198
     -2.49000      0.74531      0.27405      0.47126
     -2.48000      0.93948      0.34527      0.59421
     -2.47000      0.96160      0.37507      0.58653
     -2.46000      0.84307      0.38606      0.45701
     -2.45000      1.08531      0.47647      0.60884
     -2.44000      1.45352      0.53433      0.91919
     -2.43000      2.14478      0.62204      1.52274
     -2.42000      3.00388      0.80410      2.19979
     -2.41000      2.64993      0.74236      1.90757
     -2.40000      1.92562      0.59727      1.32835
     -2.39000      1.84432      0.64981      1.19450
     -2.38000      2.14082      0.81801      1.32281
     -2.37000      2.46290      0.98323      1.47967
     -2.36000      2.47017      0.98220      1.48797
     -2.35000      2.32170      0.87428      1.44741
     -2.34000      2.05644      0.72509      1.33135
     -2.33000      1.84164      0.66433      1.17730
     -2.32000      2.27388      0.83925      1.43463
     -2.31000      2.51470      0.93105      1.58365
     -2.30000      2.31861      0.84381      1.47480
     -2.29000      2.39944      0.83312      1.56632
     -2.28000      2.43242      0.84986      1.58257
     -2.27000      2.44807      0.90753      1.54053
     -2.26000      2.48510      0.92321      1.56189
     -2.25000      2.76742      0.92836      1.83906
     -2.24000      3.51822      1.05531      2.46292
     -2.23000      3.95650      1.20361      2.75289
     -2.22000      3.25199      1.07885      2.17314
     -2.21000      2.26840      0.78451      1.48388
     -2.20000      2.25229      0.73910      1.51320
     -2.19000      3.01197      0.99462      2.01736
     -2.18000      3.93172      1.26062      2.67111
     -2.17000      5.49263      1.54148      3.95116
     -2.16000      7.40923      1.84614      5.56310
     -2.15000      8.49246      2.03019      6.46227
     -2.14000      7.53226      1.83853      5.69372
     -2.13000      5.44376      1.43534      4.00842
     -2.12000      4.24057      1.19300      3.04756
     -2.11000      4.20613      1.13271      3.07342
     -2.10000      4.71651      1.23674      3.47976
     -2.09000      4.56492      1.26676      3.29816
     -2.08000      4.15858      1.19933      2.95925
     -2.07000      4.58695      1.26601      3.32094
     -2.06000      5.54697      1.53868      4.00829
     -2.05000      5.93490      1.64832      4.28658
     -2.04000      5.53133      1.51370      4.01763
     -2.03000      5.43163      1.54101      3.89061
     -2.02000      4.69656      1.38623      3.31034
     -2.01000      3.04319      0.94428      2.09891
     -2.00000      2.46179      0.78599      1.67580
     -1.99000      3.04744      0.87184      2.17560
     -1.98000      3.46156      0.92999      2.53157
     -1.97000      3.70911      1.11402      2.59510
     -1.96000      3.79340      1.19636      2.59704
     -1.95000      3.47301      1.05148      2.42153
     -1.94000      3.76869      1.10787      2.66082
     -1.93000      4.04308      1.22250      2.82058
     -1.92000      4.60424      1.50661      3.09763
     -1.91000      5.22192      1.73522      3.48670
     -1.90000      5.05517      1.58396      3.47121
     -1.89000      4.61263      1.42618      3.18645
     -1.88000      4.20151      1.35121      2.85030
     -1.87000      3.69971      1.17697      2.52275
     -1.86000      3.07759      0.92839      2.14920
     -1.85000      2.82735      0.79914      2.02821
     -1.84000      2.96928      0.82614      2.14314
     -1.83000      2.67454      0.69044      1.98410
     -1.82000      2.32005      0.50715      1.81290
     -1.81000      2.34008      0.57087      1.76920
     -1.80000      2.45983      0.72946      1.73036
     -1.79000      3.36096      1.04283      2.31812
     -1.78000      4.66587      1.43194      3.23393
     -1.77000      4.84468      1.48283      3.36185
     -1.76000      3.56740      1.03998      2.52743
     -1.75000      2.12892      0.53853      1.59039
     -1.74000      1.80980      0.42042      1.38938
     -1.73000      2.23217      0.50423      1.72795
     -1.72000      2.33099      0.56408      1.76690
     -1.71000      2.60820      0.69967      1.90852
     -1.70000      3.73407      1.03935      2.69473
     -1.69000      4.51503      1.30662      3.20841
     -1.68000      3.60135      1.05385      2.54750
     -1.67000      2.39289      0.60780      1.78508
     -1.66000      1.98078      0.41595      1.56483
     -1.65000      1.82178      0.38896      1.43282
     -1.64000      1.85598      0.40944      1.44653
     -1.63000      2.04228      0.45598      1.58630
     -1.62000      1.95954      0.49111      1.46843
     -1.61000      2.05219      0.58219      1.47000
     -1.60000      2.10023      0.56035      1.53988
     -1.59000      1.79839      0.45062      1.34777
     -1.58000      1.90158      0.48389      1.41769
     -1.57000      2.58715      0.61696      1.97020
     -1.56000      3.17600      0.72973      2.44627
     -1.55000      2.95087      0.67590      2.27497
     -1.54000      2.51902      0.66296      1.85606
     -1.53000      2.56155      0.80399      1.75756
     -1.52000      2.39108      0.72495      1.66613
     -1.51000      2.09962      0.49774      1.60188
     -1.50000      2.08768      0.44473      1.64295
     -1.49000      1.77920      0.40222      1.37697
     -1.48000      1.72616      0.38376      1.34240
     -1.47000      1.79673      0.41385      1.38288
     -1.46000      1.85914      0.49206      1.36708
     -1.45000      2.26751      0.55023      1.71728
     -1.44000      2.55064      0.54331      2.00734
     -1.43000      2.39686      0.49993      1.89693
     -1.42000      1.94595      0.41388      1.53206
     -1.41000      1.97163      0.48699      1.48463
     -1.40000      2.53406      0.70316      1.83090
     -1.39000      2.68458      0.69547      1.98912
     -1.38000      2.25985      0.47808      1.78177
     -1.37000      2.01877      0.37025      1.64852
     -1.36000      2.04763      0.42599      1.62163
     -1.35000      1.75371      0.43654      1.31717
     -1.34000      1.72190      0.40646      1.31544
     -1.33000      2.27054      0.50971      1.76083
     -1.32000      2.57861      0.58868      1.98993
     -1.31000      2.22333      0.48687      1.73647
     -1.30000      1.82332      0.39137      1.43195
     -1.29000      1.94463      0.46469      1.47994
     -1.28000      2.16023      0.54447      1.61575
     -1.27000      2.24703      0.60504      1.64199
     -1.26000      2.48181      0.70391      1.77789
     -1.25000      3.36386      0.90307      2.46080
     -1.24000      4.32487      1.14120      3.18367
     -1.23000      4.12780      1.13262      2.99518
     -1.22000      3.25484      0.86005      2.39478
     -1.21000      2.97178      0.71525      2.25653
     -1.20000      2.81586      0.66334      2.15251
     -1.19000      2.31811      0.56052      1.75759
     -1.18000      1.61657      0.46652      1.15005
     -1.17000      0.91920      0.34792      0.57128
     -1.16000      0.52946      0.22942      0.30003
     -1.15000      0.72286      0.31460      0.40826
     -1.14000      1.17470      0.57725      0.59745
     -1.13000      1.39276      0.73023      0.66253
     -1.12000      1.31822      0.63369      0.68453
     -1.11000      1.34122      0.60297      0.73825
     -1.10000      1.33714      0.64916      0.68797
     -1.09000      0.86382      0.42773      0.43609
     -1.08000      0.74541      0.38694      0.35847
     -1.07000      1.18089      0.70427      0.47662
     -1.06000      1.23633      0.76015      0.47618
     -1.05000      0.76777      0.41784      0.34993
     -1.04000      0.55534      0.21848      0.33687
     -1.03000      0.71524      0.30954      0.40570
     -1.02000      1.20076      0.69570      0.50506
     -1.01000      1.92062      1.23048      0.69014
     -1.00000      2.08318      1.30987      0.77331
     -0.99000      1.46293      0.90116      0.56177
     -0.98000      0.97104      0.60634      0.36470
     -0.97000      1.09023      0.68463      0.40561
     -0.96000      1.44479      0.90573      0.53905
     -0.95000      1.51056      0.93722      0.57334
     -0.94000      1.42716      0.85576      0.57140
     -0.93000      1.54185      0.91188      0.62997
     -0.92000      2.09185      1.33028      0.76157
     -0.91000      2.58032      1.68171      0.89861
     -0.90000      2.31432      1.48484      0.82949
     -0.89000      1.94592      1.21818      0.72774
     -0.88000      2.23892      1.37458      0.86434
     -0.87000      2.49414      1.54556      0.94859
     -0.86000      2.26817      1.45192      0.81625
     -0.85000      2.42262      1.62669      0.79593
     -0.84000      3.13352      2.10986      1.02366
     -0.83000      3.40091      2.29956      1.10135
     -0.82000      3.19704      2.20721      0.98983
     -0.81000      3.77791      2.59308      1.18483
     -0.80000      4.38475      3.00490      1.37985
     -0.79000      4.45217      3.10043      1.35174
     -0.78000      3.95312      2.72550      1.22761
     -0.77000      3.34443      2.21721      1.12722
     -0.76000      3.32292      2.18485      1.13807
     -0.75000      3.24200      2.15565      1.08635
     -0.74000      2.82959      1.88531      0.94428
     -0.73000      3.12836      2.07538      1.05298
     -0.72000      3.54261      2.32050      1.22211
     -0.71000      3.14536      2.05738      1.08798
     -0.70000      2.79797      1.83153      0.96644
     -0.69000      2.72902      1.78024      0.94878
     -0.68000      2.35308      1.55867      0.79441
     -0.67000      2.06398      1.38204      0.68194
     -0.66000      2.48417      1.63560      0.84857
     -0.65000      3.43536      2.29878      1.13658
     -0.64000      3.45897      2.35797      1.10100
     -0.63000      2.33575      1.54501      0.79074
     -0.62000      1.84087      1.17336      0.66750
     -0.61000      2.32426      1.51461      0.80965
     -0.60000      2.51442      1.64222      0.87220
     -0.59000      2.08179      1.36391      0.71788
     -0.58000      2.11559      1.40505      0.71053
     -0.57000      2.87804      1.93668      0.94135
     -0.56000      3.17595      2.18777      0.98818
     -0.55000      2.48775      1.72129      0.76646
     -0.54000      1.84140      1.23535      0.60605
     -0.53000      1.71418      1.13757      0.57661
     -0.52000      2.21276      1.48120      0.73156
     -0.51000      2.43935      1.63823      0.80112
     -0.50000      1.93426      1.30261      0.63165
     -0.49000      1.52467      1.03301      0.49166
     -0.48000      1.89911      1.29577      0.60334
     -0.47000      2.88722      2.00567      0.88155
     -0.46000      3.07760      2.18144      0.89616
     -0.45000      2.09001      1.47736      0.61265
     -0.44000      1.56558      1.06733      0.49826
     -0.43000      1.68788      1.14428      0.54360
     -0.42000      1.74695      1.20677      0.54018
     -0.41000      1.80023      1.26970      0.53053
     -0.40000      1.96230      1.38731      0.57499
     -0.39000      1.91806      1.34305      0.57501
     -0.38000      1.75751      1.22467      0.53284
     -0.37000      1.77897      1.24438      0.53459
     -0.36000      1.97016      1.39332      0.57684
     -0.35000      2.16306      1.55355      0.60952
     -0.34000      2.29256      1.65228      0.64028
     -0.33000      1.98170      1.40971      0.57199
     -0.32000      1.45810      1.01641      0.44169
     -0.31000      1.41741      0.98210      0.43532
     -0.30000      1.75740      1.23157      0.52583
     -0.29000      1.95449      1.37943      0.57505
     -0.28000      1.86028      1.32133      0.53895
     -0.27000      1.21111      0.86731      0.34380
     -0.26000      0.59946      0.43798      0.16148
     -0.25000      0.54166      0.40586      0.13580
     -0.24000      0.65313      0.49406      0.15907
     -0.23000      0.85030      0.64979      0.20051
     -0.22000      1.07456      0.82475      0.24981
     -0.21000      0.92279      0.70698      0.21581
     -0.20000      0.54018      0.41067      0.12951
     -0.19000      0.26718      0.20277      0.06441
     -0.18000      0.33320      0.25670      0.07650
     -0.17000      0.61333      0.47329      0.14004
     -0.16000      0.59775      0.46168      0.13606
     -0.15000      0.38648      0.29981      0.08668
     -0.14000      0.36057      0.28005      0.08052
     -0.13000      0.45690      0.35488      0.10202
     -0.12000      0.66062      0.51444      0.14618
     -0.11000      0.81310      0.63499      0.17812
     -0.10000      0.57856      0.45325      0.12531
     -0.09000      0.25236      0.19814      0.05421
     -0.08000      0.20585      0.16159      0.04426
     -0.07000      0.37883      0.29773      0.08110
     -0.06000      0.43328      0.34104      0.09224
     -0.05000      0.38195      0.30101      0.08094
     -0.04000      0.42691      0.33680      0.09011
     -0.03000      0.44461      0.35128      0.09333
     -0.02000      0.36838      0.29143      0.07695
     -0.01000      0.24925      0.19741      0.05185
      0.00000      0.16522      0.13096      0.03426
      0.01000      0.06398      0.05072      0.01326
      0.02000      0.00995      0.00789      0.00206
      0.03000      0.00058      0.00046      0.00012
      0.04000      0.00001      0.00001      0.00000
      0.05000      0.00000      0.00000      0.00000
      0.06000      0.00000      0.00000      0.00000
      0.07000      0.00000      0.00000      0.00000
      0.08000      0.00000      0.00000      0.00000
      0.09000      0.00000      0.00000      0.00000
      0.10000      0.00000      0.00000      0.00000
      0.11000      0.00000      0.00000      0.00000
      0.12000      0.00000      0.00000      0.00000
      0.13000      0.00000      0.00000      0.00000
      0.14000      0.00000      0.00000      0.00000
      0.15000      0.00000      0.00000      0.00000
      0.16000      0.00000      0.00000      0.00000
      0.17000      0.00000      0.00000      0.00000
      0.18000      0.00000      0.00000      0.00000
      0.19000      0.00000      0.00000      0.00000
      0.20000      0.00000      0.00000      0.00000
      0.21000      0.00000      0.00000      0.00000
      0.22000      0.00000      0.00000      0.00000
      0.23000      0.00000      0.00000      0.00000
      0.24000      0.00000      0.00000      0.00000
      0.25000      0.00000      0.00000      0.00000
      0.26000      0.00000      0.00000      0.00000
      0.27000      0.00000      0.00000      0.00000
      0.28000      0.00000      0.00000      0.00000
      0.29000      0.00000      0.00000      0.00000
      0.30000      0.00000      0.00000      0.00000
      0.31000      0.00000      0.00000      0.00000
      0.32000      0.00000      0.00000      0.00000
      0.33000      0.00000      0.00000      0.00000
      0.34000      0.00000      0.00000      0.00000
      0.35000      0.00000      0.00000      0.00000
      0.36000      0.00000      0.00000      0.00000
      0.37000      0.00000      0.00000      0.00000
      0.38000      0.00000      0.00000      0.00000
      0.39000      0.00000      0.00000      0.00000
      0.40000      0.00000      0.00000      0.00000
      0.41000      0.00000      0.00000      0.00000
      0.42000      0.00000      0.00000      0.00000
      0.43000      0.00000      0.00000      0.00000
      0.44000      0.00000      0.00000      0.00000
      0.45000      0.00000      0.00000      0.00000
      0.46000      0.00000      0.00000      0.00000
      0.47000      0.00000      0.00000      0.00000
      0.48000      0.00000      0.00000      0.00000
      0.49000      0.00000      0.00000      0.00000
      0.50000      0.00000      0.00000      0.00000
      0.51000      0.00000      0.00000      0.00000
      0.52000      0.00000      0.00000      0.00000
      0.53000      0.00000      0.00000      0.00000
      0.54000      0.00000      0.00000      0.00000
      0.55000      0.00000      0.00000      0.00000
      0.56000      0.00000      0.00000      0.00000
      0.57000      0.00000      0.00000      0.00000
      0.58000      0.00000      0.00000      0.00000
      0.59000      0.00000      0.00000      0.00000
      0.60000      0.00000      0.00000      0.00000
      0.61000      0.00000      0.00000      0.00000
      0.62000      0.00000      0.00000      0.00000
      0.63000      0.00000      0.00000      0.00000
      0.64000      0.00000      0.00000      0.00000
      0.65000      0.00000      0.00000      0.00000
      0.66000      0.00000      0.00000      0.00000
      0.67000      0.00000      0.00000      0.00000
      0.68000      0.00000      0.00000      0.00000
      0.69000      0.00000      0.00000      0.00000
      0.70000      0.00000      0.00000      0.00000
      0.71000      0.00000      0.00000      0.00000
      0.72000      0.00000      0.00000      0.00000
      0.73000      0.00000      0.00000      0.00000
      0.74000      0.00000      0.00000      0.00000
      0.75000      0.00000      0.00000      0.00000
      0.76000      0.00000      0.00000      0.00000
      0.77000      0.00000      0.00000      0.00000
      0.78000      0.00000      0.00000      0.00000
      0.79000      0.00000      0.00000      0.00000
      0.80000      0.00000      0.00000      0.00000
      0.81000      0.00000      0.00000      0.00000
      0.82000      0.00000      0.00000      0.00000
      0.83000      0.00000      0.00000      0.00000
      0.84000      0.00000      0.00000      0.00000
      0.85000      0.00000      0.00000      0.00000
      0.86000      0.00000      0.00000      0.00000
      0.87000      0.00000      0.00000      0.00000
      0.88000      0.00000      0.00000      0.00000
      0.89000      0.00000      0.00000      0.00000
      0.90000      0.00000      0.00000      0.00000
      0.91000      0.00000      0.00000      0.00000
      0.92000      0.00000      0.00000      0.00000
      0.93000      0.00000      0.00000      0.00000
      0.94000      0.00000      0.00000      0.00000
      0.95000      0.00000      0.00000      0.00000
      0.96000      0.00000      0.00000      0.00000
      0.97000      0.00000      0.00000      0.00000
      0.98000      0.00000      0.00000      0.00000
      0.99000      0.00000      0.00000      0.00000
      1.00000      0.00000      0.00000      0.00000
      1.01000      0.00000      0.00000      0.00000
      1.02000      0.00000      0.00000      0.00000
      1.03000      0.00000      0.00000      0.00000
      1.04000      0.00000      0.00000      0.00000
      1.05000      0.00000      0.00000      0.00000
      1.06000      0.00000      0.00000      0.00000
      1.07000      0.00000      0.00000      0.00000
      1.08000      0.00000      0.00000      0.00000
      1.09000      0.00000      0.00000      0.00000
      1.10000      0.00000      0.00000      0.00000
      1.11000      0.00000      0.00000      0.00000
      1.12000      0.00000      0.00000      0.00000
      1.13000      0.00000      0.00000      0.00000
      1.14000      0.00000      0.00000      0.00000
      1.15000      0.00000      0.00000      0.00000
      1.16000      0.00000      0.00000      0.00000
      1.17000      0.00000      0.00000      0.00000
      1.18000      0.00000      0.00000      0.00000
      1.19000      0.00000      0.00000      0.00000
      1.20000      0.00000      0.00000      0.00000
      1.21000      0.00000      0.00000      0.00000
      1.22000      0.00000      0.00000      0.00000
      1.23000      0.00000      0.00000      0.00000
      1.24000      0.00000      0.00000      0.00000
      1.25000      0.00000      0.00000      0.00000
      1.26000      0.00000      0.00000      0.00000
      1.27000      0.00000      0.00000      0.00000
      1.28000      0.00000      0.00000      0.00000
      1.29000      0.00000      0.00000      0.00000
      1.30000      0.00000      0.00000      0.00000
      1.31000      0.00000      0.00000      0.00000
      1.32000      0.00000      0.00000      0.00000
      1.33000      0.00000      0.00000      0.00000
      1.34000      0.00000      0.00000      0.00000
      1.35000      0.00000      0.00000      0.00000
      1.36000      0.00000      0.00000      0.00000
      1.37000      0.00000      0.00000      0.00000
      1.38000      0.00000      0.00000      0.00000
      1.39000      0.00000      0.00000      0.00000
      1.40000      0.00000      0.00000      0.00000
      1.41000      0.00000      0.00000      0.00000
      1.42000      0.00000      0.00000      0.00000
      1.43000      0.00000      0.00000      0.00000
      1.44000      0.00000      0.00000      0.00000
      1.45000      0.00000      0.00000      0.00000
      1.46000      0.00000      0.00000      0.00000
      1.47000      0.00000      0.00000      0.00000
      1.48000      0.00000      0.00000      0.00000
      1.49000      0.00001      0.00001      0.00000
      1.50000      0.00064      0.00057      0.00007
      1.51000      0.01065      0.00954      0.00111
      1.52000      0.06563      0.05880      0.00683
      1.53000      0.15196      0.13615      0.01581
      1.54000      0.16778      0.15024      0.01754
      1.55000      0.23285      0.20826      0.02459
      1.56000      0.33622      0.30061      0.03561
      1.57000      0.31230      0.27920      0.03310
      1.58000      0.33875      0.30279      0.03596
      1.59000      0.30003      0.26801      0.03201
      1.60000      0.28014      0.24968      0.03046
      1.61000      0.35089      0.31249      0.03840
      1.62000      0.29261      0.26082      0.03180
      1.63000      0.19681      0.17561      0.02120
      1.64000      0.14033      0.12471      0.01563
      1.65000      0.24817      0.21928      0.02889
      1.66000      0.38895      0.34354      0.04540
      1.67000      0.45190      0.39915      0.05275
      1.68000      0.55362      0.48130      0.07231
      1.69000      0.67352      0.52957      0.14395
      1.70000      1.02908      0.68790      0.34118
      1.71000      1.68341      1.06460      0.61881
      1.72000      2.03887      1.25116      0.78771
      1.73000      1.79443      1.05520      0.73923
      1.74000      1.66549      0.97579      0.68970
      1.75000      1.84653      1.16794      0.67859
      1.76000      2.16685      1.39557      0.77128
      1.77000      2.47728      1.47804      0.99924
      1.78000      2.34994      1.33939      1.01055
      1.79000      1.95929      1.16518      0.79412
      1.80000      2.04055      1.28533      0.75522
      1.81000      2.41863      1.52852      0.89011
      1.82000      2.20091      1.41038      0.79053
      1.83000      1.88967      1.27450      0.61517
      1.84000      2.59228      1.67659      0.91569
      1.85000      3.47793      2.05741      1.42052
      1.86000      3.47831      2.01492      1.46339
      1.87000      2.77260      1.71049      1.06212
      1.88000      2.39607      1.51985      0.87622
      1.89000      2.54026      1.53129      1.00897
      1.90000      2.36886      1.37346      0.99540
      1.91000      2.57931      1.54790      1.03141
      1.92000      3.24342      2.03166      1.21176
      1.93000      3.27557      2.04031      1.23527
      1.94000      4.14325      2.45682      1.68643
      1.95000      5.69790      3.29906      2.39883
      1.96000      5.27430      3.17062      2.10367
      1.97000      4.07029      2.56662      1.50366
      1.98000      3.38843      2.14884      1.23959
      1.99000      3.30984      2.11530      1.19454
      2.00000      3.63618      2.30409      1.33209
      2.01000      3.48960      2.18399      1.30561
      2.02000      3.13310      2.02810      1.10500
      2.03000      3.51122      2.33718      1.17404
      2.04000      4.01141      2.61175      1.39966
      2.05000      4.40777      2.81001      1.59777
      2.06000      4.35221      2.78135      1.57087
      2.07000      3.56287      2.33476      1.22811
      2.08000      2.66459      1.81413      0.85046
      2.09000      2.70680      1.89409      0.81271
      2.10000      2.74715      1.92373      0.82343
      2.11000      2.68763      1.86932      0.81831
      2.12000      3.04295      2.08365      0.95930
      2.13000      2.94622      1.98069      0.96553
      2.14000      2.16953      1.45991      0.70962
      2.15000      1.67841      1.16904      0.50938
      2.16000      1.79481      1.29129      0.50352
      2.17000      2.20631      1.57141      0.63490
      2.18000      2.79216      1.97779      0.81436
      2.19000      3.31007      2.38429      0.92578
      2.20000      3.13434      2.21167      0.92267
      2.21000      2.22361      1.52455      0.69906
      2.22000      1.78452      1.30488      0.47964
      2.23000      1.73792      1.35814      0.37978
      2.24000      2.08325      1.61928      0.46397
      2.25000      3.22199      2.43848      0.78350
      2.26000      4.47885      3.37963      1.09922
      2.27000      4.16379      3.15897      1.00482
      2.28000      3.28129      2.47391      0.80738
      2.29000      3.31919      2.44359      0.87559
      2.30000      3.86958      2.89000      0.97958
      2.31000      4.64648      3.59043      1.05605
      2.32000      4.75437      3.67010      1.08428
      2.33000      4.67947      3.54867      1.13080
      2.34000      5.03305      3.83032      1.20273
      2.35000      5.28732      3.93291      1.35441
      2.36000      6.01995      4.11807      1.90188
      2.37000      6.71227      4.30732      2.40495
      2.38000      6.06786      3.79672      2.27114
      2.39000      4.88551      3.05761      1.82789
      2.40000      4.23647      2.68137      1.55510
      2.41000      4.04701      2.61965      1.42736
      2.42000      4.18964      2.76808      1.42156
      2.43000      4.85550      3.14183      1.71367
      2.44000      5.70338      3.58841      2.11497
      2.45000      5.24696      3.29508      1.95188
      2.46000      4.61855      2.95183      1.66672
      2.47000      4.79589      3.18095      1.61494
      2.48000      4.90105      3.29264      1.60841
      2.49000      5.08190      3.39398      1.68791
      2.50000      5.46112      3.63580      1.82532
      2.51000      5.64091      3.72377      1.91714
      2.52000      5.46755      3.60433      1.86323
      2.53000      6.17978      3.92497      2.25482
      2.54000      6.72721      4.17452      2.55269
      2.55000      5.67383      3.72042      1.95341
      2.56000      5.02339      3.53854      1.48486
      2.57000      5.16916      3.70610      1.46307
      2.58000      4.79925      3.45920      1.34005
      2.59000      4.23288      3.02456      1.20832
      2.60000      3.99057      2.91748      1.07309
      2.61000      4.50255      3.28837      1.21418
      2.62000      5.38113      3.63225      1.74888
      2.63000      5.28424      3.40364      1.88060
      2.64000      4.17156      2.60991      1.56165
      2.65000      3.75931      2.38581      1.37350
      2.66000      4.24949      3.08753      1.16195
      2.67000      4.79526      3.70550      1.08976
      2.68000      4.65010      3.44017      1.20994
      2.69000      3.68706      2.50878      1.17828
      2.70000      3.10985      2.03999      1.06987
      2.71000      3.44949      2.34926      1.10023
      2.72000      3.53782      2.50425      1.03357
      2.73000      3.42092      2.42268      0.99824
      2.74000      3.62974      2.43028      1.19946
      2.75000      3.76987      2.34041      1.42947
      2.76000      4.50208      2.69498      1.80709
      2.77000      4.75621      2.92186      1.83435
      2.78000      3.50160      2.29268      1.20892
      2.79000      2.88973      2.01103      0.87870
      2.80000      3.23458      2.32021      0.91437
      2.81000      3.06144      2.18747      0.87396
      2.82000      2.61065      1.67929      0.93137
      2.83000      2.58544      1.50404      1.08140
      2.84000      2.60991      1.47449      1.13542
      2.85000      2.77897      1.58176      1.19721
      2.86000      2.70093      1.55482      1.14611
      2.87000      2.51721      1.42128      1.09592
      2.88000      2.62646      1.52561      1.10085
      2.89000      3.03763      1.79432      1.24332
      2.90000      3.51275      2.01133      1.50142
      2.91000      3.54958      1.96356      1.58602
      2.92000      3.79532      2.00980      1.78552
      2.93000      4.54889      2.41216      2.13673
      2.94000      4.86608      2.59983      2.26625
      2.95000      5.17012      2.70572      2.46440
      2.96000      5.30344      2.78665      2.51680
      2.97000      4.72779      2.60635      2.12144
      2.98000      4.26721      2.45127      1.81595
      2.99000      3.93576      2.21846      1.71730
      3.00000      3.12695      1.69024      1.43671
      3.01000      3.06733      1.60530      1.46204
      3.02000      3.71607      1.90853      1.80754
      3.03000      3.87597      1.95989      1.91608
      3.04000      3.31297      1.65686      1.65611
      3.05000      2.28552      1.17906      1.10646
      3.06000      1.74391      0.95854      0.78536
      3.07000      2.04707      1.14986      0.89721
      3.08000      2.47718      1.41116      1.06602
      3.09000      2.98711      1.68480      1.30231
      3.10000      3.44712      1.87467      1.57245
      3.11000      3.43512      1.89219      1.54292
      3.12000      2.29499      1.34095      0.95404
      3.13000      1.38054      0.80373      0.57681
      3.14000      1.66088      0.89642      0.76446
      3.15000      2.27167      1.19365      1.07802
      3.16000      2.43220      1.29368      1.13852
      3.17000      2.41270      1.34957      1.06313
      3.18000      2.29725      1.33828      0.95898
      3.19000      2.14111      1.23129      0.90982
      3.20000      1.94659      1.08354      0.86305
      3.21000      1.52806      0.80890      0.71916
      3.22000      1.38152      0.72206      0.65946
      3.23000      1.51836      0.82882      0.68955
      3.24000      1.80568      0.97178      0.83390
      3.25000      1.91263      1.03006      0.88257
      3.26000      1.81157      1.00892      0.80265
      3.27000      2.25520      1.25160      1.00360
      3.28000      2.72824      1.44203      1.28621
      3.29000      2.24457      1.13914      1.10543
      3.30000      1.65174      0.85094      0.80080
      3.31000      1.66748      0.88329      0.78419
      3.32000      1.90732      1.02911      0.87821
      3.33000      2.16111      1.21249      0.94862
      3.34000      1.95196      1.09813      0.85383
      3.35000      1.56063      0.82331      0.73732
      3.36000      1.53502      0.76324      0.77178
      3.37000      1.47980      0.74581      0.73400
      3.38000      1.39754      0.75772      0.63982
      3.39000      1.29924      0.72784      0.57140
      3.40000      1.21005      0.64612      0.56393
      3.41000      1.46166      0.77328      0.68838
      3.42000      1.63661      0.88803      0.74858
      3.43000      1.98364      1.05457      0.92907
      3.44000      2.86900      1.45123      1.41777
      3.45000      2.90548      1.44458      1.46090
      3.46000      1.66028      0.82525      0.83503
      3.47000      0.76726      0.37235      0.39491
      3.48000      0.84347      0.40121      0.44226
      3.49000      1.07411      0.51569      0.55842
      3.50000      0.91434      0.44437      0.46998
      3.51000      1.06012      0.51346      0.54666
      3.52000      1.75449      0.84145      0.91304
      3.53000      1.92734      0.91920      1.00815
      3.54000      1.44564      0.68869      0.75696
      3.55000      1.36129      0.65423      0.70706
      3.56000      1.29485      0.62217      0.67267
      3.57000      0.99542      0.47774      0.51768
      3.58000      0.89194      0.43397      0.45797
      3.59000      1.30636      0.63645      0.66991
      3.60000      2.16057      1.03787      1.12270
      3.61000      2.48348      1.17519      1.30829
      3.62000      1.95840      0.91960      1.03879
      3.63000      1.45724      0.68482      0.77242
      3.64000      1.43269      0.67577      0.75692
      3.65000      1.63952      0.77993      0.85958
      3.66000      1.77684      0.85147      0.92537
      3.67000      1.91160      0.91120      1.00040
      3.68000      2.04496      0.96835      1.07661
      3.69000      1.92653      0.90898      1.01755
      3.70000      1.36948      0.64604      0.72344
      3.71000      1.22067      0.58305      0.63761
      3.72000      1.45126      0.69697      0.75429
      3.73000      1.09466      0.52761      0.56705
      3.74000      0.79915      0.39041      0.40874
      3.75000      1.04149      0.50723      0.53426
      3.76000      1.55726      0.74345      0.81381
      3.77000      2.18541      1.02949      1.15592
      3.78000      1.79423      0.84182      0.95242
      3.79000      0.99616      0.47051      0.52565
      3.80000      0.70922      0.34088      0.36833
      3.81000      0.44246      0.21549      0.22697
      3.82000      0.36437      0.17785      0.18652
      3.83000      0.46444      0.22188      0.24256
      3.84000      0.72634      0.34043      0.38591
      3.85000      0.92743      0.43330      0.49413
      3.86000      0.74462      0.34736      0.39726
      3.87000      0.44013      0.20454      0.23559
      3.88000      0.16332      0.07571      0.08761
      3.89000      0.07306      0.03404      0.03902
      3.90000      0.36339      0.16996      0.19342
      3.91000      1.17969      0.55229      0.62741
      3.92000      1.85926      0.87183      0.98743
      3.93000      1.69019      0.79373      0.89645
      3.94000      0.90181      0.42346      0.47835
      3.95000      0.33361      0.15584      0.17777
      3.96000      0.30831      0.14220      0.16611
      3.97000      0.58957      0.27123      0.31833
      3.98000      0.98445      0.45654      0.52791
      3.99000      1.26191      0.59061      0.67130
      4.00000      1.14173      0.53721      0.60451
      4.01000      0.68125      0.32142      0.35983
      4.02000      0.68968      0.32368      0.36600
      4.03000      1.37013      0.63943      0.73070
      4.04000      2.05736      0.95671      1.10065
      4.05000      2.22853      1.03812      1.19042
      4.06000      2.28842      1.07631      1.21211
      4.07000      2.16608      1.02092      1.14516
      4.08000      1.46906      0.68906      0.77999
      4.09000      1.06855      0.49957      0.56898
      4.10000      1.24446      0.58025      0.66421
      4.11000      1.43336      0.67385      0.75951
      4.12000      1.93446      0.92370      1.01076
      4.13000      2.87557      1.37419      1.50138
      4.14000      3.11167      1.47947      1.63220
      4.15000      2.59151      1.22783      1.36368
      4.16000      2.29603      1.09171      1.20432
      4.17000      2.44242      1.16249      1.27993
      4.18000      2.78019      1.32233      1.45785
      4.19000      3.23250      1.54330      1.68920
      4.20000      3.56127      1.70099      1.86029
      4.21000      3.55228      1.69691      1.85537
      4.22000      4.05396      1.93938      2.11458
      4.23000      5.03459      2.39611      2.63849
      4.24000      5.85669      2.76509      3.09160
      4.25000      6.21143      2.93608      3.27535
      4.26000      5.59951      2.66973      2.92978
      4.27000      4.21286      2.03257      2.18029
      4.28000      3.30186      1.60921      1.69265
      4.29000      3.45809      1.70032      1.75778
      4.30000      3.98953      1.96968      2.01985
      4.31000      4.05382      2.00240      2.05142
      4.32000      3.49451      1.72974      1.76476
      4.33000      2.99269      1.48149      1.51120
      4.34000      3.11779      1.53823      1.57956
      4.35000      3.19958      1.57196      1.62763
      4.36000      2.91691      1.44455      1.47235
      4.37000      2.69681      1.37041      1.32640
      4.38000      2.33040      1.21098      1.11941
      4.39000      1.83609      0.96590      0.87019
      4.40000      1.58785      0.83712      0.75073
      4.41000      1.25933      0.66273      0.59660
      4.42000      0.96105      0.50634      0.45471
      4.43000      1.17733      0.62681      0.55052
      4.44000      1.79803      0.97482      0.82321
      4.45000      2.53621      1.39786      1.13835
      4.46000      2.32533      1.28869      1.03664
      4.47000      1.25591      0.69330      0.56262
      4.48000      0.69984      0.38398      0.31587
      4.49000      0.66139      0.36513      0.29626
      4.50000      0.74181      0.41271      0.32910
      4.51000      0.81235      0.45620      0.35615
      4.52000      1.00080      0.56716      0.43363
      4.53000      1.13938      0.64787      0.49151
      4.54000      1.01086      0.57370      0.43716
      4.55000      0.75938      0.42125      0.33813
      4.56000      0.80440      0.41315      0.39125
      4.57000      1.13657      0.56353      0.57304
      4.58000      1.38987      0.71014      0.67973
      4.59000      1.50526      0.81967      0.68560
      4.60000      1.37039      0.77494      0.59545
      4.61000      1.06360      0.56661      0.49699
      4.62000      0.95708      0.44082      0.51626
      4.63000      0.93746      0.44122      0.49625
      4.64000      0.82986      0.44825      0.38161
      4.65000      0.64313      0.37347      0.26965
      4.66000      0.65948      0.37896      0.28052
      4.67000      0.89571      0.46854      0.42717
      4.68000      1.28673      0.61952      0.66721
      4.69000      1.50071      0.72323      0.77749
      4.70000      1.23901      0.62575      0.61326
      4.71000      1.06871      0.56522      0.50349
      4.72000      1.05004      0.53354      0.51650
      4.73000      0.99198      0.48994      0.50204
      4.74000      0.93556      0.50058      0.43498
      4.75000      0.83773      0.49715      0.34058
      4.76000      0.74349      0.43382      0.30967
      4.77000      0.94892      0.47995      0.46896
      4.78000      1.38316      0.66129      0.72188
      4.79000      1.35763      0.67223      0.68541
      4.80000      0.96773      0.52540      0.44234
      4.81000      0.53245      0.31373      0.21872
      4.82000      0.22101      0.13530      0.08571
      4.83000      0.06375      0.03805      0.02570
      4.84000      0.06580      0.02643      0.03938
      4.85000      0.23119      0.08644      0.14475
      4.86000      0.40388      0.14846      0.25542
      4.87000      0.56029      0.20729      0.35301
      4.88000      0.94756      0.38671      0.56086
      4.89000      1.25660      0.54620      0.71040
      4.90000      0.96117      0.40897      0.55220
      4.91000      0.58998      0.22870      0.36128
      4.92000      0.62597      0.23875      0.38722
      4.93000      0.59718      0.25314      0.34404
      4.94000      0.33960      0.16454      0.17506
      4.95000      0.23331      0.10143      0.13188
      4.96000      0.40809      0.14891      0.25918
      4.97000      0.51038      0.17641      0.33396
      4.98000      0.34692      0.11543      0.23149
      4.99000      0.11717      0.03983      0.07734
      5.00000      0.09253      0.04871      0.04383
      5.01000      0.45134      0.22754      0.22380
      5.02000      1.11656      0.49697      0.61959
      5.03000      1.24830      0.49226      0.75603
      5.04000      0.72039      0.25492      0.46547
      5.05000      0.24206      0.07958      0.16248
      5.06000      0.05193      0.01683      0.03510
      5.07000      0.10998      0.03777      0.07221
      5.08000      0.42307      0.14482      0.27825
      5.09000      0.63225      0.21552      0.41673
      5.10000      0.43012      0.14742      0.28271
      5.11000      0.32254      0.11402      0.20852
      5.12000      0.35142      0.14439      0.20703
      5.13000      0.37471      0.21130      0.16341
      5.14000      0.34358      0.21937      0.12422
      5.15000      0.33849      0.16659      0.17191
      5.16000      0.78333      0.31556      0.46777
      5.17000      1.26273      0.52698      0.73575
      5.18000      1.10764      0.45583      0.65182
      5.19000      0.76519      0.28251      0.48268
      5.20000      0.66712      0.22681      0.44031
      5.21000      0.92689      0.30578      0.62110
      5.22000      1.06288      0.35626      0.70662
      5.23000      0.74939      0.27715      0.47224
      5.24000      0.45191      0.20647      0.24544
      5.25000      0.33164      0.15334      0.17830
      5.26000      0.40712      0.14938      0.25775
      5.27000      0.52490      0.20660      0.31829
      5.28000      0.53935      0.24075      0.29859
      5.29000      0.30130      0.13950      0.16181
      5.30000      0.13141      0.05153      0.07988
      5.31000      0.34651      0.10947      0.23704
      5.32000      0.76089      0.24547      0.51542
      5.33000      0.98653      0.36016      0.62637
      5.34000      1.08407      0.46252      0.62155
      5.35000      0.89475      0.38997      0.50477
      5.36000      0.43572      0.17242      0.26330
      5.37000      0.15094      0.05255      0.09838
      5.38000      0.26008      0.08659      0.17349
      5.39000      0.55352      0.17988      0.37364
      5.40000      0.53877      0.17170      0.36707
      5.41000      0.37153      0.12397      0.24756
      5.42000      0.39605      0.14617      0.24988
      5.43000      0.50490      0.21636      0.28854
      5.44000      0.65982      0.31538      0.34444
      5.45000      0.50119      0.25396      0.24724
      5.46000      0.42883      0.22410      0.20473
      5.47000      0.97239      0.42355      0.54884
      5.48000      1.59453      0.57984      1.01469
      5.49000      1.50179      0.49643      1.00536
      5.50000      1.03080      0.33512      0.69569
      5.51000      0.79961      0.29087      0.50874
      5.52000      0.99382      0.41437      0.57945
      5.53000      0.92822      0.39917      0.52905
      5.54000      0.42112      0.17595      0.24517
      5.55000      0.33270      0.11354      0.21915
      5.56000      0.61983      0.19632      0.42351
      5.57000      0.67036      0.20486      0.46550
      5.58000      0.52298      0.15819      0.36479
      5.59000      0.47002      0.16624      0.30378
      5.60000      0.62902      0.28003      0.34899
      5.61000      0.88081      0.42471      0.45609
      5.62000      1.04432      0.45842      0.58590
      5.63000      1.07830      0.39304      0.68526
      5.64000      1.08128      0.35259      0.72870
      5.65000      0.69672      0.22358      0.47314
      5.66000      0.34201      0.10908      0.23294
      5.67000      0.51076      0.15785      0.35291
      5.68000      0.81822      0.25001      0.56822
      5.69000      0.91448      0.29706      0.61743
      5.70000      0.75240      0.30589      0.44651
      5.71000      0.49668      0.27048      0.22620
      5.72000      0.29029      0.16180      0.12849
      5.73000      0.31611      0.11901      0.19710
      5.74000      0.49743      0.16185      0.33558
      5.75000      0.68513      0.22051      0.46462
      5.76000      0.73633      0.26356      0.47277
      5.77000      0.94363      0.38749      0.55614
      5.78000      1.58069      0.61240      0.96829
      5.79000      1.78460      0.67435      1.11025
      5.80000      1.43153      0.53861      0.89292
      5.81000      1.25566      0.43316      0.82250
      5.82000      1.34069      0.47231      0.86838
      5.83000      1.41400      0.54643      0.86757
      5.84000      1.07681      0.42113      0.65568
      5.85000      0.55336      0.19679      0.35658
      5.86000      0.42841      0.13196      0.29644
      5.87000      0.59047      0.19166      0.39881
      5.88000      0.79018      0.30488      0.48530
      5.89000      1.23773      0.48548      0.75225
      5.90000      1.79433      0.61504      1.17929
      5.91000      1.84135      0.57960      1.26175
      5.92000      1.29761      0.40197      0.89565
      5.93000      0.95190      0.30926      0.64263
      5.94000      1.11458      0.38885      0.72573
      5.95000      1.25831      0.44949      0.80882
      5.96000      1.19507      0.47761      0.71746
      5.97000      0.95033      0.45073      0.49960
      5.98000      0.77629      0.33609      0.44020
      5.99000      0.72638      0.25010      0.47628
      6.00000      0.81035      0.25586      0.55449
      6.01000      1.00798      0.31546      0.69253
      6.02000      0.90580      0.28911      0.61668
      6.03000      0.68398      0.22030      0.46368
      6.04000      0.57196      0.19097      0.38100
      6.05000      0.64652      0.26244      0.38408
      6.06000      0.98853      0.41326      0.57527
      6.07000      1.04012      0.38550      0.65462
      6.08000      0.79667      0.26142      0.53525
      6.09000      0.76515      0.25835      0.50679
      6.10000      0.83017      0.33902      0.49115
      6.11000      0.96250      0.47283      0.48967
      6.12000      0.98017      0.49846      0.48172
      6.13000      0.85336      0.42112      0.43224
      6.14000      0.77291      0.36605      0.40685
      6.15000      0.69518      0.28869      0.40650
      6.16000      0.90136      0.35449      0.54686
      6.17000      1.21750      0.48327      0.73423
      6.18000      1.07692      0.39946      0.67746
      6.19000      0.56999      0.20101      0.36898
      6.20000      0.46481      0.18915      0.27566
      6.21000      0.66520      0.30046      0.36474
      6.22000      0.68908      0.29108      0.39799
      6.23000      0.76859      0.26486      0.50373
      6.24000      0.69867      0.22514      0.47352
      6.25000      0.58509      0.19925      0.38584
      6.26000      0.79054      0.32204      0.46850
      6.27000      0.98243      0.46688      0.51555
      6.28000      0.89485      0.44441      0.45044
      6.29000      0.86935      0.39811      0.47125
      6.30000      0.86769      0.33965      0.52804
      6.31000      0.86233      0.28786      0.57446
      6.32000      0.69880      0.23149      0.46731
      6.33000      0.48319      0.19455      0.28864
      6.34000      0.56563      0.26549      0.30014
      6.35000      0.56167      0.24892      0.31275
      6.36000      0.27316      0.10865      0.16451
      6.37000      0.22656      0.07500      0.15156
      6.38000      0.52553      0.16664      0.35889
      6.39000      0.76790      0.24428      0.52362
      6.40000      1.21560      0.41850      0.79711
      6.41000      2.28299      0.90662      1.37637
      6.42000      2.91800      1.35184      1.56616
      6.43000      2.31723      1.16029      1.15693
      6.44000      1.36837      0.65050      0.71787
      6.45000      0.87997      0.37779      0.50217
      6.46000      0.69385      0.26449      0.42936
      6.47000      0.51473      0.19622      0.31851
      6.48000      0.27156      0.12173      0.14984
      6.49000      0.13634      0.06254      0.07380
      6.50000      0.31343      0.11708      0.19635
      6.51000      0.82877      0.31981      0.50896
      6.52000      1.28832      0.53928      0.74903
      6.53000      1.29067      0.55772      0.73295
      6.54000      0.81610      0.34842      0.46768
      6.55000      0.71183      0.32608      0.38574
      6.56000      1.44828      0.64346      0.80483
      6.57000      2.19655      0.93965      1.25690
      6.58000      2.05608      0.88460      1.17148
      6.59000      1.59429      0.69349      0.90080
      6.60000      1.38824      0.58706      0.80118
      6.61000      1.14155      0.47712      0.66443
      6.62000      0.84336      0.34670      0.49666
      6.63000      0.92933      0.38798      0.54135
      6.64000      1.02010      0.44719      0.57292
      6.65000      1.07790      0.46197      0.61592
      6.66000      1.39911      0.59907      0.80005
      6.67000      1.44289      0.62654      0.81635
      6.68000      1.43262      0.61916      0.81346
      6.69000      1.62716      0.73191      0.89525
      6.70000      1.35074      0.62718      0.72355
      6.71000      0.89625      0.39806      0.49819
      6.72000      0.66959      0.25875      0.41084
      6.73000      0.77211      0.27727      0.49484
      6.74000      1.00104      0.38746      0.61358
      6.75000      1.19705      0.52174      0.67531
      6.76000      1.12165      0.48839      0.63327
      6.77000      0.95995      0.35811      0.60184
      6.78000      1.01864      0.34483      0.67381
      6.79000      0.69343      0.23260      0.46083
      6.80000      0.32506      0.12774      0.19733
      6.81000      0.58241      0.26745      0.31497
      6.82000      1.03750      0.45059      0.58690
      6.83000      0.95486      0.39226      0.56259
      6.84000      0.68423      0.29110      0.39312
      6.85000      0.73461      0.32959      0.40502
      6.86000      0.93138      0.39790      0.53348
      6.87000      1.27209      0.50723      0.76487
      6.88000      1.19533      0.44618      0.74916
      6.89000      0.79171      0.25922      0.53249
      6.90000      0.73718      0.25627      0.48091
      6.91000      0.93397      0.36923      0.56474
      6.92000      1.02758      0.39201      0.63557
      6.93000      0.95852      0.36369      0.59482
      6.94000      0.99087      0.41494      0.57593
      6.95000      0.84101      0.35956      0.48144
      6.96000      0.54981      0.22900      0.32081
      6.97000      0.46951      0.19448      0.27504
      6.98000      0.63585      0.25753      0.37832
      6.99000      0.96849      0.35152      0.61697
      7.00000      1.05121      0.35923      0.69198
      7.01000      1.09761      0.39182      0.70578
      7.02000      1.23613      0.48170      0.75443
      7.03000      1.15627      0.49353      0.66273
      7.04000      0.84796      0.38144      0.46653
      7.05000      0.48566      0.20134      0.28432
      7.06000      0.43550      0.12837      0.30713
      7.07000      0.61542      0.19049      0.42493
      7.08000      0.72213      0.26775      0.45438
      7.09000      0.62591      0.24505      0.38086
      7.10000      0.51762      0.20535      0.31226
      7.11000      0.93965      0.39676      0.54289
      7.12000      1.21510      0.51923      0.69587
      7.13000      0.62712      0.26783      0.35929
      7.14000      0.12977      0.05510      0.07467
      7.15000      0.11651      0.04632      0.07019
      7.16000      0.59004      0.22825      0.36179
      7.17000      1.29982      0.49266      0.80717
      7.18000      1.43956      0.53369      0.90587
      7.19000      1.20139      0.43676      0.76463
      7.20000      0.71846      0.25341      0.46504
      7.21000      0.52082      0.16058      0.36024
      7.22000      0.93633      0.29592      0.64041
      7.23000      1.10278      0.37644      0.72633
      7.24000      0.66410      0.24449      0.41961
      7.25000      0.27888      0.11377      0.16511
      7.26000      0.10367      0.04371      0.05995
      7.27000      0.07813      0.02093      0.05720
      7.28000      0.22472      0.04872      0.17601
      7.29000      0.30649      0.06603      0.24046
      7.30000      0.15468      0.03332      0.12136
      7.31000      0.02880      0.00620      0.02259
      7.32000      0.00477      0.00105      0.00372
      7.33000      0.03679      0.00821      0.02858
      7.34000      0.17838      0.03980      0.13858
      7.35000      0.34297      0.07621      0.26677
      7.36000      0.36608      0.07986      0.28622
      7.37000      0.35958      0.07646      0.28311
      7.38000      0.24835      0.04930      0.19905
      7.39000      0.22145      0.03137      0.19009
      7.40000      0.47242      0.06607      0.40635
      7.41000      0.79107      0.10839      0.68268
      7.42000      1.06522      0.11481      0.95041
      7.43000      1.17020      0.10482      1.06538
      7.44000      0.94818      0.08186      0.86632
      7.45000      0.67643      0.05931      0.61712
      7.46000      0.47914      0.04845      0.43069
      7.47000      0.56059      0.08375      0.47685
      7.48000      1.06214      0.19293      0.86921
      7.49000      1.82848      0.37497      1.45352
      7.50000      2.69391      0.56635      2.12756
      7.51000      2.69635      0.53525      2.16110
      7.52000      2.14231      0.40793      1.73438
      7.53000      2.01174      0.43694      1.57480
      7.54000      2.16854      0.50690      1.66165
      7.55000      1.99769      0.44543      1.55226
      7.56000      1.55947      0.29969      1.25978
      7.57000      0.98314      0.16813      0.81501
      7.58000      0.72481      0.15539      0.56942
      7.59000      1.51868      0.38388      1.13480
      7.60000      2.71660      0.66875      2.04785
      7.61000      3.24223      0.69341      2.54881
      7.62000      3.07208      0.51771      2.55436
      7.63000      2.29894      0.33810      1.96084
      7.64000      1.52599      0.20962      1.31637
      7.65000      1.32689      0.19124      1.13565
      7.66000      1.39828      0.26207      1.13620
      7.67000      1.59955      0.36066      1.23889
      7.68000      1.41809      0.34939      1.06870
      7.69000      0.95007      0.22809      0.72198
      7.70000      0.93819      0.17092      0.76726
