Energy-E_F (eV)    DOS (1/eV)    PDOS (1/eV)  of atom type W  Se 
     -5.65539      5.28235      0.00000      0.00000
     -5.64539      5.42159      0.00000      0.00000
     -5.63539      5.55501      0.00000      0.00000
     -5.62539      5.39087      0.00000      0.00000
     -5.61539      5.25227      0.00000      0.00000
     -5.60539      4.41366      0.00000      0.00000
     -5.59539      2.90604      0.00000      0.00000
     -5.58539      2.82434      0.00000      0.00000
     -5.57539      3.83372      0.00000      0.00000
     -5.56539      3.84768      0.00000      0.00000
     -5.55539      3.11206      0.00000      0.00000
     -5.54539      3.33837      0.00000      0.00000
     -5.53539      3.63643      0.00000      0.00000
     -5.52539      2.54226      0.00000      0.00000
     -5.51539      1.69521      0.00000      0.00000
     -5.50539      2.32741      0.00000      0.00000
     -5.49539      3.26670      0.00000      0.00000
     -5.48539      3.15746      0.00000      0.00000
     -5.47539      2.35856      0.00000      0.00000
     -5.46539      2.20458      0.00000      0.00000
     -5.45539      2.78889      0.00000      0.00000
     -5.44539      2.66143      0.00000      0.00000
     -5.43539      1.58837      0.00000      0.00000
     -5.42539      0.98443      0.00000      0.00000
     -5.41539      1.40960      0.00000      0.00000
     -5.40539      2.43373      0.00000      0.00000
     -5.39539      2.65161      0.00000      0.00000
     -5.38539      1.85775      0.00000      0.00000
     -5.37539      1.31562      0.00000      0.00000
     -5.36539      1.67749      0.00000      0.00000
     -5.35539      2.08995      0.00000      0.00000
     -5.34539      1.70947      0.00000      0.00000
     -5.33539      1.14904      0.00000      0.00000
     -5.32539      1.02157      0.00000      0.00000
     -5.31539      1.36045      0.00000      0.00000
     -5.30539      2.09462      0.00000      0.00000
     -5.29539      2.39325      0.00000      0.00000
     -5.28539      1.89998      0.00000      0.00000
     -5.27539      1.36094      0.00000      0.00000
     -5.26539      1.29234      0.00000      0.00000
     -5.25539      1.90911      0.00000      0.00000
     -5.24539      2.34530      0.00000      0.00000
     -5.23539      1.74798      0.00000      0.00000
     -5.22539      1.07555      0.00000      0.00000
     -5.21539      1.11583      0.00000      0.00000
     -5.20539      1.61351      0.00000      0.00000
     -5.19539      2.35531      0.00000      0.00000
     -5.18539      2.74515      0.00000      0.00000
     -5.17539      3.08525      0.00000      0.00000
     -5.16539      4.36557      0.00000      0.00000
     -5.15539      5.89338      0.00000      0.00000
     -5.14539      6.77060      0.00000      0.00000
     -5.13539      7.75440      0.00000      0.00000
     -5.12539      7.76717      0.00000      0.00000
     -5.11539      7.12791      0.00000      0.00000
     -5.10539      7.00386      0.00000      0.00000
     -5.09539      6.31886      0.00000      0.00000
     -5.08539      5.45087      0.00000      0.00000
     -5.07539      4.64575      0.00000      0.00000
     -5.06539      3.64149      0.00000      0.00000
     -5.05539      3.34894      0.00000      0.00000
     -5.04539      4.12741      0.00000      0.00000
     -5.03539      4.05720      0.00000      0.00000
     -5.02539      2.84134      0.00000      0.00000
     -5.01539      2.11968      0.00000      0.00000
     -5.00539      2.81987      0.00000      0.00000
     -4.99539      4.26525      0.00000      0.00000
     -4.98539      5.20770      0.00000      0.00000
     -4.97539      5.94974      0.00000      0.00000
     -4.96539      6.79010      0.00000      0.00000
     -4.95539      6.72919      0.00000      0.00000
     -4.94539      5.53435      0.00000      0.00000
     -4.93539      4.76184      0.00000      0.00000
     -4.92539      5.25465      0.00000      0.00000
     -4.91539      6.29647      0.00000      0.00000
     -4.90539      6.88502      0.00000      0.00000
     -4.89539      6.88738      0.00000      0.00000
     -4.88539      5.82534      0.00000      0.00000
     -4.87539      4.87805      0.00000      0.00000
     -4.86539      6.13494      0.00000      0.00000
     -4.85539      7.77635      0.00000      0.00000
     -4.84539      7.57184      0.00000      0.00000
     -4.83539      7.13203      0.00000      0.00000
     -4.82539      7.10369      0.00000      0.00000
     -4.81539      7.07009      0.00000      0.00000
     -4.80539      8.73343      0.00000      0.00000
     -4.79539     12.06260      0.00000      0.00000
     -4.78539     14.11971      0.00000      0.00000
     -4.77539     12.77923      0.00000      0.00000
     -4.76539     11.17016      0.00000      0.00000
     -4.75539     10.77756      0.00000      0.00000
     -4.74539     10.82324      0.00000      0.00000
     -4.73539     10.25636      0.00000      0.00000
     -4.72539      8.52400      0.00000      0.00000
     -4.71539      7.56950      0.00000      0.00000
     -4.70539      7.56105      0.00000      0.00000
     -4.69539      7.37232      0.00000      0.00000
     -4.68539      6.53965      0.00000      0.00000
     -4.67539      5.23693      0.00000      0.00000
     -4.66539      4.25727      0.00000      0.00000
     -4.65539      4.45715      0.00000      0.00000
     -4.64539      5.20810      0.00000      0.00000
     -4.63539      5.62369      0.00000      0.00000
     -4.62539      6.06546      0.00000      0.00000
     -4.61539      6.63024      0.00000      0.00000
     -4.60539      6.34765      0.00000      0.00000
     -4.59539      4.32109      0.00000      0.00000
     -4.58539      2.88372      0.00000      0.00000
     -4.57539      3.00494      0.00000      0.00000
     -4.56539      2.84427      0.00000      0.00000
     -4.55539      1.76243      0.00000      0.00000
     -4.54539      0.89828      0.00000      0.00000
     -4.53539      0.88599      0.00000      0.00000
     -4.52539      1.33580      0.00000      0.00000
     -4.51539      1.74064      0.00000      0.00000
     -4.50539      2.17761      0.00000      0.00000
     -4.49539      2.85766      0.00000      0.00000
     -4.48539      2.69491      0.00000      0.00000
     -4.47539      1.59925      0.00000      0.00000
     -4.46539      1.09299      0.00000      0.00000
     -4.45539      1.30365      0.00000      0.00000
     -4.44539      1.61053      0.00000      0.00000
     -4.43539      2.10146      0.00000      0.00000
     -4.42539      2.35480      0.00000      0.00000
     -4.41539      1.99222      0.00000      0.00000
     -4.40539      1.44546      0.00000      0.00000
     -4.39539      1.26811      0.00000      0.00000
     -4.38539      1.89188      0.00000      0.00000
     -4.37539      2.69876      0.00000      0.00000
     -4.36539      3.15139      0.00000      0.00000
     -4.35539      4.19511      0.00000      0.00000
     -4.34539      4.96160      0.00000      0.00000
     -4.33539      4.29939      0.00000      0.00000
     -4.32539      3.41913      0.00000      0.00000
     -4.31539      2.93192      0.00000      0.00000
     -4.30539      3.26721      0.00000      0.00000
     -4.29539      3.83935      0.00000      0.00000
     -4.28539      3.58144      0.00000      0.00000
     -4.27539      2.59625      0.00000      0.00000
     -4.26539      1.70050      0.00000      0.00000
     -4.25539      1.70532      0.00000      0.00000
     -4.24539      2.10119      0.00000      0.00000
     -4.23539      2.59998      0.00000      0.00000
     -4.22539      3.08005      0.00000      0.00000
     -4.21539      2.96692      0.00000      0.00000
     -4.20539      2.44406      0.00000      0.00000
     -4.19539      2.05254      0.00000      0.00000
     -4.18539      2.37317      0.00000      0.00000
     -4.17539      2.95028      0.00000      0.00000
     -4.16539      3.25653      0.00000      0.00000
     -4.15539      4.03730      0.00000      0.00000
     -4.14539      4.86602      0.00000      0.00000
     -4.13539      4.56509      0.00000      0.00000
     -4.12539      4.17522      0.00000      0.00000
     -4.11539      3.83503      0.00000      0.00000
     -4.10539      4.47865      0.00000      0.00000
     -4.09539      6.21426      0.00000      0.00000
     -4.08539      6.63022      0.00000      0.00000
     -4.07539      5.96323      0.00000      0.00000
     -4.06539      5.96512      0.00000      0.00000
     -4.05539      5.73923      0.00000      0.00000
     -4.04539      4.70117      0.00000      0.00000
     -4.03539      4.52996      0.00000      0.00000
     -4.02539      5.20280      0.00000      0.00000
     -4.01539      5.30666      0.00000      0.00000
     -4.00539      4.90590      0.00000      0.00000
     -3.99539      4.53387      0.00000      0.00000
     -3.98539      3.97513      0.00000      0.00000
     -3.97539      3.95060      0.00000      0.00000
     -3.96539      5.15374      0.00000      0.00000
     -3.95539      5.72713      0.00000      0.00000
     -3.94539      5.10132      0.00000      0.00000
     -3.93539      4.89647      0.00000      0.00000
     -3.92539      3.99364      0.00000      0.00000
     -3.91539      2.96942      0.00000      0.00000
     -3.90539      4.07221      0.00000      0.00000
     -3.89539      5.69932      0.00000      0.00000
     -3.88539      6.27813      0.00000      0.00000
     -3.87539      6.46541      0.00000      0.00000
     -3.86539      6.29416      0.00000      0.00000
     -3.85539      6.06041      0.00000      0.00000
     -3.84539      6.65638      0.00000      0.00000
     -3.83539      7.69024      0.00000      0.00000
     -3.82539      7.97987      0.00000      0.00000
     -3.81539      7.08611      0.00000      0.00000
     -3.80539      5.05851      0.00000      0.00000
     -3.79539      3.57487      0.00000      0.00000
     -3.78539      3.76883      0.00000      0.00000
     -3.77539      5.41775      0.00000      0.00000
     -3.76539      6.34638      0.00000      0.00000
     -3.75539      4.87457      0.00000      0.00000
     -3.74539      3.74173      0.00000      0.00000
     -3.73539      4.48178      0.00000      0.00000
     -3.72539      5.98151      0.00000      0.00000
     -3.71539      7.26959      0.00000      0.00000
     -3.70539      7.02462      0.00000      0.00000
     -3.69539      4.75087      0.00000      0.00000
     -3.68539      3.19231      0.00000      0.00000
     -3.67539      3.67845      0.00000      0.00000
     -3.66539      4.79529      0.00000      0.00000
     -3.65539      4.96626      0.00000      0.00000
     -3.64539      4.71010      0.00000      0.00000
     -3.63539      5.31659      0.00000      0.00000
     -3.62539      6.33772      0.00000      0.00000
     -3.61539      6.38956      0.00000      0.00000
     -3.60539      5.22430      0.00000      0.00000
     -3.59539      3.97408      0.00000      0.00000
     -3.58539      3.97295      0.00000      0.00000
     -3.57539      4.81411      0.00000      0.00000
     -3.56539      5.17448      0.00000      0.00000
     -3.55539      5.29212      0.00000      0.00000
     -3.54539      5.12092      0.00000      0.00000
     -3.53539      4.85395      0.00000      0.00000
     -3.52539      5.43679      0.00000      0.00000
     -3.51539      7.25717      0.00000      0.00000
     -3.50539      8.12272      0.00000      0.00000
     -3.49539      6.52817      0.00000      0.00000
     -3.48539      5.44026      0.00000      0.00000
     -3.47539      5.43855      0.00000      0.00000
     -3.46539      5.62434      0.00000      0.00000
     -3.45539      5.40911      0.00000      0.00000
     -3.44539      5.30547      0.00000      0.00000
     -3.43539      4.81878      0.00000      0.00000
     -3.42539      3.73201      0.00000      0.00000
     -3.41539      2.83882      0.00000      0.00000
     -3.40539      2.70958      0.00000      0.00000
     -3.39539      3.08497      0.00000      0.00000
     -3.38539      3.81759      0.00000      0.00000
     -3.37539      4.94507      0.00000      0.00000
     -3.36539      5.23620      0.00000      0.00000
     -3.35539      4.22365      0.00000      0.00000
     -3.34539      2.92182      0.00000      0.00000
     -3.33539      2.47401      0.00000      0.00000
     -3.32539      2.89939      0.00000      0.00000
     -3.31539      3.48387      0.00000      0.00000
     -3.30539      3.98469      0.00000      0.00000
     -3.29539      3.90064      0.00000      0.00000
     -3.28539      3.64307      0.00000      0.00000
     -3.27539      4.18112      0.00000      0.00000
     -3.26539      4.24032      0.00000      0.00000
     -3.25539      3.48237      0.00000      0.00000
     -3.24539      2.92335      0.00000      0.00000
     -3.23539      3.05359      0.00000      0.00000
     -3.22539      3.86526      0.00000      0.00000
     -3.21539      4.12002      0.00000      0.00000
     -3.20539      3.92720      0.00000      0.00000
     -3.19539      4.41023      0.00000      0.00000
     -3.18539      4.19907      0.00000      0.00000
     -3.17539      2.87211      0.00000      0.00000
     -3.16539      2.87931      0.00000      0.00000
     -3.15539      3.76934      0.00000      0.00000
     -3.14539      4.20824      0.00000      0.00000
     -3.13539      4.03442      0.00000      0.00000
     -3.12539      3.28523      0.00000      0.00000
     -3.11539      2.46645      0.00000      0.00000
     -3.10539      1.95734      0.00000      0.00000
     -3.09539      2.31326      0.00000      0.00000
     -3.08539      3.03392      0.00000      0.00000
     -3.07539      2.88208      0.00000      0.00000
     -3.06539      2.42167      0.00000      0.00000
     -3.05539      2.22839      0.00000      0.00000
     -3.04539      2.27453      0.00000      0.00000
     -3.03539      2.38787      0.00000      0.00000
     -3.02539      2.66577      0.00000      0.00000
     -3.01539      3.03823      0.00000      0.00000
     -3.00539      3.24841      0.00000      0.00000
     -2.99539      3.84101      0.00000      0.00000
     -2.98539      4.05524      0.00000      0.00000
     -2.97539      3.24026      0.00000      0.00000
     -2.96539      3.02491      0.00000      0.00000
     -2.95539      3.14685      0.00000      0.00000
     -2.94539      3.35055      0.00000      0.00000
     -2.93539      4.30180      0.00000      0.00000
     -2.92539      5.38144      0.00000      0.00000
     -2.91539      5.66413      0.00000      0.00000
     -2.90539      5.73617      0.00000      0.00000
     -2.89539      5.56706      0.00000      0.00000
     -2.88539      5.81335      0.00000      0.00000
     -2.87539      7.38844      0.00000      0.00000
     -2.86539     10.30397      0.00000      0.00000
     -2.85539     12.52147      0.00000      0.00000
     -2.84539     12.45422      0.00000      0.00000
     -2.83539     11.41638      0.00000      0.00000
     -2.82539     10.45830      0.00000      0.00000
     -2.81539      8.55376      0.00000      0.00000
     -2.80539      7.01125      0.00000      0.00000
     -2.79539      7.60002      0.00000      0.00000
     -2.78539      8.86692      0.00000      0.00000
     -2.77539      7.76379      0.00000      0.00000
     -2.76539      5.65185      0.00000      0.00000
     -2.75539      5.12524      0.00000      0.00000
     -2.74539      6.52889      0.00000      0.00000
     -2.73539      7.98760      0.00000      0.00000
     -2.72539      7.50150      0.00000      0.00000
     -2.71539      6.59711      0.00000      0.00000
     -2.70539      6.10350      0.00000      0.00000
     -2.69539      5.99165      0.00000      0.00000
     -2.68539      6.42206      0.00000      0.00000
     -2.67539      6.28512      0.00000      0.00000
     -2.66539      5.67641      0.00000      0.00000
     -2.65539      5.67245      0.00000      0.00000
     -2.64539      7.14587      0.00000      0.00000
     -2.63539      9.18469      0.00000      0.00000
     -2.62539      9.42525      0.00000      0.00000
     -2.61539      8.11729      0.00000      0.00000
     -2.60539      7.55181      0.00000      0.00000
     -2.59539      7.88936      0.00000      0.00000
     -2.58539      8.42305      0.00000      0.00000
     -2.57539      8.64958      0.00000      0.00000
     -2.56539      8.64979      0.00000      0.00000
     -2.55539      8.59314      0.00000      0.00000
     -2.54539      7.63634      0.00000      0.00000
     -2.53539      7.02088      0.00000      0.00000
     -2.52539      7.26090      0.00000      0.00000
     -2.51539      7.55346      0.00000      0.00000
     -2.50539      7.79121      0.00000      0.00000
     -2.49539      7.49489      0.00000      0.00000
     -2.48539      6.51889      0.00000      0.00000
     -2.47539      6.03416      0.00000      0.00000
     -2.46539      6.59641      0.00000      0.00000
     -2.45539      6.90230      0.00000      0.00000
     -2.44539      6.80702      0.00000      0.00000
     -2.43539      6.62326      0.00000      0.00000
     -2.42539      5.32730      0.00000      0.00000
     -2.41539      4.57586      0.00000      0.00000
     -2.40539      5.38714      0.00000      0.00000
     -2.39539      5.84241      0.00000      0.00000
     -2.38539      4.97013      0.00000      0.00000
     -2.37539      4.19973      0.00000      0.00000
     -2.36539      3.60077      0.00000      0.00000
     -2.35539      3.69345      0.00000      0.00000
     -2.34539      4.31025      0.00000      0.00000
     -2.33539      3.85921      0.00000      0.00000
     -2.32539      4.12611      0.00000      0.00000
     -2.31539      5.74262      0.00000      0.00000
     -2.30539      6.55528      0.00000      0.00000
     -2.29539      5.79132      0.00000      0.00000
     -2.28539      4.78077      0.00000      0.00000
     -2.27539      4.32556      0.00000      0.00000
     -2.26539      4.10687      0.00000      0.00000
     -2.25539      4.58915      0.00000      0.00000
     -2.24539      5.20972      0.00000      0.00000
     -2.23539      5.11359      0.00000      0.00000
     -2.22539      4.77216      0.00000      0.00000
     -2.21539      4.68239      0.00000      0.00000
     -2.20539      5.05218      0.00000      0.00000
     -2.19539      5.21294      0.00000      0.00000
     -2.18539      4.62049      0.00000      0.00000
     -2.17539      3.70472      0.00000      0.00000
     -2.16539      3.28554      0.00000      0.00000
     -2.15539      2.96128      0.00000      0.00000
     -2.14539      2.87203      0.00000      0.00000
     -2.13539      3.01888      0.00000      0.00000
     -2.12539      2.58368      0.00000      0.00000
     -2.11539      2.12235      0.00000      0.00000
     -2.10539      1.77251      0.00000      0.00000
     -2.09539      1.87971      0.00000      0.00000
     -2.08539      2.84834      0.00000      0.00000
     -2.07539      4.29863      0.00000      0.00000
     -2.06539      5.72812      0.00000      0.00000
     -2.05539      7.00439      0.00000      0.00000
     -2.04539      7.87720      0.00000      0.00000
     -2.03539      7.44774      0.00000      0.00000
     -2.02539      6.33587      0.00000      0.00000
     -2.01539      6.01816      0.00000      0.00000
     -2.00539      6.32554      0.00000      0.00000
     -1.99539      6.80127      0.00000      0.00000
     -1.98539      6.64148      0.00000      0.00000
     -1.97539      5.33973      0.00000      0.00000
     -1.96539      4.44679      0.00000      0.00000
     -1.95539      4.80249      0.00000      0.00000
     -1.94539      5.08604      0.00000      0.00000
     -1.93539      5.26923      0.00000      0.00000
     -1.92539      5.06656      0.00000      0.00000
     -1.91539      4.44797      0.00000      0.00000
     -1.90539      4.60687      0.00000      0.00000
     -1.89539      4.81691      0.00000      0.00000
     -1.88539      5.09198      0.00000      0.00000
     -1.87539      5.09949      0.00000      0.00000
     -1.86539      5.16267      0.00000      0.00000
     -1.85539      4.83451      0.00000      0.00000
     -1.84539      4.30097      0.00000      0.00000
     -1.83539      4.13982      0.00000      0.00000
     -1.82539      4.54649      0.00000      0.00000
     -1.81539      5.17025      0.00000      0.00000
     -1.80539      5.05370      0.00000      0.00000
     -1.79539      3.97884      0.00000      0.00000
     -1.78539      3.08177      0.00000      0.00000
     -1.77539      3.01522      0.00000      0.00000
     -1.76539      3.24930      0.00000      0.00000
     -1.75539      3.46446      0.00000      0.00000
     -1.74539      3.47724      0.00000      0.00000
     -1.73539      2.83818      0.00000      0.00000
     -1.72539      2.10927      0.00000      0.00000
     -1.71539      1.95814      0.00000      0.00000
     -1.70539      2.44700      0.00000      0.00000
     -1.69539      3.08336      0.00000      0.00000
     -1.68539      3.41378      0.00000      0.00000
     -1.67539      3.58722      0.00000      0.00000
     -1.66539      3.34806      0.00000      0.00000
     -1.65539      2.94862      0.00000      0.00000
     -1.64539      2.87233      0.00000      0.00000
     -1.63539      2.83737      0.00000      0.00000
     -1.62539      2.50740      0.00000      0.00000
     -1.61539      1.81316      0.00000      0.00000
     -1.60539      1.51180      0.00000      0.00000
     -1.59539      1.86053      0.00000      0.00000
     -1.58539      1.90899      0.00000      0.00000
     -1.57539      1.82191      0.00000      0.00000
     -1.56539      1.66906      0.00000      0.00000
     -1.55539      1.24683      0.00000      0.00000
     -1.54539      1.17222      0.00000      0.00000
     -1.53539      1.41397      0.00000      0.00000
     -1.52539      1.72282      0.00000      0.00000
     -1.51539      1.67214      0.00000      0.00000
     -1.50539      1.72592      0.00000      0.00000
     -1.49539      1.93438      0.00000      0.00000
     -1.48539      2.08234      0.00000      0.00000
     -1.47539      2.17836      0.00000      0.00000
     -1.46539      2.32166      0.00000      0.00000
     -1.45539      2.38589      0.00000      0.00000
     -1.44539      2.25381      0.00000      0.00000
     -1.43539      2.32347      0.00000      0.00000
     -1.42539      2.17043      0.00000      0.00000
     -1.41539      2.20084      0.00000      0.00000
     -1.40539      2.31062      0.00000      0.00000
     -1.39539      2.38529      0.00000      0.00000
     -1.38539      2.37378      0.00000      0.00000
     -1.37539      2.41805      0.00000      0.00000
     -1.36539      2.95021      0.00000      0.00000
     -1.35539      3.22324      0.00000      0.00000
     -1.34539      3.36570      0.00000      0.00000
     -1.33539      3.83212      0.00000      0.00000
     -1.32539      3.64670      0.00000      0.00000
     -1.31539      2.93656      0.00000      0.00000
     -1.30539      2.75583      0.00000      0.00000
     -1.29539      2.94287      0.00000      0.00000
     -1.28539      3.10755      0.00000      0.00000
     -1.27539      3.57094      0.00000      0.00000
     -1.26539      4.00043      0.00000      0.00000
     -1.25539      4.00599      0.00000      0.00000
     -1.24539      4.28635      0.00000      0.00000
     -1.23539      4.94793      0.00000      0.00000
     -1.22539      5.21064      0.00000      0.00000
     -1.21539      5.54715      0.00000      0.00000
     -1.20539      6.39162      0.00000      0.00000
     -1.19539      6.02734      0.00000      0.00000
     -1.18539      4.74752      0.00000      0.00000
     -1.17539      4.52025      0.00000      0.00000
     -1.16539      4.02273      0.00000      0.00000
     -1.15539      3.51160      0.00000      0.00000
     -1.14539      4.34655      0.00000      0.00000
     -1.13539      4.81909      0.00000      0.00000
     -1.12539      4.33378      0.00000      0.00000
     -1.11539      4.11877      0.00000      0.00000
     -1.10539      4.27251      0.00000      0.00000
     -1.09539      4.93421      0.00000      0.00000
     -1.08539      5.16740      0.00000      0.00000
     -1.07539      4.56440      0.00000      0.00000
     -1.06539      4.15821      0.00000      0.00000
     -1.05539      3.58811      0.00000      0.00000
     -1.04539      3.65992      0.00000      0.00000
     -1.03539      4.42437      0.00000      0.00000
     -1.02539      4.92437      0.00000      0.00000
     -1.01539      5.09118      0.00000      0.00000
     -1.00539      5.03940      0.00000      0.00000
     -0.99539      4.88395      0.00000      0.00000
     -0.98539      5.58761      0.00000      0.00000
     -0.97539      6.49040      0.00000      0.00000
     -0.96539      5.76708      0.00000      0.00000
     -0.95539      4.91223      0.00000      0.00000
     -0.94539      5.40062      0.00000      0.00000
     -0.93539      5.97299      0.00000      0.00000
     -0.92539      5.42596      0.00000      0.00000
     -0.91539      4.46883      0.00000      0.00000
     -0.90539      4.35732      0.00000      0.00000
     -0.89539      4.79039      0.00000      0.00000
     -0.88539      4.71683      0.00000      0.00000
     -0.87539      4.72886      0.00000      0.00000
     -0.86539      4.58347      0.00000      0.00000
     -0.85539      3.72559      0.00000      0.00000
     -0.84539      3.54199      0.00000      0.00000
     -0.83539      4.20047      0.00000      0.00000
     -0.82539      4.52277      0.00000      0.00000
     -0.81539      4.22530      0.00000      0.00000
     -0.80539      3.75296      0.00000      0.00000
     -0.79539      3.82740      0.00000      0.00000
     -0.78539      4.04201      0.00000      0.00000
     -0.77539      4.43398      0.00000      0.00000
     -0.76539      4.58523      0.00000      0.00000
     -0.75539      3.74624      0.00000      0.00000
     -0.74539      2.98541      0.00000      0.00000
     -0.73539      3.27728      0.00000      0.00000
     -0.72539      3.68738      0.00000      0.00000
     -0.71539      3.63510      0.00000      0.00000
     -0.70539      3.81726      0.00000      0.00000
     -0.69539      4.08984      0.00000      0.00000
     -0.68539      4.27069      0.00000      0.00000
     -0.67539      4.22773      0.00000      0.00000
     -0.66539      3.75313      0.00000      0.00000
     -0.65539      3.54186      0.00000      0.00000
     -0.64539      3.54546      0.00000      0.00000
     -0.63539      3.45152      0.00000      0.00000
     -0.62539      3.52205      0.00000      0.00000
     -0.61539      3.60232      0.00000      0.00000
     -0.60539      3.58426      0.00000      0.00000
     -0.59539      3.38275      0.00000      0.00000
     -0.58539      2.79498      0.00000      0.00000
     -0.57539      2.28415      0.00000      0.00000
     -0.56539      2.17721      0.00000      0.00000
     -0.55539      1.88528      0.00000      0.00000
     -0.54539      1.38153      0.00000      0.00000
     -0.53539      1.01635      0.00000      0.00000
     -0.52539      0.95908      0.00000      0.00000
     -0.51539      1.26604      0.00000      0.00000
     -0.50539      1.37789      0.00000      0.00000
     -0.49539      1.36746      0.00000      0.00000
     -0.48539      1.29578      0.00000      0.00000
     -0.47539      1.07868      0.00000      0.00000
     -0.46539      0.86240      0.00000      0.00000
     -0.45539      0.64206      0.00000      0.00000
     -0.44539      0.66316      0.00000      0.00000
     -0.43539      1.06259      0.00000      0.00000
     -0.42539      1.41576      0.00000      0.00000
     -0.41539      0.97157      0.00000      0.00000
     -0.40539      0.35434      0.00000      0.00000
     -0.39539      0.32022      0.00000      0.00000
     -0.38539      0.57875      0.00000      0.00000
     -0.37539      0.76319      0.00000      0.00000
     -0.36539      0.72265      0.00000      0.00000
     -0.35539      0.69874      0.00000      0.00000
     -0.34539      0.57261      0.00000      0.00000
     -0.33539      0.35809      0.00000      0.00000
     -0.32539      0.43154      0.00000      0.00000
     -0.31539      0.46739      0.00000      0.00000
     -0.30539      0.44238      0.00000      0.00000
     -0.29539      0.61408      0.00000      0.00000
     -0.28539      0.87603      0.00000      0.00000
     -0.27539      0.95561      0.00000      0.00000
     -0.26539      0.72421      0.00000      0.00000
     -0.25539      0.33285      0.00000      0.00000
     -0.24539      0.08904      0.00000      0.00000
     -0.23539      0.14311      0.00000      0.00000
     -0.22539      0.45609      0.00000      0.00000
     -0.21539      0.61544      0.00000      0.00000
     -0.20539      0.40778      0.00000      0.00000
     -0.19539      0.25989      0.00000      0.00000
     -0.18539      0.28646      0.00000      0.00000
     -0.17539      0.35030      0.00000      0.00000
     -0.16539      0.34901      0.00000      0.00000
     -0.15539      0.54768      0.00000      0.00000
     -0.14539      0.69267      0.00000      0.00000
     -0.13539      0.54856      0.00000      0.00000
     -0.12539      0.31023      0.00000      0.00000
     -0.11539      0.11310      0.00000      0.00000
     -0.10539      0.12040      0.00000      0.00000
     -0.09539      0.26472      0.00000      0.00000
     -0.08539      0.37853      0.00000      0.00000
     -0.07539      0.32225      0.00000      0.00000
     -0.06539      0.26221      0.00000      0.00000
     -0.05539      0.34007      0.00000      0.00000
     -0.04539      0.33511      0.00000      0.00000
     -0.03539      0.34611      0.00000      0.00000
     -0.02539      0.27882      0.00000      0.00000
     -0.01539      0.16974      0.00000      0.00000
     -0.00539      0.16518      0.00000      0.00000
      0.00461      0.10282      0.00000      0.00000
      0.01461      0.02484      0.00000      0.00000
      0.02461      0.00222      0.00000      0.00000
      0.03461      0.00007      0.00000      0.00000
      0.04461      0.00000      0.00000      0.00000
      0.05461      0.00000      0.00000      0.00000
      0.06461      0.00000      0.00000      0.00000
      0.07461      0.00000      0.00000      0.00000
      0.08461      0.00000      0.00000      0.00000
      0.09461      0.00000      0.00000      0.00000
      0.10461      0.00000      0.00000      0.00000
      0.11461      0.00000      0.00000      0.00000
      0.12461      0.00000      0.00000      0.00000
      0.13461      0.00000      0.00000      0.00000
      0.14461      0.00000      0.00000      0.00000
      0.15461      0.00000      0.00000      0.00000
      0.16461      0.00000      0.00000      0.00000
      0.17461      0.00000      0.00000      0.00000
      0.18461      0.00000      0.00000      0.00000
      0.19461      0.00000      0.00000      0.00000
      0.20461      0.00000      0.00000      0.00000
      0.21461      0.00000      0.00000      0.00000
      0.22461      0.00000      0.00000      0.00000
      0.23461      0.00000      0.00000      0.00000
      0.24461      0.00000      0.00000      0.00000
      0.25461      0.00000      0.00000      0.00000
      0.26461      0.00000      0.00000      0.00000
      0.27461      0.00000      0.00000      0.00000
      0.28461      0.00000      0.00000      0.00000
      0.29461      0.00000      0.00000      0.00000
      0.30461      0.00000      0.00000      0.00000
      0.31461      0.00000      0.00000      0.00000
      0.32461      0.00000      0.00000      0.00000
      0.33461      0.00000      0.00000      0.00000
      0.34461      0.00000      0.00000      0.00000
      0.35461      0.00000      0.00000      0.00000
      0.36461      0.00000      0.00000      0.00000
      0.37461      0.00000      0.00000      0.00000
      0.38461      0.00000      0.00000      0.00000
      0.39461      0.00000      0.00000      0.00000
      0.40461      0.00000      0.00000      0.00000
      0.41461      0.00000      0.00000      0.00000
      0.42461      0.00000      0.00000      0.00000
      0.43461      0.00000      0.00000      0.00000
      0.44461      0.00000      0.00000      0.00000
      0.45461      0.00000      0.00000      0.00000
      0.46461      0.00000      0.00000      0.00000
      0.47461      0.00000      0.00000      0.00000
      0.48461      0.00000      0.00000      0.00000
      0.49461      0.00000      0.00000      0.00000
      0.50461      0.00000      0.00000      0.00000
      0.51461      0.00000      0.00000      0.00000
      0.52461      0.00000      0.00000      0.00000
      0.53461      0.00000      0.00000      0.00000
      0.54461      0.00000      0.00000      0.00000
      0.55461      0.00000      0.00000      0.00000
      0.56461      0.00000      0.00000      0.00000
      0.57461      0.00000      0.00000      0.00000
      0.58461      0.00000      0.00000      0.00000
      0.59461      0.00000      0.00000      0.00000
      0.60461      0.00000      0.00000      0.00000
      0.61461      0.00000      0.00000      0.00000
      0.62461      0.00000      0.00000      0.00000
      0.63461      0.00000      0.00000      0.00000
      0.64461      0.00000      0.00000      0.00000
      0.65461      0.00000      0.00000      0.00000
      0.66461      0.00000      0.00000      0.00000
      0.67461      0.00000      0.00000      0.00000
      0.68461      0.00000      0.00000      0.00000
      0.69461      0.00000      0.00000      0.00000
      0.70461      0.00000      0.00000      0.00000
      0.71461      0.00000      0.00000      0.00000
      0.72461      0.00000      0.00000      0.00000
      0.73461      0.00000      0.00000      0.00000
      0.74461      0.00000      0.00000      0.00000
      0.75461      0.00000      0.00000      0.00000
      0.76461      0.00000      0.00000      0.00000
      0.77461      0.00000      0.00000      0.00000
      0.78461      0.00000      0.00000      0.00000
      0.79461      0.00000      0.00000      0.00000
      0.80461      0.00000      0.00000      0.00000
      0.81461      0.00000      0.00000      0.00000
      0.82461      0.00000      0.00000      0.00000
      0.83461      0.00000      0.00000      0.00000
      0.84461      0.00000      0.00000      0.00000
      0.85461      0.00000      0.00000      0.00000
      0.86461      0.00000      0.00000      0.00000
      0.87461      0.00000      0.00000      0.00000
      0.88461      0.00000      0.00000      0.00000
      0.89461      0.00000      0.00000      0.00000
      0.90461      0.00000      0.00000      0.00000
      0.91461      0.00000      0.00000      0.00000
      0.92461      0.00000      0.00000      0.00000
      0.93461      0.00000      0.00000      0.00000
      0.94461      0.00000      0.00000      0.00000
      0.95461      0.00000      0.00000      0.00000
      0.96461      0.00000      0.00000      0.00000
      0.97461      0.00000      0.00000      0.00000
      0.98461      0.00000      0.00000      0.00000
      0.99461      0.00000      0.00000      0.00000
      1.00461      0.00000      0.00000      0.00000
      1.01461      0.00000      0.00000      0.00000
      1.02461      0.00000      0.00000      0.00000
      1.03461      0.00000      0.00000      0.00000
      1.04461      0.00000      0.00000      0.00000
      1.05461      0.00000      0.00000      0.00000
      1.06461      0.00000      0.00000      0.00000
      1.07461      0.00000      0.00000      0.00000
      1.08461      0.00000      0.00000      0.00000
      1.09461      0.00000      0.00000      0.00000
      1.10461      0.00000      0.00000      0.00000
      1.11461      0.00000      0.00000      0.00000
      1.12461      0.00000      0.00000      0.00000
      1.13461      0.00000      0.00000      0.00000
      1.14461      0.00000      0.00000      0.00000
      1.15461      0.00000      0.00000      0.00000
      1.16461      0.00000      0.00000      0.00000
      1.17461      0.00000      0.00000      0.00000
      1.18461      0.00000      0.00000      0.00000
      1.19461      0.00000      0.00000      0.00000
      1.20461      0.00000      0.00000      0.00000
      1.21461      0.00000      0.00000      0.00000
      1.22461      0.00000      0.00000      0.00000
      1.23461      0.00000      0.00000      0.00000
      1.24461      0.00000      0.00000      0.00000
      1.25461      0.00000      0.00000      0.00000
      1.26461      0.00000      0.00000      0.00000
      1.27461      0.00000      0.00000      0.00000
      1.28461      0.00000      0.00000      0.00000
      1.29461      0.00000      0.00000      0.00000
      1.30461      0.00000      0.00000      0.00000
      1.31461      0.00000      0.00000      0.00000
      1.32461      0.00000      0.00000      0.00000
      1.33461      0.00000      0.00000      0.00000
      1.34461      0.00000      0.00000      0.00000
      1.35461      0.00000      0.00000      0.00000
      1.36461      0.00000      0.00000      0.00000
      1.37461      0.00000      0.00000      0.00000
      1.38461      0.00000      0.00000      0.00000
      1.39461      0.00000      0.00000      0.00000
      1.40461      0.00000      0.00000      0.00000
      1.41461      0.00000      0.00000      0.00000
      1.42461      0.00000      0.00000      0.00000
      1.43461      0.00000      0.00000      0.00000
      1.44461      0.00000      0.00000      0.00000
      1.45461      0.00000      0.00000      0.00000
      1.46461      0.00000      0.00000      0.00000
      1.47461      0.00000      0.00000      0.00000
      1.48461      0.00000      0.00000      0.00000
      1.49461      0.00000      0.00000      0.00000
      1.50461      0.00000      0.00000      0.00000
      1.51461      0.00000      0.00000      0.00000
      1.52461      0.00000      0.00000      0.00000
      1.53461      0.00000      0.00000      0.00000
      1.54461      0.00000      0.00000      0.00000
      1.55461      0.00000      0.00000      0.00000
      1.56461      0.00000      0.00000      0.00000
      1.57461      0.00000      0.00000      0.00000
      1.58461      0.00000      0.00000      0.00000
      1.59461      0.00000      0.00000      0.00000
      1.60461      0.00000      0.00000      0.00000
      1.61461      0.00000      0.00000      0.00000
      1.62461      0.00000      0.00000      0.00000
      1.63461      0.00000      0.00000      0.00000
      1.64461      0.00000      0.00000      0.00000
      1.65461      0.00000      0.00000      0.00000
      1.66461      0.00000      0.00000      0.00000
      1.67461      0.00000      0.00000      0.00000
      1.68461      0.00000      0.00000      0.00000
      1.69461      0.00000      0.00000      0.00000
      1.70461      0.00000      0.00000      0.00000
      1.71461      0.00000      0.00000      0.00000
      1.72461      0.00000      0.00000      0.00000
      1.73461      0.00000      0.00000      0.00000
      1.74461      0.00000      0.00000      0.00000
      1.75461      0.00000      0.00000      0.00000
      1.76461      0.00000      0.00000      0.00000
      1.77461      0.00000      0.00000      0.00000
      1.78461      0.00000      0.00000      0.00000
      1.79461      0.00000      0.00000      0.00000
      1.80461      0.00000      0.00000      0.00000
      1.81461      0.00000      0.00000      0.00000
      1.82461      0.00000      0.00000      0.00000
      1.83461      0.00000      0.00000      0.00000
      1.84461      0.00000      0.00000      0.00000
      1.85461      0.00000      0.00000      0.00000
      1.86461      0.00000      0.00000      0.00000
      1.87461      0.00000      0.00000      0.00000
      1.88461      0.00000      0.00000      0.00000
      1.89461      0.00000      0.00000      0.00000
      1.90461      0.00017      0.00000      0.00000
      1.91461      0.00436      0.00000      0.00000
      1.92461      0.04300      0.00000      0.00000
      1.93461      0.19484      0.00000      0.00000
      1.94461      0.54560      0.00000      0.00000
      1.95461      1.12861      0.00000      0.00000
      1.96461      1.64570      0.00000      0.00000
      1.97461      1.95690      0.00000      0.00000
      1.98461      2.16837      0.00000      0.00000
      1.99461      2.01990      0.00000      0.00000
      2.00461      1.92486      0.00000      0.00000
      2.01461      2.10157      0.00000      0.00000
      2.02461      1.93011      0.00000      0.00000
      2.03461      1.67614      0.00000      0.00000
      2.04461      2.04665      0.00000      0.00000
      2.05461      2.68345      0.00000      0.00000
      2.06461      2.71607      0.00000      0.00000
      2.07461      2.32246      0.00000      0.00000
      2.08461      2.06266      0.00000      0.00000
      2.09461      2.00751      0.00000      0.00000
      2.10461      2.26217      0.00000      0.00000
      2.11461      2.34376      0.00000      0.00000
      2.12461      2.38311      0.00000      0.00000
      2.13461      2.78164      0.00000      0.00000
      2.14461      2.65928      0.00000      0.00000
      2.15461      2.85408      0.00000      0.00000
      2.16461      3.93268      0.00000      0.00000
      2.17461      4.80749      0.00000      0.00000
      2.18461      5.12780      0.00000      0.00000
      2.19461      4.92085      0.00000      0.00000
      2.20461      4.56180      0.00000      0.00000
      2.21461      4.85170      0.00000      0.00000
      2.22461      6.04887      0.00000      0.00000
      2.23461      6.56781      0.00000      0.00000
      2.24461      5.74278      0.00000      0.00000
      2.25461      5.42789      0.00000      0.00000
      2.26461      6.16412      0.00000      0.00000
      2.27461      7.28914      0.00000      0.00000
      2.28461      8.54501      0.00000      0.00000
      2.29461      9.20633      0.00000      0.00000
      2.30461      8.57352      0.00000      0.00000
      2.31461      7.60453      0.00000      0.00000
      2.32461      6.71553      0.00000      0.00000
      2.33461      6.42169      0.00000      0.00000
      2.34461      7.02233      0.00000      0.00000
      2.35461      7.17523      0.00000      0.00000
      2.36461      6.92845      0.00000      0.00000
      2.37461      6.57796      0.00000      0.00000
      2.38461      6.40639      0.00000      0.00000
      2.39461      6.94007      0.00000      0.00000
      2.40461      7.58238      0.00000      0.00000
      2.41461      7.02023      0.00000      0.00000
      2.42461      6.80907      0.00000      0.00000
      2.43461      7.15464      0.00000      0.00000
      2.44461      6.31637      0.00000      0.00000
      2.45461      5.51163      0.00000      0.00000
      2.46461      5.31139      0.00000      0.00000
      2.47461      4.67939      0.00000      0.00000
      2.48461      4.64016      0.00000      0.00000
      2.49461      5.55866      0.00000      0.00000
      2.50461      5.73967      0.00000      0.00000
      2.51461      5.39844      0.00000      0.00000
      2.52461      5.43873      0.00000      0.00000
      2.53461      5.02605      0.00000      0.00000
      2.54461      4.37137      0.00000      0.00000
      2.55461      4.16444      0.00000      0.00000
      2.56461      4.28394      0.00000      0.00000
      2.57461      4.34663      0.00000      0.00000
      2.58461      4.23362      0.00000      0.00000
      2.59461      4.19816      0.00000      0.00000
      2.60461      4.81698      0.00000      0.00000
      2.61461      5.41778      0.00000      0.00000
      2.62461      5.13259      0.00000      0.00000
      2.63461      4.39016      0.00000      0.00000
      2.64461      3.67385      0.00000      0.00000
      2.65461      3.36603      0.00000      0.00000
      2.66461      3.60495      0.00000      0.00000
      2.67461      4.12192      0.00000      0.00000
      2.68461      4.07443      0.00000      0.00000
      2.69461      3.61770      0.00000      0.00000
      2.70461      3.56955      0.00000      0.00000
      2.71461      3.85840      0.00000      0.00000
      2.72461      4.03794      0.00000      0.00000
      2.73461      4.88767      0.00000      0.00000
      2.74461      5.93893      0.00000      0.00000
      2.75461      6.42701      0.00000      0.00000
      2.76461      7.70460      0.00000      0.00000
      2.77461      9.13230      0.00000      0.00000
      2.78461      9.73938      0.00000      0.00000
      2.79461     10.59283      0.00000      0.00000
      2.80461     11.08357      0.00000      0.00000
      2.81461     11.00545      0.00000      0.00000
      2.82461     10.78506      0.00000      0.00000
      2.83461      9.92888      0.00000      0.00000
      2.84461      8.28182      0.00000      0.00000
      2.85461      7.22690      0.00000      0.00000
      2.86461      7.14662      0.00000      0.00000
      2.87461      6.88560      0.00000      0.00000
      2.88461      6.79351      0.00000      0.00000
      2.89461      6.87594      0.00000      0.00000
      2.90461      6.68167      0.00000      0.00000
      2.91461      7.13859      0.00000      0.00000
      2.92461      8.07713      0.00000      0.00000
      2.93461      7.74682      0.00000      0.00000
      2.94461      6.72989      0.00000      0.00000
      2.95461      6.87384      0.00000      0.00000
      2.96461      7.81418      0.00000      0.00000
      2.97461      8.18249      0.00000      0.00000
      2.98461      8.52932      0.00000      0.00000
      2.99461      9.09713      0.00000      0.00000
      3.00461     10.37993      0.00000      0.00000
      3.01461     12.72774      0.00000      0.00000
      3.02461     13.37888      0.00000      0.00000
      3.03461     12.34582      0.00000      0.00000
      3.04461     11.77288      0.00000      0.00000
      3.05461     11.47685      0.00000      0.00000
      3.06461     10.25665      0.00000      0.00000
      3.07461      8.19748      0.00000      0.00000
      3.08461      6.62256      0.00000      0.00000
      3.09461      5.88904      0.00000      0.00000
      3.10461      6.41189      0.00000      0.00000
      3.11461      8.66220      0.00000      0.00000
      3.12461      9.41845      0.00000      0.00000
      3.13461      7.13548      0.00000      0.00000
      3.14461      5.04120      0.00000      0.00000
      3.15461      4.87772      0.00000      0.00000
      3.16461      5.57812      0.00000      0.00000
      3.17461      6.46540      0.00000      0.00000
      3.18461      7.96324      0.00000      0.00000
      3.19461      8.91044      0.00000      0.00000
      3.20461      8.49679      0.00000      0.00000
      3.21461      8.06435      0.00000      0.00000
      3.22461      7.36267      0.00000      0.00000
      3.23461      6.71541      0.00000      0.00000
      3.24461      7.41698      0.00000      0.00000
      3.25461      9.46908      0.00000      0.00000
      3.26461     10.94873      0.00000      0.00000
      3.27461      8.81378      0.00000      0.00000
      3.28461      6.31198      0.00000      0.00000
      3.29461      6.01393      0.00000      0.00000
      3.30461      6.51524      0.00000      0.00000
      3.31461      7.42631      0.00000      0.00000
      3.32461      7.30252      0.00000      0.00000
      3.33461      6.38153      0.00000      0.00000
      3.34461      5.74964      0.00000      0.00000
      3.35461      4.51467      0.00000      0.00000
      3.36461      3.49205      0.00000      0.00000
      3.37461      3.78549      0.00000      0.00000
      3.38461      4.47466      0.00000      0.00000
      3.39461      5.40742      0.00000      0.00000
      3.40461      6.72520      0.00000      0.00000
      3.41461      8.31469      0.00000      0.00000
      3.42461      8.62010      0.00000      0.00000
      3.43461      7.19201      0.00000      0.00000
      3.44461      6.07317      0.00000      0.00000
      3.45461      5.45305      0.00000      0.00000
      3.46461      4.75728      0.00000      0.00000
      3.47461      4.77591      0.00000      0.00000
      3.48461      5.60788      0.00000      0.00000
      3.49461      6.50747      0.00000      0.00000
      3.50461      6.40921      0.00000      0.00000
      3.51461      5.27671      0.00000      0.00000
      3.52461      4.71771      0.00000      0.00000
      3.53461      4.72094      0.00000      0.00000
      3.54461      4.88321      0.00000      0.00000
      3.55461      5.76735      0.00000      0.00000
      3.56461      6.71896      0.00000      0.00000
      3.57461      6.55330      0.00000      0.00000
      3.58461      5.98383      0.00000      0.00000
      3.59461      5.19629      0.00000      0.00000
      3.60461      3.87213      0.00000      0.00000
      3.61461      3.37629      0.00000      0.00000
      3.62461      4.64637      0.00000      0.00000
      3.63461      5.83004      0.00000      0.00000
      3.64461      5.20908      0.00000      0.00000
      3.65461      3.94676      0.00000      0.00000
      3.66461      3.57502      0.00000      0.00000
      3.67461      3.78671      0.00000      0.00000
      3.68461      3.39279      0.00000      0.00000
      3.69461      3.39232      0.00000      0.00000
      3.70461      4.16448      0.00000      0.00000
      3.71461      4.76387      0.00000      0.00000
      3.72461      5.08182      0.00000      0.00000
      3.73461      4.96905      0.00000      0.00000
      3.74461      5.21730      0.00000      0.00000
      3.75461      5.52325      0.00000      0.00000
      3.76461      4.80829      0.00000      0.00000
      3.77461      3.38952      0.00000      0.00000
      3.78461      3.25252      0.00000      0.00000
      3.79461      3.78703      0.00000      0.00000
      3.80461      3.71139      0.00000      0.00000
      3.81461      3.38351      0.00000      0.00000
      3.82461      3.44045      0.00000      0.00000
      3.83461      3.90561      0.00000      0.00000
      3.84461      4.01385      0.00000      0.00000
      3.85461      3.50485      0.00000      0.00000
      3.86461      3.14575      0.00000      0.00000
      3.87461      3.57697      0.00000      0.00000
      3.88461      4.30163      0.00000      0.00000
      3.89461      4.23277      0.00000      0.00000
      3.90461      3.44140      0.00000      0.00000
      3.91461      2.46694      0.00000      0.00000
      3.92461      2.10640      0.00000      0.00000
      3.93461      2.73204      0.00000      0.00000
      3.94461      3.57751      0.00000      0.00000
      3.95461      4.15466      0.00000      0.00000
      3.96461      4.25855      0.00000      0.00000
      3.97461      3.47141      0.00000      0.00000
      3.98461      2.60438      0.00000      0.00000
      3.99461      2.41850      0.00000      0.00000
      4.00461      2.70771      0.00000      0.00000
      4.01461      3.04980      0.00000      0.00000
      4.02461      3.36736      0.00000      0.00000
      4.03461      3.50064      0.00000      0.00000
      4.04461      3.19833      0.00000      0.00000
      4.05461      2.83228      0.00000      0.00000
      4.06461      2.88601      0.00000      0.00000
      4.07461      2.52096      0.00000      0.00000
      4.08461      2.21449      0.00000      0.00000
      4.09461      2.96180      0.00000      0.00000
      4.10461      4.13285      0.00000      0.00000
      4.11461      4.51882      0.00000      0.00000
      4.12461      3.63100      0.00000      0.00000
      4.13461      2.46052      0.00000      0.00000
      4.14461      2.18237      0.00000      0.00000
      4.15461      2.10758      0.00000      0.00000
      4.16461      2.63029      0.00000      0.00000
      4.17461      3.93637      0.00000      0.00000
      4.18461      4.82195      0.00000      0.00000
      4.19461      4.56415      0.00000      0.00000
      4.20461      3.63185      0.00000      0.00000
      4.21461      3.04518      0.00000      0.00000
      4.22461      2.81926      0.00000      0.00000
      4.23461      2.38840      0.00000      0.00000
      4.24461      1.98882      0.00000      0.00000
      4.25461      2.57857      0.00000      0.00000
      4.26461      3.82709      0.00000      0.00000
      4.27461      4.14459      0.00000      0.00000
      4.28461      3.33471      0.00000      0.00000
      4.29461      2.16814      0.00000      0.00000
      4.30461      1.23020      0.00000      0.00000
      4.31461      1.04948      0.00000      0.00000
      4.32461      1.47331      0.00000      0.00000
      4.33461      1.96497      0.00000      0.00000
      4.34461      1.99520      0.00000      0.00000
      4.35461      1.55653      0.00000      0.00000
      4.36461      1.33600      0.00000      0.00000
      4.37461      1.00625      0.00000      0.00000
      4.38461      0.45037      0.00000      0.00000
      4.39461      0.52859      0.00000      0.00000
      4.40461      1.70645      0.00000      0.00000
      4.41461      3.09664      0.00000      0.00000
      4.42461      3.27459      0.00000      0.00000
      4.43461      2.49843      0.00000      0.00000
      4.44461      1.40663      0.00000      0.00000
      4.45461      0.65869      0.00000      0.00000
      4.46461      0.69461      0.00000      0.00000
      4.47461      1.13523      0.00000      0.00000
      4.48461      1.69080      0.00000      0.00000
      4.49461      1.96643      0.00000      0.00000
      4.50461      1.64609      0.00000      0.00000
      4.51461      0.96802      0.00000      0.00000
      4.52461      0.90568      0.00000      0.00000
      4.53461      2.01217      0.00000      0.00000
      4.54461      3.55021      0.00000      0.00000
      4.55461      4.32426      0.00000      0.00000
      4.56461      3.58644      0.00000      0.00000
      4.57461      2.64623      0.00000      0.00000
      4.58461      2.59450      0.00000      0.00000
      4.59461      2.76749      0.00000      0.00000
      4.60461      2.82936      0.00000      0.00000
      4.61461      2.77115      0.00000      0.00000
      4.62461      2.75075      0.00000      0.00000
      4.63461      3.06643      0.00000      0.00000
      4.64461      4.14088      0.00000      0.00000
      4.65461      4.80552      0.00000      0.00000
      4.66461      4.61777      0.00000      0.00000
      4.67461      4.40936      0.00000      0.00000
      4.68461      4.40764      0.00000      0.00000
      4.69461      4.63219      0.00000      0.00000
      4.70461      4.55384      0.00000      0.00000
      4.71461      4.36109      0.00000      0.00000
      4.72461      5.27060      0.00000      0.00000
      4.73461      6.72843      0.00000      0.00000
      4.74461      7.56274      0.00000      0.00000
      4.75461      7.93922      0.00000      0.00000
      4.76461      8.78445      0.00000      0.00000
      4.77461      8.84822      0.00000      0.00000
      4.78461      8.08059      0.00000      0.00000
      4.79461      8.32807      0.00000      0.00000
      4.80461      8.85829      0.00000      0.00000
      4.81461      8.90423      0.00000      0.00000
      4.82461      9.31153      0.00000      0.00000
      4.83461      9.86692      0.00000      0.00000
      4.84461      9.26199      0.00000      0.00000
      4.85461      8.16038      0.00000      0.00000
      4.86461      7.44655      0.00000      0.00000
      4.87461      7.11144      0.00000      0.00000
      4.88461      7.24597      0.00000      0.00000
      4.89461      7.39804      0.00000      0.00000
      4.90461      6.95967      0.00000      0.00000
      4.91461      6.60769      0.00000      0.00000
      4.92461      6.47021      0.00000      0.00000
      4.93461      5.97655      0.00000      0.00000
      4.94461      5.43134      0.00000      0.00000
      4.95461      4.29880      0.00000      0.00000
      4.96461      2.89720      0.00000      0.00000
      4.97461      2.35609      0.00000      0.00000
      4.98461      2.45756      0.00000      0.00000
      4.99461      3.34793      0.00000      0.00000
      5.00461      4.31217      0.00000      0.00000
      5.01461      3.97814      0.00000      0.00000
      5.02461      2.56369      0.00000      0.00000
      5.03461      1.69328      0.00000      0.00000
      5.04461      1.90344      0.00000      0.00000
      5.05461      2.48360      0.00000      0.00000
      5.06461      2.97548      0.00000      0.00000
      5.07461      2.89430      0.00000      0.00000
      5.08461      2.92475      0.00000      0.00000
      5.09461      3.08924      0.00000      0.00000
      5.10461      2.75334      0.00000      0.00000
      5.11461      2.39687      0.00000      0.00000
      5.12461      2.06867      0.00000      0.00000
      5.13461      2.21679      0.00000      0.00000
      5.14461      2.57681      0.00000      0.00000
      5.15461      2.25887      0.00000      0.00000
      5.16461      1.91784      0.00000      0.00000
      5.17461      1.82823      0.00000      0.00000
      5.18461      1.64320      0.00000      0.00000
      5.19461      1.58856      0.00000      0.00000
      5.20461      1.50298      0.00000      0.00000
      5.21461      1.56723      0.00000      0.00000
      5.22461      2.03927      0.00000      0.00000
      5.23461      2.46517      0.00000      0.00000
      5.24461      2.41418      0.00000      0.00000
      5.25461      1.74386      0.00000      0.00000
      5.26461      1.12886      0.00000      0.00000
      5.27461      1.07700      0.00000      0.00000
      5.28461      1.20720      0.00000      0.00000
      5.29461      1.05811      0.00000      0.00000
      5.30461      0.96008      0.00000      0.00000
      5.31461      1.22413      0.00000      0.00000
      5.32461      1.65036      0.00000      0.00000
      5.33461      2.40703      0.00000      0.00000
      5.34461      2.64008      0.00000      0.00000
      5.35461      2.16203      0.00000      0.00000
      5.36461      1.75294      0.00000      0.00000
      5.37461      1.66380      0.00000      0.00000
      5.38461      1.68200      0.00000      0.00000
      5.39461      1.40551      0.00000      0.00000
      5.40461      1.06389      0.00000      0.00000
      5.41461      0.93429      0.00000      0.00000
      5.42461      0.96915      0.00000      0.00000
      5.43461      1.23735      0.00000      0.00000
      5.44461      1.50457      0.00000      0.00000
      5.45461      1.65246      0.00000      0.00000
      5.46461      1.89881      0.00000      0.00000
      5.47461      1.99498      0.00000      0.00000
      5.48461      1.93054      0.00000      0.00000
      5.49461      1.75423      0.00000      0.00000
      5.50461      1.42758      0.00000      0.00000
      5.51461      1.25110      0.00000      0.00000
      5.52461      0.94901      0.00000      0.00000
      5.53461      0.70009      0.00000      0.00000
      5.54461      0.80915      0.00000      0.00000
      5.55461      0.98506      0.00000      0.00000
      5.56461      0.85284      0.00000      0.00000
      5.57461      0.78124      0.00000      0.00000
      5.58461      0.73308      0.00000      0.00000
      5.59461      0.80649      0.00000      0.00000
      5.60461      1.32230      0.00000      0.00000
      5.61461      2.02054      0.00000      0.00000
      5.62461      2.24538      0.00000      0.00000
      5.63461      1.80984      0.00000      0.00000
      5.64461      1.21970      0.00000      0.00000
      5.65461      0.83589      0.00000      0.00000
      5.66461      0.68412      0.00000      0.00000
      5.67461      0.91471      0.00000      0.00000
      5.68461      1.43385      0.00000      0.00000
      5.69461      1.52391      0.00000      0.00000
      5.70461      0.98306      0.00000      0.00000
      5.71461      0.63283      0.00000      0.00000
      5.72461      0.90957      0.00000      0.00000
      5.73461      1.57775      0.00000      0.00000
      5.74461      2.12865      0.00000      0.00000
      5.75461      1.93804      0.00000      0.00000
      5.76461      1.48973      0.00000      0.00000
      5.77461      1.27464      0.00000      0.00000
      5.78461      1.37316      0.00000      0.00000
      5.79461      1.76192      0.00000      0.00000
      5.80461      1.93282      0.00000      0.00000
      5.81461      1.74918      0.00000      0.00000
      5.82461      1.26619      0.00000      0.00000
      5.83461      0.85199      0.00000      0.00000
      5.84461      0.73522      0.00000      0.00000
      5.85461      0.75904      0.00000      0.00000
      5.86461      0.76151      0.00000      0.00000
      5.87461      0.78703      0.00000      0.00000
      5.88461      1.25435      0.00000      0.00000
      5.89461      1.83935      0.00000      0.00000
      5.90461      1.98968      0.00000      0.00000
      5.91461      1.95254      0.00000      0.00000
      5.92461      1.70330      0.00000      0.00000
      5.93461      1.41947      0.00000      0.00000
      5.94461      1.69680      0.00000      0.00000
      5.95461      1.88121      0.00000      0.00000
      5.96461      1.52090      0.00000      0.00000
      5.97461      1.36098      0.00000      0.00000
      5.98461      1.10606      0.00000      0.00000
      5.99461      0.81009      0.00000      0.00000
      6.00461      1.23749      0.00000      0.00000
      6.01461      1.95323      0.00000      0.00000
      6.02461      2.36121      0.00000      0.00000
      6.03461      2.15086      0.00000      0.00000
      6.04461      1.96608      0.00000      0.00000
      6.05461      2.12932      0.00000      0.00000
      6.06461      2.17974      0.00000      0.00000
      6.07461      2.01459      0.00000      0.00000
      6.08461      1.71323      0.00000      0.00000
      6.09461      1.39866      0.00000      0.00000
      6.10461      1.26611      0.00000      0.00000
      6.11461      1.08135      0.00000      0.00000
      6.12461      1.31660      0.00000      0.00000
      6.13461      2.31508      0.00000      0.00000
      6.14461      2.86980      0.00000      0.00000
      6.15461      2.35911      0.00000      0.00000
      6.16461      1.47708      0.00000      0.00000
      6.17461      0.73018      0.00000      0.00000
      6.18461      0.86657      0.00000      0.00000
      6.19461      1.76106      0.00000      0.00000
      6.20461      2.56402      0.00000      0.00000
      6.21461      2.92212      0.00000      0.00000
      6.22461      2.98704      0.00000      0.00000
      6.23461      2.65814      0.00000      0.00000
      6.24461      2.09535      0.00000      0.00000
      6.25461      1.47282      0.00000      0.00000
      6.26461      1.32390      0.00000      0.00000
      6.27461      1.35970      0.00000      0.00000
      6.28461      1.40472      0.00000      0.00000
      6.29461      1.68054      0.00000      0.00000
      6.30461      2.17670      0.00000      0.00000
      6.31461      2.56546      0.00000      0.00000
      6.32461      2.52451      0.00000      0.00000
      6.33461      2.63980      0.00000      0.00000
      6.34461      2.49835      0.00000      0.00000
      6.35461      2.17691      0.00000      0.00000
      6.36461      1.92065      0.00000      0.00000
      6.37461      1.87106      0.00000      0.00000
      6.38461      2.06405      0.00000      0.00000
      6.39461      1.91042      0.00000      0.00000
      6.40461      1.13874      0.00000      0.00000
      6.41461      0.91484      0.00000      0.00000
      6.42461      1.76138      0.00000      0.00000
      6.43461      2.26025      0.00000      0.00000
      6.44461      1.83184      0.00000      0.00000
      6.45461      1.55213      0.00000      0.00000
      6.46461      1.75263      0.00000      0.00000
      6.47461      2.07479      0.00000      0.00000
      6.48461      1.64598      0.00000      0.00000
      6.49461      0.79436      0.00000      0.00000
      6.50461      0.66690      0.00000      0.00000
      6.51461      1.10494      0.00000      0.00000
      6.52461      1.58534      0.00000      0.00000
      6.53461      1.96522      0.00000      0.00000
      6.54461      1.76522      0.00000      0.00000
      6.55461      1.55052      0.00000      0.00000
      6.56461      1.49891      0.00000      0.00000
      6.57461      1.59212      0.00000      0.00000
      6.58461      1.85180      0.00000      0.00000
      6.59461      1.84528      0.00000      0.00000
      6.60461      1.67547      0.00000      0.00000
      6.61461      1.47356      0.00000      0.00000
      6.62461      1.59412      0.00000      0.00000
      6.63461      1.80506      0.00000      0.00000
      6.64461      1.48993      0.00000      0.00000
      6.65461      0.97355      0.00000      0.00000
      6.66461      0.83882      0.00000      0.00000
      6.67461      1.41514      0.00000      0.00000
      6.68461      2.40129      0.00000      0.00000
      6.69461      2.55262      0.00000      0.00000
      6.70461      1.63531      0.00000      0.00000
      6.71461      1.28923      0.00000      0.00000
      6.72461      1.99101      0.00000      0.00000
      6.73461      2.18148      0.00000      0.00000
      6.74461      1.64353      0.00000      0.00000
      6.75461      1.63909      0.00000      0.00000
      6.76461      1.95934      0.00000      0.00000
      6.77461      2.12828      0.00000      0.00000
      6.78461      1.97475      0.00000      0.00000
      6.79461      1.61512      0.00000      0.00000
      6.80461      1.59275      0.00000      0.00000
      6.81461      1.60705      0.00000      0.00000
      6.82461      1.54216      0.00000      0.00000
      6.83461      1.78087      0.00000      0.00000
      6.84461      2.49742      0.00000      0.00000
      6.85461      3.05770      0.00000      0.00000
      6.86461      2.48116      0.00000      0.00000
      6.87461      1.84436      0.00000      0.00000
      6.88461      1.96031      0.00000      0.00000
      6.89461      1.94527      0.00000      0.00000
      6.90461      1.66695      0.00000      0.00000
      6.91461      1.39736      0.00000      0.00000
      6.92461      1.29981      0.00000      0.00000
      6.93461      1.58792      0.00000      0.00000
      6.94461      2.16994      0.00000      0.00000
      6.95461      2.91305      0.00000      0.00000
      6.96461      3.79572      0.00000      0.00000
      6.97461      3.92128      0.00000      0.00000
      6.98461      2.80192      0.00000      0.00000
      6.99461      2.07282      0.00000      0.00000
