Energy-E_F (eV)    DOS (1/eV)    PDOS (1/eV)  of atom type Mo S  
     -5.29313      4.16996      1.45424      2.71571
     -5.28313      4.31815      1.50512      2.81304
     -5.27313      4.51872      1.58988      2.92884
     -5.26313      4.55949      1.60924      2.95025
     -5.25313      4.69780      1.64911      3.04869
     -5.24313      5.08786      1.78548      3.30238
     -5.23313      5.62302      1.97787      3.64515
     -5.22313      5.71892      2.00802      3.71090
     -5.21313      5.34345      1.86451      3.47894
     -5.20313      5.10933      1.77917      3.33016
     -5.19313      5.11870      1.77738      3.34132
     -5.18313      4.81853      1.65737      3.16116
     -5.17313      4.40793      1.49514      2.91278
     -5.16313      4.12869      1.37747      2.75122
     -5.15313      3.59608      1.15858      2.43749
     -5.14313      2.86006      0.85425      2.00581
     -5.13313      2.61086      0.74251      1.86834
     -5.12313      2.96635      0.88361      2.08274
     -5.11313      2.93802      0.90959      2.02843
     -5.10313      2.21306      0.66853      1.54453
     -5.09313      1.69008      0.48928      1.20079
     -5.08313      1.63825      0.48102      1.15723
     -5.07313      1.71136      0.51714      1.19422
     -5.06313      1.64238      0.49695      1.14543
     -5.05313      1.52736      0.45554      1.07182
     -5.04313      1.52796      0.46097      1.06699
     -5.03313      1.73147      0.53606      1.19541
     -5.02313      1.82462      0.57328      1.25134
     -5.01313      1.54768      0.47778      1.06990
     -5.00313      1.23094      0.36755      0.86339
     -4.99313      1.17796      0.35150      0.82646
     -4.98313      1.27776      0.38792      0.88984
     -4.97313      1.29467      0.39836      0.89631
     -4.96313      1.22716      0.37474      0.85242
     -4.95313      1.19974      0.36210      0.83764
     -4.94313      1.26152      0.38431      0.87721
     -4.93313      1.32774      0.41560      0.91215
     -4.92313      1.33441      0.42423      0.91018
     -4.91313      1.19797      0.37264      0.82533
     -4.90313      0.99747      0.30127      0.69621
     -4.89313      0.95743      0.28867      0.66876
     -4.88313      1.06404      0.32406      0.73998
     -4.87313      1.09943      0.33890      0.76052
     -4.86313      1.01125      0.31320      0.69805
     -4.85313      0.90724      0.27871      0.62853
     -4.84313      0.89659      0.27538      0.62120
     -4.83313      0.97497      0.30454      0.67043
     -4.82313      1.02056      0.32721      0.69335
     -4.81313      0.98222      0.31594      0.66628
     -4.80313      0.86525      0.26878      0.59647
     -4.79313      0.79527      0.24101      0.55426
     -4.78313      0.71932      0.22060      0.49872
     -4.77313      0.76167      0.23769      0.52398
     -4.76313      0.87817      0.27517      0.60300
     -4.75313      0.85086      0.26339      0.58748
     -4.74313      0.72873      0.22455      0.50418
     -4.73313      0.73783      0.23011      0.50772
     -4.72313      0.80487      0.25338      0.55150
     -4.71313      0.91758      0.29097      0.62661
     -4.70313      0.95620      0.30433      0.65187
     -4.69313      0.75528      0.23805      0.51723
     -4.68313      0.62297      0.19236      0.43060
     -4.67313      0.64770      0.19858      0.44912
     -4.66313      0.77243      0.23695      0.53548
     -4.65313      0.78722      0.24566      0.54157
     -4.64313      0.67980      0.21481      0.46499
     -4.63313      0.63262      0.19761      0.43501
     -4.62313      0.70277      0.21777      0.48499
     -4.61313      0.78821      0.24329      0.54492
     -4.60313      0.74417      0.23378      0.51039
     -4.59313      0.76694      0.24749      0.51945
     -4.58313      0.76882      0.24706      0.52176
     -4.57313      0.65281      0.20328      0.44953
     -4.56313      0.66723      0.20232      0.46491
     -4.55313      0.64398      0.19716      0.44682
     -4.54313      0.59878      0.18788      0.41091
     -4.53313      0.63610      0.20159      0.43451
     -4.52313      0.63135      0.19886      0.43249
     -4.51313      0.70084      0.21558      0.48526
     -4.50313      0.71233      0.21900      0.49333
     -4.49313      0.58976      0.18545      0.40431
     -4.48313      0.60507      0.19265      0.41242
     -4.47313      0.69231      0.22281      0.46949
     -4.46313      0.79303      0.25202      0.54101
     -4.45313      0.73903      0.22740      0.51163
     -4.44313      0.51098      0.15612      0.35486
     -4.43313      0.49365      0.15334      0.34030
     -4.42313      0.58267      0.18074      0.40193
     -4.41313      0.66803      0.20693      0.46110
     -4.40313      0.82546      0.25094      0.57453
     -4.39313      0.78001      0.23353      0.54647
     -4.38313      0.62699      0.18854      0.43845
     -4.37313      0.66069      0.20066      0.46003
     -4.36313      0.66791      0.20550      0.46241
     -4.35313      0.79272      0.24723      0.54548
     -4.34313      1.23823      0.39585      0.84239
     -4.33313      2.03159      0.69427      1.33732
     -4.32313      3.34502      1.18145      2.16357
     -4.31313      4.50569      1.57612      2.92957
     -4.30313      5.06979      1.73631      3.33349
     -4.29313      5.72744      1.89556      3.83188
     -4.28313      6.88419      2.16902      4.71518
     -4.27313      7.79767      2.34582      5.45185
     -4.26313      7.92509      2.32520      5.59989
     -4.25313      7.52476      2.20026      5.32450
     -4.24313      7.06527      2.07371      4.99156
     -4.23313      7.00133      2.06289      4.93844
     -4.22313      7.16908      2.11821      5.05087
     -4.21313      7.00224      2.07481      4.92743
     -4.20313      6.93811      2.06504      4.87307
     -4.19313      6.90967      2.05195      4.85772
     -4.18313      6.57096      1.93269      4.63827
     -4.17313      6.48034      1.89028      4.59006
     -4.16313      6.81878      1.98292      4.83585
     -4.15313      6.67254      1.93018      4.74236
     -4.14313      5.91975      1.69856      4.22119
     -4.13313      5.20587      1.49609      3.70978
     -4.12313      4.63759      1.33127      3.30632
     -4.11313      4.41201      1.26187      3.15014
     -4.10313      4.40353      1.26666      3.13688
     -4.09313      4.04232      1.15709      2.88523
     -4.08313      3.50709      0.99217      2.51492
     -4.07313      3.27747      0.92308      2.35439
     -4.06313      3.21526      0.90441      2.31085
     -4.05313      3.24124      0.92537      2.31587
     -4.04313      3.27961      0.94229      2.33732
     -4.03313      3.01023      0.84839      2.16185
     -4.02313      2.73373      0.76319      1.97054
     -4.01313      2.60110      0.72808      1.87302
     -4.00313      2.45708      0.70462      1.75246
     -3.99313      2.18260      0.67308      1.50952
     -3.98313      1.69088      0.56710      1.12378
     -3.97313      1.20181      0.42697      0.77484
     -3.96313      0.92635      0.34590      0.58045
     -3.95313      0.99096      0.37115      0.61981
     -3.94313      1.21067      0.42997      0.78070
     -3.93313      1.36522      0.46000      0.90523
     -3.92313      1.58305      0.52552      1.05753
     -3.91313      1.65664      0.55695      1.09970
     -3.90313      1.47172      0.50433      0.96738
     -3.89313      1.27040      0.43778      0.83263
     -3.88313      1.22275      0.40838      0.81436
     -3.87313      1.33558      0.43815      0.89743
     -3.86313      1.39220      0.46631      0.92589
     -3.85313      1.29615      0.44128      0.85487
     -3.84313      1.21651      0.42148      0.79503
     -3.83313      1.23723      0.44527      0.79196
     -3.82313      1.14313      0.42200      0.72113
     -3.81313      0.98439      0.35033      0.63406
     -3.80313      1.21092      0.39850      0.81242
     -3.79313      1.53548      0.49596      1.03952
     -3.78313      1.42099      0.48048      0.94051
     -3.77313      1.05530      0.37417      0.68113
     -3.76313      0.86481      0.31039      0.55442
     -3.75313      0.95546      0.34369      0.61176
     -3.74313      1.24856      0.43641      0.81215
     -3.73313      1.43289      0.50185      0.93103
     -3.72313      1.20471      0.43752      0.76719
     -3.71313      0.93918      0.33949      0.59969
     -3.70313      0.83840      0.29566      0.54274
     -3.69313      0.98307      0.34271      0.64037
     -3.68313      1.46176      0.47857      0.98318
     -3.67313      2.05011      0.65349      1.39662
     -3.66313      2.49478      0.80013      1.69465
     -3.65313      2.84715      0.91788      1.92926
     -3.64313      3.11199      1.01592      2.09606
     -3.63313      3.20079      1.04225      2.15854
     -3.62313      3.36971      1.06046      2.30925
     -3.61313      3.66920      1.14111      2.52809
     -3.60313      3.54320      1.11885      2.42435
     -3.59313      3.27345      1.04402      2.22943
     -3.58313      3.33582      1.05851      2.27730
     -3.57313      3.52826      1.11353      2.41473
     -3.56313      3.76481      1.19172      2.57309
     -3.55313      4.03335      1.27269      2.76067
     -3.54313      4.30516      1.34440      2.96076
     -3.53313      4.57177      1.42465      3.14712
     -3.52313      4.68835      1.46296      3.22539
     -3.51313      4.71768      1.45599      3.26169
     -3.50313      5.31855      1.62949      3.68905
     -3.49313      6.29021      1.95702      4.33319
     -3.48313      6.93161      2.19043      4.74118
     -3.47313      6.49319      2.04091      4.45228
     -3.46313      5.65150      1.78420      3.86730
     -3.45313      5.22072      1.70823      3.51249
     -3.44313      5.04948      1.70434      3.34514
     -3.43313      4.86981      1.67286      3.19695
     -3.42313      4.51090      1.57177      2.93913
     -3.41313      4.32993      1.52875      2.80118
     -3.40313      4.55375      1.61618      2.93758
     -3.39313      5.04725      1.81225      3.23500
     -3.38313      5.40370      1.97751      3.42619
     -3.37313      5.08884      1.87065      3.21818
     -3.36313      4.36169      1.60677      2.75492
     -3.35313      3.80297      1.39835      2.40462
     -3.34313      3.42298      1.25899      2.16400
     -3.33313      3.20896      1.19462      2.01434
     -3.32313      3.05459      1.14359      1.91101
     -3.31313      2.82248      1.07203      1.75046
     -3.30313      2.54805      1.00322      1.54483
     -3.29313      2.38587      0.96243      1.42344
     -3.28313      2.27674      0.91704      1.35970
     -3.27313      2.11389      0.85000      1.26390
     -3.26313      2.10145      0.85934      1.24212
     -3.25313      2.20930      0.91582      1.29348
     -3.24313      2.16709      0.89528      1.27180
     -3.23313      2.03055      0.80525      1.22530
     -3.22313      2.03659      0.75984      1.27674
     -3.21313      2.07827      0.76206      1.31621
     -3.20313      2.17676      0.82958      1.34717
     -3.19313      2.13822      0.85693      1.28128
     -3.18313      1.81327      0.74504      1.06824
     -3.17313      1.65256      0.67388      0.97868
     -3.16313      1.72493      0.69376      1.03116
     -3.15313      1.84538      0.74325      1.10213
     -3.14313      1.87853      0.74484      1.13369
     -3.13313      1.94849      0.75302      1.19547
     -3.12313      1.82622      0.70898      1.11724
     -3.11313      1.58122      0.62685      0.95436
     -3.10313      1.58157      0.63956      0.94201
     -3.09313      1.45528      0.59885      0.85643
     -3.08313      1.39077      0.56459      0.82618
     -3.07313      1.69126      0.68499      1.00627
     -3.06313      1.85021      0.75001      1.10020
     -3.05313      1.85473      0.70531      1.14941
     -3.04313      1.86745      0.67331      1.19413
     -3.03313      1.71118      0.62314      1.08804
     -3.02313      1.56420      0.58829      0.97591
     -3.01313      1.53703      0.59799      0.93904
     -3.00313      1.54500      0.61756      0.92743
     -2.99313      1.53613      0.63415      0.90198
     -2.98313      1.50225      0.62792      0.87432
     -2.97313      1.44819      0.56975      0.87844
     -2.96313      1.39334      0.51295      0.88039
     -2.95313      1.43968      0.54582      0.89386
     -2.94313      1.50798      0.59651      0.91148
     -2.93313      1.55625      0.61226      0.94399
     -2.92313      1.52454      0.61124      0.91330
     -2.91313      1.49518      0.62583      0.86935
     -2.90313      1.33086      0.55774      0.77312
     -2.89313      1.18303      0.46636      0.71668
     -2.88313      1.42897      0.52393      0.90504
     -2.87313      1.64803      0.57412      1.07391
     -2.86313      1.64988      0.58190      1.06798
     -2.85313      1.67122      0.62829      1.04293
     -2.84313      1.63551      0.63642      0.99909
     -2.83313      1.34327      0.52205      0.82123
     -2.82313      1.06743      0.42118      0.64625
     -2.81313      1.15854      0.47718      0.68137
     -2.80313      1.36987      0.56602      0.80385
     -2.79313      1.50909      0.58300      0.92608
     -2.78313      1.57457      0.57208      1.00248
     -2.77313      1.47797      0.55317      0.92480
     -2.76313      1.32800      0.52760      0.80040
     -2.75313      1.29671      0.51701      0.77971
     -2.74313      1.22993      0.48711      0.74282
     -2.73313      1.11761      0.45891      0.65869
     -2.72313      1.03440      0.43929      0.59510
     -2.71313      1.27728      0.52914      0.74814
     -2.70313      1.77699      0.69060      1.08639
     -2.69313      2.05074      0.77087      1.27987
     -2.68313      2.03001      0.78642      1.24359
     -2.67313      1.89398      0.76191      1.13206
     -2.66313      1.72969      0.72290      1.00679
     -2.65313      1.54343      0.67023      0.87319
     -2.64313      1.44331      0.63352      0.80979
     -2.63313      1.42309      0.62638      0.79670
     -2.62313      1.53426      0.66544      0.86882
     -2.61313      1.77502      0.73647      1.03855
     -2.60313      1.91312      0.76687      1.14625
     -2.59313      1.88196      0.74086      1.14111
     -2.58313      1.93489      0.74369      1.19121
     -2.57313      2.11316      0.81115      1.30201
     -2.56313      2.07624      0.82073      1.25551
     -2.55313      1.87960      0.76194      1.11766
     -2.54313      1.89273      0.75711      1.13562
     -2.53313      2.21467      0.85401      1.36066
     -2.52313      2.69233      0.96759      1.72474
     -2.51313      2.78123      0.93788      1.84335
     -2.50313      2.43831      0.82871      1.60960
     -2.49313      2.36504      0.84284      1.52221
     -2.48313      2.47327      0.91466      1.55861
     -2.47313      2.26554      0.84661      1.41893
     -2.46313      1.98854      0.74064      1.24790
     -2.45313      2.06249      0.76510      1.29739
     -2.44313      2.47549      0.89178      1.58372
     -2.43313      2.85335      0.99091      1.86243
     -2.42313      2.83841      0.97082      1.86759
     -2.41313      2.49126      0.85268      1.63858
     -2.40313      2.41378      0.85187      1.56191
     -2.39313      2.65279      0.93866      1.71413
     -2.38313      2.69554      0.91034      1.78520
     -2.37313      2.56163      0.84755      1.71408
     -2.36313      2.99053      0.95272      2.03781
     -2.35313      4.49849      1.27948      3.21901
     -2.34313      6.41974      1.64365      4.77610
     -2.33313      7.62301      1.83197      5.79104
     -2.32313      7.62942      1.78863      5.84079
     -2.31313      6.51985      1.60008      4.91977
     -2.30313      5.63633      1.49554      4.14079
     -2.29313      5.02450      1.36237      3.66213
     -2.28313      4.56522      1.22410      3.34112
     -2.27313      4.67056      1.25141      3.41916
     -2.26313      4.91943      1.35717      3.56226
     -2.25313      4.81894      1.34153      3.47741
     -2.24313      4.38412      1.21364      3.17048
     -2.23313      3.92380      1.10889      2.81491
     -2.22313      3.70047      1.05718      2.64329
     -2.21313      3.88582      1.09069      2.79513
     -2.20313      4.15702      1.17990      2.97712
     -2.19313      4.25304      1.25015      3.00289
     -2.18313      4.89683      1.43747      3.45936
     -2.17313      5.66314      1.65603      4.00712
     -2.16313      5.47717      1.63140      3.84577
     -2.15313      4.62692      1.39208      3.23484
     -2.14313      3.99373      1.19264      2.80109
     -2.13313      3.90373      1.14554      2.75819
     -2.12313      3.77364      1.09971      2.67393
     -2.11313      3.65572      1.02571      2.63000
     -2.10313      3.58209      0.98540      2.59669
     -2.09313      3.70005      1.05296      2.64709
     -2.08313      3.66685      1.05504      2.61181
     -2.07313      3.10832      0.86333      2.24499
     -2.06313      2.94506      0.78263      2.16243
     -2.05313      3.45074      0.94337      2.50736
     -2.04313      3.74189      1.04761      2.69428
     -2.03313      3.30555      0.88930      2.41626
     -2.02313      2.91809      0.72727      2.19082
     -2.01313      3.02233      0.73630      2.28603
     -2.00313      3.36613      0.87508      2.49105
     -1.99313      3.49105      0.95043      2.54062
     -1.98313      2.98359      0.76451      2.21908
     -1.97313      2.44408      0.59906      1.84502
     -1.96313      2.39027      0.60258      1.78769
     -1.95313      2.60449      0.67377      1.93072
     -1.94313      2.74863      0.70749      2.04114
     -1.93313      2.88654      0.69880      2.18774
     -1.92313      3.06751      0.73067      2.33685
     -1.91313      2.87680      0.73923      2.13758
     -1.90313      2.45713      0.62997      1.82715
     -1.89313      2.32333      0.55633      1.76700
     -1.88313      2.45543      0.60166      1.85377
     -1.87313      2.65442      0.63154      2.02288
     -1.86313      2.77860      0.60220      2.17640
     -1.85313      2.85974      0.63363      2.22611
     -1.84313      2.77267      0.65973      2.11294
     -1.83313      2.45238      0.58707      1.86531
     -1.82313      2.25282      0.53132      1.72150
     -1.81313      2.26001      0.51699      1.74303
     -1.80313      2.35751      0.50114      1.85637
     -1.79313      2.43340      0.52082      1.91259
     -1.78313      2.51149      0.56575      1.94574
     -1.77313      2.41956      0.54623      1.87333
     -1.76313      2.28587      0.50490      1.78097
     -1.75313      2.27093      0.48472      1.78621
     -1.74313      2.30231      0.48005      1.82226
     -1.73313      2.29311      0.49273      1.80039
     -1.72313      2.32022      0.48167      1.83855
     -1.71313      2.35404      0.47167      1.88236
     -1.70313      2.47789      0.52046      1.95743
     -1.69313      2.51772      0.52641      1.99130
     -1.68313      2.29507      0.44467      1.85039
     -1.67313      2.23176      0.45102      1.78074
     -1.66313      2.46992      0.53891      1.93100
     -1.65313      2.67413      0.57544      2.09869
     -1.64313      2.56850      0.55160      2.01690
     -1.63313      2.39837      0.48558      1.91279
     -1.62313      2.32250      0.40162      1.92087
     -1.61313      2.19839      0.35072      1.84768
     -1.60313      2.18946      0.32932      1.86014
     -1.59313      2.33615      0.33720      1.99895
     -1.58313      2.41370      0.35421      2.05949
     -1.57313      2.46490      0.35544      2.10946
     -1.56313      2.51369      0.35043      2.16325
     -1.55313      2.43227      0.32669      2.10558
     -1.54313      2.47747      0.32305      2.15442
     -1.53313      2.64114      0.33824      2.30289
     -1.52313      2.56931      0.32007      2.24924
     -1.51313      2.70934      0.32655      2.38279
     -1.50313      3.14484      0.37453      2.77031
     -1.49313      3.49634      0.40482      3.09152
     -1.48313      3.51981      0.39322      3.12659
     -1.47313      3.11289      0.34145      2.77144
     -1.46313      2.86863      0.31337      2.55526
     -1.45313      2.97712      0.32320      2.65392
     -1.44313      2.93502      0.31418      2.62085
     -1.43313      2.58840      0.25868      2.32972
     -1.42313      2.41070      0.22848      2.18222
     -1.41313      2.43953      0.22810      2.21143
     -1.40313      2.44846      0.22412      2.22434
     -1.39313      2.36259      0.21031      2.15228
     -1.38313      2.11228      0.18639      1.92589
     -1.37313      1.53157      0.14814      1.38342
     -1.36313      0.98533      0.12039      0.86494
     -1.35313      0.72822      0.10410      0.62411
     -1.34313      0.55312      0.08066      0.47246
     -1.33313      0.48368      0.06808      0.41560
     -1.32313      0.52302      0.07012      0.45290
     -1.31313      0.54354      0.06957      0.47397
     -1.30313      0.49309      0.06073      0.43237
     -1.29313      0.28855      0.03476      0.25379
     -1.28313      0.08412      0.01000      0.07412
     -1.27313      0.01108      0.00131      0.00978
     -1.26313      0.00063      0.00007      0.00056
     -1.25313      0.00001      0.00000      0.00001
     -1.24313      0.00000      0.00000      0.00000
     -1.23313      0.00000      0.00000      0.00000
     -1.22313      0.00000      0.00000      0.00000
     -1.21313      0.00000      0.00000      0.00000
     -1.20313      0.00000      0.00000      0.00000
     -1.19313      0.00000      0.00000      0.00000
     -1.18313      0.00000      0.00000      0.00000
     -1.17313      0.00000      0.00000      0.00000
     -1.16313      0.00000      0.00000      0.00000
     -1.15313      0.00000      0.00000      0.00000
     -1.14313      0.00000      0.00000      0.00000
     -1.13313      0.00000      0.00000      0.00000
     -1.12313      0.00000      0.00000      0.00000
     -1.11313      0.00000      0.00000      0.00000
     -1.10313      0.00000      0.00000      0.00000
     -1.09313      0.00000      0.00000      0.00000
     -1.08313      0.00000      0.00000      0.00000
     -1.07313      0.00005      0.00003      0.00001
     -1.06313      0.00193      0.00136      0.00056
     -1.05313      0.03144      0.02223      0.00921
     -1.04313      0.21012      0.14836      0.06176
     -1.03313      0.64131      0.45171      0.18959
     -1.02313      1.08091      0.75824      0.32267
     -1.01313      1.27619      0.89010      0.38609
     -1.00313      1.36683      0.94717      0.41966
     -0.99313      1.45619      1.00367      0.45252
     -0.98313      1.48677      1.01928      0.46749
     -0.97313      1.59814      1.09137      0.50677
     -0.96313      1.72518      1.17356      0.55162
     -0.95313      1.75769      1.19192      0.56577
     -0.94313      1.86477      1.26349      0.60127
     -0.93313      2.06894      1.39728      0.67166
     -0.92313      2.16619      1.46075      0.70544
     -0.91313      2.29538      1.55055      0.74483
     -0.90313      2.51114      1.69622      0.81492
     -0.89313      2.79024      1.88502      0.90521
     -0.88313      3.07769      2.08562      0.99207
     -0.87313      3.49726      2.38412      1.11314
     -0.86313      4.26747      2.92881      1.33866
     -0.85313      4.98818      3.43932      1.54885
     -0.84313      4.97249      3.42557      1.54692
     -0.83313      4.44218      3.03933      1.40285
     -0.82313      3.92052      2.65522      1.26531
     -0.81313      3.62835      2.43638      1.19197
     -0.80313      3.64474      2.42974      1.21500
     -0.79313      3.50795      2.31943      1.18852
     -0.78313      3.30640      2.17330      1.13310
     -0.77313      3.30726      2.17483      1.13243
     -0.76313      3.15799      2.08033      1.07765
     -0.75313      2.77900      1.82434      0.95466
     -0.74313      2.66964      1.75001      0.91964
     -0.73313      2.83118      1.86447      0.96671
     -0.72313      2.86300      1.88710      0.97589
     -0.71313      2.52719      1.65187      0.87532
     -0.70313      2.30549      1.50775      0.79774
     -0.69313      2.36116      1.55098      0.81018
     -0.68313      2.67650      1.76697      0.90953
     -0.67313      2.63108      1.73451      0.89657
     -0.66313      2.18967      1.43428      0.75540
     -0.65313      2.12088      1.39160      0.72928
     -0.64313      2.12910      1.39798      0.73111
     -0.63313      2.33668      1.54555      0.79113
     -0.62313      2.60603      1.73442      0.87161
     -0.61313      2.19680      1.45340      0.74340
     -0.60313      1.88879      1.24662      0.64218
     -0.59313      1.95659      1.29368      0.66290
     -0.58313      2.00546      1.32573      0.67973
     -0.57313      2.36185      1.58098      0.78086
     -0.56313      2.38125      1.60643      0.77482
     -0.55313      1.84342      1.23288      0.61054
     -0.54313      1.79058      1.19333      0.59724
     -0.53313      1.92953      1.29040      0.63913
     -0.52313      1.85896      1.24743      0.61154
     -0.51313      2.09254      1.42218      0.67036
     -0.50313      2.20277      1.50658      0.69619
     -0.49313      1.84437      1.25065      0.59372
     -0.48313      1.64705      1.11419      0.53286
     -0.47313      1.70698      1.16357      0.54342
     -0.46313      1.75877      1.19881      0.55996
     -0.45313      1.90285      1.30455      0.59831
     -0.44313      1.97975      1.37329      0.60646
     -0.43313      1.74716      1.21106      0.53610
     -0.42313      1.56661      1.07715      0.48946
     -0.41313      1.59979      1.10396      0.49583
     -0.40313      1.61874      1.12008      0.49865
     -0.39313      1.65169      1.14343      0.50826
     -0.38313      1.71770      1.20153      0.51618
     -0.37313      1.69599      1.19411      0.50189
     -0.36313      1.52869      1.06834      0.46035
     -0.35313      1.45980      1.01524      0.44456
     -0.34313      1.55483      1.08439      0.47044
     -0.33313      1.49097      1.04225      0.44872
     -0.32313      1.40659      0.98706      0.41953
     -0.31313      1.56408      1.10472      0.45936
     -0.30313      1.62493      1.14551      0.47942
     -0.29313      1.43858      1.00677      0.43181
     -0.28313      1.33676      0.93585      0.40092
     -0.27313      1.36499      0.95616      0.40882
     -0.26313      1.41618      0.98914      0.42704
     -0.25313      1.47756      1.03857      0.43899
     -0.24313      1.47219      1.03940      0.43279
     -0.23313      1.42266      0.99656      0.42610
     -0.22313      1.36382      0.94872      0.41510
     -0.21313      1.36641      0.95244      0.41398
     -0.20313      1.38150      0.95991      0.42159
     -0.19313      1.37793      0.95620      0.42173
     -0.18313      1.44157      1.00507      0.43649
     -0.17313      1.48087      1.03171      0.44916
     -0.16313      1.38739      0.95694      0.43045
     -0.15313      1.34547      0.92243      0.42304
     -0.14313      1.35437      0.92794      0.42643
     -0.13313      1.38944      0.95513      0.43431
     -0.12313      1.39832      0.96922      0.42911
     -0.11313      1.12117      0.78256      0.33861
     -0.10313      0.71368      0.51510      0.19859
     -0.09313      0.52484      0.40278      0.12206
     -0.08313      0.49288      0.38806      0.10482
     -0.07313      0.47743      0.37780      0.09963
     -0.06313      0.42827      0.33961      0.08865
     -0.05313      0.41937      0.33324      0.08614
     -0.04313      0.42797      0.34073      0.08724
     -0.03313      0.41611      0.33196      0.08415
     -0.02313      0.39685      0.31718      0.07967
     -0.01313      0.35688      0.28570      0.07118
     -0.00313      0.24372      0.19533      0.04839
      0.00687      0.09528      0.07641      0.01887
      0.01687      0.01763      0.01414      0.00349
      0.02687      0.00139      0.00112      0.00028
      0.03687      0.00004      0.00004      0.00001
      0.04687      0.00000      0.00000      0.00000
      0.05687      0.00000      0.00000      0.00000
      0.06687      0.00000      0.00000      0.00000
      0.07687      0.00000      0.00000      0.00000
      0.08687      0.00000      0.00000      0.00000
      0.09687      0.00000      0.00000      0.00000
      0.10687      0.00000      0.00000      0.00000
      0.11687      0.00000      0.00000      0.00000
      0.12687      0.00000      0.00000      0.00000
      0.13687      0.00000      0.00000      0.00000
      0.14687      0.00000      0.00000      0.00000
      0.15687      0.00000      0.00000      0.00000
      0.16687      0.00000      0.00000      0.00000
      0.17687      0.00000      0.00000      0.00000
      0.18687      0.00000      0.00000      0.00000
      0.19687      0.00000      0.00000      0.00000
      0.20687      0.00000      0.00000      0.00000
      0.21687      0.00000      0.00000      0.00000
      0.22687      0.00000      0.00000      0.00000
      0.23687      0.00000      0.00000      0.00000
      0.24687      0.00000      0.00000      0.00000
      0.25687      0.00000      0.00000      0.00000
      0.26687      0.00000      0.00000      0.00000
      0.27687      0.00000      0.00000      0.00000
      0.28687      0.00000      0.00000      0.00000
      0.29687      0.00000      0.00000      0.00000
      0.30687      0.00000      0.00000      0.00000
      0.31687      0.00000      0.00000      0.00000
      0.32687      0.00000      0.00000      0.00000
      0.33687      0.00000      0.00000      0.00000
      0.34687      0.00000      0.00000      0.00000
      0.35687      0.00000      0.00000      0.00000
      0.36687      0.00000      0.00000      0.00000
      0.37687      0.00000      0.00000      0.00000
      0.38687      0.00000      0.00000      0.00000
      0.39687      0.00000      0.00000      0.00000
      0.40687      0.00000      0.00000      0.00000
      0.41687      0.00000      0.00000      0.00000
      0.42687      0.00000      0.00000      0.00000
      0.43687      0.00000      0.00000      0.00000
      0.44687      0.00000      0.00000      0.00000
      0.45687      0.00000      0.00000      0.00000
      0.46687      0.00000      0.00000      0.00000
      0.47687      0.00000      0.00000      0.00000
      0.48687      0.00000      0.00000      0.00000
      0.49687      0.00000      0.00000      0.00000
      0.50687      0.00000      0.00000      0.00000
      0.51687      0.00000      0.00000      0.00000
      0.52687      0.00000      0.00000      0.00000
      0.53687      0.00000      0.00000      0.00000
      0.54687      0.00000      0.00000      0.00000
      0.55687      0.00000      0.00000      0.00000
      0.56687      0.00000      0.00000      0.00000
      0.57687      0.00000      0.00000      0.00000
      0.58687      0.00000      0.00000      0.00000
      0.59687      0.00000      0.00000      0.00000
      0.60687      0.00000      0.00000      0.00000
      0.61687      0.00000      0.00000      0.00000
      0.62687      0.00000      0.00000      0.00000
      0.63687      0.00000      0.00000      0.00000
      0.64687      0.00000      0.00000      0.00000
      0.65687      0.00000      0.00000      0.00000
      0.66687      0.00000      0.00000      0.00000
      0.67687      0.00000      0.00000      0.00000
      0.68687      0.00000      0.00000      0.00000
      0.69687      0.00000      0.00000      0.00000
      0.70687      0.00000      0.00000      0.00000
      0.71687      0.00000      0.00000      0.00000
      0.72687      0.00000      0.00000      0.00000
      0.73687      0.00000      0.00000      0.00000
      0.74687      0.00000      0.00000      0.00000
      0.75687      0.00000      0.00000      0.00000
      0.76687      0.00000      0.00000      0.00000
      0.77687      0.00000      0.00000      0.00000
      0.78687      0.00000      0.00000      0.00000
      0.79687      0.00000      0.00000      0.00000
      0.80687      0.00000      0.00000      0.00000
      0.81687      0.00000      0.00000      0.00000
      0.82687      0.00000      0.00000      0.00000
      0.83687      0.00000      0.00000      0.00000
      0.84687      0.00000      0.00000      0.00000
      0.85687      0.00000      0.00000      0.00000
      0.86687      0.00000      0.00000      0.00000
      0.87687      0.00000      0.00000      0.00000
      0.88687      0.00000      0.00000      0.00000
      0.89687      0.00000      0.00000      0.00000
      0.90687      0.00000      0.00000      0.00000
      0.91687      0.00000      0.00000      0.00000
      0.92687      0.00000      0.00000      0.00000
      0.93687      0.00000      0.00000      0.00000
      0.94687      0.00000      0.00000      0.00000
      0.95687      0.00000      0.00000      0.00000
      0.96687      0.00000      0.00000      0.00000
      0.97687      0.00000      0.00000      0.00000
      0.98687      0.00000      0.00000      0.00000
      0.99687      0.00000      0.00000      0.00000
      1.00687      0.00000      0.00000      0.00000
      1.01687      0.00000      0.00000      0.00000
      1.02687      0.00000      0.00000      0.00000
      1.03687      0.00000      0.00000      0.00000
      1.04687      0.00000      0.00000      0.00000
      1.05687      0.00000      0.00000      0.00000
      1.06687      0.00000      0.00000      0.00000
      1.07687      0.00000      0.00000      0.00000
      1.08687      0.00000      0.00000      0.00000
      1.09687      0.00000      0.00000      0.00000
      1.10687      0.00000      0.00000      0.00000
      1.11687      0.00000      0.00000      0.00000
      1.12687      0.00000      0.00000      0.00000
      1.13687      0.00000      0.00000      0.00000
      1.14687      0.00000      0.00000      0.00000
      1.15687      0.00000      0.00000      0.00000
      1.16687      0.00000      0.00000      0.00000
      1.17687      0.00000      0.00000      0.00000
      1.18687      0.00000      0.00000      0.00000
      1.19687      0.00000      0.00000      0.00000
      1.20687      0.00000      0.00000      0.00000
      1.21687      0.00000      0.00000      0.00000
      1.22687      0.00000      0.00000      0.00000
      1.23687      0.00000      0.00000      0.00000
      1.24687      0.00000      0.00000      0.00000
      1.25687      0.00000      0.00000      0.00000
      1.26687      0.00000      0.00000      0.00000
      1.27687      0.00000      0.00000      0.00000
      1.28687      0.00000      0.00000      0.00000
      1.29687      0.00000      0.00000      0.00000
      1.30687      0.00000      0.00000      0.00000
      1.31687      0.00000      0.00000      0.00000
      1.32687      0.00000      0.00000      0.00000
      1.33687      0.00000      0.00000      0.00000
      1.34687      0.00000      0.00000      0.00000
      1.35687      0.00000      0.00000      0.00000
      1.36687      0.00000      0.00000      0.00000
      1.37687      0.00000      0.00000      0.00000
      1.38687      0.00000      0.00000      0.00000
      1.39687      0.00000      0.00000      0.00000
      1.40687      0.00000      0.00000      0.00000
      1.41687      0.00000      0.00000      0.00000
      1.42687      0.00000      0.00000      0.00000
      1.43687      0.00000      0.00000      0.00000
      1.44687      0.00000      0.00000      0.00000
      1.45687      0.00000      0.00000      0.00000
      1.46687      0.00000      0.00000      0.00000
      1.47687      0.00000      0.00000      0.00000
      1.48687      0.00000      0.00000      0.00000
      1.49687      0.00000      0.00000      0.00000
      1.50687      0.00000      0.00000      0.00000
      1.51687      0.00000      0.00000      0.00000
      1.52687      0.00000      0.00000      0.00000
      1.53687      0.00000      0.00000      0.00000
      1.54687      0.00000      0.00000      0.00000
      1.55687      0.00000      0.00000      0.00000
      1.56687      0.00000      0.00000      0.00000
      1.57687      0.00000      0.00000      0.00000
      1.58687      0.00000      0.00000      0.00000
      1.59687      0.00000      0.00000      0.00000
      1.60687      0.00000      0.00000      0.00000
      1.61687      0.00000      0.00000      0.00000
      1.62687      0.00000      0.00000      0.00000
      1.63687      0.00000      0.00000      0.00000
      1.64687      0.00000      0.00000      0.00000
      1.65687      0.00000      0.00000      0.00000
      1.66687      0.00000      0.00000      0.00000
      1.67687      0.00000      0.00000      0.00000
      1.68687      0.00000      0.00000      0.00000
      1.69687      0.00000      0.00000      0.00000
      1.70687      0.00000      0.00000      0.00000
      1.71687      0.00000      0.00000      0.00000
      1.72687      0.00000      0.00000      0.00000
      1.73687      0.00000      0.00000      0.00000
      1.74687      0.00000      0.00000      0.00000
      1.75687      0.00000      0.00000      0.00000
      1.76687      0.00000      0.00000      0.00000
      1.77687      0.00000      0.00000      0.00000
      1.78687      0.00000      0.00000      0.00000
      1.79687      0.00000      0.00000      0.00000
      1.80687      0.00000      0.00000      0.00000
      1.81687      0.00000      0.00000      0.00000
      1.82687      0.00000      0.00000      0.00000
      1.83687      0.00000      0.00000      0.00000
      1.84687      0.00000      0.00000      0.00000
      1.85687      0.00000      0.00000      0.00000
      1.86687      0.00000      0.00000      0.00000
      1.87687      0.00000      0.00000      0.00000
      1.88687      0.00000      0.00000      0.00000
      1.89687      0.00000      0.00000      0.00000
      1.90687      0.00000      0.00000      0.00000
      1.91687      0.00000      0.00000      0.00000
      1.92687      0.00000      0.00000      0.00000
      1.93687      0.00000      0.00000      0.00000
      1.94687      0.00000      0.00000      0.00000
      1.95687      0.00000      0.00000      0.00000
      1.96687      0.00000      0.00000      0.00000
      1.97687      0.00000      0.00000      0.00000
      1.98687      0.00000      0.00000      0.00000
      1.99687      0.00000      0.00000      0.00000
      2.00687      0.00000      0.00000      0.00000
      2.01687      0.00000      0.00000      0.00000
      2.02687      0.00000      0.00000      0.00000
      2.03687      0.00000      0.00000      0.00000
      2.04687      0.00000      0.00000      0.00000
      2.05687      0.00000      0.00000      0.00000
      2.06687      0.00000      0.00000      0.00000
      2.07687      0.00000      0.00000      0.00000
      2.08687      0.00000      0.00000      0.00000
      2.09687      0.00000      0.00000      0.00000
      2.10687      0.00000      0.00000      0.00000
      2.11687      0.00000      0.00000      0.00000
      2.12687      0.00000      0.00000      0.00000
      2.13687      0.00000      0.00000      0.00000
      2.14687      0.00000      0.00000      0.00000
      2.15687      0.00000      0.00000      0.00000
      2.16687      0.00000      0.00000      0.00000
      2.17687      0.00000      0.00000      0.00000
      2.18687      0.00000      0.00000      0.00000
      2.19687      0.00000      0.00000      0.00000
      2.20687      0.00000      0.00000      0.00000
      2.21687      0.00000      0.00000      0.00000
      2.22687      0.00000      0.00000      0.00000
      2.23687      0.00000      0.00000      0.00000
      2.24687      0.00000      0.00000      0.00000
      2.25687      0.00000      0.00000      0.00000
      2.26687      0.00000      0.00000      0.00000
      2.27687      0.00000      0.00000      0.00000
      2.28687      0.00000      0.00000      0.00000
      2.29687      0.00000      0.00000      0.00000
      2.30687      0.00000      0.00000      0.00000
      2.31687      0.00000      0.00000      0.00000
      2.32687      0.00000      0.00000      0.00000
      2.33687      0.00000      0.00000      0.00000
      2.34687      0.00000      0.00000      0.00000
      2.35687      0.00000      0.00000      0.00000
      2.36687      0.00000      0.00000      0.00000
      2.37687      0.00000      0.00000      0.00000
      2.38687      0.00014      0.00012      0.00002
      2.39687      0.00338      0.00284      0.00054
      2.40687      0.03228      0.02710      0.00519
      2.41687      0.13493      0.11326      0.02168
      2.42687      0.28055      0.23547      0.04508
      2.43687      0.36444      0.30586      0.05859
      2.44687      0.39335      0.33005      0.06330
      2.45687      0.40495      0.33971      0.06524
      2.46687      0.41212      0.34569      0.06643
      2.47687      0.41668      0.34942      0.06725
      2.48687      0.43716      0.36638      0.07078
      2.49687      0.44767      0.37506      0.07261
      2.50687      0.45856      0.38421      0.07436
      2.51687      0.46604      0.39039      0.07566
      2.52687      0.45411      0.37996      0.07415
      2.53687      0.50974      0.42607      0.08367
      2.54687      0.51824      0.43323      0.08501
      2.55687      0.52638      0.44011      0.08627
      2.56687      0.52097      0.43526      0.08571
      2.57687      0.51041      0.42568      0.08473
      2.58687      0.57556      0.47865      0.09691
      2.59687      0.65956      0.53963      0.11994
      2.60687      0.86685      0.64391      0.22294
      2.61687      1.49019      0.96124      0.52895
      2.62687      2.26990      1.37229      0.89761
      2.63687      2.71971      1.62591      1.09380
      2.64687      2.90279      1.75029      1.15250
      2.65687      2.98815      1.80187      1.18628
      2.66687      2.98350      1.78153      1.20196
      2.67687      3.00344      1.79268      1.21076
      2.68687      3.18716      1.91885      1.26831
      2.69687      3.37273      2.04826      1.32446
      2.70687      3.43954      2.08981      1.34973
      2.71687      3.44557      2.08809      1.35748
      2.72687      3.53786      2.13392      1.40394
      2.73687      3.84371      2.32941      1.51430
      2.74687      4.03096      2.47604      1.55493
      2.75687      4.04050      2.48309      1.55742
      2.76687      4.26502      2.60278      1.66224
      2.77687      4.62373      2.81509      1.80864
      2.78687      4.96588      3.05649      1.90940
      2.79687      5.26898      3.25257      2.01640
      2.80687      5.81254      3.57343      2.23911
      2.81687      6.77570      4.14350      2.63219
      2.82687      7.43694      4.60303      2.83391
      2.83687      7.25089      4.62153      2.62936
      2.84687      6.63948      4.30520      2.33428
      2.85687      6.03155      3.95750      2.07405
      2.86687      5.82988      3.86830      1.96158
      2.87687      5.67037      3.83324      1.83713
      2.88687      5.61246      3.91198      1.70049
      2.89687      6.09645      4.35922      1.73723
      2.90687      6.73914      4.92640      1.81274
      2.91687      6.92759      5.17486      1.75273
      2.92687      6.69788      5.13754      1.56035
      2.93687      6.68986      5.31634      1.37352
      2.94687      6.91961      5.65313      1.26648
      2.95687      6.06872      4.96528      1.10344
      2.96687      3.66441      2.82302      0.84139
      2.97687      2.04660      1.29673      0.74987
      2.98687      1.74141      0.95994      0.78148
      2.99687      1.70406      0.93674      0.76732
      3.00687      1.83022      1.02392      0.80630
      3.01687      2.00222      1.13012      0.87211
      3.02687      2.21883      1.26447      0.95436
      3.03687      2.45614      1.40054      1.05560
      3.04687      2.66734      1.51799      1.14935
      3.05687      2.92634      1.68487      1.24147
      3.06687      3.19142      1.87210      1.31931
      3.07687      3.50891      2.06271      1.44620
      3.08687      3.95553      2.32867      1.62685
      3.09687      4.69643      2.78837      1.90806
      3.10687      5.79268      3.44437      2.34831
      3.11687      6.41635      3.80992      2.60643
      3.12687      5.93851      3.56886      2.36965
      3.13687      5.22340      3.20877      2.01462
      3.14687      4.81852      3.00398      1.81454
      3.15687      4.51060      2.83135      1.67925
      3.16687      4.32120      2.75190      1.56930
      3.17687      4.29506      2.77819      1.51687
      3.18687      4.21066      2.73478      1.47588
      3.19687      4.03222      2.63643      1.39579
      3.20687      3.92844      2.61764      1.31081
      3.21687      3.84956      2.61117      1.23838
      3.22687      3.67067      2.49852      1.17215
      3.23687      3.55737      2.40467      1.15270
      3.24687      3.61448      2.45820      1.15628
      3.25687      3.57422      2.44967      1.12455
      3.26687      3.49013      2.36299      1.12714
      3.27687      3.93613      2.61262      1.32351
      3.28687      4.75888      3.10416      1.65472
      3.29687      5.13120      3.31787      1.81332
      3.30687      5.12545      3.28987      1.83558
      3.31687      5.30043      3.38521      1.91522
      3.32687      5.79991      3.67846      2.12145
      3.33687      6.12540      3.86765      2.25775
      3.34687      6.35762      4.03178      2.32584
      3.35687      6.65162      4.26840      2.38322
      3.36687      6.61172      4.27151      2.34021
      3.37687      5.92567      3.80681      2.11886
      3.38687      4.92386      3.11423      1.80964
      3.39687      4.43152      2.74991      1.68161
      3.40687      4.24455      2.61252      1.63203
      3.41687      4.26172      2.61312      1.64861
      3.42687      4.21781      2.60144      1.61637
      3.43687      3.81475      2.36189      1.45286
      3.44687      3.59611      2.17447      1.42164
      3.45687      3.40944      2.01326      1.39618
      3.46687      3.28955      1.94879      1.34076
      3.47687      3.52777      2.09561      1.43216
      3.48687      3.49899      2.06697      1.43202
      3.49687      3.19227      1.89460      1.29767
      3.50687      3.16570      1.88088      1.28482
      3.51687      3.10720      1.81438      1.29283
      3.52687      2.82250      1.62778      1.19472
      3.53687      2.83923      1.63954      1.19969
      3.54687      3.16598      1.82858      1.33739
      3.55687      3.05397      1.75133      1.30264
      3.56687      2.69701      1.53556      1.16146
      3.57687      2.77834      1.60426      1.17408
      3.58687      2.98002      1.73216      1.24786
      3.59687      2.63889      1.50956      1.12934
      3.60687      2.18719      1.26064      0.92655
      3.61687      2.35542      1.42826      0.92717
      3.62687      2.58780      1.60464      0.98316
      3.63687      2.15005      1.33657      0.81347
      3.64687      1.83295      1.14351      0.68944
      3.65687      2.00184      1.25848      0.74336
      3.66687      2.21074      1.38561      0.82513
      3.67687      2.05649      1.27258      0.78391
      3.68687      1.84553      1.13333      0.71220
      3.69687      2.13636      1.29509      0.84127
      3.70687      2.45794      1.48234      0.97560
      3.71687      2.13709      1.29765      0.83944
      3.72687      1.93591      1.16666      0.76924
      3.73687      2.10466      1.26569      0.83897
      3.74687      2.23544      1.35424      0.88120
      3.75687      2.02068      1.21665      0.80403
      3.76687      1.74795      1.04092      0.70703
      3.77687      2.06485      1.21626      0.84859
      3.78687      2.95543      1.70001      1.25542
      3.79687      3.31287      1.84714      1.46573
      3.80687      3.04813      1.65554      1.39259
      3.81687      3.17448      1.72174      1.45274
      3.82687      3.61053      1.96252      1.64801
      3.83687      3.70526      1.99068      1.71458
      3.84687      3.70771      1.95473      1.75298
      3.85687      4.33316      2.26272      2.07043
      3.86687      5.23219      2.74941      2.48278
      3.87687      4.75279      2.52919      2.22360
      3.88687      3.51309      1.89449      1.61860
      3.89687      3.06302      1.64471      1.41831
      3.90687      2.97047      1.57740      1.39307
      3.91687      2.88698      1.54446      1.34252
      3.92687      2.86052      1.52716      1.33337
      3.93687      2.89604      1.54311      1.35293
      3.94687      2.97222      1.60050      1.37172
      3.95687      2.95670      1.59543      1.36127
      3.96687      2.74025      1.47474      1.26551
      3.97687      2.34733      1.26714      1.08019
      3.98687      2.13816      1.16062      0.97755
      3.99687      2.36430      1.26897      1.09533
      4.00687      2.64008      1.38980      1.25028
      4.01687      2.46199      1.29905      1.16294
      4.02687      2.16761      1.16475      1.00286
      4.03687      2.29087      1.23406      1.05682
      4.04687      2.44861      1.30889      1.13972
      4.05687      2.12694      1.11972      1.00721
      4.06687      1.69463      0.85700      0.83763
      4.07687      1.66374      0.81274      0.85100
      4.08687      1.81609      0.87886      0.93723
      4.09687      1.78005      0.86640      0.91365
      4.10687      1.55199      0.76143      0.79056
      4.11687      1.54818      0.76339      0.78478
      4.12687      1.78304      0.88317      0.89987
      4.13687      1.86700      0.92923      0.93777
      4.14687      1.55902      0.77017      0.78885
      4.15687      1.40857      0.68145      0.72712
      4.16687      1.67304      0.79818      0.87486
      4.17687      1.73507      0.83407      0.90101
      4.18687      1.44892      0.70745      0.74147
      4.19687      1.37909      0.67502      0.70407
      4.20687      1.68785      0.82542      0.86243
      4.21687      1.81047      0.89246      0.91801
      4.22687      1.44442      0.71204      0.73238
      4.23687      1.27357      0.61424      0.65932
      4.24687      1.70853      0.80947      0.89907
      4.25687      1.77553      0.84579      0.92974
      4.26687      1.33539      0.64703      0.68836
      4.27687      1.25590      0.61235      0.64355
      4.28687      1.65450      0.80509      0.84941
      4.29687      1.77815      0.86884      0.90931
      4.30687      1.33681      0.65273      0.68408
      4.31687      1.26088      0.60328      0.65759
      4.32687      1.72776      0.81490      0.91286
      4.33687      1.74195      0.82669      0.91525
      4.34687      1.35858      0.65500      0.70358
      4.35687      1.34381      0.65314      0.69067
      4.36687      1.61721      0.78554      0.83167
      4.37687      1.46611      0.71030      0.75580
      4.38687      1.28707      0.61930      0.66777
      4.39687      1.60442      0.76260      0.84182
      4.40687      1.78272      0.84100      0.94172
      4.41687      1.54630      0.73326      0.81304
      4.42687      1.42747      0.68888      0.73859
      4.43687      1.57958      0.76576      0.81382
      4.44687      1.44114      0.69429      0.74684
      4.45687      1.26388      0.60478      0.65910
      4.46687      1.50097      0.71411      0.78686
      4.47687      1.77398      0.84057      0.93341
      4.48687      1.82968      0.86893      0.96075
      4.49687      1.72263      0.82412      0.89851
      4.50687      1.47038      0.70723      0.76314
      4.51687      1.31473      0.63104      0.68368
      4.52687      1.51911      0.72450      0.79461
      4.53687      1.73194      0.82258      0.90936
      4.54687      1.70082      0.80975      0.89107
      4.55687      1.81703      0.86823      0.94880
      4.56687      1.93575      0.92405      1.01170
      4.57687      1.72883      0.82578      0.90305
      4.58687      1.66075      0.79303      0.86772
      4.59687      1.87510      0.89247      0.98263
      4.60687      2.09807      1.00179      1.09629
      4.61687      2.25159      1.07931      1.17228
      4.62687      2.31764      1.11071      1.20693
      4.63687      2.26941      1.08441      1.18501
      4.64687      2.13091      1.01574      1.11517
      4.65687      1.82931      0.87368      0.95563
      4.66687      1.54968      0.74051      0.80917
      4.67687      1.41752      0.67528      0.74224
      4.68687      1.36909      0.64941      0.71968
      4.69687      1.35489      0.63608      0.71881
      4.70687      1.29408      0.60307      0.69101
      4.71687      1.15830      0.53853      0.61976
      4.72687      1.07008      0.49683      0.57326
      4.73687      1.19450      0.55474      0.63975
      4.74687      1.26691      0.58942      0.67748
      4.75687      1.28287      0.59749      0.68538
      4.76687      1.54218      0.71750      0.82468
      4.77687      1.88394      0.87461      1.00933
      4.78687      1.92918      0.89453      1.03466
      4.79687      1.97215      0.91604      1.05612
      4.80687      2.21136      1.02951      1.18184
      4.81687      2.46672      1.15001      1.31671
      4.82687      2.83567      1.32528      1.51039
      4.83687      3.18198      1.48953      1.69245
      4.84687      3.41327      1.59742      1.81585
      4.85687      3.91732      1.83308      2.08423
      4.86687      4.88997      2.28628      2.60369
      4.87687      5.81065      2.71883      3.09182
      4.88687      5.67874      2.67072      3.00801
      4.89687      4.82295      2.28094      2.54201
      4.90687      4.23687      2.01253      2.22434
      4.91687      3.85521      1.84169      2.01353
      4.92687      3.36920      1.62311      1.74610
      4.93687      2.92352      1.42890      1.49462
      4.94687      2.48890      1.23551      1.25339
      4.95687      2.24350      1.12268      1.12081
      4.96687      2.20843      1.10923      1.09920
      4.97687      2.17178      1.09572      1.07606
      4.98687      2.02084      1.02410      0.99673
      4.99687      2.01909      1.02956      0.98954
      5.00687      2.15618      1.10709      1.04908
      5.01687      2.06616      1.06541      1.00075
      5.02687      1.93479      1.00086      0.93392
      5.03687      1.94043      1.00836      0.93206
      5.04687      1.85121      0.96504      0.88617
      5.05687      1.72571      0.90468      0.82103
      5.06687      1.87855      0.99438      0.88417
      5.07687      2.03013      1.07980      0.95033
      5.08687      1.82223      0.96990      0.85233
      5.09687      1.57510      0.84236      0.73274
      5.10687      1.51493      0.81447      0.70046
      5.11687      1.58622      0.85791      0.72831
      5.12687      1.86054      1.01540      0.84514
      5.13687      1.72310      0.94395      0.77915
      5.14687      1.39200      0.76381      0.62819
      5.15687      1.36608      0.75399      0.61209
      5.16687      1.36232      0.75597      0.60636
      5.17687      1.44655      0.80781      0.63875
      5.18687      1.53247      0.86137      0.67110
      5.19687      1.34158      0.75650      0.58508
      5.20687      1.18471      0.67027      0.51444
      5.21687      1.17343      0.66739      0.50604
      5.22687      1.17823      0.67356      0.50466
      5.23687      1.26195      0.72520      0.53674
      5.24687      1.23304      0.71159      0.52145
      5.25687      1.06471      0.61648      0.44823
      5.26687      1.02689      0.59702      0.42988
      5.27687      1.02519      0.59854      0.42665
      5.28687      1.05224      0.61724      0.43500
      5.29687      1.09683      0.64571      0.45112
      5.30687      0.96942      0.57243      0.39699
      5.31687      0.89290      0.52936      0.36354
      5.32687      0.93128      0.55424      0.37704
      5.33687      0.96952      0.57901      0.39051
      5.34687      0.92544      0.55448      0.37096
      5.35687      0.85825      0.51591      0.34234
      5.36687      0.84610      0.51034      0.33575
      5.37687      0.86554      0.52386      0.34168
      5.38687      0.86537      0.52531      0.34005
      5.39687      0.80372      0.48934      0.31438
      5.40687      0.79482      0.48558      0.30924
      5.41687      0.81808      0.50123      0.31685
      5.42687      0.77642      0.47706      0.29935
      5.43687      0.76640      0.47239      0.29401
      5.44687      0.76378      0.47208      0.29170
      5.45687      0.72909      0.45188      0.27721
      5.46687      0.62152      0.38605      0.23547
      5.47687      0.36442      0.22667      0.13775
      5.48687      0.11424      0.07111      0.04313
      5.49687      0.01620      0.01009      0.00611
      5.50687      0.00095      0.00059      0.00036
      5.51687      0.00002      0.00001      0.00001
      5.52687      0.00000      0.00000      0.00000
      5.53687      0.00000      0.00000      0.00000
      5.54687      0.00000      0.00000      0.00000
      5.55687      0.00000      0.00000      0.00000
      5.56687      0.00000      0.00000      0.00000
      5.57687      0.00000      0.00000      0.00000
      5.58687      0.00000      0.00000      0.00000
      5.59687      0.00000      0.00000      0.00000
      5.60687      0.00000      0.00000      0.00000
      5.61687      0.00000      0.00000      0.00000
      5.62687      0.00000      0.00000      0.00000
      5.63687      0.00000      0.00000      0.00000
      5.64687      0.00000      0.00000      0.00000
      5.65687      0.00000      0.00000      0.00000
      5.66687      0.00000      0.00000      0.00000
      5.67687      0.00000      0.00000      0.00000
      5.68687      0.00000      0.00000      0.00000
      5.69687      0.00000      0.00000      0.00000
      5.70687      0.00000      0.00000      0.00000
      5.71687      0.00000      0.00000      0.00000
      5.72687      0.00000      0.00000      0.00000
      5.73687      0.00000      0.00000      0.00000
      5.74687      0.00000      0.00000      0.00000
      5.75687      0.00000      0.00000      0.00000
      5.76687      0.00000      0.00000      0.00000
      5.77687      0.00000      0.00000      0.00000
      5.78687      0.00000      0.00000      0.00000
      5.79687      0.00000      0.00000      0.00000
      5.80687      0.00000      0.00000      0.00000
      5.81687      0.00000      0.00000      0.00000
      5.82687      0.00000      0.00000      0.00000
      5.83687      0.00000      0.00000      0.00000
      5.84687      0.00000      0.00000      0.00000
      5.85687      0.00000      0.00000      0.00000
      5.86687      0.00000      0.00000      0.00000
      5.87687      0.00000      0.00000      0.00000
      5.88687      0.00000      0.00000      0.00000
      5.89687      0.00000      0.00000      0.00000
      5.90687      0.00000      0.00000      0.00000
      5.91687      0.00000      0.00000      0.00000
      5.92687      0.00000      0.00000      0.00000
      5.93687      0.00000      0.00000      0.00000
      5.94687      0.00000      0.00000      0.00000
      5.95687      0.00000      0.00000      0.00000
      5.96687      0.00000      0.00000      0.00000
      5.97687      0.00000      0.00000      0.00000
      5.98687      0.00000      0.00000      0.00000
      5.99687      0.00000      0.00000      0.00000
      6.00687      0.00000      0.00000      0.00000
      6.01687      0.00000      0.00000      0.00000
      6.02687      0.00000      0.00000      0.00000
      6.03687      0.00000      0.00000      0.00000
      6.04687      0.00000      0.00000      0.00000
      6.05687      0.00000      0.00000      0.00000
      6.06687      0.00000      0.00000      0.00000
      6.07687      0.00000      0.00000      0.00000
      6.08687      0.00000      0.00000      0.00000
      6.09687      0.00000      0.00000      0.00000
      6.10687      0.00000      0.00000      0.00000
      6.11687      0.00000      0.00000      0.00000
      6.12687      0.00000      0.00000      0.00000
      6.13687      0.00000      0.00000      0.00000
      6.14687      0.00000      0.00000      0.00000
      6.15687      0.00000      0.00000      0.00000
      6.16687      0.00000      0.00000      0.00000
      6.17687      0.00000      0.00000      0.00000
      6.18687      0.00000      0.00000      0.00000
      6.19687      0.00000      0.00000      0.00000
      6.20687      0.00000      0.00000      0.00000
      6.21687      0.00000      0.00000      0.00000
      6.22687      0.00000      0.00000      0.00000
      6.23687      0.00000      0.00000      0.00000
      6.24687      0.00000      0.00000      0.00000
      6.25687      0.00000      0.00000      0.00000
      6.26687      0.00000      0.00000      0.00000
      6.27687      0.00000      0.00000      0.00000
      6.28687      0.00000      0.00000      0.00000
      6.29687      0.00000      0.00000      0.00000
      6.30687      0.00000      0.00000      0.00000
      6.31687      0.00000      0.00000      0.00000
      6.32687      0.00000      0.00000      0.00000
      6.33687      0.00000      0.00000      0.00000
      6.34687      0.00000      0.00000      0.00000
      6.35687      0.00000      0.00000      0.00000
      6.36687      0.00000      0.00000      0.00000
      6.37687      0.00000      0.00000      0.00000
      6.38687      0.00000      0.00000      0.00000
      6.39687      0.00000      0.00000      0.00000
      6.40687      0.00000      0.00000      0.00000
      6.41687      0.00000      0.00000      0.00000
      6.42687      0.00000      0.00000      0.00000
      6.43687      0.00000      0.00000      0.00000
      6.44687      0.00000      0.00000      0.00000
      6.45687      0.00000      0.00000      0.00000
      6.46687      0.00000      0.00000      0.00000
      6.47687      0.00000      0.00000      0.00000
      6.48687      0.00000      0.00000      0.00000
      6.49687      0.00000      0.00000      0.00000
      6.50687      0.00000      0.00000      0.00000
      6.51687      0.00000      0.00000      0.00000
      6.52687      0.00000      0.00000      0.00000
      6.53687      0.00000      0.00000      0.00000
      6.54687      0.00000      0.00000      0.00000
      6.55687      0.00000      0.00000      0.00000
      6.56687      0.00000      0.00000      0.00000
      6.57687      0.00000      0.00000      0.00000
      6.58687      0.00000      0.00000      0.00000
      6.59687      0.00000      0.00000      0.00000
      6.60687      0.00000      0.00000      0.00000
      6.61687      0.00000      0.00000      0.00000
      6.62687      0.00000      0.00000      0.00000
      6.63687      0.00000      0.00000      0.00000
      6.64687      0.00000      0.00000      0.00000
      6.65687      0.00000      0.00000      0.00000
      6.66687      0.00000      0.00000      0.00000
      6.67687      0.00000      0.00000      0.00000
      6.68687      0.00000      0.00000      0.00000
      6.69687      0.00000      0.00000      0.00000
      6.70687      0.00000      0.00000      0.00000
      6.71687      0.00000      0.00000      0.00000
      6.72687      0.00000      0.00000      0.00000
      6.73687      0.00000      0.00000      0.00000
      6.74687      0.00000      0.00000      0.00000
      6.75687      0.00000      0.00000      0.00000
      6.76687      0.00000      0.00000      0.00000
      6.77687      0.00000      0.00000      0.00000
      6.78687      0.00000      0.00000      0.00000
      6.79687      0.00000      0.00000      0.00000
      6.80687      0.00000      0.00000      0.00000
      6.81687      0.00000      0.00000      0.00000
      6.82687      0.00000      0.00000      0.00000
      6.83687      0.00000      0.00000      0.00000
      6.84687      0.00000      0.00000      0.00000
      6.85687      0.00000      0.00000      0.00000
      6.86687      0.00000      0.00000      0.00000
      6.87687      0.00000      0.00000      0.00000
      6.88687      0.00000      0.00000      0.00000
      6.89687      0.00000      0.00000      0.00000
      6.90687      0.00000      0.00000      0.00000
      6.91687      0.00000      0.00000      0.00000
      6.92687      0.00000      0.00000      0.00000
      6.93687      0.00000      0.00000      0.00000
      6.94687      0.00000      0.00000      0.00000
      6.95687      0.00000      0.00000      0.00000
      6.96687      0.00000      0.00000      0.00000
      6.97687      0.00000      0.00000      0.00000
      6.98687      0.00000      0.00000      0.00000
      6.99687      0.00000      0.00000      0.00000
      7.00687      0.00000      0.00000      0.00000
      7.01687      0.00000      0.00000      0.00000
      7.02687      0.00000      0.00000      0.00000
      7.03687      0.00000      0.00000      0.00000
      7.04687      0.00000      0.00000      0.00000
      7.05687      0.00000      0.00000      0.00000
      7.06687      0.00000      0.00000      0.00000
      7.07687      0.00000      0.00000      0.00000
      7.08687      0.00000      0.00000      0.00000
      7.09687      0.00000      0.00000      0.00000
      7.10687      0.00000      0.00000      0.00000
      7.11687      0.00000      0.00000      0.00000
      7.12687      0.00000      0.00000      0.00000
      7.13687      0.00000      0.00000      0.00000
      7.14687      0.00000      0.00000      0.00000
      7.15687      0.00000      0.00000      0.00000
      7.16687      0.00000      0.00000      0.00000
      7.17687      0.00000      0.00000      0.00000
      7.18687      0.00000      0.00000      0.00000
      7.19687      0.00008      0.00002      0.00006
      7.20687      0.00243      0.00059      0.00183
      7.21687      0.02881      0.00706      0.02175
      7.22687      0.14067      0.03449      0.10618
      7.23687      0.32226      0.07902      0.24324
      7.24687      0.45381      0.11131      0.34250
      7.25687      0.51537      0.12645      0.38892
      7.26687      0.49488      0.12148      0.37340
      7.27687      0.44897      0.11024      0.33873
      7.28687      0.51736      0.12708      0.39028
      7.29687      0.57824      0.14213      0.43612
      7.30687      0.51702      0.12711      0.38990
      7.31687      0.48215      0.11854      0.36361
      7.32687      0.44111      0.10853      0.33259
      7.33687      0.49349      0.12161      0.37188
      7.34687      0.62842      0.15477      0.47364
      7.35687      0.59499      0.14642      0.44858
      7.36687      0.48941      0.12055      0.36885
      7.37687      0.51779      0.12778      0.39001
      7.38687      0.51021      0.12604      0.38417
      7.39687      0.43783      0.10808      0.32975
      7.40687      0.53639      0.13239      0.40400
      7.41687      0.67003      0.16544      0.50460
