Energy-E_F (eV)    DOS (1/eV)    PDOS (1/eV)  of atom type Mo S  
     -5.28767      2.19676      0.59554      1.60122
     -5.27767      2.03453      0.56634      1.46819
     -5.26767      1.86947      0.54558      1.32389
     -5.25767      2.11243      0.64803      1.46440
     -5.24767      2.64979      0.84719      1.80259
     -5.23767      2.89261      0.98029      1.91232
     -5.22767      2.36217      0.83478      1.52739
     -5.21767      1.35499      0.45954      0.89544
     -5.20767      0.86742      0.25378      0.61363
     -5.19767      0.74202      0.20486      0.53715
     -5.18767      0.72744      0.19677      0.53067
     -5.17767      0.93788      0.25191      0.68598
     -5.16767      0.96776      0.27027      0.69748
     -5.15767      1.15518      0.33572      0.81946
     -5.14767      1.16299      0.33256      0.83043
     -5.13767      0.67107      0.18755      0.48353
     -5.12767      0.42217      0.12682      0.29535
     -5.11767      0.86005      0.26934      0.59071
     -5.10767      1.11477      0.34263      0.77214
     -5.09767      0.94704      0.28134      0.66570
     -5.08767      1.54610      0.46278      1.08332
     -5.07767      2.19165      0.67316      1.51849
     -5.06767      1.52814      0.48153      1.04661
     -5.05767      0.60351      0.19539      0.40812
     -5.04767      0.53244      0.16413      0.36831
     -5.03767      0.79322      0.23546      0.55775
     -5.02767      0.61076      0.17830      0.43246
     -5.01767      0.47890      0.14749      0.33140
     -5.00767      0.75791      0.23769      0.52022
     -4.99767      0.94569      0.28425      0.66144
     -4.98767      1.01702      0.29695      0.72007
     -4.97767      1.20458      0.35973      0.84485
     -4.96767      0.98162      0.30369      0.67793
     -4.95767      0.59398      0.19704      0.39694
     -4.94767      0.63806      0.22172      0.41634
     -4.93767      0.77840      0.26435      0.51404
     -4.92767      1.27756      0.42106      0.85650
     -4.91767      1.54671      0.51212      1.03459
     -4.90767      1.10846      0.36886      0.73960
     -4.89767      0.75384      0.24241      0.51143
     -4.88767      0.44106      0.13767      0.30339
     -4.87767      0.28077      0.08302      0.19775
     -4.86767      0.56721      0.16159      0.40563
     -4.85767      0.85013      0.23870      0.61143
     -4.84767      0.74789      0.20662      0.54127
     -4.83767      0.35528      0.09743      0.25785
     -4.82767      0.14124      0.04145      0.09979
     -4.81767      0.44813      0.14138      0.30675
     -4.80767      1.03961      0.33038      0.70923
     -4.79767      0.94802      0.30110      0.64692
     -4.78767      0.48106      0.14575      0.33531
     -4.77767      0.31108      0.08711      0.22397
     -4.76767      0.18555      0.05314      0.13240
     -4.75767      0.34001      0.11133      0.22868
     -4.74767      0.93146      0.31052      0.62094
     -4.73767      1.05463      0.35159      0.70304
     -4.72767      0.67430      0.21418      0.46013
     -4.71767      0.84894      0.24641      0.60253
     -4.70767      1.05805      0.30295      0.75511
     -4.69767      0.83211      0.24669      0.58541
     -4.68767      0.67391      0.21343      0.46048
     -4.67767      0.40557      0.13135      0.27422
     -4.66767      0.10709      0.03474      0.07235
     -4.65767      0.05370      0.01637      0.03734
     -4.64767      0.32540      0.09899      0.22642
     -4.63767      0.92366      0.28528      0.63838
     -4.62767      1.00117      0.31412      0.68705
     -4.61767      0.42390      0.13530      0.28860
     -4.60767      0.17097      0.05774      0.11322
     -4.59767      0.41532      0.14362      0.27170
     -4.58767      0.71478      0.24386      0.47093
     -4.57767      0.99563      0.32952      0.66610
     -4.56767      1.47446      0.47645      0.99801
     -4.55767      1.64483      0.51033      1.13450
     -4.54767      1.14512      0.34103      0.80410
     -4.53767      0.38578      0.11257      0.27321
     -4.52767      0.05298      0.01534      0.03765
     -4.51767      0.00292      0.00084      0.00208
     -4.50767      0.00519      0.00157      0.00362
     -4.49767      0.07547      0.02283      0.05264
     -4.48767      0.44981      0.13678      0.31303
     -4.47767      1.27994      0.39786      0.88208
     -4.46767      2.26289      0.73681      1.52608
     -4.45767      2.94889      1.01245      1.93644
     -4.44767      3.35847      1.18777      2.17070
     -4.43767      3.71031      1.30911      2.40120
     -4.42767      3.59213      1.26042      2.33170
     -4.41767      3.21635      1.11856      2.09779
     -4.40767      3.55696      1.18665      2.37031
     -4.39767      5.00639      1.60725      3.39914
     -4.38767      6.09155      1.92309      4.16846
     -4.37767      5.94729      1.84822      4.09907
     -4.36767      5.78858      1.73889      4.04969
     -4.35767      5.39106      1.55753      3.83352
     -4.34767      5.80734      1.66632      4.14102
     -4.33767      6.24175      1.81343      4.42831
     -4.32767      5.75326      1.68683      4.06642
     -4.31767      6.22754      1.84306      4.38448
     -4.30767      6.41233      1.87628      4.53605
     -4.29767      6.05961      1.72791      4.33170
     -4.28767      6.05122      1.73794      4.31328
     -4.27767      5.55239      1.63274      3.91965
     -4.26767      4.54642      1.33508      3.21134
     -4.25767      4.52858      1.29862      3.22996
     -4.24767      5.76156      1.64933      4.11223
     -4.23767      6.77039      1.95607      4.81432
     -4.22767      6.71934      1.91971      4.79963
     -4.21767      5.61148      1.60868      4.00280
     -4.20767      4.72975      1.40528      3.32447
     -4.19767      4.01713      1.18597      2.83116
     -4.18767      3.75637      1.06616      2.69020
     -4.17767      4.00964      1.12357      2.88607
     -4.16767      3.97573      1.10590      2.86983
     -4.15767      3.27131      0.89356      2.37775
     -4.14767      2.81500      0.80466      2.01034
     -4.13767      2.64314      0.82368      1.81947
     -4.12767      2.55831      0.76174      1.79656
     -4.11767      2.75447      0.72689      2.02759
     -4.10767      2.45729      0.63546      1.82182
     -4.09767      1.99733      0.54994      1.44739
     -4.08767      1.94542      0.52465      1.42076
     -4.07767      2.14842      0.57961      1.56880
     -4.06767      2.39480      0.72891      1.66589
     -4.05767      2.25767      0.76981      1.48786
     -4.04767      1.98637      0.70880      1.27756
     -4.03767      1.91940      0.66392      1.25547
     -4.02767      1.82803      0.63891      1.18912
     -4.01767      1.31132      0.46980      0.84152
     -4.00767      1.12266      0.38658      0.73608
     -3.99767      1.20012      0.40250      0.79762
     -3.98767      0.77821      0.24522      0.53300
     -3.97767      0.40376      0.11541      0.28834
     -3.96767      0.57545      0.19550      0.37994
     -3.95767      1.47838      0.51656      0.96183
     -3.94767      1.89519      0.64692      1.24827
     -3.93767      1.48940      0.50279      0.98661
     -3.92767      1.28735      0.43588      0.85147
     -3.91767      0.77778      0.25989      0.51789
     -3.90767      0.34369      0.11159      0.23210
     -3.89767      0.57107      0.19300      0.37807
     -3.88767      0.94563      0.35493      0.59070
     -3.87767      1.11023      0.43576      0.67447
     -3.86767      1.31872      0.46726      0.85146
     -3.85767      1.71822      0.59097      1.12725
     -3.84767      2.00703      0.73698      1.27005
     -3.83767      2.00748      0.73062      1.27686
     -3.82767      1.83458      0.61551      1.21907
     -3.81767      1.41695      0.48881      0.92814
     -3.80767      0.80605      0.28771      0.51834
     -3.79767      0.66194      0.18134      0.48060
     -3.78767      0.83020      0.21265      0.61755
     -3.77767      0.82632      0.23858      0.58775
     -3.76767      0.82991      0.26690      0.56301
     -3.75767      0.80266      0.28763      0.51504
     -3.74767      0.67397      0.26476      0.40921
     -3.73767      0.59779      0.25729      0.34050
     -3.72767      0.97116      0.38923      0.58194
     -3.71767      1.47912      0.48765      0.99147
     -3.70767      1.88493      0.56843      1.31650
     -3.69767      2.80624      0.88902      1.91721
     -3.68767      4.31737      1.44074      2.87663
     -3.67767      4.37998      1.49116      2.88882
     -3.66767      3.08753      0.99231      2.09522
     -3.65767      2.95070      0.85816      2.09254
     -3.64767      3.31779      0.96578      2.35201
     -3.63767      2.21299      0.65406      1.55893
     -3.62767      1.27822      0.38896      0.88927
     -3.61767      2.45912      0.77717      1.68195
     -3.60767      4.51400      1.42034      3.09366
     -3.59767      5.12306      1.58332      3.53974
     -3.58767      4.36593      1.35992      3.00601
     -3.57767      3.87423      1.24963      2.62460
     -3.56767      3.87770      1.27809      2.59961
     -3.55767      3.52822      1.15591      2.37231
     -3.54767      3.54534      1.19306      2.35228
     -3.53767      4.69387      1.61587      3.07799
     -3.52767      6.51453      2.07852      4.43601
     -3.51767      7.91463      2.38183      5.53280
     -3.50767      6.04509      1.86163      4.18347
     -3.49767      3.89334      1.28772      2.60562
     -3.48767      4.35829      1.47366      2.88463
     -3.47767      4.56051      1.52644      3.03406
     -3.46767      4.39167      1.44813      2.94354
     -3.45767      4.34326      1.42546      2.91780
     -3.44767      4.52517      1.43380      3.09138
     -3.43767      4.74425      1.49190      3.25235
     -3.42767      4.73517      1.54899      3.18618
     -3.41767      5.52667      1.90193      3.62475
     -3.40767      6.34465      2.30385      4.04080
     -3.39767      4.74415      1.79494      2.94921
     -3.38767      2.72742      1.02088      1.70653
     -3.37767      3.25000      1.14444      2.10556
     -3.36767      4.19125      1.48517      2.70609
     -3.35767      4.12209      1.47743      2.64466
     -3.34767      3.82854      1.46050      2.36804
     -3.33767      2.74851      1.14874      1.59976
     -3.32767      1.26324      0.54970      0.71354
     -3.31767      1.15432      0.46206      0.69226
     -3.30767      2.21503      0.86392      1.35110
     -3.29767      2.64187      1.07048      1.57139
     -3.28767      2.12909      0.91519      1.21391
     -3.27767      2.12751      0.90356      1.22395
     -3.26767      2.52409      1.08284      1.44125
     -3.25767      2.38859      1.08596      1.30263
     -3.24767      1.82369      0.84259      0.98110
     -3.23767      1.26253      0.55826      0.70427
     -3.22767      1.18245      0.46510      0.71735
     -3.21767      1.41165      0.45588      0.95577
     -3.20767      1.95986      0.56130      1.39856
     -3.19767      2.37934      0.77718      1.60216
     -3.18767      2.44455      0.98652      1.45803
     -3.17767      2.27560      0.93486      1.34074
     -3.16767      1.43287      0.52803      0.90483
     -3.15767      0.63616      0.21759      0.41857
     -3.14767      1.00720      0.37240      0.63480
     -3.13767      2.18758      0.87088      1.31669
     -3.12767      2.75485      1.18086      1.57399
     -3.11767      2.27266      1.02308      1.24959
     -3.10767      1.38979      0.64246      0.74733
     -3.09767      0.81765      0.36900      0.44865
     -3.08767      0.48841      0.19371      0.29470
     -3.07767      0.47388      0.15287      0.32101
     -3.06767      0.90139      0.29153      0.60985
     -3.05767      1.48816      0.55678      0.93138
     -3.04767      2.03981      0.89269      1.14712
     -3.03767      2.00661      0.94585      1.06076
     -3.02767      1.42443      0.66849      0.75594
     -3.01767      1.33631      0.59926      0.73705
     -3.00767      1.56908      0.68252      0.88656
     -2.99767      1.42659      0.56858      0.85802
     -2.98767      1.43411      0.47983      0.95428
     -2.97767      2.00081      0.60243      1.39837
     -2.96767      2.45659      0.70925      1.74734
     -2.95767      2.38800      0.71933      1.66866
     -2.94767      2.28952      0.79624      1.49328
     -2.93767      2.14047      0.80134      1.33913
     -2.92767      2.21470      0.87899      1.33571
     -2.91767      2.13736      0.84950      1.28785
     -2.90767      1.36795      0.47319      0.89476
     -2.89767      0.67178      0.18714      0.48464
     -2.88767      0.22054      0.05850      0.16204
     -2.87767      0.15984      0.07127      0.08857
     -2.86767      0.73489      0.32190      0.41299
     -2.85767      1.99720      0.80514      1.19205
     -2.84767      2.69307      1.07803      1.61504
     -2.83767      2.00237      0.88046      1.12191
     -2.82767      1.03125      0.52684      0.50441
     -2.81767      0.36229      0.20258      0.15971
     -2.80767      0.09072      0.04480      0.04593
     -2.79767      0.24963      0.08138      0.16825
     -2.78767      0.97436      0.33952      0.63484
     -2.77767      1.84706      0.71063      1.13642
     -2.76767      1.72687      0.72647      1.00041
     -2.75767      1.13643      0.48580      0.65064
     -2.74767      1.32416      0.54256      0.78161
     -2.73767      1.67165      0.67307      0.99859
     -2.72767      1.90387      0.70276      1.20111
     -2.71767      1.98156      0.68341      1.29815
     -2.70767      1.73738      0.59745      1.13992
     -2.69767      1.59072      0.61009      0.98063
     -2.68767      1.83930      0.74421      1.09509
     -2.67767      2.19683      0.86574      1.33109
     -2.66767      2.11388      0.82816      1.28572
     -2.65767      1.49405      0.63522      0.85884
     -2.64767      1.09382      0.51866      0.57517
     -2.63767      1.15182      0.58485      0.56697
     -2.62767      1.11835      0.58888      0.52946
     -2.61767      0.58358      0.31077      0.27282
     -2.60767      0.57325      0.29355      0.27970
     -2.59767      1.31292      0.65149      0.66143
     -2.58767      1.93607      0.89011      1.04597
     -2.57767      2.27236      0.89960      1.37276
     -2.56767      2.24407      0.76904      1.47503
     -2.55767      1.93735      0.69060      1.24674
     -2.54767      1.99353      0.82877      1.16476
     -2.53767      1.75535      0.77078      0.98457
     -2.52767      1.36916      0.63463      0.73452
     -2.51767      1.73861      0.80499      0.93362
     -2.50767      1.76937      0.71396      1.05541
     -2.49767      2.11892      0.64703      1.47188
     -2.48767      3.81609      1.05449      2.76160
     -2.47767      4.61962      1.33371      3.28591
     -2.46767      3.94101      1.27840      2.66261
     -2.45767      3.06997      1.04137      2.02860
     -2.44767      2.49435      0.84310      1.65125
     -2.43767      1.97811      0.67186      1.30624
     -2.42767      2.25405      0.74411      1.50994
     -2.41767      2.95624      1.00648      1.94976
     -2.40767      2.51210      0.91290      1.59921
     -2.39767      1.97757      0.70518      1.27238
     -2.38767      1.56030      0.50308      1.05722
     -2.37767      1.30319      0.46452      0.83867
     -2.36767      1.84555      0.75013      1.09542
     -2.35767      3.05955      1.10444      1.95511
     -2.34767      4.78047      1.42643      3.35404
     -2.33767      6.33193      1.65661      4.67532
     -2.32767      7.07030      1.75361      5.31669
     -2.31767      7.44616      1.86689      5.57927
     -2.30767      6.12141      1.56223      4.55918
     -2.29767      4.58114      1.20629      3.37485
     -2.28767      4.47517      1.29044      3.18473
     -2.27767      5.04467      1.57140      3.47326
     -2.26767      5.97954      1.63689      4.34266
     -2.25767      6.43094      1.47323      4.95771
     -2.24767      5.32326      1.24092      4.08234
     -2.23767      3.82958      1.05195      2.77763
     -2.22767      3.39250      0.98984      2.40266
     -2.21767      3.66245      0.98934      2.67311
     -2.20767      3.33581      0.85916      2.47665
     -2.19767      3.55735      1.05555      2.50181
     -2.18767      4.92420      1.61510      3.30909
     -2.17767      5.45374      1.59168      3.86206
     -2.16767      4.82937      1.17423      3.65514
     -2.15767      4.31462      1.11216      3.20246
     -2.14767      3.97423      1.24847      2.72576
     -2.13767      3.39852      1.15864      2.23987
     -2.12767      3.06483      0.91192      2.15292
     -2.11767      2.95063      0.81234      2.13828
     -2.10767      2.53626      0.75766      1.77860
     -2.09767      2.79604      0.85406      1.94198
     -2.08767      3.42929      1.02284      2.40645
     -2.07767      3.03156      0.88518      2.14638
     -2.06767      3.21993      0.98087      2.23906
     -2.05767      5.62830      1.75448      3.87382
     -2.04767      7.58010      2.33201      5.24809
     -2.03767      7.04133      1.99516      5.04617
     -2.02767      5.33528      1.26872      4.06656
     -2.01767      4.14244      0.78419      3.35825
     -2.00767      3.42350      0.62156      2.80194
     -1.99767      2.66603      0.59300      2.07304
     -1.98767      2.09212      0.52829      1.56383
     -1.97767      1.57845      0.44716      1.13129
     -1.96767      1.53350      0.51866      1.01484
     -1.95767      1.88778      0.54000      1.34778
     -1.94767      2.30096      0.54572      1.75524
     -1.93767      2.38953      0.68487      1.70466
     -1.92767      2.06159      0.62974      1.43185
     -1.91767      1.99663      0.47344      1.52319
     -1.90767      2.61208      0.59092      2.02116
     -1.89767      3.17612      0.73450      2.44162
     -1.88767      2.54903      0.52056      2.02847
     -1.87767      1.56861      0.28987      1.27874
     -1.86767      1.70798      0.38431      1.32366
     -1.85767      2.72124      0.64390      2.07734
     -1.84767      3.69597      0.86076      2.83521
     -1.83767      4.30819      1.01416      3.29404
     -1.82767      4.23862      0.98902      3.24960
     -1.81767      3.18863      0.83197      2.35666
     -1.80767      2.58329      0.77061      1.81269
     -1.79767      1.78034      0.48303      1.29731
     -1.78767      1.05400      0.19565      0.85836
     -1.77767      1.03634      0.20371      0.83263
     -1.76767      1.65960      0.37945      1.28015
     -1.75767      2.43708      0.52802      1.90907
     -1.74767      2.64561      0.51389      2.13172
     -1.73767      2.59268      0.47078      2.12190
     -1.72767      2.23280      0.42485      1.80796
     -1.71767      1.76650      0.35700      1.40950
     -1.70767      2.07332      0.43959      1.63373
     -1.69767      2.09593      0.50742      1.58850
     -1.68767      2.42767      0.64451      1.78316
     -1.67767      3.56853      0.74509      2.82345
     -1.66767      3.70927      0.60585      3.10342
     -1.65767      3.38430      0.60494      2.77936
     -1.64767      3.03152      0.70547      2.32605
     -1.63767      2.36029      0.61834      1.74196
     -1.62767      2.20125      0.48167      1.71958
     -1.61767      2.29580      0.43880      1.85700
     -1.60767      1.99900      0.33519      1.66381
     -1.59767      2.20060      0.30818      1.89242
     -1.58767      3.24841      0.50595      2.74246
     -1.57767      3.39787      0.55724      2.84063
     -1.56767      2.11022      0.31487      1.79535
     -1.55767      1.43853      0.13883      1.29970
     -1.54767      1.67601      0.13982      1.53620
     -1.53767      1.77385      0.19246      1.58139
     -1.52767      1.93529      0.25943      1.67586
     -1.51767      2.71321      0.39826      2.31495
     -1.50767      3.56901      0.49261      3.07639
     -1.49767      4.19844      0.48827      3.71017
     -1.48767      3.61329      0.38213      3.23116
     -1.47767      2.89494      0.30809      2.58685
     -1.46767      3.08666      0.37587      2.71079
     -1.45767      2.80784      0.35971      2.44813
     -1.44767      2.60580      0.28196      2.32384
     -1.43767      2.46149      0.23358      2.22791
     -1.42767      2.21943      0.22929      1.99014
     -1.41767      2.84997      0.29034      2.55962
     -1.40767      3.07484      0.26978      2.80505
     -1.39767      2.68064      0.23442      2.44622
     -1.38767      2.17922      0.22670      1.95252
     -1.37767      1.91829      0.19119      1.72710
     -1.36767      1.57824      0.14470      1.43354
     -1.35767      1.16896      0.13492      1.03403
     -1.34767      0.96449      0.13497      0.82952
     -1.33767      1.08325      0.15331      0.92994
     -1.32767      1.00914      0.14104      0.86810
     -1.31767      0.61716      0.08718      0.52998
     -1.30767      0.25151      0.03618      0.21533
     -1.29767      0.09424      0.01261      0.08163
     -1.28767      0.18189      0.02169      0.16020
     -1.27767      0.27679      0.03281      0.24398
     -1.26767      0.15886      0.01883      0.14003
     -1.25767      0.03356      0.00398      0.02958
     -1.24767      0.00261      0.00031      0.00230
     -1.23767      0.00007      0.00001      0.00007
     -1.22767      0.00000      0.00000      0.00000
     -1.21767      0.00000      0.00000      0.00000
     -1.20767      0.00000      0.00000      0.00000
     -1.19767      0.00000      0.00000      0.00000
     -1.18767      0.00000      0.00000      0.00000
     -1.17767      0.00000      0.00000      0.00000
     -1.16767      0.00000      0.00000      0.00000
     -1.15767      0.00000      0.00000      0.00000
     -1.14767      0.00000      0.00000      0.00000
     -1.13767      0.00000      0.00000      0.00000
     -1.12767      0.00000      0.00000      0.00000
     -1.11767      0.00000      0.00000      0.00000
     -1.10767      0.00000      0.00000      0.00000
     -1.09767      0.00000      0.00000      0.00000
     -1.08767      0.00000      0.00000      0.00000
     -1.07767      0.00000      0.00000      0.00000
     -1.06767      0.00000      0.00000      0.00000
     -1.05767      0.00000      0.00000      0.00000
     -1.04767      0.00026      0.00019      0.00008
     -1.03767      0.00696      0.00489      0.00207
     -1.02767      0.07211      0.05063      0.02148
     -1.01767      0.32789      0.22974      0.09815
     -1.00767      0.80969      0.56551      0.24418
     -0.99767      1.37214      0.95563      0.41651
     -0.98767      1.62600      1.13168      0.49432
     -0.97767      1.32229      0.91984      0.40245
     -0.96767      1.29160      0.88806      0.40355
     -0.95767      1.69312      1.15308      0.54004
     -0.94767      1.53009      1.04028      0.48981
     -0.93767      1.31563      0.88611      0.42952
     -0.92767      1.97547      1.31835      0.65712
     -0.91767      2.50140      1.67982      0.82157
     -0.90767      2.45018      1.65785      0.79233
     -0.89767      2.26869      1.53992      0.72877
     -0.88767      1.96298      1.34244      0.62053
     -0.87767      1.96329      1.35077      0.61252
     -0.86767      2.94009      1.98665      0.95344
     -0.85767      3.69334      2.45947      1.23387
     -0.84767      3.92359      2.64355      1.28004
     -0.83767      4.15402      2.85141      1.30260
     -0.82767      4.68079      3.22331      1.45748
     -0.81767      5.24407      3.60173      1.64234
     -0.80767      5.38346      3.68385      1.69961
     -0.79767      4.21547      2.84304      1.37243
     -0.78767      3.20806      2.13496      1.07310
     -0.77767      3.31865      2.21483      1.10382
     -0.76767      3.25187      2.14626      1.10561
     -0.75767      2.91707      1.89085      1.02622
     -0.74767      2.86965      1.84756      1.02210
     -0.73767      3.57504      2.32164      1.25340
     -0.72767      4.48965      3.00109      1.48856
     -0.71767      3.54637      2.42517      1.12120
     -0.70767      1.71038      1.15650      0.55388
     -0.69767      1.56432      0.98712      0.57719
     -0.68767      2.16094      1.37051      0.79043
     -0.67767      2.27275      1.50923      0.76352
     -0.66767      2.82344      1.91698      0.90646
     -0.65767      3.00528      1.98730      1.01798
     -0.64767      2.42284      1.54270      0.88014
     -0.63767      2.06985      1.29817      0.77167
     -0.62767      1.96739      1.24900      0.71838
     -0.61767      1.96715      1.29780      0.66935
     -0.60767      2.85373      1.94643      0.90730
     -0.59767      3.49173      2.41828      1.07344
     -0.58767      2.80016      1.91423      0.88593
     -0.57767      2.08394      1.35039      0.73356
     -0.56767      1.57612      1.00357      0.57255
     -0.55767      0.88306      0.57496      0.30811
     -0.54767      1.10473      0.73011      0.37462
     -0.53767      2.19612      1.46655      0.72957
     -0.52767      2.72702      1.84971      0.87731
     -0.51767      2.75516      1.85938      0.89578
     -0.50767      2.51351      1.67021      0.84329
     -0.49767      1.85469      1.22672      0.62797
     -0.48767      1.14480      0.75868      0.38612
     -0.47767      0.86657      0.58042      0.28615
     -0.46767      1.24407      0.84924      0.39484
     -0.45767      2.37282      1.64357      0.72925
     -0.44767      3.27484      2.30376      0.97108
     -0.43767      2.99280      2.11514      0.87766
     -0.42767      2.04256      1.41177      0.63078
     -0.41767      1.52965      1.02701      0.50264
     -0.40767      1.00387      0.67133      0.33255
     -0.39767      0.79738      0.54542      0.25196
     -0.38767      1.25385      0.86449      0.38936
     -0.37767      1.63794      1.13132      0.50662
     -0.36767      2.03324      1.41880      0.61443
     -0.35767      2.09642      1.46772      0.62869
     -0.34767      1.77805      1.23208      0.54597
     -0.33767      1.48514      1.01975      0.46539
     -0.32767      1.02641      0.71127      0.31514
     -0.31767      1.10549      0.78860      0.31689
     -0.30767      1.52259      1.07936      0.44324
     -0.29767      1.64085      1.14509      0.49576
     -0.28767      1.63236      1.15628      0.47608
     -0.27767      1.72747      1.24949      0.47799
     -0.26767      1.92993      1.38935      0.54059
     -0.25767      1.74423      1.22576      0.51847
     -0.24767      1.54605      1.05711      0.48894
     -0.23767      1.40912      0.97262      0.43650
     -0.22767      1.14875      0.79661      0.35215
     -0.21767      1.06875      0.72503      0.34372
     -0.20767      1.34137      0.92783      0.41354
     -0.19767      1.61342      1.14121      0.47221
     -0.18767      1.67214      1.17066      0.50148
     -0.17767      1.66843      1.12701      0.54142
     -0.16767      1.60944      1.08897      0.52047
     -0.15767      1.36473      0.94054      0.42419
     -0.14767      0.98766      0.66732      0.32034
     -0.13767      1.19429      0.80084      0.39345
     -0.12767      1.47134      1.02608      0.44526
     -0.11767      1.37097      0.99117      0.37979
     -0.10767      1.23907      0.91116      0.32792
     -0.09767      1.06319      0.79046      0.27273
     -0.08767      0.64329      0.48853      0.15477
     -0.07767      0.20149      0.15583      0.04566
     -0.06767      0.09057      0.07170      0.01887
     -0.05767      0.29956      0.23842      0.06114
     -0.04767      0.53382      0.42482      0.10901
     -0.03767      0.42249      0.33637      0.08612
     -0.02767      0.37322      0.29822      0.07500
     -0.01767      0.55430      0.44362      0.11069
     -0.00767      0.40276      0.32237      0.08039
      0.00233      0.10963      0.08775      0.02188
      0.01233      0.01099      0.00880      0.00219
      0.02233      0.00041      0.00032      0.00008
      0.03233      0.00001      0.00000      0.00000
      0.04233      0.00000      0.00000      0.00000
      0.05233      0.00000      0.00000      0.00000
      0.06233      0.00000      0.00000      0.00000
      0.07233      0.00000      0.00000      0.00000
      0.08233      0.00000      0.00000      0.00000
      0.09233      0.00000      0.00000      0.00000
      0.10233      0.00000      0.00000      0.00000
      0.11233      0.00000      0.00000      0.00000
      0.12233      0.00000      0.00000      0.00000
      0.13233      0.00000      0.00000      0.00000
      0.14233      0.00000      0.00000      0.00000
      0.15233      0.00000      0.00000      0.00000
      0.16233      0.00000      0.00000      0.00000
      0.17233      0.00000      0.00000      0.00000
      0.18233      0.00000      0.00000      0.00000
      0.19233      0.00000      0.00000      0.00000
      0.20233      0.00000      0.00000      0.00000
      0.21233      0.00000      0.00000      0.00000
      0.22233      0.00000      0.00000      0.00000
      0.23233      0.00000      0.00000      0.00000
      0.24233      0.00000      0.00000      0.00000
      0.25233      0.00000      0.00000      0.00000
      0.26233      0.00000      0.00000      0.00000
      0.27233      0.00000      0.00000      0.00000
      0.28233      0.00000      0.00000      0.00000
      0.29233      0.00000      0.00000      0.00000
      0.30233      0.00000      0.00000      0.00000
      0.31233      0.00000      0.00000      0.00000
      0.32233      0.00000      0.00000      0.00000
      0.33233      0.00000      0.00000      0.00000
      0.34233      0.00000      0.00000      0.00000
      0.35233      0.00000      0.00000      0.00000
      0.36233      0.00000      0.00000      0.00000
      0.37233      0.00000      0.00000      0.00000
      0.38233      0.00000      0.00000      0.00000
      0.39233      0.00000      0.00000      0.00000
      0.40233      0.00000      0.00000      0.00000
      0.41233      0.00000      0.00000      0.00000
      0.42233      0.00000      0.00000      0.00000
      0.43233      0.00000      0.00000      0.00000
      0.44233      0.00000      0.00000      0.00000
      0.45233      0.00000      0.00000      0.00000
      0.46233      0.00000      0.00000      0.00000
      0.47233      0.00000      0.00000      0.00000
      0.48233      0.00000      0.00000      0.00000
      0.49233      0.00000      0.00000      0.00000
      0.50233      0.00000      0.00000      0.00000
      0.51233      0.00000      0.00000      0.00000
      0.52233      0.00000      0.00000      0.00000
      0.53233      0.00000      0.00000      0.00000
      0.54233      0.00000      0.00000      0.00000
      0.55233      0.00000      0.00000      0.00000
      0.56233      0.00000      0.00000      0.00000
      0.57233      0.00000      0.00000      0.00000
      0.58233      0.00000      0.00000      0.00000
      0.59233      0.00000      0.00000      0.00000
      0.60233      0.00000      0.00000      0.00000
      0.61233      0.00000      0.00000      0.00000
      0.62233      0.00000      0.00000      0.00000
      0.63233      0.00000      0.00000      0.00000
      0.64233      0.00000      0.00000      0.00000
      0.65233      0.00000      0.00000      0.00000
      0.66233      0.00000      0.00000      0.00000
      0.67233      0.00000      0.00000      0.00000
      0.68233      0.00000      0.00000      0.00000
      0.69233      0.00000      0.00000      0.00000
      0.70233      0.00000      0.00000      0.00000
      0.71233      0.00000      0.00000      0.00000
      0.72233      0.00000      0.00000      0.00000
      0.73233      0.00000      0.00000      0.00000
      0.74233      0.00000      0.00000      0.00000
      0.75233      0.00000      0.00000      0.00000
      0.76233      0.00000      0.00000      0.00000
      0.77233      0.00000      0.00000      0.00000
      0.78233      0.00000      0.00000      0.00000
      0.79233      0.00000      0.00000      0.00000
      0.80233      0.00000      0.00000      0.00000
      0.81233      0.00000      0.00000      0.00000
      0.82233      0.00000      0.00000      0.00000
      0.83233      0.00000      0.00000      0.00000
      0.84233      0.00000      0.00000      0.00000
      0.85233      0.00000      0.00000      0.00000
      0.86233      0.00000      0.00000      0.00000
      0.87233      0.00000      0.00000      0.00000
      0.88233      0.00000      0.00000      0.00000
      0.89233      0.00000      0.00000      0.00000
      0.90233      0.00000      0.00000      0.00000
      0.91233      0.00000      0.00000      0.00000
      0.92233      0.00000      0.00000      0.00000
      0.93233      0.00000      0.00000      0.00000
      0.94233      0.00000      0.00000      0.00000
      0.95233      0.00000      0.00000      0.00000
      0.96233      0.00000      0.00000      0.00000
      0.97233      0.00000      0.00000      0.00000
      0.98233      0.00000      0.00000      0.00000
      0.99233      0.00000      0.00000      0.00000
      1.00233      0.00000      0.00000      0.00000
      1.01233      0.00000      0.00000      0.00000
      1.02233      0.00000      0.00000      0.00000
      1.03233      0.00000      0.00000      0.00000
      1.04233      0.00000      0.00000      0.00000
      1.05233      0.00000      0.00000      0.00000
      1.06233      0.00000      0.00000      0.00000
      1.07233      0.00000      0.00000      0.00000
      1.08233      0.00000      0.00000      0.00000
      1.09233      0.00000      0.00000      0.00000
      1.10233      0.00000      0.00000      0.00000
      1.11233      0.00000      0.00000      0.00000
      1.12233      0.00000      0.00000      0.00000
      1.13233      0.00000      0.00000      0.00000
      1.14233      0.00000      0.00000      0.00000
      1.15233      0.00000      0.00000      0.00000
      1.16233      0.00000      0.00000      0.00000
      1.17233      0.00000      0.00000      0.00000
      1.18233      0.00000      0.00000      0.00000
      1.19233      0.00000      0.00000      0.00000
      1.20233      0.00000      0.00000      0.00000
      1.21233      0.00000      0.00000      0.00000
      1.22233      0.00000      0.00000      0.00000
      1.23233      0.00000      0.00000      0.00000
      1.24233      0.00000      0.00000      0.00000
      1.25233      0.00000      0.00000      0.00000
      1.26233      0.00000      0.00000      0.00000
      1.27233      0.00000      0.00000      0.00000
      1.28233      0.00000      0.00000      0.00000
      1.29233      0.00000      0.00000      0.00000
      1.30233      0.00000      0.00000      0.00000
      1.31233      0.00000      0.00000      0.00000
      1.32233      0.00000      0.00000      0.00000
      1.33233      0.00000      0.00000      0.00000
      1.34233      0.00000      0.00000      0.00000
      1.35233      0.00000      0.00000      0.00000
      1.36233      0.00000      0.00000      0.00000
      1.37233      0.00000      0.00000      0.00000
      1.38233      0.00000      0.00000      0.00000
      1.39233      0.00000      0.00000      0.00000
      1.40233      0.00000      0.00000      0.00000
      1.41233      0.00000      0.00000      0.00000
      1.42233      0.00000      0.00000      0.00000
      1.43233      0.00000      0.00000      0.00000
      1.44233      0.00000      0.00000      0.00000
      1.45233      0.00000      0.00000      0.00000
      1.46233      0.00000      0.00000      0.00000
      1.47233      0.00000      0.00000      0.00000
      1.48233      0.00000      0.00000      0.00000
      1.49233      0.00000      0.00000      0.00000
      1.50233      0.00000      0.00000      0.00000
      1.51233      0.00000      0.00000      0.00000
      1.52233      0.00000      0.00000      0.00000
      1.53233      0.00000      0.00000      0.00000
      1.54233      0.00000      0.00000      0.00000
      1.55233      0.00000      0.00000      0.00000
      1.56233      0.00000      0.00000      0.00000
      1.57233      0.00000      0.00000      0.00000
      1.58233      0.00000      0.00000      0.00000
      1.59233      0.00000      0.00000      0.00000
      1.60233      0.00000      0.00000      0.00000
      1.61233      0.00000      0.00000      0.00000
      1.62233      0.00000      0.00000      0.00000
      1.63233      0.00000      0.00000      0.00000
      1.64233      0.00000      0.00000      0.00000
      1.65233      0.00000      0.00000      0.00000
      1.66233      0.00000      0.00000      0.00000
      1.67233      0.00000      0.00000      0.00000
      1.68233      0.00000      0.00000      0.00000
      1.69233      0.00000      0.00000      0.00000
      1.70233      0.00000      0.00000      0.00000
      1.71233      0.00000      0.00000      0.00000
      1.72233      0.00000      0.00000      0.00000
      1.73233      0.00000      0.00000      0.00000
      1.74233      0.00000      0.00000      0.00000
      1.75233      0.00000      0.00000      0.00000
      1.76233      0.00000      0.00000      0.00000
      1.77233      0.00000      0.00000      0.00000
      1.78233      0.00000      0.00000      0.00000
      1.79233      0.00000      0.00000      0.00000
      1.80233      0.00000      0.00000      0.00000
      1.81233      0.00000      0.00000      0.00000
      1.82233      0.00000      0.00000      0.00000
      1.83233      0.00000      0.00000      0.00000
      1.84233      0.00000      0.00000      0.00000
      1.85233      0.00000      0.00000      0.00000
      1.86233      0.00000      0.00000      0.00000
      1.87233      0.00000      0.00000      0.00000
      1.88233      0.00000      0.00000      0.00000
      1.89233      0.00000      0.00000      0.00000
      1.90233      0.00000      0.00000      0.00000
      1.91233      0.00000      0.00000      0.00000
      1.92233      0.00000      0.00000      0.00000
      1.93233      0.00000      0.00000      0.00000
      1.94233      0.00000      0.00000      0.00000
      1.95233      0.00000      0.00000      0.00000
      1.96233      0.00000      0.00000      0.00000
      1.97233      0.00000      0.00000      0.00000
      1.98233      0.00000      0.00000      0.00000
      1.99233      0.00000      0.00000      0.00000
      2.00233      0.00000      0.00000      0.00000
      2.01233      0.00000      0.00000      0.00000
      2.02233      0.00000      0.00000      0.00000
      2.03233      0.00000      0.00000      0.00000
      2.04233      0.00000      0.00000      0.00000
      2.05233      0.00000      0.00000      0.00000
      2.06233      0.00000      0.00000      0.00000
      2.07233      0.00000      0.00000      0.00000
      2.08233      0.00000      0.00000      0.00000
      2.09233      0.00000      0.00000      0.00000
      2.10233      0.00000      0.00000      0.00000
      2.11233      0.00000      0.00000      0.00000
      2.12233      0.00000      0.00000      0.00000
      2.13233      0.00000      0.00000      0.00000
      2.14233      0.00000      0.00000      0.00000
      2.15233      0.00000      0.00000      0.00000
      2.16233      0.00000      0.00000      0.00000
      2.17233      0.00000      0.00000      0.00000
      2.18233      0.00000      0.00000      0.00000
      2.19233      0.00000      0.00000      0.00000
      2.20233      0.00000      0.00000      0.00000
      2.21233      0.00000      0.00000      0.00000
      2.22233      0.00000      0.00000      0.00000
      2.23233      0.00000      0.00000      0.00000
      2.24233      0.00000      0.00000      0.00000
      2.25233      0.00000      0.00000      0.00000
      2.26233      0.00000      0.00000      0.00000
      2.27233      0.00000      0.00000      0.00000
      2.28233      0.00000      0.00000      0.00000
      2.29233      0.00000      0.00000      0.00000
      2.30233      0.00000      0.00000      0.00000
      2.31233      0.00000      0.00000      0.00000
      2.32233      0.00000      0.00000      0.00000
      2.33233      0.00000      0.00000      0.00000
      2.34233      0.00000      0.00000      0.00000
      2.35233      0.00000      0.00000      0.00000
      2.36233      0.00000      0.00000      0.00000
      2.37233      0.00000      0.00000      0.00000
      2.38233      0.00000      0.00000      0.00000
      2.39233      0.00000      0.00000      0.00000
      2.40233      0.00000      0.00000      0.00000
      2.41233      0.00006      0.00005      0.00001
      2.42233      0.00264      0.00221      0.00042
      2.43233      0.04209      0.03532      0.00677
      2.44233      0.24725      0.20751      0.03975
      2.45233      0.53636      0.45014      0.08622
      2.46233      0.46062      0.38656      0.07405
      2.47233      0.34602      0.29032      0.05570
      2.48233      0.52760      0.44252      0.08508
      2.49233      0.44905      0.37655      0.07250
      2.50233      0.14915      0.12504      0.02410
      2.51233      0.05608      0.04704      0.00903
      2.52233      0.28022      0.23497      0.04524
      2.53233      0.83042      0.69552      0.13491
      2.54233      1.07161      0.89622      0.17539
      2.55233      0.82089      0.68571      0.13518
      2.56233      0.65799      0.54957      0.10842
      2.57233      0.37341      0.31194      0.06148
      2.58233      0.13047      0.10912      0.02136
      2.59233      0.27990      0.23425      0.04565
      2.60233      0.73524      0.61052      0.12472
      2.61233      1.06738      0.84487      0.22251
      2.62233      1.34908      0.89522      0.45386
      2.63233      2.03352      1.13564      0.89788
      2.64233      2.53764      1.41266      1.12497
      2.65233      2.41940      1.44974      0.96965
      2.66233      2.43175      1.52074      0.91101
      2.67233      3.35303      2.13091      1.22212
      2.68233      4.16019      2.62631      1.53388
      2.69233      3.97095      2.40888      1.56207
      2.70233      3.61687      2.12216      1.49470
      2.71233      3.68216      2.17900      1.50316
      2.72233      2.94594      1.74576      1.20018
      2.73233      2.17358      1.27386      0.89972
      2.74233      3.23895      1.97001      1.26894
      2.75233      4.73454      2.89595      1.83859
      2.76233      4.75115      2.87357      1.87758
      2.77233      4.21014      2.61238      1.59775
      2.78233      4.98679      3.13175      1.85503
      2.79233      5.18548      3.28097      1.90451
      2.80233      4.57984      2.93463      1.64521
      2.81233      5.68128      3.45355      2.22774
      2.82233      7.97475      4.64992      3.32484
      2.83233      8.54660      5.21448      3.33212
      2.84233      7.09850      4.60015      2.49835
      2.85233      5.80547      3.83217      1.97330
      2.86233      5.98722      4.04659      1.94062
      2.87233      6.15605      4.24696      1.90910
      2.88233      5.78969      3.96827      1.82141
      2.89233      5.96042      4.10628      1.85415
      2.90233      6.22848      4.48930      1.73918
      2.91233      6.52963      4.89932      1.63031
      2.92233      7.10705      5.45773      1.64932
      2.93233      7.32968      5.74671      1.58298
      2.94233      6.76346      5.39125      1.37221
      2.95233      5.80033      4.62291      1.17742
      2.96233      4.68646      3.53555      1.15091
      2.97233      3.71224      2.64791      1.06434
      2.98233      2.83321      1.90903      0.92419
      2.99233      2.03283      1.21325      0.81958
      3.00233      1.33488      0.71130      0.62357
      3.01233      1.19349      0.66501      0.52848
      3.02233      1.35554      0.79571      0.55983
      3.03233      1.54320      0.91282      0.63038
      3.04233      2.72538      1.56842      1.15696
      3.05233      4.16052      2.38835      1.77217
      3.06233      3.51100      2.03869      1.47230
      3.07233      2.22804      1.33121      0.89683
      3.08233      2.58427      1.53528      1.04898
      3.09233      3.92583      2.32230      1.60352
      3.10233      5.03419      3.00503      2.02917
      3.11233      5.37405      3.13160      2.24245
      3.12233      5.53955      3.17738      2.36217
      3.13233      5.87066      3.47329      2.39737
      3.14233      6.09925      3.75401      2.34524
      3.15233      5.49484      3.48838      2.00646
      3.16233      4.64781      2.99241      1.65540
      3.17233      4.28556      2.70114      1.58442
      3.18233      4.15592      2.64045      1.51547
      3.19233      4.04412      2.67330      1.37082
      3.20233      3.96877      2.62324      1.34553
      3.21233      3.62180      2.35162      1.27018
      3.22233      2.97398      1.97008      1.00390
      3.23233      2.81745      1.91531      0.90215
      3.24233      3.53566      2.46246      1.07320
      3.25233      3.93033      2.81938      1.11095
      3.26233      4.11860      2.89573      1.22287
      3.27233      4.14236      2.80335      1.33901
      3.28233      3.45736      2.26325      1.19412
      3.29233      3.37183      2.19083      1.18100
      3.30233      4.30780      2.77717      1.53064
      3.31233      4.46261      2.80263      1.65998
      3.32233      4.26140      2.61647      1.64493
      3.33233      4.40002      2.56013      1.83990
      3.34233      5.28530      3.12843      2.15688
      3.35233      6.59727      4.27295      2.32432
      3.36233      7.21926      4.78344      2.43582
      3.37233      6.60877      4.31095      2.29782
      3.38233      5.91234      3.97487      1.93747
      3.39233      6.72156      4.44181      2.27975
      3.40233      6.63868      4.13272      2.50595
      3.41233      4.60216      2.80428      1.79788
      3.42233      2.86839      1.73119      1.13720
      3.43233      2.54007      1.50169      1.03838
      3.44233      2.93748      1.74175      1.19574
      3.45233      3.11444      1.89587      1.21857
      3.46233      4.04501      2.50450      1.54051
      3.47233      5.41212      3.29648      2.11564
      3.48233      5.27127      3.22737      2.04390
      3.49233      3.75147      2.23974      1.51173
      3.50233      2.53688      1.32982      1.20706
      3.51233      2.53813      1.30520      1.23293
      3.52233      2.11750      1.15116      0.96635
      3.53233      2.05101      1.15777      0.89324
      3.54233      2.77302      1.63086      1.14216
      3.55233      3.28206      2.00071      1.28135
      3.56233      3.44409      2.15399      1.29010
      3.57233      3.06545      1.83407      1.23138
      3.58233      3.12982      1.79679      1.33303
      3.59233      3.37003      2.09955      1.27048
      3.60233      2.99988      1.88278      1.11710
      3.61233      1.98613      1.09088      0.89525
      3.62233      1.44491      0.66719      0.77772
      3.63233      1.60323      0.80540      0.79783
      3.64233      2.16868      1.28423      0.88446
      3.65233      3.07074      1.90344      1.16730
      3.66233      3.53780      2.18051      1.35728
      3.67233      2.72927      1.64292      1.08635
      3.68233      2.09714      1.22431      0.87283
      3.69233      2.13023      1.26740      0.86283
      3.70233      1.94733      1.25208      0.69525
      3.71233      1.57170      1.05628      0.51542
      3.72233      0.92930      0.61876      0.31054
      3.73233      0.81808      0.55059      0.26749
      3.74233      1.74467      1.12064      0.62403
      3.75233      2.59164      1.55910      1.03253
      3.76233      2.71173      1.52446      1.18727
      3.77233      2.80415      1.53220      1.27195
      3.78233      2.63395      1.50610      1.12785
      3.79233      1.70131      1.02775      0.67356
      3.80233      1.16261      0.69933      0.46328
      3.81233      2.03658      1.22640      0.81018
      3.82233      2.99902      1.79959      1.19943
      3.83233      2.58257      1.48322      1.09934
      3.84233      1.94271      1.03246      0.91025
      3.85233      2.29981      1.23417      1.06564
      3.86233      3.15107      1.66528      1.48579
      3.87233      4.70235      2.41592      2.28643
      3.88233      7.11165      3.77554      3.33611
      3.89233      7.56470      4.13297      3.43173
      3.90233      4.72979      2.59053      2.13927
      3.91233      2.72769      1.47935      1.24834
      3.92233      2.12871      1.15129      0.97742
      3.93233      1.49085      0.76186      0.72899
      3.94233      1.96147      0.95909      1.00238
      3.95233      2.88641      1.46946      1.41695
      3.96233      2.88439      1.46787      1.41652
      3.97233      3.12906      1.54829      1.58077
      3.98233      3.63757      1.88370      1.75386
      3.99233      3.03928      1.69222      1.34707
      4.00233      2.17893      1.26675      0.91218
      4.01233      2.17013      1.26596      0.90417
      4.02233      2.09287      1.22303      0.86984
      4.03233      1.63176      0.92639      0.70538
      4.04233      1.58197      0.80267      0.77930
      4.05233      1.92402      0.92777      0.99625
      4.06233      2.02334      1.00624      1.01710
      4.07233      2.07911      1.09168      0.98743
      4.08233      2.04822      1.09704      0.95118
      4.09233      1.67402      0.90616      0.76786
      4.10233      1.92339      1.06683      0.85656
      4.11233      2.78298      1.55823      1.22474
      4.12233      2.94670      1.62365      1.32306
      4.13233      2.55158      1.35686      1.19472
      4.14233      1.90094      0.96101      0.93993
      4.15233      1.92227      0.90682      1.01545
      4.16233      2.46636      1.12683      1.33953
      4.17233      2.24149      1.01398      1.22751
      4.18233      1.51138      0.68244      0.82894
      4.19233      0.91947      0.40789      0.51158
      4.20233      0.54496      0.24833      0.29663
      4.21233      0.66290      0.34095      0.32195
      4.22233      1.15821      0.60718      0.55103
      4.23233      1.57899      0.80436      0.77463
      4.24233      2.01259      0.99887      1.01372
      4.25233      1.58383      0.78157      0.80225
      4.26233      0.63238      0.30618      0.32621
      4.27233      0.61391      0.27705      0.33685
      4.28233      1.34292      0.61839      0.72453
      4.29233      1.93238      0.91857      1.01382
      4.30233      1.84642      0.87988      0.96654
      4.31233      1.02334      0.48406      0.53928
      4.32233      0.64758      0.32372      0.32385
      4.33233      1.14119      0.59117      0.55002
      4.34233      1.78244      0.92021      0.86223
      4.35233      2.30260      1.17727      1.12533
      4.36233      2.02014      1.02455      0.99558
      4.37233      1.33448      0.65299      0.68149
      4.38233      1.40071      0.64048      0.76023
      4.39233      2.21879      0.98639      1.23240
      4.40233      2.46571      1.09532      1.37039
      4.41233      1.66562      0.76014      0.90548
      4.42233      1.17533      0.57316      0.60217
      4.43233      1.27610      0.63957      0.63653
      4.44233      1.36573      0.67740      0.68833
      4.45233      1.20326      0.59007      0.61320
      4.46233      0.78780      0.38702      0.40078
      4.47233      0.30265      0.15013      0.15252
      4.48233      0.32633      0.16072      0.16561
      4.49233      0.90829      0.43010      0.47819
      4.50233      1.72447      0.79827      0.92620
      4.51233      2.22509      1.03991      1.18518
      4.52233      2.00263      0.95719      1.04544
      4.53233      1.23512      0.60458      0.63054
      4.54233      1.17977      0.59339      0.58638
      4.55233      1.47820      0.74695      0.73124
      4.56233      1.12458      0.56661      0.55797
      4.57233      0.84550      0.41788      0.42763
      4.58233      1.25859      0.60814      0.65046
      4.59233      1.92926      0.90758      1.02168
      4.60233      2.14200      0.98426      1.15774
      4.61233      1.98259      0.91088      1.07171
      4.62233      2.54479      1.19337      1.35142
      4.63233      2.86439      1.36160      1.50279
      4.64233      2.06864      0.98971      1.07893
      4.65233      1.00714      0.48394      0.52321
      4.66233      0.43184      0.20825      0.22359
      4.67233      0.88671      0.42539      0.46133
      4.68233      1.95882      0.93539      1.02342
      4.69233      2.38691      1.13716      1.24975
      4.70233      2.16649      1.04292      1.12358
      4.71233      1.75240      0.86139      0.89101
      4.72233      1.21093      0.59524      0.61569
      4.73233      1.01885      0.48775      0.53111
      4.74233      1.22901      0.58703      0.64198
      4.75233      1.60528      0.76738      0.83790
      4.76233      1.77696      0.83869      0.93827
      4.77233      1.55943      0.72409      0.83534
      4.78233      1.01414      0.46713      0.54702
      4.79233      0.73565      0.33868      0.39698
      4.80233      0.98043      0.45522      0.52522
      4.81233      1.26146      0.58772      0.67374
      4.82233      1.37109      0.63753      0.73357
      4.83233      1.47435      0.68919      0.78516
      4.84233      1.64651      0.77449      0.87202
      4.85233      1.17743      0.55347      0.62396
      4.86233      0.51111      0.23833      0.27277
      4.87233      0.66912      0.30730      0.36181
      4.88233      1.47624      0.67819      0.79805
      4.89233      2.29821      1.05806      1.24015
      4.90233      2.62891      1.21297      1.41594
      4.91233      2.06150      0.95261      1.10889
      4.92233      1.93797      0.90058      1.03739
      4.93233      2.32750      1.09673      1.23077
      4.94233      2.46438      1.17016      1.29423
      4.95233      2.97941      1.40588      1.57353
      4.96233      4.02972      1.88558      2.14414
      4.97233      4.51955      2.10261      2.41693
      4.98233      4.82085      2.24452      2.57633
      4.99233      4.64499      2.18027      2.46472
      5.00233      4.05647      1.92032      2.13615
      5.01233      4.39521      2.08975      2.30547
      5.02233      4.72974      2.24587      2.48387
      5.03233      3.76277      1.78298      1.97978
      5.04233      2.68311      1.28852      1.39459
      5.05233      2.20277      1.07859      1.12418
      5.06233      1.93529      0.95077      0.98452
      5.07233      1.86969      0.91888      0.95082
      5.08233      1.75035      0.86565      0.88471
      5.09233      1.56421      0.78260      0.78161
      5.10233      1.74251      0.88667      0.85583
      5.11233      2.32973      1.19639      1.13334
      5.12233      2.29035      1.18101      1.10934
      5.13233      1.78814      0.92515      0.86298
      5.14233      1.80471      0.92958      0.87513
      5.15233      2.31423      1.18860      1.12562
      5.16233      2.60527      1.34009      1.26517
      5.17233      1.91102      0.98449      0.92653
      5.18233      0.98842      0.50980      0.47862
      5.19233      0.51610      0.26754      0.24856
      5.20233      0.85352      0.44807      0.40544
      5.21233      1.69309      0.89697      0.79612
      5.22233      2.17764      1.16176      1.01588
      5.23233      2.04304      1.09040      0.95264
      5.24233      1.41491      0.75156      0.66335
      5.25233      0.86977      0.46033      0.40943
      5.26233      0.55853      0.29669      0.26184
      5.27233      0.75458      0.40542      0.34916
      5.28233      1.23012      0.66428      0.56584
      5.29233      1.37517      0.75348      0.62169
      5.30233      2.12141      1.18087      0.94054
      5.31233      2.96382      1.65175      1.31207
      5.32233      2.38512      1.32415      1.06097
      5.33233      1.25611      0.69417      0.56194
      5.34233      0.70996      0.39216      0.31780
      5.35233      0.39532      0.21968      0.17564
      5.36233      0.42770      0.24139      0.18631
      5.37233      0.56749      0.32134      0.24615
      5.38233      0.45683      0.25956      0.19727
      5.39233      0.83444      0.47688      0.35756
      5.40233      1.62710      0.93113      0.69597
      5.41233      1.54126      0.88355      0.65771
      5.42233      0.81047      0.46592      0.34455
      5.43233      0.59466      0.34300      0.25166
      5.44233      0.59081      0.34146      0.24935
      5.45233      0.65780      0.38271      0.27508
      5.46233      1.06648      0.62296      0.44352
      5.47233      0.92386      0.54053      0.38333
      5.48233      0.59545      0.35071      0.24475
      5.49233      0.97596      0.57796      0.39800
      5.50233      1.17169      0.69415      0.47754
      5.51233      0.99015      0.58667      0.40348
      5.52233      0.91798      0.54434      0.37364
      5.53233      0.67001      0.39857      0.27144
      5.54233      0.62050      0.37087      0.24963
      5.55233      0.53779      0.32220      0.21559
      5.56233      0.50636      0.30480      0.20155
      5.57233      0.56704      0.34201      0.22503
      5.58233      0.31809      0.19193      0.12616
      5.59233      0.20547      0.12429      0.08118
      5.60233      0.51148      0.30994      0.20154
      5.61233      0.82432      0.50048      0.32384
      5.62233      0.80870      0.49243      0.31627
      5.63233      0.68853      0.42070      0.26783
      5.64233      0.97928      0.60000      0.37928
      5.65233      1.04896      0.64304      0.40592
      5.66233      0.46318      0.28402      0.17916
      5.67233      0.13328      0.08205      0.05123
      5.68233      0.23283      0.14404      0.08879
      5.69233      0.41522      0.25699      0.15822
      5.70233      0.52492      0.32528      0.19965
      5.71233      0.65057      0.40394      0.24662
      5.72233      0.59355      0.36896      0.22459
      5.73233      0.25530      0.15875      0.09655
      5.74233      0.04301      0.02675      0.01626
      5.75233      0.00270      0.00168      0.00102
      5.76233      0.00006      0.00004      0.00002
      5.77233      0.00000      0.00000      0.00000
      5.78233      0.00000      0.00000      0.00000
      5.79233      0.00000      0.00000      0.00000
      5.80233      0.00000      0.00000      0.00000
      5.81233      0.00000      0.00000      0.00000
      5.82233      0.00000      0.00000      0.00000
      5.83233      0.00000      0.00000      0.00000
      5.84233      0.00000      0.00000      0.00000
      5.85233      0.00000      0.00000      0.00000
      5.86233      0.00000      0.00000      0.00000
      5.87233      0.00000      0.00000      0.00000
      5.88233      0.00000      0.00000      0.00000
      5.89233      0.00000      0.00000      0.00000
      5.90233      0.00000      0.00000      0.00000
      5.91233      0.00000      0.00000      0.00000
      5.92233      0.00000      0.00000      0.00000
      5.93233      0.00000      0.00000      0.00000
      5.94233      0.00000      0.00000      0.00000
      5.95233      0.00000      0.00000      0.00000
      5.96233      0.00000      0.00000      0.00000
      5.97233      0.00000      0.00000      0.00000
      5.98233      0.00000      0.00000      0.00000
      5.99233      0.00000      0.00000      0.00000
      6.00233      0.00000      0.00000      0.00000
      6.01233      0.00000      0.00000      0.00000
      6.02233      0.00000      0.00000      0.00000
      6.03233      0.00000      0.00000      0.00000
      6.04233      0.00000      0.00000      0.00000
      6.05233      0.00000      0.00000      0.00000
      6.06233      0.00000      0.00000      0.00000
      6.07233      0.00000      0.00000      0.00000
      6.08233      0.00000      0.00000      0.00000
      6.09233      0.00000      0.00000      0.00000
      6.10233      0.00000      0.00000      0.00000
      6.11233      0.00000      0.00000      0.00000
      6.12233      0.00000      0.00000      0.00000
      6.13233      0.00000      0.00000      0.00000
      6.14233      0.00000      0.00000      0.00000
      6.15233      0.00000      0.00000      0.00000
      6.16233      0.00000      0.00000      0.00000
      6.17233      0.00000      0.00000      0.00000
      6.18233      0.00000      0.00000      0.00000
      6.19233      0.00000      0.00000      0.00000
      6.20233      0.00000      0.00000      0.00000
      6.21233      0.00000      0.00000      0.00000
      6.22233      0.00000      0.00000      0.00000
      6.23233      0.00000      0.00000      0.00000
      6.24233      0.00000      0.00000      0.00000
      6.25233      0.00000      0.00000      0.00000
      6.26233      0.00000      0.00000      0.00000
      6.27233      0.00000      0.00000      0.00000
      6.28233      0.00000      0.00000      0.00000
      6.29233      0.00000      0.00000      0.00000
      6.30233      0.00000      0.00000      0.00000
      6.31233      0.00000      0.00000      0.00000
      6.32233      0.00000      0.00000      0.00000
      6.33233      0.00000      0.00000      0.00000
      6.34233      0.00000      0.00000      0.00000
      6.35233      0.00000      0.00000      0.00000
      6.36233      0.00000      0.00000      0.00000
      6.37233      0.00000      0.00000      0.00000
      6.38233      0.00000      0.00000      0.00000
      6.39233      0.00000      0.00000      0.00000
      6.40233      0.00000      0.00000      0.00000
      6.41233      0.00000      0.00000      0.00000
      6.42233      0.00000      0.00000      0.00000
      6.43233      0.00000      0.00000      0.00000
      6.44233      0.00000      0.00000      0.00000
      6.45233      0.00000      0.00000      0.00000
      6.46233      0.00000      0.00000      0.00000
      6.47233      0.00000      0.00000      0.00000
      6.48233      0.00000      0.00000      0.00000
      6.49233      0.00000      0.00000      0.00000
      6.50233      0.00000      0.00000      0.00000
      6.51233      0.00000      0.00000      0.00000
      6.52233      0.00000      0.00000      0.00000
      6.53233      0.00000      0.00000      0.00000
      6.54233      0.00000      0.00000      0.00000
      6.55233      0.00000      0.00000      0.00000
      6.56233      0.00000      0.00000      0.00000
      6.57233      0.00000      0.00000      0.00000
      6.58233      0.00000      0.00000      0.00000
      6.59233      0.00000      0.00000      0.00000
      6.60233      0.00000      0.00000      0.00000
      6.61233      0.00000      0.00000      0.00000
      6.62233      0.00000      0.00000      0.00000
      6.63233      0.00000      0.00000      0.00000
      6.64233      0.00000      0.00000      0.00000
      6.65233      0.00000      0.00000      0.00000
      6.66233      0.00000      0.00000      0.00000
      6.67233      0.00000      0.00000      0.00000
      6.68233      0.00000      0.00000      0.00000
      6.69233      0.00000      0.00000      0.00000
      6.70233      0.00000      0.00000      0.00000
      6.71233      0.00000      0.00000      0.00000
      6.72233      0.00000      0.00000      0.00000
      6.73233      0.00000      0.00000      0.00000
      6.74233      0.00000      0.00000      0.00000
      6.75233      0.00000      0.00000      0.00000
      6.76233      0.00000      0.00000      0.00000
      6.77233      0.00000      0.00000      0.00000
      6.78233      0.00000      0.00000      0.00000
      6.79233      0.00000      0.00000      0.00000
      6.80233      0.00000      0.00000      0.00000
      6.81233      0.00000      0.00000      0.00000
      6.82233      0.00000      0.00000      0.00000
      6.83233      0.00000      0.00000      0.00000
      6.84233      0.00000      0.00000      0.00000
      6.85233      0.00000      0.00000      0.00000
      6.86233      0.00000      0.00000      0.00000
      6.87233      0.00000      0.00000      0.00000
      6.88233      0.00000      0.00000      0.00000
      6.89233      0.00000      0.00000      0.00000
      6.90233      0.00000      0.00000      0.00000
      6.91233      0.00000      0.00000      0.00000
      6.92233      0.00000      0.00000      0.00000
      6.93233      0.00000      0.00000      0.00000
      6.94233      0.00000      0.00000      0.00000
      6.95233      0.00000      0.00000      0.00000
      6.96233      0.00000      0.00000      0.00000
      6.97233      0.00000      0.00000      0.00000
      6.98233      0.00000      0.00000      0.00000
      6.99233      0.00000      0.00000      0.00000
      7.00233      0.00000      0.00000      0.00000
      7.01233      0.00000      0.00000      0.00000
      7.02233      0.00000      0.00000      0.00000
      7.03233      0.00000      0.00000      0.00000
      7.04233      0.00000      0.00000      0.00000
      7.05233      0.00000      0.00000      0.00000
      7.06233      0.00000      0.00000      0.00000
      7.07233      0.00000      0.00000      0.00000
      7.08233      0.00000      0.00000      0.00000
      7.09233      0.00000      0.00000      0.00000
      7.10233      0.00000      0.00000      0.00000
      7.11233      0.00000      0.00000      0.00000
      7.12233      0.00000      0.00000      0.00000
      7.13233      0.00000      0.00000      0.00000
      7.14233      0.00000      0.00000      0.00000
      7.15233      0.00000      0.00000      0.00000
      7.16233      0.00000      0.00000      0.00000
      7.17233      0.00000      0.00000      0.00000
      7.18233      0.00000      0.00000      0.00000
      7.19233      0.00000      0.00000      0.00000
      7.20233      0.00000      0.00000      0.00000
      7.21233      0.00000      0.00000      0.00000
      7.22233      0.00000      0.00000      0.00000
      7.23233      0.00000      0.00000      0.00000
      7.24233      0.00000      0.00000      0.00000
      7.25233      0.00000      0.00000      0.00000
      7.26233      0.00000      0.00000      0.00000
      7.27233      0.00000      0.00000      0.00000
      7.28233      0.00000      0.00000      0.00000
      7.29233      0.00000      0.00000      0.00000
      7.30233      0.00000      0.00000      0.00000
      7.31233      0.00000      0.00000      0.00000
      7.32233      0.00000      0.00000      0.00000
      7.33233      0.00000      0.00000      0.00000
      7.34233      0.00000      0.00000      0.00000
      7.35233      0.00000      0.00000      0.00000
      7.36233      0.00000      0.00000      0.00000
      7.37233      0.00000      0.00000      0.00000
      7.38233      0.00000      0.00000      0.00000
      7.39233      0.00000      0.00000      0.00000
      7.40233      0.00000      0.00000      0.00000
      7.41233      0.00000      0.00000      0.00000
      7.42233      0.00000      0.00000      0.00000
      7.43233      0.00000      0.00000      0.00000
