Energy-E_F (eV)    DOS (1/eV)    PDOS (1/eV)  of atom type Mo Se 
     -5.54112      7.71274      0.00000      0.00000
     -5.53112      6.84183      0.00000      0.00000
     -5.52112      5.44891      0.00000      0.00000
     -5.51112      5.83220      0.00000      0.00000
     -5.50112      6.63500      0.00000      0.00000
     -5.49112      6.12225      0.00000      0.00000
     -5.48112      5.15894      0.00000      0.00000
     -5.47112      5.40443      0.00000      0.00000
     -5.46112      5.49995      0.00000      0.00000
     -5.45112      4.94983      0.00000      0.00000
     -5.44112      6.00337      0.00000      0.00000
     -5.43112      8.12314      0.00000      0.00000
     -5.42112      7.88692      0.00000      0.00000
     -5.41112      7.51400      0.00000      0.00000
     -5.40112      8.38301      0.00000      0.00000
     -5.39112      8.09433      0.00000      0.00000
     -5.38112      7.96989      0.00000      0.00000
     -5.37112      8.20793      0.00000      0.00000
     -5.36112      8.15941      0.00000      0.00000
     -5.35112      8.66771      0.00000      0.00000
     -5.34112      8.86687      0.00000      0.00000
     -5.33112      7.54471      0.00000      0.00000
     -5.32112      7.33323      0.00000      0.00000
     -5.31112      7.91036      0.00000      0.00000
     -5.30112      7.07550      0.00000      0.00000
     -5.29112      6.97404      0.00000      0.00000
     -5.28112      7.12255      0.00000      0.00000
     -5.27112      7.25669      0.00000      0.00000
     -5.26112      7.98386      0.00000      0.00000
     -5.25112      8.18244      0.00000      0.00000
     -5.24112      8.25097      0.00000      0.00000
     -5.23112      8.11109      0.00000      0.00000
     -5.22112      9.05760      0.00000      0.00000
     -5.21112     10.28267      0.00000      0.00000
     -5.20112      9.77679      0.00000      0.00000
     -5.19112      8.01608      0.00000      0.00000
     -5.18112      5.81208      0.00000      0.00000
     -5.17112      4.47737      0.00000      0.00000
     -5.16112      3.88479      0.00000      0.00000
     -5.15112      3.76755      0.00000      0.00000
     -5.14112      4.52139      0.00000      0.00000
     -5.13112      4.88116      0.00000      0.00000
     -5.12112      5.24168      0.00000      0.00000
     -5.11112      6.07166      0.00000      0.00000
     -5.10112      5.40457      0.00000      0.00000
     -5.09112      3.39379      0.00000      0.00000
     -5.08112      1.66523      0.00000      0.00000
     -5.07112      0.77468      0.00000      0.00000
     -5.06112      0.84206      0.00000      0.00000
     -5.05112      1.16780      0.00000      0.00000
     -5.04112      1.11116      0.00000      0.00000
     -5.03112      1.71639      0.00000      0.00000
     -5.02112      2.40731      0.00000      0.00000
     -5.01112      2.08001      0.00000      0.00000
     -5.00112      1.44747      0.00000      0.00000
     -4.99112      1.65668      0.00000      0.00000
     -4.98112      2.08872      0.00000      0.00000
     -4.97112      2.28454      0.00000      0.00000
     -4.96112      3.00671      0.00000      0.00000
     -4.95112      2.89666      0.00000      0.00000
     -4.94112      1.63394      0.00000      0.00000
     -4.93112      0.58309      0.00000      0.00000
     -4.92112      0.43613      0.00000      0.00000
     -4.91112      0.80762      0.00000      0.00000
     -4.90112      0.79556      0.00000      0.00000
     -4.89112      0.78605      0.00000      0.00000
     -4.88112      1.06003      0.00000      0.00000
     -4.87112      0.97805      0.00000      0.00000
     -4.86112      1.31175      0.00000      0.00000
     -4.85112      2.32200      0.00000      0.00000
     -4.84112      2.50031      0.00000      0.00000
     -4.83112      1.82106      0.00000      0.00000
     -4.82112      1.79082      0.00000      0.00000
     -4.81112      2.43827      0.00000      0.00000
     -4.80112      2.09362      0.00000      0.00000
     -4.79112      1.41311      0.00000      0.00000
     -4.78112      1.04764      0.00000      0.00000
     -4.77112      0.54637      0.00000      0.00000
     -4.76112      0.30704      0.00000      0.00000
     -4.75112      0.53971      0.00000      0.00000
     -4.74112      0.76507      0.00000      0.00000
     -4.73112      1.11516      0.00000      0.00000
     -4.72112      1.43409      0.00000      0.00000
     -4.71112      1.31185      0.00000      0.00000
     -4.70112      1.43649      0.00000      0.00000
     -4.69112      1.83089      0.00000      0.00000
     -4.68112      2.00939      0.00000      0.00000
     -4.67112      1.85712      0.00000      0.00000
     -4.66112      1.66181      0.00000      0.00000
     -4.65112      1.62148      0.00000      0.00000
     -4.64112      1.67643      0.00000      0.00000
     -4.63112      1.80313      0.00000      0.00000
     -4.62112      1.30905      0.00000      0.00000
     -4.61112      0.74946      0.00000      0.00000
     -4.60112      0.58692      0.00000      0.00000
     -4.59112      0.34913      0.00000      0.00000
     -4.58112      0.41231      0.00000      0.00000
     -4.57112      0.68938      0.00000      0.00000
     -4.56112      0.76425      0.00000      0.00000
     -4.55112      0.66837      0.00000      0.00000
     -4.54112      0.60767      0.00000      0.00000
     -4.53112      0.93496      0.00000      0.00000
     -4.52112      1.45938      0.00000      0.00000
     -4.51112      1.82151      0.00000      0.00000
     -4.50112      1.97528      0.00000      0.00000
     -4.49112      2.37511      0.00000      0.00000
     -4.48112      2.15572      0.00000      0.00000
     -4.47112      1.48651      0.00000      0.00000
     -4.46112      1.28990      0.00000      0.00000
     -4.45112      1.82916      0.00000      0.00000
     -4.44112      2.21955      0.00000      0.00000
     -4.43112      1.52508      0.00000      0.00000
     -4.42112      0.90349      0.00000      0.00000
     -4.41112      0.71850      0.00000      0.00000
     -4.40112      0.83422      0.00000      0.00000
     -4.39112      1.17991      0.00000      0.00000
     -4.38112      1.81563      0.00000      0.00000
     -4.37112      3.24073      0.00000      0.00000
     -4.36112      5.05511      0.00000      0.00000
     -4.35112      6.63487      0.00000      0.00000
     -4.34112      7.70899      0.00000      0.00000
     -4.33112      7.81173      0.00000      0.00000
     -4.32112      7.69392      0.00000      0.00000
     -4.31112      8.13914      0.00000      0.00000
     -4.30112     10.33431      0.00000      0.00000
     -4.29112     14.15074      0.00000      0.00000
     -4.28112     17.09223      0.00000      0.00000
     -4.27112     17.29712      0.00000      0.00000
     -4.26112     15.50325      0.00000      0.00000
     -4.25112     12.95893      0.00000      0.00000
     -4.24112     11.46853      0.00000      0.00000
     -4.23112     12.14460      0.00000      0.00000
     -4.22112     12.46458      0.00000      0.00000
     -4.21112     10.86152      0.00000      0.00000
     -4.20112      9.53746      0.00000      0.00000
     -4.19112      9.93696      0.00000      0.00000
     -4.18112     11.23871      0.00000      0.00000
     -4.17112     12.23149      0.00000      0.00000
     -4.16112     11.97836      0.00000      0.00000
     -4.15112     10.88848      0.00000      0.00000
     -4.14112      9.98345      0.00000      0.00000
     -4.13112      8.82874      0.00000      0.00000
     -4.12112      7.90149      0.00000      0.00000
     -4.11112      8.14162      0.00000      0.00000
     -4.10112      8.67143      0.00000      0.00000
     -4.09112      7.66046      0.00000      0.00000
     -4.08112      5.80508      0.00000      0.00000
     -4.07112      4.88075      0.00000      0.00000
     -4.06112      4.89363      0.00000      0.00000
     -4.05112      5.21075      0.00000      0.00000
     -4.04112      5.00601      0.00000      0.00000
     -4.03112      4.15116      0.00000      0.00000
     -4.02112      3.87089      0.00000      0.00000
     -4.01112      3.89322      0.00000      0.00000
     -4.00112      3.78609      0.00000      0.00000
     -3.99112      3.98021      0.00000      0.00000
     -3.98112      3.97941      0.00000      0.00000
     -3.97112      2.55308      0.00000      0.00000
     -3.96112      1.49687      0.00000      0.00000
     -3.95112      1.61713      0.00000      0.00000
     -3.94112      1.46613      0.00000      0.00000
     -3.93112      1.15599      0.00000      0.00000
     -3.92112      1.21679      0.00000      0.00000
     -3.91112      1.84383      0.00000      0.00000
     -3.90112      3.15684      0.00000      0.00000
     -3.89112      4.13618      0.00000      0.00000
     -3.88112      3.55275      0.00000      0.00000
     -3.87112      2.81537      0.00000      0.00000
     -3.86112      2.71380      0.00000      0.00000
     -3.85112      2.34090      0.00000      0.00000
     -3.84112      1.31439      0.00000      0.00000
     -3.83112      1.06566      0.00000      0.00000
     -3.82112      2.02512      0.00000      0.00000
     -3.81112      2.62366      0.00000      0.00000
     -3.80112      2.73496      0.00000      0.00000
     -3.79112      3.11172      0.00000      0.00000
     -3.78112      2.75369      0.00000      0.00000
     -3.77112      2.36131      0.00000      0.00000
     -3.76112      2.62590      0.00000      0.00000
     -3.75112      2.30200      0.00000      0.00000
     -3.74112      1.55545      0.00000      0.00000
     -3.73112      1.64768      0.00000      0.00000
     -3.72112      3.21302      0.00000      0.00000
     -3.71112      4.46563      0.00000      0.00000
     -3.70112      3.90789      0.00000      0.00000
     -3.69112      2.84777      0.00000      0.00000
     -3.68112      1.49602      0.00000      0.00000
     -3.67112      0.62246      0.00000      0.00000
     -3.66112      0.99306      0.00000      0.00000
     -3.65112      2.09597      0.00000      0.00000
     -3.64112      3.53919      0.00000      0.00000
     -3.63112      5.06155      0.00000      0.00000
     -3.62112      5.15253      0.00000      0.00000
     -3.61112      4.34064      0.00000      0.00000
     -3.60112      4.91873      0.00000      0.00000
     -3.59112      6.30082      0.00000      0.00000
     -3.58112      7.15248      0.00000      0.00000
     -3.57112      6.99778      0.00000      0.00000
     -3.56112      7.75050      0.00000      0.00000
     -3.55112      8.58650      0.00000      0.00000
     -3.54112      7.70855      0.00000      0.00000
     -3.53112      6.60413      0.00000      0.00000
     -3.52112      6.36692      0.00000      0.00000
     -3.51112      5.71040      0.00000      0.00000
     -3.50112      4.77413      0.00000      0.00000
     -3.49112      4.67820      0.00000      0.00000
     -3.48112      4.83938      0.00000      0.00000
     -3.47112      4.72508      0.00000      0.00000
     -3.46112      6.03794      0.00000      0.00000
     -3.45112      7.12490      0.00000      0.00000
     -3.44112      6.64268      0.00000      0.00000
     -3.43112      6.61294      0.00000      0.00000
     -3.42112      6.30183      0.00000      0.00000
     -3.41112      5.98462      0.00000      0.00000
     -3.40112      7.08985      0.00000      0.00000
     -3.39112      9.08529      0.00000      0.00000
     -3.38112     10.78407      0.00000      0.00000
     -3.37112      9.91335      0.00000      0.00000
     -3.36112      8.32379      0.00000      0.00000
     -3.35112      7.03160      0.00000      0.00000
     -3.34112      4.78774      0.00000      0.00000
     -3.33112      2.95979      0.00000      0.00000
     -3.32112      3.07270      0.00000      0.00000
     -3.31112      4.01039      0.00000      0.00000
     -3.30112      4.22630      0.00000      0.00000
     -3.29112      4.86504      0.00000      0.00000
     -3.28112      5.95460      0.00000      0.00000
     -3.27112      5.28376      0.00000      0.00000
     -3.26112      4.48345      0.00000      0.00000
     -3.25112      4.45756      0.00000      0.00000
     -3.24112      4.11186      0.00000      0.00000
     -3.23112      4.75893      0.00000      0.00000
     -3.22112      6.99444      0.00000      0.00000
     -3.21112      7.17747      0.00000      0.00000
     -3.20112      5.27397      0.00000      0.00000
     -3.19112      4.80201      0.00000      0.00000
     -3.18112      4.60011      0.00000      0.00000
     -3.17112      4.22185      0.00000      0.00000
     -3.16112      4.34279      0.00000      0.00000
     -3.15112      4.17980      0.00000      0.00000
     -3.14112      4.33879      0.00000      0.00000
     -3.13112      5.30661      0.00000      0.00000
     -3.12112      5.54039      0.00000      0.00000
     -3.11112      4.40969      0.00000      0.00000
     -3.10112      4.19543      0.00000      0.00000
     -3.09112      5.24836      0.00000      0.00000
     -3.08112      6.43079      0.00000      0.00000
     -3.07112      7.97870      0.00000      0.00000
     -3.06112      7.77801      0.00000      0.00000
     -3.05112      5.97833      0.00000      0.00000
     -3.04112      4.62886      0.00000      0.00000
     -3.03112      3.88935      0.00000      0.00000
     -3.02112      4.33385      0.00000      0.00000
     -3.01112      4.75771      0.00000      0.00000
     -3.00112      3.61494      0.00000      0.00000
     -2.99112      2.97685      0.00000      0.00000
     -2.98112      3.92272      0.00000      0.00000
     -2.97112      5.60022      0.00000      0.00000
     -2.96112      6.12697      0.00000      0.00000
     -2.95112      4.90031      0.00000      0.00000
     -2.94112      4.27650      0.00000      0.00000
     -2.93112      5.27522      0.00000      0.00000
     -2.92112      5.42159      0.00000      0.00000
     -2.91112      3.82112      0.00000      0.00000
     -2.90112      2.66825      0.00000      0.00000
     -2.89112      2.96731      0.00000      0.00000
     -2.88112      3.28192      0.00000      0.00000
     -2.87112      3.70692      0.00000      0.00000
     -2.86112      4.45956      0.00000      0.00000
     -2.85112      4.07522      0.00000      0.00000
     -2.84112      3.72039      0.00000      0.00000
     -2.83112      3.53962      0.00000      0.00000
     -2.82112      2.92077      0.00000      0.00000
     -2.81112      2.98135      0.00000      0.00000
     -2.80112      3.42025      0.00000      0.00000
     -2.79112      2.64472      0.00000      0.00000
     -2.78112      1.66230      0.00000      0.00000
     -2.77112      2.10849      0.00000      0.00000
     -2.76112      3.37981      0.00000      0.00000
     -2.75112      3.58277      0.00000      0.00000
     -2.74112      2.73034      0.00000      0.00000
     -2.73112      2.54402      0.00000      0.00000
     -2.72112      3.45532      0.00000      0.00000
     -2.71112      3.63223      0.00000      0.00000
     -2.70112      3.04576      0.00000      0.00000
     -2.69112      3.38260      0.00000      0.00000
     -2.68112      3.42721      0.00000      0.00000
     -2.67112      2.97816      0.00000      0.00000
     -2.66112      3.06588      0.00000      0.00000
     -2.65112      3.59336      0.00000      0.00000
     -2.64112      4.19146      0.00000      0.00000
     -2.63112      4.00410      0.00000      0.00000
     -2.62112      3.03368      0.00000      0.00000
     -2.61112      2.37499      0.00000      0.00000
     -2.60112      2.62107      0.00000      0.00000
     -2.59112      2.86671      0.00000      0.00000
     -2.58112      2.28634      0.00000      0.00000
     -2.57112      1.83166      0.00000      0.00000
     -2.56112      2.21932      0.00000      0.00000
     -2.55112      3.43481      0.00000      0.00000
     -2.54112      4.00141      0.00000      0.00000
     -2.53112      3.24014      0.00000      0.00000
     -2.52112      2.46299      0.00000      0.00000
     -2.51112      2.18499      0.00000      0.00000
     -2.50112      2.82580      0.00000      0.00000
     -2.49112      3.94730      0.00000      0.00000
     -2.48112      5.07931      0.00000      0.00000
     -2.47112      5.45218      0.00000      0.00000
     -2.46112      5.40927      0.00000      0.00000
     -2.45112      5.86532      0.00000      0.00000
     -2.44112      5.53437      0.00000      0.00000
     -2.43112      5.04696      0.00000      0.00000
     -2.42112      5.13717      0.00000      0.00000
     -2.41112      4.56003      0.00000      0.00000
     -2.40112      3.90542      0.00000      0.00000
     -2.39112      3.40549      0.00000      0.00000
     -2.38112      3.10947      0.00000      0.00000
     -2.37112      4.33716      0.00000      0.00000
     -2.36112      8.04462      0.00000      0.00000
     -2.35112     11.86596      0.00000      0.00000
     -2.34112     12.13570      0.00000      0.00000
     -2.33112     10.81832      0.00000      0.00000
     -2.32112     10.93752      0.00000      0.00000
     -2.31112     10.37155      0.00000      0.00000
     -2.30112      8.69791      0.00000      0.00000
     -2.29112      8.00669      0.00000      0.00000
     -2.28112      7.12604      0.00000      0.00000
     -2.27112      6.78885      0.00000      0.00000
     -2.26112      8.30614      0.00000      0.00000
     -2.25112      9.21043      0.00000      0.00000
     -2.24112      9.04952      0.00000      0.00000
     -2.23112      9.03479      0.00000      0.00000
     -2.22112      8.63241      0.00000      0.00000
     -2.21112      8.52566      0.00000      0.00000
     -2.20112      8.35196      0.00000      0.00000
     -2.19112      7.04978      0.00000      0.00000
     -2.18112      6.05743      0.00000      0.00000
     -2.17112      5.65721      0.00000      0.00000
     -2.16112      6.03889      0.00000      0.00000
     -2.15112      7.49634      0.00000      0.00000
     -2.14112      7.71352      0.00000      0.00000
     -2.13112      6.22462      0.00000      0.00000
     -2.12112      5.43844      0.00000      0.00000
     -2.11112      5.14459      0.00000      0.00000
     -2.10112      5.32318      0.00000      0.00000
     -2.09112      6.64816      0.00000      0.00000
     -2.08112      7.82260      0.00000      0.00000
     -2.07112      7.74276      0.00000      0.00000
     -2.06112      7.06393      0.00000      0.00000
     -2.05112      7.10359      0.00000      0.00000
     -2.04112      7.15492      0.00000      0.00000
     -2.03112      6.13015      0.00000      0.00000
     -2.02112      5.20940      0.00000      0.00000
     -2.01112      5.50987      0.00000      0.00000
     -2.00112      6.55476      0.00000      0.00000
     -1.99112      7.28106      0.00000      0.00000
     -1.98112      6.71354      0.00000      0.00000
     -1.97112      5.78937      0.00000      0.00000
     -1.96112      5.98982      0.00000      0.00000
     -1.95112      7.18822      0.00000      0.00000
     -1.94112      8.55130      0.00000      0.00000
     -1.93112     10.00250      0.00000      0.00000
     -1.92112      9.09294      0.00000      0.00000
     -1.91112      6.39069      0.00000      0.00000
     -1.90112      6.39839      0.00000      0.00000
     -1.89112      7.56030      0.00000      0.00000
     -1.88112      7.89727      0.00000      0.00000
     -1.87112      8.33143      0.00000      0.00000
     -1.86112      9.27563      0.00000      0.00000
     -1.85112      9.34847      0.00000      0.00000
     -1.84112      7.44486      0.00000      0.00000
     -1.83112      6.07176      0.00000      0.00000
     -1.82112      6.27900      0.00000      0.00000
     -1.81112      7.09966      0.00000      0.00000
     -1.80112      8.00033      0.00000      0.00000
     -1.79112      7.24007      0.00000      0.00000
     -1.78112      5.61841      0.00000      0.00000
     -1.77112      4.41089      0.00000      0.00000
     -1.76112      3.32552      0.00000      0.00000
     -1.75112      2.86143      0.00000      0.00000
     -1.74112      3.33923      0.00000      0.00000
     -1.73112      3.51061      0.00000      0.00000
     -1.72112      3.43089      0.00000      0.00000
     -1.71112      3.34541      0.00000      0.00000
     -1.70112      2.60485      0.00000      0.00000
     -1.69112      2.19731      0.00000      0.00000
     -1.68112      3.02885      0.00000      0.00000
     -1.67112      4.02216      0.00000      0.00000
     -1.66112      3.52448      0.00000      0.00000
     -1.65112      2.02142      0.00000      0.00000
     -1.64112      1.54190      0.00000      0.00000
     -1.63112      3.05864      0.00000      0.00000
     -1.62112      5.28893      0.00000      0.00000
     -1.61112      6.16518      0.00000      0.00000
     -1.60112      5.61366      0.00000      0.00000
     -1.59112      5.91360      0.00000      0.00000
     -1.58112      7.07804      0.00000      0.00000
     -1.57112      6.53488      0.00000      0.00000
     -1.56112      5.43777      0.00000      0.00000
     -1.55112      5.14609      0.00000      0.00000
     -1.54112      5.47717      0.00000      0.00000
     -1.53112      5.94706      0.00000      0.00000
     -1.52112      5.69049      0.00000      0.00000
     -1.51112      6.35017      0.00000      0.00000
     -1.50112      6.56986      0.00000      0.00000
     -1.49112      5.33626      0.00000      0.00000
     -1.48112      4.91073      0.00000      0.00000
     -1.47112      5.30233      0.00000      0.00000
     -1.46112      4.52845      0.00000      0.00000
     -1.45112      3.69877      0.00000      0.00000
     -1.44112      4.28187      0.00000      0.00000
     -1.43112      5.27097      0.00000      0.00000
     -1.42112      5.55365      0.00000      0.00000
     -1.41112      5.12278      0.00000      0.00000
     -1.40112      4.59046      0.00000      0.00000
     -1.39112      4.57312      0.00000      0.00000
     -1.38112      4.23841      0.00000      0.00000
     -1.37112      3.73278      0.00000      0.00000
     -1.36112      3.98475      0.00000      0.00000
     -1.35112      4.37061      0.00000      0.00000
     -1.34112      4.76842      0.00000      0.00000
     -1.33112      5.40062      0.00000      0.00000
     -1.32112      5.69515      0.00000      0.00000
     -1.31112      5.46304      0.00000      0.00000
     -1.30112      4.31397      0.00000      0.00000
     -1.29112      3.35997      0.00000      0.00000
     -1.28112      3.36769      0.00000      0.00000
     -1.27112      4.08973      0.00000      0.00000
     -1.26112      4.84491      0.00000      0.00000
     -1.25112      4.58128      0.00000      0.00000
     -1.24112      4.64735      0.00000      0.00000
     -1.23112      4.66900      0.00000      0.00000
     -1.22112      4.28489      0.00000      0.00000
     -1.21112      3.73445      0.00000      0.00000
     -1.20112      3.02647      0.00000      0.00000
     -1.19112      2.48105      0.00000      0.00000
     -1.18112      1.80698      0.00000      0.00000
     -1.17112      1.41245      0.00000      0.00000
     -1.16112      1.01556      0.00000      0.00000
     -1.15112      0.88687      0.00000      0.00000
     -1.14112      1.33808      0.00000      0.00000
     -1.13112      1.56867      0.00000      0.00000
     -1.12112      1.15985      0.00000      0.00000
     -1.11112      0.75870      0.00000      0.00000
     -1.10112      1.08752      0.00000      0.00000
     -1.09112      1.69077      0.00000      0.00000
     -1.08112      1.76844      0.00000      0.00000
     -1.07112      2.42880      0.00000      0.00000
     -1.06112      2.70824      0.00000      0.00000
     -1.05112      1.86145      0.00000      0.00000
     -1.04112      2.13588      0.00000      0.00000
     -1.03112      2.93795      0.00000      0.00000
     -1.02112      2.99149      0.00000      0.00000
     -1.01112      2.96895      0.00000      0.00000
     -1.00112      3.20768      0.00000      0.00000
     -0.99112      3.73113      0.00000      0.00000
     -0.98112      3.56185      0.00000      0.00000
     -0.97112      3.04361      0.00000      0.00000
     -0.96112      3.07766      0.00000      0.00000
     -0.95112      3.56090      0.00000      0.00000
     -0.94112      3.79143      0.00000      0.00000
     -0.93112      4.07510      0.00000      0.00000
     -0.92112      4.74572      0.00000      0.00000
     -0.91112      4.80745      0.00000      0.00000
     -0.90112      4.59126      0.00000      0.00000
     -0.89112      5.50530      0.00000      0.00000
     -0.88112      7.99373      0.00000      0.00000
     -0.87112      9.29845      0.00000      0.00000
     -0.86112      7.50718      0.00000      0.00000
     -0.85112      6.16353      0.00000      0.00000
     -0.84112      6.39318      0.00000      0.00000
     -0.83112      6.54709      0.00000      0.00000
     -0.82112      6.00643      0.00000      0.00000
     -0.81112      5.94200      0.00000      0.00000
     -0.80112      7.13516      0.00000      0.00000
     -0.79112      7.83754      0.00000      0.00000
     -0.78112      7.99027      0.00000      0.00000
     -0.77112      8.42444      0.00000      0.00000
     -0.76112      8.26810      0.00000      0.00000
     -0.75112      6.67971      0.00000      0.00000
     -0.74112      5.81119      0.00000      0.00000
     -0.73112      5.30385      0.00000      0.00000
     -0.72112      5.76123      0.00000      0.00000
     -0.71112      7.22590      0.00000      0.00000
     -0.70112      6.90761      0.00000      0.00000
     -0.69112      5.24669      0.00000      0.00000
     -0.68112      4.27301      0.00000      0.00000
     -0.67112      5.39533      0.00000      0.00000
     -0.66112      6.74325      0.00000      0.00000
     -0.65112      6.50413      0.00000      0.00000
     -0.64112      5.52926      0.00000      0.00000
     -0.63112      4.28546      0.00000      0.00000
     -0.62112      5.12707      0.00000      0.00000
     -0.61112      6.91703      0.00000      0.00000
     -0.60112      6.35511      0.00000      0.00000
     -0.59112      4.94703      0.00000      0.00000
     -0.58112      4.24844      0.00000      0.00000
     -0.57112      4.17241      0.00000      0.00000
     -0.56112      6.03909      0.00000      0.00000
     -0.55112      7.63724      0.00000      0.00000
     -0.54112      6.25591      0.00000      0.00000
     -0.53112      4.70797      0.00000      0.00000
     -0.52112      4.94229      0.00000      0.00000
     -0.51112      6.21750      0.00000      0.00000
     -0.50112      6.56347      0.00000      0.00000
     -0.49112      5.88402      0.00000      0.00000
     -0.48112      5.20743      0.00000      0.00000
     -0.47112      4.21516      0.00000      0.00000
     -0.46112      3.64794      0.00000      0.00000
     -0.45112      4.11422      0.00000      0.00000
     -0.44112      5.19197      0.00000      0.00000
     -0.43112      4.94203      0.00000      0.00000
     -0.42112      3.85054      0.00000      0.00000
     -0.41112      3.10423      0.00000      0.00000
     -0.40112      2.61771      0.00000      0.00000
     -0.39112      2.84373      0.00000      0.00000
     -0.38112      3.51392      0.00000      0.00000
     -0.37112      3.41850      0.00000      0.00000
     -0.36112      2.56923      0.00000      0.00000
     -0.35112      1.74994      0.00000      0.00000
     -0.34112      1.39174      0.00000      0.00000
     -0.33112      1.42677      0.00000      0.00000
     -0.32112      1.59937      0.00000      0.00000
     -0.31112      2.17312      0.00000      0.00000
     -0.30112      2.40853      0.00000      0.00000
     -0.29112      1.98073      0.00000      0.00000
     -0.28112      1.47249      0.00000      0.00000
     -0.27112      1.24341      0.00000      0.00000
     -0.26112      1.67272      0.00000      0.00000
     -0.25112      1.87866      0.00000      0.00000
     -0.24112      1.88337      0.00000      0.00000
     -0.23112      1.96967      0.00000      0.00000
     -0.22112      1.43040      0.00000      0.00000
     -0.21112      0.80225      0.00000      0.00000
     -0.20112      0.68783      0.00000      0.00000
     -0.19112      0.57154      0.00000      0.00000
     -0.18112      0.52988      0.00000      0.00000
     -0.17112      0.83591      0.00000      0.00000
     -0.16112      0.90959      0.00000      0.00000
     -0.15112      0.62862      0.00000      0.00000
     -0.14112      0.56344      0.00000      0.00000
     -0.13112      0.57364      0.00000      0.00000
     -0.12112      0.46661      0.00000      0.00000
     -0.11112      0.68399      0.00000      0.00000
     -0.10112      0.92075      0.00000      0.00000
     -0.09112      0.93165      0.00000      0.00000
     -0.08112      0.80186      0.00000      0.00000
     -0.07112      0.46584      0.00000      0.00000
     -0.06112      0.17795      0.00000      0.00000
     -0.05112      0.28910      0.00000      0.00000
     -0.04112      0.54386      0.00000      0.00000
     -0.03112      0.51248      0.00000      0.00000
     -0.02112      0.52766      0.00000      0.00000
     -0.01112      0.55135      0.00000      0.00000
     -0.00112      0.25850      0.00000      0.00000
      0.00888      0.04545      0.00000      0.00000
      0.01888      0.00294      0.00000      0.00000
      0.02888      0.00007      0.00000      0.00000
      0.03888      0.00000      0.00000      0.00000
      0.04888      0.00000      0.00000      0.00000
      0.05888      0.00000      0.00000      0.00000
      0.06888      0.00000      0.00000      0.00000
      0.07888      0.00000      0.00000      0.00000
      0.08888      0.00000      0.00000      0.00000
      0.09888      0.00000      0.00000      0.00000
      0.10888      0.00000      0.00000      0.00000
      0.11888      0.00000      0.00000      0.00000
      0.12888      0.00000      0.00000      0.00000
      0.13888      0.00000      0.00000      0.00000
      0.14888      0.00000      0.00000      0.00000
      0.15888      0.00000      0.00000      0.00000
      0.16888      0.00000      0.00000      0.00000
      0.17888      0.00000      0.00000      0.00000
      0.18888      0.00000      0.00000      0.00000
      0.19888      0.00000      0.00000      0.00000
      0.20888      0.00000      0.00000      0.00000
      0.21888      0.00000      0.00000      0.00000
      0.22888      0.00000      0.00000      0.00000
      0.23888      0.00000      0.00000      0.00000
      0.24888      0.00000      0.00000      0.00000
      0.25888      0.00000      0.00000      0.00000
      0.26888      0.00000      0.00000      0.00000
      0.27888      0.00000      0.00000      0.00000
      0.28888      0.00000      0.00000      0.00000
      0.29888      0.00000      0.00000      0.00000
      0.30888      0.00000      0.00000      0.00000
      0.31888      0.00000      0.00000      0.00000
      0.32888      0.00000      0.00000      0.00000
      0.33888      0.00000      0.00000      0.00000
      0.34888      0.00000      0.00000      0.00000
      0.35888      0.00000      0.00000      0.00000
      0.36888      0.00000      0.00000      0.00000
      0.37888      0.00000      0.00000      0.00000
      0.38888      0.00000      0.00000      0.00000
      0.39888      0.00000      0.00000      0.00000
      0.40888      0.00000      0.00000      0.00000
      0.41888      0.00000      0.00000      0.00000
      0.42888      0.00000      0.00000      0.00000
      0.43888      0.00000      0.00000      0.00000
      0.44888      0.00000      0.00000      0.00000
      0.45888      0.00000      0.00000      0.00000
      0.46888      0.00000      0.00000      0.00000
      0.47888      0.00000      0.00000      0.00000
      0.48888      0.00000      0.00000      0.00000
      0.49888      0.00000      0.00000      0.00000
      0.50888      0.00000      0.00000      0.00000
      0.51888      0.00000      0.00000      0.00000
      0.52888      0.00000      0.00000      0.00000
      0.53888      0.00000      0.00000      0.00000
      0.54888      0.00000      0.00000      0.00000
      0.55888      0.00000      0.00000      0.00000
      0.56888      0.00000      0.00000      0.00000
      0.57888      0.00000      0.00000      0.00000
      0.58888      0.00000      0.00000      0.00000
      0.59888      0.00000      0.00000      0.00000
      0.60888      0.00000      0.00000      0.00000
      0.61888      0.00000      0.00000      0.00000
      0.62888      0.00000      0.00000      0.00000
      0.63888      0.00000      0.00000      0.00000
      0.64888      0.00000      0.00000      0.00000
      0.65888      0.00000      0.00000      0.00000
      0.66888      0.00000      0.00000      0.00000
      0.67888      0.00000      0.00000      0.00000
      0.68888      0.00000      0.00000      0.00000
      0.69888      0.00000      0.00000      0.00000
      0.70888      0.00000      0.00000      0.00000
      0.71888      0.00000      0.00000      0.00000
      0.72888      0.00000      0.00000      0.00000
      0.73888      0.00000      0.00000      0.00000
      0.74888      0.00000      0.00000      0.00000
      0.75888      0.00000      0.00000      0.00000
      0.76888      0.00000      0.00000      0.00000
      0.77888      0.00000      0.00000      0.00000
      0.78888      0.00000      0.00000      0.00000
      0.79888      0.00000      0.00000      0.00000
      0.80888      0.00000      0.00000      0.00000
      0.81888      0.00000      0.00000      0.00000
      0.82888      0.00000      0.00000      0.00000
      0.83888      0.00000      0.00000      0.00000
      0.84888      0.00000      0.00000      0.00000
      0.85888      0.00000      0.00000      0.00000
      0.86888      0.00000      0.00000      0.00000
      0.87888      0.00000      0.00000      0.00000
      0.88888      0.00000      0.00000      0.00000
      0.89888      0.00000      0.00000      0.00000
      0.90888      0.00000      0.00000      0.00000
      0.91888      0.00000      0.00000      0.00000
      0.92888      0.00000      0.00000      0.00000
      0.93888      0.00000      0.00000      0.00000
      0.94888      0.00000      0.00000      0.00000
      0.95888      0.00000      0.00000      0.00000
      0.96888      0.00000      0.00000      0.00000
      0.97888      0.00000      0.00000      0.00000
      0.98888      0.00000      0.00000      0.00000
      0.99888      0.00000      0.00000      0.00000
      1.00888      0.00000      0.00000      0.00000
      1.01888      0.00000      0.00000      0.00000
      1.02888      0.00000      0.00000      0.00000
      1.03888      0.00000      0.00000      0.00000
      1.04888      0.00000      0.00000      0.00000
      1.05888      0.00000      0.00000      0.00000
      1.06888      0.00000      0.00000      0.00000
      1.07888      0.00000      0.00000      0.00000
      1.08888      0.00000      0.00000      0.00000
      1.09888      0.00000      0.00000      0.00000
      1.10888      0.00000      0.00000      0.00000
      1.11888      0.00000      0.00000      0.00000
      1.12888      0.00000      0.00000      0.00000
      1.13888      0.00000      0.00000      0.00000
      1.14888      0.00000      0.00000      0.00000
      1.15888      0.00000      0.00000      0.00000
      1.16888      0.00000      0.00000      0.00000
      1.17888      0.00000      0.00000      0.00000
      1.18888      0.00000      0.00000      0.00000
      1.19888      0.00000      0.00000      0.00000
      1.20888      0.00000      0.00000      0.00000
      1.21888      0.00000      0.00000      0.00000
      1.22888      0.00000      0.00000      0.00000
      1.23888      0.00000      0.00000      0.00000
      1.24888      0.00000      0.00000      0.00000
      1.25888      0.00000      0.00000      0.00000
      1.26888      0.00000      0.00000      0.00000
      1.27888      0.00000      0.00000      0.00000
      1.28888      0.00000      0.00000      0.00000
      1.29888      0.00000      0.00000      0.00000
      1.30888      0.00000      0.00000      0.00000
      1.31888      0.00000      0.00000      0.00000
      1.32888      0.00000      0.00000      0.00000
      1.33888      0.00000      0.00000      0.00000
      1.34888      0.00000      0.00000      0.00000
      1.35888      0.00000      0.00000      0.00000
      1.36888      0.00000      0.00000      0.00000
      1.37888      0.00000      0.00000      0.00000
      1.38888      0.00000      0.00000      0.00000
      1.39888      0.00000      0.00000      0.00000
      1.40888      0.00000      0.00000      0.00000
      1.41888      0.00000      0.00000      0.00000
      1.42888      0.00000      0.00000      0.00000
      1.43888      0.00000      0.00000      0.00000
      1.44888      0.00000      0.00000      0.00000
      1.45888      0.00000      0.00000      0.00000
      1.46888      0.00000      0.00000      0.00000
      1.47888      0.00000      0.00000      0.00000
      1.48888      0.00000      0.00000      0.00000
      1.49888      0.00000      0.00000      0.00000
      1.50888      0.00000      0.00000      0.00000
      1.51888      0.00000      0.00000      0.00000
      1.52888      0.00000      0.00000      0.00000
      1.53888      0.00000      0.00000      0.00000
      1.54888      0.00000      0.00000      0.00000
      1.55888      0.00000      0.00000      0.00000
      1.56888      0.00000      0.00000      0.00000
      1.57888      0.00000      0.00000      0.00000
      1.58888      0.00000      0.00000      0.00000
      1.59888      0.00000      0.00000      0.00000
      1.60888      0.00000      0.00000      0.00000
      1.61888      0.00000      0.00000      0.00000
      1.62888      0.00000      0.00000      0.00000
      1.63888      0.00000      0.00000      0.00000
      1.64888      0.00000      0.00000      0.00000
      1.65888      0.00000      0.00000      0.00000
      1.66888      0.00000      0.00000      0.00000
      1.67888      0.00000      0.00000      0.00000
      1.68888      0.00000      0.00000      0.00000
      1.69888      0.00000      0.00000      0.00000
      1.70888      0.00000      0.00000      0.00000
      1.71888      0.00000      0.00000      0.00000
      1.72888      0.00000      0.00000      0.00000
      1.73888      0.00000      0.00000      0.00000
      1.74888      0.00000      0.00000      0.00000
      1.75888      0.00000      0.00000      0.00000
      1.76888      0.00000      0.00000      0.00000
      1.77888      0.00000      0.00000      0.00000
      1.78888      0.00000      0.00000      0.00000
      1.79888      0.00000      0.00000      0.00000
      1.80888      0.00000      0.00000      0.00000
      1.81888      0.00000      0.00000      0.00000
      1.82888      0.00000      0.00000      0.00000
      1.83888      0.00000      0.00000      0.00000
      1.84888      0.00000      0.00000      0.00000
      1.85888      0.00001      0.00000      0.00000
      1.86888      0.00063      0.00000      0.00000
      1.87888      0.01515      0.00000      0.00000
      1.88888      0.13453      0.00000      0.00000
      1.89888      0.44380      0.00000      0.00000
      1.90888      0.60748      0.00000      0.00000
      1.91888      0.71108      0.00000      0.00000
      1.92888      1.11308      0.00000      0.00000
      1.93888      1.03885      0.00000      0.00000
      1.94888      0.75993      0.00000      0.00000
      1.95888      0.67088      0.00000      0.00000
      1.96888      0.78197      0.00000      0.00000
      1.97888      1.29512      0.00000      0.00000
      1.98888      1.78849      0.00000      0.00000
      1.99888      1.89644      0.00000      0.00000
      2.00888      1.55036      0.00000      0.00000
      2.01888      1.14142      0.00000      0.00000
      2.02888      1.70172      0.00000      0.00000
      2.03888      3.47872      0.00000      0.00000
      2.04888      4.97590      0.00000      0.00000
      2.05888      5.12292      0.00000      0.00000
      2.06888      5.06615      0.00000      0.00000
      2.07888      5.65292      0.00000      0.00000
      2.08888      6.31415      0.00000      0.00000
      2.09888      7.05217      0.00000      0.00000
      2.10888      7.52662      0.00000      0.00000
      2.11888      7.78111      0.00000      0.00000
      2.12888      8.02519      0.00000      0.00000
      2.13888      6.83267      0.00000      0.00000
      2.14888      6.10731      0.00000      0.00000
      2.15888      8.48056      0.00000      0.00000
      2.16888     10.47727      0.00000      0.00000
      2.17888      9.96765      0.00000      0.00000
      2.18888      8.92135      0.00000      0.00000
      2.19888      9.64581      0.00000      0.00000
      2.20888     12.41501      0.00000      0.00000
      2.21888     15.16098      0.00000      0.00000
      2.22888     16.82197      0.00000      0.00000
      2.23888     16.46880      0.00000      0.00000
      2.24888     14.39554      0.00000      0.00000
      2.25888     13.88029      0.00000      0.00000
      2.26888     16.20428      0.00000      0.00000
      2.27888     19.98382      0.00000      0.00000
      2.28888     21.74359      0.00000      0.00000
      2.29888     20.48770      0.00000      0.00000
      2.30888     16.14533      0.00000      0.00000
      2.31888      9.91632      0.00000      0.00000
      2.32888      5.53976      0.00000      0.00000
      2.33888      3.81025      0.00000      0.00000
      2.34888      2.80155      0.00000      0.00000
      2.35888      2.23059      0.00000      0.00000
      2.36888      1.64799      0.00000      0.00000
      2.37888      1.02591      0.00000      0.00000
      2.38888      1.14261      0.00000      0.00000
      2.39888      1.75731      0.00000      0.00000
      2.40888      2.28099      0.00000      0.00000
      2.41888      2.37901      0.00000      0.00000
      2.42888      2.67369      0.00000      0.00000
      2.43888      2.82264      0.00000      0.00000
      2.44888      3.22370      0.00000      0.00000
      2.45888      4.34979      0.00000      0.00000
      2.46888      4.79495      0.00000      0.00000
      2.47888      4.83404      0.00000      0.00000
      2.48888      5.23909      0.00000      0.00000
      2.49888      5.93344      0.00000      0.00000
      2.50888      6.39169      0.00000      0.00000
      2.51888      7.45553      0.00000      0.00000
      2.52888      7.96176      0.00000      0.00000
      2.53888      8.06447      0.00000      0.00000
      2.54888     10.55737      0.00000      0.00000
      2.55888     13.94622      0.00000      0.00000
      2.56888     15.23974      0.00000      0.00000
      2.57888     15.40804      0.00000      0.00000
      2.58888     15.41302      0.00000      0.00000
      2.59888     14.27508      0.00000      0.00000
      2.60888     12.38499      0.00000      0.00000
      2.61888     11.13184      0.00000      0.00000
      2.62888     11.36816      0.00000      0.00000
      2.63888     10.99610      0.00000      0.00000
      2.64888      8.95032      0.00000      0.00000
      2.65888      7.81213      0.00000      0.00000
      2.66888      7.14367      0.00000      0.00000
      2.67888      6.76904      0.00000      0.00000
      2.68888      6.83859      0.00000      0.00000
      2.69888      6.92550      0.00000      0.00000
      2.70888      7.84815      0.00000      0.00000
      2.71888      7.99894      0.00000      0.00000
      2.72888      6.60327      0.00000      0.00000
      2.73888      5.32997      0.00000      0.00000
      2.74888      4.65733      0.00000      0.00000
      2.75888      5.54726      0.00000      0.00000
      2.76888      6.82356      0.00000      0.00000
      2.77888      6.43291      0.00000      0.00000
      2.78888      6.50611      0.00000      0.00000
      2.79888      7.22939      0.00000      0.00000
      2.80888      7.42793      0.00000      0.00000
      2.81888      6.16956      0.00000      0.00000
      2.82888      5.23783      0.00000      0.00000
      2.83888      5.59022      0.00000      0.00000
      2.84888      7.02170      0.00000      0.00000
      2.85888      8.26708      0.00000      0.00000
      2.86888      7.33236      0.00000      0.00000
      2.87888      6.07196      0.00000      0.00000
      2.88888      6.02898      0.00000      0.00000
      2.89888      6.58351      0.00000      0.00000
      2.90888      7.34323      0.00000      0.00000
      2.91888      8.07431      0.00000      0.00000
      2.92888      8.28322      0.00000      0.00000
      2.93888      6.88765      0.00000      0.00000
      2.94888      4.98197      0.00000      0.00000
      2.95888      5.04495      0.00000      0.00000
      2.96888      5.85214      0.00000      0.00000
      2.97888      6.34020      0.00000      0.00000
      2.98888      6.55179      0.00000      0.00000
      2.99888      6.30822      0.00000      0.00000
      3.00888      6.27446      0.00000      0.00000
      3.01888      6.97479      0.00000      0.00000
      3.02888      7.23064      0.00000      0.00000
      3.03888      6.21324      0.00000      0.00000
      3.04888      5.05828      0.00000      0.00000
      3.05888      5.48429      0.00000      0.00000
      3.06888      7.31462      0.00000      0.00000
      3.07888      7.97851      0.00000      0.00000
      3.08888      7.01927      0.00000      0.00000
      3.09888      6.25629      0.00000      0.00000
      3.10888      7.26378      0.00000      0.00000
      3.11888      8.10189      0.00000      0.00000
      3.12888      7.08469      0.00000      0.00000
      3.13888      6.32071      0.00000      0.00000
      3.14888      6.13172      0.00000      0.00000
      3.15888      6.91943      0.00000      0.00000
      3.16888      8.07822      0.00000      0.00000
      3.17888      8.57920      0.00000      0.00000
      3.18888      7.99373      0.00000      0.00000
      3.19888      7.17872      0.00000      0.00000
      3.20888      7.58913      0.00000      0.00000
      3.21888      8.97366      0.00000      0.00000
      3.22888      9.12150      0.00000      0.00000
      3.23888      7.49051      0.00000      0.00000
      3.24888      6.16940      0.00000      0.00000
      3.25888      5.68418      0.00000      0.00000
      3.26888      5.86109      0.00000      0.00000
      3.27888      6.20584      0.00000      0.00000
      3.28888      6.34204      0.00000      0.00000
      3.29888      5.80993      0.00000      0.00000
      3.30888      5.23499      0.00000      0.00000
      3.31888      5.20277      0.00000      0.00000
      3.32888      5.00106      0.00000      0.00000
      3.33888      4.32613      0.00000      0.00000
      3.34888      4.00893      0.00000      0.00000
      3.35888      4.71910      0.00000      0.00000
      3.36888      4.47932      0.00000      0.00000
      3.37888      3.37236      0.00000      0.00000
      3.38888      3.29768      0.00000      0.00000
      3.39888      3.74587      0.00000      0.00000
      3.40888      4.19420      0.00000      0.00000
      3.41888      4.09855      0.00000      0.00000
      3.42888      4.01667      0.00000      0.00000
      3.43888      4.20529      0.00000      0.00000
      3.44888      3.85956      0.00000      0.00000
      3.45888      3.27554      0.00000      0.00000
      3.46888      3.99458      0.00000      0.00000
      3.47888      5.03953      0.00000      0.00000
      3.48888      3.97774      0.00000      0.00000
      3.49888      2.14478      0.00000      0.00000
      3.50888      1.64419      0.00000      0.00000
      3.51888      2.08574      0.00000      0.00000
      3.52888      2.82996      0.00000      0.00000
      3.53888      3.29231      0.00000      0.00000
      3.54888      2.90502      0.00000      0.00000
      3.55888      2.36129      0.00000      0.00000
      3.56888      1.96999      0.00000      0.00000
      3.57888      1.47387      0.00000      0.00000
      3.58888      1.61527      0.00000      0.00000
      3.59888      2.35463      0.00000      0.00000
      3.60888      2.49040      0.00000      0.00000
      3.61888      2.08015      0.00000      0.00000
      3.62888      2.04905      0.00000      0.00000
      3.63888      2.47959      0.00000      0.00000
      3.64888      3.40475      0.00000      0.00000
      3.65888      3.93667      0.00000      0.00000
      3.66888      3.76123      0.00000      0.00000
      3.67888      3.62412      0.00000      0.00000
      3.68888      3.64069      0.00000      0.00000
      3.69888      3.80990      0.00000      0.00000
      3.70888      4.39323      0.00000      0.00000
      3.71888      4.43050      0.00000      0.00000
      3.72888      3.24577      0.00000      0.00000
      3.73888      2.37780      0.00000      0.00000
      3.74888      2.12938      0.00000      0.00000
      3.75888      2.64869      0.00000      0.00000
      3.76888      2.55225      0.00000      0.00000
      3.77888      1.83692      0.00000      0.00000
      3.78888      1.67937      0.00000      0.00000
      3.79888      1.77748      0.00000      0.00000
      3.80888      1.72761      0.00000      0.00000
      3.81888      2.40447      0.00000      0.00000
      3.82888      3.63880      0.00000      0.00000
      3.83888      3.67263      0.00000      0.00000
      3.84888      2.32630      0.00000      0.00000
      3.85888      1.67953      0.00000      0.00000
      3.86888      2.32278      0.00000      0.00000
      3.87888      2.80995      0.00000      0.00000
      3.88888      2.60320      0.00000      0.00000
      3.89888      2.31433      0.00000      0.00000
      3.90888      2.42059      0.00000      0.00000
      3.91888      2.96846      0.00000      0.00000
      3.92888      2.65822      0.00000      0.00000
      3.93888      1.65054      0.00000      0.00000
      3.94888      2.04870      0.00000      0.00000
      3.95888      3.01462      0.00000      0.00000
      3.96888      3.44746      0.00000      0.00000
      3.97888      3.93960      0.00000      0.00000
      3.98888      4.25827      0.00000      0.00000
      3.99888      3.49024      0.00000      0.00000
      4.00888      2.31194      0.00000      0.00000
      4.01888      2.38182      0.00000      0.00000
      4.02888      2.84308      0.00000      0.00000
      4.03888      2.83663      0.00000      0.00000
      4.04888      2.90949      0.00000      0.00000
      4.05888      2.94215      0.00000      0.00000
      4.06888      2.42723      0.00000      0.00000
      4.07888      2.19339      0.00000      0.00000
      4.08888      3.09750      0.00000      0.00000
      4.09888      4.27037      0.00000      0.00000
      4.10888      4.26380      0.00000      0.00000
      4.11888      3.82169      0.00000      0.00000
      4.12888      4.57261      0.00000      0.00000
      4.13888      5.00171      0.00000      0.00000
      4.14888      3.26122      0.00000      0.00000
      4.15888      1.65433      0.00000      0.00000
      4.16888      1.95647      0.00000      0.00000
      4.17888      2.13748      0.00000      0.00000
      4.18888      1.49180      0.00000      0.00000
      4.19888      1.65261      0.00000      0.00000
      4.20888      1.74996      0.00000      0.00000
      4.21888      1.14201      0.00000      0.00000
      4.22888      0.69504      0.00000      0.00000
      4.23888      1.43657      0.00000      0.00000
      4.24888      2.69147      0.00000      0.00000
      4.25888      2.95328      0.00000      0.00000
      4.26888      3.55511      0.00000      0.00000
      4.27888      3.64975      0.00000      0.00000
      4.28888      2.52519      0.00000      0.00000
      4.29888      2.69206      0.00000      0.00000
      4.30888      2.99532      0.00000      0.00000
      4.31888      2.35296      0.00000      0.00000
      4.32888      2.96448      0.00000      0.00000
      4.33888      3.71462      0.00000      0.00000
      4.34888      3.42059      0.00000      0.00000
      4.35888      4.36056      0.00000      0.00000
      4.36888      6.11319      0.00000      0.00000
      4.37888      6.99537      0.00000      0.00000
      4.38888      7.24240      0.00000      0.00000
      4.39888      6.11439      0.00000      0.00000
      4.40888      5.12925      0.00000      0.00000
      4.41888      5.32049      0.00000      0.00000
      4.42888      7.01806      0.00000      0.00000
      4.43888      9.59876      0.00000      0.00000
      4.44888     10.90866      0.00000      0.00000
      4.45888     11.50272      0.00000      0.00000
      4.46888     13.44217      0.00000      0.00000
      4.47888     15.53588      0.00000      0.00000
      4.48888     16.14752      0.00000      0.00000
      4.49888     13.76535      0.00000      0.00000
      4.50888     10.68857      0.00000      0.00000
      4.51888     10.03887      0.00000      0.00000
      4.52888      9.93582      0.00000      0.00000
      4.53888      9.28011      0.00000      0.00000
      4.54888      8.79653      0.00000      0.00000
      4.55888      8.33725      0.00000      0.00000
      4.56888      7.28953      0.00000      0.00000
      4.57888      6.04329      0.00000      0.00000
      4.58888      5.18254      0.00000      0.00000
      4.59888      3.66428      0.00000      0.00000
      4.60888      2.39928      0.00000      0.00000
      4.61888      2.79181      0.00000      0.00000
      4.62888      3.19370      0.00000      0.00000
      4.63888      3.19469      0.00000      0.00000
      4.64888      3.33301      0.00000      0.00000
      4.65888      3.08688      0.00000      0.00000
      4.66888      2.58720      0.00000      0.00000
      4.67888      2.73985      0.00000      0.00000
      4.68888      2.12420      0.00000      0.00000
      4.69888      1.03081      0.00000      0.00000
      4.70888      1.46286      0.00000      0.00000
      4.71888      2.57741      0.00000      0.00000
      4.72888      2.85300      0.00000      0.00000
      4.73888      2.66174      0.00000      0.00000
      4.74888      1.93570      0.00000      0.00000
      4.75888      1.02898      0.00000      0.00000
      4.76888      1.14326      0.00000      0.00000
      4.77888      2.07934      0.00000      0.00000
      4.78888      2.57580      0.00000      0.00000
      4.79888      1.95133      0.00000      0.00000
      4.80888      1.39498      0.00000      0.00000
      4.81888      1.44301      0.00000      0.00000
      4.82888      1.73348      0.00000      0.00000
      4.83888      1.84852      0.00000      0.00000
      4.84888      1.56253      0.00000      0.00000
      4.85888      1.50447      0.00000      0.00000
      4.86888      1.58384      0.00000      0.00000
      4.87888      1.18276      0.00000      0.00000
      4.88888      1.00111      0.00000      0.00000
      4.89888      1.19263      0.00000      0.00000
      4.90888      1.32961      0.00000      0.00000
      4.91888      1.11882      0.00000      0.00000
      4.92888      0.64681      0.00000      0.00000
      4.93888      0.41742      0.00000      0.00000
      4.94888      0.60064      0.00000      0.00000
      4.95888      0.69944      0.00000      0.00000
      4.96888      0.67081      0.00000      0.00000
      4.97888      0.40910      0.00000      0.00000
      4.98888      0.10600      0.00000      0.00000
      4.99888      0.01036      0.00000      0.00000
      5.00888      0.00037      0.00000      0.00000
      5.01888      0.00000      0.00000      0.00000
      5.02888      0.00000      0.00000      0.00000
      5.03888      0.00000      0.00000      0.00000
      5.04888      0.00000      0.00000      0.00000
      5.05888      0.00000      0.00000      0.00000
      5.06888      0.00000      0.00000      0.00000
      5.07888      0.00000      0.00000      0.00000
      5.08888      0.00000      0.00000      0.00000
      5.09888      0.00000      0.00000      0.00000
      5.10888      0.00000      0.00000      0.00000
      5.11888      0.00000      0.00000      0.00000
      5.12888      0.00000      0.00000      0.00000
      5.13888      0.00000      0.00000      0.00000
      5.14888      0.00000      0.00000      0.00000
      5.15888      0.00000      0.00000      0.00000
      5.16888      0.00000      0.00000      0.00000
      5.17888      0.00000      0.00000      0.00000
      5.18888      0.00000      0.00000      0.00000
      5.19888      0.00000      0.00000      0.00000
      5.20888      0.00000      0.00000      0.00000
      5.21888      0.00000      0.00000      0.00000
      5.22888      0.00000      0.00000      0.00000
      5.23888      0.00000      0.00000      0.00000
      5.24888      0.00000      0.00000      0.00000
      5.25888      0.00000      0.00000      0.00000
      5.26888      0.00000      0.00000      0.00000
      5.27888      0.00000      0.00000      0.00000
      5.28888      0.00000      0.00000      0.00000
      5.29888      0.00000      0.00000      0.00000
      5.30888      0.00000      0.00000      0.00000
      5.31888      0.00000      0.00000      0.00000
      5.32888      0.00000      0.00000      0.00000
      5.33888      0.00000      0.00000      0.00000
      5.34888      0.00000      0.00000      0.00000
      5.35888      0.00000      0.00000      0.00000
      5.36888      0.00000      0.00000      0.00000
      5.37888      0.00000      0.00000      0.00000
      5.38888      0.00000      0.00000      0.00000
      5.39888      0.00000      0.00000      0.00000
      5.40888      0.00000      0.00000      0.00000
      5.41888      0.00000      0.00000      0.00000
      5.42888      0.00000      0.00000      0.00000
      5.43888      0.00000      0.00000      0.00000
      5.44888      0.00000      0.00000      0.00000
      5.45888      0.00000      0.00000      0.00000
      5.46888      0.00000      0.00000      0.00000
      5.47888      0.00000      0.00000      0.00000
      5.48888      0.00000      0.00000      0.00000
      5.49888      0.00000      0.00000      0.00000
      5.50888      0.00000      0.00000      0.00000
      5.51888      0.00000      0.00000      0.00000
      5.52888      0.00000      0.00000      0.00000
      5.53888      0.00000      0.00000      0.00000
      5.54888      0.00000      0.00000      0.00000
      5.55888      0.00000      0.00000      0.00000
      5.56888      0.00000      0.00000      0.00000
      5.57888      0.00000      0.00000      0.00000
      5.58888      0.00000      0.00000      0.00000
      5.59888      0.00000      0.00000      0.00000
      5.60888      0.00000      0.00000      0.00000
      5.61888      0.00000      0.00000      0.00000
      5.62888      0.00000      0.00000      0.00000
      5.63888      0.00000      0.00000      0.00000
      5.64888      0.00000      0.00000      0.00000
      5.65888      0.00000      0.00000      0.00000
      5.66888      0.00000      0.00000      0.00000
      5.67888      0.00000      0.00000      0.00000
      5.68888      0.00000      0.00000      0.00000
      5.69888      0.00000      0.00000      0.00000
      5.70888      0.00000      0.00000      0.00000
      5.71888      0.00000      0.00000      0.00000
      5.72888      0.00000      0.00000      0.00000
      5.73888      0.00000      0.00000      0.00000
      5.74888      0.00000      0.00000      0.00000
      5.75888      0.00000      0.00000      0.00000
      5.76888      0.00000      0.00000      0.00000
      5.77888      0.00000      0.00000      0.00000
      5.78888      0.00000      0.00000      0.00000
      5.79888      0.00000      0.00000      0.00000
      5.80888      0.00000      0.00000      0.00000
      5.81888      0.00000      0.00000      0.00000
      5.82888      0.00000      0.00000      0.00000
      5.83888      0.00000      0.00000      0.00000
      5.84888      0.00000      0.00000      0.00000
      5.85888      0.00000      0.00000      0.00000
      5.86888      0.00000      0.00000      0.00000
      5.87888      0.00000      0.00000      0.00000
      5.88888      0.00000      0.00000      0.00000
      5.89888      0.00000      0.00000      0.00000
      5.90888      0.00000      0.00000      0.00000
      5.91888      0.00000      0.00000      0.00000
      5.92888      0.00000      0.00000      0.00000
      5.93888      0.00000      0.00000      0.00000
      5.94888      0.00000      0.00000      0.00000
      5.95888      0.00000      0.00000      0.00000
      5.96888      0.00000      0.00000      0.00000
      5.97888      0.00000      0.00000      0.00000
      5.98888      0.00000      0.00000      0.00000
      5.99888      0.00000      0.00000      0.00000
      6.00888      0.00000      0.00000      0.00000
      6.01888      0.00000      0.00000      0.00000
      6.02888      0.00000      0.00000      0.00000
      6.03888      0.00000      0.00000      0.00000
      6.04888      0.00000      0.00000      0.00000
      6.05888      0.00000      0.00000      0.00000
      6.06888      0.00000      0.00000      0.00000
      6.07888      0.00000      0.00000      0.00000
      6.08888      0.00000      0.00000      0.00000
      6.09888      0.00000      0.00000      0.00000
      6.10888      0.00000      0.00000      0.00000
      6.11888      0.00000      0.00000      0.00000
      6.12888      0.00000      0.00000      0.00000
      6.13888      0.00000      0.00000      0.00000
      6.14888      0.00000      0.00000      0.00000
      6.15888      0.00000      0.00000      0.00000
      6.16888      0.00000      0.00000      0.00000
      6.17888      0.00000      0.00000      0.00000
      6.18888      0.00000      0.00000      0.00000
      6.19888      0.00000      0.00000      0.00000
      6.20888      0.00000      0.00000      0.00000
      6.21888      0.00000      0.00000      0.00000
      6.22888      0.00000      0.00000      0.00000
      6.23888      0.00000      0.00000      0.00000
      6.24888      0.00000      0.00000      0.00000
      6.25888      0.00000      0.00000      0.00000
      6.26888      0.00000      0.00000      0.00000
      6.27888      0.00000      0.00000      0.00000
      6.28888      0.00000      0.00000      0.00000
      6.29888      0.00000      0.00000      0.00000
      6.30888      0.00000      0.00000      0.00000
      6.31888      0.00000      0.00000      0.00000
      6.32888      0.00000      0.00000      0.00000
      6.33888      0.00001      0.00000      0.00000
      6.34888      0.00053      0.00000      0.00000
      6.35888      0.01119      0.00000      0.00000
      6.36888      0.08882      0.00000      0.00000
      6.37888      0.30330      0.00000      0.00000
      6.38888      0.67716      0.00000      0.00000
      6.39888      1.31584      0.00000      0.00000
      6.40888      1.63332      0.00000      0.00000
      6.41888      1.08925      0.00000      0.00000
      6.42888      0.39412      0.00000      0.00000
      6.43888      0.21760      0.00000      0.00000
      6.44888      0.48381      0.00000      0.00000
      6.45888      0.81103      0.00000      0.00000
      6.46888      1.22519      0.00000      0.00000
      6.47888      1.76073      0.00000      0.00000
      6.48888      1.62467      0.00000      0.00000
      6.49888      0.96826      0.00000      0.00000
      6.50888      0.97284      0.00000      0.00000
      6.51888      1.24821      0.00000      0.00000
      6.52888      1.27933      0.00000      0.00000
      6.53888      1.57718      0.00000      0.00000
      6.54888      1.78785      0.00000      0.00000
      6.55888      1.39645      0.00000      0.00000
      6.56888      0.78325      0.00000      0.00000
      6.57888      0.79289      0.00000      0.00000
      6.58888      1.09097      0.00000      0.00000
      6.59888      0.96751      0.00000      0.00000
      6.60888      0.70628      0.00000      0.00000
      6.61888      0.81873      0.00000      0.00000
      6.62888      0.95507      0.00000      0.00000
      6.63888      0.61653      0.00000      0.00000
      6.64888      0.30722      0.00000      0.00000
      6.65888      0.61940      0.00000      0.00000
      6.66888      1.06465      0.00000      0.00000
      6.67888      0.95355      0.00000      0.00000
      6.68888      1.27233      0.00000      0.00000
      6.69888      2.14021      0.00000      0.00000
      6.70888      1.91405      0.00000      0.00000
      6.71888      1.41219      0.00000      0.00000
      6.72888      1.75172      0.00000      0.00000
      6.73888      2.15296      0.00000      0.00000
      6.74888      1.78134      0.00000      0.00000
      6.75888      1.45585      0.00000      0.00000
      6.76888      1.89397      0.00000      0.00000
      6.77888      1.87060      0.00000      0.00000
      6.78888      1.26146      0.00000      0.00000
      6.79888      1.18544      0.00000      0.00000
      6.80888      1.69923      0.00000      0.00000
      6.81888      1.85190      0.00000      0.00000
      6.82888      1.56441      0.00000      0.00000
      6.83888      1.38129      0.00000      0.00000
      6.84888      1.00903      0.00000      0.00000
      6.85888      0.87098      0.00000      0.00000
      6.86888      1.34196      0.00000      0.00000
      6.87888      1.37729      0.00000      0.00000
      6.88888      0.83380      0.00000      0.00000
      6.89888      0.68744      0.00000      0.00000
