Energy-E_F (eV)    DOS (1/eV)    PDOS (1/eV)  of atom type W  Se 
     -5.61006      4.85344      0.00000      0.00000
     -5.60006      4.69084      0.00000      0.00000
     -5.59006      3.35528      0.00000      0.00000
     -5.58006      2.59884      0.00000      0.00000
     -5.57006      3.29507      0.00000      0.00000
     -5.56006      3.94480      0.00000      0.00000
     -5.55006      3.58612      0.00000      0.00000
     -5.54006      3.35611      0.00000      0.00000
     -5.53006      3.54628      0.00000      0.00000
     -5.52006      2.72683      0.00000      0.00000
     -5.51006      1.75651      0.00000      0.00000
     -5.50006      2.13664      0.00000      0.00000
     -5.49006      3.02888      0.00000      0.00000
     -5.48006      3.25519      0.00000      0.00000
     -5.47006      2.63097      0.00000      0.00000
     -5.46006      2.03786      0.00000      0.00000
     -5.45006      2.45672      0.00000      0.00000
     -5.44006      2.86089      0.00000      0.00000
     -5.43006      1.98620      0.00000      0.00000
     -5.42006      1.06526      0.00000      0.00000
     -5.41006      1.16415      0.00000      0.00000
     -5.40006      2.16136      0.00000      0.00000
     -5.39006      2.77135      0.00000      0.00000
     -5.38006      2.15399      0.00000      0.00000
     -5.37006      1.38006      0.00000      0.00000
     -5.36006      1.50152      0.00000      0.00000
     -5.35006      2.07688      0.00000      0.00000
     -5.34006      1.92872      0.00000      0.00000
     -5.33006      1.25401      0.00000      0.00000
     -5.32006      0.98504      0.00000      0.00000
     -5.31006      1.23257      0.00000      0.00000
     -5.30006      1.97371      0.00000      0.00000
     -5.29006      2.46234      0.00000      0.00000
     -5.28006      2.03514      0.00000      0.00000
     -5.27006      1.44198      0.00000      0.00000
     -5.26006      1.28937      0.00000      0.00000
     -5.25006      1.78676      0.00000      0.00000
     -5.24006      2.32589      0.00000      0.00000
     -5.23006      1.87573      0.00000      0.00000
     -5.22006      1.13098      0.00000      0.00000
     -5.21006      1.20257      0.00000      0.00000
     -5.20006      2.03882      0.00000      0.00000
     -5.19006      3.12774      0.00000      0.00000
     -5.18006      4.07730      0.00000      0.00000
     -5.17006      5.23824      0.00000      0.00000
     -5.16006      5.86070      0.00000      0.00000
     -5.15006      6.23707      0.00000      0.00000
     -5.14006      7.56300      0.00000      0.00000
     -5.13006      8.72689      0.00000      0.00000
     -5.12006      8.13603      0.00000      0.00000
     -5.11006      6.63236      0.00000      0.00000
     -5.10006      5.83988      0.00000      0.00000
     -5.09006      5.19869      0.00000      0.00000
     -5.08006      4.31676      0.00000      0.00000
     -5.07006      3.87138      0.00000      0.00000
     -5.06006      3.93407      0.00000      0.00000
     -5.05006      3.91690      0.00000      0.00000
     -5.04006      3.39969      0.00000      0.00000
     -5.03006      2.72286      0.00000      0.00000
     -5.02006      2.09057      0.00000      0.00000
     -5.01006      2.50628      0.00000      0.00000
     -5.00006      3.98067      0.00000      0.00000
     -4.99006      5.02899      0.00000      0.00000
     -4.98006      5.79973      0.00000      0.00000
     -4.97006      6.58909      0.00000      0.00000
     -4.96006      6.79303      0.00000      0.00000
     -4.95006      6.23245      0.00000      0.00000
     -4.94006      5.45153      0.00000      0.00000
     -4.93006      5.24285      0.00000      0.00000
     -4.92006      5.62462      0.00000      0.00000
     -4.91006      6.17400      0.00000      0.00000
     -4.90006      6.23175      0.00000      0.00000
     -4.89006      6.11223      0.00000      0.00000
     -4.88006      5.97342      0.00000      0.00000
     -4.87006      6.37594      0.00000      0.00000
     -4.86006      6.57345      0.00000      0.00000
     -4.85006      6.60426      0.00000      0.00000
     -4.84006      7.21289      0.00000      0.00000
     -4.83006      7.60875      0.00000      0.00000
     -4.82006      7.73756      0.00000      0.00000
     -4.81006      8.75647      0.00000      0.00000
     -4.80006     10.92527      0.00000      0.00000
     -4.79006     12.95846      0.00000      0.00000
     -4.78006     12.63739      0.00000      0.00000
     -4.77006     11.15000      0.00000      0.00000
     -4.76006     11.11007      0.00000      0.00000
     -4.75006     11.58923      0.00000      0.00000
     -4.74006     10.69031      0.00000      0.00000
     -4.73006      8.53359      0.00000      0.00000
     -4.72006      7.50300      0.00000      0.00000
     -4.71006      7.94630      0.00000      0.00000
     -4.70006      8.13300      0.00000      0.00000
     -4.69006      6.96224      0.00000      0.00000
     -4.68006      5.29080      0.00000      0.00000
     -4.67006      4.21558      0.00000      0.00000
     -4.66006      4.24832      0.00000      0.00000
     -4.65006      4.73681      0.00000      0.00000
     -4.64006      5.19596      0.00000      0.00000
     -4.63006      6.17658      0.00000      0.00000
     -4.62006      7.00133      0.00000      0.00000
     -4.61006      6.43172      0.00000      0.00000
     -4.60006      4.41910      0.00000      0.00000
     -4.59006      2.82464      0.00000      0.00000
     -4.58006      2.86282      0.00000      0.00000
     -4.57006      2.88361      0.00000      0.00000
     -4.56006      2.17596      0.00000      0.00000
     -4.55006      1.43080      0.00000      0.00000
     -4.54006      1.08376      0.00000      0.00000
     -4.53006      0.98477      0.00000      0.00000
     -4.52006      1.34848      0.00000      0.00000
     -4.51006      2.07069      0.00000      0.00000
     -4.50006      2.53142      0.00000      0.00000
     -4.49006      2.64141      0.00000      0.00000
     -4.48006      2.17735      0.00000      0.00000
     -4.47006      1.36466      0.00000      0.00000
     -4.46006      1.14347      0.00000      0.00000
     -4.45006      1.47845      0.00000      0.00000
     -4.44006      1.78052      0.00000      0.00000
     -4.43006      2.04881      0.00000      0.00000
     -4.42006      2.43886      0.00000      0.00000
     -4.41006      2.07048      0.00000      0.00000
     -4.40006      1.35318      0.00000      0.00000
     -4.39006      1.56083      0.00000      0.00000
     -4.38006      2.36862      0.00000      0.00000
     -4.37006      2.91028      0.00000      0.00000
     -4.36006      3.75911      0.00000      0.00000
     -4.35006      5.27636      0.00000      0.00000
     -4.34006      5.24735      0.00000      0.00000
     -4.33006      3.55487      0.00000      0.00000
     -4.32006      2.48813      0.00000      0.00000
     -4.31006      2.91776      0.00000      0.00000
     -4.30006      3.51847      0.00000      0.00000
     -4.29006      3.37496      0.00000      0.00000
     -4.28006      2.94691      0.00000      0.00000
     -4.27006      2.06091      0.00000      0.00000
     -4.26006      1.49343      0.00000      0.00000
     -4.25006      2.09973      0.00000      0.00000
     -4.24006      2.76902      0.00000      0.00000
     -4.23006      2.72647      0.00000      0.00000
     -4.22006      2.62368      0.00000      0.00000
     -4.21006      2.75074      0.00000      0.00000
     -4.20006      2.27987      0.00000      0.00000
     -4.19006      1.95512      0.00000      0.00000
     -4.18006      2.39079      0.00000      0.00000
     -4.17006      3.01887      0.00000      0.00000
     -4.16006      3.68854      0.00000      0.00000
     -4.15006      4.63070      0.00000      0.00000
     -4.14006      4.78781      0.00000      0.00000
     -4.13006      4.24045      0.00000      0.00000
     -4.12006      3.97577      0.00000      0.00000
     -4.11006      4.06118      0.00000      0.00000
     -4.10006      5.34063      0.00000      0.00000
     -4.09006      6.47440      0.00000      0.00000
     -4.08006      6.24978      0.00000      0.00000
     -4.07006      6.11807      0.00000      0.00000
     -4.06006      6.13793      0.00000      0.00000
     -4.05006      5.08332      0.00000      0.00000
     -4.04006      4.22769      0.00000      0.00000
     -4.03006      4.66610      0.00000      0.00000
     -4.02006      5.51984      0.00000      0.00000
     -4.01006      5.57925      0.00000      0.00000
     -4.00006      4.82807      0.00000      0.00000
     -3.99006      4.03409      0.00000      0.00000
     -3.98006      3.76804      0.00000      0.00000
     -3.97006      4.34960      0.00000      0.00000
     -3.96006      5.40132      0.00000      0.00000
     -3.95006      5.68414      0.00000      0.00000
     -3.94006      5.07663      0.00000      0.00000
     -3.93006      4.43855      0.00000      0.00000
     -3.92006      3.32699      0.00000      0.00000
     -3.91006      3.21436      0.00000      0.00000
     -3.90006      5.03031      0.00000      0.00000
     -3.89006      6.24668      0.00000      0.00000
     -3.88006      6.44727      0.00000      0.00000
     -3.87006      6.45015      0.00000      0.00000
     -3.86006      6.09036      0.00000      0.00000
     -3.85006      6.11099      0.00000      0.00000
     -3.84006      7.16457      0.00000      0.00000
     -3.83006      8.08377      0.00000      0.00000
     -3.82006      7.66144      0.00000      0.00000
     -3.81006      6.24754      0.00000      0.00000
     -3.80006      4.26011      0.00000      0.00000
     -3.79006      3.44987      0.00000      0.00000
     -3.78006      4.49316      0.00000      0.00000
     -3.77006      6.15438      0.00000      0.00000
     -3.76006      5.80380      0.00000      0.00000
     -3.75006      4.20750      0.00000      0.00000
     -3.74006      4.11756      0.00000      0.00000
     -3.73006      5.32914      0.00000      0.00000
     -3.72006      6.60909      0.00000      0.00000
     -3.71006      7.29101      0.00000      0.00000
     -3.70006      5.92325      0.00000      0.00000
     -3.69006      3.71302      0.00000      0.00000
     -3.68006      3.35949      0.00000      0.00000
     -3.67006      4.49376      0.00000      0.00000
     -3.66006      5.05113      0.00000      0.00000
     -3.65006      4.73477      0.00000      0.00000
     -3.64006      4.97894      0.00000      0.00000
     -3.63006      5.92057      0.00000      0.00000
     -3.62006      6.37673      0.00000      0.00000
     -3.61006      5.72608      0.00000      0.00000
     -3.60006      4.57775      0.00000      0.00000
     -3.59006      3.96157      0.00000      0.00000
     -3.58006      4.45711      0.00000      0.00000
     -3.57006      4.91047      0.00000      0.00000
     -3.56006      5.12197      0.00000      0.00000
     -3.55006      5.33822      0.00000      0.00000
     -3.54006      5.07566      0.00000      0.00000
     -3.53006      5.22908      0.00000      0.00000
     -3.52006      6.67224      0.00000      0.00000
     -3.51006      7.95084      0.00000      0.00000
     -3.50006      6.95781      0.00000      0.00000
     -3.49006      5.76843      0.00000      0.00000
     -3.48006      5.64934      0.00000      0.00000
     -3.47006      5.63420      0.00000      0.00000
     -3.46006      5.37017      0.00000      0.00000
     -3.45006      5.38097      0.00000      0.00000
     -3.44006      5.16352      0.00000      0.00000
     -3.43006      4.08994      0.00000      0.00000
     -3.42006      2.96519      0.00000      0.00000
     -3.41006      2.70958      0.00000      0.00000
     -3.40006      3.04760      0.00000      0.00000
     -3.39006      3.64153      0.00000      0.00000
     -3.38006      4.64595      0.00000      0.00000
     -3.37006      5.20263      0.00000      0.00000
     -3.36006      4.48365      0.00000      0.00000
     -3.35006      3.36007      0.00000      0.00000
     -3.34006      2.55591      0.00000      0.00000
     -3.33006      2.68462      0.00000      0.00000
     -3.32006      3.22255      0.00000      0.00000
     -3.31006      3.80768      0.00000      0.00000
     -3.30006      4.07897      0.00000      0.00000
     -3.29006      3.93837      0.00000      0.00000
     -3.28006      4.26034      0.00000      0.00000
     -3.27006      4.32628      0.00000      0.00000
     -3.26006      3.52714      0.00000      0.00000
     -3.25006      3.00178      0.00000      0.00000
     -3.24006      3.13709      0.00000      0.00000
     -3.23006      3.73500      0.00000      0.00000
     -3.22006      3.88403      0.00000      0.00000
     -3.21006      3.65152      0.00000      0.00000
     -3.20006      4.08831      0.00000      0.00000
     -3.19006      4.49071      0.00000      0.00000
     -3.18006      3.39317      0.00000      0.00000
     -3.17006      2.81881      0.00000      0.00000
     -3.16006      3.52360      0.00000      0.00000
     -3.15006      4.06754      0.00000      0.00000
     -3.14006      4.02162      0.00000      0.00000
     -3.13006      3.46067      0.00000      0.00000
     -3.12006      2.71977      0.00000      0.00000
     -3.11006      2.24230      0.00000      0.00000
     -3.10006      2.42967      0.00000      0.00000
     -3.09006      3.03143      0.00000      0.00000
     -3.08006      2.96619      0.00000      0.00000
     -3.07006      2.42128      0.00000      0.00000
     -3.06006      2.14574      0.00000      0.00000
     -3.05006      2.11773      0.00000      0.00000
     -3.04006      2.30408      0.00000      0.00000
     -3.03006      2.69646      0.00000      0.00000
     -3.02006      3.05275      0.00000      0.00000
     -3.01006      3.19336      0.00000      0.00000
     -3.00006      3.72317      0.00000      0.00000
     -2.99006      4.22571      0.00000      0.00000
     -2.98006      3.49065      0.00000      0.00000
     -2.97006      2.87641      0.00000      0.00000
     -2.96006      3.03435      0.00000      0.00000
     -2.95006      3.30842      0.00000      0.00000
     -2.94006      4.20121      0.00000      0.00000
     -2.93006      5.36289      0.00000      0.00000
     -2.92006      5.76133      0.00000      0.00000
     -2.91006      5.81470      0.00000      0.00000
     -2.90006      5.56910      0.00000      0.00000
     -2.89006      5.63857      0.00000      0.00000
     -2.88006      6.68347      0.00000      0.00000
     -2.87006      9.26915      0.00000      0.00000
     -2.86006     12.03635      0.00000      0.00000
     -2.85006     12.58473      0.00000      0.00000
     -2.84006     11.63617      0.00000      0.00000
     -2.83006     10.74090      0.00000      0.00000
     -2.82006      9.22488      0.00000      0.00000
     -2.81006      7.29724      0.00000      0.00000
     -2.80006      7.20008      0.00000      0.00000
     -2.79006      8.66798      0.00000      0.00000
     -2.78006      8.26357      0.00000      0.00000
     -2.77006      6.09377      0.00000      0.00000
     -2.76006      5.20471      0.00000      0.00000
     -2.75006      6.39507      0.00000      0.00000
     -2.74006      7.86750      0.00000      0.00000
     -2.73006      7.53104      0.00000      0.00000
     -2.72006      6.62114      0.00000      0.00000
     -2.71006      6.28504      0.00000      0.00000
     -2.70006      6.07327      0.00000      0.00000
     -2.69006      6.41777      0.00000      0.00000
     -2.68006      6.38495      0.00000      0.00000
     -2.67006      5.65002      0.00000      0.00000
     -2.66006      5.50970      0.00000      0.00000
     -2.65006      6.82125      0.00000      0.00000
     -2.64006      9.02885      0.00000      0.00000
     -2.63006      9.56694      0.00000      0.00000
     -2.62006      8.33769      0.00000      0.00000
     -2.61006      7.63181      0.00000      0.00000
     -2.60006      7.78680      0.00000      0.00000
     -2.59006      8.44198      0.00000      0.00000
     -2.58006      8.78588      0.00000      0.00000
     -2.57006      8.66368      0.00000      0.00000
     -2.56006      8.61577      0.00000      0.00000
     -2.55006      7.78209      0.00000      0.00000
     -2.54006      7.20719      0.00000      0.00000
     -2.53006      7.32331      0.00000      0.00000
     -2.52006      7.43358      0.00000      0.00000
     -2.51006      7.63689      0.00000      0.00000
     -2.50006      7.50427      0.00000      0.00000
     -2.49006      6.64855      0.00000      0.00000
     -2.48006      6.08069      0.00000      0.00000
     -2.47006      6.54699      0.00000      0.00000
     -2.46006      6.83773      0.00000      0.00000
     -2.45006      6.72785      0.00000      0.00000
     -2.44006      6.61866      0.00000      0.00000
     -2.43006      5.52095      0.00000      0.00000
     -2.42006      4.84078      0.00000      0.00000
     -2.41006      5.62450      0.00000      0.00000
     -2.40006      5.86122      0.00000      0.00000
     -2.39006      4.73943      0.00000      0.00000
     -2.38006      4.09666      0.00000      0.00000
     -2.37006      3.70559      0.00000      0.00000
     -2.36006      3.84921      0.00000      0.00000
     -2.35006      4.28196      0.00000      0.00000
     -2.34006      3.69133      0.00000      0.00000
     -2.33006      4.13777      0.00000      0.00000
     -2.32006      5.95465      0.00000      0.00000
     -2.31006      6.49133      0.00000      0.00000
     -2.30006      5.58446      0.00000      0.00000
     -2.29006      4.80554      0.00000      0.00000
     -2.28006      4.36385      0.00000      0.00000
     -2.27006      4.06094      0.00000      0.00000
     -2.26006      4.62079      0.00000      0.00000
     -2.25006      5.34743      0.00000      0.00000
     -2.24006      5.18540      0.00000      0.00000
     -2.23006      4.67795      0.00000      0.00000
     -2.22006      4.61369      0.00000      0.00000
     -2.21006      5.16373      0.00000      0.00000
     -2.20006      5.28882      0.00000      0.00000
     -2.19006      4.44455      0.00000      0.00000
     -2.18006      3.46318      0.00000      0.00000
     -2.17006      3.19492      0.00000      0.00000
     -2.16006      3.13115      0.00000      0.00000
     -2.15006      3.13343      0.00000      0.00000
     -2.14006      3.09614      0.00000      0.00000
     -2.13006      2.49557      0.00000      0.00000
     -2.12006      2.06222      0.00000      0.00000
     -2.11006      1.80243      0.00000      0.00000
     -2.10006      1.92012      0.00000      0.00000
     -2.09006      2.82579      0.00000      0.00000
     -2.08006      4.23871      0.00000      0.00000
     -2.07006      5.64093      0.00000      0.00000
     -2.06006      7.10383      0.00000      0.00000
     -2.05006      8.04247      0.00000      0.00000
     -2.04006      7.55470      0.00000      0.00000
     -2.03006      6.52098      0.00000      0.00000
     -2.02006      6.10655      0.00000      0.00000
     -2.01006      6.37738      0.00000      0.00000
     -2.00006      6.84887      0.00000      0.00000
     -1.99006      6.39145      0.00000      0.00000
     -1.98006      5.01575      0.00000      0.00000
     -1.97006      4.32803      0.00000      0.00000
     -1.96006      4.85239      0.00000      0.00000
     -1.95006      5.31557      0.00000      0.00000
     -1.94006      5.48368      0.00000      0.00000
     -1.93006      4.99991      0.00000      0.00000
     -1.92006      4.42080      0.00000      0.00000
     -1.91006      4.63154      0.00000      0.00000
     -1.90006      4.86866      0.00000      0.00000
     -1.89006      5.18071      0.00000      0.00000
     -1.88006      5.12859      0.00000      0.00000
     -1.87006      5.06961      0.00000      0.00000
     -1.86006      4.58585      0.00000      0.00000
     -1.85006      4.14615      0.00000      0.00000
     -1.84006      4.17566      0.00000      0.00000
     -1.83006      4.57787      0.00000      0.00000
     -1.82006      5.01848      0.00000      0.00000
     -1.81006      4.85474      0.00000      0.00000
     -1.80006      3.82457      0.00000      0.00000
     -1.79006      3.13522      0.00000      0.00000
     -1.78006      3.11376      0.00000      0.00000
     -1.77006      3.47540      0.00000      0.00000
     -1.76006      3.59752      0.00000      0.00000
     -1.75006      3.20526      0.00000      0.00000
     -1.74006      2.55119      0.00000      0.00000
     -1.73006      2.19221      0.00000      0.00000
     -1.72006      2.12054      0.00000      0.00000
     -1.71006      2.48332      0.00000      0.00000
     -1.70006      3.15356      0.00000      0.00000
     -1.69006      3.50234      0.00000      0.00000
     -1.68006      3.52420      0.00000      0.00000
     -1.67006      3.23752      0.00000      0.00000
     -1.66006      2.97392      0.00000      0.00000
     -1.65006      2.98459      0.00000      0.00000
     -1.64006      2.81415      0.00000      0.00000
     -1.63006      2.31467      0.00000      0.00000
     -1.62006      1.78868      0.00000      0.00000
     -1.61006      1.58326      0.00000      0.00000
     -1.60006      1.74450      0.00000      0.00000
     -1.59006      1.86163      0.00000      0.00000
     -1.58006      1.95410      0.00000      0.00000
     -1.57006      1.67726      0.00000      0.00000
     -1.56006      1.21601      0.00000      0.00000
     -1.55006      1.17807      0.00000      0.00000
     -1.54006      1.46519      0.00000      0.00000
     -1.53006      1.71098      0.00000      0.00000
     -1.52006      1.49411      0.00000      0.00000
     -1.51006      1.58095      0.00000      0.00000
     -1.50006      1.94547      0.00000      0.00000
     -1.49006      2.00973      0.00000      0.00000
     -1.48006      1.89089      0.00000      0.00000
     -1.47006      2.16223      0.00000      0.00000
     -1.46006      2.49590      0.00000      0.00000
     -1.45006      2.18064      0.00000      0.00000
     -1.44006      2.00297      0.00000      0.00000
     -1.43006      2.07244      0.00000      0.00000
     -1.42006      2.21852      0.00000      0.00000
     -1.41006      2.42092      0.00000      0.00000
     -1.40006      2.26512      0.00000      0.00000
     -1.39006      2.15841      0.00000      0.00000
     -1.38006      2.27407      0.00000      0.00000
     -1.37006      2.83176      0.00000      0.00000
     -1.36006      3.37762      0.00000      0.00000
     -1.35006      3.33767      0.00000      0.00000
     -1.34006      3.55382      0.00000      0.00000
     -1.33006      3.47008      0.00000      0.00000
     -1.32006      2.98995      0.00000      0.00000
     -1.31006      2.64085      0.00000      0.00000
     -1.30006      2.76165      0.00000      0.00000
     -1.29006      2.99368      0.00000      0.00000
     -1.28006      3.21343      0.00000      0.00000
     -1.27006      3.53082      0.00000      0.00000
     -1.26006      4.08797      0.00000      0.00000
     -1.25006      4.40009      0.00000      0.00000
     -1.24006      4.51750      0.00000      0.00000
     -1.23006      4.90534      0.00000      0.00000
     -1.22006      5.40060      0.00000      0.00000
     -1.21006      6.03858      0.00000      0.00000
     -1.20006      6.30318      0.00000      0.00000
     -1.19006      5.31998      0.00000      0.00000
     -1.18006      4.51146      0.00000      0.00000
     -1.17006      4.41295      0.00000      0.00000
     -1.16006      3.77631      0.00000      0.00000
     -1.15006      3.88855      0.00000      0.00000
     -1.14006      4.72106      0.00000      0.00000
     -1.13006      4.71974      0.00000      0.00000
     -1.12006      4.24559      0.00000      0.00000
     -1.11006      4.11765      0.00000      0.00000
     -1.10006      4.39440      0.00000      0.00000
     -1.09006      5.09088      0.00000      0.00000
     -1.08006      4.86103      0.00000      0.00000
     -1.07006      4.38984      0.00000      0.00000
     -1.06006      4.01303      0.00000      0.00000
     -1.05006      3.16534      0.00000      0.00000
     -1.04006      3.74429      0.00000      0.00000
     -1.03006      4.69393      0.00000      0.00000
     -1.02006      4.95831      0.00000      0.00000
     -1.01006      5.21065      0.00000      0.00000
     -1.00006      4.96709      0.00000      0.00000
     -0.99006      4.73144      0.00000      0.00000
     -0.98006      5.46255      0.00000      0.00000
     -0.97006      6.25824      0.00000      0.00000
     -0.96006      5.75091      0.00000      0.00000
     -0.95006      5.26764      0.00000      0.00000
     -0.94006      5.73619      0.00000      0.00000
     -0.93006      5.63318      0.00000      0.00000
     -0.92006      5.17474      0.00000      0.00000
     -0.91006      4.67256      0.00000      0.00000
     -0.90006      4.44859      0.00000      0.00000
     -0.89006      4.63337      0.00000      0.00000
     -0.88006      4.54549      0.00000      0.00000
     -0.87006      4.73731      0.00000      0.00000
     -0.86006      4.50072      0.00000      0.00000
     -0.85006      3.52955      0.00000      0.00000
     -0.84006      3.73452      0.00000      0.00000
     -0.83006      4.35763      0.00000      0.00000
     -0.82006      4.24454      0.00000      0.00000
     -0.81006      4.14872      0.00000      0.00000
     -0.80006      4.03174      0.00000      0.00000
     -0.79006      3.85032      0.00000      0.00000
     -0.78006      3.87035      0.00000      0.00000
     -0.77006      4.42161      0.00000      0.00000
     -0.76006      4.55564      0.00000      0.00000
     -0.75006      3.40740      0.00000      0.00000
     -0.74006      2.87049      0.00000      0.00000
     -0.73006      3.48742      0.00000      0.00000
     -0.72006      3.69579      0.00000      0.00000
     -0.71006      3.40981      0.00000      0.00000
     -0.70006      3.71738      0.00000      0.00000
     -0.69006      4.34273      0.00000      0.00000
     -0.68006      4.42318      0.00000      0.00000
     -0.67006      3.94371      0.00000      0.00000
     -0.66006      3.47214      0.00000      0.00000
     -0.65006      3.45508      0.00000      0.00000
     -0.64006      3.47808      0.00000      0.00000
     -0.63006      3.27903      0.00000      0.00000
     -0.62006      3.48281      0.00000      0.00000
     -0.61006      3.72242      0.00000      0.00000
     -0.60006      3.55992      0.00000      0.00000
     -0.59006      3.46592      0.00000      0.00000
     -0.58006      3.18303      0.00000      0.00000
     -0.57006      2.66303      0.00000      0.00000
     -0.56006      2.22051      0.00000      0.00000
     -0.55006      1.72705      0.00000      0.00000
     -0.54006      1.20617      0.00000      0.00000
     -0.53006      0.90943      0.00000      0.00000
     -0.52006      1.09875      0.00000      0.00000
     -0.51006      1.34287      0.00000      0.00000
     -0.50006      1.33430      0.00000      0.00000
     -0.49006      1.39779      0.00000      0.00000
     -0.48006      1.23502      0.00000      0.00000
     -0.47006      0.95145      0.00000      0.00000
     -0.46006      0.69858      0.00000      0.00000
     -0.45006      0.56749      0.00000      0.00000
     -0.44006      0.77783      0.00000      0.00000
     -0.43006      1.26343      0.00000      0.00000
     -0.42006      1.33055      0.00000      0.00000
     -0.41006      0.69229      0.00000      0.00000
     -0.40006      0.29514      0.00000      0.00000
     -0.39006      0.42680      0.00000      0.00000
     -0.38006      0.67488      0.00000      0.00000
     -0.37006      0.76212      0.00000      0.00000
     -0.36006      0.68067      0.00000      0.00000
     -0.35006      0.66622      0.00000      0.00000
     -0.34006      0.46970      0.00000      0.00000
     -0.33006      0.36921      0.00000      0.00000
     -0.32006      0.47735      0.00000      0.00000
     -0.31006      0.43612      0.00000      0.00000
     -0.30006      0.47825      0.00000      0.00000
     -0.29006      0.71671      0.00000      0.00000
     -0.28006      0.94216      0.00000      0.00000
     -0.27006      0.90725      0.00000      0.00000
     -0.26006      0.57930      0.00000      0.00000
     -0.25006      0.20166      0.00000      0.00000
     -0.24006      0.07384      0.00000      0.00000
     -0.23006      0.25733      0.00000      0.00000
     -0.22006      0.57982      0.00000      0.00000
     -0.21006      0.54682      0.00000      0.00000
     -0.20006      0.31453      0.00000      0.00000
     -0.19006      0.25521      0.00000      0.00000
     -0.18006      0.32647      0.00000      0.00000
     -0.17006      0.34642      0.00000      0.00000
     -0.16006      0.40901      0.00000      0.00000
     -0.15006      0.65105      0.00000      0.00000
     -0.14006      0.65419      0.00000      0.00000
     -0.13006      0.45004      0.00000      0.00000
     -0.12006      0.20541      0.00000      0.00000
     -0.11006      0.09106      0.00000      0.00000
     -0.10006      0.17975      0.00000      0.00000
     -0.09006      0.33009      0.00000      0.00000
     -0.08006      0.37529      0.00000      0.00000
     -0.07006      0.27820      0.00000      0.00000
     -0.06006      0.30205      0.00000      0.00000
     -0.05006      0.35153      0.00000      0.00000
     -0.04006      0.34056      0.00000      0.00000
     -0.03006      0.33333      0.00000      0.00000
     -0.02006      0.20843      0.00000      0.00000
     -0.01006      0.16418      0.00000      0.00000
     -0.00006      0.14374      0.00000      0.00000
      0.00994      0.05543      0.00000      0.00000
      0.01994      0.00797      0.00000      0.00000
      0.02994      0.00042      0.00000      0.00000
      0.03994      0.00001      0.00000      0.00000
      0.04994      0.00000      0.00000      0.00000
      0.05994      0.00000      0.00000      0.00000
      0.06994      0.00000      0.00000      0.00000
      0.07994      0.00000      0.00000      0.00000
      0.08994      0.00000      0.00000      0.00000
      0.09994      0.00000      0.00000      0.00000
      0.10994      0.00000      0.00000      0.00000
      0.11994      0.00000      0.00000      0.00000
      0.12994      0.00000      0.00000      0.00000
      0.13994      0.00000      0.00000      0.00000
      0.14994      0.00000      0.00000      0.00000
      0.15994      0.00000      0.00000      0.00000
      0.16994      0.00000      0.00000      0.00000
      0.17994      0.00000      0.00000      0.00000
      0.18994      0.00000      0.00000      0.00000
      0.19994      0.00000      0.00000      0.00000
      0.20994      0.00000      0.00000      0.00000
      0.21994      0.00000      0.00000      0.00000
      0.22994      0.00000      0.00000      0.00000
      0.23994      0.00000      0.00000      0.00000
      0.24994      0.00000      0.00000      0.00000
      0.25994      0.00000      0.00000      0.00000
      0.26994      0.00000      0.00000      0.00000
      0.27994      0.00000      0.00000      0.00000
      0.28994      0.00000      0.00000      0.00000
      0.29994      0.00000      0.00000      0.00000
      0.30994      0.00000      0.00000      0.00000
      0.31994      0.00000      0.00000      0.00000
      0.32994      0.00000      0.00000      0.00000
      0.33994      0.00000      0.00000      0.00000
      0.34994      0.00000      0.00000      0.00000
      0.35994      0.00000      0.00000      0.00000
      0.36994      0.00000      0.00000      0.00000
      0.37994      0.00000      0.00000      0.00000
      0.38994      0.00000      0.00000      0.00000
      0.39994      0.00000      0.00000      0.00000
      0.40994      0.00000      0.00000      0.00000
      0.41994      0.00000      0.00000      0.00000
      0.42994      0.00000      0.00000      0.00000
      0.43994      0.00000      0.00000      0.00000
      0.44994      0.00000      0.00000      0.00000
      0.45994      0.00000      0.00000      0.00000
      0.46994      0.00000      0.00000      0.00000
      0.47994      0.00000      0.00000      0.00000
      0.48994      0.00000      0.00000      0.00000
      0.49994      0.00000      0.00000      0.00000
      0.50994      0.00000      0.00000      0.00000
      0.51994      0.00000      0.00000      0.00000
      0.52994      0.00000      0.00000      0.00000
      0.53994      0.00000      0.00000      0.00000
      0.54994      0.00000      0.00000      0.00000
      0.55994      0.00000      0.00000      0.00000
      0.56994      0.00000      0.00000      0.00000
      0.57994      0.00000      0.00000      0.00000
      0.58994      0.00000      0.00000      0.00000
      0.59994      0.00000      0.00000      0.00000
      0.60994      0.00000      0.00000      0.00000
      0.61994      0.00000      0.00000      0.00000
      0.62994      0.00000      0.00000      0.00000
      0.63994      0.00000      0.00000      0.00000
      0.64994      0.00000      0.00000      0.00000
      0.65994      0.00000      0.00000      0.00000
      0.66994      0.00000      0.00000      0.00000
      0.67994      0.00000      0.00000      0.00000
      0.68994      0.00000      0.00000      0.00000
      0.69994      0.00000      0.00000      0.00000
      0.70994      0.00000      0.00000      0.00000
      0.71994      0.00000      0.00000      0.00000
      0.72994      0.00000      0.00000      0.00000
      0.73994      0.00000      0.00000      0.00000
      0.74994      0.00000      0.00000      0.00000
      0.75994      0.00000      0.00000      0.00000
      0.76994      0.00000      0.00000      0.00000
      0.77994      0.00000      0.00000      0.00000
      0.78994      0.00000      0.00000      0.00000
      0.79994      0.00000      0.00000      0.00000
      0.80994      0.00000      0.00000      0.00000
      0.81994      0.00000      0.00000      0.00000
      0.82994      0.00000      0.00000      0.00000
      0.83994      0.00000      0.00000      0.00000
      0.84994      0.00000      0.00000      0.00000
      0.85994      0.00000      0.00000      0.00000
      0.86994      0.00000      0.00000      0.00000
      0.87994      0.00000      0.00000      0.00000
      0.88994      0.00000      0.00000      0.00000
      0.89994      0.00000      0.00000      0.00000
      0.90994      0.00000      0.00000      0.00000
      0.91994      0.00000      0.00000      0.00000
      0.92994      0.00000      0.00000      0.00000
      0.93994      0.00000      0.00000      0.00000
      0.94994      0.00000      0.00000      0.00000
      0.95994      0.00000      0.00000      0.00000
      0.96994      0.00000      0.00000      0.00000
      0.97994      0.00000      0.00000      0.00000
      0.98994      0.00000      0.00000      0.00000
      0.99994      0.00000      0.00000      0.00000
      1.00994      0.00000      0.00000      0.00000
      1.01994      0.00000      0.00000      0.00000
      1.02994      0.00000      0.00000      0.00000
      1.03994      0.00000      0.00000      0.00000
      1.04994      0.00000      0.00000      0.00000
      1.05994      0.00000      0.00000      0.00000
      1.06994      0.00000      0.00000      0.00000
      1.07994      0.00000      0.00000      0.00000
      1.08994      0.00000      0.00000      0.00000
      1.09994      0.00000      0.00000      0.00000
      1.10994      0.00000      0.00000      0.00000
      1.11994      0.00000      0.00000      0.00000
      1.12994      0.00000      0.00000      0.00000
      1.13994      0.00000      0.00000      0.00000
      1.14994      0.00000      0.00000      0.00000
      1.15994      0.00000      0.00000      0.00000
      1.16994      0.00000      0.00000      0.00000
      1.17994      0.00000      0.00000      0.00000
      1.18994      0.00000      0.00000      0.00000
      1.19994      0.00000      0.00000      0.00000
      1.20994      0.00000      0.00000      0.00000
      1.21994      0.00000      0.00000      0.00000
      1.22994      0.00000      0.00000      0.00000
      1.23994      0.00000      0.00000      0.00000
      1.24994      0.00000      0.00000      0.00000
      1.25994      0.00000      0.00000      0.00000
      1.26994      0.00000      0.00000      0.00000
      1.27994      0.00000      0.00000      0.00000
      1.28994      0.00000      0.00000      0.00000
      1.29994      0.00000      0.00000      0.00000
      1.30994      0.00000      0.00000      0.00000
      1.31994      0.00000      0.00000      0.00000
      1.32994      0.00000      0.00000      0.00000
      1.33994      0.00000      0.00000      0.00000
      1.34994      0.00000      0.00000      0.00000
      1.35994      0.00000      0.00000      0.00000
      1.36994      0.00000      0.00000      0.00000
      1.37994      0.00000      0.00000      0.00000
      1.38994      0.00000      0.00000      0.00000
      1.39994      0.00000      0.00000      0.00000
      1.40994      0.00000      0.00000      0.00000
      1.41994      0.00000      0.00000      0.00000
      1.42994      0.00000      0.00000      0.00000
      1.43994      0.00000      0.00000      0.00000
      1.44994      0.00000      0.00000      0.00000
      1.45994      0.00000      0.00000      0.00000
      1.46994      0.00000      0.00000      0.00000
      1.47994      0.00000      0.00000      0.00000
      1.48994      0.00000      0.00000      0.00000
      1.49994      0.00000      0.00000      0.00000
      1.50994      0.00000      0.00000      0.00000
      1.51994      0.00000      0.00000      0.00000
      1.52994      0.00000      0.00000      0.00000
      1.53994      0.00000      0.00000      0.00000
      1.54994      0.00000      0.00000      0.00000
      1.55994      0.00000      0.00000      0.00000
      1.56994      0.00000      0.00000      0.00000
      1.57994      0.00000      0.00000      0.00000
      1.58994      0.00000      0.00000      0.00000
      1.59994      0.00000      0.00000      0.00000
      1.60994      0.00000      0.00000      0.00000
      1.61994      0.00000      0.00000      0.00000
      1.62994      0.00000      0.00000      0.00000
      1.63994      0.00000      0.00000      0.00000
      1.64994      0.00000      0.00000      0.00000
      1.65994      0.00000      0.00000      0.00000
      1.66994      0.00000      0.00000      0.00000
      1.67994      0.00000      0.00000      0.00000
      1.68994      0.00000      0.00000      0.00000
      1.69994      0.00000      0.00000      0.00000
      1.70994      0.00000      0.00000      0.00000
      1.71994      0.00000      0.00000      0.00000
      1.72994      0.00000      0.00000      0.00000
      1.73994      0.00000      0.00000      0.00000
      1.74994      0.00000      0.00000      0.00000
      1.75994      0.00000      0.00000      0.00000
      1.76994      0.00000      0.00000      0.00000
      1.77994      0.00000      0.00000      0.00000
      1.78994      0.00000      0.00000      0.00000
      1.79994      0.00000      0.00000      0.00000
      1.80994      0.00000      0.00000      0.00000
      1.81994      0.00000      0.00000      0.00000
      1.82994      0.00000      0.00000      0.00000
      1.83994      0.00000      0.00000      0.00000
      1.84994      0.00000      0.00000      0.00000
      1.85994      0.00000      0.00000      0.00000
      1.86994      0.00000      0.00000      0.00000
      1.87994      0.00000      0.00000      0.00000
      1.88994      0.00000      0.00000      0.00000
      1.89994      0.00001      0.00000      0.00000
      1.90994      0.00042      0.00000      0.00000
      1.91994      0.01088      0.00000      0.00000
      1.92994      0.11096      0.00000      0.00000
      1.93994      0.48384      0.00000      0.00000
      1.94994      1.07098      0.00000      0.00000
      1.95994      1.56354      0.00000      0.00000
      1.96994      1.95709      0.00000      0.00000
      1.97994      2.23539      0.00000      0.00000
      1.98994      1.95735      0.00000      0.00000
      1.99994      1.90514      0.00000      0.00000
      2.00994      2.28104      0.00000      0.00000
      2.01994      1.95310      0.00000      0.00000
      2.02994      1.72931      0.00000      0.00000
      2.03994      2.26604      0.00000      0.00000
      2.04994      2.68655      0.00000      0.00000
      2.05994      2.66465      0.00000      0.00000
      2.06994      2.44791      0.00000      0.00000
      2.07994      2.12891      0.00000      0.00000
      2.08994      2.07442      0.00000      0.00000
      2.09994      2.31904      0.00000      0.00000
      2.10994      2.34664      0.00000      0.00000
      2.11994      2.51699      0.00000      0.00000
      2.12994      2.86107      0.00000      0.00000
      2.13994      2.75788      0.00000      0.00000
      2.14994      3.15714      0.00000      0.00000
      2.15994      4.08627      0.00000      0.00000
      2.16994      4.91313      0.00000      0.00000
      2.17994      5.25415      0.00000      0.00000
      2.18994      4.81564      0.00000      0.00000
      2.19994      4.50942      0.00000      0.00000
      2.20994      5.20716      0.00000      0.00000
      2.21994      6.19050      0.00000      0.00000
      2.22994      6.26818      0.00000      0.00000
      2.23994      5.74480      0.00000      0.00000
      2.24994      6.11507      0.00000      0.00000
      2.25994      6.66649      0.00000      0.00000
      2.26994      7.24463      0.00000      0.00000
      2.27994      8.52780      0.00000      0.00000
      2.28994      9.42225      0.00000      0.00000
      2.29994      8.76907      0.00000      0.00000
      2.30994      7.45796      0.00000      0.00000
      2.31994      6.54013      0.00000      0.00000
      2.32994      6.48431      0.00000      0.00000
      2.33994      7.06386      0.00000      0.00000
      2.34994      7.07969      0.00000      0.00000
      2.35994      6.79548      0.00000      0.00000
      2.36994      6.85783      0.00000      0.00000
      2.37994      6.77402      0.00000      0.00000
      2.38994      7.05162      0.00000      0.00000
      2.39994      7.34947      0.00000      0.00000
      2.40994      6.79148      0.00000      0.00000
      2.41994      6.73122      0.00000      0.00000
      2.42994      6.84996      0.00000      0.00000
      2.43994      6.04034      0.00000      0.00000
      2.44994      5.62085      0.00000      0.00000
      2.45994      5.14236      0.00000      0.00000
      2.46994      4.32679      0.00000      0.00000
      2.47994      4.77478      0.00000      0.00000
      2.48994      5.60456      0.00000      0.00000
      2.49994      5.19310      0.00000      0.00000
      2.50994      4.96738      0.00000      0.00000
      2.51994      5.57593      0.00000      0.00000
      2.52994      5.32983      0.00000      0.00000
      2.53994      4.31714      0.00000      0.00000
      2.54994      3.97965      0.00000      0.00000
      2.55994      4.21013      0.00000      0.00000
      2.56994      4.30253      0.00000      0.00000
      2.57994      4.00222      0.00000      0.00000
      2.58994      4.40707      0.00000      0.00000
      2.59994      5.48439      0.00000      0.00000
      2.60994      5.56917      0.00000      0.00000
      2.61994      4.90696      0.00000      0.00000
      2.62994      4.03793      0.00000      0.00000
      2.63994      3.49576      0.00000      0.00000
      2.64994      3.39575      0.00000      0.00000
      2.65994      3.82122      0.00000      0.00000
      2.66994      4.51118      0.00000      0.00000
      2.67994      4.08555      0.00000      0.00000
      2.68994      3.35851      0.00000      0.00000
      2.69994      3.65312      0.00000      0.00000
      2.70994      4.05460      0.00000      0.00000
      2.71994      4.38236      0.00000      0.00000
      2.72994      5.48871      0.00000      0.00000
      2.73994      6.44000      0.00000      0.00000
      2.74994      7.25636      0.00000      0.00000
      2.75994      8.77791      0.00000      0.00000
      2.76994      9.98593      0.00000      0.00000
      2.77994     10.67268      0.00000      0.00000
      2.78994     10.77922      0.00000      0.00000
      2.79994     10.91841      0.00000      0.00000
      2.80994     10.80452      0.00000      0.00000
      2.81994     10.25057      0.00000      0.00000
      2.82994      9.17997      0.00000      0.00000
      2.83994      7.67180      0.00000      0.00000
      2.84994      7.07878      0.00000      0.00000
      2.85994      7.03127      0.00000      0.00000
      2.86994      6.91412      0.00000      0.00000
      2.87994      6.76136      0.00000      0.00000
      2.88994      6.96042      0.00000      0.00000
      2.89994      7.48290      0.00000      0.00000
      2.90994      8.04045      0.00000      0.00000
      2.91994      8.05477      0.00000      0.00000
      2.92994      6.82134      0.00000      0.00000
      2.93994      6.15315      0.00000      0.00000
      2.94994      7.73283      0.00000      0.00000
      2.95994      8.95841      0.00000      0.00000
      2.96994      8.17946      0.00000      0.00000
      2.97994      7.95564      0.00000      0.00000
      2.98994      8.91071      0.00000      0.00000
      2.99994     11.27457      0.00000      0.00000
      3.00994     13.84127      0.00000      0.00000
      3.01994     13.21927      0.00000      0.00000
      3.02994     11.66412      0.00000      0.00000
      3.03994     11.73688      0.00000      0.00000
      3.04994     11.37670      0.00000      0.00000
      3.05994      9.78047      0.00000      0.00000
      3.06994      8.29040      0.00000      0.00000
      3.07994      6.71693      0.00000      0.00000
      3.08994      5.75994      0.00000      0.00000
      3.09994      6.61326      0.00000      0.00000
      3.10994      8.55443      0.00000      0.00000
      3.11994      8.46237      0.00000      0.00000
      3.12994      6.32630      0.00000      0.00000
      3.13994      5.30068      0.00000      0.00000
      3.14994      5.93347      0.00000      0.00000
      3.15994      6.82802      0.00000      0.00000
      3.16994      7.66792      0.00000      0.00000
      3.17994      9.12389      0.00000      0.00000
      3.18994      9.53047      0.00000      0.00000
      3.19994      8.35157      0.00000      0.00000
      3.20994      7.05253      0.00000      0.00000
      3.21994      6.65669      0.00000      0.00000
      3.22994      7.01662      0.00000      0.00000
      3.23994      8.30195      0.00000      0.00000
      3.24994     10.07762      0.00000      0.00000
      3.25994      9.80244      0.00000      0.00000
      3.26994      6.97802      0.00000      0.00000
      3.27994      5.44919      0.00000      0.00000
      3.28994      5.88806      0.00000      0.00000
      3.29994      7.02117      0.00000      0.00000
      3.30994      7.42011      0.00000      0.00000
      3.31994      6.38948      0.00000      0.00000
      3.32994      5.77786      0.00000      0.00000
      3.33994      4.93363      0.00000      0.00000
      3.34994      3.50933      0.00000      0.00000
      3.35994      3.65095      0.00000      0.00000
      3.36994      4.66382      0.00000      0.00000
      3.37994      5.94291      0.00000      0.00000
      3.38994      7.37199      0.00000      0.00000
      3.39994      7.99915      0.00000      0.00000
      3.40994      7.68231      0.00000      0.00000
      3.41994      6.71407      0.00000      0.00000
      3.42994      5.78077      0.00000      0.00000
      3.43994      5.59911      0.00000      0.00000
      3.44994      4.96614      0.00000      0.00000
      3.45994      4.41643      0.00000      0.00000
      3.46994      5.48584      0.00000      0.00000
      3.47994      6.54494      0.00000      0.00000
      3.48994      6.08194      0.00000      0.00000
      3.49994      4.97364      0.00000      0.00000
      3.50994      4.38150      0.00000      0.00000
      3.51994      4.95421      0.00000      0.00000
      3.52994      5.56422      0.00000      0.00000
      3.53994      6.00677      0.00000      0.00000
      3.54994      6.36647      0.00000      0.00000
      3.55994      6.81802      0.00000      0.00000
      3.56994      6.35206      0.00000      0.00000
      3.57994      4.46636      0.00000      0.00000
      3.58994      3.31735      0.00000      0.00000
      3.59994      3.29718      0.00000      0.00000
      3.60994      4.14972      0.00000      0.00000
      3.61994      5.61459      0.00000      0.00000
      3.62994      5.73997      0.00000      0.00000
      3.63994      4.46643      0.00000      0.00000
      3.64994      4.03600      0.00000      0.00000
      3.65994      4.05903      0.00000      0.00000
      3.66994      3.43989      0.00000      0.00000
      3.67994      3.56991      0.00000      0.00000
      3.68994      4.58933      0.00000      0.00000
      3.69994      5.16129      0.00000      0.00000
      3.70994      5.08141      0.00000      0.00000
      3.71994      4.96812      0.00000      0.00000
      3.72994      5.17712      0.00000      0.00000
      3.73994      5.46818      0.00000      0.00000
      3.74994      4.45317      0.00000      0.00000
      3.75994      2.94597      0.00000      0.00000
      3.76994      2.76784      0.00000      0.00000
      3.77994      3.30366      0.00000      0.00000
      3.78994      3.55647      0.00000      0.00000
      3.79994      3.75076      0.00000      0.00000
      3.80994      4.27965      0.00000      0.00000
      3.81994      4.28943      0.00000      0.00000
      3.82994      3.55252      0.00000      0.00000
      3.83994      3.28016      0.00000      0.00000
      3.84994      3.18147      0.00000      0.00000
      3.85994      3.46080      0.00000      0.00000
      3.86994      4.36459      0.00000      0.00000
      3.87994      4.52342      0.00000      0.00000
      3.88994      3.39609      0.00000      0.00000
      3.89994      2.29879      0.00000      0.00000
      3.90994      2.09612      0.00000      0.00000
      3.91994      2.72675      0.00000      0.00000
      3.92994      3.59009      0.00000      0.00000
      3.93994      4.43288      0.00000      0.00000
      3.94994      4.52955      0.00000      0.00000
      3.95994      3.38436      0.00000      0.00000
      3.96994      2.24405      0.00000      0.00000
      3.97994      2.18794      0.00000      0.00000
      3.98994      2.92492      0.00000      0.00000
      3.99994      3.35616      0.00000      0.00000
      4.00994      3.56736      0.00000      0.00000
      4.01994      3.43022      0.00000      0.00000
      4.02994      3.02297      0.00000      0.00000
      4.03994      2.86861      0.00000      0.00000
      4.04994      2.71697      0.00000      0.00000
      4.05994      2.24556      0.00000      0.00000
      4.06994      2.41989      0.00000      0.00000
      4.07994      3.50034      0.00000      0.00000
      4.08994      4.59617      0.00000      0.00000
      4.09994      4.47991      0.00000      0.00000
      4.10994      3.22854      0.00000      0.00000
      4.11994      2.27294      0.00000      0.00000
      4.12994      2.05038      0.00000      0.00000
      4.13994      2.01097      0.00000      0.00000
      4.14994      2.95515      0.00000      0.00000
      4.15994      4.46544      0.00000      0.00000
      4.16994      4.86068      0.00000      0.00000
      4.17994      4.14014      0.00000      0.00000
      4.18994      3.43750      0.00000      0.00000
      4.19994      3.00949      0.00000      0.00000
      4.20994      2.60954      0.00000      0.00000
      4.21994      2.22772      0.00000      0.00000
      4.22994      2.13789      0.00000      0.00000
      4.23994      2.95170      0.00000      0.00000
      4.24994      3.96890      0.00000      0.00000
      4.25994      3.97028      0.00000      0.00000
      4.26994      3.01858      0.00000      0.00000
      4.27994      1.86813      0.00000      0.00000
      4.28994      1.09800      0.00000      0.00000
      4.29994      1.08879      0.00000      0.00000
      4.30994      1.62585      0.00000      0.00000
      4.31994      2.10355      0.00000      0.00000
      4.32994      1.87512      0.00000      0.00000
      4.33994      1.43678      0.00000      0.00000
      4.34994      1.28675      0.00000      0.00000
      4.35994      0.85562      0.00000      0.00000
      4.36994      0.37692      0.00000      0.00000
      4.37994      0.73539      0.00000      0.00000
      4.38994      2.05253      0.00000      0.00000
      4.39994      3.14746      0.00000      0.00000
      4.40994      3.05248      0.00000      0.00000
      4.41994      2.27686      0.00000      0.00000
      4.42994      1.24641      0.00000      0.00000
      4.43994      0.61590      0.00000      0.00000
      4.44994      0.75552      0.00000      0.00000
      4.45994      1.26775      0.00000      0.00000
      4.46994      1.75109      0.00000      0.00000
      4.47994      1.87307      0.00000      0.00000
      4.48994      1.56942      0.00000      0.00000
      4.49994      0.91788      0.00000      0.00000
      4.50994      0.88365      0.00000      0.00000
      4.51994      2.09093      0.00000      0.00000
      4.52994      3.68890      0.00000      0.00000
      4.53994      4.30470      0.00000      0.00000
      4.54994      3.48438      0.00000      0.00000
      4.55994      2.60127      0.00000      0.00000
      4.56994      2.52237      0.00000      0.00000
      4.57994      2.73575      0.00000      0.00000
      4.58994      2.89502      0.00000      0.00000
      4.59994      2.87774      0.00000      0.00000
      4.60994      2.73167      0.00000      0.00000
      4.61994      2.98187      0.00000      0.00000
      4.62994      4.00357      0.00000      0.00000
      4.63994      4.75553      0.00000      0.00000
      4.64994      4.73158      0.00000      0.00000
      4.65994      4.56294      0.00000      0.00000
      4.66994      4.40235      0.00000      0.00000
      4.67994      4.54684      0.00000      0.00000
      4.68994      4.55126      0.00000      0.00000
      4.69994      4.42415      0.00000      0.00000
      4.70994      5.35965      0.00000      0.00000
      4.71994      6.81352      0.00000      0.00000
      4.72994      7.70045      0.00000      0.00000
      4.73994      8.10847      0.00000      0.00000
      4.74994      8.75237      0.00000      0.00000
      4.75994      8.73031      0.00000      0.00000
      4.76994      8.13110      0.00000      0.00000
      4.77994      8.39778      0.00000      0.00000
      4.78994      8.95074      0.00000      0.00000
      4.79994      8.98106      0.00000      0.00000
      4.80994      9.44147      0.00000      0.00000
      4.81994      9.85985      0.00000      0.00000
      4.82994      9.01091      0.00000      0.00000
      4.83994      8.05100      0.00000      0.00000
      4.84994      7.46897      0.00000      0.00000
      4.85994      7.21764      0.00000      0.00000
      4.86994      7.41376      0.00000      0.00000
      4.87994      7.34983      0.00000      0.00000
      4.88994      6.74671      0.00000      0.00000
      4.89994      6.51223      0.00000      0.00000
      4.90994      6.36594      0.00000      0.00000
      4.91994      6.00334      0.00000      0.00000
      4.92994      5.75544      0.00000      0.00000
      4.93994      4.61640      0.00000      0.00000
      4.94994      3.19174      0.00000      0.00000
      4.95994      2.84982      0.00000      0.00000
      4.96994      3.09828      0.00000      0.00000
      4.97994      3.78749      0.00000      0.00000
      4.98994      4.10728      0.00000      0.00000
      4.99994      3.26033      0.00000      0.00000
      5.00994      2.26069      0.00000      0.00000
      5.01994      2.19460      0.00000      0.00000
      5.02994      2.58710      0.00000      0.00000
      5.03994      2.49909      0.00000      0.00000
      5.04994      2.39832      0.00000      0.00000
      5.05994      2.76244      0.00000      0.00000
      5.06994      3.47779      0.00000      0.00000
      5.07994      3.39921      0.00000      0.00000
      5.08994      2.77897      0.00000      0.00000
      5.09994      2.68667      0.00000      0.00000
      5.10994      2.16419      0.00000      0.00000
      5.11994      1.51808      0.00000      0.00000
      5.12994      1.53050      0.00000      0.00000
      5.13994      1.83535      0.00000      0.00000
      5.14994      2.25943      0.00000      0.00000
      5.15994      2.20729      0.00000      0.00000
      5.16994      1.89006      0.00000      0.00000
      5.17994      1.91378      0.00000      0.00000
      5.18994      1.97512      0.00000      0.00000
      5.19994      1.92098      0.00000      0.00000
      5.20994      1.94584      0.00000      0.00000
      5.21994      2.11882      0.00000      0.00000
      5.22994      2.01930      0.00000      0.00000
      5.23994      1.28185      0.00000      0.00000
      5.24994      0.81223      0.00000      0.00000
      5.25994      1.02300      0.00000      0.00000
      5.26994      1.28408      0.00000      0.00000
      5.27994      1.21246      0.00000      0.00000
      5.28994      1.60611      0.00000      0.00000
      5.29994      2.39636      0.00000      0.00000
      5.30994      2.54192      0.00000      0.00000
      5.31994      2.10489      0.00000      0.00000
      5.32994      1.77554      0.00000      0.00000
      5.33994      1.71184      0.00000      0.00000
      5.34994      1.51935      0.00000      0.00000
      5.35994      1.13092      0.00000      0.00000
      5.36994      0.93279      0.00000      0.00000
      5.37994      1.12684      0.00000      0.00000
      5.38994      1.43168      0.00000      0.00000
      5.39994      1.50686      0.00000      0.00000
      5.40994      1.45839      0.00000      0.00000
      5.41994      1.72491      0.00000      0.00000
      5.42994      2.17904      0.00000      0.00000
      5.43994      2.20816      0.00000      0.00000
      5.44994      1.92298      0.00000      0.00000
      5.45994      1.66629      0.00000      0.00000
      5.46994      1.48261      0.00000      0.00000
      5.47994      1.16384      0.00000      0.00000
      5.48994      0.80939      0.00000      0.00000
      5.49994      0.74254      0.00000      0.00000
      5.50994      0.90118      0.00000      0.00000
      5.51994      1.00871      0.00000      0.00000
      5.52994      0.72620      0.00000      0.00000
      5.53994      0.44261      0.00000      0.00000
      5.54994      0.68321      0.00000      0.00000
      5.55994      1.28983      0.00000      0.00000
      5.56994      1.93996      0.00000      0.00000
      5.57994      2.18921      0.00000      0.00000
      5.58994      1.74450      0.00000      0.00000
      5.59994      1.15623      0.00000      0.00000
      5.60994      1.17842      0.00000      0.00000
      5.61994      1.16784      0.00000      0.00000
      5.62994      0.85040      0.00000      0.00000
      5.63994      0.85623      0.00000      0.00000
      5.64994      1.28951      0.00000      0.00000
      5.65994      1.49372      0.00000      0.00000
      5.66994      1.07508      0.00000      0.00000
      5.67994      0.67514      0.00000      0.00000
      5.68994      1.09710      0.00000      0.00000
      5.69994      1.85221      0.00000      0.00000
      5.70994      1.88160      0.00000      0.00000
      5.71994      1.55211      0.00000      0.00000
      5.72994      1.63927      0.00000      0.00000
      5.73994      1.57574      0.00000      0.00000
      5.74994      1.02742      0.00000      0.00000
      5.75994      1.13584      0.00000      0.00000
      5.76994      2.06595      0.00000      0.00000
      5.77994      2.25048      0.00000      0.00000
      5.78994      1.28412      0.00000      0.00000
      5.79994      0.61781      0.00000      0.00000
      5.80994      0.65716      0.00000      0.00000
      5.81994      0.80327      0.00000      0.00000
      5.82994      0.82837      0.00000      0.00000
      5.83994      1.02155      0.00000      0.00000
      5.84994      1.27969      0.00000      0.00000
      5.85994      1.42643      0.00000      0.00000
      5.86994      1.57673      0.00000      0.00000
      5.87994      1.93161      0.00000      0.00000
      5.88994      2.02243      0.00000      0.00000
      5.89994      2.00449      0.00000      0.00000
      5.90994      2.03811      0.00000      0.00000
      5.91994      1.68850      0.00000      0.00000
      5.92994      1.20240      0.00000      0.00000
      5.93994      1.10974      0.00000      0.00000
      5.94994      1.17050      0.00000      0.00000
      5.95994      0.96733      0.00000      0.00000
      5.96994      1.11743      0.00000      0.00000
      5.97994      1.64217      0.00000      0.00000
      5.98994      2.16296      0.00000      0.00000
      5.99994      2.54714      0.00000      0.00000
      6.00994      2.35280      0.00000      0.00000
      6.01994      1.95075      0.00000      0.00000
      6.02994      1.95079      0.00000      0.00000
      6.03994      1.94504      0.00000      0.00000
      6.04994      1.68311      0.00000      0.00000
      6.05994      1.39288      0.00000      0.00000
      6.06994      1.40768      0.00000      0.00000
      6.07994      1.57573      0.00000      0.00000
      6.08994      1.31821      0.00000      0.00000
      6.09994      1.48064      0.00000      0.00000
      6.10994      2.53799      0.00000      0.00000
      6.11994      2.62039      0.00000      0.00000
      6.12994      1.50639      0.00000      0.00000
      6.13994      0.74487      0.00000      0.00000
      6.14994      0.79864      0.00000      0.00000
      6.15994      1.53357      0.00000      0.00000
      6.16994      2.72575      0.00000      0.00000
      6.17994      3.44709      0.00000      0.00000
      6.18994      3.02662      0.00000      0.00000
      6.19994      2.45927      0.00000      0.00000
      6.20994      1.91384      0.00000      0.00000
      6.21994      1.39840      0.00000      0.00000
      6.22994      1.49079      0.00000      0.00000
      6.23994      1.71799      0.00000      0.00000
      6.24994      1.75045      0.00000      0.00000
      6.25994      1.74136      0.00000      0.00000
      6.26994      1.91826      0.00000      0.00000
      6.27994      2.10216      0.00000      0.00000
      6.28994      2.00820      0.00000      0.00000
      6.29994      2.52394      0.00000      0.00000
      6.30994      2.95848      0.00000      0.00000
      6.31994      2.57083      0.00000      0.00000
      6.32994      2.22907      0.00000      0.00000
      6.33994      2.07867      0.00000      0.00000
      6.34994      1.92468      0.00000      0.00000
      6.35994      1.61992      0.00000      0.00000
      6.36994      1.16569      0.00000      0.00000
      6.37994      1.22713      0.00000      0.00000
      6.38994      1.88676      0.00000      0.00000
      6.39994      2.12529      0.00000      0.00000
      6.40994      1.83921      0.00000      0.00000
      6.41994      1.70978      0.00000      0.00000
      6.42994      1.74834      0.00000      0.00000
      6.43994      1.66930      0.00000      0.00000
      6.44994      1.21688      0.00000      0.00000
      6.45994      0.72917      0.00000      0.00000
      6.46994      0.78184      0.00000      0.00000
      6.47994      1.41969      0.00000      0.00000
      6.48994      2.02913      0.00000      0.00000
      6.49994      1.96513      0.00000      0.00000
      6.50994      1.39843      0.00000      0.00000
      6.51994      1.30834      0.00000      0.00000
      6.52994      1.64203      0.00000      0.00000
      6.53994      1.77288      0.00000      0.00000
      6.54994      1.79833      0.00000      0.00000
      6.55994      1.71328      0.00000      0.00000
      6.56994      1.65299      0.00000      0.00000
      6.57994      1.59129      0.00000      0.00000
      6.58994      1.30544      0.00000      0.00000
      6.59994      1.29105      0.00000      0.00000
      6.60994      1.64725      0.00000      0.00000
      6.61994      1.49510      0.00000      0.00000
      6.62994      1.32062      0.00000      0.00000
      6.63994      1.88210      0.00000      0.00000
      6.64994      2.38168      0.00000      0.00000
      6.65994      1.96153      0.00000      0.00000
      6.66994      1.29885      0.00000      0.00000
      6.67994      1.27776      0.00000      0.00000
      6.68994      1.64020      0.00000      0.00000
      6.69994      1.85931      0.00000      0.00000
      6.70994      1.82113      0.00000      0.00000
      6.71994      2.05856      0.00000      0.00000
      6.72994      2.13762      0.00000      0.00000
      6.73994      1.83887      0.00000      0.00000
      6.74994      1.64646      0.00000      0.00000
      6.75994      1.50517      0.00000      0.00000
      6.76994      1.88121      0.00000      0.00000
      6.77994      2.32269      0.00000      0.00000
      6.78994      1.91894      0.00000      0.00000
      6.79994      2.08880      0.00000      0.00000
      6.80994      2.90577      0.00000      0.00000
      6.81994      2.61523      0.00000      0.00000
      6.82994      1.71965      0.00000      0.00000
      6.83994      1.40476      0.00000      0.00000
      6.84994      1.44431      0.00000      0.00000
      6.85994      1.63184      0.00000      0.00000
      6.86994      1.88045      0.00000      0.00000
      6.87994      1.89784      0.00000      0.00000
      6.88994      2.09951      0.00000      0.00000
      6.89994      2.31359      0.00000      0.00000
      6.90994      2.53471      0.00000      0.00000
      6.91994      3.18902      0.00000      0.00000
      6.92994      3.61007      0.00000      0.00000
      6.93994      3.26231      0.00000      0.00000
      6.94994      2.46525      0.00000      0.00000
      6.95994      1.95240      0.00000      0.00000
      6.96994      1.97451      0.00000      0.00000
      6.97994      2.55973      0.00000      0.00000
      6.98994      3.23544      0.00000      0.00000
      6.99994      3.22068      0.00000      0.00000
