Energy-E_F (eV)    DOS (1/eV)    PDOS (1/eV)  of atom type W  Se 
     -5.37338      2.43931      0.73038      1.70893
     -5.36338      2.82270      0.78638      2.03632
     -5.35338      2.76654      0.77192      1.99462
     -5.34338      2.49185      0.76036      1.73149
     -5.33338      2.60122      0.81336      1.78786
     -5.32338      2.23783      0.67175      1.56608
     -5.31338      1.44318      0.42898      1.01420
     -5.30338      1.46252      0.43194      1.03058
     -5.29338      2.09589      0.57361      1.52228
     -5.28338      2.19291      0.59273      1.60018
     -5.27338      1.40489      0.39704      1.00785
     -5.26338      0.87891      0.25264      0.62627
     -5.25338      1.02691      0.27587      0.75104
     -5.24338      1.08643      0.27859      0.80783
     -5.23338      0.69716      0.18196      0.51520
     -5.22338      0.71638      0.19109      0.52529
     -5.21338      1.38318      0.34852      1.03466
     -5.20338      1.73683      0.41986      1.31696
     -5.19338      1.24617      0.31651      0.92966
     -5.18338      0.79467      0.23385      0.56082
     -5.17338      0.91627      0.27447      0.64181
     -5.16338      1.15442      0.31401      0.84041
     -5.15338      1.04315      0.26679      0.77636
     -5.14338      0.60993      0.15988      0.45005
     -5.13338      0.33953      0.09077      0.24876
     -5.12338      0.65151      0.16110      0.49041
     -5.11338      1.33378      0.31670      1.01708
     -5.10338      1.47547      0.35672      1.11875
     -5.09338      0.95480      0.25310      0.70170
     -5.08338      0.65168      0.18913      0.46255
     -5.07338      0.56804      0.16137      0.40667
     -5.06338      0.62796      0.15741      0.47055
     -5.05338      0.79918      0.19506      0.60412
     -5.04338      0.64291      0.16799      0.47493
     -5.03338      0.35245      0.09872      0.25373
     -5.02338      0.48126      0.13279      0.34847
     -5.01338      1.19050      0.31172      0.87878
     -5.00338      1.73400      0.43684      1.29716
     -4.99338      1.42995      0.36952      1.06043
     -4.98338      0.82926      0.23785      0.59141
     -4.97338      0.44003      0.13554      0.30449
     -4.96338      0.29648      0.08264      0.21384
     -4.95338      0.58957      0.14615      0.44341
     -4.94338      0.85014      0.21161      0.63853
     -4.93338      0.69893      0.18404      0.51490
     -4.92338      0.64866      0.17753      0.47113
     -4.91338      1.16392      0.30566      0.85826
     -4.90338      2.56866      0.65444      1.91422
     -4.89338      4.67217      1.17765      3.49452
     -4.88338      5.44655      1.38324      4.06331
     -4.87338      4.37581      1.12561      3.25020
     -4.86338      3.03908      0.78446      2.25462
     -4.85338      2.30495      0.59286      1.71209
     -4.84338      2.52091      0.64123      1.87968
     -4.83338      2.88660      0.73023      2.15637
     -4.82338      2.87574      0.74006      2.13568
     -4.81338      2.68580      0.71786      1.96794
     -4.80338      2.52927      0.70070      1.82858
     -4.79338      2.22633      0.62890      1.59743
     -4.78338      2.57087      0.70598      1.86489
     -4.77338      3.47895      0.91542      2.56353
     -4.76338      3.59896      0.92372      2.67523
     -4.75338      2.65537      0.67860      1.97678
     -4.74338      1.75811      0.47173      1.28638
     -4.73338      1.73744      0.48857      1.24887
     -4.72338      2.10382      0.55173      1.55209
     -4.71338      2.48558      0.61309      1.87249
     -4.70338      2.79976      0.70490      2.09487
     -4.69338      2.94556      0.79078      2.15479
     -4.68338      2.69684      0.76124      1.93560
     -4.67338      2.35917      0.64950      1.70966
     -4.66338      2.20547      0.58937      1.61610
     -4.65338      2.51122      0.69074      1.82048
     -4.64338      3.49563      0.97720      2.51844
     -4.63338      4.06363      1.12113      2.94249
     -4.62338      3.11642      0.84458      2.27185
     -4.61338      1.95918      0.54690      1.41228
     -4.60338      1.88536      0.55066      1.33470
     -4.59338      2.89997      0.80752      2.09245
     -4.58338      4.22548      1.16186      3.06362
     -4.57338      4.66398      1.34833      3.31565
     -4.56338      4.04192      1.22807      2.81385
     -4.55338      3.33673      1.03620      2.30053
     -4.54338      3.79076      1.15894      2.63182
     -4.53338      4.49153      1.36375      3.12778
     -4.52338      4.89361      1.53463      3.35899
     -4.51338      5.47053      1.73479      3.73574
     -4.50338      6.05110      1.86389      4.18721
     -4.49338      6.23539      1.86369      4.37170
     -4.48338      5.35761      1.59509      3.76252
     -4.47338      3.80617      1.17120      2.63496
     -4.46338      3.08561      0.98359      2.10202
     -4.45338      3.45911      1.09518      2.36393
     -4.44338      3.95355      1.23291      2.72064
     -4.43338      4.16669      1.28896      2.87773
     -4.42338      4.60720      1.39527      3.21193
     -4.41338      5.43553      1.62619      3.80935
     -4.40338      5.72897      1.73602      3.99295
     -4.39338      5.02324      1.54102      3.48222
     -4.38338      3.62915      1.09999      2.52916
     -4.37338      2.28884      0.66830      1.62054
     -4.36338      1.57695      0.44465      1.13230
     -4.35338      1.39506      0.40909      0.98597
     -4.34338      1.29005      0.42890      0.86115
     -4.33338      0.93905      0.35268      0.58638
     -4.32338      0.63962      0.25299      0.38664
     -4.31338      0.90498      0.34366      0.56132
     -4.30338      1.17414      0.42464      0.74950
     -4.29338      1.08343      0.37944      0.70399
     -4.28338      0.93547      0.30742      0.62805
     -4.27338      0.70617      0.21224      0.49393
     -4.26338      0.29671      0.08622      0.21049
     -4.25338      0.12412      0.04377      0.08034
     -4.24338      0.37709      0.14190      0.23519
     -4.23338      0.93143      0.32879      0.60264
     -4.22338      1.39944      0.46677      0.93267
     -4.21338      1.38307      0.43716      0.94591
     -4.20338      0.88869      0.26557      0.62313
     -4.19338      0.34635      0.10080      0.24555
     -4.18338      0.14128      0.04986      0.09142
     -4.17338      0.40915      0.15948      0.24966
     -4.16338      1.08296      0.38818      0.69478
     -4.15338      1.83136      0.58239      1.24897
     -4.14338      2.27180      0.66067      1.61113
     -4.13338      1.92531      0.53361      1.39170
     -4.12338      1.23046      0.31903      0.91143
     -4.11338      0.91874      0.25345      0.66530
     -4.10338      0.75457      0.24859      0.50598
     -4.09338      0.95075      0.29095      0.65980
     -4.08338      1.66248      0.43908      1.22340
     -4.07338      2.18143      0.54831      1.63312
     -4.06338      1.95262      0.52603      1.42659
     -4.05338      1.42356      0.43390      0.98966
     -4.04338      1.00909      0.30942      0.69967
     -4.03338      0.78637      0.24491      0.54146
     -4.02338      0.81307      0.29392      0.51916
     -4.01338      0.89689      0.33922      0.55767
     -4.00338      1.13379      0.39711      0.73668
     -3.99338      1.33471      0.40803      0.92668
     -3.98338      0.92251      0.25619      0.66632
     -3.97338      0.63285      0.18579      0.44706
     -3.96338      1.12515      0.34651      0.77864
     -3.95338      1.44340      0.43795      1.00545
     -3.94338      1.19904      0.36046      0.83858
     -3.93338      0.85935      0.25462      0.60473
     -3.92338      0.52020      0.14154      0.37866
     -3.91338      0.42737      0.10622      0.32115
     -3.90338      0.53350      0.17859      0.35491
     -3.89338      0.90645      0.35393      0.55253
     -3.88338      1.35406      0.47081      0.88325
     -3.87338      1.54134      0.42671      1.11463
     -3.86338      1.50581      0.36024      1.14557
     -3.85338      1.38050      0.33521      1.04528
     -3.84338      1.62037      0.39704      1.22333
     -3.83338      2.54900      0.64855      1.90045
     -3.82338      3.85869      1.01462      2.84407
     -3.81338      4.64359      1.18895      3.45463
     -3.80338      4.65705      1.11365      3.54340
     -3.79338      4.60137      1.00473      3.59663
     -3.78338      5.39271      1.05039      4.34232
     -3.77338      6.02588      1.14600      4.87988
     -3.76338      5.17429      1.10066      4.07363
     -3.75338      3.76329      0.89533      2.86796
     -3.74338      2.73242      0.70049      2.03193
     -3.73338      2.80547      0.81042      1.99505
     -3.72338      3.68456      1.10694      2.57762
     -3.71338      4.09277      1.20242      2.89035
     -3.70338      3.66753      1.05981      2.60772
     -3.69338      3.23376      0.97095      2.26281
     -3.68338      2.86378      0.86402      1.99976
     -3.67338      2.53587      0.75690      1.77897
     -3.66338      2.56657      0.79381      1.77276
     -3.65338      2.63388      0.83283      1.80106
     -3.64338      2.20055      0.69619      1.50436
     -3.63338      1.76206      0.54239      1.21966
     -3.62338      1.69870      0.54396      1.15474
     -3.61338      2.33312      0.82156      1.51157
     -3.60338      2.88641      1.03307      1.85334
     -3.59338      2.66682      0.95003      1.71678
     -3.58338      2.88808      1.03333      1.85475
     -3.57338      3.07538      1.08633      1.98904
     -3.56338      2.19164      0.74892      1.44272
     -3.55338      1.80686      0.57723      1.22963
     -3.54338      2.70917      0.83657      1.87261
     -3.53338      3.35219      1.04256      2.30963
     -3.52338      2.99998      0.93685      2.06314
     -3.51338      2.02622      0.63120      1.39502
     -3.50338      1.23646      0.38530      0.85116
     -3.49338      1.14464      0.40818      0.73646
     -3.48338      2.32505      0.87126      1.45379
     -3.47338      3.72315      1.35247      2.37068
     -3.46338      3.43464      1.24139      2.19325
     -3.45338      2.70417      1.04152      1.66265
     -3.44338      2.28362      0.94128      1.34235
     -3.43338      2.14801      0.86414      1.28386
     -3.42338      2.55540      0.95953      1.59586
     -3.41338      2.38971      0.86388      1.52584
     -3.40338      1.67839      0.60219      1.07619
     -3.39338      1.38326      0.50484      0.87841
     -3.38338      1.99301      0.73102      1.26199
     -3.37338      2.92623      1.03689      1.88934
     -3.36338      3.19327      1.09528      2.09799
     -3.35338      2.87668      1.01237      1.86431
     -3.34338      2.58843      0.96886      1.61958
     -3.33338      2.52404      0.99278      1.53126
     -3.32338      2.06223      0.84255      1.21968
     -3.31338      1.71586      0.68330      1.03255
     -3.30338      2.32572      0.88888      1.43684
     -3.29338      2.94562      1.13578      1.80984
     -3.28338      3.07845      1.21140      1.86705
     -3.27338      2.94750      1.19229      1.75522
     -3.26338      2.76077      1.14186      1.61891
     -3.25338      2.56684      1.06159      1.50526
     -3.24338      2.43661      0.99539      1.44122
     -3.23338      2.54244      1.04750      1.49494
     -3.22338      2.42123      1.01433      1.40690
     -3.21338      2.29375      0.94835      1.34539
     -3.20338      2.47797      0.99476      1.48321
     -3.19338      2.48822      0.98938      1.49884
     -3.18338      2.41737      0.95531      1.46206
     -3.17338      2.43185      0.93475      1.49710
     -3.16338      2.53792      0.86913      1.66878
     -3.15338      2.47999      0.79220      1.68779
     -3.14338      2.22140      0.73199      1.48940
     -3.13338      2.18685      0.78541      1.40144
     -3.12338      2.11488      0.78922      1.32566
     -3.11338      2.18800      0.80061      1.38738
     -3.10338      2.40040      0.87833      1.52208
     -3.09338      2.07335      0.72919      1.34416
     -3.08338      1.38964      0.44576      0.94388
     -3.07338      0.85187      0.28025      0.57162
     -3.06338      1.00685      0.39173      0.61512
     -3.05338      1.74472      0.69027      1.05445
     -3.04338      2.40949      0.93936      1.47013
     -3.03338      2.06902      0.78813      1.28089
     -3.02338      1.26324      0.47841      0.78483
     -3.01338      1.33838      0.49623      0.84215
     -3.00338      1.79160      0.63228      1.15931
     -2.99338      1.79910      0.64079      1.15831
     -2.98338      1.68322      0.62053      1.06269
     -2.97338      1.36897      0.46808      0.90089
     -2.96338      1.25819      0.38314      0.87505
     -2.95338      1.57174      0.49748      1.07426
     -2.94338      1.86668      0.62443      1.24225
     -2.93338      1.84377      0.67050      1.17327
     -2.92338      1.43480      0.55838      0.87642
     -2.91338      1.24690      0.49430      0.75260
     -2.90338      1.68953      0.63275      1.05678
     -2.89338      2.24451      0.76936      1.47515
     -2.88338      2.16545      0.71072      1.45473
     -2.87338      1.70019      0.58679      1.11340
     -2.86338      1.30671      0.47199      0.83472
     -2.85338      1.18199      0.40500      0.77699
     -2.84338      0.87672      0.27045      0.60627
     -2.83338      0.75344      0.19857      0.55487
     -2.82338      1.20260      0.34260      0.86000
     -2.81338      1.53766      0.50990      1.02776
     -2.80338      1.59922      0.57636      1.02286
     -2.79338      1.39244      0.49017      0.90226
     -2.78338      0.84909      0.29337      0.55573
     -2.77338      0.71507      0.22027      0.49481
     -2.76338      1.50942      0.42141      1.08801
     -2.75338      2.27176      0.68044      1.59132
     -2.74338      2.48349      0.85618      1.62731
     -2.73338      2.40630      0.87557      1.53072
     -2.72338      2.21726      0.80531      1.41195
     -2.71338      2.14908      0.76323      1.38586
     -2.70338      2.08010      0.67136      1.40875
     -2.69338      1.82379      0.52525      1.29854
     -2.68338      1.60765      0.44468      1.16296
     -2.67338      1.59519      0.48446      1.11073
     -2.66338      1.83202      0.62425      1.20777
     -2.65338      2.17459      0.78710      1.38748
     -2.64338      2.33557      0.83745      1.49812
     -2.63338      2.00113      0.64722      1.35391
     -2.62338      1.79734      0.49447      1.30287
     -2.61338      2.37491      0.65394      1.72097
     -2.60338      2.73192      0.82913      1.90278
     -2.59338      2.68033      0.83308      1.84725
     -2.58338      3.61156      1.02882      2.58275
     -2.57338      5.53372      1.42546      4.10826
     -2.56338      6.64132      1.53965      5.10167
     -2.55338      6.95732      1.50798      5.44934
     -2.54338      6.90604      1.50015      5.40589
     -2.53338      6.25204      1.38360      4.86845
     -2.52338      5.50132      1.22670      4.27461
     -2.51338      4.45895      1.01166      3.44729
     -2.50338      3.55136      0.81872      2.73264
     -2.49338      3.57612      0.89516      2.68095
     -2.48338      4.05265      1.17177      2.88088
     -2.47338      4.28631      1.27687      3.00945
     -2.46338      3.83105      1.07739      2.75366
     -2.45338      3.08991      0.81337      2.27654
     -2.44338      2.63458      0.68784      1.94675
     -2.43338      2.97227      0.84968      2.12259
     -2.42338      3.99653      1.15224      2.84430
     -2.41338      4.45122      1.17754      3.27369
     -2.40338      3.84081      1.02798      2.81283
     -2.39338      2.89689      0.91687      1.98002
     -2.38338      2.86151      0.96063      1.90088
     -2.37338      3.97893      1.18124      2.79770
     -2.36338      4.85837      1.36427      3.49410
     -2.35338      4.75148      1.35541      3.39608
     -2.34338      3.99681      1.16857      2.82823
     -2.33338      3.37919      0.91933      2.45986
     -2.32338      3.54689      0.86328      2.68361
     -2.31338      3.41543      0.97096      2.44447
     -2.30338      3.04295      1.03019      2.01276
     -2.29338      3.09665      1.00853      2.08812
     -2.28338      3.44080      0.99485      2.44595
     -2.27338      3.34196      0.95760      2.38436
     -2.26338      2.60113      0.83189      1.76924
     -2.25338      2.02867      0.68012      1.34855
     -2.24338      2.19237      0.70342      1.48895
     -2.23338      2.88396      0.96567      1.91829
     -2.22338      3.64334      1.16267      2.48067
     -2.21338      3.96831      1.15615      2.81216
     -2.20338      3.59063      1.03774      2.55289
     -2.19338      3.24961      0.96606      2.28355
     -2.18338      3.06786      0.94960      2.11827
     -2.17338      3.21506      0.98855      2.22651
     -2.16338      4.01997      1.21653      2.80345
     -2.15338      4.15192      1.22984      2.92207
     -2.14338      3.08767      0.92667      2.16100
     -2.13338      2.45848      0.82180      1.63667
     -2.12338      2.36307      0.82788      1.53519
     -2.11338      2.81735      1.01699      1.80035
     -2.10338      3.78617      1.38474      2.40143
     -2.09338      4.41735      1.49446      2.92289
     -2.08338      4.49507      1.39157      3.10351
     -2.07338      4.14912      1.23406      2.91506
     -2.06338      3.29386      0.93593      2.35793
     -2.05338      2.71732      0.85445      1.86287
     -2.04338      2.75673      1.00070      1.75603
     -2.03338      2.92509      1.05285      1.87224
     -2.02338      3.22369      0.99503      2.22865
     -2.01338      3.86753      1.12724      2.74030
     -2.00338      4.00437      1.22614      2.77823
     -1.99338      3.51298      1.05613      2.45685
     -1.98338      3.39053      0.97955      2.41098
     -1.97338      3.49305      1.05292      2.44014
     -1.96338      3.28731      1.04121      2.24609
     -1.95338      3.09013      0.92596      2.16417
     -1.94338      2.95050      0.72812      2.22238
     -1.93338      2.60895      0.47662      2.13233
     -1.92338      2.18373      0.38428      1.79944
     -1.91338      1.61851      0.42623      1.19228
     -1.90338      1.20079      0.42201      0.77878
     -1.89338      1.34002      0.38951      0.95051
     -1.88338      1.79474      0.37895      1.41580
     -1.87338      2.32495      0.54113      1.78382
     -1.86338      2.61785      0.73030      1.88754
     -1.85338      2.69610      0.84846      1.84763
     -1.84338      2.77718      0.95943      1.81775
     -1.83338      2.58983      0.90153      1.68830
     -1.82338      2.55576      0.75597      1.79979
     -1.81338      2.51518      0.56761      1.94757
     -1.80338      2.25752      0.40497      1.85255
     -1.79338      2.22589      0.41906      1.80683
     -1.78338      1.90170      0.41331      1.48838
     -1.77338      1.50663      0.32418      1.18246
     -1.76338      1.49379      0.32751      1.16628
     -1.75338      1.99727      0.51127      1.48599
     -1.74338      2.76294      0.84974      1.91320
     -1.73338      3.04517      0.98174      2.06343
     -1.72338      2.49441      0.73267      1.76173
     -1.71338      1.81588      0.44370      1.37218
     -1.70338      1.47080      0.30696      1.16384
     -1.69338      1.66207      0.31216      1.34991
     -1.68338      2.18218      0.43026      1.75192
     -1.67338      2.32113      0.56267      1.75845
     -1.66338      2.22061      0.64939      1.57122
     -1.65338      2.49579      0.79102      1.70477
     -1.64338      2.79580      0.80137      1.99443
     -1.63338      2.80571      0.65927      2.14644
     -1.62338      2.49848      0.58480      1.91368
     -1.61338      1.69506      0.39759      1.29748
     -1.60338      1.38964      0.24916      1.14048
     -1.59338      1.84554      0.34393      1.50161
     -1.58338      2.11631      0.50955      1.60676
     -1.57338      1.76075      0.52244      1.23830
     -1.56338      1.30893      0.37032      0.93862
     -1.55338      1.25110      0.29838      0.95272
     -1.54338      1.56080      0.39014      1.17066
     -1.53338      2.09230      0.53193      1.56037
     -1.52338      2.47277      0.62445      1.84832
     -1.51338      2.46092      0.72820      1.73271
     -1.50338      2.00155      0.68880      1.31276
     -1.49338      1.72410      0.53071      1.19339
     -1.48338      1.68567      0.46945      1.21622
     -1.47338      1.61892      0.47747      1.14146
     -1.46338      1.83814      0.59871      1.23943
     -1.45338      1.93091      0.69144      1.23947
     -1.44338      1.51962      0.56249      0.95713
     -1.43338      1.41341      0.53415      0.87926
     -1.42338      1.58123      0.63651      0.94472
     -1.41338      1.55633      0.66137      0.89496
     -1.40338      1.35443      0.58308      0.77136
     -1.39338      1.19886      0.52174      0.67712
     -1.38338      1.24614      0.55529      0.69085
     -1.37338      1.21714      0.53570      0.68144
     -1.36338      1.13238      0.44159      0.69080
     -1.35338      1.00756      0.31192      0.69564
     -1.34338      0.90577      0.23467      0.67110
     -1.33338      0.63184      0.15790      0.47394
     -1.32338      0.30866      0.09709      0.21157
     -1.31338      0.30722      0.13638      0.17085
     -1.30338      0.36048      0.17189      0.18858
     -1.29338      0.32187      0.17448      0.14739
     -1.28338      0.38288      0.19942      0.18346
     -1.27338      0.57747      0.27364      0.30382
     -1.26338      0.91745      0.45686      0.46059
     -1.25338      1.11133      0.59630      0.51503
     -1.24338      0.98071      0.56830      0.41241
     -1.23338      0.89824      0.53945      0.35879
     -1.22338      0.59747      0.34869      0.24878
     -1.21338      0.41425      0.23223      0.18201
     -1.20338      0.67198      0.40094      0.27104
     -1.19338      0.85987      0.54227      0.31760
     -1.18338      0.96180      0.58878      0.37301
     -1.17338      1.04330      0.61382      0.42948
     -1.16338      0.88666      0.52900      0.35766
     -1.15338      0.90915      0.53854      0.37061
     -1.14338      0.95748      0.54725      0.41022
     -1.13338      0.70228      0.39354      0.30875
     -1.12338      0.84669      0.48938      0.35731
     -1.11338      1.37565      0.81629      0.55935
     -1.10338      1.72044      1.04287      0.67758
     -1.09338      1.93542      1.17610      0.75932
     -1.08338      1.82015      1.09982      0.72033
     -1.07338      1.45186      0.84825      0.60361
     -1.06338      1.30741      0.73866      0.56875
     -1.05338      1.36978      0.81172      0.55807
     -1.04338      1.34204      0.83783      0.50421
     -1.03338      1.34507      0.82014      0.52493
     -1.02338      1.31202      0.78637      0.52565
     -1.01338      1.09322      0.68901      0.40421
     -1.00338      1.29381      0.83821      0.45559
     -0.99338      2.07477      1.33078      0.74399
     -0.98338      2.38209      1.53088      0.85121
     -0.97338      2.23615      1.42179      0.81436
     -0.96338      2.01009      1.24042      0.76966
     -0.95338      1.75431      1.11243      0.64187
     -0.94338      1.82349      1.21056      0.61293
     -0.93338      1.84971      1.21647      0.63324
     -0.92338      2.08467      1.36256      0.72211
     -0.91338      2.60985      1.70694      0.90291
     -0.90338      2.96679      1.93628      1.03051
     -0.89338      3.20398      2.08594      1.11804
     -0.88338      3.29873      2.15249      1.14623
     -0.87338      3.26856      2.22004      1.04852
     -0.86338      3.76401      2.65546      1.10855
     -0.85338      4.35580      3.07182      1.28398
     -0.84338      4.17920      2.93439      1.24481
     -0.83338      3.45450      2.41969      1.03480
     -0.82338      3.47980      2.36671      1.11309
     -0.81338      3.53498      2.34816      1.18682
     -0.80338      3.11527      2.09758      1.01769
     -0.79338      3.24224      2.24162      1.00063
     -0.78338      2.94257      2.02903      0.91354
     -0.77338      2.40233      1.61922      0.78311
     -0.76338      2.75637      1.84105      0.91533
     -0.75338      3.13703      2.06115      1.07588
     -0.74338      2.84824      1.83498      1.01325
     -0.73338      2.48254      1.65700      0.82554
     -0.72338      2.43767      1.69564      0.74203
     -0.71338      2.45832      1.70540      0.75292
     -0.70338      2.50769      1.71146      0.79623
     -0.69338      2.56300      1.72960      0.83340
     -0.68338      2.28169      1.52352      0.75817
     -0.67338      1.99379      1.34136      0.65243
     -0.66338      2.13616      1.46442      0.67174
     -0.65338      2.16001      1.48014      0.67987
     -0.64338      1.99943      1.35296      0.64647
     -0.63338      2.41020      1.61480      0.79539
     -0.62338      2.87403      1.94521      0.92882
     -0.61338      2.57419      1.79154      0.78265
     -0.60338      1.94680      1.38134      0.56546
     -0.59338      1.65967      1.15231      0.50735
     -0.58338      1.73637      1.18063      0.55575
     -0.57338      1.81348      1.23862      0.57486
     -0.56338      2.17514      1.50861      0.66653
     -0.55338      2.30722      1.61023      0.69699
     -0.54338      1.94961      1.34648      0.60313
     -0.53338      1.76133      1.20255      0.55878
     -0.52338      1.90908      1.32111      0.58797
     -0.51338      2.24167      1.58032      0.66136
     -0.50338      2.58318      1.83451      0.74867
     -0.49338      2.25643      1.59872      0.65771
     -0.48338      1.67707      1.17087      0.50619
     -0.47338      1.63603      1.13288      0.50315
     -0.46338      1.80934      1.25591      0.55344
     -0.45338      2.07339      1.44233      0.63106
     -0.44338      2.44886      1.70991      0.73894
     -0.43338      2.39517      1.66636      0.72880
     -0.42338      2.08485      1.43852      0.64633
     -0.41338      1.78875      1.23042      0.55833
     -0.40338      1.48130      1.02993      0.45136
     -0.39338      1.28811      0.92158      0.36654
     -0.38338      1.30739      0.96235      0.34504
     -0.37338      1.14769      0.86084      0.28685
     -0.36338      0.71574      0.53901      0.17674
     -0.35338      0.51362      0.37741      0.13621
     -0.34338      0.61157      0.44568      0.16590
     -0.33338      0.73886      0.54348      0.19538
     -0.32338      0.67550      0.50141      0.17409
     -0.31338      0.61545      0.46214      0.15330
     -0.30338      0.55277      0.42025      0.13253
     -0.29338      0.49371      0.37440      0.11932
     -0.28338      0.52662      0.39559      0.13104
     -0.27338      0.43698      0.32913      0.10785
     -0.26338      0.51297      0.39063      0.12234
     -0.25338      0.79464      0.60689      0.18774
     -0.24338      0.99920      0.76564      0.23357
     -0.23338      0.92537      0.70985      0.21552
     -0.22338      0.48204      0.36905      0.11299
     -0.21338      0.13398      0.10251      0.03147
     -0.20338      0.19364      0.14927      0.04436
     -0.19338      0.53243      0.41044      0.12199
     -0.18338      0.60383      0.46558      0.13824
     -0.17338      0.36922      0.28608      0.08314
     -0.16338      0.31399      0.24460      0.06939
     -0.15338      0.38443      0.29872      0.08571
     -0.14338      0.41555      0.32266      0.09290
     -0.13338      0.57831      0.45006      0.12826
     -0.12338      0.71858      0.56093      0.15765
     -0.11338      0.57092      0.44740      0.12352
     -0.10338      0.30780      0.24184      0.06595
     -0.09338      0.15588      0.12238      0.03350
     -0.08338      0.24044      0.18870      0.05174
     -0.07338      0.38245      0.30075      0.08170
     -0.06338      0.38420      0.30259      0.08161
     -0.05338      0.35130      0.27692      0.07438
     -0.04338      0.39803      0.31400      0.08403
     -0.03338      0.40380      0.31905      0.08475
     -0.02338      0.35280      0.27910      0.07370
     -0.01338      0.23675      0.18747      0.04928
     -0.00338      0.17906      0.14193      0.03714
      0.00662      0.09347      0.07410      0.01937
      0.01662      0.02003      0.01588      0.00415
      0.02662      0.00160      0.00127      0.00033
      0.03662      0.00005      0.00004      0.00001
      0.04662      0.00000      0.00000      0.00000
      0.05662      0.00000      0.00000      0.00000
      0.06662      0.00000      0.00000      0.00000
      0.07662      0.00000      0.00000      0.00000
      0.08662      0.00000      0.00000      0.00000
      0.09662      0.00000      0.00000      0.00000
      0.10662      0.00000      0.00000      0.00000
      0.11662      0.00000      0.00000      0.00000
      0.12662      0.00000      0.00000      0.00000
      0.13662      0.00000      0.00000      0.00000
      0.14662      0.00000      0.00000      0.00000
      0.15662      0.00000      0.00000      0.00000
      0.16662      0.00000      0.00000      0.00000
      0.17662      0.00000      0.00000      0.00000
      0.18662      0.00000      0.00000      0.00000
      0.19662      0.00000      0.00000      0.00000
      0.20662      0.00000      0.00000      0.00000
      0.21662      0.00000      0.00000      0.00000
      0.22662      0.00000      0.00000      0.00000
      0.23662      0.00000      0.00000      0.00000
      0.24662      0.00000      0.00000      0.00000
      0.25662      0.00000      0.00000      0.00000
      0.26662      0.00000      0.00000      0.00000
      0.27662      0.00000      0.00000      0.00000
      0.28662      0.00000      0.00000      0.00000
      0.29662      0.00000      0.00000      0.00000
      0.30662      0.00000      0.00000      0.00000
      0.31662      0.00000      0.00000      0.00000
      0.32662      0.00000      0.00000      0.00000
      0.33662      0.00000      0.00000      0.00000
      0.34662      0.00000      0.00000      0.00000
      0.35662      0.00000      0.00000      0.00000
      0.36662      0.00000      0.00000      0.00000
      0.37662      0.00000      0.00000      0.00000
      0.38662      0.00000      0.00000      0.00000
      0.39662      0.00000      0.00000      0.00000
      0.40662      0.00000      0.00000      0.00000
      0.41662      0.00000      0.00000      0.00000
      0.42662      0.00000      0.00000      0.00000
      0.43662      0.00000      0.00000      0.00000
      0.44662      0.00000      0.00000      0.00000
      0.45662      0.00000      0.00000      0.00000
      0.46662      0.00000      0.00000      0.00000
      0.47662      0.00000      0.00000      0.00000
      0.48662      0.00000      0.00000      0.00000
      0.49662      0.00000      0.00000      0.00000
      0.50662      0.00000      0.00000      0.00000
      0.51662      0.00000      0.00000      0.00000
      0.52662      0.00000      0.00000      0.00000
      0.53662      0.00000      0.00000      0.00000
      0.54662      0.00000      0.00000      0.00000
      0.55662      0.00000      0.00000      0.00000
      0.56662      0.00000      0.00000      0.00000
      0.57662      0.00000      0.00000      0.00000
      0.58662      0.00000      0.00000      0.00000
      0.59662      0.00000      0.00000      0.00000
      0.60662      0.00000      0.00000      0.00000
      0.61662      0.00000      0.00000      0.00000
      0.62662      0.00000      0.00000      0.00000
      0.63662      0.00000      0.00000      0.00000
      0.64662      0.00000      0.00000      0.00000
      0.65662      0.00000      0.00000      0.00000
      0.66662      0.00000      0.00000      0.00000
      0.67662      0.00000      0.00000      0.00000
      0.68662      0.00000      0.00000      0.00000
      0.69662      0.00000      0.00000      0.00000
      0.70662      0.00000      0.00000      0.00000
      0.71662      0.00000      0.00000      0.00000
      0.72662      0.00000      0.00000      0.00000
      0.73662      0.00000      0.00000      0.00000
      0.74662      0.00000      0.00000      0.00000
      0.75662      0.00000      0.00000      0.00000
      0.76662      0.00000      0.00000      0.00000
      0.77662      0.00000      0.00000      0.00000
      0.78662      0.00000      0.00000      0.00000
      0.79662      0.00000      0.00000      0.00000
      0.80662      0.00000      0.00000      0.00000
      0.81662      0.00000      0.00000      0.00000
      0.82662      0.00000      0.00000      0.00000
      0.83662      0.00000      0.00000      0.00000
      0.84662      0.00000      0.00000      0.00000
      0.85662      0.00000      0.00000      0.00000
      0.86662      0.00000      0.00000      0.00000
      0.87662      0.00000      0.00000      0.00000
      0.88662      0.00000      0.00000      0.00000
      0.89662      0.00000      0.00000      0.00000
      0.90662      0.00000      0.00000      0.00000
      0.91662      0.00000      0.00000      0.00000
      0.92662      0.00000      0.00000      0.00000
      0.93662      0.00000      0.00000      0.00000
      0.94662      0.00000      0.00000      0.00000
      0.95662      0.00000      0.00000      0.00000
      0.96662      0.00000      0.00000      0.00000
      0.97662      0.00000      0.00000      0.00000
      0.98662      0.00000      0.00000      0.00000
      0.99662      0.00000      0.00000      0.00000
      1.00662      0.00000      0.00000      0.00000
      1.01662      0.00000      0.00000      0.00000
      1.02662      0.00000      0.00000      0.00000
      1.03662      0.00000      0.00000      0.00000
      1.04662      0.00000      0.00000      0.00000
      1.05662      0.00000      0.00000      0.00000
      1.06662      0.00000      0.00000      0.00000
      1.07662      0.00000      0.00000      0.00000
      1.08662      0.00000      0.00000      0.00000
      1.09662      0.00000      0.00000      0.00000
      1.10662      0.00000      0.00000      0.00000
      1.11662      0.00000      0.00000      0.00000
      1.12662      0.00000      0.00000      0.00000
      1.13662      0.00000      0.00000      0.00000
      1.14662      0.00000      0.00000      0.00000
      1.15662      0.00000      0.00000      0.00000
      1.16662      0.00000      0.00000      0.00000
      1.17662      0.00000      0.00000      0.00000
      1.18662      0.00000      0.00000      0.00000
      1.19662      0.00000      0.00000      0.00000
      1.20662      0.00000      0.00000      0.00000
      1.21662      0.00000      0.00000      0.00000
      1.22662      0.00000      0.00000      0.00000
      1.23662      0.00000      0.00000      0.00000
      1.24662      0.00000      0.00000      0.00000
      1.25662      0.00000      0.00000      0.00000
      1.26662      0.00000      0.00000      0.00000
      1.27662      0.00000      0.00000      0.00000
      1.28662      0.00000      0.00000      0.00000
      1.29662      0.00000      0.00000      0.00000
      1.30662      0.00000      0.00000      0.00000
      1.31662      0.00000      0.00000      0.00000
      1.32662      0.00000      0.00000      0.00000
      1.33662      0.00000      0.00000      0.00000
      1.34662      0.00000      0.00000      0.00000
      1.35662      0.00000      0.00000      0.00000
      1.36662      0.00000      0.00000      0.00000
      1.37662      0.00000      0.00000      0.00000
      1.38662      0.00000      0.00000      0.00000
      1.39662      0.00000      0.00000      0.00000
      1.40662      0.00000      0.00000      0.00000
      1.41662      0.00000      0.00000      0.00000
      1.42662      0.00000      0.00000      0.00000
      1.43662      0.00000      0.00000      0.00000
      1.44662      0.00000      0.00000      0.00000
      1.45662      0.00000      0.00000      0.00000
      1.46662      0.00000      0.00000      0.00000
      1.47662      0.00000      0.00000      0.00000
      1.48662      0.00000      0.00000      0.00000
      1.49662      0.00000      0.00000      0.00000
      1.50662      0.00000      0.00000      0.00000
      1.51662      0.00000      0.00000      0.00000
      1.52662      0.00000      0.00000      0.00000
      1.53662      0.00000      0.00000      0.00000
      1.54662      0.00000      0.00000      0.00000
      1.55662      0.00000      0.00000      0.00000
      1.56662      0.00000      0.00000      0.00000
      1.57662      0.00000      0.00000      0.00000
      1.58662      0.00000      0.00000      0.00000
      1.59662      0.00000      0.00000      0.00000
      1.60662      0.00000      0.00000      0.00000
      1.61662      0.00000      0.00000      0.00000
      1.62662      0.00000      0.00000      0.00000
      1.63662      0.00000      0.00000      0.00000
      1.64662      0.00000      0.00000      0.00000
      1.65662      0.00000      0.00000      0.00000
      1.66662      0.00000      0.00000      0.00000
      1.67662      0.00000      0.00000      0.00000
      1.68662      0.00000      0.00000      0.00000
      1.69662      0.00000      0.00000      0.00000
      1.70662      0.00000      0.00000      0.00000
      1.71662      0.00000      0.00000      0.00000
      1.72662      0.00000      0.00000      0.00000
      1.73662      0.00000      0.00000      0.00000
      1.74662      0.00000      0.00000      0.00000
      1.75662      0.00000      0.00000      0.00000
      1.76662      0.00000      0.00000      0.00000
      1.77662      0.00000      0.00000      0.00000
      1.78662      0.00000      0.00000      0.00000
      1.79662      0.00000      0.00000      0.00000
      1.80662      0.00000      0.00000      0.00000
      1.81662      0.00000      0.00000      0.00000
      1.82662      0.00000      0.00000      0.00000
      1.83662      0.00000      0.00000      0.00000
      1.84662      0.00000      0.00000      0.00000
      1.85662      0.00000      0.00000      0.00000
      1.86662      0.00000      0.00000      0.00000
      1.87662      0.00000      0.00000      0.00000
      1.88662      0.00000      0.00000      0.00000
      1.89662      0.00000      0.00000      0.00000
      1.90662      0.00000      0.00000      0.00000
      1.91662      0.00000      0.00000      0.00000
      1.92662      0.00000      0.00000      0.00000
      1.93662      0.00000      0.00000      0.00000
      1.94662      0.00000      0.00000      0.00000
      1.95662      0.00000      0.00000      0.00000
      1.96662      0.00000      0.00000      0.00000
      1.97662      0.00000      0.00000      0.00000
      1.98662      0.00000      0.00000      0.00000
      1.99662      0.00000      0.00000      0.00000
      2.00662      0.00000      0.00000      0.00000
      2.01662      0.00000      0.00000      0.00000
      2.02662      0.00000      0.00000      0.00000
      2.03662      0.00000      0.00000      0.00000
      2.04662      0.00000      0.00000      0.00000
      2.05662      0.00000      0.00000      0.00000
      2.06662      0.00000      0.00000      0.00000
      2.07662      0.00000      0.00000      0.00000
      2.08662      0.00000      0.00000      0.00000
      2.09662      0.00000      0.00000      0.00000
      2.10662      0.00000      0.00000      0.00000
      2.11662      0.00000      0.00000      0.00000
      2.12662      0.00000      0.00000      0.00000
      2.13662      0.00000      0.00000      0.00000
      2.14662      0.00000      0.00000      0.00000
      2.15662      0.00000      0.00000      0.00000
      2.16662      0.00000      0.00000      0.00000
      2.17662      0.00000      0.00000      0.00000
      2.18662      0.00000      0.00000      0.00000
      2.19662      0.00000      0.00000      0.00000
      2.20662      0.00014      0.00013      0.00002
      2.21662      0.00367      0.00329      0.00038
      2.22662      0.03448      0.03089      0.00359
      2.23662      0.12043      0.10790      0.01253
      2.24662      0.17670      0.15827      0.01843
      2.25662      0.21796      0.19501      0.02295
      2.26662      0.33188      0.29674      0.03514
      2.27662      0.34397      0.30724      0.03673
      2.28662      0.36880      0.32389      0.04491
      2.29662      0.46246      0.36362      0.09884
      2.30662      0.84523      0.56410      0.28113
      2.31662      1.48842      0.93737      0.55105
      2.32662      1.86945      1.12772      0.74172
      2.33662      1.83883      1.08784      0.75098
      2.34662      1.72115      1.03089      0.69027
      2.35662      1.80495      1.11425      0.69070
      2.36662      1.87937      1.16128      0.71809
      2.37662      2.32168      1.43112      0.89057
      2.38662      2.76263      1.70321      1.05942
      2.39662      2.41802      1.49627      0.92174
      2.40662      1.88974      1.19294      0.69680
      2.41662      1.91605      1.18492      0.73114
      2.42662      1.96787      1.16289      0.80498
      2.43662      1.78343      1.04684      0.73659
      2.44662      2.18213      1.29824      0.88389
      2.45662      2.85870      1.70521      1.15349
      2.46662      3.04276      1.84058      1.20218
      2.47662      3.03117      1.87694      1.15423
      2.48662      2.87925      1.78928      1.08996
      2.49662      2.65836      1.58983      1.06853
      2.50662      2.61649      1.55602      1.06047
      2.51662      2.67788      1.67950      0.99838
      2.52662      2.84014      1.81073      1.02941
      2.53662      3.71731      2.23064      1.48667
      2.54662      5.18208      2.97667      2.20542
      2.55662      4.77470      2.76440      2.01030
      2.56662      3.02058      1.76508      1.25550
      2.57662      2.56180      1.51118      1.05062
      2.58662      3.31631      2.05565      1.26066
      2.59662      3.73692      2.39614      1.34078
      2.60662      3.53010      2.27078      1.25933
      2.61662      3.18388      2.04835      1.13553
      2.62662      2.55455      1.62800      0.92655
      2.63662      2.04574      1.28123      0.76452
      2.64662      2.88609      1.83422      1.05186
      2.65662      4.33607      2.82366      1.51241
      2.66662      4.55017      2.99373      1.55644
      2.67662      3.55477      2.35746      1.19731
      2.68662      2.64586      1.79300      0.85286
      2.69662      2.35578      1.60010      0.75569
      2.70662      2.45989      1.64622      0.81367
      2.71662      2.86224      1.93101      0.93123
      2.72662      3.08527      2.10173      0.98354
      2.73662      2.63459      1.75918      0.87541
      2.74662      2.10760      1.39747      0.71013
      2.75662      1.95542      1.31360      0.64182
      2.76662      2.01958      1.34677      0.67281
      2.77662      2.09807      1.43086      0.66721
      2.78662      2.32910      1.65197      0.67713
      2.79662      2.60335      1.90630      0.69705
      2.80662      2.47827      1.75639      0.72188
      2.81662      1.90311      1.19304      0.71008
      2.82662      1.25136      0.72851      0.52284
      2.83662      1.14325      0.78352      0.35973
      2.84662      2.01577      1.52487      0.49090
      2.85662      2.64725      2.00509      0.64216
      2.86662      2.16283      1.58903      0.57380
      2.87662      1.41478      0.98012      0.43465
      2.88662      1.38323      0.95459      0.42864
      2.89662      1.74794      1.30723      0.44072
      2.90662      2.34060      1.78241      0.55819
      2.91662      2.26443      1.64495      0.61949
      2.92662      1.34107      0.96040      0.38067
      2.93662      0.87335      0.67294      0.20041
      2.94662      1.70226      1.30060      0.40166
      2.95662      3.40162      2.52514      0.87648
      2.96662      4.02772      2.98169      1.04603
      2.97662      3.45276      2.56647      0.88629
      2.98662      3.45782      2.52287      0.93495
      2.99662      3.93732      2.80473      1.13259
      3.00662      4.08125      2.87419      1.20706
      3.01662      4.08380      2.86914      1.21466
      3.02662      5.01923      3.51109      1.50814
      3.03662      6.62935      4.65760      1.97176
      3.04662      7.70551      5.36216      2.34335
      3.05662      7.59880      5.23388      2.36492
      3.06662      6.38135      4.53600      1.84536
      3.07662      5.61301      4.13549      1.47752
      3.08662      5.45079      4.00476      1.44603
      3.09662      4.61133      3.32138      1.28995
      3.10662      3.97808      2.72314      1.25494
      3.11662      3.91520      2.51419      1.40101
      3.12662      3.49776      2.25535      1.24241
      3.13662      2.92052      1.99300      0.92752
      3.14662      2.88534      1.97458      0.91075
      3.15662      3.06562      2.09456      0.97106
      3.16662      3.16589      2.17473      0.99116
      3.17662      3.08054      2.10153      0.97901
      3.18662      3.33792      2.23409      1.10383
      3.19662      4.47782      2.99272      1.48511
      3.20662      5.66652      3.69320      1.97332
      3.21662      5.65874      3.55202      2.10671
      3.22662      4.56058      2.92970      1.63088
      3.23662      3.55938      2.44086      1.11852
      3.24662      3.97476      2.77876      1.19600
      3.25662      5.52403      3.80975      1.71428
      3.26662      6.45481      4.37445      2.08036
      3.27662      6.17805      4.16697      2.01108
      3.28662      5.14489      3.50150      1.64339
      3.29662      4.71517      3.28199      1.43318
      3.30662      5.18810      3.58561      1.60249
      3.31662      5.81722      3.85560      1.96162
      3.32662      5.56939      3.69081      1.87859
      3.33662      4.72313      3.22576      1.49737
      3.34662      4.40762      3.20531      1.20231
      3.35662      5.20718      3.83754      1.36965
      3.36662      5.75027      4.05115      1.69912
      3.37662      5.17901      3.63134      1.54767
      3.38662      4.95681      3.59909      1.35771
      3.39662      4.77984      3.42707      1.35277
      3.40662      4.04553      2.73981      1.30572
      3.41662      3.71063      2.42345      1.28718
      3.42662      3.79695      2.54029      1.25666
      3.43662      3.89067      2.63356      1.25710
      3.44662      3.64055      2.36521      1.27534
      3.45662      3.06264      1.94695      1.11569
      3.46662      2.45076      1.64176      0.80900
      3.47662      2.67283      1.87585      0.79699
      3.48662      3.71906      2.60077      1.11829
      3.49662      4.59313      3.07727      1.51586
      3.50662      4.39371      2.73666      1.65705
      3.51662      3.37300      2.00507      1.36793
      3.52662      2.52267      1.49051      1.03216
      3.53662      2.28094      1.34548      0.93546
      3.54662      2.35673      1.36977      0.98696
      3.55662      2.41181      1.44070      0.97111
      3.56662      2.58495      1.62630      0.95865
      3.57662      3.17379      1.95502      1.21877
      3.58662      3.54190      2.06217      1.47973
      3.59662      3.36188      1.83175      1.53013
      3.60662      3.07296      1.61940      1.45356
      3.61662      3.00881      1.61927      1.38954
      3.62662      3.36338      1.84830      1.51508
      3.63662      3.72253      2.09673      1.62580
      3.64662      3.89531      2.32004      1.57528
      3.65662      4.41881      2.59729      1.82152
      3.66662      4.89166      2.68513      2.20653
      3.67662      4.53782      2.39721      2.14061
      3.68662      4.13999      2.15795      1.98204
      3.69662      4.68269      2.42634      2.25635
      3.70662      4.62590      2.39932      2.22658
      3.71662      3.16987      1.65893      1.51094
      3.72662      2.29827      1.21844      1.07983
      3.73662      2.77124      1.50069      1.27055
      3.74662      3.88934      2.08604      1.80330
      3.75662      3.98053      2.11432      1.86621
      3.76662      2.79640      1.56369      1.23272
      3.77662      1.83656      1.08757      0.74899
      3.78662      1.73947      0.97623      0.76324
      3.79662      1.86779      1.03836      0.82943
      3.80662      2.16351      1.22456      0.93895
      3.81662      2.80348      1.60219      1.20129
      3.82662      3.35828      1.90696      1.45132
      3.83662      3.72289      2.05309      1.66980
      3.84662      3.04724      1.66423      1.38301
      3.85662      1.77774      0.96100      0.81674
      3.86662      1.65273      0.88818      0.76455
      3.87662      2.13546      1.14767      0.98780
      3.88662      2.16594      1.15225      1.01369
      3.89662      1.79838      0.97029      0.82809
      3.90662      1.60929      0.90543      0.70385
      3.91662      1.63529      0.91249      0.72280
      3.92662      1.71278      0.92725      0.78552
      3.93662      1.84673      0.99054      0.85620
      3.94662      2.00291      1.07486      0.92805
      3.95662      2.23540      1.24697      0.98843
      3.96662      2.35841      1.31779      1.04062
      3.97662      1.90752      1.01722      0.89031
      3.98662      1.39391      0.72144      0.67248
      3.99662      1.70041      0.89705      0.80335
      4.00662      2.55839      1.36657      1.19183
      4.01662      2.57499      1.37366      1.20133
      4.02662      1.77435      0.95846      0.81589
      4.03662      1.43445      0.78557      0.64888
      4.04662      1.35692      0.74030      0.61662
      4.05662      1.48621      0.78852      0.69769
      4.06662      1.87400      0.95526      0.91875
      4.07662      1.82680      0.89591      0.93089
      4.08662      1.60551      0.76758      0.83793
      4.09662      1.59827      0.77552      0.82275
      4.10662      1.27745      0.62178      0.65567
      4.11662      1.06462      0.51356      0.55106
      4.12662      0.94486      0.45922      0.48564
      4.13662      0.77652      0.38054      0.39598
      4.14662      1.17017      0.56690      0.60327
      4.15662      1.80430      0.87030      0.93400
      4.16662      1.93463      0.93942      0.99521
      4.17662      1.81698      0.89333      0.92365
      4.18662      1.59919      0.78731      0.81189
      4.19662      1.09304      0.52943      0.56361
      4.20662      0.83672      0.40479      0.43192
      4.21662      0.80504      0.39255      0.41248
      4.22662      0.99138      0.47144      0.51994
      4.23662      1.49775      0.70066      0.79709
      4.24662      1.76862      0.83362      0.93499
      4.25662      1.84850      0.88373      0.96476
      4.26662      1.83259      0.87824      0.95435
      4.27662      1.50084      0.71334      0.78750
      4.28662      1.26197      0.59917      0.66280
      4.29662      1.20329      0.57919      0.62409
      4.30662      1.22679      0.58839      0.63841
      4.31662      1.55628      0.73893      0.81735
      4.32662      1.98921      0.95070      1.03851
      4.33662      1.87240      0.90318      0.96922
      4.34662      1.32814      0.63991      0.68823
      4.35662      1.07553      0.50954      0.56599
      4.36662      1.17896      0.55627      0.62269
      4.37662      1.38815      0.65690      0.73126
      4.38662      2.07066      0.98069      1.08998
      4.39662      2.81328      1.32971      1.48357
      4.40662      2.75371      1.29897      1.45474
      4.41662      1.78127      0.83904      0.94223
      4.42662      1.09020      0.51293      0.57727
      4.43662      0.97252      0.45882      0.51370
      4.44662      0.87966      0.41954      0.46011
      4.45662      0.76176      0.36862      0.39314
      4.46662      1.02648      0.49283      0.53365
      4.47662      1.50697      0.71667      0.79030
      4.48662      1.44110      0.68579      0.75532
      4.49662      0.99392      0.47920      0.51472
      4.50662      0.87923      0.42593      0.45330
      4.51662      0.76954      0.36877      0.40076
      4.52662      0.55875      0.27028      0.28847
      4.53662      0.45492      0.22243      0.23249
      4.54662      0.76334      0.35948      0.40386
      4.55662      1.57645      0.73375      0.84271
      4.56662      1.63784      0.76434      0.87350
      4.57662      0.95740      0.45130      0.50610
      4.58662      0.53964      0.25459      0.28505
      4.59662      0.32750      0.15244      0.17506
      4.60662      0.19296      0.08932      0.10364
      4.61662      0.39277      0.18262      0.21015
      4.62662      0.86266      0.40238      0.46029
      4.63662      0.93404      0.43622      0.49782
      4.64662      0.51349      0.23950      0.27399
      4.65662      0.35215      0.16333      0.18882
      4.66662      0.27767      0.12848      0.14919
      4.67662      0.20509      0.09438      0.11072
      4.68662      0.71180      0.32947      0.38233
      4.69662      1.91266      0.89207      1.02058
      4.70662      2.38709      1.11790      1.26918
      4.71662      1.47704      0.69198      0.78505
      4.72662      0.66666      0.31125      0.35541
      4.73662      0.50098      0.23399      0.26699
      4.74662      0.70539      0.33015      0.37524
      4.75662      1.10564      0.51762      0.58802
      4.76662      1.49298      0.69917      0.79381
      4.77662      1.53535      0.71987      0.81548
      4.78662      1.42566      0.66526      0.76040
      4.79662      1.08873      0.50311      0.58562
      4.80662      1.18486      0.54820      0.63666
      4.81662      2.01056      0.93995      1.07061
      4.82662      2.42545      1.14395      1.28150
      4.83662      2.28521      1.08204      1.20317
      4.84662      1.96494      0.93473      1.03021
      4.85662      1.84099      0.88381      0.95718
      4.86662      1.98958      0.95399      1.03559
      4.87662      2.09973      1.00081      1.09892
      4.88662      2.18884      1.04122      1.14762
      4.89662      2.06427      0.97771      1.08655
      4.90662      2.34583      1.10686      1.23897
      4.91662      2.93002      1.39287      1.53715
      4.92662      3.39335      1.62262      1.77073
      4.93662      3.65618      1.75164      1.90454
      4.94662      3.38079      1.62675      1.75404
      4.95662      3.10621      1.49456      1.61164
      4.96662      3.60809      1.71982      1.88827
      4.97662      4.57628      2.18121      2.39507
      4.98662      5.95444      2.83885      3.11560
      4.99662      6.53106      3.10455      3.42651
      5.00662      6.07492      2.89149      3.18344
      5.01662      5.66660      2.72336      2.94325
      5.02662      5.00115      2.44978      2.55137
      5.03662      3.89614      1.94141      1.95473
      5.04662      3.48033      1.73210      1.74823
      5.05662      3.66781      1.80677      1.86104
      5.06662      3.72201      1.82197      1.90004
      5.07662      3.32025      1.63432      1.68593
      5.08662      2.87523      1.43046      1.44477
      5.09662      3.09890      1.54957      1.54934
      5.10662      3.46637      1.73559      1.73078
      5.11662      3.36179      1.68428      1.67751
      5.12662      2.72710      1.37679      1.35030
      5.13662      1.76825      0.90273      0.86552
      5.14662      1.22920      0.62795      0.60125
      5.15662      1.50443      0.75429      0.75013
      5.16662      2.05319      1.03069      1.02250
      5.17662      2.60722      1.35551      1.25171
      5.18662      2.68605      1.44420      1.24185
      5.19662      1.77528      0.95742      0.81786
      5.20662      1.15362      0.57484      0.57878
      5.21662      1.20958      0.56603      0.64356
      5.22662      1.11200      0.53928      0.57272
      5.23662      0.85147      0.45084      0.40063
      5.24662      0.94936      0.53065      0.41871
      5.25662      1.27754      0.70046      0.57708
      5.26662      1.55455      0.79318      0.76136
      5.27662      1.44382      0.67390      0.76993
      5.28662      1.18592      0.54266      0.64326
      5.29662      1.10731      0.53874      0.56856
      5.30662      1.22254      0.62207      0.60047
      5.31662      1.47257      0.77424      0.69833
      5.32662      1.66113      0.88521      0.77593
      5.33662      1.24378      0.67024      0.57354
      5.34662      0.62153      0.33141      0.29012
      5.35662      0.72135      0.35300      0.36835
      5.36662      1.22642      0.58878      0.63765
      5.37662      1.22662      0.57305      0.65357
      5.38662      1.01348      0.49009      0.52339
      5.39662      0.84005      0.45315      0.38690
      5.40662      0.69564      0.40549      0.29015
      5.41662      0.74399      0.44124      0.30275
      5.42662      0.80327      0.45829      0.34498
      5.43662      0.99191      0.53350      0.45841
      5.44662      0.97520      0.51594      0.45926
      5.45662      0.86577      0.43091      0.43485
      5.46662      1.25468      0.56299      0.69170
      5.47662      1.61456      0.71925      0.89531
      5.48662      1.51188      0.71647      0.79541
      5.49662      1.28102      0.64473      0.63629
      5.50662      1.18551      0.60089      0.58462
      5.51662      1.03171      0.51898      0.51273
      5.52662      0.84631      0.43977      0.40654
      5.53662      0.83370      0.43767      0.39603
      5.54662      0.73381      0.37956      0.35426
      5.55662      0.51808      0.23708      0.28101
      5.56662      0.35545      0.13005      0.22541
      5.57662      0.15603      0.05215      0.10388
      5.58662      0.12724      0.04540      0.08185
      5.59662      0.45878      0.16480      0.29398
      5.60662      0.89439      0.31507      0.57931
      5.61662      0.87024      0.29920      0.57104
      5.62662      0.59038      0.21481      0.37557
      5.63662      0.44269      0.22435      0.21834
      5.64662      0.39579      0.24319      0.15260
      5.65662      0.40033      0.19521      0.20512
      5.66662      0.59632      0.22053      0.37579
      5.67662      0.69355      0.25951      0.43404
      5.68662      0.53002      0.23263      0.29740
      5.69662      0.32425      0.15323      0.17102
      5.70662      0.20988      0.08093      0.12895
      5.71662      0.10948      0.03584      0.07365
      5.72662      0.12384      0.04095      0.08289
      5.73662      0.46794      0.15658      0.31135
      5.74662      0.91800      0.30863      0.60937
      5.75662      0.97907      0.34327      0.63580
      5.76662      0.98149      0.39898      0.58251
      5.77662      1.02257      0.45840      0.56417
      5.78662      1.00818      0.40555      0.60262
      5.79662      1.09778      0.37588      0.72190
      5.80662      0.84295      0.27935      0.56360
      5.81662      0.33376      0.11237      0.22140
      5.82662      0.14050      0.04550      0.09499
      5.83662      0.32970      0.10475      0.22495
      5.84662      0.54801      0.18055      0.36747
      5.85662      0.42535      0.14579      0.27956
      5.86662      0.15878      0.05804      0.10074
      5.87662      0.14172      0.07040      0.07132
      5.88662      0.52983      0.25495      0.27488
      5.89662      1.07789      0.45773      0.62016
      5.90662      1.23604      0.46461      0.77143
      5.91662      0.95827      0.37183      0.58644
      5.92662      0.77359      0.35611      0.41748
      5.93662      0.55806      0.26805      0.29001
      5.94662      0.23948      0.10591      0.13357
      5.95662      0.28855      0.09995      0.18860
      5.96662      0.56238      0.18439      0.37799
      5.97662      0.64175      0.21118      0.43058
      5.98662      0.55798      0.20810      0.34989
      5.99662      0.43841      0.19959      0.23882
      6.00662      0.37337      0.16550      0.20788
      6.01662      0.38006      0.13592      0.24414
      6.02662      0.33421      0.13371      0.20050
      6.03662      0.53433      0.22499      0.30934
      6.04662      1.14086      0.40198      0.73888
      6.05662      1.53305      0.49982      1.03324
      6.06662      1.31245      0.42080      0.89165
      6.07662      0.91737      0.30326      0.61411
      6.08662      0.82923      0.31617      0.51306
      6.09662      0.99932      0.42704      0.57229
      6.10662      0.66738      0.30103      0.36635
      6.11662      0.28951      0.11989      0.16962
      6.12662      0.45373      0.14848      0.30525
      6.13662      0.69500      0.21660      0.47840
      6.14662      0.61807      0.18577      0.43229
      6.15662      0.45522      0.13812      0.31709
      6.16662      0.43011      0.14211      0.28800
      6.17662      0.57264      0.20743      0.36521
      6.18662      0.94065      0.37954      0.56111
      6.19662      1.29608      0.52664      0.76945
      6.20662      1.24554      0.48507      0.76047
      6.21662      1.04633      0.44411      0.60222
      6.22662      0.81122      0.36554      0.44568
      6.23662      0.63206      0.23845      0.39361
      6.24662      0.70176      0.21901      0.48275
      6.25662      0.84156      0.28220      0.55936
      6.26662      0.82722      0.35287      0.47435
      6.27662      0.59117      0.30026      0.29091
      6.28662      0.27571      0.13756      0.13815
      6.29662      0.28447      0.10126      0.18321
      6.30662      0.41420      0.13354      0.28065
      6.31662      0.53050      0.16424      0.36627
      6.32662      0.77589      0.24337      0.53251
      6.33662      1.27108      0.41079      0.86029
      6.34662      1.81967      0.62922      1.19045
      6.35662      1.67275      0.64878      1.02397
      6.36662      1.19178      0.48083      0.71096
      6.37662      0.95457      0.33438      0.62019
      6.38662      1.09151      0.34516      0.74635
      6.39662      1.22766      0.38588      0.84178
      6.40662      0.89610      0.28505      0.61106
      6.41662      0.49471      0.15558      0.33913
      6.42662      0.53061      0.17384      0.35677
      6.43662      0.77265      0.30207      0.47058
      6.44662      1.05377      0.43206      0.62171
      6.45662      1.40331      0.48519      0.91812
      6.46662      1.58444      0.48522      1.09922
      6.47662      1.48326      0.45544      1.02782
      6.48662      1.30127      0.41132      0.88994
      6.49662      1.30194      0.43683      0.86511
      6.50662      1.39068      0.53231      0.85837
      6.51662      1.35877      0.57386      0.78491
      6.52662      1.25849      0.53371      0.72479
      6.53662      0.74031      0.30993      0.43038
      6.54662      0.54414      0.21402      0.33012
      6.55662      0.99615      0.39874      0.59742
      6.56662      1.06933      0.43764      0.63168
      6.57662      0.61835      0.23869      0.37965
      6.58662      0.49779      0.16487      0.33291
      6.59662      0.82702      0.29370      0.53331
      6.60662      1.24725      0.48969      0.75756
      6.61662      1.17025      0.46391      0.70634
      6.62662      0.73745      0.26393      0.47352
      6.63662      0.59738      0.19350      0.40388
      6.64662      0.68949      0.23090      0.45859
      6.65662      0.63505      0.23991      0.39514
      6.66662      0.65439      0.28282      0.37157
      6.67662      0.81425      0.38318      0.43108
      6.68662      0.99131      0.47464      0.51667
      6.69662      0.87342      0.37360      0.49983
      6.70662      0.61556      0.21381      0.40175
      6.71662      0.56553      0.17556      0.38998
      6.72662      0.70684      0.22241      0.48443
      6.73662      0.69346      0.22652      0.46694
      6.74662      0.56894      0.20960      0.35934
      6.75662      0.65340      0.28866      0.36474
      6.76662      0.79499      0.34510      0.44989
      6.77662      0.78741      0.28797      0.49944
      6.78662      0.64239      0.21004      0.43236
      6.79662      0.43981      0.15113      0.28868
      6.80662      0.66618      0.28138      0.38480
      6.81662      1.12093      0.53844      0.58249
      6.82662      1.25383      0.62329      0.63054
      6.83662      0.99376      0.49110      0.50266
      6.84662      0.74738      0.34904      0.39834
      6.85662      0.97841      0.40771      0.57070
      6.86662      1.23881      0.49311      0.74571
      6.87662      0.81076      0.31564      0.49512
      6.88662      0.37394      0.17791      0.19603
      6.89662      0.36477      0.21168      0.15309
      6.90662      0.40061      0.19490      0.20572
      6.91662      0.51737      0.18370      0.33367
      6.92662      0.73607      0.24159      0.49448
      6.93662      0.83049      0.29107      0.53942
      6.94662      0.83813      0.33972      0.49841
      6.95662      1.02700      0.47172      0.55528
      6.96662      1.07472      0.53467      0.54005
      6.97662      0.79744      0.37803      0.41941
      6.98662      0.67888      0.25489      0.42399
      6.99662      0.76108      0.28580      0.47528
      7.00662      0.99787      0.40456      0.59331
      7.01662      1.26017      0.47644      0.78373
      7.02662      1.20148      0.42074      0.78074
      7.03662      0.90055      0.30994      0.59060
      7.04662      0.61165      0.21242      0.39923
      7.05662      0.46110      0.15969      0.30141
      7.06662      0.59231      0.21183      0.38048
      7.07662      1.13828      0.49094      0.64735
      7.08662      1.77004      0.92341      0.84663
      7.09662      1.86952      1.05839      0.81113
      7.10662      1.19718      0.66891      0.52826
      7.11662      0.57716      0.28697      0.29019
      7.12662      0.44232      0.19324      0.24908
      7.13662      0.58340      0.22573      0.35767
      7.14662      0.85556      0.31023      0.54533
      7.15662      1.23578      0.46072      0.77506
      7.16662      1.46106      0.58137      0.87969
      7.17662      1.30953      0.54453      0.76500
      7.18662      0.96352      0.40341      0.56011
      7.19662      0.97574      0.41963      0.55611
      7.20662      1.67965      0.74548      0.93417
      7.21662      2.38236      1.04663      1.33572
      7.22662      2.11460      0.92558      1.18902
      7.23662      1.24618      0.55964      0.68653
