Energy-E_F (eV)    DOS (1/eV)    PDOS (1/eV)  of atom type Mo S  
     -5.28606      3.41286      1.20962      2.20324
     -5.27606      3.69531      1.29311      2.40220
     -5.26606      4.15605      1.45352      2.70253
     -5.25606      3.99543      1.41094      2.58449
     -5.24606      4.14922      1.47429      2.67493
     -5.23606      5.76365      2.03186      3.73179
     -5.22606      7.06232      2.47810      4.58422
     -5.21606      6.51035      2.29521      4.21514
     -5.20606      5.36625      1.89346      3.47280
     -5.19606      4.76065      1.64982      3.11083
     -5.18606      4.50240      1.53899      2.96341
     -5.17606      4.38047      1.48880      2.89168
     -5.16606      4.22365      1.42441      2.79924
     -5.15606      4.23650      1.41154      2.82497
     -5.14606      4.15459      1.34054      2.81405
     -5.13606      3.25077      0.97794      2.27283
     -5.12606      2.13594      0.59255      1.54340
     -5.11606      1.63143      0.43608      1.19534
     -5.10606      1.81168      0.49728      1.31439
     -5.09606      2.21689      0.63764      1.57925
     -5.08606      2.36899      0.72330      1.64569
     -5.07606      2.63847      0.85375      1.78471
     -5.06606      2.88628      0.95329      1.93299
     -5.05606      2.33242      0.74791      1.58451
     -5.04606      1.42900      0.42494      1.00406
     -5.03606      0.93073      0.26331      0.66742
     -5.02606      0.94192      0.26796      0.67396
     -5.01606      1.14667      0.32616      0.82051
     -5.00606      1.33540      0.38753      0.94787
     -4.99606      1.26556      0.37835      0.88721
     -4.98606      1.22841      0.37908      0.84933
     -4.97606      1.50076      0.46989      1.03087
     -4.96606      1.76587      0.54376      1.22211
     -4.95606      1.42137      0.42600      0.99537
     -4.94606      0.85880      0.25591      0.60289
     -4.93606      0.74709      0.22546      0.52163
     -4.92606      1.10285      0.32876      0.77409
     -4.91606      1.33652      0.40116      0.93536
     -4.90606      1.17885      0.36106      0.81780
     -4.89606      1.15630      0.35684      0.79946
     -4.88606      1.24394      0.39143      0.85252
     -4.87606      1.42867      0.46901      0.95966
     -4.86606      1.67703      0.55445      1.12259
     -4.85606      1.25341      0.40449      0.84892
     -4.84606      0.65330      0.19788      0.45542
     -4.83606      0.53421      0.15657      0.37764
     -4.82606      0.73386      0.21903      0.51483
     -4.81606      1.03707      0.30718      0.72989
     -4.80606      0.96517      0.28217      0.68300
     -4.79606      0.56164      0.16768      0.39396
     -4.78606      0.49978      0.16070      0.33908
     -4.77606      0.85490      0.27228      0.58262
     -4.76606      0.93712      0.29585      0.64127
     -4.75606      0.80268      0.26077      0.54191
     -4.74606      0.87714      0.27941      0.59772
     -4.73606      0.95000      0.28696      0.66304
     -4.72606      0.89552      0.26032      0.63520
     -4.71606      0.72087      0.21535      0.50552
     -4.70606      0.47498      0.15014      0.32484
     -4.69606      0.48658      0.15367      0.33290
     -4.68606      0.78739      0.24587      0.54151
     -4.67606      0.90488      0.28463      0.62025
     -4.66606      0.88785      0.28869      0.59916
     -4.65606      0.88384      0.29531      0.58853
     -4.64606      1.13013      0.37143      0.75870
     -4.63606      1.24178      0.39038      0.85140
     -4.62606      0.84133      0.25099      0.59034
     -4.61606      0.39708      0.11693      0.28014
     -4.60606      0.46777      0.14677      0.32101
     -4.59606      0.68263      0.21596      0.46667
     -4.58606      0.58394      0.17857      0.40536
     -4.57606      0.40755      0.11894      0.28861
     -4.56606      0.32929      0.09952      0.22977
     -4.55606      0.47633      0.15160      0.32473
     -4.54606      0.77661      0.24773      0.52888
     -4.53606      1.13108      0.34975      0.78133
     -4.52606      1.16721      0.35566      0.81155
     -4.51606      0.82815      0.25951      0.56864
     -4.50606      0.39662      0.12808      0.26854
     -4.49606      0.17614      0.05563      0.12051
     -4.48606      0.40636      0.12410      0.28226
     -4.47606      0.75792      0.23288      0.52505
     -4.46606      0.56064      0.17384      0.38679
     -4.45606      0.27098      0.08673      0.18425
     -4.44606      0.49732      0.16249      0.33483
     -4.43606      0.91565      0.29179      0.62386
     -4.42606      1.25402      0.38610      0.86792
     -4.41606      1.33411      0.41075      0.92336
     -4.40606      0.97819      0.30779      0.67040
     -4.39606      0.55911      0.17906      0.38005
     -4.38606      0.27034      0.08598      0.18436
     -4.37606      0.39391      0.11962      0.27429
     -4.36606      0.64660      0.19452      0.45208
     -4.35606      0.63250      0.19135      0.44115
     -4.34606      0.68696      0.20823      0.47873
     -4.33606      0.89514      0.28671      0.60843
     -4.32606      1.88541      0.65899      1.22642
     -4.31606      3.92561      1.36778      2.55783
     -4.30606      5.39528      1.84077      3.55451
     -4.29606      5.56008      1.87623      3.68385
     -4.28606      5.59851      1.85252      3.74599
     -4.27606      6.44833      2.03289      4.41544
     -4.26606      7.64547      2.29314      5.35232
     -4.25606      8.23698      2.41054      5.82645
     -4.24606      7.73268      2.25726      5.47542
     -4.23606      6.74317      1.96997      4.77321
     -4.22606      6.42326      1.88332      4.53993
     -4.21606      6.33192      1.87813      4.45380
     -4.20606      6.39856      1.90318      4.49538
     -4.19606      7.63198      2.26011      5.37187
     -4.18606      8.65278      2.57505      6.07773
     -4.17606      7.67376      2.28341      5.39035
     -4.16606      6.35153      1.85904      4.49249
     -4.15606      6.09083      1.74279      4.34804
     -4.14606      6.20689      1.78631      4.42058
     -4.13606      5.82360      1.70105      4.12255
     -4.12606      5.11429      1.47039      3.64390
     -4.11606      4.62431      1.31175      3.31256
     -4.10606      4.02431      1.12888      2.89543
     -4.09606      3.57378      0.99014      2.58364
     -4.08606      3.60639      1.02769      2.57869
     -4.07606      4.08536      1.21073      2.87462
     -4.06606      4.28894      1.27785      3.01110
     -4.05606      3.70059      1.05671      2.64388
     -4.04606      3.04622      0.80597      2.24025
     -4.03606      2.85838      0.77153      2.08684
     -4.02606      2.65738      0.75797      1.89941
     -4.01606      2.45179      0.69718      1.75460
     -4.00606      2.70758      0.75872      1.94886
     -3.99606      2.41813      0.67502      1.74310
     -3.98606      1.49335      0.43876      1.05459
     -3.97606      1.09753      0.39854      0.69899
     -3.96606      1.25649      0.49399      0.76250
     -3.95606      1.59764      0.59395      1.00369
     -3.94606      1.92274      0.67719      1.24555
     -3.93606      1.93358      0.64354      1.29004
     -3.92606      1.59670      0.51641      1.08030
     -3.91606      1.13397      0.39206      0.74191
     -3.90606      0.96652      0.33697      0.62955
     -3.89606      1.13307      0.34084      0.79224
     -3.88606      1.28683      0.37834      0.90849
     -3.87606      1.41682      0.47491      0.94191
     -3.86606      1.30048      0.49910      0.80138
     -3.85606      0.90581      0.36822      0.53759
     -3.84606      0.92086      0.32251      0.59835
     -3.83606      1.48269      0.46987      1.01282
     -3.82606      1.72671      0.53239      1.19432
     -3.81606      1.52484      0.49055      1.03429
     -3.80606      1.16227      0.42840      0.73387
     -3.79606      0.72007      0.30720      0.41287
     -3.78606      0.60554      0.27830      0.32724
     -3.77606      1.00609      0.42487      0.58122
     -3.76606      1.58566      0.59098      0.99468
     -3.75606      1.58794      0.54463      1.04331
     -3.74606      1.32127      0.42306      0.89821
     -3.73606      1.29311      0.36733      0.92578
     -3.72606      1.01426      0.26031      0.75395
     -3.71606      0.83691      0.23432      0.60259
     -3.70606      1.44490      0.49021      0.95469
     -3.69606      2.08043      0.73264      1.34779
     -3.68606      1.43157      0.51109      0.92047
     -3.67606      0.66296      0.24805      0.41491
     -3.66606      0.96657      0.32953      0.63704
     -3.65606      2.08083      0.67643      1.40440
     -3.64606      2.97310      0.94866      2.02444
     -3.63606      3.28444      1.04075      2.24369
     -3.62606      3.52250      1.14974      2.37276
     -3.61606      3.46703      1.13405      2.33299
     -3.60606      3.00316      0.95148      2.05168
     -3.59606      3.18151      1.01856      2.16296
     -3.58606      4.32678      1.39062      2.93616
     -3.57606      4.66952      1.47601      3.19351
     -3.56606      3.78574      1.17733      2.60840
     -3.55606      3.22524      0.99378      2.23146
     -3.54606      3.62974      1.14739      2.48235
     -3.53606      3.94929      1.30186      2.64743
     -3.52606      3.89910      1.25739      2.64171
     -3.51606      4.55654      1.38736      3.16918
     -3.50606      5.14303      1.57588      3.56715
     -3.49606      5.29221      1.66250      3.62971
     -3.48606      5.71900      1.79101      3.92798
     -3.47606      6.09787      1.87825      4.21962
     -3.46606      6.94977      2.15592      4.79385
     -3.45606      7.30405      2.28223      5.02182
     -3.44606      5.85203      1.80952      4.04251
     -3.43606      4.81689      1.54888      3.26801
     -3.42606      4.67765      1.59713      3.08052
     -3.41606      4.43201      1.55254      2.87947
     -3.40606      4.59094      1.63602      2.95492
     -3.39606      5.12519      1.88633      3.23885
     -3.38606      5.11954      1.93616      3.18338
     -3.37606      4.84896      1.88334      2.96562
     -3.36606      4.19402      1.63856      2.55545
     -3.35606      3.70102      1.36587      2.33515
     -3.34606      3.93934      1.38717      2.55216
     -3.33606      4.16514      1.45679      2.70835
     -3.32606      3.46272      1.23926      2.22345
     -3.31606      2.59268      0.98297      1.60971
     -3.30606      2.44720      0.96121      1.48599
     -3.29606      2.54578      0.98734      1.55844
     -3.28606      2.52231      0.99496      1.52736
     -3.27606      2.43009      0.98575      1.44434
     -3.26606      2.13161      0.84583      1.28578
     -3.25606      1.74317      0.66051      1.08266
     -3.24606      1.72882      0.68244      1.04638
     -3.23606      2.15970      0.89459      1.26511
     -3.22606      2.52330      1.05596      1.46734
     -3.21606      2.43039      1.02016      1.41024
     -3.20606      2.03925      0.87969      1.15956
     -3.19606      1.94639      0.84481      1.10157
     -3.18606      1.81794      0.75303      1.06491
     -3.17606      1.40528      0.57094      0.83434
     -3.16606      1.50109      0.62513      0.87596
     -3.15606      1.88897      0.77270      1.11627
     -3.14606      1.72752      0.65713      1.07039
     -3.13606      1.65769      0.54428      1.11340
     -3.12606      1.86654      0.60379      1.26275
     -3.11606      1.83169      0.63202      1.19968
     -3.10606      2.02113      0.77488      1.24625
     -3.09606      2.56285      1.01188      1.55097
     -3.08606      2.41064      0.90016      1.51048
     -3.07606      1.72965      0.63954      1.09011
     -3.06606      1.55628      0.60851      0.94778
     -3.05606      1.50154      0.58115      0.92040
     -3.04606      1.27178      0.48499      0.78679
     -3.03606      1.29703      0.53124      0.76579
     -3.02606      1.50080      0.65924      0.84155
     -3.01606      1.75196      0.76553      0.98643
     -3.00606      1.75903      0.75482      1.00421
     -2.99606      1.22905      0.51554      0.71351
     -2.98606      1.03019      0.41408      0.61611
     -2.97606      1.63478      0.64440      0.99038
     -2.96606      2.11547      0.80420      1.31127
     -2.95606      1.89712      0.67065      1.22648
     -2.94606      1.44703      0.50864      0.93838
     -2.93606      1.29608      0.50626      0.78982
     -2.92606      1.27952      0.52181      0.75771
     -2.91606      1.19215      0.46890      0.72324
     -2.90606      1.04582      0.38674      0.65907
     -2.89606      1.20108      0.45510      0.74598
     -2.88606      1.58923      0.66570      0.92352
     -2.87606      1.93902      0.85348      1.08554
     -2.86606      2.00568      0.86632      1.13936
     -2.85606      1.62093      0.63607      0.98485
     -2.84606      1.14111      0.41358      0.72753
     -2.83606      0.69586      0.27634      0.41953
     -2.82606      0.63236      0.28979      0.34257
     -2.81606      1.00931      0.44478      0.56453
     -2.80606      1.18557      0.47739      0.70819
     -2.79606      1.29937      0.46919      0.83018
     -2.78606      1.69077      0.53985      1.15092
     -2.77606      2.01632      0.62943      1.38689
     -2.76606      1.89425      0.63796      1.25628
     -2.75606      1.64469      0.55737      1.08732
     -2.74606      1.64639      0.56483      1.08156
     -2.73606      1.99284      0.79881      1.19403
     -2.72606      4.73944      2.41846      2.32099
     -2.71606     16.75108      9.52235      7.22873
     -2.70606     30.86552     17.99766     12.86786
     -2.69606     22.82847     13.29660      9.53187
     -2.68606      7.31247      4.10123      3.21124
     -2.67606      2.01822      1.02755      0.99067
     -2.66606      0.97613      0.49526      0.48086
     -2.65606      0.89051      0.41037      0.48013
     -2.64606      1.49263      0.63507      0.85756
     -2.63606      1.93932      0.86564      1.07368
     -2.62606      1.51373      0.69986      0.81387
     -2.61606      1.18889      0.51137      0.67752
     -2.60606      1.83491      0.65829      1.17662
     -2.59606      2.49378      0.86013      1.63365
     -2.58606      2.38315      0.89307      1.49007
     -2.57606      2.32693      0.95433      1.37260
     -2.56606      2.28437      0.95511      1.32925
     -2.55606      2.06320      0.86262      1.20058
     -2.54606      2.09321      0.81895      1.27426
     -2.53606      2.04120      0.73830      1.30290
     -2.52606      1.58657      0.54496      1.04161
     -2.51606      1.61030      0.58712      1.02318
     -2.50606      2.09191      0.81555      1.27637
     -2.49606      2.03425      0.81935      1.21491
     -2.48606      1.73858      0.71282      1.02577
     -2.47606      1.93893      0.79407      1.14486
     -2.46606      2.39105      0.95646      1.43459
     -2.45606      2.52936      0.95431      1.57505
     -2.44606      2.30751      0.81274      1.49476
     -2.43606      2.47476      0.78659      1.68816
     -2.42606      3.32154      0.93632      2.38521
     -2.41606      4.07135      1.22801      2.84334
     -2.40606      4.08912      1.36985      2.71927
     -2.39606      3.37750      1.14495      2.23255
     -2.38606      2.90376      0.97990      1.92386
     -2.37606      2.85729      0.98863      1.86865
     -2.36606      2.88299      0.89633      1.98666
     -2.35606      5.70230      0.95369      4.74861
     -2.34606     14.71015      1.26953     13.44062
     -2.33606     20.25458      1.42645     18.82813
     -2.32606     13.84566      1.47898     12.36668
     -2.31606      7.89138      1.54914      6.34224
     -2.30606      6.75357      1.58599      5.16758
     -2.29606      6.45535      1.57246      4.88289
     -2.28606      5.53231      1.46009      4.07222
     -2.27606      4.16356      1.17280      2.99076
     -2.26606      4.06578      1.06649      2.99929
     -2.25606      5.38997      1.30218      4.08779
     -2.24606      5.30472      1.39159      3.91313
     -2.23606      4.44292      1.34035      3.10257
     -2.22606      4.39905      1.34479      3.05426
     -2.21606      4.35330      1.40188      2.95143
     -2.20606      4.05772      1.38644      2.67128
     -2.19606      4.07556      1.23556      2.84000
     -2.18606      4.39872      1.15291      3.24581
     -2.17606      4.37892      1.13652      3.24240
     -2.16606      4.31432      1.19640      3.11791
     -2.15606      4.37375      1.29111      3.08264
     -2.14606      3.75973      1.19800      2.56173
     -2.13606      3.15426      1.04445      2.10981
     -2.12606      3.08919      0.97021      2.11897
     -2.11606      3.86007      1.17410      2.68596
     -2.10606      5.22308      1.45766      3.76542
     -2.09606      6.03091      1.54406      4.48684
     -2.08606      5.94695      1.49808      4.44888
     -2.07606      4.99779      1.28887      3.70892
     -2.06606      3.57046      0.96914      2.60132
     -2.05606      2.19385      0.58032      1.61353
     -2.04606      1.84869      0.48674      1.36195
     -2.03606      2.82266      0.89101      1.93164
     -2.02606      3.66821      1.17353      2.49468
     -2.01606      3.10479      0.87393      2.23086
     -2.00606      2.42216      0.56583      1.85633
     -1.99606      2.33278      0.53669      1.79609
     -1.98606      2.36933      0.57654      1.79279
     -1.97606      2.59594      0.66054      1.93539
     -1.96606      3.13853      0.80299      2.33554
     -1.95606      3.79527      0.94969      2.84558
     -1.94606      3.39307      0.82758      2.56550
     -1.93606      2.43053      0.59360      1.83693
     -1.92606      2.00717      0.49703      1.51014
     -1.91606      1.80544      0.44831      1.35713
     -1.90606      2.22917      0.53261      1.69656
     -1.89606      2.92974      0.62148      2.30827
     -1.88606      3.24787      0.71901      2.52886
     -1.87606      3.15487      0.85877      2.29611
     -1.86606      2.63437      0.82408      1.81028
     -1.85606      2.30252      0.67950      1.62302
     -1.84606      2.30408      0.57848      1.72560
     -1.83606      2.31786      0.45914      1.85872
     -1.82606      2.53003      0.42935      2.10068
     -1.81606      3.00787      0.59150      2.41637
     -1.80606      2.89341      0.69349      2.19992
     -1.79606      2.15449      0.58429      1.57020
     -1.78606      1.88860      0.44613      1.44246
     -1.77606      2.37654      0.42780      1.94874
     -1.76606      3.16191      0.55363      2.60828
     -1.75606      3.41542      0.72581      2.68961
     -1.74606      2.87114      0.68524      2.18590
     -1.73606      1.88422      0.45193      1.43229
     -1.72606      1.64852      0.38877      1.25975
     -1.71606      2.04807      0.44619      1.60188
     -1.70606      2.19706      0.45261      1.74445
     -1.69606      1.91536      0.34047      1.57490
     -1.68606      2.19810      0.33382      1.86428
     -1.67606      2.58034      0.49820      2.08215
     -1.66606      2.40120      0.59153      1.80967
     -1.65606      2.14849      0.52103      1.62746
     -1.64606      2.83072      0.73994      2.09078
     -1.63606      8.32370      3.45496      4.86874
     -1.62606     24.24025     11.67488     12.56536
     -1.61606     32.36949     15.98610     16.38339
     -1.60606     17.31579      8.30554      9.01025
     -1.59606      4.62753      1.76622      2.86131
     -1.58606      1.93254      0.34148      1.59106
     -1.57606      1.84329      0.21072      1.63257
     -1.56606      2.46600      0.29351      2.17249
     -1.55606      3.17949      0.44616      2.73334
     -1.54606      2.94496      0.43831      2.50665
     -1.53606      2.27229      0.31925      1.95304
     -1.52606      2.26451      0.28120      1.98331
     -1.51606      2.72993      0.36075      2.36918
     -1.50606      3.08660      0.41434      2.67227
     -1.49606      3.63733      0.44069      3.19664
     -1.48606      4.00245      0.45721      3.54524
     -1.47606      3.46921      0.39243      3.07678
     -1.46606      2.88165      0.30765      2.57400
     -1.45606      2.65986      0.25022      2.40965
     -1.44606      2.40171      0.21037      2.19134
     -1.43606      2.73622      0.27144      2.46479
     -1.42606      2.71669      0.30646      2.41024
     -1.41606      2.13882      0.22293      1.91589
     -1.40606      2.26295      0.20602      2.05693
     -1.39606      2.85173      0.25908      2.59265
     -1.38606      2.58429      0.22358      2.36070
     -1.37606      1.81235      0.15499      1.65736
     -1.36606      1.31038      0.12730      1.18308
     -1.35606      0.83810      0.10305      0.73504
     -1.34606      0.60735      0.08849      0.51887
     -1.33606      0.62459      0.08920      0.53539
     -1.32606      0.82425      0.11143      0.71281
     -1.31606      0.83698      0.11018      0.72679
     -1.30606      0.48596      0.06280      0.42317
     -1.29606      0.23752      0.02912      0.20840
     -1.28606      0.14548      0.01714      0.12834
     -1.27606      0.04966      0.00581      0.04385
     -1.26606      0.00657      0.00077      0.00580
     -1.25606      0.00032      0.00004      0.00028
     -1.24606      0.00001      0.00000      0.00001
     -1.23606      0.00000      0.00000      0.00000
     -1.22606      0.00000      0.00000      0.00000
     -1.21606      0.00000      0.00000      0.00000
     -1.20606      0.00000      0.00000      0.00000
     -1.19606      0.00000      0.00000      0.00000
     -1.18606      0.00000      0.00000      0.00000
     -1.17606      0.00000      0.00000      0.00000
     -1.16606      0.00000      0.00000      0.00000
     -1.15606      0.00000      0.00000      0.00000
     -1.14606      0.00000      0.00000      0.00000
     -1.13606      0.00000      0.00000      0.00000
     -1.12606      0.00000      0.00000      0.00000
     -1.11606      0.00000      0.00000      0.00000
     -1.10606      0.00000      0.00000      0.00000
     -1.09606      0.00000      0.00000      0.00000
     -1.08606      0.00000      0.00000      0.00000
     -1.07606      0.00000      0.00000      0.00000
     -1.06606      0.00003      0.00002      0.00001
     -1.05606      0.00175      0.00124      0.00052
     -1.04606      0.03556      0.02503      0.01053
     -1.03606      0.27639      0.19451      0.08188
     -1.02606      0.86269      0.60652      0.25616
     -1.01606      1.27875      0.89605      0.38270
     -1.00606      1.24884      0.86913      0.37971
     -0.99606      1.04310      0.72171      0.32138
     -0.98606      1.33247      0.91959      0.41287
     -0.97606      1.96160      1.34634      0.61526
     -0.96606      1.96077      1.33419      0.62658
     -0.95606      1.68897      1.14281      0.54615
     -0.94606      1.58150      1.06647      0.51502
     -0.93606      1.50046      1.02053      0.47993
     -0.92606      1.91218      1.31078      0.60140
     -0.91606      2.64424      1.78818      0.85606
     -0.90606      2.75894      1.84382      0.91512
     -0.89606      2.43040      1.62644      0.80396
     -0.88606      2.51261      1.70357      0.80904
     -0.87606      3.44240      2.34711      1.09529
     -0.86606      4.02098      2.74689      1.27409
     -0.85606      4.28349      2.96336      1.32013
     -0.84606      4.77235      3.30914      1.46322
     -0.83606      4.87197      3.33317      1.53879
     -0.82606      4.48032      3.03594      1.44438
     -0.81606      4.01674      2.71915      1.29759
     -0.80606      3.37226      2.26172      1.11053
     -0.79606      3.21946      2.13059      1.08887
     -0.78606      3.88757      2.56786      1.31971
     -0.77606      3.65274      2.42032      1.23242
     -0.76606      2.91433      1.91884      0.99550
     -0.75606      3.09077      2.02670      1.06407
     -0.74606      3.17156      2.09233      1.07923
     -0.73606      2.39555      1.57418      0.82137
     -0.72606      1.82905      1.18017      0.64888
     -0.71606      2.24726      1.46743      0.77983
     -0.70606      3.28675      2.17594      1.11082
     -0.69606      3.84411      2.53170      1.31241
     -0.68606      2.71714      1.76098      0.95616
     -0.67606      1.74938      1.14172      0.60767
     -0.66606      1.98806      1.32545      0.66260
     -0.65606      2.49062      1.66545      0.82517
     -0.64606      2.43751      1.61884      0.81867
     -0.63606      1.89305      1.22582      0.66724
     -0.62606      1.63320      1.04558      0.58761
     -0.61606      1.61387      1.04212      0.57175
     -0.60606      2.36308      1.56328      0.79980
     -0.59606      3.63120      2.45264      1.17856
     -0.58606      3.20814      2.17081      1.03734
     -0.57606      1.84752      1.22208      0.62544
     -0.56606      1.15131      0.74581      0.40550
     -0.55606      1.23946      0.81458      0.42488
     -0.54606      1.99633      1.33467      0.66165
     -0.53606      2.47653      1.68237      0.79416
     -0.52606      2.25073      1.52145      0.72928
     -0.51606      1.81257      1.19364      0.61893
     -0.50606      1.50098      0.98034      0.52064
     -0.49606      1.37264      0.91761      0.45504
     -0.48606      1.96821      1.35504      0.61316
     -0.47606      2.85000      1.98586      0.86414
     -0.46606      2.48222      1.73651      0.74572
     -0.45606      1.40522      0.97089      0.43434
     -0.44606      1.29174      0.86986      0.42188
     -0.43606      1.70927      1.14838      0.56088
     -0.42606      1.84904      1.25168      0.59736
     -0.41606      1.83593      1.26462      0.57131
     -0.40606      1.64104      1.15039      0.49064
     -0.39606      1.40937      0.98524      0.42412
     -0.38606      1.27113      0.87573      0.39540
     -0.37606      1.41327      0.97276      0.44051
     -0.36606      1.68167      1.16581      0.51587
     -0.35606      1.77189      1.24455      0.52734
     -0.34606      1.76950      1.26552      0.50398
     -0.33606      1.79543      1.28939      0.50604
     -0.32606      1.93185      1.35434      0.57752
     -0.31606      1.73083      1.18785      0.54298
     -0.30606      0.97015      0.66315      0.30699
     -0.29606      0.87192      0.61058      0.26134
     -0.28606      1.39112      0.98011      0.41100
     -0.27606      1.66006      1.17174      0.48832
     -0.26606      1.59143      1.12619      0.46523
     -0.25606      1.26989      0.88370      0.38619
     -0.24606      1.26669      0.86350      0.40318
     -0.23606      1.41089      0.97006      0.44083
     -0.22606      1.34620      0.94691      0.39929
     -0.21606      1.49120      1.06980      0.42140
     -0.20606      1.78367      1.28103      0.50263
     -0.19606      1.67597      1.18096      0.49501
     -0.18606      1.40411      0.95850      0.44562
     -0.17606      1.08939      0.72979      0.35960
     -0.16606      1.13234      0.77274      0.35961
     -0.15606      1.48276      1.03062      0.45214
     -0.14606      1.50094      1.03316      0.46778
     -0.13606      1.33281      0.89685      0.43596
     -0.12606      2.63163      1.70815      0.92349
     -0.11606      8.78015      5.56792      3.21222
     -0.10606     15.99555     10.11194      5.88360
     -0.09606     11.63159      7.39066      4.24092
     -0.08606      3.31169      2.14041      1.17128
     -0.07606      0.50154      0.35002      0.15152
     -0.06606      0.34772      0.27397      0.07374
     -0.05606      0.46556      0.36960      0.09596
     -0.04606      0.43666      0.34733      0.08933
     -0.03606      0.46627      0.37166      0.09461
     -0.02606      0.48432      0.38675      0.09757
     -0.01606      0.38892      0.31108      0.07784
     -0.00606      0.25601      0.20513      0.05088
      0.00394      0.13645      0.10945      0.02700
      0.01394      0.03759      0.03016      0.00743
      0.02394      0.00411      0.00330      0.00081
      0.03394      0.00017      0.00013      0.00003
      0.04394      0.00000      0.00000      0.00000
      0.05394      0.00000      0.00000      0.00000
      0.06394      0.00000      0.00000      0.00000
      0.07394      0.00000      0.00000      0.00000
      0.08394      0.00000      0.00000      0.00000
      0.09394      0.00000      0.00000      0.00000
      0.10394      0.00000      0.00000      0.00000
      0.11394      0.00000      0.00000      0.00000
      0.12394      0.00000      0.00000      0.00000
      0.13394      0.00000      0.00000      0.00000
      0.14394      0.00000      0.00000      0.00000
      0.15394      0.00000      0.00000      0.00000
      0.16394      0.00000      0.00000      0.00000
      0.17394      0.00000      0.00000      0.00000
      0.18394      0.00000      0.00000      0.00000
      0.19394      0.00000      0.00000      0.00000
      0.20394      0.00000      0.00000      0.00000
      0.21394      0.00000      0.00000      0.00000
      0.22394      0.00000      0.00000      0.00000
      0.23394      0.00000      0.00000      0.00000
      0.24394      0.00000      0.00000      0.00000
      0.25394      0.00000      0.00000      0.00000
      0.26394      0.00000      0.00000      0.00000
      0.27394      0.00000      0.00000      0.00000
      0.28394      0.00000      0.00000      0.00000
      0.29394      0.00000      0.00000      0.00000
      0.30394      0.00000      0.00000      0.00000
      0.31394      0.00000      0.00000      0.00000
      0.32394      0.00000      0.00000      0.00000
      0.33394      0.00000      0.00000      0.00000
      0.34394      0.00000      0.00000      0.00000
      0.35394      0.00000      0.00000      0.00000
      0.36394      0.00000      0.00000      0.00000
      0.37394      0.00000      0.00000      0.00000
      0.38394      0.00000      0.00000      0.00000
      0.39394      0.00000      0.00000      0.00000
      0.40394      0.00000      0.00000      0.00000
      0.41394      0.00000      0.00000      0.00000
      0.42394      0.00000      0.00000      0.00000
      0.43394      0.00000      0.00000      0.00000
      0.44394      0.00000      0.00000      0.00000
      0.45394      0.00000      0.00000      0.00000
      0.46394      0.00000      0.00000      0.00000
      0.47394      0.00000      0.00000      0.00000
      0.48394      0.00000      0.00000      0.00000
      0.49394      0.00000      0.00000      0.00000
      0.50394      0.00000      0.00000      0.00000
      0.51394      0.00000      0.00000      0.00000
      0.52394      0.00000      0.00000      0.00000
      0.53394      0.00000      0.00000      0.00000
      0.54394      0.00000      0.00000      0.00000
      0.55394      0.00000      0.00000      0.00000
      0.56394      0.00000      0.00000      0.00000
      0.57394      0.00000      0.00000      0.00000
      0.58394      0.00000      0.00000      0.00000
      0.59394      0.00000      0.00000      0.00000
      0.60394      0.00000      0.00000      0.00000
      0.61394      0.00000      0.00000      0.00000
      0.62394      0.00000      0.00000      0.00000
      0.63394      0.00000      0.00000      0.00000
      0.64394      0.00000      0.00000      0.00000
      0.65394      0.00000      0.00000      0.00000
      0.66394      0.00000      0.00000      0.00000
      0.67394      0.00000      0.00000      0.00000
      0.68394      0.00000      0.00000      0.00000
      0.69394      0.00000      0.00000      0.00000
      0.70394      0.00000      0.00000      0.00000
      0.71394      0.00000      0.00000      0.00000
      0.72394      0.00000      0.00000      0.00000
      0.73394      0.00000      0.00000      0.00000
      0.74394      0.00000      0.00000      0.00000
      0.75394      0.00000      0.00000      0.00000
      0.76394      0.00000      0.00000      0.00000
      0.77394      0.00000      0.00000      0.00000
      0.78394      0.00000      0.00000      0.00000
      0.79394      0.00000      0.00000      0.00000
      0.80394      0.00000      0.00000      0.00000
      0.81394      0.00000      0.00000      0.00000
      0.82394      0.00000      0.00000      0.00000
      0.83394      0.00000      0.00000      0.00000
      0.84394      0.00000      0.00000      0.00000
      0.85394      0.00000      0.00000      0.00000
      0.86394      0.00000      0.00000      0.00000
      0.87394      0.00000      0.00000      0.00000
      0.88394      0.00000      0.00000      0.00000
      0.89394      0.00000      0.00000      0.00000
      0.90394      0.00000      0.00000      0.00000
      0.91394      0.00000      0.00000      0.00000
      0.92394      0.00000      0.00000      0.00000
      0.93394      0.00000      0.00000      0.00000
      0.94394      0.00000      0.00000      0.00000
      0.95394      0.00000      0.00000      0.00000
      0.96394      0.00000      0.00000      0.00000
      0.97394      0.00000      0.00000      0.00000
      0.98394      0.00000      0.00000      0.00000
      0.99394      0.00000      0.00000      0.00000
      1.00394      0.00000      0.00000      0.00000
      1.01394      0.00000      0.00000      0.00000
      1.02394      0.00000      0.00000      0.00000
      1.03394      0.00000      0.00000      0.00000
      1.04394      0.00000      0.00000      0.00000
      1.05394      0.00000      0.00000      0.00000
      1.06394      0.00000      0.00000      0.00000
      1.07394      0.00000      0.00000      0.00000
      1.08394      0.00000      0.00000      0.00000
      1.09394      0.00000      0.00000      0.00000
      1.10394      0.00000      0.00000      0.00000
      1.11394      0.00000      0.00000      0.00000
      1.12394      0.00000      0.00000      0.00000
      1.13394      0.00000      0.00000      0.00000
      1.14394      0.00000      0.00000      0.00000
      1.15394      0.00000      0.00000      0.00000
      1.16394      0.00000      0.00000      0.00000
      1.17394      0.00000      0.00000      0.00000
      1.18394      0.00000      0.00000      0.00000
      1.19394      0.00000      0.00000      0.00000
      1.20394      0.00000      0.00000      0.00000
      1.21394      0.00000      0.00000      0.00000
      1.22394      0.00000      0.00000      0.00000
      1.23394      0.00000      0.00000      0.00000
      1.24394      0.00000      0.00000      0.00000
      1.25394      0.00000      0.00000      0.00000
      1.26394      0.00000      0.00000      0.00000
      1.27394      0.00000      0.00000      0.00000
      1.28394      0.00000      0.00000      0.00000
      1.29394      0.00000      0.00000      0.00000
      1.30394      0.00000      0.00000      0.00000
      1.31394      0.00000      0.00000      0.00000
      1.32394      0.00000      0.00000      0.00000
      1.33394      0.00000      0.00000      0.00000
      1.34394      0.00000      0.00000      0.00000
      1.35394      0.00000      0.00000      0.00000
      1.36394      0.00000      0.00000      0.00000
      1.37394      0.00000      0.00000      0.00000
      1.38394      0.00000      0.00000      0.00000
      1.39394      0.00000      0.00000      0.00000
      1.40394      0.00000      0.00000      0.00000
      1.41394      0.00000      0.00000      0.00000
      1.42394      0.00000      0.00000      0.00000
      1.43394      0.00000      0.00000      0.00000
      1.44394      0.00000      0.00000      0.00000
      1.45394      0.00000      0.00000      0.00000
      1.46394      0.00000      0.00000      0.00000
      1.47394      0.00000      0.00000      0.00000
      1.48394      0.00000      0.00000      0.00000
      1.49394      0.00000      0.00000      0.00000
      1.50394      0.00000      0.00000      0.00000
      1.51394      0.00000      0.00000      0.00000
      1.52394      0.00000      0.00000      0.00000
      1.53394      0.00000      0.00000      0.00000
      1.54394      0.00000      0.00000      0.00000
      1.55394      0.00000      0.00000      0.00000
      1.56394      0.00000      0.00000      0.00000
      1.57394      0.00000      0.00000      0.00000
      1.58394      0.00000      0.00000      0.00000
      1.59394      0.00000      0.00000      0.00000
      1.60394      0.00000      0.00000      0.00000
      1.61394      0.00000      0.00000      0.00000
      1.62394      0.00000      0.00000      0.00000
      1.63394      0.00000      0.00000      0.00000
      1.64394      0.00000      0.00000      0.00000
      1.65394      0.00000      0.00000      0.00000
      1.66394      0.00000      0.00000      0.00000
      1.67394      0.00000      0.00000      0.00000
      1.68394      0.00000      0.00000      0.00000
      1.69394      0.00000      0.00000      0.00000
      1.70394      0.00000      0.00000      0.00000
      1.71394      0.00000      0.00000      0.00000
      1.72394      0.00000      0.00000      0.00000
      1.73394      0.00000      0.00000      0.00000
      1.74394      0.00000      0.00000      0.00000
      1.75394      0.00000      0.00000      0.00000
      1.76394      0.00000      0.00000      0.00000
      1.77394      0.00000      0.00000      0.00000
      1.78394      0.00000      0.00000      0.00000
      1.79394      0.00000      0.00000      0.00000
      1.80394      0.00000      0.00000      0.00000
      1.81394      0.00000      0.00000      0.00000
      1.82394      0.00000      0.00000      0.00000
      1.83394      0.00000      0.00000      0.00000
      1.84394      0.00000      0.00000      0.00000
      1.85394      0.00000      0.00000      0.00000
      1.86394      0.00000      0.00000      0.00000
      1.87394      0.00000      0.00000      0.00000
      1.88394      0.00000      0.00000      0.00000
      1.89394      0.00000      0.00000      0.00000
      1.90394      0.00000      0.00000      0.00000
      1.91394      0.00000      0.00000      0.00000
      1.92394      0.00000      0.00000      0.00000
      1.93394      0.00000      0.00000      0.00000
      1.94394      0.00000      0.00000      0.00000
      1.95394      0.00000      0.00000      0.00000
      1.96394      0.00000      0.00000      0.00000
      1.97394      0.00000      0.00000      0.00000
      1.98394      0.00000      0.00000      0.00000
      1.99394      0.00000      0.00000      0.00000
      2.00394      0.00000      0.00000      0.00000
      2.01394      0.00000      0.00000      0.00000
      2.02394      0.00000      0.00000      0.00000
      2.03394      0.00000      0.00000      0.00000
      2.04394      0.00000      0.00000      0.00000
      2.05394      0.00000      0.00000      0.00000
      2.06394      0.00000      0.00000      0.00000
      2.07394      0.00000      0.00000      0.00000
      2.08394      0.00000      0.00000      0.00000
      2.09394      0.00000      0.00000      0.00000
      2.10394      0.00000      0.00000      0.00000
      2.11394      0.00000      0.00000      0.00000
      2.12394      0.00000      0.00000      0.00000
      2.13394      0.00000      0.00000      0.00000
      2.14394      0.00000      0.00000      0.00000
      2.15394      0.00000      0.00000      0.00000
      2.16394      0.00000      0.00000      0.00000
      2.17394      0.00000      0.00000      0.00000
      2.18394      0.00000      0.00000      0.00000
      2.19394      0.00000      0.00000      0.00000
      2.20394      0.00000      0.00000      0.00000
      2.21394      0.00000      0.00000      0.00000
      2.22394      0.00000      0.00000      0.00000
      2.23394      0.00000      0.00000      0.00000
      2.24394      0.00000      0.00000      0.00000
      2.25394      0.00000      0.00000      0.00000
      2.26394      0.00000      0.00000      0.00000
      2.27394      0.00000      0.00000      0.00000
      2.28394      0.00000      0.00000      0.00000
      2.29394      0.00000      0.00000      0.00000
      2.30394      0.00000      0.00000      0.00000
      2.31394      0.00000      0.00000      0.00000
      2.32394      0.00000      0.00000      0.00000
      2.33394      0.00000      0.00000      0.00000
      2.34394      0.00000      0.00000      0.00000
      2.35394      0.00000      0.00000      0.00000
      2.36394      0.00000      0.00000      0.00000
      2.37394      0.00000      0.00000      0.00000
      2.38394      0.00000      0.00000      0.00000
      2.39394      0.00010      0.00008      0.00002
      2.40394      0.00271      0.00228      0.00044
      2.41394      0.02870      0.02409      0.00461
      2.42394      0.11811      0.09914      0.01898
      2.43394      0.23492      0.19716      0.03776
      2.44394      0.35616      0.29886      0.05730
      2.45394      0.45276      0.37994      0.07283
      2.46394      0.46626      0.39130      0.07496
      2.47394      0.44471      0.37305      0.07166
      2.48394      0.44584      0.37384      0.07200
      2.49394      0.37095      0.31112      0.05982
      2.50394      0.28818      0.24139      0.04679
      2.51394      0.40355      0.33720      0.06635
      2.52394      0.60197      0.50327      0.09870
      2.53394      0.68851      0.57664      0.11187
      2.54394      0.60730      0.50909      0.09821
      2.55394      0.53375      0.44666      0.08709
      2.56394      0.43417      0.36234      0.07184
      2.57394      0.38056      0.31732      0.06324
      2.58394      0.57909      0.48372      0.09537
      2.59394      0.55497      0.46337      0.09160
      2.60394      0.36812      0.29584      0.07228
      2.61394      0.74170      0.53519      0.20650
      2.62394      1.72810      1.15353      0.57457
      2.63394      2.70907      1.71627      0.99280
      2.64394      2.98483      1.84319      1.14164
      2.65394      2.63745      1.57174      1.06571
      2.66394      2.62057      1.54183      1.07874
      2.67394      3.22734      1.92980      1.29754
      2.68394      3.31081      1.94075      1.37006
      2.69394      2.90807      1.70282      1.20525
      2.70394      2.82983      1.71617      1.11366
      2.71394      2.89726      1.76444      1.13282
      2.72394      3.79153      2.30148      1.49005
      2.73394      4.43439      2.71819      1.71620
      2.74394      4.05821      2.49670      1.56151
      2.75394      3.89857      2.37974      1.51883
      2.76394      4.00616      2.44546      1.56070
      2.77394      3.97822      2.46800      1.51022
      2.78394      3.86685      2.38471      1.48214
      2.79394      4.23091      2.52261      1.70829
      2.80394      5.91251      3.56169      2.35082
      2.81394      7.09048      4.34782      2.74265
      2.82394      6.97691      4.32062      2.65629
      2.83394      6.75712      4.25090      2.50622
      2.84394      6.85118      4.36248      2.48870
      2.85394      6.60496      4.25963      2.34533
      2.86394      6.07398      4.00966      2.06432
      2.87394      5.47280      3.67257      1.80023
      2.88394      5.36807      3.67303      1.69504
      2.89394      6.10019      4.18285      1.91734
      2.90394      7.01439      4.82152      2.19286
      2.91394      7.12074      5.09160      2.02914
      2.92394      6.29485      4.80439      1.49045
      2.93394      6.09017      4.84985      1.24032
      2.94394      6.35683      5.11707      1.23975
      2.95394      6.74782      5.48296      1.26485
      2.96394      6.46797      5.19455      1.27343
      2.97394      4.20386      3.21939      0.98447
      2.98394      1.95409      1.30930      0.64478
      2.99394      1.44062      0.81198      0.62864
      3.00394      1.78429      0.99037      0.79393
      3.01394      1.92134      1.03586      0.88547
      3.02394      2.19295      1.14861      1.04434
      3.03394      2.39815      1.30766      1.09049
      3.04394      2.42176      1.41907      1.00269
      3.05394      2.70548      1.63056      1.07492
      3.06394      2.72158      1.61361      1.10797
      3.07394      2.91902      1.69276      1.22627
      3.08394      3.53414      2.07271      1.46143
      3.09394      4.21294      2.47195      1.74099
      3.10394      4.58582      2.67027      1.91555
      3.11394      5.23012      3.10216      2.12796
      3.12394      6.31517      3.81767      2.49750
      3.13394      6.39430      3.88197      2.51233
      3.14394      5.41433      3.32094      2.09339
      3.15394      4.81640      2.96128      1.85512
      3.16394      4.88686      3.00199      1.88487
      3.17394      4.45774      2.76356      1.69418
      3.18394      3.82179      2.42554      1.39624
      3.19394      3.95849      2.63689      1.32160
      3.20394      4.16508      2.89321      1.27187
      3.21394      3.82441      2.64881      1.17560
      3.22394      3.90953      2.53677      1.37276
      3.23394      4.22389      2.71633      1.50756
      3.24394      3.68676      2.56126      1.12550
      3.25394      2.81940      1.99108      0.82832
      3.26394      2.72440      1.80405      0.92035
      3.27394      3.66531      2.48762      1.17769
      3.28394      4.46655      3.06135      1.40519
      3.29394      4.96097      3.25171      1.70926
      3.30394      5.52724      3.52672      2.00052
      3.31394      5.68266      3.61028      2.07239
      3.32394      5.36088      3.36227      1.99862
      3.33394      4.88366      3.02355      1.86011
      3.34394      5.30881      3.33346      1.97535
      3.35394      6.81588      4.39314      2.42274
      3.36394      6.84573      4.47942      2.36632
      3.37394      5.50793      3.58988      1.91806
      3.38394      5.08849      3.21304      1.87544
      3.39394      5.71471      3.54368      2.17103
      3.40394      6.31596      3.99715      2.31881
      3.41394      5.49639      3.55002      1.94638
      3.42394      3.87897      2.45104      1.42793
      3.43394      3.04851      1.78654      1.26197
      3.44394      3.35899      1.88240      1.47659
      3.45394      3.53411      2.08167      1.45244
      3.46394      3.39693      2.09486      1.30207
      3.47394      3.47608      2.13551      1.34057
      3.48394      3.18600      1.91571      1.27029
      3.49394      2.71568      1.54214      1.17354
      3.50394      2.91146      1.63192      1.27953
      3.51394      4.95110      2.67938      2.27173
      3.52394     13.80638      6.17119      7.63519
      3.53394     29.88423     12.11962     17.76462
      3.54394     29.56062     11.93758     17.62303
      3.55394     12.97287      5.72257      7.25030
      3.56394      4.37452      2.43410      1.94042
      3.57394      2.68720      1.58621      1.10099
      3.58394      2.72577      1.44035      1.28542
      3.59394      4.65598      2.03206      2.62392
      3.60394     15.12019      5.52115      9.59904
      3.61394     30.90145     10.81893     20.08252
      3.62394     25.41063      8.92718     16.48346
      3.63394      8.63188      3.34196      5.28992
      3.64394      2.59665      1.46141      1.13524
      3.65394      2.28006      1.40835      0.87171
      3.66394      3.11884      1.85710      1.26174
      3.67394      3.41878      2.03971      1.37907
      3.68394      2.42243      1.45407      0.96835
      3.69394      1.66760      1.02116      0.64644
      3.70394      1.69445      1.08641      0.60804
      3.71394      2.26509      1.48304      0.78205
      3.72394      2.43891      1.53853      0.90038
      3.73394      1.68104      1.00440      0.67664
      3.74394      1.37220      0.80911      0.56309
      3.75394      2.05685      1.21805      0.83880
      3.76394      2.47484      1.44263      1.03221
      3.77394      2.35564      1.36519      0.99045
      3.78394      2.00869      1.16765      0.84104
      3.79394      1.97570      1.14893      0.82678
      3.80394      2.06109      1.14885      0.91224
      3.81394      2.50926      1.33217      1.17709
      3.82394      3.51198      1.88119      1.63079
      3.83394      4.80586      2.61857      2.18729
      3.84394      5.24096      2.87975      2.36121
      3.85394      5.08710      2.76373      2.32337
      3.86394      5.18367      2.78045      2.40323
      3.87394      3.89321      2.10795      1.78526
      3.88394      2.59032      1.38478      1.20554
      3.89394      2.77380      1.39780      1.37600
      3.90394      3.33772      1.68668      1.65104
      3.91394      3.62373      1.91819      1.70554
      3.92394      3.63561      1.95298      1.68263
      3.93394      3.15787      1.65044      1.50742
      3.94394      2.29703      1.20356      1.09347
      3.95394      1.96434      1.07089      0.89345
      3.96394      2.31538      1.27025      1.04512
      3.97394      2.82502      1.55752      1.26750
      3.98394      2.96822      1.62212      1.34611
      3.99394      2.62916      1.41813      1.21103
      4.00394      2.69703      1.45339      1.24364
      4.01394      3.15351      1.71581      1.43770
      4.02394      2.59044      1.41935      1.17109
      4.03394      1.88838      1.02529      0.86310
      4.04394      2.12146      1.10847      1.01299
      4.05394      2.53023      1.27330      1.25693
      4.06394      2.17628      1.08606      1.09022
      4.07394      1.74021      0.88080      0.85941
      4.08394      1.71304      0.85973      0.85331
      4.09394      1.75342      0.87756      0.87587
      4.10394      1.60051      0.81011      0.79040
      4.11394      1.37854      0.68545      0.69309
      4.12394      1.35391      0.65250      0.70141
      4.13394      1.49848      0.70904      0.78944
      4.14394      1.35176      0.64770      0.70406
      4.15394      1.25933      0.62785      0.63147
      4.16394      1.75295      0.88055      0.87240
      4.17394      2.34672      1.18651      1.16021
      4.18394      2.62917      1.33874      1.29043
      4.19394      1.85885      0.93566      0.92319
      4.20394      1.11749      0.52339      0.59411
      4.21394      1.46799      0.64750      0.82049
      4.22394      1.73937      0.78632      0.95304
      4.23394      1.61940      0.77153      0.84787
      4.24394      1.42654      0.69470      0.73185
      4.25394      1.21897      0.60035      0.61861
      4.26394      1.29070      0.64628      0.64442
      4.27394      1.41338      0.69810      0.71528
      4.28394      1.30683      0.62828      0.67855
      4.29394      1.33860      0.62620      0.71240
      4.30394      1.37010      0.64546      0.72465
      4.31394      1.45703      0.70634      0.75068
      4.32394      1.59875      0.79341      0.80535
      4.33394      1.68491      0.85512      0.82978
      4.34394      1.64097      0.83112      0.80985
      4.35394      1.30675      0.63904      0.66771
      4.36394      1.69752      0.79001      0.90751
      4.37394      2.56548      1.17824      1.38724
      4.38394      2.33175      1.07537      1.25638
      4.39394      1.27839      0.59983      0.67856
      4.40394      0.85972      0.42235      0.43737
      4.41394      1.02151      0.50914      0.51238
      4.42394      1.01987      0.50186      0.51801
      4.43394      1.09011      0.52261      0.56750
      4.44394      1.49199      0.70472      0.78727
      4.45394      1.86836      0.88460      0.98376
      4.46394      1.93640      0.93311      1.00329
      4.47394      1.76055      0.87036      0.89019
      4.48394      1.25304      0.62717      0.62587
      4.49394      0.84080      0.41324      0.42756
      4.50394      1.30506      0.61372      0.69135
      4.51394      2.01920      0.93455      1.08466
      4.52394      2.35826      1.09926      1.25900
      4.53394      2.52706      1.19488      1.33218
      4.54394      2.03760      0.97091      1.06669
      4.55394      1.15102      0.55377      0.59726
      4.56394      1.10658      0.53379      0.57279
      4.57394      1.60833      0.76946      0.83887
      4.58394      1.82353      0.87466      0.94887
      4.59394      1.73067      0.83844      0.89224
      4.60394      1.58368      0.76742      0.81625
      4.61394      1.74302      0.83511      0.90791
      4.62394      2.45520      1.16796      1.28723
      4.63394      2.72038      1.28871      1.43167
      4.64394      2.22096      1.05541      1.16555
      4.65394      1.82201      0.87181      0.95020
      4.66394      1.61040      0.77027      0.84014
      4.67394      2.00933      0.95911      1.05021
      4.68394      2.29523      1.09542      1.19981
      4.69394      1.43392      0.68387      0.75005
      4.70394      0.67543      0.31821      0.35722
      4.71394      0.73616      0.34022      0.39593
      4.72394      1.19579      0.55060      0.64519
      4.73394      1.44480      0.66814      0.77666
      4.74394      1.28626      0.59873      0.68754
      4.75394      1.18339      0.55264      0.63075
      4.76394      1.29867      0.60342      0.69525
      4.77394      1.34665      0.62292      0.72373
      4.78394      1.34286      0.62232      0.72054
      4.79394      1.95239      0.90891      1.04348
      4.80394      2.82248      1.31492      1.50756
      4.81394      2.71208      1.26422      1.44786
      4.82394      2.11452      0.98684      1.12768
      4.83394      2.16707      1.01373      1.15334
      4.84394      2.53062      1.18274      1.34787
      4.85394      3.51502      1.64035      1.87466
      4.86394      4.65234      2.17838      2.47396
      4.87394      5.10981      2.39470      2.71512
      4.88394      5.36804      2.51334      2.85471
      4.89394      5.36374      2.51910      2.84464
      4.90394      5.10696      2.41217      2.69479
      4.91394      4.53568      2.16016      2.37552
      4.92394      4.02503      1.92615      2.09889
      4.93394      3.39685      1.62949      1.76736
      4.94394      2.68151      1.30414      1.37737
      4.95394      2.50448      1.23480      1.26968
      4.96394      2.23884      1.11088      1.12796
      4.97394      1.97658      0.99570      0.98088
      4.98394      2.19303      1.11969      1.07334
      4.99394      2.46525      1.25922      1.20604
      5.00394      2.36044      1.20454      1.15591
      5.01394      2.09126      1.06951      1.02175
      5.02394      2.07467      1.06405      1.01062
      5.03394      2.08777      1.07537      1.01240
      5.04394      1.77239      0.92202      0.85037
      5.05394      1.55537      0.81635      0.73902
      5.06394      1.68197      0.88206      0.79990
      5.07394      1.66163      0.86909      0.79254
      5.08394      1.34884      0.70715      0.64169
      5.09394      1.50556      0.80456      0.70100
      5.10394      2.64286      1.43055      1.21231
      5.11394      2.91275      1.57881      1.33394
      5.12394      1.65593      0.89517      0.76076
      5.13394      1.01011      0.54454      0.46557
      5.14394      1.14819      0.62252      0.52567
      5.15394      1.35725      0.74488      0.61237
      5.16394      1.53901      0.85352      0.68549
      5.17394      1.35830      0.75505      0.60324
      5.18394      1.13868      0.63305      0.50562
      5.19394      1.27658      0.71258      0.56400
      5.20394      1.39378      0.78454      0.60924
      5.21394      1.62729      0.92611      0.70118
      5.22394      1.85039      1.05771      0.79268
      5.23394      1.28881      0.73690      0.55191
      5.24394      0.77389      0.44347      0.33042
      5.25394      0.94758      0.54548      0.40209
      5.26394      1.11883      0.64689      0.47194
      5.27394      1.07953      0.62782      0.45171
      5.28394      0.93815      0.54806      0.39009
      5.29394      0.83036      0.48657      0.34379
      5.30394      0.93896      0.55289      0.38607
      5.31394      1.27717      0.75524      0.52192
      5.32394      1.38489      0.82137      0.56352
      5.33394      0.98653      0.58673      0.39981
      5.34394      0.72152      0.43090      0.29063
      5.35394      0.73838      0.44221      0.29617
      5.36394      0.73345      0.44110      0.29235
      5.37394      0.88555      0.53450      0.35105
      5.38394      0.92720      0.56097      0.36623
      5.39394      0.88116      0.53488      0.34629
      5.40394      0.88787      0.54088      0.34699
      5.41394      0.83528      0.51015      0.32513
      5.42394      0.73644      0.45117      0.28526
      5.43394      0.74823      0.45985      0.28839
      5.44394      0.74297      0.45789      0.28508
      5.45394      0.75931      0.46942      0.28988
      5.46394      0.75860      0.47014      0.28846
      5.47394      0.61945      0.38471      0.23475
      5.48394      0.35996      0.22389      0.13607
      5.49394      0.11852      0.07379      0.04474
      5.50394      0.01835      0.01143      0.00692
      5.51394      0.00118      0.00074      0.00045
      5.52394      0.00003      0.00002      0.00001
      5.53394      0.00000      0.00000      0.00000
      5.54394      0.00000      0.00000      0.00000
      5.55394      0.00000      0.00000      0.00000
      5.56394      0.00000      0.00000      0.00000
      5.57394      0.00000      0.00000      0.00000
      5.58394      0.00000      0.00000      0.00000
      5.59394      0.00000      0.00000      0.00000
      5.60394      0.00000      0.00000      0.00000
      5.61394      0.00000      0.00000      0.00000
      5.62394      0.00000      0.00000      0.00000
      5.63394      0.00000      0.00000      0.00000
      5.64394      0.00000      0.00000      0.00000
      5.65394      0.00000      0.00000      0.00000
      5.66394      0.00000      0.00000      0.00000
      5.67394      0.00000      0.00000      0.00000
      5.68394      0.00000      0.00000      0.00000
      5.69394      0.00000      0.00000      0.00000
      5.70394      0.00000      0.00000      0.00000
      5.71394      0.00000      0.00000      0.00000
      5.72394      0.00000      0.00000      0.00000
      5.73394      0.00000      0.00000      0.00000
      5.74394      0.00000      0.00000      0.00000
      5.75394      0.00000      0.00000      0.00000
      5.76394      0.00000      0.00000      0.00000
      5.77394      0.00000      0.00000      0.00000
      5.78394      0.00000      0.00000      0.00000
      5.79394      0.00000      0.00000      0.00000
      5.80394      0.00000      0.00000      0.00000
      5.81394      0.00000      0.00000      0.00000
      5.82394      0.00000      0.00000      0.00000
      5.83394      0.00000      0.00000      0.00000
      5.84394      0.00000      0.00000      0.00000
      5.85394      0.00000      0.00000      0.00000
      5.86394      0.00000      0.00000      0.00000
      5.87394      0.00000      0.00000      0.00000
      5.88394      0.00000      0.00000      0.00000
      5.89394      0.00000      0.00000      0.00000
      5.90394      0.00000      0.00000      0.00000
      5.91394      0.00000      0.00000      0.00000
      5.92394      0.00000      0.00000      0.00000
      5.93394      0.00000      0.00000      0.00000
      5.94394      0.00000      0.00000      0.00000
      5.95394      0.00000      0.00000      0.00000
      5.96394      0.00000      0.00000      0.00000
      5.97394      0.00000      0.00000      0.00000
      5.98394      0.00000      0.00000      0.00000
      5.99394      0.00000      0.00000      0.00000
      6.00394      0.00000      0.00000      0.00000
      6.01394      0.00000      0.00000      0.00000
      6.02394      0.00000      0.00000      0.00000
      6.03394      0.00000      0.00000      0.00000
      6.04394      0.00000      0.00000      0.00000
      6.05394      0.00000      0.00000      0.00000
      6.06394      0.00000      0.00000      0.00000
      6.07394      0.00000      0.00000      0.00000
      6.08394      0.00000      0.00000      0.00000
      6.09394      0.00000      0.00000      0.00000
      6.10394      0.00000      0.00000      0.00000
      6.11394      0.00000      0.00000      0.00000
      6.12394      0.00000      0.00000      0.00000
      6.13394      0.00000      0.00000      0.00000
      6.14394      0.00000      0.00000      0.00000
      6.15394      0.00000      0.00000      0.00000
      6.16394      0.00000      0.00000      0.00000
      6.17394      0.00000      0.00000      0.00000
      6.18394      0.00000      0.00000      0.00000
      6.19394      0.00000      0.00000      0.00000
      6.20394      0.00000      0.00000      0.00000
      6.21394      0.00000      0.00000      0.00000
      6.22394      0.00000      0.00000      0.00000
      6.23394      0.00000      0.00000      0.00000
      6.24394      0.00000      0.00000      0.00000
      6.25394      0.00000      0.00000      0.00000
      6.26394      0.00000      0.00000      0.00000
      6.27394      0.00000      0.00000      0.00000
      6.28394      0.00000      0.00000      0.00000
      6.29394      0.00000      0.00000      0.00000
      6.30394      0.00000      0.00000      0.00000
      6.31394      0.00000      0.00000      0.00000
      6.32394      0.00000      0.00000      0.00000
      6.33394      0.00000      0.00000      0.00000
      6.34394      0.00000      0.00000      0.00000
      6.35394      0.00000      0.00000      0.00000
      6.36394      0.00000      0.00000      0.00000
      6.37394      0.00000      0.00000      0.00000
      6.38394      0.00000      0.00000      0.00000
      6.39394      0.00000      0.00000      0.00000
      6.40394      0.00000      0.00000      0.00000
      6.41394      0.00000      0.00000      0.00000
      6.42394      0.00000      0.00000      0.00000
      6.43394      0.00000      0.00000      0.00000
      6.44394      0.00000      0.00000      0.00000
      6.45394      0.00000      0.00000      0.00000
      6.46394      0.00000      0.00000      0.00000
      6.47394      0.00000      0.00000      0.00000
      6.48394      0.00000      0.00000      0.00000
      6.49394      0.00000      0.00000      0.00000
      6.50394      0.00000      0.00000      0.00000
      6.51394      0.00000      0.00000      0.00000
      6.52394      0.00000      0.00000      0.00000
      6.53394      0.00000      0.00000      0.00000
      6.54394      0.00000      0.00000      0.00000
      6.55394      0.00000      0.00000      0.00000
      6.56394      0.00000      0.00000      0.00000
      6.57394      0.00000      0.00000      0.00000
      6.58394      0.00000      0.00000      0.00000
      6.59394      0.00000      0.00000      0.00000
      6.60394      0.00000      0.00000      0.00000
      6.61394      0.00000      0.00000      0.00000
      6.62394      0.00000      0.00000      0.00000
      6.63394      0.00000      0.00000      0.00000
      6.64394      0.00000      0.00000      0.00000
      6.65394      0.00000      0.00000      0.00000
      6.66394      0.00000      0.00000      0.00000
      6.67394      0.00000      0.00000      0.00000
      6.68394      0.00000      0.00000      0.00000
      6.69394      0.00000      0.00000      0.00000
      6.70394      0.00000      0.00000      0.00000
      6.71394      0.00000      0.00000      0.00000
      6.72394      0.00000      0.00000      0.00000
      6.73394      0.00000      0.00000      0.00000
      6.74394      0.00000      0.00000      0.00000
      6.75394      0.00000      0.00000      0.00000
      6.76394      0.00000      0.00000      0.00000
      6.77394      0.00000      0.00000      0.00000
      6.78394      0.00000      0.00000      0.00000
      6.79394      0.00000      0.00000      0.00000
      6.80394      0.00000      0.00000      0.00000
      6.81394      0.00000      0.00000      0.00000
      6.82394      0.00000      0.00000      0.00000
      6.83394      0.00000      0.00000      0.00000
      6.84394      0.00000      0.00000      0.00000
      6.85394      0.00000      0.00000      0.00000
      6.86394      0.00000      0.00000      0.00000
      6.87394      0.00000      0.00000      0.00000
      6.88394      0.00000      0.00000      0.00000
      6.89394      0.00000      0.00000      0.00000
      6.90394      0.00000      0.00000      0.00000
      6.91394      0.00000      0.00000      0.00000
      6.92394      0.00000      0.00000      0.00000
      6.93394      0.00000      0.00000      0.00000
      6.94394      0.00000      0.00000      0.00000
      6.95394      0.00000      0.00000      0.00000
      6.96394      0.00000      0.00000      0.00000
      6.97394      0.00000      0.00000      0.00000
      6.98394      0.00000      0.00000      0.00000
      6.99394      0.00000      0.00000      0.00000
      7.00394      0.00000      0.00000      0.00000
      7.01394      0.00000      0.00000      0.00000
      7.02394      0.00000      0.00000      0.00000
      7.03394      0.00000      0.00000      0.00000
      7.04394      0.00000      0.00000      0.00000
      7.05394      0.00000      0.00000      0.00000
      7.06394      0.00000      0.00000      0.00000
      7.07394      0.00000      0.00000      0.00000
      7.08394      0.00000      0.00000      0.00000
      7.09394      0.00000      0.00000      0.00000
      7.10394      0.00000      0.00000      0.00000
      7.11394      0.00000      0.00000      0.00000
      7.12394      0.00000      0.00000      0.00000
      7.13394      0.00000      0.00000      0.00000
      7.14394      0.00000      0.00000      0.00000
      7.15394      0.00000      0.00000      0.00000
      7.16394      0.00000      0.00000      0.00000
      7.17394      0.00000      0.00000      0.00000
      7.18394      0.00000      0.00000      0.00000
      7.19394      0.00000      0.00000      0.00000
      7.20394      0.00001      0.00000      0.00001
      7.21394      0.00061      0.00015      0.00046
      7.22394      0.01326      0.00325      0.01001
      7.23394      0.11029      0.02705      0.08324
      7.24394      0.37277      0.09142      0.28136
      7.25394      0.55627      0.13644      0.41983
      7.26394      0.43230      0.10605      0.32625
      7.27394      0.39786      0.09762      0.30025
      7.28394      0.59492      0.14613      0.44879
      7.29394      0.47738      0.11743      0.35995
      7.30394      0.20238      0.04981      0.15257
      7.31394      0.31968      0.07852      0.24116
      7.32394      0.73000      0.17943      0.55057
      7.33394      0.85632      0.21071      0.64561
      7.34394      0.68213      0.16757      0.51455
      7.35394      0.46141      0.11323      0.34818
      7.36394      0.41261      0.10213      0.31048
      7.37394      0.55147      0.13636      0.41511
      7.38394      0.61851      0.15207      0.46644
      7.39394      0.55034      0.13569      0.41465
      7.40394      0.45694      0.11361      0.34333
      7.41394      0.37350      0.09311      0.28039
      7.42394      0.38620      0.09530      0.29090
