Energy-E_F (eV)    DOS (1/eV)    PDOS (1/eV)  of atom type Mo S  
     -4.99000      2.78415      0.93664      1.84751
     -4.98000      1.93855      0.64614      1.29242
     -4.97000      1.82405      0.61020      1.21385
     -4.96000      1.87615      0.61814      1.25801
     -4.95000      1.62287      0.52513      1.09774
     -4.94000      1.22431      0.39290      0.83141
     -4.93000      1.01390      0.32016      0.69374
     -4.92000      1.12670      0.34658      0.78012
     -4.91000      1.32271      0.39428      0.92843
     -4.90000      1.52389      0.44945      1.07443
     -4.89000      1.67749      0.52052      1.15697
     -4.88000      2.03351      0.68058      1.35293
     -4.87000      2.57187      0.85951      1.71235
     -4.86000      2.61135      0.83457      1.77678
     -4.85000      2.29705      0.70095      1.59610
     -4.84000      2.23650      0.65165      1.58485
     -4.83000      2.54088      0.70989      1.83099
     -4.82000      2.44768      0.66464      1.78304
     -4.81000      1.48605      0.39691      1.08913
     -4.80000      0.81908      0.22138      0.59770
     -4.79000      1.26868      0.37699      0.89169
     -4.78000      2.32979      0.72831      1.60148
     -4.77000      2.26876      0.70785      1.56091
     -4.76000      1.24387      0.36611      0.87776
     -4.75000      0.81729      0.22122      0.59607
     -4.74000      0.98214      0.26589      0.71624
     -4.73000      1.15869      0.31927      0.83942
     -4.72000      1.26536      0.35545      0.90990
     -4.71000      1.34926      0.39277      0.95649
     -4.70000      1.47261      0.44978      1.02283
     -4.69000      1.85711      0.58456      1.27255
     -4.68000      2.16325      0.70438      1.45887
     -4.67000      1.94508      0.65182      1.29326
     -4.66000      1.27803      0.41548      0.86254
     -4.65000      0.85135      0.25144      0.59991
     -4.64000      0.76857      0.21621      0.55236
     -4.63000      0.65529      0.18404      0.47125
     -4.62000      0.63499      0.18447      0.45052
     -4.61000      0.70790      0.20588      0.50201
     -4.60000      0.79547      0.23021      0.56526
     -4.59000      0.99697      0.29358      0.70339
     -4.58000      0.87290      0.26557      0.60733
     -4.57000      0.84758      0.27145      0.57612
     -4.56000      1.00387      0.32459      0.67928
     -4.55000      0.92105      0.29216      0.62889
     -4.54000      0.79534      0.24016      0.55519
     -4.53000      0.80705      0.23504      0.57200
     -4.52000      0.83507      0.24267      0.59240
     -4.51000      0.67178      0.19924      0.47254
     -4.50000      0.53654      0.16672      0.36982
     -4.49000      0.67138      0.20762      0.46376
     -4.48000      0.98498      0.30102      0.68396
     -4.47000      0.97066      0.30332      0.66734
     -4.46000      0.82762      0.26987      0.55775
     -4.45000      1.04550      0.34237      0.70314
     -4.44000      1.31949      0.42880      0.89069
     -4.43000      1.13140      0.36296      0.76844
     -4.42000      0.82044      0.25478      0.56565
     -4.41000      0.64395      0.19381      0.45014
     -4.40000      0.36536      0.10695      0.25841
     -4.39000      0.29291      0.08353      0.20938
     -4.38000      0.47071      0.13898      0.33173
     -4.37000      0.63006      0.19426      0.43580
     -4.36000      0.69499      0.21412      0.48086
     -4.35000      0.82347      0.24311      0.58036
     -4.34000      0.90777      0.26842      0.63935
     -4.33000      0.72961      0.22894      0.50067
     -4.32000      0.56614      0.18945      0.37669
     -4.31000      0.63209      0.20641      0.42569
     -4.30000      0.70086      0.21662      0.48425
     -4.29000      0.49885      0.14884      0.35001
     -4.28000      0.44978      0.13764      0.31214
     -4.27000      0.67128      0.20798      0.46330
     -4.26000      0.69876      0.21193      0.48683
     -4.25000      0.80930      0.24107      0.56823
     -4.24000      0.84045      0.25444      0.58601
     -4.23000      0.49819      0.15595      0.34225
     -4.22000      0.40241      0.13186      0.27056
     -4.21000      0.65909      0.21301      0.44608
     -4.20000      0.94568      0.30335      0.64234
     -4.19000      1.12570      0.36604      0.75966
     -4.18000      0.85310      0.28016      0.57294
     -4.17000      0.40205      0.12988      0.27217
     -4.16000      0.40187      0.12145      0.28042
     -4.15000      0.67800      0.20229      0.47570
     -4.14000      1.00158      0.31418      0.68739
     -4.13000      1.48552      0.51398      0.97153
     -4.12000      2.31361      0.83014      1.48347
     -4.11000      3.02674      1.07780      1.94894
     -4.10000      2.96688      1.04843      1.91845
     -4.09000      2.86426      0.99667      1.86759
     -4.08000      3.22889      1.10762      2.12128
     -4.07000      3.35210      1.14762      2.20448
     -4.06000      3.17538      1.08418      2.09120
     -4.05000      3.04297      1.02461      2.01837
     -4.04000      3.80059      1.24133      2.55926
     -4.03000      4.49170      1.43822      3.05348
     -4.02000      4.00789      1.27917      2.72872
     -4.01000      3.58521      1.14566      2.43955
     -4.00000      3.28831      1.03969      2.24862
     -3.99000      3.67342      1.13562      2.53780
     -3.98000      4.71898      1.43820      3.28078
     -3.97000      5.04182      1.51948      3.52234
     -3.96000      5.14457      1.51804      3.62653
     -3.95000      5.93131      1.71930      4.21201
     -3.94000      6.91507      1.99308      4.92199
     -3.93000      7.22964      2.07318      5.15646
     -3.92000      6.99480      1.98995      5.00486
     -3.91000      6.72816      1.91293      4.81523
     -3.90000      6.23290      1.78568      4.44722
     -3.89000      5.80509      1.69055      4.11454
     -3.88000      6.28155      1.86366      4.41789
     -3.87000      6.84053      2.05669      4.78385
     -3.86000      6.73474      2.05678      4.67797
     -3.85000      6.10749      1.87526      4.23223
     -3.84000      4.97108      1.50292      3.46817
     -3.83000      3.98119      1.17578      2.80541
     -3.82000      3.54922      1.05112      2.49810
     -3.81000      3.69411      1.09994      2.59418
     -3.80000      4.19409      1.24361      2.95048
     -3.79000      4.12246      1.22793      2.89453
     -3.78000      3.78047      1.15872      2.62175
     -3.77000      3.39048      1.04857      2.34191
     -3.76000      2.79120      0.81612      1.97508
     -3.75000      2.97720      0.82609      2.15111
     -3.74000      3.18431      0.91245      2.27186
     -3.73000      2.39394      0.69971      1.69423
     -3.72000      2.08128      0.59305      1.48823
     -3.71000      2.64961      0.78058      1.86903
     -3.70000      2.57503      0.77311      1.80193
     -3.69000      2.53209      0.75053      1.78157
     -3.68000      3.10154      0.90373      2.19781
     -3.67000      2.74311      0.81175      1.93136
     -3.66000      1.51513      0.51751      0.99762
     -3.65000      0.92908      0.40608      0.52299
     -3.64000      0.90368      0.41659      0.48710
     -3.63000      0.96236      0.40494      0.55741
     -3.62000      1.15915      0.42698      0.73217
     -3.61000      1.31699      0.45496      0.86203
     -3.60000      0.97093      0.33871      0.63222
     -3.59000      0.64225      0.22691      0.41534
     -3.58000      1.06056      0.37356      0.68700
     -3.57000      1.60370      0.56560      1.03810
     -3.56000      1.83197      0.62894      1.20303
     -3.55000      1.84053      0.59485      1.24568
     -3.54000      1.33915      0.43970      0.89945
     -3.53000      0.69476      0.27350      0.42126
     -3.52000      0.52092      0.23180      0.28912
     -3.51000      1.01529      0.40841      0.60688
     -3.50000      1.63782      0.59223      1.04559
     -3.49000      1.72568      0.60322      1.12246
     -3.48000      1.35787      0.51723      0.84064
     -3.47000      0.91060      0.36932      0.54128
     -3.46000      0.56410      0.22867      0.33544
     -3.45000      0.45734      0.18685      0.27049
     -3.44000      0.99532      0.36239      0.63293
     -3.43000      1.74709      0.59151      1.15558
     -3.42000      1.45756      0.48597      0.97159
     -3.41000      0.84006      0.31873      0.52133
     -3.40000      0.91282      0.34265      0.57017
     -3.39000      1.27857      0.41069      0.86788
     -3.38000      1.73709      0.52969      1.20741
     -3.37000      2.61292      0.83756      1.77536
     -3.36000      3.09025      0.99856      2.09168
     -3.35000      2.97110      0.94388      2.02722
     -3.34000      2.83043      0.93464      1.89579
     -3.33000      2.89373      0.98413      1.90960
     -3.32000      3.50973      1.18380      2.32593
     -3.31000      4.46620      1.53660      2.92960
     -3.30000      4.74742      1.65834      3.08908
     -3.29000      4.28455      1.46454      2.82001
     -3.28000      3.63754      1.19328      2.44426
     -3.27000      3.35569      1.06428      2.29141
     -3.26000      3.75886      1.19381      2.56505
     -3.25000      5.32025      1.75086      3.56939
     -3.24000      8.92822      3.09989      5.82833
     -3.23000     11.90516      4.36620      7.53896
     -3.22000     10.59363      4.02160      6.57203
     -3.21000      8.10544      3.07580      5.02963
     -3.20000      6.84257      2.55130      4.29127
     -3.19000      6.15270      2.23827      3.91443
     -3.18000      5.19074      1.81061      3.38012
     -3.17000      4.48539      1.54611      2.93928
     -3.16000      4.50270      1.56258      2.94013
     -3.15000      4.48381      1.59864      2.88517
     -3.14000      4.00879      1.52876      2.48003
     -3.13000      3.87849      1.45233      2.42616
     -3.12000      4.02202      1.38036      2.64166
     -3.11000      3.85585      1.26022      2.59563
     -3.10000      3.43387      1.13632      2.29755
     -3.09000      3.12612      1.03308      2.09304
     -3.08000      3.24161      1.04928      2.19234
     -3.07000      3.62576      1.15369      2.47207
     -3.06000      3.38354      1.11234      2.27120
     -3.05000      2.48895      0.92036      1.56859
     -3.04000      2.49255      0.91819      1.57436
     -3.03000      3.30633      1.15083      2.15549
     -3.02000      3.17529      1.13938      2.03590
     -3.01000      2.28971      0.84423      1.44548
     -3.00000      1.80850      0.63264      1.17586
     -2.99000      2.25288      0.77605      1.47682
     -2.98000      3.00357      1.09595      1.90762
     -2.97000      2.77844      1.06020      1.71824
     -2.96000      2.04430      0.72408      1.32022
     -2.95000      2.19820      0.65101      1.54719
     -2.94000      2.38985      0.72039      1.66946
     -2.93000      2.42090      0.82271      1.59820
     -2.92000      2.42351      0.86506      1.55845
     -2.91000      1.93315      0.67976      1.25339
     -2.90000      1.57166      0.57846      0.99320
     -2.89000      1.58729      0.63639      0.95090
     -2.88000      1.74476      0.68867      1.05609
     -2.87000      1.79343      0.70045      1.09299
     -2.86000      1.43708      0.61895      0.81813
     -2.85000      1.08239      0.52477      0.55762
     -2.84000      1.15118      0.54897      0.60222
     -2.83000      1.38155      0.59545      0.78610
     -2.82000      1.43366      0.55916      0.87450
     -2.81000      1.64726      0.65092      0.99634
     -2.80000      1.74357      0.72453      1.01903
     -2.79000      1.82190      0.68347      1.13843
     -2.78000      2.17716      0.65402      1.52314
     -2.77000      2.55023      0.76829      1.78193
     -2.76000      2.42429      0.85044      1.57385
     -2.75000      1.91007      0.75436      1.15571
     -2.74000      1.54362      0.64644      0.89718
     -2.73000      1.06697      0.43563      0.63134
     -2.72000      1.16021      0.43519      0.72502
     -2.71000      1.61272      0.63169      0.98103
     -2.70000      1.55876      0.65923      0.89953
     -2.69000      1.37988      0.59451      0.78537
     -2.68000      1.31663      0.55626      0.76036
     -2.67000      1.36737      0.60913      0.75825
     -2.66000      1.27686      0.62116      0.65570
     -2.65000      0.99837      0.48790      0.51046
     -2.64000      0.99095      0.44777      0.54318
     -2.63000      1.31234      0.56875      0.74359
     -2.62000      1.85017      0.78890      1.06127
     -2.61000      2.34546      0.92076      1.42470
     -2.60000      2.73674      1.01468      1.72207
     -2.59000      2.53788      0.99136      1.54652
     -2.58000      1.84424      0.75673      1.08751
     -2.57000      1.61778      0.65733      0.96046
     -2.56000      1.56385      0.61706      0.94679
     -2.55000      1.41137      0.61769      0.79368
     -2.54000      1.34226      0.66296      0.67930
     -2.53000      1.15388      0.58691      0.56697
     -2.52000      0.95344      0.48471      0.46873
     -2.51000      1.03704      0.50669      0.53035
     -2.50000      1.23204      0.54688      0.68516
     -2.49000      1.39402      0.54872      0.84530
     -2.48000      1.46836      0.58820      0.88017
     -2.47000      1.44577      0.66366      0.78212
     -2.46000      1.54782      0.74537      0.80245
     -2.45000      1.88940      0.79743      1.09196
     -2.44000      2.92972      1.01523      1.91449
     -2.43000      3.42504      1.07923      2.34581
     -2.42000      2.39514      0.78726      1.60789
     -2.41000      1.62936      0.60225      1.02711
     -2.40000      1.46454      0.55887      0.90567
     -2.39000      1.37587      0.51584      0.86002
     -2.38000      1.28559      0.47802      0.80756
     -2.37000      1.37532      0.58124      0.79409
     -2.36000      1.86922      0.86351      1.00572
     -2.35000      2.08902      0.96876      1.12026
     -2.34000      1.67931      0.75408      0.92523
     -2.33000      1.22145      0.52342      0.69803
     -2.32000      1.05733      0.46407      0.59326
     -2.31000      1.30916      0.59295      0.71621
     -2.30000      1.44844      0.63796      0.81048
     -2.29000      1.38908      0.60816      0.78092
     -2.28000      1.76726      0.72886      1.03840
     -2.27000      2.41997      0.89588      1.52408
     -2.26000      2.56971      0.89451      1.67520
     -2.25000      2.03376      0.74990      1.28387
     -2.24000      1.34852      0.56606      0.78246
     -2.23000      1.17532      0.52238      0.65294
     -2.22000      1.58511      0.64233      0.94278
     -2.21000      1.95300      0.75293      1.20007
     -2.20000      1.93136      0.76544      1.16592
     -2.19000      2.14022      0.83918      1.30104
     -2.18000      2.06773      0.79893      1.26880
     -2.17000      1.30429      0.50271      0.80158
     -2.16000      0.81892      0.29345      0.52547
     -2.15000      1.19093      0.44699      0.74394
     -2.14000      2.12542      0.86858      1.25684
     -2.13000      3.16529      1.24640      1.91889
     -2.12000      3.90896      1.38728      2.52168
     -2.11000      4.15895      1.38995      2.76900
     -2.10000      4.15659      1.38529      2.77130
     -2.09000      3.70023      1.18765      2.51258
     -2.08000      2.56483      0.76466      1.80017
     -2.07000      2.02357      0.63036      1.39321
     -2.06000      2.36076      0.84190      1.51886
     -2.05000      2.53654      0.94597      1.59057
     -2.04000      2.16557      0.78326      1.38231
     -2.03000      2.14382      0.78606      1.35776
     -2.02000      2.70088      1.02459      1.67629
     -2.01000      2.89535      1.01635      1.87901
     -2.00000      3.36916      1.07301      2.29616
     -1.99000      4.36263      1.41608      2.94654
     -1.98000      4.33719      1.44448      2.89271
     -1.97000      3.08203      1.01989      2.06215
     -1.96000      2.44433      0.78865      1.65568
     -1.95000      2.87758      0.94762      1.92996
     -1.94000      3.51381      1.20828      2.30553
     -1.93000      3.86440      1.30399      2.56041
     -1.92000      3.71002      1.09102      2.61900
     -1.91000      4.36253      1.07956      3.28297
     -1.90000      6.23508      1.45613      4.77894
     -1.89000      7.94584      1.83759      6.10825
     -1.88000      7.85641      1.82500      6.03141
     -1.87000      6.32282      1.53462      4.78820
     -1.86000      4.74352      1.25177      3.49175
     -1.85000      3.86730      1.02320      2.84410
     -1.84000      3.52213      0.85299      2.66914
     -1.83000      3.96508      0.94071      3.02437
     -1.82000      4.64860      1.12371      3.52489
     -1.81000      4.24652      1.05329      3.19323
     -1.80000      3.44187      0.90191      2.53997
     -1.79000      3.56573      0.97528      2.59046
     -1.78000      3.73168      1.01288      2.71880
     -1.77000      3.23656      0.82449      2.41207
     -1.76000      3.32549      0.75080      2.57469
     -1.75000      4.30276      0.86698      3.43578
     -1.74000      4.57591      0.94821      3.62770
     -1.73000      3.32042      0.83053      2.48989
     -1.72000      2.06757      0.62978      1.43778
     -1.71000      2.15530      0.60690      1.54840
     -1.70000      3.01160      0.75260      2.25900
     -1.69000      2.89320      0.74766      2.14554
     -1.68000      2.36131      0.66779      1.69352
     -1.67000      2.32373      0.64350      1.68022
     -1.66000      2.57166      0.58671      1.98495
     -1.65000      3.21840      0.62274      2.59566
     -1.64000      3.41124      0.72009      2.69115
     -1.63000      2.81730      0.72139      2.09591
     -1.62000      2.17326      0.57699      1.59627
     -1.61000      2.47086      0.55683      1.91403
     -1.60000      3.17273      0.69751      2.47521
     -1.59000      2.66191      0.61499      2.04692
     -1.58000      1.90328      0.46983      1.43346
     -1.57000      1.88731      0.52988      1.35744
     -1.56000      2.04242      0.56569      1.47673
     -1.55000      2.37578      0.51230      1.86347
     -1.54000      2.84481      0.49874      2.34607
     -1.53000      2.93458      0.49499      2.43959
     -1.52000      2.66959      0.46655      2.20304
     -1.51000      1.91020      0.36471      1.54548
     -1.50000      1.35701      0.27301      1.08399
     -1.49000      1.63442      0.30664      1.32778
     -1.48000      2.20335      0.39509      1.80826
     -1.47000      2.56081      0.46911      2.09170
     -1.46000      2.59996      0.47096      2.12900
     -1.45000      2.18082      0.39060      1.79022
     -1.44000      1.69444      0.32865      1.36579
     -1.43000      1.94465      0.37030      1.57435
     -1.42000      2.21534      0.36515      1.85019
     -1.41000      1.93926      0.27566      1.66360
     -1.40000      1.98243      0.27776      1.70467
     -1.39000      2.33841      0.36882      1.96959
     -1.38000      2.32024      0.38236      1.93788
     -1.37000      1.63302      0.24860      1.38442
     -1.36000      1.58992      0.23621      1.35371
     -1.35000      1.89601      0.32217      1.57383
     -1.34000      1.67664      0.29845      1.37820
     -1.33000      1.55996      0.25707      1.30288
     -1.32000      1.88850      0.29691      1.59159
     -1.31000      2.35765      0.36129      1.99636
     -1.30000      2.45218      0.36201      2.09017
     -1.29000      1.89290      0.25425      1.63865
     -1.28000      1.55821      0.17980      1.37841
     -1.27000      1.42317      0.16668      1.25649
     -1.26000      1.54084      0.18734      1.35349
     -1.25000      2.50010      0.31727      2.18283
     -1.24000      3.33884      0.45348      2.88536
     -1.23000      2.71851      0.39165      2.32687
     -1.22000      1.56133      0.23759      1.32374
     -1.21000      1.19396      0.18314      1.01082
     -1.20000      1.78619      0.23290      1.55329
     -1.19000      2.65278      0.30231      2.35047
     -1.18000      2.66218      0.27979      2.38239
     -1.17000      1.89598      0.19389      1.70210
     -1.16000      1.43500      0.15442      1.28059
     -1.15000      1.65619      0.17762      1.47857
     -1.14000      2.28986      0.24298      2.04688
     -1.13000      2.91198      0.29981      2.61216
     -1.12000      2.96818      0.29396      2.67421
     -1.11000      2.61710      0.26137      2.35572
     -1.10000      2.38836      0.23210      2.15626
     -1.09000      2.55635      0.23134      2.32501
     -1.08000      2.88070      0.24407      2.63663
     -1.07000      2.89141      0.23788      2.65353
     -1.06000      2.97165      0.24833      2.72332
     -1.05000      3.07840      0.27043      2.80797
     -1.04000      2.87632      0.25844      2.61788
     -1.03000      2.73082      0.22320      2.50762
     -1.02000      2.46780      0.17555      2.29225
     -1.01000      2.09462      0.14311      1.95152
     -1.00000      1.81009      0.14931      1.66078
     -0.99000      1.83665      0.29117      1.54548
     -0.98000      2.40957      0.62434      1.78523
     -0.97000      2.91238      0.89493      2.01746
     -0.96000      3.03081      1.01182      2.01899
     -0.95000      3.00026      1.15714      1.84312
     -0.94000      2.62996      1.23210      1.39786
     -0.93000      1.92299      1.10100      0.82199
     -0.92000      1.44354      0.95631      0.48723
     -0.91000      1.89610      1.30882      0.58728
     -0.90000      2.52807      1.74530      0.78277
     -0.89000      2.74564      1.88685      0.85879
     -0.88000      2.97733      2.04999      0.92734
     -0.87000      3.55960      2.47184      1.08776
     -0.86000      4.77750      3.33935      1.43815
     -0.85000      5.55830      3.88291      1.67539
     -0.84000      5.05228      3.51741      1.53487
     -0.83000      3.85238      2.68003      1.17234
     -0.82000      2.82715      1.96106      0.86609
     -0.81000      2.64589      1.81034      0.83554
     -0.80000      2.93734      1.99411      0.94324
     -0.79000      3.43331      2.33306      1.10025
     -0.78000      3.53221      2.38295      1.14926
     -0.77000      3.31554      2.20431      1.11122
     -0.76000      3.14324      2.09845      1.04479
     -0.75000      2.72933      1.85546      0.87387
     -0.74000      2.04190      1.39020      0.65170
     -0.73000      1.76408      1.17722      0.58685
     -0.72000      2.30508      1.53889      0.76619
     -0.71000      2.94381      1.97758      0.96623
     -0.70000      2.91058      1.94295      0.96762
     -0.69000      2.52927      1.66646      0.86282
     -0.68000      2.48516      1.61073      0.87443
     -0.67000      3.05082      1.96425      1.08657
     -0.66000      2.84593      1.84123      1.00470
     -0.65000      2.20350      1.44298      0.76052
     -0.64000      2.52837      1.65129      0.87708
     -0.63000      3.07388      2.00418      1.06969
     -0.62000      3.11756      2.04163      1.07593
     -0.61000      2.57703      1.69643      0.88059
     -0.60000      2.20269      1.44739      0.75530
     -0.59000      2.30066      1.49598      0.80468
     -0.58000      2.52998      1.61201      0.91798
     -0.57000      3.03973      1.93429      1.10544
     -0.56000      2.86953      1.86222      1.00731
     -0.55000      1.97752      1.30794      0.66957
     -0.54000      1.75466      1.14629      0.60837
     -0.53000      1.86036      1.18950      0.67086
     -0.52000      1.83609      1.19380      0.64229
     -0.51000      2.43033      1.64167      0.78867
     -0.50000      3.36649      2.28564      1.08086
     -0.49000      3.53530      2.36846      1.16683
     -0.48000      2.73017      1.80762      0.92255
     -0.47000      1.64106      1.07381      0.56725
     -0.46000      1.28696      0.84348      0.44349
     -0.45000      1.82051      1.23271      0.58780
     -0.44000      2.43467      1.66719      0.76748
     -0.43000      1.99208      1.35049      0.64159
     -0.42000      1.30998      0.87403      0.43595
     -0.41000      1.42106      0.95599      0.46507
     -0.40000      2.17756      1.50409      0.67347
     -0.39000      2.95161      2.09290      0.85871
     -0.38000      2.85429      2.03814      0.81615
     -0.37000      1.96660      1.37933      0.58727
     -0.36000      1.32536      0.91277      0.41259
     -0.35000      1.14837      0.79826      0.35010
     -0.34000      1.27200      0.89756      0.37443
     -0.33000      1.47543      1.05492      0.42051
     -0.32000      1.54191      1.10338      0.43853
     -0.31000      1.45244      1.02745      0.42499
     -0.30000      1.36071      0.96431      0.39641
     -0.29000      1.28978      0.92221      0.36757
     -0.28000      1.26801      0.91600      0.35200
     -0.27000      1.67016      1.20968      0.46047
     -0.26000      2.07588      1.48761      0.58828
     -0.25000      1.69555      1.20172      0.49383
     -0.24000      0.93875      0.67126      0.26749
     -0.23000      0.79023      0.56964      0.22059
     -0.22000      1.07795      0.76911      0.30884
     -0.21000      1.30102      0.93054      0.37048
     -0.20000      1.21432      0.86597      0.34835
     -0.19000      0.96998      0.68446      0.28552
     -0.18000      1.13154      0.79757      0.33397
     -0.17000      1.55901      1.11067      0.44833
     -0.16000      1.69502      1.22491      0.47012
     -0.15000      1.14885      0.82757      0.32127
     -0.14000      0.74028      0.51484      0.22544
     -0.13000      0.94755      0.66089      0.28667
     -0.12000      1.14698      0.81072      0.33626
     -0.11000      1.24188      0.86820      0.37368
     -0.10000      1.30065      0.91196      0.38869
     -0.09000      1.14446      0.81079      0.33367
     -0.08000      0.95710      0.66873      0.28837
     -0.07000      0.86053      0.58246      0.27807
     -0.06000      0.84551      0.55031      0.29521
     -0.05000      0.74607      0.47426      0.27180
     -0.04000      0.62217      0.39234      0.22983
     -0.03000      0.64684      0.40661      0.24022
     -0.02000      0.65013      0.40790      0.24222
     -0.01000      0.51794      0.32440      0.19355
      0.00000      0.30031      0.18784      0.11248
      0.01000      0.09628      0.06018      0.03610
      0.02000      0.01348      0.00842      0.00506
      0.03000      0.00075      0.00047      0.00028
      0.04000      0.00002      0.00001      0.00001
      0.05000      0.00000      0.00000      0.00000
      0.06000      0.00000      0.00000      0.00000
      0.07000      0.00000      0.00000      0.00000
      0.08000      0.00000      0.00000      0.00000
      0.09000      0.00000      0.00000      0.00000
      0.10000      0.00000      0.00000      0.00000
      0.11000      0.00000      0.00000      0.00000
      0.12000      0.00000      0.00000      0.00000
      0.13000      0.00000      0.00000      0.00000
      0.14000      0.00000      0.00000      0.00000
      0.15000      0.00000      0.00000      0.00000
      0.16000      0.00000      0.00000      0.00000
      0.17000      0.00000      0.00000      0.00000
      0.18000      0.00000      0.00000      0.00000
      0.19000      0.00000      0.00000      0.00000
      0.20000      0.00000      0.00000      0.00000
      0.21000      0.00000      0.00000      0.00000
      0.22000      0.00000      0.00000      0.00000
      0.23000      0.00000      0.00000      0.00000
      0.24000      0.00000      0.00000      0.00000
      0.25000      0.00000      0.00000      0.00000
      0.26000      0.00000      0.00000      0.00000
      0.27000      0.00000      0.00000      0.00000
      0.28000      0.00000      0.00000      0.00000
      0.29000      0.00000      0.00000      0.00000
      0.30000      0.00000      0.00000      0.00000
      0.31000      0.00000      0.00000      0.00000
      0.32000      0.00000      0.00000      0.00000
      0.33000      0.00000      0.00000      0.00000
      0.34000      0.00000      0.00000      0.00000
      0.35000      0.00000      0.00000      0.00000
      0.36000      0.00000      0.00000      0.00000
      0.37000      0.00000      0.00000      0.00000
      0.38000      0.00000      0.00000      0.00000
      0.39000      0.00000      0.00000      0.00000
      0.40000      0.00000      0.00000      0.00000
      0.41000      0.00000      0.00000      0.00000
      0.42000      0.00000      0.00000      0.00000
      0.43000      0.00000      0.00000      0.00000
      0.44000      0.00000      0.00000      0.00000
      0.45000      0.00000      0.00000      0.00000
      0.46000      0.00000      0.00000      0.00000
      0.47000      0.00000      0.00000      0.00000
      0.48000      0.00000      0.00000      0.00000
      0.49000      0.00000      0.00000      0.00000
      0.50000      0.00000      0.00000      0.00000
      0.51000      0.00000      0.00000      0.00000
      0.52000      0.00000      0.00000      0.00000
      0.53000      0.00000      0.00000      0.00000
      0.54000      0.00000      0.00000      0.00000
      0.55000      0.00000      0.00000      0.00000
      0.56000      0.00000      0.00000      0.00000
      0.57000      0.00000      0.00000      0.00000
      0.58000      0.00000      0.00000      0.00000
      0.59000      0.00000      0.00000      0.00000
      0.60000      0.00000      0.00000      0.00000
      0.61000      0.00000      0.00000      0.00000
      0.62000      0.00000      0.00000      0.00000
      0.63000      0.00000      0.00000      0.00000
      0.64000      0.00000      0.00000      0.00000
      0.65000      0.00000      0.00000      0.00000
      0.66000      0.00000      0.00000      0.00000
      0.67000      0.00000      0.00000      0.00000
      0.68000      0.00000      0.00000      0.00000
      0.69000      0.00000      0.00000      0.00000
      0.70000      0.00000      0.00000      0.00000
      0.71000      0.00000      0.00000      0.00000
      0.72000      0.00000      0.00000      0.00000
      0.73000      0.00000      0.00000      0.00000
      0.74000      0.00000      0.00000      0.00000
      0.75000      0.00000      0.00000      0.00000
      0.76000      0.00000      0.00000      0.00000
      0.77000      0.00000      0.00000      0.00000
      0.78000      0.00000      0.00000      0.00000
      0.79000      0.00000      0.00000      0.00000
      0.80000      0.00000      0.00000      0.00000
      0.81000      0.00000      0.00000      0.00000
      0.82000      0.00000      0.00000      0.00000
      0.83000      0.00000      0.00000      0.00000
      0.84000      0.00000      0.00000      0.00000
      0.85000      0.00000      0.00000      0.00000
      0.86000      0.00000      0.00000      0.00000
      0.87000      0.00000      0.00000      0.00000
      0.88000      0.00000      0.00000      0.00000
      0.89000      0.00000      0.00000      0.00000
      0.90000      0.00000      0.00000      0.00000
      0.91000      0.00000      0.00000      0.00000
      0.92000      0.00000      0.00000      0.00000
      0.93000      0.00000      0.00000      0.00000
      0.94000      0.00000      0.00000      0.00000
      0.95000      0.00000      0.00000      0.00000
      0.96000      0.00000      0.00000      0.00000
      0.97000      0.00000      0.00000      0.00000
      0.98000      0.00000      0.00000      0.00000
      0.99000      0.00000      0.00000      0.00000
      1.00000      0.00000      0.00000      0.00000
      1.01000      0.00000      0.00000      0.00000
      1.02000      0.00000      0.00000      0.00000
      1.03000      0.00000      0.00000      0.00000
      1.04000      0.00000      0.00000      0.00000
      1.05000      0.00000      0.00000      0.00000
      1.06000      0.00000      0.00000      0.00000
      1.07000      0.00000      0.00000      0.00000
      1.08000      0.00000      0.00000      0.00000
      1.09000      0.00000      0.00000      0.00000
      1.10000      0.00000      0.00000      0.00000
      1.11000      0.00000      0.00000      0.00000
      1.12000      0.00000      0.00000      0.00000
      1.13000      0.00000      0.00000      0.00000
      1.14000      0.00000      0.00000      0.00000
      1.15000      0.00000      0.00000      0.00000
      1.16000      0.00000      0.00000      0.00000
      1.17000      0.00000      0.00000      0.00000
      1.18000      0.00000      0.00000      0.00000
      1.19000      0.00000      0.00000      0.00000
      1.20000      0.00000      0.00000      0.00000
      1.21000      0.00000      0.00000      0.00000
      1.22000      0.00000      0.00000      0.00000
      1.23000      0.00000      0.00000      0.00000
      1.24000      0.00000      0.00000      0.00000
      1.25000      0.00000      0.00000      0.00000
      1.26000      0.00000      0.00000      0.00000
      1.27000      0.00000      0.00000      0.00000
      1.28000      0.00000      0.00000      0.00000
      1.29000      0.00000      0.00000      0.00000
      1.30000      0.00000      0.00000      0.00000
      1.31000      0.00000      0.00000      0.00000
      1.32000      0.00000      0.00000      0.00000
      1.33000      0.00000      0.00000      0.00000
      1.34000      0.00000      0.00000      0.00000
      1.35000      0.00000      0.00000      0.00000
      1.36000      0.00000      0.00000      0.00000
      1.37000      0.00000      0.00000      0.00000
      1.38000      0.00000      0.00000      0.00000
      1.39000      0.00000      0.00000      0.00000
      1.40000      0.00000      0.00000      0.00000
      1.41000      0.00000      0.00000      0.00000
      1.42000      0.00000      0.00000      0.00000
      1.43000      0.00000      0.00000      0.00000
      1.44000      0.00000      0.00000      0.00000
      1.45000      0.00000      0.00000      0.00000
      1.46000      0.00000      0.00000      0.00000
      1.47000      0.00000      0.00000      0.00000
      1.48000      0.00000      0.00000      0.00000
      1.49000      0.00000      0.00000      0.00000
      1.50000      0.00000      0.00000      0.00000
      1.51000      0.00000      0.00000      0.00000
      1.52000      0.00000      0.00000      0.00000
      1.53000      0.00000      0.00000      0.00000
      1.54000      0.00000      0.00000      0.00000
      1.55000      0.00000      0.00000      0.00000
      1.56000      0.00000      0.00000      0.00000
      1.57000      0.00000      0.00000      0.00000
      1.58000      0.00000      0.00000      0.00000
      1.59000      0.00000      0.00000      0.00000
      1.60000      0.00000      0.00000      0.00000
      1.61000      0.00025      0.00021      0.00004
      1.62000      0.00547      0.00459      0.00088
      1.63000      0.04453      0.03738      0.00715
      1.64000      0.14105      0.11839      0.02266
      1.65000      0.22785      0.19122      0.03663
      1.66000      0.33239      0.27891      0.05349
      1.67000      0.41812      0.35086      0.06726
      1.68000      0.42480      0.35653      0.06827
      1.69000      0.38625      0.32408      0.06217
      1.70000      0.39826      0.33393      0.06433
      1.71000      0.39893      0.33456      0.06438
      1.72000      0.26697      0.22398      0.04298
      1.73000      0.21149      0.17698      0.03451
      1.74000      0.38432      0.32102      0.06330
      1.75000      0.60340      0.50455      0.09885
      1.76000      0.68728      0.57570      0.11158
      1.77000      0.54515      0.45711      0.08805
      1.78000      0.44364      0.37157      0.07207
      1.79000      0.39677      0.33140      0.06537
      1.80000      0.31054      0.25873      0.05180
      1.81000      0.43499      0.36314      0.07185
      1.82000      0.63429      0.53017      0.10411
      1.83000      0.40620      0.33959      0.06662
      1.84000      0.15035      0.12512      0.02523
      1.85000      0.32297      0.26718      0.05578
      1.86000      0.78784      0.65311      0.13473
      1.87000      0.98612      0.81907      0.16705
      1.88000      0.87145      0.72466      0.14678
      1.89000      0.63494      0.52770      0.10723
      1.90000      0.38390      0.31886      0.06504
      1.91000      0.51029      0.42309      0.08720
      1.92000      0.70341      0.57176      0.13165
      1.93000      0.79038      0.57680      0.21357
      1.94000      1.40094      0.88274      0.51821
      1.95000      2.36703      1.43474      0.93229
      1.96000      2.67653      1.60662      1.06990
      1.97000      2.45468      1.50152      0.95316
      1.98000      2.66778      1.68023      0.98755
      1.99000      3.71964      2.28189      1.43775
      2.00000      3.84851      2.33397      1.51454
      2.01000      3.19956      1.98966      1.20990
      2.02000      2.90752      1.82633      1.08119
      2.03000      2.99787      1.83414      1.16374
      2.04000      3.25696      1.97555      1.28141
      2.05000      3.38324      2.08186      1.30138
      2.06000      3.77568      2.34094      1.43474
      2.07000      4.35847      2.69156      1.66690
      2.08000      4.41046      2.71218      1.69828
      2.09000      4.32811      2.71899      1.60911
      2.10000      4.43964      2.86453      1.57511
      2.11000      5.04578      3.22180      1.82398
      2.12000      5.79549      3.66365      2.13185
      2.13000      6.01576      3.91641      2.09935
      2.14000      6.71103      4.56012      2.15090
      2.15000      9.59779      6.61719      2.98060
      2.16000     14.07276      9.81494      4.25782
      2.17000     16.24620     11.66022      4.58598
      2.18000     15.43220     11.59496      3.83724
      2.19000     12.46118      9.58455      2.87663
      2.20000      7.19309      5.37503      1.81807
      2.21000      2.79912      1.83469      0.96443
      2.22000      1.18718      0.61783      0.56935
      2.23000      0.90455      0.44453      0.46002
      2.24000      0.90825      0.44311      0.46515
      2.25000      0.98918      0.46352      0.52566
      2.26000      1.36235      0.63575      0.72661
      2.27000      1.75171      0.85948      0.89222
      2.28000      1.39990      0.73653      0.66337
      2.29000      1.11588      0.63199      0.48390
      2.30000      1.51116      0.84653      0.66463
      2.31000      1.75464      0.97050      0.78415
      2.32000      1.72375      0.94847      0.77528
      2.33000      2.05965      1.13560      0.92405
      2.34000      2.11838      1.20496      0.91341
      2.35000      2.02270      1.18189      0.84082
      2.36000      2.56551      1.52108      1.04443
      2.37000      3.04727      1.80004      1.24723
      2.38000      3.30751      1.93385      1.37366
      2.39000      3.79916      2.19998      1.59918
      2.40000      3.90663      2.27472      1.63192
      2.41000      4.01620      2.43831      1.57788
      2.42000      4.93295      3.07228      1.86068
      2.43000      6.34773      3.99143      2.35631
      2.44000      7.00486      4.41417      2.59070
      2.45000      6.51339      4.12192      2.39148
      2.46000      5.96124      3.84206      2.11918
      2.47000      5.86073      3.77906      2.08167
      2.48000      6.07148      3.96655      2.10493
      2.49000      6.53001      4.38783      2.14218
      2.50000      6.97858      4.63117      2.34741
      2.51000      6.51110      4.23334      2.27776
      2.52000      5.54173      3.58562      1.95611
      2.53000      5.10270      3.18004      1.92267
      2.54000      5.19244      3.12705      2.06538
      2.55000      6.01259      3.84696      2.16564
      2.56000      6.69810      4.44890      2.24920
      2.57000      6.04628      3.80973      2.23655
      2.58000      5.40247      3.17767      2.22480
      2.59000      4.99225      3.00304      1.98920
      2.60000      5.18968      3.28592      1.90376
      2.61000      5.65152      3.52600      2.12553
      2.62000      4.30928      2.60831      1.70098
      2.63000      2.78704      1.66398      1.12307
      2.64000      3.29088      2.00628      1.28460
      2.65000      5.13393      3.35945      1.77448
      2.66000      5.83312      4.00917      1.82394
      2.67000      5.72123      3.90018      1.82105
      2.68000      5.68319      3.72858      1.95461
      2.69000      4.57731      2.93856      1.63875
      2.70000      3.38216      2.19268      1.18948
      2.71000      3.72296      2.37218      1.35078
      2.72000      4.48800      2.75659      1.73141
      2.73000      3.97445      2.40815      1.56630
      2.74000      3.18252      1.91790      1.26462
      2.75000      2.75653      1.68460      1.07192
      2.76000      2.79251      1.72743      1.06508
      2.77000      3.07740      1.81718      1.26022
      2.78000      3.16676      1.82859      1.33817
      2.79000      3.09890      1.82794      1.27095
      2.80000      2.70014      1.57559      1.12455
      2.81000      2.28604      1.29720      0.98884
      2.82000      2.55214      1.47952      1.07262
      2.83000      2.86142      1.68426      1.17716
      2.84000      2.68155      1.55561      1.12594
      2.85000      2.86869      1.69086      1.17783
      2.86000      3.54753      2.09758      1.44994
      2.87000      4.20484      2.44403      1.76081
      2.88000      3.95372      2.29125      1.66247
      2.89000      2.67901      1.51176      1.16725
      2.90000      1.78797      0.97260      0.81538
      2.91000      1.75808      0.92171      0.83637
      2.92000      2.25086      1.16082      1.09004
      2.93000      2.55314      1.33305      1.22009
      2.94000      2.76293      1.48946      1.27347
      2.95000      2.77820      1.54110      1.23710
      2.96000      2.81295      1.58480      1.22815
      2.97000      2.69019      1.51713      1.17305
      2.98000      2.37856      1.28830      1.09025
      2.99000      2.28565      1.22585      1.05981
      3.00000      1.97372      1.09903      0.87469
      3.01000      1.78130      0.94812      0.83318
      3.02000      2.38875      1.23942      1.14933
      3.03000      3.50999      1.86351      1.64648
      3.04000      5.06373      2.80381      2.25992
      3.05000      6.10685      3.47907      2.62778
      3.06000      5.06566      2.87302      2.19264
      3.07000      3.55898      1.88217      1.67681
      3.08000      3.53569      1.72919      1.80650
      3.09000      3.33727      1.63052      1.70675
      3.10000      2.70179      1.40899      1.29280
      3.11000      3.01186      1.64535      1.36651
      3.12000      3.48055      1.90975      1.57080
      3.13000      3.02397      1.67717      1.34680
      3.14000      2.74091      1.55269      1.18822
      3.15000      2.82698      1.54937      1.27762
      3.16000      2.75228      1.38203      1.37025
      3.17000      2.67169      1.32228      1.34941
      3.18000      2.59038      1.35426      1.23612
      3.19000      2.26918      1.22072      1.04846
      3.20000      2.13965      1.16413      0.97552
      3.21000      2.52025      1.40126      1.11900
      3.22000      2.97301      1.70244      1.27057
      3.23000      3.33971      1.91673      1.42299
      3.24000      3.28841      1.82221      1.46620
      3.25000      2.38861      1.28244      1.10617
      3.26000      1.46749      0.75495      0.71254
      3.27000      1.43333      0.70597      0.72736
      3.28000      1.76923      0.90358      0.86566
      3.29000      1.70221      0.95643      0.74578
      3.30000      1.55982      0.91639      0.64343
      3.31000      1.79976      0.98056      0.81920
      3.32000      2.39492      1.21043      1.18449
      3.33000      2.65558      1.33758      1.31801
      3.34000      2.21865      1.14405      1.07460
      3.35000      1.89481      1.02437      0.87044
      3.36000      1.99708      1.13275      0.86433
      3.37000      1.75781      1.00189      0.75592
      3.38000      1.27438      0.70792      0.56646
      3.39000      1.41692      0.74426      0.67267
      3.40000      2.28218      1.18334      1.09885
      3.41000      3.18429      1.66364      1.52064
      3.42000      3.01023      1.57811      1.43212
      3.43000      1.95935      1.03096      0.92839
      3.44000      1.24763      0.67703      0.57060
      3.45000      0.93192      0.53240      0.39952
      3.46000      0.94446      0.54151      0.40295
      3.47000      1.13257      0.62162      0.51095
      3.48000      1.34414      0.69255      0.65160
      3.49000      2.09889      0.99682      1.10207
      3.50000      2.55524      1.19268      1.36255
      3.51000      1.91851      0.90414      1.01437
      3.52000      1.39992      0.66566      0.73425
      3.53000      1.03159      0.49521      0.53637
      3.54000      0.74490      0.36846      0.37644
      3.55000      0.93136      0.46692      0.46443
      3.56000      1.45349      0.72650      0.72699
      3.57000      2.02673      1.00600      1.02073
      3.58000      2.20355      1.07442      1.12913
      3.59000      1.60387      0.76286      0.84101
      3.60000      1.19255      0.55733      0.63522
      3.61000      1.17851      0.56031      0.61820
      3.62000      1.04640      0.51308      0.53332
      3.63000      0.77057      0.38482      0.38575
      3.64000      0.70264      0.35055      0.35210
      3.65000      1.32685      0.63978      0.68708
      3.66000      2.16223      1.00380      1.15843
      3.67000      2.34649      1.07459      1.27190
      3.68000      1.76279      0.81955      0.94324
      3.69000      1.23421      0.59318      0.64103
      3.70000      1.28344      0.62960      0.65383
      3.71000      1.48043      0.73381      0.74662
      3.72000      1.51981      0.75592      0.76389
      3.73000      1.47868      0.72136      0.75733
      3.74000      1.41303      0.66777      0.74526
      3.75000      1.29273      0.59706      0.69567
      3.76000      1.16837      0.54637      0.62200
      3.77000      1.17910      0.57185      0.60725
      3.78000      1.21261      0.59832      0.61429
      3.79000      1.21731      0.59612      0.62118
      3.80000      1.49412      0.71110      0.78302
      3.81000      2.07072      0.96934      1.10138
      3.82000      2.48737      1.16981      1.31756
      3.83000      2.47342      1.17195      1.30147
      3.84000      2.38423      1.13472      1.24951
      3.85000      2.04329      0.98100      1.06229
      3.86000      1.80541      0.87454      0.93087
      3.87000      1.76785      0.84892      0.91893
      3.88000      1.65399      0.78528      0.86870
      3.89000      1.61210      0.77203      0.84008
      3.90000      1.39877      0.67792      0.72085
      3.91000      1.15540      0.56096      0.59445
      3.92000      1.25711      0.60453      0.65258
      3.93000      1.54060      0.72997      0.81063
      3.94000      1.52533      0.71129      0.81403
      3.95000      1.09810      0.50611      0.59199
      3.96000      0.80701      0.37093      0.43608
      3.97000      0.71547      0.33033      0.38514
      3.98000      0.90613      0.41942      0.48671
      3.99000      1.37888      0.63787      0.74101
      4.00000      1.35299      0.62704      0.72595
      4.01000      0.77411      0.36003      0.41408
      4.02000      0.55278      0.25671      0.29607
      4.03000      0.79784      0.36753      0.43031
      4.04000      1.18704      0.54602      0.64102
      4.05000      1.30813      0.60480      0.70333
      4.06000      1.23399      0.57280      0.66119
      4.07000      1.42906      0.66276      0.76630
      4.08000      1.69864      0.78711      0.91153
      4.09000      1.48923      0.69095      0.79827
      4.10000      1.24573      0.57891      0.66682
      4.11000      1.74532      0.81286      0.93247
      4.12000      2.83896      1.32627      1.51270
      4.13000      3.16707      1.48984      1.67723
      4.14000      2.65292      1.25732      1.39560
      4.15000      2.37560      1.12356      1.25204
      4.16000      2.53085      1.18854      1.34231
      4.17000      3.04244      1.42285      1.61959
      4.18000      4.17589      1.95296      2.22294
      4.19000      5.28918      2.48334      2.80583
      4.20000      5.54305      2.60783      2.93522
      4.21000      4.67960      2.20118      2.47842
      4.22000      4.26020      2.01216      2.24804
      4.23000      4.30859      2.04943      2.25916
      4.24000      3.70479      1.77298      1.93181
      4.25000      3.60952      1.73804      1.87149
      4.26000      3.71695      1.80591      1.91104
      4.27000      3.38861      1.66862      1.71999
      4.28000      2.77932      1.38348      1.39583
      4.29000      1.82994      0.91914      0.91080
      4.30000      1.60211      0.80981      0.79231
      4.31000      1.78864      0.90577      0.88287
      4.32000      1.80949      0.92365      0.88584
      4.33000      2.16300      1.11186      1.05114
      4.34000      2.48840      1.27850      1.20990
      4.35000      2.10989      1.08374      1.02615
      4.36000      1.40405      0.72496      0.67910
      4.37000      1.22931      0.63639      0.59292
      4.38000      1.36027      0.70846      0.65181
      4.39000      1.59995      0.84688      0.75307
      4.40000      2.06690      1.10923      0.95767
      4.41000      2.58183      1.38456      1.19727
      4.42000      2.57236      1.37504      1.19732
      4.43000      1.74256      0.93071      0.81185
      4.44000      1.00013      0.53289      0.46724
      4.45000      0.87558      0.46892      0.40665
      4.46000      1.27265      0.69472      0.57793
      4.47000      1.89209      1.04012      0.85197
      4.48000      1.58104      0.86791      0.71313
      4.49000      0.91907      0.50320      0.41587
      4.50000      0.82618      0.45491      0.37128
      4.51000      1.14175      0.63496      0.50679
      4.52000      1.72056      0.96745      0.75310
      4.53000      2.18421      1.23857      0.94563
      4.54000      1.71566      0.97740      0.73827
      4.55000      0.97842      0.55704      0.42139
      4.56000      0.73833      0.41910      0.31923
      4.57000      0.63464      0.36239      0.27225
      4.58000      0.86470      0.49802      0.36668
      4.59000      1.18402      0.68494      0.49908
      4.60000      1.19357      0.69276      0.50081
      4.61000      0.81105      0.47201      0.33905
      4.62000      0.63467      0.37099      0.26369
      4.63000      0.76383      0.44848      0.31534
      4.64000      1.02585      0.60537      0.42047
      4.65000      1.35004      0.79964      0.55040
      4.66000      1.25812      0.74654      0.51158
      4.67000      0.70507      0.41891      0.28617
      4.68000      0.50666      0.30250      0.20416
      4.69000      0.67798      0.40585      0.27213
      4.70000      0.66190      0.39739      0.26452
      4.71000      0.70045      0.42225      0.27821
      4.72000      0.75658      0.45701      0.29957
      4.73000      0.80202      0.48566      0.31636
      4.74000      0.81635      0.49581      0.32054
      4.75000      0.80698      0.49170      0.31528
      4.76000      0.71516      0.43668      0.27848
      4.77000      0.59326      0.36318      0.23008
      4.78000      0.61956      0.38039      0.23917
      4.79000      0.66027      0.40628      0.25399
      4.80000      0.62395      0.38490      0.23905
      4.81000      0.66320      0.41025      0.25295
      4.82000      0.66513      0.41227      0.25286
      4.83000      0.56379      0.35015      0.21364
      4.84000      0.37450      0.23294      0.14156
      4.85000      0.15405      0.09591      0.05814
      4.86000      0.03165      0.01972      0.01194
      4.87000      0.00276      0.00172      0.00104
      4.88000      0.00009      0.00006      0.00004
      4.89000      0.00000      0.00000      0.00000
      4.90000      0.00000      0.00000      0.00000
      4.91000      0.00000      0.00000      0.00000
      4.92000      0.00000      0.00000      0.00000
      4.93000      0.00000      0.00000      0.00000
      4.94000      0.00000      0.00000      0.00000
      4.95000      0.00000      0.00000      0.00000
      4.96000      0.00000      0.00000      0.00000
      4.97000      0.00000      0.00000      0.00000
      4.98000      0.00000      0.00000      0.00000
      4.99000      0.00000      0.00000      0.00000
      5.00000      0.00000      0.00000      0.00000
      5.01000      0.00000      0.00000      0.00000
      5.02000      0.00000      0.00000      0.00000
      5.03000      0.00000      0.00000      0.00000
      5.04000      0.00000      0.00000      0.00000
      5.05000      0.00000      0.00000      0.00000
      5.06000      0.00000      0.00000      0.00000
      5.07000      0.00000      0.00000      0.00000
      5.08000      0.00000      0.00000      0.00000
      5.09000      0.00000      0.00000      0.00000
      5.10000      0.00000      0.00000      0.00000
      5.11000      0.00000      0.00000      0.00000
      5.12000      0.00000      0.00000      0.00000
      5.13000      0.00000      0.00000      0.00000
      5.14000      0.00000      0.00000      0.00000
      5.15000      0.00000      0.00000      0.00000
      5.16000      0.00000      0.00000      0.00000
      5.17000      0.00000      0.00000      0.00000
      5.18000      0.00000      0.00000      0.00000
      5.19000      0.00000      0.00000      0.00000
      5.20000      0.00000      0.00000      0.00000
      5.21000      0.00000      0.00000      0.00000
      5.22000      0.00000      0.00000      0.00000
      5.23000      0.00000      0.00000      0.00000
      5.24000      0.00000      0.00000      0.00000
      5.25000      0.00000      0.00000      0.00000
      5.26000      0.00000      0.00000      0.00000
      5.27000      0.00000      0.00000      0.00000
      5.28000      0.00000      0.00000      0.00000
      5.29000      0.00000      0.00000      0.00000
      5.30000      0.00000      0.00000      0.00000
      5.31000      0.00000      0.00000      0.00000
      5.32000      0.00000      0.00000      0.00000
      5.33000      0.00000      0.00000      0.00000
      5.34000      0.00000      0.00000      0.00000
      5.35000      0.00000      0.00000      0.00000
      5.36000      0.00000      0.00000      0.00000
      5.37000      0.00000      0.00000      0.00000
      5.38000      0.00000      0.00000      0.00000
      5.39000      0.00000      0.00000      0.00000
      5.40000      0.00000      0.00000      0.00000
      5.41000      0.00000      0.00000      0.00000
      5.42000      0.00000      0.00000      0.00000
      5.43000      0.00000      0.00000      0.00000
      5.44000      0.00000      0.00000      0.00000
      5.45000      0.00000      0.00000      0.00000
      5.46000      0.00000      0.00000      0.00000
      5.47000      0.00000      0.00000      0.00000
      5.48000      0.00000      0.00000      0.00000
      5.49000      0.00000      0.00000      0.00000
      5.50000      0.00000      0.00000      0.00000
      5.51000      0.00000      0.00000      0.00000
      5.52000      0.00000      0.00000      0.00000
      5.53000      0.00000      0.00000      0.00000
      5.54000      0.00000      0.00000      0.00000
      5.55000      0.00000      0.00000      0.00000
      5.56000      0.00000      0.00000      0.00000
      5.57000      0.00000      0.00000      0.00000
      5.58000      0.00000      0.00000      0.00000
      5.59000      0.00000      0.00000      0.00000
      5.60000      0.00000      0.00000      0.00000
      5.61000      0.00000      0.00000      0.00000
      5.62000      0.00000      0.00000      0.00000
      5.63000      0.00000      0.00000      0.00000
      5.64000      0.00000      0.00000      0.00000
      5.65000      0.00000      0.00000      0.00000
      5.66000      0.00000      0.00000      0.00000
      5.67000      0.00000      0.00000      0.00000
      5.68000      0.00000      0.00000      0.00000
      5.69000      0.00000      0.00000      0.00000
      5.70000      0.00000      0.00000      0.00000
      5.71000      0.00000      0.00000      0.00000
      5.72000      0.00000      0.00000      0.00000
      5.73000      0.00000      0.00000      0.00000
      5.74000      0.00000      0.00000      0.00000
      5.75000      0.00000      0.00000      0.00000
      5.76000      0.00000      0.00000      0.00000
      5.77000      0.00000      0.00000      0.00000
      5.78000      0.00000      0.00000      0.00000
      5.79000      0.00000      0.00000      0.00000
      5.80000      0.00000      0.00000      0.00000
      5.81000      0.00000      0.00000      0.00000
      5.82000      0.00000      0.00000      0.00000
      5.83000      0.00000      0.00000      0.00000
      5.84000      0.00000      0.00000      0.00000
      5.85000      0.00000      0.00000      0.00000
      5.86000      0.00000      0.00000      0.00000
      5.87000      0.00000      0.00000      0.00000
      5.88000      0.00000      0.00000      0.00000
      5.89000      0.00000      0.00000      0.00000
      5.90000      0.00000      0.00000      0.00000
      5.91000      0.00000      0.00000      0.00000
      5.92000      0.00000      0.00000      0.00000
      5.93000      0.00000      0.00000      0.00000
      5.94000      0.00000      0.00000      0.00000
      5.95000      0.00000      0.00000      0.00000
      5.96000      0.00000      0.00000      0.00000
      5.97000      0.00000      0.00000      0.00000
      5.98000      0.00000      0.00000      0.00000
      5.99000      0.00000      0.00000      0.00000
      6.00000      0.00000      0.00000      0.00000
      6.01000      0.00000      0.00000      0.00000
      6.02000      0.00000      0.00000      0.00000
      6.03000      0.00000      0.00000      0.00000
      6.04000      0.00000      0.00000      0.00000
      6.05000      0.00000      0.00000      0.00000
      6.06000      0.00000      0.00000      0.00000
      6.07000      0.00000      0.00000      0.00000
      6.08000      0.00000      0.00000      0.00000
      6.09000      0.00000      0.00000      0.00000
      6.10000      0.00000      0.00000      0.00000
      6.11000      0.00000      0.00000      0.00000
      6.12000      0.00000      0.00000      0.00000
      6.13000      0.00000      0.00000      0.00000
      6.14000      0.00000      0.00000      0.00000
      6.15000      0.00000      0.00000      0.00000
      6.16000      0.00000      0.00000      0.00000
      6.17000      0.00000      0.00000      0.00000
      6.18000      0.00000      0.00000      0.00000
      6.19000      0.00000      0.00000      0.00000
      6.20000      0.00000      0.00000      0.00000
      6.21000      0.00000      0.00000      0.00000
      6.22000      0.00004      0.00001      0.00003
      6.23000      0.00182      0.00045      0.00138
      6.24000      0.02888      0.00708      0.02180
      6.25000      0.17883      0.04386      0.13497
      6.26000      0.46153      0.11319      0.34834
      6.27000      0.54270      0.13312      0.40958
      6.28000      0.37603      0.09224      0.28378
      6.29000      0.44037      0.10807      0.33230
      6.30000      0.60814      0.14944      0.45870
      6.31000      0.38994      0.09595      0.29399
      6.32000      0.18439      0.04538      0.13901
      6.33000      0.41359      0.10166      0.31193
      6.34000      0.79384      0.19522      0.59863
      6.35000      0.82335      0.20257      0.62078
      6.36000      0.62821      0.15421      0.47400
      6.37000      0.46064      0.11334      0.34731
      6.38000      0.42322      0.10509      0.31814
      6.39000      0.45677      0.11292      0.34385
      6.40000      0.57790      0.14187      0.43603
      6.41000      0.61368      0.15131      0.46237
      6.42000      0.49502      0.12315      0.37188
      6.43000      0.33311      0.08328      0.24983
      6.44000      0.26282      0.06493      0.19790
      6.45000      0.32845      0.07993      0.24851
      6.46000      0.30856      0.07511      0.23345
      6.47000      0.40859      0.10062      0.30798
      6.48000      0.84321      0.20861      0.63460
      6.49000      1.15787      0.28756      0.87031
      6.50000      1.03219      0.25740      0.77478
      6.51000      0.64234      0.15964      0.48270
      6.52000      0.52560      0.12976      0.39584
      6.53000      0.50243      0.12516      0.37726
      6.54000      0.32537      0.08158      0.24379
      6.55000      0.26736      0.06587      0.20149
      6.56000      0.50063      0.12277      0.37786
      6.57000      0.69785      0.17295      0.52489
      6.58000      0.68386      0.17150      0.51236
      6.59000      0.67533      0.16928      0.50605
      6.60000      0.71667      0.17820      0.53847
      6.61000      0.49626      0.12250      0.37375
      6.62000      0.24332      0.05971      0.18361
      6.63000      0.17000      0.04266      0.12734
      6.64000      0.28317      0.07245      0.21071
      6.65000      0.30193      0.07725      0.22468
      6.66000      0.32409      0.08166      0.24243
      6.67000      0.89117      0.22284      0.66833
      6.68000      1.55388      0.38812      1.16576
      6.69000      1.36263      0.33967      1.02296
      6.70000      0.80035      0.19980      0.60055
      6.71000      0.61703      0.15504      0.46199
      6.72000      0.63439      0.15921      0.47518
      6.73000      0.51785      0.13022      0.38763
      6.74000      0.40944      0.10402      0.30542
      6.75000      0.38309      0.09722      0.28587
      6.76000      0.37420      0.09346      0.28074
      6.77000      0.37365      0.09286      0.28079
      6.78000      0.49865      0.12536      0.37328
      6.79000      0.85431      0.21579      0.63852
      6.80000      0.82077      0.20731      0.61346
      6.81000      0.65566      0.16596      0.48971
      6.82000      0.82702      0.20986      0.61716
      6.83000      0.73514      0.18685      0.54828
      6.84000      0.46985      0.11992      0.34995
      6.85000      0.57097      0.15037      0.42093
      6.86000      0.64085      0.20303      0.44051
      6.87000      0.43507      0.23825      0.20541
      6.88000      0.39944      0.29479      0.11787
      6.89000      0.54672      0.30741      0.25114
      6.90000      0.89480      0.32914      0.57317
      6.91000      1.43894      0.51761      0.93338
      6.92000      1.76757      0.72442      1.06510
      6.93000      1.55085      0.65333      0.91842
      6.94000      0.88727      0.39487      0.50635
      6.95000      0.65343      0.24605      0.41407
      6.96000      0.93906      0.32530      0.62144
      6.97000      0.94955      0.45860      0.51068
      6.98000      0.59424      0.38744      0.22835
      6.99000      0.46672      0.21499      0.26042
      7.00000      0.71621      0.19922      0.51832
      7.01000      0.78825      0.21299      0.57631
      7.02000      0.77093      0.27290      0.50581
      7.03000      0.93873      0.46867      0.49360
      7.04000      1.20636      0.61977      0.61867
      7.05000      1.57433      0.71878      0.88826
      7.06000      1.44926      0.62584      0.84986
      7.07000      0.66462      0.27078      0.40428
      7.08000      0.22507      0.10459      0.12557
      7.09000      0.36669      0.20173      0.17689
      7.10000      0.63245      0.30808      0.34057
      7.11000      0.86485      0.36536      0.51554
      7.12000      0.95749      0.38986      0.58370
      7.13000      0.69337      0.25874      0.44344
      7.14000      0.91103      0.29498      0.62274
      7.15000      1.49809      0.56331      0.95557
      7.16000      1.47818      0.64520      0.86437
      7.17000      1.08596      0.42785      0.67565
      7.18000      0.94682      0.27725      0.67318
      7.19000      1.22612      0.32647      0.90001
      7.20000      1.17018      0.32280      0.84914
      7.21000      0.72589      0.28599      0.45225
      7.22000      0.86559      0.48530      0.41380
      7.23000      1.23300      0.65921      0.61739
      7.24000      1.15947      0.63327      0.56910
      7.25000      1.07208      0.50715      0.59422
      7.26000      1.35408      0.45748      0.90878
      7.27000      1.60385      0.58611      1.03681
      7.28000      1.54971      0.69065      0.89376
      7.29000      1.23080      0.51957      0.73571
      7.30000      0.92344      0.29608      0.63373
      7.31000      0.85077      0.24052      0.61115
      7.32000      0.98238      0.30246      0.68363
      7.33000      1.21889      0.47396      0.76458
      7.34000      1.40672      0.70208      0.75059
      7.35000      1.44919      0.71942      0.77688
      7.36000      1.01754      0.41627      0.62143
      7.37000      0.59201      0.18216      0.41326
      7.38000      0.62017      0.16316      0.45729
      7.39000      0.55490      0.15260      0.40356
      7.40000      0.60562      0.23148      0.38441
      7.41000      1.04369      0.49453      0.58006
      7.42000      1.02125      0.51195      0.54353
      7.43000      0.50574      0.23071      0.28900
      7.44000      0.31860      0.09752      0.22371
      7.45000      0.47435      0.16010      0.32072
      7.46000      0.70899      0.37163      0.36645
      7.47000      0.99699      0.64018      0.41487
      7.48000      1.27933      0.74431      0.59744
      7.49000      1.30354      0.61188      0.73298
      7.50000      0.99671      0.46649      0.56074
      7.51000      0.95946      0.52170      0.47704
      7.52000      0.81858      0.39827      0.44713
      7.53000      0.36430      0.15450      0.21844
      7.54000      0.30995      0.17542      0.14769
      7.55000      0.71962      0.42250      0.32963
      7.56000      0.91565      0.46255      0.48415
      7.57000      0.82230      0.29180      0.54149
      7.58000      0.56810      0.16495      0.40595
      7.59000      0.25745      0.12991      0.13742
      7.60000      0.25593      0.26570      0.02007
      7.61000      0.45199      0.46354      0.03829
      7.62000      0.83544      0.61257      0.27970
      7.63000      1.36648      0.60711      0.79662
      7.64000      1.31685      0.41006      0.91755
      7.65000      0.82007      0.21547      0.60583
      7.66000      0.61155      0.15485      0.45730
      7.67000      0.45073      0.15750      0.29889
      7.68000      0.35587      0.27376      0.10362
      7.69000      0.40332      0.36163      0.07173
      7.70000      0.51088      0.26283      0.26350
      7.71000      0.65715      0.19091      0.46930
