Energy-E_F (eV)    DOS (1/eV)    PDOS (1/eV)  of atom type W  Se 
     -5.58568      4.48199      0.00000      0.00000
     -5.57568      2.99125      0.00000      0.00000
     -5.56568      2.73545      0.00000      0.00000
     -5.55568      3.59704      0.00000      0.00000
     -5.54568      3.94230      0.00000      0.00000
     -5.53568      3.43283      0.00000      0.00000
     -5.52568      3.31786      0.00000      0.00000
     -5.51568      3.41413      0.00000      0.00000
     -5.50568      2.44309      0.00000      0.00000
     -5.49568      1.72714      0.00000      0.00000
     -5.48568      2.33373      0.00000      0.00000
     -5.47568      3.22833      0.00000      0.00000
     -5.46568      3.19199      0.00000      0.00000
     -5.45568      2.38278      0.00000      0.00000
     -5.44568      2.10532      0.00000      0.00000
     -5.43568      2.66244      0.00000      0.00000
     -5.42568      2.66649      0.00000      0.00000
     -5.41568      1.68307      0.00000      0.00000
     -5.40568      0.97942      0.00000      0.00000
     -5.39568      1.27072      0.00000      0.00000
     -5.38568      2.37803      0.00000      0.00000
     -5.37568      2.79835      0.00000      0.00000
     -5.36568      1.97053      0.00000      0.00000
     -5.35568      1.29247      0.00000      0.00000
     -5.34568      1.58577      0.00000      0.00000
     -5.33568      2.08441      0.00000      0.00000
     -5.32568      1.78378      0.00000      0.00000
     -5.31568      1.21851      0.00000      0.00000
     -5.30568      1.02558      0.00000      0.00000
     -5.29568      1.31383      0.00000      0.00000
     -5.28568      2.05984      0.00000      0.00000
     -5.27568      2.44284      0.00000      0.00000
     -5.26568      2.02187      0.00000      0.00000
     -5.25568      1.46572      0.00000      0.00000
     -5.24568      1.33099      0.00000      0.00000
     -5.23568      1.84172      0.00000      0.00000
     -5.22568      2.26628      0.00000      0.00000
     -5.21568      1.74228      0.00000      0.00000
     -5.20568      1.26484      0.00000      0.00000
     -5.19568      1.74822      0.00000      0.00000
     -5.18568      2.70469      0.00000      0.00000
     -5.17568      3.92572      0.00000      0.00000
     -5.16568      5.37357      0.00000      0.00000
     -5.15568      5.90921      0.00000      0.00000
     -5.14568      6.07377      0.00000      0.00000
     -5.13568      7.21077      0.00000      0.00000
     -5.12568      8.55263      0.00000      0.00000
     -5.11568      8.69284      0.00000      0.00000
     -5.10568      7.09986      0.00000      0.00000
     -5.09568      5.74992      0.00000      0.00000
     -5.08568      5.24472      0.00000      0.00000
     -5.07568      4.43207      0.00000      0.00000
     -5.06568      3.86239      0.00000      0.00000
     -5.05568      4.10645      0.00000      0.00000
     -5.04568      4.17767      0.00000      0.00000
     -5.03568      3.53945      0.00000      0.00000
     -5.02568      2.72092      0.00000      0.00000
     -5.01568      2.09358      0.00000      0.00000
     -5.00568      2.18904      0.00000      0.00000
     -4.99568      3.42493      0.00000      0.00000
     -4.98568      4.69421      0.00000      0.00000
     -4.97568      5.48993      0.00000      0.00000
     -4.96568      6.21408      0.00000      0.00000
     -4.95568      6.48464      0.00000      0.00000
     -4.94568      6.51805      0.00000      0.00000
     -4.93568      5.93804      0.00000      0.00000
     -4.92568      5.46881      0.00000      0.00000
     -4.91568      5.59344      0.00000      0.00000
     -4.90568      5.81512      0.00000      0.00000
     -4.89568      6.06371      0.00000      0.00000
     -4.88568      5.96261      0.00000      0.00000
     -4.87568      5.93659      0.00000      0.00000
     -4.86568      6.47169      0.00000      0.00000
     -4.85568      6.70607      0.00000      0.00000
     -4.84568      6.30964      0.00000      0.00000
     -4.83568      6.82323      0.00000      0.00000
     -4.82568      7.57647      0.00000      0.00000
     -4.81568      7.68566      0.00000      0.00000
     -4.80568      8.48896      0.00000      0.00000
     -4.79568     10.17475      0.00000      0.00000
     -4.78568     12.05662      0.00000      0.00000
     -4.77568     12.47929      0.00000      0.00000
     -4.76568     11.18386      0.00000      0.00000
     -4.75568     10.91089      0.00000      0.00000
     -4.74568     11.84559      0.00000      0.00000
     -4.73568     11.48636      0.00000      0.00000
     -4.72568      9.14725      0.00000      0.00000
     -4.71568      7.31724      0.00000      0.00000
     -4.70568      7.39814      0.00000      0.00000
     -4.69568      8.17837      0.00000      0.00000
     -4.68568      7.85738      0.00000      0.00000
     -4.67568      6.30050      0.00000      0.00000
     -4.66568      4.77596      0.00000      0.00000
     -4.65568      4.16725      0.00000      0.00000
     -4.64568      4.28725      0.00000      0.00000
     -4.63568      4.60615      0.00000      0.00000
     -4.62568      5.41232      0.00000      0.00000
     -4.61568      6.70644      0.00000      0.00000
     -4.60568      7.24380      0.00000      0.00000
     -4.59568      5.67860      0.00000      0.00000
     -4.58568      3.25810      0.00000      0.00000
     -4.57568      2.55399      0.00000      0.00000
     -4.56568      2.76488      0.00000      0.00000
     -4.55568      2.42358      0.00000      0.00000
     -4.54568      1.91501      0.00000      0.00000
     -4.53568      1.54525      0.00000      0.00000
     -4.52568      1.13955      0.00000      0.00000
     -4.51568      0.96720      0.00000      0.00000
     -4.50568      1.56056      0.00000      0.00000
     -4.49568      2.29651      0.00000      0.00000
     -4.48568      2.37013      0.00000      0.00000
     -4.47568      2.32881      0.00000      0.00000
     -4.46568      2.08187      0.00000      0.00000
     -4.45568      1.41493      0.00000      0.00000
     -4.44568      1.23991      0.00000      0.00000
     -4.43568      1.61158      0.00000      0.00000
     -4.42568      1.72332      0.00000      0.00000
     -4.41568      2.06528      0.00000      0.00000
     -4.40568      2.56343      0.00000      0.00000
     -4.39568      2.04162      0.00000      0.00000
     -4.38568      1.57317      0.00000      0.00000
     -4.37568      2.05349      0.00000      0.00000
     -4.36568      2.62884      0.00000      0.00000
     -4.35568      3.17305      0.00000      0.00000
     -4.34568      4.34218      0.00000      0.00000
     -4.33568      5.51486      0.00000      0.00000
     -4.32568      4.74522      0.00000      0.00000
     -4.31568      2.81347      0.00000      0.00000
     -4.30568      2.53868      0.00000      0.00000
     -4.29568      3.30568      0.00000      0.00000
     -4.28568      3.14280      0.00000      0.00000
     -4.27568      2.85663      0.00000      0.00000
     -4.26568      2.66082      0.00000      0.00000
     -4.25568      1.77895      0.00000      0.00000
     -4.24568      1.62212      0.00000      0.00000
     -4.23568      2.68382      0.00000      0.00000
     -4.22568      3.01734      0.00000      0.00000
     -4.21568      2.21378      0.00000      0.00000
     -4.20568      2.25887      0.00000      0.00000
     -4.19568      2.76243      0.00000      0.00000
     -4.18568      2.34426      0.00000      0.00000
     -4.17568      1.90981      0.00000      0.00000
     -4.16568      2.30531      0.00000      0.00000
     -4.15568      3.12777      0.00000      0.00000
     -4.14568      4.17177      0.00000      0.00000
     -4.13568      4.95594      0.00000      0.00000
     -4.12568      4.67113      0.00000      0.00000
     -4.11568      3.98031      0.00000      0.00000
     -4.10568      3.71794      0.00000      0.00000
     -4.09568      4.07214      0.00000      0.00000
     -4.08568      5.44360      0.00000      0.00000
     -4.07568      6.50582      0.00000      0.00000
     -4.06568      6.56723      0.00000      0.00000
     -4.05568      6.54936      0.00000      0.00000
     -4.04568      5.82171      0.00000      0.00000
     -4.03568      4.51243      0.00000      0.00000
     -4.02568      4.10345      0.00000      0.00000
     -4.01568      5.03807      0.00000      0.00000
     -4.00568      6.08404      0.00000      0.00000
     -3.99568      5.65958      0.00000      0.00000
     -3.98568      4.35606      0.00000      0.00000
     -3.97568      3.70821      0.00000      0.00000
     -3.96568      3.94007      0.00000      0.00000
     -3.95568      4.51729      0.00000      0.00000
     -3.94568      5.45499      0.00000      0.00000
     -3.93568      5.66847      0.00000      0.00000
     -3.92568      4.71817      0.00000      0.00000
     -3.91568      4.04208      0.00000      0.00000
     -3.90568      3.33545      0.00000      0.00000
     -3.89568      3.70315      0.00000      0.00000
     -3.88568      5.49591      0.00000      0.00000
     -3.87568      6.25302      0.00000      0.00000
     -3.86568      6.39090      0.00000      0.00000
     -3.85568      6.35376      0.00000      0.00000
     -3.84568      6.04466      0.00000      0.00000
     -3.83568      6.34437      0.00000      0.00000
     -3.82568      7.51440      0.00000      0.00000
     -3.81568      8.09839      0.00000      0.00000
     -3.80568      7.44415      0.00000      0.00000
     -3.79568      5.88283      0.00000      0.00000
     -3.78568      4.00991      0.00000      0.00000
     -3.77568      3.54770      0.00000      0.00000
     -3.76568      4.96653      0.00000      0.00000
     -3.75568      6.27630      0.00000      0.00000
     -3.74568      5.48122      0.00000      0.00000
     -3.73568      4.31882      0.00000      0.00000
     -3.72568      4.72820      0.00000      0.00000
     -3.71568      5.58337      0.00000      0.00000
     -3.70568      6.48908      0.00000      0.00000
     -3.69568      6.93025      0.00000      0.00000
     -3.68568      5.26639      0.00000      0.00000
     -3.67568      3.62822      0.00000      0.00000
     -3.66568      3.87376      0.00000      0.00000
     -3.65568      4.74995      0.00000      0.00000
     -3.64568      4.95741      0.00000      0.00000
     -3.63568      4.80236      0.00000      0.00000
     -3.62568      5.43455      0.00000      0.00000
     -3.61568      6.08234      0.00000      0.00000
     -3.60568      5.87878      0.00000      0.00000
     -3.59568      5.17401      0.00000      0.00000
     -3.58568      4.59209      0.00000      0.00000
     -3.57568      4.47498      0.00000      0.00000
     -3.56568      4.60304      0.00000      0.00000
     -3.55568      4.57999      0.00000      0.00000
     -3.54568      5.12573      0.00000      0.00000
     -3.53568      5.56345      0.00000      0.00000
     -3.52568      5.34482      0.00000      0.00000
     -3.51568      5.97418      0.00000      0.00000
     -3.50568      7.48613      0.00000      0.00000
     -3.49568      7.47695      0.00000      0.00000
     -3.48568      6.18776      0.00000      0.00000
     -3.47568      5.94036      0.00000      0.00000
     -3.46568      5.93748      0.00000      0.00000
     -3.45568      5.37063      0.00000      0.00000
     -3.44568      5.17015      0.00000      0.00000
     -3.43568      5.22370      0.00000      0.00000
     -3.42568      4.61353      0.00000      0.00000
     -3.41568      3.43395      0.00000      0.00000
     -3.40568      2.73717      0.00000      0.00000
     -3.39568      3.08974      0.00000      0.00000
     -3.38568      3.65866      0.00000      0.00000
     -3.37568      4.15863      0.00000      0.00000
     -3.36568      4.84647      0.00000      0.00000
     -3.35568      4.74536      0.00000      0.00000
     -3.34568      4.03828      0.00000      0.00000
     -3.33568      3.09133      0.00000      0.00000
     -3.32568      2.53489      0.00000      0.00000
     -3.31568      2.73600      0.00000      0.00000
     -3.30568      3.45167      0.00000      0.00000
     -3.29568      4.16347      0.00000      0.00000
     -3.28568      4.32297      0.00000      0.00000
     -3.27568      4.30620      0.00000      0.00000
     -3.26568      4.26456      0.00000      0.00000
     -3.25568      3.75254      0.00000      0.00000
     -3.24568      3.29142      0.00000      0.00000
     -3.23568      3.33659      0.00000      0.00000
     -3.22568      3.65862      0.00000      0.00000
     -3.21568      3.74321      0.00000      0.00000
     -3.20568      3.59505      0.00000      0.00000
     -3.19568      4.02155      0.00000      0.00000
     -3.18568      4.64396      0.00000      0.00000
     -3.17568      3.59162      0.00000      0.00000
     -3.16568      2.54038      0.00000      0.00000
     -3.15568      3.10992      0.00000      0.00000
     -3.14568      4.01225      0.00000      0.00000
     -3.13568      4.36967      0.00000      0.00000
     -3.12568      3.83600      0.00000      0.00000
     -3.11568      2.91979      0.00000      0.00000
     -3.10568      2.53869      0.00000      0.00000
     -3.09568      2.53374      0.00000      0.00000
     -3.08568      2.87741      0.00000      0.00000
     -3.07568      2.91352      0.00000      0.00000
     -3.06568      2.47026      0.00000      0.00000
     -3.05568      2.28574      0.00000      0.00000
     -3.04568      2.27215      0.00000      0.00000
     -3.03568      2.19762      0.00000      0.00000
     -3.02568      2.29350      0.00000      0.00000
     -3.01568      2.70296      0.00000      0.00000
     -3.00568      3.10234      0.00000      0.00000
     -2.99568      3.61485      0.00000      0.00000
     -2.98568      4.40530      0.00000      0.00000
     -2.97568      3.91903      0.00000      0.00000
     -2.96568      2.84081      0.00000      0.00000
     -2.95568      2.90678      0.00000      0.00000
     -2.94568      3.17812      0.00000      0.00000
     -2.93568      3.83697      0.00000      0.00000
     -2.92568      4.98377      0.00000      0.00000
     -2.91568      5.64025      0.00000      0.00000
     -2.90568      5.70478      0.00000      0.00000
     -2.89568      5.41099      0.00000      0.00000
     -2.88568      5.31092      0.00000      0.00000
     -2.87568      6.13784      0.00000      0.00000
     -2.86568      8.12741      0.00000      0.00000
     -2.85568     10.93600      0.00000      0.00000
     -2.84568     12.49020      0.00000      0.00000
     -2.83568     11.90625      0.00000      0.00000
     -2.82568     11.15193      0.00000      0.00000
     -2.81568     10.34282      0.00000      0.00000
     -2.80568      8.26503      0.00000      0.00000
     -2.79568      6.95697      0.00000      0.00000
     -2.78568      8.10389      0.00000      0.00000
     -2.77568      8.91212      0.00000      0.00000
     -2.76568      7.05589      0.00000      0.00000
     -2.75568      5.29001      0.00000      0.00000
     -2.74568      5.70019      0.00000      0.00000
     -2.73568      7.37314      0.00000      0.00000
     -2.72568      7.95749      0.00000      0.00000
     -2.71568      7.08028      0.00000      0.00000
     -2.70568      6.50203      0.00000      0.00000
     -2.69568      6.12063      0.00000      0.00000
     -2.68568      6.12200      0.00000      0.00000
     -2.67568      6.44413      0.00000      0.00000
     -2.66568      6.08249      0.00000      0.00000
     -2.65568      5.63262      0.00000      0.00000
     -2.64568      6.29310      0.00000      0.00000
     -2.63568      8.34508      0.00000      0.00000
     -2.62568      9.54995      0.00000      0.00000
     -2.61568      8.66689      0.00000      0.00000
     -2.60568      7.92798      0.00000      0.00000
     -2.59568      7.99769      0.00000      0.00000
     -2.58568      8.44382      0.00000      0.00000
     -2.57568      8.92121      0.00000      0.00000
     -2.56568      8.79224      0.00000      0.00000
     -2.55568      8.78033      0.00000      0.00000
     -2.54568      8.00681      0.00000      0.00000
     -2.53568      7.09652      0.00000      0.00000
     -2.52568      7.25665      0.00000      0.00000
     -2.51568      7.47807      0.00000      0.00000
     -2.50568      7.76353      0.00000      0.00000
     -2.49568      7.79077      0.00000      0.00000
     -2.48568      6.80985      0.00000      0.00000
     -2.47568      6.02897      0.00000      0.00000
     -2.46568      6.52446      0.00000      0.00000
     -2.45568      6.91619      0.00000      0.00000
     -2.44568      6.68794      0.00000      0.00000
     -2.43568      6.80422      0.00000      0.00000
     -2.42568      5.91492      0.00000      0.00000
     -2.41568      4.94340      0.00000      0.00000
     -2.40568      5.67576      0.00000      0.00000
     -2.39568      5.94569      0.00000      0.00000
     -2.38568      4.71756      0.00000      0.00000
     -2.37568      4.04116      0.00000      0.00000
     -2.36568      3.67651      0.00000      0.00000
     -2.35568      3.57779      0.00000      0.00000
     -2.34568      4.25150      0.00000      0.00000
     -2.33568      3.87432      0.00000      0.00000
     -2.32568      3.95804      0.00000      0.00000
     -2.31568      5.69047      0.00000      0.00000
     -2.30568      6.64850      0.00000      0.00000
     -2.29568      5.83928      0.00000      0.00000
     -2.28568      4.87735      0.00000      0.00000
     -2.27568      4.45276      0.00000      0.00000
     -2.26568      4.10046      0.00000      0.00000
     -2.25568      4.38430      0.00000      0.00000
     -2.24568      5.26382      0.00000      0.00000
     -2.23568      5.40737      0.00000      0.00000
     -2.22568      4.90200      0.00000      0.00000
     -2.21568      4.63690      0.00000      0.00000
     -2.20568      5.10086      0.00000      0.00000
     -2.19568      5.29037      0.00000      0.00000
     -2.18568      4.61613      0.00000      0.00000
     -2.17568      3.74736      0.00000      0.00000
     -2.16568      3.32287      0.00000      0.00000
     -2.15568      2.96309      0.00000      0.00000
     -2.14568      2.86091      0.00000      0.00000
     -2.13568      3.01303      0.00000      0.00000
     -2.12568      2.61158      0.00000      0.00000
     -2.11568      2.17463      0.00000      0.00000
     -2.10568      1.85755      0.00000      0.00000
     -2.09568      1.88893      0.00000      0.00000
     -2.08568      2.87231      0.00000      0.00000
     -2.07568      4.36273      0.00000      0.00000
     -2.06568      5.83211      0.00000      0.00000
     -2.05568      7.06855      0.00000      0.00000
     -2.04568      7.96066      0.00000      0.00000
     -2.03568      7.77649      0.00000      0.00000
     -2.02568      6.50956      0.00000      0.00000
     -2.01568      5.75671      0.00000      0.00000
     -2.00568      5.99720      0.00000      0.00000
     -1.99568      6.61916      0.00000      0.00000
     -1.98568      6.50940      0.00000      0.00000
     -1.97568      5.30997      0.00000      0.00000
     -1.96568      4.49950      0.00000      0.00000
     -1.95568      4.84321      0.00000      0.00000
     -1.94568      5.15534      0.00000      0.00000
     -1.93568      5.33869      0.00000      0.00000
     -1.92568      5.21845      0.00000      0.00000
     -1.91568      4.65124      0.00000      0.00000
     -1.90568      4.64042      0.00000      0.00000
     -1.89568      4.85352      0.00000      0.00000
     -1.88568      5.12339      0.00000      0.00000
     -1.87568      5.03677      0.00000      0.00000
     -1.86568      5.12771      0.00000      0.00000
     -1.85568      4.77812      0.00000      0.00000
     -1.84568      4.29398      0.00000      0.00000
     -1.83568      4.32297      0.00000      0.00000
     -1.82568      4.54382      0.00000      0.00000
     -1.81568      4.99051      0.00000      0.00000
     -1.80568      5.02307      0.00000      0.00000
     -1.79568      4.05080      0.00000      0.00000
     -1.78568      3.26683      0.00000      0.00000
     -1.77568      3.14065      0.00000      0.00000
     -1.76568      3.35794      0.00000      0.00000
     -1.75568      3.42471      0.00000      0.00000
     -1.74568      3.19233      0.00000      0.00000
     -1.73568      2.67109      0.00000      0.00000
     -1.72568      2.23705      0.00000      0.00000
     -1.71568      2.12407      0.00000      0.00000
     -1.70568      2.60131      0.00000      0.00000
     -1.69568      3.16299      0.00000      0.00000
     -1.68568      3.42357      0.00000      0.00000
     -1.67568      3.55237      0.00000      0.00000
     -1.66568      3.39604      0.00000      0.00000
     -1.65568      2.96169      0.00000      0.00000
     -1.64568      2.75512      0.00000      0.00000
     -1.63568      2.63878      0.00000      0.00000
     -1.62568      2.28725      0.00000      0.00000
     -1.61568      1.75893      0.00000      0.00000
     -1.60568      1.53734      0.00000      0.00000
     -1.59568      1.83416      0.00000      0.00000
     -1.58568      1.98770      0.00000      0.00000
     -1.57568      1.93311      0.00000      0.00000
     -1.56568      1.61266      0.00000      0.00000
     -1.55568      1.25194      0.00000      0.00000
     -1.54568      1.30940      0.00000      0.00000
     -1.53568      1.55847      0.00000      0.00000
     -1.52568      1.60275      0.00000      0.00000
     -1.51568      1.43471      0.00000      0.00000
     -1.50568      1.60216      0.00000      0.00000
     -1.49568      1.86181      0.00000      0.00000
     -1.48568      2.02232      0.00000      0.00000
     -1.47568      2.08382      0.00000      0.00000
     -1.46568      2.28393      0.00000      0.00000
     -1.45568      2.43926      0.00000      0.00000
     -1.44568      2.34913      0.00000      0.00000
     -1.43568      2.43531      0.00000      0.00000
     -1.42568      2.40598      0.00000      0.00000
     -1.41568      2.36834      0.00000      0.00000
     -1.40568      2.16267      0.00000      0.00000
     -1.39568      2.15979      0.00000      0.00000
     -1.38568      2.27051      0.00000      0.00000
     -1.37568      2.28640      0.00000      0.00000
     -1.36568      2.98481      0.00000      0.00000
     -1.35568      3.55643      0.00000      0.00000
     -1.34568      3.48493      0.00000      0.00000
     -1.33568      3.55274      0.00000      0.00000
     -1.32568      3.25245      0.00000      0.00000
     -1.31568      2.78238      0.00000      0.00000
     -1.30568      2.72291      0.00000      0.00000
     -1.29568      2.84840      0.00000      0.00000
     -1.28568      2.92390      0.00000      0.00000
     -1.27568      3.46548      0.00000      0.00000
     -1.26568      3.89876      0.00000      0.00000
     -1.25568      4.06013      0.00000      0.00000
     -1.24568      4.27103      0.00000      0.00000
     -1.23568      4.60798      0.00000      0.00000
     -1.22568      4.99044      0.00000      0.00000
     -1.21568      5.56474      0.00000      0.00000
     -1.20568      6.39258      0.00000      0.00000
     -1.19568      6.25435      0.00000      0.00000
     -1.18568      5.02829      0.00000      0.00000
     -1.17568      4.54630      0.00000      0.00000
     -1.16568      4.19285      0.00000      0.00000
     -1.15568      3.68379      0.00000      0.00000
     -1.14568      4.16844      0.00000      0.00000
     -1.13568      4.74936      0.00000      0.00000
     -1.12568      4.62905      0.00000      0.00000
     -1.11568      4.25481      0.00000      0.00000
     -1.10568      4.15605      0.00000      0.00000
     -1.09568      4.67608      0.00000      0.00000
     -1.08568      5.11374      0.00000      0.00000
     -1.07568      4.63751      0.00000      0.00000
     -1.06568      4.33517      0.00000      0.00000
     -1.05568      3.49004      0.00000      0.00000
     -1.04568      3.15387      0.00000      0.00000
     -1.03568      4.22086      0.00000      0.00000
     -1.02568      4.79952      0.00000      0.00000
     -1.01568      5.15223      0.00000      0.00000
     -1.00568      5.28797      0.00000      0.00000
     -0.99568      4.78911      0.00000      0.00000
     -0.98568      4.84980      0.00000      0.00000
     -0.97568      6.00268      0.00000      0.00000
     -0.96568      6.25026      0.00000      0.00000
     -0.95568      5.30947      0.00000      0.00000
     -0.94568      5.30569      0.00000      0.00000
     -0.93568      5.77127      0.00000      0.00000
     -0.92568      5.36212      0.00000      0.00000
     -0.91568      4.93491      0.00000      0.00000
     -0.90568      4.59317      0.00000      0.00000
     -0.89568      4.60476      0.00000      0.00000
     -0.88568      4.67057      0.00000      0.00000
     -0.87568      4.60359      0.00000      0.00000
     -0.86568      4.69090      0.00000      0.00000
     -0.85568      4.08156      0.00000      0.00000
     -0.84568      3.58499      0.00000      0.00000
     -0.83568      4.13081      0.00000      0.00000
     -0.82568      4.23995      0.00000      0.00000
     -0.81568      4.04790      0.00000      0.00000
     -0.80568      3.93066      0.00000      0.00000
     -0.79568      4.03564      0.00000      0.00000
     -0.78568      4.04883      0.00000      0.00000
     -0.77568      4.14611      0.00000      0.00000
     -0.76568      4.68411      0.00000      0.00000
     -0.75568      4.11013      0.00000      0.00000
     -0.74568      2.87023      0.00000      0.00000
     -0.73568      3.07582      0.00000      0.00000
     -0.72568      3.80991      0.00000      0.00000
     -0.71568      3.55996      0.00000      0.00000
     -0.70568      3.31780      0.00000      0.00000
     -0.69568      3.89145      0.00000      0.00000
     -0.68568      4.26638      0.00000      0.00000
     -0.67568      4.24914      0.00000      0.00000
     -0.66568      3.96600      0.00000      0.00000
     -0.65568      3.54259      0.00000      0.00000
     -0.64568      3.46180      0.00000      0.00000
     -0.63568      3.33763      0.00000      0.00000
     -0.62568      3.23397      0.00000      0.00000
     -0.61568      3.64489      0.00000      0.00000
     -0.60568      3.80716      0.00000      0.00000
     -0.59568      3.59328      0.00000      0.00000
     -0.58568      3.33709      0.00000      0.00000
     -0.57568      2.78206      0.00000      0.00000
     -0.56568      2.22753      0.00000      0.00000
     -0.55568      2.04008      0.00000      0.00000
     -0.54568      1.81026      0.00000      0.00000
     -0.53568      1.23324      0.00000      0.00000
     -0.52568      0.88814      0.00000      0.00000
     -0.51568      1.15821      0.00000      0.00000
     -0.50568      1.26598      0.00000      0.00000
     -0.49568      1.22613      0.00000      0.00000
     -0.48568      1.41554      0.00000      0.00000
     -0.47568      1.25574      0.00000      0.00000
     -0.46568      0.88957      0.00000      0.00000
     -0.45568      0.59630      0.00000      0.00000
     -0.44568      0.51532      0.00000      0.00000
     -0.43568      0.77006      0.00000      0.00000
     -0.42568      1.21363      0.00000      0.00000
     -0.41568      1.28764      0.00000      0.00000
     -0.40568      0.75798      0.00000      0.00000
     -0.39568      0.37847      0.00000      0.00000
     -0.38568      0.46059      0.00000      0.00000
     -0.37568      0.67058      0.00000      0.00000
     -0.36568      0.75032      0.00000      0.00000
     -0.35568      0.65792      0.00000      0.00000
     -0.34568      0.62916      0.00000      0.00000
     -0.33568      0.47109      0.00000      0.00000
     -0.32568      0.41435      0.00000      0.00000
     -0.31568      0.49272      0.00000      0.00000
     -0.30568      0.40941      0.00000      0.00000
     -0.29568      0.48305      0.00000      0.00000
     -0.28568      0.73576      0.00000      0.00000
     -0.27568      0.93769      0.00000      0.00000
     -0.26568      0.92170      0.00000      0.00000
     -0.25568      0.55767      0.00000      0.00000
     -0.24568      0.16526      0.00000      0.00000
     -0.23568      0.09277      0.00000      0.00000
     -0.22568      0.34574      0.00000      0.00000
     -0.21568      0.62066      0.00000      0.00000
     -0.20568      0.48156      0.00000      0.00000
     -0.19568      0.27976      0.00000      0.00000
     -0.18568      0.27144      0.00000      0.00000
     -0.17568      0.35020      0.00000      0.00000
     -0.16568      0.36022      0.00000      0.00000
     -0.15568      0.49244      0.00000      0.00000
     -0.14568      0.66681      0.00000      0.00000
     -0.13568      0.57842      0.00000      0.00000
     -0.12568      0.38030      0.00000      0.00000
     -0.11568      0.16301      0.00000      0.00000
     -0.10568      0.11845      0.00000      0.00000
     -0.09568      0.25391      0.00000      0.00000
     -0.08568      0.38166      0.00000      0.00000
     -0.07568      0.33341      0.00000      0.00000
     -0.06568      0.26003      0.00000      0.00000
     -0.05568      0.33490      0.00000      0.00000
     -0.04568      0.33204      0.00000      0.00000
     -0.03568      0.34149      0.00000      0.00000
     -0.02568      0.29462      0.00000      0.00000
     -0.01568      0.18284      0.00000      0.00000
     -0.00568      0.16791      0.00000      0.00000
      0.00432      0.10399      0.00000      0.00000
      0.01432      0.02535      0.00000      0.00000
      0.02432      0.00228      0.00000      0.00000
      0.03432      0.00008      0.00000      0.00000
      0.04432      0.00000      0.00000      0.00000
      0.05432      0.00000      0.00000      0.00000
      0.06432      0.00000      0.00000      0.00000
      0.07432      0.00000      0.00000      0.00000
      0.08432      0.00000      0.00000      0.00000
      0.09432      0.00000      0.00000      0.00000
      0.10432      0.00000      0.00000      0.00000
      0.11432      0.00000      0.00000      0.00000
      0.12432      0.00000      0.00000      0.00000
      0.13432      0.00000      0.00000      0.00000
      0.14432      0.00000      0.00000      0.00000
      0.15432      0.00000      0.00000      0.00000
      0.16432      0.00000      0.00000      0.00000
      0.17432      0.00000      0.00000      0.00000
      0.18432      0.00000      0.00000      0.00000
      0.19432      0.00000      0.00000      0.00000
      0.20432      0.00000      0.00000      0.00000
      0.21432      0.00000      0.00000      0.00000
      0.22432      0.00000      0.00000      0.00000
      0.23432      0.00000      0.00000      0.00000
      0.24432      0.00000      0.00000      0.00000
      0.25432      0.00000      0.00000      0.00000
      0.26432      0.00000      0.00000      0.00000
      0.27432      0.00000      0.00000      0.00000
      0.28432      0.00000      0.00000      0.00000
      0.29432      0.00000      0.00000      0.00000
      0.30432      0.00000      0.00000      0.00000
      0.31432      0.00000      0.00000      0.00000
      0.32432      0.00000      0.00000      0.00000
      0.33432      0.00000      0.00000      0.00000
      0.34432      0.00000      0.00000      0.00000
      0.35432      0.00000      0.00000      0.00000
      0.36432      0.00000      0.00000      0.00000
      0.37432      0.00000      0.00000      0.00000
      0.38432      0.00000      0.00000      0.00000
      0.39432      0.00000      0.00000      0.00000
      0.40432      0.00000      0.00000      0.00000
      0.41432      0.00000      0.00000      0.00000
      0.42432      0.00000      0.00000      0.00000
      0.43432      0.00000      0.00000      0.00000
      0.44432      0.00000      0.00000      0.00000
      0.45432      0.00000      0.00000      0.00000
      0.46432      0.00000      0.00000      0.00000
      0.47432      0.00000      0.00000      0.00000
      0.48432      0.00000      0.00000      0.00000
      0.49432      0.00000      0.00000      0.00000
      0.50432      0.00000      0.00000      0.00000
      0.51432      0.00000      0.00000      0.00000
      0.52432      0.00000      0.00000      0.00000
      0.53432      0.00000      0.00000      0.00000
      0.54432      0.00000      0.00000      0.00000
      0.55432      0.00000      0.00000      0.00000
      0.56432      0.00000      0.00000      0.00000
      0.57432      0.00000      0.00000      0.00000
      0.58432      0.00000      0.00000      0.00000
      0.59432      0.00000      0.00000      0.00000
      0.60432      0.00000      0.00000      0.00000
      0.61432      0.00000      0.00000      0.00000
      0.62432      0.00000      0.00000      0.00000
      0.63432      0.00000      0.00000      0.00000
      0.64432      0.00000      0.00000      0.00000
      0.65432      0.00000      0.00000      0.00000
      0.66432      0.00000      0.00000      0.00000
      0.67432      0.00000      0.00000      0.00000
      0.68432      0.00000      0.00000      0.00000
      0.69432      0.00000      0.00000      0.00000
      0.70432      0.00000      0.00000      0.00000
      0.71432      0.00000      0.00000      0.00000
      0.72432      0.00000      0.00000      0.00000
      0.73432      0.00000      0.00000      0.00000
      0.74432      0.00000      0.00000      0.00000
      0.75432      0.00000      0.00000      0.00000
      0.76432      0.00000      0.00000      0.00000
      0.77432      0.00000      0.00000      0.00000
      0.78432      0.00000      0.00000      0.00000
      0.79432      0.00000      0.00000      0.00000
      0.80432      0.00000      0.00000      0.00000
      0.81432      0.00000      0.00000      0.00000
      0.82432      0.00000      0.00000      0.00000
      0.83432      0.00000      0.00000      0.00000
      0.84432      0.00000      0.00000      0.00000
      0.85432      0.00000      0.00000      0.00000
      0.86432      0.00000      0.00000      0.00000
      0.87432      0.00000      0.00000      0.00000
      0.88432      0.00000      0.00000      0.00000
      0.89432      0.00000      0.00000      0.00000
      0.90432      0.00000      0.00000      0.00000
      0.91432      0.00000      0.00000      0.00000
      0.92432      0.00000      0.00000      0.00000
      0.93432      0.00000      0.00000      0.00000
      0.94432      0.00000      0.00000      0.00000
      0.95432      0.00000      0.00000      0.00000
      0.96432      0.00000      0.00000      0.00000
      0.97432      0.00000      0.00000      0.00000
      0.98432      0.00000      0.00000      0.00000
      0.99432      0.00000      0.00000      0.00000
      1.00432      0.00000      0.00000      0.00000
      1.01432      0.00000      0.00000      0.00000
      1.02432      0.00000      0.00000      0.00000
      1.03432      0.00000      0.00000      0.00000
      1.04432      0.00000      0.00000      0.00000
      1.05432      0.00000      0.00000      0.00000
      1.06432      0.00000      0.00000      0.00000
      1.07432      0.00000      0.00000      0.00000
      1.08432      0.00000      0.00000      0.00000
      1.09432      0.00000      0.00000      0.00000
      1.10432      0.00000      0.00000      0.00000
      1.11432      0.00000      0.00000      0.00000
      1.12432      0.00000      0.00000      0.00000
      1.13432      0.00000      0.00000      0.00000
      1.14432      0.00000      0.00000      0.00000
      1.15432      0.00000      0.00000      0.00000
      1.16432      0.00000      0.00000      0.00000
      1.17432      0.00000      0.00000      0.00000
      1.18432      0.00000      0.00000      0.00000
      1.19432      0.00000      0.00000      0.00000
      1.20432      0.00000      0.00000      0.00000
      1.21432      0.00000      0.00000      0.00000
      1.22432      0.00000      0.00000      0.00000
      1.23432      0.00000      0.00000      0.00000
      1.24432      0.00000      0.00000      0.00000
      1.25432      0.00000      0.00000      0.00000
      1.26432      0.00000      0.00000      0.00000
      1.27432      0.00000      0.00000      0.00000
      1.28432      0.00000      0.00000      0.00000
      1.29432      0.00000      0.00000      0.00000
      1.30432      0.00000      0.00000      0.00000
      1.31432      0.00000      0.00000      0.00000
      1.32432      0.00000      0.00000      0.00000
      1.33432      0.00000      0.00000      0.00000
      1.34432      0.00000      0.00000      0.00000
      1.35432      0.00000      0.00000      0.00000
      1.36432      0.00000      0.00000      0.00000
      1.37432      0.00000      0.00000      0.00000
      1.38432      0.00000      0.00000      0.00000
      1.39432      0.00000      0.00000      0.00000
      1.40432      0.00000      0.00000      0.00000
      1.41432      0.00000      0.00000      0.00000
      1.42432      0.00000      0.00000      0.00000
      1.43432      0.00000      0.00000      0.00000
      1.44432      0.00000      0.00000      0.00000
      1.45432      0.00000      0.00000      0.00000
      1.46432      0.00000      0.00000      0.00000
      1.47432      0.00000      0.00000      0.00000
      1.48432      0.00000      0.00000      0.00000
      1.49432      0.00000      0.00000      0.00000
      1.50432      0.00000      0.00000      0.00000
      1.51432      0.00000      0.00000      0.00000
      1.52432      0.00000      0.00000      0.00000
      1.53432      0.00000      0.00000      0.00000
      1.54432      0.00000      0.00000      0.00000
      1.55432      0.00000      0.00000      0.00000
      1.56432      0.00000      0.00000      0.00000
      1.57432      0.00000      0.00000      0.00000
      1.58432      0.00000      0.00000      0.00000
      1.59432      0.00000      0.00000      0.00000
      1.60432      0.00000      0.00000      0.00000
      1.61432      0.00000      0.00000      0.00000
      1.62432      0.00000      0.00000      0.00000
      1.63432      0.00000      0.00000      0.00000
      1.64432      0.00000      0.00000      0.00000
      1.65432      0.00000      0.00000      0.00000
      1.66432      0.00000      0.00000      0.00000
      1.67432      0.00000      0.00000      0.00000
      1.68432      0.00000      0.00000      0.00000
      1.69432      0.00000      0.00000      0.00000
      1.70432      0.00000      0.00000      0.00000
      1.71432      0.00000      0.00000      0.00000
      1.72432      0.00000      0.00000      0.00000
      1.73432      0.00000      0.00000      0.00000
      1.74432      0.00000      0.00000      0.00000
      1.75432      0.00000      0.00000      0.00000
      1.76432      0.00000      0.00000      0.00000
      1.77432      0.00000      0.00000      0.00000
      1.78432      0.00000      0.00000      0.00000
      1.79432      0.00000      0.00000      0.00000
      1.80432      0.00000      0.00000      0.00000
      1.81432      0.00000      0.00000      0.00000
      1.82432      0.00000      0.00000      0.00000
      1.83432      0.00000      0.00000      0.00000
      1.84432      0.00000      0.00000      0.00000
      1.85432      0.00000      0.00000      0.00000
      1.86432      0.00000      0.00000      0.00000
      1.87432      0.00000      0.00000      0.00000
      1.88432      0.00000      0.00000      0.00000
      1.89432      0.00000      0.00000      0.00000
      1.90432      0.00000      0.00000      0.00000
      1.91432      0.00009      0.00000      0.00000
      1.92432      0.00252      0.00000      0.00000
      1.93432      0.02705      0.00000      0.00000
      1.94432      0.10824      0.00000      0.00000
      1.95432      0.18369      0.00000      0.00000
      1.96432      0.28557      0.00000      0.00000
      1.97432      0.66937      0.00000      0.00000
      1.98432      1.20087      0.00000      0.00000
      1.99432      1.58585      0.00000      0.00000
      2.00432      1.86861      0.00000      0.00000
      2.01432      2.32731      0.00000      0.00000
      2.02432      2.21808      0.00000      0.00000
      2.03432      1.79036      0.00000      0.00000
      2.04432      2.14802      0.00000      0.00000
      2.05432      2.15226      0.00000      0.00000
      2.06432      1.77049      0.00000      0.00000
      2.07432      2.30102      0.00000      0.00000
      2.08432      2.89639      0.00000      0.00000
      2.09432      2.68332      0.00000      0.00000
      2.10432      2.32107      0.00000      0.00000
      2.11432      1.88654      0.00000      0.00000
      2.12432      2.05811      0.00000      0.00000
      2.13432      2.74959      0.00000      0.00000
      2.14432      2.66278      0.00000      0.00000
      2.15432      2.67815      0.00000      0.00000
      2.16432      2.91732      0.00000      0.00000
      2.17432      2.56998      0.00000      0.00000
      2.18432      2.89157      0.00000      0.00000
      2.19432      4.30512      0.00000      0.00000
      2.20432      5.14015      0.00000      0.00000
      2.21432      5.02537      0.00000      0.00000
      2.22432      4.85965      0.00000      0.00000
      2.23432      4.84651      0.00000      0.00000
      2.24432      5.35047      0.00000      0.00000
      2.25432      6.26159      0.00000      0.00000
      2.26432      6.69628      0.00000      0.00000
      2.27432      6.57354      0.00000      0.00000
      2.28432      6.28779      0.00000      0.00000
      2.29432      5.90588      0.00000      0.00000
      2.30432      7.20856      0.00000      0.00000
      2.31432      9.60385      0.00000      0.00000
      2.32432     10.03570      0.00000      0.00000
      2.33432      8.65220      0.00000      0.00000
      2.34432      7.10530      0.00000      0.00000
      2.35432      6.19621      0.00000      0.00000
      2.36432      6.72359      0.00000      0.00000
      2.37432      7.46000      0.00000      0.00000
      2.38432      7.60551      0.00000      0.00000
      2.39432      7.48071      0.00000      0.00000
      2.40432      6.75404      0.00000      0.00000
      2.41432      6.69236      0.00000      0.00000
      2.42432      7.06833      0.00000      0.00000
      2.43432      7.04075      0.00000      0.00000
      2.44432      7.07612      0.00000      0.00000
      2.45432      7.08736      0.00000      0.00000
      2.46432      6.33185      0.00000      0.00000
      2.47432      5.47520      0.00000      0.00000
      2.48432      4.96539      0.00000      0.00000
      2.49432      4.60082      0.00000      0.00000
      2.50432      4.66214      0.00000      0.00000
      2.51432      5.22320      0.00000      0.00000
      2.52432      5.52026      0.00000      0.00000
      2.53432      5.57292      0.00000      0.00000
      2.54432      5.45089      0.00000      0.00000
      2.55432      4.81460      0.00000      0.00000
      2.56432      4.47799      0.00000      0.00000
      2.57432      4.26368      0.00000      0.00000
      2.58432      4.16138      0.00000      0.00000
      2.59432      4.30536      0.00000      0.00000
      2.60432      4.57500      0.00000      0.00000
      2.61432      4.74133      0.00000      0.00000
      2.62432      5.21007      0.00000      0.00000
      2.63432      5.32623      0.00000      0.00000
      2.64432      4.78746      0.00000      0.00000
      2.65432      4.29222      0.00000      0.00000
      2.66432      3.73571      0.00000      0.00000
      2.67432      3.40859      0.00000      0.00000
      2.68432      3.78776      0.00000      0.00000
      2.69432      4.14325      0.00000      0.00000
      2.70432      3.94662      0.00000      0.00000
      2.71432      3.66510      0.00000      0.00000
      2.72432      3.69216      0.00000      0.00000
      2.73432      3.68007      0.00000      0.00000
      2.74432      4.05244      0.00000      0.00000
      2.75432      5.17635      0.00000      0.00000
      2.76432      5.93183      0.00000      0.00000
      2.77432      6.57289      0.00000      0.00000
      2.78432      8.26760      0.00000      0.00000
      2.79432      9.49510      0.00000      0.00000
      2.80432     10.23937      0.00000      0.00000
      2.81432     10.88656      0.00000      0.00000
      2.82432     10.91116      0.00000      0.00000
      2.83432     10.83616      0.00000      0.00000
      2.84432     10.65036      0.00000      0.00000
      2.85432      9.68311      0.00000      0.00000
      2.86432      7.95216      0.00000      0.00000
      2.87432      7.10611      0.00000      0.00000
      2.88432      7.15696      0.00000      0.00000
      2.89432      7.02497      0.00000      0.00000
      2.90432      6.97398      0.00000      0.00000
      2.91432      6.84867      0.00000      0.00000
      2.92432      6.93463      0.00000      0.00000
      2.93432      7.82451      0.00000      0.00000
      2.94432      8.16410      0.00000      0.00000
      2.95432      7.18838      0.00000      0.00000
      2.96432      6.81030      0.00000      0.00000
      2.97432      7.60921      0.00000      0.00000
      2.98432      8.06772      0.00000      0.00000
      2.99432      8.44901      0.00000      0.00000
      3.00432      9.31740      0.00000      0.00000
      3.01432     10.23132      0.00000      0.00000
      3.02432     12.12025      0.00000      0.00000
      3.03432     13.30889      0.00000      0.00000
      3.04432     12.81338      0.00000      0.00000
      3.05432     12.31624      0.00000      0.00000
      3.06432     11.98181      0.00000      0.00000
      3.07432     10.61578      0.00000      0.00000
      3.08432      8.39965      0.00000      0.00000
      3.09432      6.91777      0.00000      0.00000
      3.10432      6.13831      0.00000      0.00000
      3.11432      6.19685      0.00000      0.00000
      3.12432      8.01345      0.00000      0.00000
      3.13432      9.47432      0.00000      0.00000
      3.14432      7.79518      0.00000      0.00000
      3.15432      5.42397      0.00000      0.00000
      3.16432      4.60749      0.00000      0.00000
      3.17432      5.04618      0.00000      0.00000
      3.18432      6.09385      0.00000      0.00000
      3.19432      7.51098      0.00000      0.00000
      3.20432      8.66597      0.00000      0.00000
      3.21432      8.55312      0.00000      0.00000
      3.22432      8.20918      0.00000      0.00000
      3.23432      7.81299      0.00000      0.00000
      3.24432      6.81990      0.00000      0.00000
      3.25432      7.01627      0.00000      0.00000
      3.26432      8.94961      0.00000      0.00000
      3.27432     11.01188      0.00000      0.00000
      3.28432      9.75851      0.00000      0.00000
      3.29432      6.88463      0.00000      0.00000
      3.30432      5.51839      0.00000      0.00000
      3.31432      5.37762      0.00000      0.00000
      3.32432      5.86095      0.00000      0.00000
      3.33432      7.15651      0.00000      0.00000
      3.34432      8.08842      0.00000      0.00000
      3.35432      7.18898      0.00000      0.00000
      3.36432      5.21940      0.00000      0.00000
      3.37432      3.51995      0.00000      0.00000
      3.38432      3.07101      0.00000      0.00000
      3.39432      3.87588      0.00000      0.00000
      3.40432      4.88248      0.00000      0.00000
      3.41432      5.82196      0.00000      0.00000
      3.42432      7.54245      0.00000      0.00000
      3.43432      8.68109      0.00000      0.00000
      3.44432      7.68636      0.00000      0.00000
      3.45432      5.97422      0.00000      0.00000
      3.46432      5.14721      0.00000      0.00000
      3.47432      5.03848      0.00000      0.00000
      3.48432      5.00863      0.00000      0.00000
      3.49432      4.94337      0.00000      0.00000
      3.50432      5.51684      0.00000      0.00000
      3.51432      6.54344      0.00000      0.00000
      3.52432      6.08318      0.00000      0.00000
      3.53432      4.57133      0.00000      0.00000
      3.54432      4.10203      0.00000      0.00000
      3.55432      4.99613      0.00000      0.00000
      3.56432      5.91642      0.00000      0.00000
      3.57432      6.49641      0.00000      0.00000
      3.58432      6.46378      0.00000      0.00000
      3.59432      6.32519      0.00000      0.00000
      3.60432      6.16965      0.00000      0.00000
      3.61432      4.77913      0.00000      0.00000
      3.62432      3.67717      0.00000      0.00000
      3.63432      3.53130      0.00000      0.00000
      3.64432      4.72344      0.00000      0.00000
      3.65432      5.86386      0.00000      0.00000
      3.66432      5.19482      0.00000      0.00000
      3.67432      4.03402      0.00000      0.00000
      3.68432      3.77275      0.00000      0.00000
      3.69432      4.08683      0.00000      0.00000
      3.70432      3.72831      0.00000      0.00000
      3.71432      3.65419      0.00000      0.00000
      3.72432      4.69857      0.00000      0.00000
      3.73432      5.47952      0.00000      0.00000
      3.74432      5.25317      0.00000      0.00000
      3.75432      4.83309      0.00000      0.00000
      3.76432      4.95562      0.00000      0.00000
      3.77432      5.25731      0.00000      0.00000
      3.78432      4.49148      0.00000      0.00000
      3.79432      3.29299      0.00000      0.00000
      3.80432      3.20497      0.00000      0.00000
      3.81432      3.56687      0.00000      0.00000
      3.82432      3.69436      0.00000      0.00000
      3.83432      3.72397      0.00000      0.00000
      3.84432      4.10691      0.00000      0.00000
      3.85432      4.00233      0.00000      0.00000
      3.86432      3.31912      0.00000      0.00000
      3.87432      3.07732      0.00000      0.00000
      3.88432      3.18036      0.00000      0.00000
      3.89432      3.77876      0.00000      0.00000
      3.90432      4.54033      0.00000      0.00000
      3.91432      4.46475      0.00000      0.00000
      3.92432      3.15885      0.00000      0.00000
      3.93432      2.05293      0.00000      0.00000
      3.94432      2.25547      0.00000      0.00000
      3.95432      3.20044      0.00000      0.00000
      3.96432      4.25352      0.00000      0.00000
      3.97432      4.68736      0.00000      0.00000
      3.98432      3.86517      0.00000      0.00000
      3.99432      2.72527      0.00000      0.00000
      4.00432      2.13056      0.00000      0.00000
      4.01432      2.47520      0.00000      0.00000
      4.02432      3.08725      0.00000      0.00000
      4.03432      3.47264      0.00000      0.00000
      4.04432      3.67078      0.00000      0.00000
      4.05432      3.30033      0.00000      0.00000
      4.06432      2.86109      0.00000      0.00000
      4.07432      2.69999      0.00000      0.00000
      4.08432      2.39198      0.00000      0.00000
      4.09432      2.08969      0.00000      0.00000
      4.10432      2.75082      0.00000      0.00000
      4.11432      4.21198      0.00000      0.00000
      4.12432      4.93140      0.00000      0.00000
      4.13432      4.07763      0.00000      0.00000
      4.14432      2.75529      0.00000      0.00000
      4.15432      2.11769      0.00000      0.00000
      4.16432      1.92177      0.00000      0.00000
      4.17432      2.19090      0.00000      0.00000
      4.18432      3.54229      0.00000      0.00000
      4.19432      4.79729      0.00000      0.00000
      4.20432      4.64764      0.00000      0.00000
      4.21432      3.87026      0.00000      0.00000
      4.22432      3.33684      0.00000      0.00000
      4.23432      2.83942      0.00000      0.00000
      4.24432      2.43812      0.00000      0.00000
      4.25432      2.22990      0.00000      0.00000
      4.26432      2.54957      0.00000      0.00000
      4.27432      3.56020      0.00000      0.00000
      4.28432      4.03032      0.00000      0.00000
      4.29432      3.53237      0.00000      0.00000
      4.30432      2.51092      0.00000      0.00000
      4.31432      1.45285      0.00000      0.00000
      4.32432      0.97890      0.00000      0.00000
      4.33432      1.32074      0.00000      0.00000
      4.34432      1.92101      0.00000      0.00000
      4.35432      2.08917      0.00000      0.00000
      4.36432      1.66469      0.00000      0.00000
      4.37432      1.37903      0.00000      0.00000
      4.38432      1.13467      0.00000      0.00000
      4.39432      0.58986      0.00000      0.00000
      4.40432      0.45995      0.00000      0.00000
      4.41432      1.37202      0.00000      0.00000
      4.42432      2.72556      0.00000      0.00000
      4.43432      3.17297      0.00000      0.00000
      4.44432      2.66687      0.00000      0.00000
      4.45432      1.77759      0.00000      0.00000
      4.46432      0.85394      0.00000      0.00000
      4.47432      0.62136      0.00000      0.00000
      4.48432      0.94509      0.00000      0.00000
      4.49432      1.46571      0.00000      0.00000
      4.50432      1.84867      0.00000      0.00000
      4.51432      1.80490      0.00000      0.00000
      4.52432      1.27696      0.00000      0.00000
      4.53432      0.77661      0.00000      0.00000
      4.54432      1.36556      0.00000      0.00000
      4.55432      2.98823      0.00000      0.00000
      4.56432      4.22782      0.00000      0.00000
      4.57432      3.95246      0.00000      0.00000
      4.58432      2.90921      0.00000      0.00000
      4.59432      2.46470      0.00000      0.00000
      4.60432      2.60897      0.00000      0.00000
      4.61432      2.86268      0.00000      0.00000
      4.62432      2.90983      0.00000      0.00000
      4.63432      2.72062      0.00000      0.00000
      4.64432      2.75396      0.00000      0.00000
      4.65432      3.56712      0.00000      0.00000
      4.66432      4.69335      0.00000      0.00000
      4.67432      4.93323      0.00000      0.00000
      4.68432      4.65620      0.00000      0.00000
      4.69432      4.34633      0.00000      0.00000
      4.70432      4.40166      0.00000      0.00000
      4.71432      4.64099      0.00000      0.00000
      4.72432      4.50501      0.00000      0.00000
      4.73432      4.86029      0.00000      0.00000
      4.74432      6.08570      0.00000      0.00000
      4.75432      7.34128      0.00000      0.00000
      4.76432      8.05880      0.00000      0.00000
      4.77432      8.64591      0.00000      0.00000
      4.78432      9.00486      0.00000      0.00000
      4.79432      8.33721      0.00000      0.00000
      4.80432      8.14498      0.00000      0.00000
      4.81432      8.66884      0.00000      0.00000
      4.82432      8.96731      0.00000      0.00000
      4.83432      9.17881      0.00000      0.00000
      4.84432      9.86690      0.00000      0.00000
      4.85432      9.69919      0.00000      0.00000
      4.86432      8.46864      0.00000      0.00000
      4.87432      7.60894      0.00000      0.00000
      4.88432      7.26494      0.00000      0.00000
      4.89432      7.26143      0.00000      0.00000
      4.90432      7.40109      0.00000      0.00000
      4.91432      6.96709      0.00000      0.00000
      4.92432      6.50256      0.00000      0.00000
      4.93432      6.34410      0.00000      0.00000
      4.94432      5.91214      0.00000      0.00000
      4.95432      5.61864      0.00000      0.00000
      4.96432      5.04294      0.00000      0.00000
      4.97432      3.70738      0.00000      0.00000
      4.98432      2.85925      0.00000      0.00000
      4.99432      2.83521      0.00000      0.00000
      5.00432      3.36119      0.00000      0.00000
      5.01432      4.09682      0.00000      0.00000
      5.02432      3.89576      0.00000      0.00000
      5.03432      2.71085      0.00000      0.00000
      5.04432      2.01046      0.00000      0.00000
      5.05432      2.33089      0.00000      0.00000
      5.06432      2.71392      0.00000      0.00000
      5.07432      2.52293      0.00000      0.00000
      5.08432      2.45633      0.00000      0.00000
      5.09432      3.02002      0.00000      0.00000
      5.10432      3.51551      0.00000      0.00000
      5.11432      3.02241      0.00000      0.00000
      5.12432      2.49317      0.00000      0.00000
      5.13432      2.59612      0.00000      0.00000
      5.14432      2.22308      0.00000      0.00000
      5.15432      1.72114      0.00000      0.00000
      5.16432      1.63848      0.00000      0.00000
      5.17432      1.86018      0.00000      0.00000
      5.18432      2.18962      0.00000      0.00000
      5.19432      2.01707      0.00000      0.00000
      5.20432      1.76254      0.00000      0.00000
      5.21432      1.74278      0.00000      0.00000
      5.22432      1.85969      0.00000      0.00000
      5.23432      2.10223      0.00000      0.00000
      5.24432      2.30301      0.00000      0.00000
      5.25432      2.45584      0.00000      0.00000
      5.26432      2.12558      0.00000      0.00000
      5.27432      1.20708      0.00000      0.00000
      5.28432      0.81738      0.00000      0.00000
      5.29432      1.13549      0.00000      0.00000
      5.30432      1.23277      0.00000      0.00000
      5.31432      1.07098      0.00000      0.00000
      5.32432      1.52181      0.00000      0.00000
      5.33432      2.30514      0.00000      0.00000
      5.34432      2.61235      0.00000      0.00000
      5.35432      2.16373      0.00000      0.00000
      5.36432      1.65081      0.00000      0.00000
      5.37432      1.54929      0.00000      0.00000
      5.38432      1.47520      0.00000      0.00000
      5.39432      1.49170      0.00000      0.00000
      5.40432      1.36941      0.00000      0.00000
      5.41432      1.23800      0.00000      0.00000
      5.42432      1.25463      0.00000      0.00000
      5.43432      1.54945      0.00000      0.00000
      5.44432      1.73286      0.00000      0.00000
      5.45432      1.78390      0.00000      0.00000
      5.46432      1.89282      0.00000      0.00000
      5.47432      1.78391      0.00000      0.00000
      5.48432      1.70967      0.00000      0.00000
      5.49432      1.59974      0.00000      0.00000
      5.50432      1.37711      0.00000      0.00000
      5.51432      1.16607      0.00000      0.00000
      5.52432      1.00048      0.00000      0.00000
      5.53432      0.96660      0.00000      0.00000
      5.54432      0.91008      0.00000      0.00000
      5.55432      0.66218      0.00000      0.00000
      5.56432      0.60233      0.00000      0.00000
      5.57432      0.63904      0.00000      0.00000
      5.58432      0.79112      0.00000      0.00000
      5.59432      1.26504      0.00000      0.00000
      5.60432      1.73724      0.00000      0.00000
      5.61432      1.95751      0.00000      0.00000
      5.62432      1.86130      0.00000      0.00000
      5.63432      1.46672      0.00000      0.00000
      5.64432      1.35031      0.00000      0.00000
      5.65432      1.19475      0.00000      0.00000
      5.66432      0.83981      0.00000      0.00000
      5.67432      0.87467      0.00000      0.00000
      5.68432      1.41931      0.00000      0.00000
      5.69432      1.68902      0.00000      0.00000
      5.70432      1.01491      0.00000      0.00000
      5.71432      0.46224      0.00000      0.00000
      5.72432      0.98837      0.00000      0.00000
      5.73432      2.03404      0.00000      0.00000
      5.74432      2.17222      0.00000      0.00000
      5.75432      1.54037      0.00000      0.00000
      5.76432      1.31229      0.00000      0.00000
      5.77432      1.43679      0.00000      0.00000
      5.78432      1.22830      0.00000      0.00000
      5.79432      1.16714      0.00000      0.00000
      5.80432      1.79890      0.00000      0.00000
      5.81432      1.97890      0.00000      0.00000
      5.82432      1.38087      0.00000      0.00000
      5.83432      0.98769      0.00000      0.00000
      5.84432      0.94645      0.00000      0.00000
      5.85432      0.76542      0.00000      0.00000
      5.86432      0.53459      0.00000      0.00000
      5.87432      0.70984      0.00000      0.00000
      5.88432      1.10825      0.00000      0.00000
      5.89432      1.39598      0.00000      0.00000
      5.90432      1.58837      0.00000      0.00000
      5.91432      2.10856      0.00000      0.00000
      5.92432      2.65226      0.00000      0.00000
      5.93432      2.51787      0.00000      0.00000
      5.94432      1.88505      0.00000      0.00000
      5.95432      1.39857      0.00000      0.00000
      5.96432      1.01601      0.00000      0.00000
      5.97432      0.73884      0.00000      0.00000
      5.98432      0.87939      0.00000      0.00000
      5.99432      1.38101      0.00000      0.00000
      6.00432      1.87017      0.00000      0.00000
      6.01432      1.98855      0.00000      0.00000
      6.02432      2.04760      0.00000      0.00000
      6.03432      2.17670      0.00000      0.00000
      6.04432      1.83305      0.00000      0.00000
      6.05432      1.53064      0.00000      0.00000
      6.06432      1.78755      0.00000      0.00000
      6.07432      2.13899      0.00000      0.00000
      6.08432      2.37107      0.00000      0.00000
      6.09432      2.18557      0.00000      0.00000
      6.10432      1.52255      0.00000      0.00000
      6.11432      0.89486      0.00000      0.00000
      6.12432      0.61483      0.00000      0.00000
      6.13432      1.17843      0.00000      0.00000
      6.14432      2.09706      0.00000      0.00000
      6.15432      2.42932      0.00000      0.00000
      6.16432      1.99639      0.00000      0.00000
      6.17432      1.54741      0.00000      0.00000
      6.18432      1.35038      0.00000      0.00000
      6.19432      1.50486      0.00000      0.00000
      6.20432      2.33513      0.00000      0.00000
      6.21432      3.10307      0.00000      0.00000
      6.22432      2.93605      0.00000      0.00000
      6.23432      2.39880      0.00000      0.00000
      6.24432      2.03217      0.00000      0.00000
      6.25432      1.70047      0.00000      0.00000
      6.26432      1.85369      0.00000      0.00000
      6.27432      1.88401      0.00000      0.00000
      6.28432      1.56520      0.00000      0.00000
      6.29432      1.55865      0.00000      0.00000
      6.30432      1.74515      0.00000      0.00000
      6.31432      1.91295      0.00000      0.00000
      6.32432      2.11144      0.00000      0.00000
      6.33432      2.86610      0.00000      0.00000
      6.34432      3.37950      0.00000      0.00000
      6.35432      2.54530      0.00000      0.00000
      6.36432      1.79076      0.00000      0.00000
      6.37432      1.96974      0.00000      0.00000
      6.38432      1.96273      0.00000      0.00000
      6.39432      1.58315      0.00000      0.00000
      6.40432      1.35798      0.00000      0.00000
      6.41432      1.87688      0.00000      0.00000
      6.42432      2.39672      0.00000      0.00000
      6.43432      1.95835      0.00000      0.00000
      6.44432      1.37483      0.00000      0.00000
      6.45432      1.17860      0.00000      0.00000
      6.46432      1.33590      0.00000      0.00000
      6.47432      1.49017      0.00000      0.00000
      6.48432      1.41782      0.00000      0.00000
      6.49432      1.44650      0.00000      0.00000
      6.50432      1.46228      0.00000      0.00000
      6.51432      1.31502      0.00000      0.00000
      6.52432      1.44503      0.00000      0.00000
      6.53432      1.64519      0.00000      0.00000
      6.54432      1.70299      0.00000      0.00000
      6.55432      1.74917      0.00000      0.00000
      6.56432      1.74885      0.00000      0.00000
      6.57432      1.66072      0.00000      0.00000
      6.58432      1.63154      0.00000      0.00000
      6.59432      1.69064      0.00000      0.00000
      6.60432      1.37369      0.00000      0.00000
      6.61432      0.94023      0.00000      0.00000
      6.62432      1.09626      0.00000      0.00000
      6.63432      1.56085      0.00000      0.00000
      6.64432      1.75524      0.00000      0.00000
      6.65432      1.73262      0.00000      0.00000
      6.66432      1.80164      0.00000      0.00000
      6.67432      2.03563      0.00000      0.00000
      6.68432      2.44280      0.00000      0.00000
      6.69432      2.02198      0.00000      0.00000
      6.70432      1.16859      0.00000      0.00000
      6.71432      1.13180      0.00000      0.00000
      6.72432      1.41406      0.00000      0.00000
      6.73432      1.39250      0.00000      0.00000
      6.74432      1.45846      0.00000      0.00000
      6.75432      1.82829      0.00000      0.00000
      6.76432      2.27365      0.00000      0.00000
      6.77432      2.22677      0.00000      0.00000
      6.78432      1.66954      0.00000      0.00000
      6.79432      1.66190      0.00000      0.00000
      6.80432      2.32643      0.00000      0.00000
      6.81432      2.94815      0.00000      0.00000
      6.82432      3.26358      0.00000      0.00000
      6.83432      2.74032      0.00000      0.00000
      6.84432      1.71913      0.00000      0.00000
      6.85432      1.04743      0.00000      0.00000
      6.86432      0.88844      0.00000      0.00000
      6.87432      1.08420      0.00000      0.00000
      6.88432      1.55571      0.00000      0.00000
      6.89432      2.34525      0.00000      0.00000
      6.90432      3.11373      0.00000      0.00000
      6.91432      3.04353      0.00000      0.00000
      6.92432      2.34473      0.00000      0.00000
      6.93432      2.18363      0.00000      0.00000
      6.94432      2.56315      0.00000      0.00000
      6.95432      3.11302      0.00000      0.00000
      6.96432      3.50449      0.00000      0.00000
      6.97432      2.99252      0.00000      0.00000
      6.98432      2.07886      0.00000      0.00000
      6.99432      1.81778      0.00000      0.00000
      7.00432      2.35627      0.00000      0.00000
