Energy-E_F (eV)    DOS (1/eV)    PDOS (1/eV)  of atom type W  Se 
     -5.43799      4.15055      1.29165      2.85890
     -5.42799      3.18575      0.95219      2.23355
     -5.41799      2.46040      0.71452      1.74588
     -5.40799      2.02012      0.61869      1.40144
     -5.39799      2.55429      0.79445      1.75984
     -5.38799      3.72086      1.10691      2.61395
     -5.37799      3.38726      0.94451      2.44275
     -5.36799      1.54981      0.41214      1.13768
     -5.35799      0.76377      0.22820      0.53557
     -5.34799      1.39613      0.43201      0.96412
     -5.33799      2.26588      0.66588      1.60000
     -5.32799      2.21140      0.63975      1.57165
     -5.31799      1.16854      0.35011      0.81843
     -5.30799      0.86308      0.28131      0.58177
     -5.29799      1.48886      0.45860      1.03026
     -5.28799      2.20198      0.60069      1.60130
     -5.27799      2.27495      0.55223      1.72272
     -5.26799      1.32750      0.30643      1.02107
     -5.25799      0.66950      0.17361      0.49589
     -5.24799      0.58135      0.16550      0.41585
     -5.23799      0.40188      0.10916      0.29272
     -5.22799      0.66909      0.16253      0.50656
     -5.21799      1.28579      0.32149      0.96430
     -5.20799      1.08795      0.28664      0.80131
     -5.19799      0.56144      0.16325      0.39819
     -5.18799      0.72013      0.22499      0.49514
     -5.17799      1.25729      0.38015      0.87714
     -5.16799      1.82842      0.50882      1.31960
     -5.15799      2.13694      0.52937      1.60757
     -5.14799      1.58229      0.36536      1.21694
     -5.13799      0.53543      0.12103      0.41440
     -5.12799      0.07128      0.01605      0.05523
     -5.11799      0.01286      0.00312      0.00974
     -5.10799      0.12193      0.03023      0.09171
     -5.09799      0.62605      0.15510      0.47095
     -5.08799      1.33917      0.33799      1.00118
     -5.07799      1.30509      0.34549      0.95960
     -5.06799      0.61917      0.17415      0.44502
     -5.05799      0.17109      0.05110      0.11998
     -5.04799      0.21231      0.06585      0.14646
     -5.03799      0.55520      0.16370      0.39150
     -5.02799      1.04893      0.28170      0.76723
     -5.01799      1.66951      0.41012      1.25939
     -5.00799      1.73843      0.41236      1.32607
     -4.99799      0.83814      0.19827      0.63987
     -4.98799      0.23756      0.06063      0.17693
     -4.97799      0.35858      0.10386      0.25472
     -4.96799      0.55641      0.16196      0.39446
     -4.95799      0.36378      0.10379      0.25999
     -4.94799      0.34889      0.08799      0.26090
     -4.93799      0.97811      0.24903      0.72907
     -4.92799      2.05736      0.54584      1.51152
     -4.91799      3.40791      0.90319      2.50472
     -4.90799      4.39893      1.14506      3.25387
     -4.89799      4.23616      1.09556      3.14060
     -4.88799      3.68590      0.94293      2.74297
     -4.87799      2.80043      0.70906      2.09137
     -4.86799      2.37000      0.60604      1.76397
     -4.85799      3.42554      0.88299      2.54255
     -4.84799      4.30497      1.12240      3.18257
     -4.83799      3.40209      0.89855      2.50354
     -4.82799      2.38378      0.60721      1.77656
     -4.81799      2.24185      0.56249      1.67937
     -4.80799      2.26242      0.58203      1.68039
     -4.79799      1.83168      0.46498      1.36671
     -4.78799      1.45146      0.35855      1.09291
     -4.77799      1.88777      0.48524      1.40254
     -4.76799      3.13853      0.84368      2.29485
     -4.75799      3.80869      1.02110      2.78759
     -4.74799      3.12103      0.80100      2.32003
     -4.73799      2.01643      0.50620      1.51023
     -4.72799      1.76863      0.47875      1.28987
     -4.71799      1.99106      0.59010      1.40096
     -4.70799      2.30856      0.71060      1.59796
     -4.69799      2.92087      0.88000      2.04086
     -4.68799      3.72621      1.06136      2.66485
     -4.67799      3.98623      1.08201      2.90422
     -4.66799      3.56389      0.92293      2.64096
     -4.65799      3.12956      0.77880      2.35077
     -4.64799      2.66534      0.66363      2.00171
     -4.63799      2.64363      0.69558      1.94806
     -4.62799      2.81731      0.77810      2.03921
     -4.61799      2.29878      0.65158      1.64719
     -4.60799      1.92574      0.56419      1.36155
     -4.59799      2.77785      0.83787      1.93997
     -4.58799      4.48324      1.34359      3.13964
     -4.57799      4.96019      1.46677      3.49342
     -4.56799      3.59297      1.05646      2.53651
     -4.55799      3.04759      0.90762      2.13998
     -4.54799      4.32724      1.34899      2.97824
     -4.53799      5.55275      1.76346      3.78929
     -4.52799      5.71422      1.78125      3.93297
     -4.51799      5.97867      1.79252      4.18615
     -4.50799      6.12534      1.82434      4.30101
     -4.49799      5.32397      1.61293      3.71104
     -4.48799      4.16859      1.28308      2.88551
     -4.47799      3.50759      1.10602      2.40156
     -4.46799      3.69464      1.16820      2.52644
     -4.45799      4.22810      1.29198      2.93612
     -4.44799      3.97741      1.20883      2.76858
     -4.43799      3.81290      1.20797      2.60493
     -4.42799      4.86113      1.53662      3.32451
     -4.41799      5.83452      1.76961      4.06491
     -4.40799      5.59420      1.62986      3.96434
     -4.39799      3.97459      1.13944      2.83515
     -4.38799      2.17191      0.66120      1.51071
     -4.37799      1.07781      0.38224      0.69557
     -4.36799      0.58352      0.23657      0.34695
     -4.35799      0.74775      0.31698      0.43077
     -4.34799      0.77890      0.33050      0.44839
     -4.33799      0.41835      0.16362      0.25473
     -4.32799      0.61500      0.18042      0.43458
     -4.31799      1.37059      0.38752      0.98307
     -4.30799      1.66705      0.47716      1.18988
     -4.29799      1.43906      0.44435      0.99471
     -4.28799      1.13250      0.39806      0.73444
     -4.27799      0.73071      0.26555      0.46517
     -4.26799      0.63709      0.20027      0.43682
     -4.25799      0.66366      0.21364      0.45002
     -4.24799      0.68039      0.26059      0.41981
     -4.23799      0.68175      0.26606      0.41569
     -4.22799      0.52231      0.17804      0.34427
     -4.21799      0.47756      0.14135      0.33621
     -4.20799      0.59048      0.16995      0.42053
     -4.19799      0.45021      0.13488      0.31533
     -4.18799      0.36017      0.13913      0.22104
     -4.17799      0.72771      0.28567      0.44205
     -4.16799      1.16140      0.37754      0.78386
     -4.15799      1.46668      0.41376      1.05292
     -4.14799      1.88388      0.55405      1.32983
     -4.13799      2.21521      0.66762      1.54760
     -4.12799      2.05096      0.59872      1.45225
     -4.11799      1.87765      0.50418      1.37347
     -4.10799      1.95445      0.47331      1.48114
     -4.09799      1.43888      0.32523      1.11366
     -4.08799      0.85453      0.18066      0.67387
     -4.07799      0.67108      0.16452      0.50656
     -4.06799      0.62762      0.23333      0.39429
     -4.05799      0.60828      0.26224      0.34604
     -4.04799      0.53948      0.19799      0.34148
     -4.03799      0.89340      0.25723      0.63617
     -4.02799      1.44096      0.38597      1.05499
     -4.01799      1.74486      0.50535      1.23952
     -4.00799      1.91703      0.64647      1.27055
     -3.99799      1.48153      0.53272      0.94881
     -3.98799      0.68991      0.25932      0.43060
     -3.97799      0.81213      0.31341      0.49872
     -3.96799      1.23360      0.45209      0.78151
     -3.95799      1.28293      0.40815      0.87478
     -3.94799      1.64678      0.45206      1.19472
     -3.93799      1.75121      0.47333      1.27787
     -3.92799      1.09021      0.30490      0.78531
     -3.91799      0.43719      0.11929      0.31790
     -3.90799      0.30271      0.06880      0.23391
     -3.89799      0.31018      0.08079      0.22939
     -3.88799      0.31372      0.12158      0.19214
     -3.87799      0.40033      0.16271      0.23762
     -3.86799      0.80659      0.24583      0.56076
     -3.85799      2.14828      0.57058      1.57770
     -3.84799      3.77000      0.97865      2.79135
     -3.83799      4.60046      1.17915      3.42131
     -3.82799      4.71105      1.12876      3.58229
     -3.81799      4.16868      0.84346      3.32522
     -3.80799      4.24821      0.69003      3.55817
     -3.79799      5.67348      0.94567      4.72781
     -3.78799      6.52667      1.35106      5.17561
     -3.77799      6.20390      1.65220      4.55170
     -3.76799      5.19606      1.52733      3.66873
     -3.75799      3.52207      0.98736      2.53471
     -3.74799      2.93362      0.76780      2.16582
     -3.73799      3.18563      0.81996      2.36567
     -3.72799      3.10713      0.83559      2.27155
     -3.71799      2.65678      0.75227      1.90450
     -3.70799      2.52133      0.73753      1.78380
     -3.69799      2.45177      0.76108      1.69069
     -3.68799      2.20882      0.75649      1.45234
     -3.67799      1.64674      0.60184      1.04489
     -3.66799      1.10241      0.36573      0.73668
     -3.65799      1.68099      0.48794      1.19306
     -3.64799      2.80188      0.87482      1.92706
     -3.63799      3.36589      1.11428      2.25161
     -3.62799      3.50029      1.18134      2.31896
     -3.61799      3.98732      1.36371      2.62361
     -3.60799      4.29096      1.44082      2.85014
     -3.59799      3.63951      1.19305      2.44646
     -3.58799      2.16021      0.76145      1.39876
     -3.57799      0.95759      0.40067      0.55692
     -3.56799      0.73728      0.29481      0.44247
     -3.55799      1.89210      0.69078      1.20132
     -3.54799      3.31164      1.21529      2.09635
     -3.53799      3.46220      1.25542      2.20678
     -3.52799      2.59810      0.89708      1.70102
     -3.51799      1.68611      0.52899      1.15712
     -3.50799      1.13617      0.30334      0.83283
     -3.49799      0.63980      0.16233      0.47746
     -3.48799      0.95599      0.34035      0.61564
     -3.47799      3.01743      1.13341      1.88402
     -3.46799      4.60753      1.72513      2.88240
     -3.45799      3.65981      1.36792      2.29188
     -3.44799      2.01934      0.76637      1.25297
     -3.43799      0.99983      0.39347      0.60636
     -3.42799      0.95566      0.39760      0.55806
     -3.41799      1.69867      0.72207      0.97660
     -3.40799      2.36001      0.98910      1.37091
     -3.39799      2.59806      1.00774      1.59031
     -3.38799      2.49202      0.84572      1.64630
     -3.37799      2.30453      0.68058      1.62395
     -3.36799      2.53579      0.76608      1.76971
     -3.35799      2.90275      0.98099      1.92175
     -3.34799      3.32498      1.17301      2.15197
     -3.33799      2.97996      1.07144      1.90853
     -3.32799      3.02555      1.11893      1.90663
     -3.31799      4.17478      1.50967      2.66511
     -3.30799      3.80343      1.36700      2.43643
     -3.29799      2.70930      1.05974      1.64956
     -3.28799      2.32175      0.98845      1.33331
     -3.27799      2.10136      0.90992      1.19145
     -3.26799      2.36025      0.97948      1.38077
     -3.25799      2.78838      1.11143      1.67696
     -3.24799      2.79309      1.15327      1.63982
     -3.23799      2.74635      1.13967      1.60668
     -3.22799      2.72405      1.11487      1.60918
     -3.21799      2.87439      1.22318      1.65121
     -3.20799      2.82123      1.18858      1.63264
     -3.19799      2.02761      0.77155      1.25606
     -3.18799      1.55645      0.53465      1.02181
     -3.17799      1.70152      0.62847      1.07305
     -3.16799      1.62678      0.62992      0.99686
     -3.15799      1.46771      0.54692      0.92080
     -3.14799      1.18121      0.42091      0.76031
     -3.13799      1.21752      0.43129      0.78623
     -3.12799      1.85543      0.73916      1.11628
     -3.11799      2.35016      0.96616      1.38400
     -3.10799      2.34560      0.89445      1.45115
     -3.09799      2.42066      0.83096      1.58970
     -3.08799      2.38729      0.72418      1.66310
     -3.07799      1.59526      0.44628      1.14898
     -3.06799      1.14053      0.40221      0.73832
     -3.05799      1.50515      0.60490      0.90025
     -3.04799      1.62592      0.63683      0.98909
     -3.03799      1.74520      0.67339      1.07181
     -3.02799      1.70036      0.64093      1.05944
     -3.01799      1.53477      0.55968      0.97509
     -3.00799      1.85186      0.63114      1.22073
     -2.99799      2.18838      0.74643      1.44196
     -2.98799      2.28317      0.81903      1.46414
     -2.97799      2.16820      0.77436      1.39384
     -2.96799      1.67589      0.59431      1.08158
     -2.95799      0.86925      0.31123      0.55802
     -2.94799      0.37795      0.13062      0.24734
     -2.93799      0.73936      0.25576      0.48360
     -2.92799      1.15128      0.42720      0.72408
     -2.91799      0.93012      0.38117      0.54895
     -2.90799      0.96970      0.41588      0.55382
     -2.89799      1.67455      0.69318      0.98137
     -2.88799      2.60299      1.05033      1.55266
     -2.87799      2.36780      0.87644      1.49136
     -2.86799      1.24283      0.38584      0.85699
     -2.85799      1.06446      0.25948      0.80499
     -2.84799      1.95360      0.41275      1.54085
     -2.83799      2.77493      0.59438      2.18055
     -2.82799      2.74427      0.69939      2.04488
     -2.81799      2.26381      0.71376      1.55005
     -2.80799      1.62711      0.57704      1.05006
     -2.79799      1.25025      0.43947      0.81079
     -2.78799      1.25753      0.45531      0.80222
     -2.77799      1.20379      0.52632      0.67746
     -2.76799      1.02385      0.48244      0.54141
     -2.75799      1.09744      0.39577      0.70167
     -2.74799      1.28117      0.37565      0.90552
     -2.73799      1.13617      0.33844      0.79774
     -2.72799      1.12132      0.38741      0.73391
     -2.71799      1.23998      0.44621      0.79376
     -2.70799      1.58854      0.50973      1.07882
     -2.69799      2.52033      0.80676      1.71357
     -2.68799      2.98377      1.00043      1.98334
     -2.67799      2.13228      0.71041      1.42187
     -2.66799      1.48628      0.49000      0.99628
     -2.65799      1.87865      0.66730      1.21135
     -2.64799      2.52053      0.89662      1.62391
     -2.63799      2.72807      0.90545      1.82262
     -2.62799      2.76282      0.92224      1.84058
     -2.61799      2.44853      0.89926      1.54927
     -2.60799      2.19390      0.69970      1.49420
     -2.59799      3.53627      0.82419      2.71208
     -2.58799      6.57497      1.45052      5.12445
     -2.57799      8.44316      1.82622      6.61694
     -2.56799      7.50712      1.61920      5.88792
     -2.55799      5.67720      1.27135      4.40585
     -2.54799      4.88066      1.09140      3.78926
     -2.53799      4.49140      0.98187      3.50953
     -2.52799      4.74984      1.08528      3.66456
     -2.51799      5.34293      1.32621      4.01672
     -2.50799      4.15462      1.13664      3.01798
     -2.49799      2.77692      0.84686      1.93006
     -2.48799      2.90794      0.78417      2.12377
     -2.47799      3.27282      0.76844      2.50438
     -2.46799      3.17277      0.77014      2.40263
     -2.45799      3.80730      1.05518      2.75212
     -2.44799      4.36996      1.25757      3.11238
     -2.43799      4.19764      1.14478      3.05286
     -2.42799      3.61636      1.00056      2.61581
     -2.41799      3.05431      0.91367      2.14064
     -2.40799      2.60352      0.77843      1.82509
     -2.39799      2.89050      0.86021      2.03029
     -2.38799      3.79235      1.19695      2.59539
     -2.37799      3.88731      1.31793      2.56939
     -2.36799      3.27898      1.10889      2.17009
     -2.35799      3.24824      0.98293      2.26531
     -2.34799      2.88477      0.79341      2.09135
     -2.33799      1.75452      0.47012      1.28440
     -2.32799      2.07678      0.56108      1.51571
     -2.31799      4.25854      1.05506      3.20349
     -2.30799      5.60633      1.38854      4.21778
     -2.29799      4.71139      1.28431      3.42707
     -2.28799      4.38398      1.22081      3.16316
     -2.27799      4.55424      1.24451      3.30972
     -2.26799      3.47497      1.04713      2.42784
     -2.25799      3.02347      1.03588      1.98759
     -2.24799      3.26096      1.10547      2.15549
     -2.23799      2.83343      0.93032      1.90311
     -2.22799      2.52863      0.76381      1.76482
     -2.21799      2.59041      0.73855      1.85185
     -2.20799      3.09351      0.99865      2.09486
     -2.19799      3.56182      1.25946      2.30236
     -2.18799      3.15660      1.14143      2.01517
     -2.17799      2.57957      0.83331      1.74626
     -2.16799      3.27392      0.96168      2.31224
     -2.15799      3.63070      1.20317      2.42753
     -2.14799      2.48706      0.89253      1.59453
     -2.13799      2.38146      0.76985      1.61161
     -2.12799      4.00460      1.28510      2.71950
     -2.11799      4.95300      1.65035      3.30265
     -2.10799      4.40722      1.40485      3.00236
     -2.09799      3.72056      1.21502      2.50553
     -2.08799      3.61375      1.18839      2.42537
     -2.07799      4.36328      1.30676      3.05653
     -2.06799      4.31942      1.31211      3.00731
     -2.05799      3.07053      0.98359      2.08695
     -2.04799      2.76694      0.83206      1.93488
     -2.03799      3.30002      0.92271      2.37731
     -2.02799      3.10270      0.90134      2.20136
     -2.01799      2.43024      0.77583      1.65441
     -2.00799      2.34334      0.83717      1.50618
     -1.99799      2.58050      0.93144      1.64906
     -1.98799      2.70902      0.74084      1.96818
     -1.97799      2.10325      0.38253      1.72072
     -1.96799      1.28640      0.22580      1.06061
     -1.95799      1.73413      0.45092      1.28321
     -1.94799      2.41260      0.63421      1.77839
     -1.93799      1.97006      0.41145      1.55861
     -1.92799      1.53619      0.23754      1.29864
     -1.91799      1.62282      0.32355      1.29927
     -1.90799      1.51647      0.45909      1.05738
     -1.89799      2.21486      0.74557      1.46930
     -1.88799      4.54877      1.50764      3.04114
     -1.87799      6.35552      2.22181      4.13370
     -1.86799      5.60059      2.02893      3.57167
     -1.85799      3.63620      1.20132      2.43488
     -1.84799      2.39886      0.58391      1.81495
     -1.83799      2.16434      0.39918      1.76516
     -1.82799      2.18719      0.38208      1.80511
     -1.81799      2.04501      0.38394      1.66107
     -1.80799      1.85054      0.37107      1.47946
     -1.79799      1.79146      0.37277      1.41869
     -1.78799      1.93689      0.39508      1.54182
     -1.77799      1.99279      0.36999      1.62280
     -1.76799      1.98563      0.38696      1.59867
     -1.75799      2.07105      0.42524      1.64581
     -1.74799      1.97684      0.51673      1.46012
     -1.73799      1.54624      0.54739      0.99885
     -1.72799      1.60346      0.53812      1.06534
     -1.71799      2.29709      0.61529      1.68180
     -1.70799      1.93123      0.45706      1.47417
     -1.69799      1.26864      0.28811      0.98053
     -1.68799      1.59393      0.35180      1.24214
     -1.67799      1.89984      0.34902      1.55082
     -1.66799      1.90558      0.35101      1.55457
     -1.65799      1.84075      0.48370      1.35705
     -1.64799      2.01308      0.60973      1.40334
     -1.63799      2.50763      0.74134      1.76630
     -1.62799      2.84917      0.82654      2.02263
     -1.61799      2.58019      0.62757      1.95262
     -1.60799      2.27385      0.50906      1.76479
     -1.59799      1.90937      0.49490      1.41447
     -1.58799      1.37716      0.35426      1.02290
     -1.57799      1.56006      0.33317      1.22689
     -1.56799      1.74235      0.38521      1.35715
     -1.55799      1.26040      0.34766      0.91274
     -1.54799      1.21426      0.38614      0.82812
     -1.53799      2.46268      0.75221      1.71047
     -1.52799      3.32163      0.93496      2.38667
     -1.51799      2.34520      0.60722      1.73798
     -1.50799      1.16690      0.34277      0.82413
     -1.49799      1.01730      0.35417      0.66313
     -1.48799      1.45934      0.48560      0.97373
     -1.47799      1.88447      0.66123      1.22324
     -1.46799      1.82918      0.70356      1.12562
     -1.45799      1.83761      0.72146      1.11615
     -1.44799      2.08752      0.75657      1.33094
     -1.43799      1.86672      0.65272      1.21400
     -1.42799      1.34950      0.48098      0.86852
     -1.41799      1.45966      0.54183      0.91782
     -1.40799      1.83566      0.69393      1.14173
     -1.39799      1.85982      0.66225      1.19757
     -1.38799      1.50519      0.55413      0.95106
     -1.37799      1.08581      0.48126      0.60455
     -1.36799      0.69095      0.31026      0.38069
     -1.35799      0.43022      0.13569      0.29453
     -1.34799      0.22839      0.05235      0.17604
     -1.33799      0.10570      0.04633      0.05936
     -1.32799      0.19951      0.14053      0.05899
     -1.31799      0.32887      0.21452      0.11436
     -1.30799      0.41109      0.19014      0.22095
     -1.29799      0.55357      0.22409      0.32948
     -1.28799      0.48302      0.20230      0.28072
     -1.27799      0.36453      0.10172      0.26281
     -1.26799      0.35797      0.09965      0.25832
     -1.25799      0.52001      0.29531      0.22469
     -1.24799      1.02528      0.65743      0.36785
     -1.23799      1.48807      0.92769      0.56039
     -1.22799      1.36296      0.83564      0.52733
     -1.21799      0.92692      0.54699      0.37994
     -1.20799      0.90553      0.50000      0.40552
     -1.19799      0.89204      0.52124      0.37080
     -1.18799      0.76497      0.50922      0.25574
     -1.17799      0.61060      0.38558      0.22503
     -1.16799      0.65488      0.33322      0.32166
     -1.15799      0.79406      0.41483      0.37923
     -1.14799      0.98506      0.57673      0.40833
     -1.13799      1.11098      0.66340      0.44758
     -1.12799      1.29414      0.77596      0.51818
     -1.11799      1.36895      0.85623      0.51272
     -1.10799      1.40816      0.89849      0.50967
     -1.09799      1.47154      0.89501      0.57653
     -1.08799      1.17500      0.65702      0.51797
     -1.07799      0.75853      0.40385      0.35467
     -1.06799      1.09043      0.63619      0.45424
     -1.05799      2.09124      1.24426      0.84698
     -1.04799      2.39121      1.41854      0.97267
     -1.03799      2.27869      1.38459      0.89410
     -1.02799      2.24392      1.38098      0.86294
     -1.01799      1.66219      0.98883      0.67336
     -1.00799      0.74836      0.44099      0.30737
     -0.99799      0.77516      0.49889      0.27627
     -0.98799      1.55089      1.02205      0.52884
     -0.97799      1.89941      1.29651      0.60290
     -0.96799      1.82521      1.27058      0.55463
     -0.95799      1.99538      1.27771      0.71766
     -0.94799      2.44350      1.48085      0.96265
     -0.93799      2.68491      1.72797      0.95693
     -0.92799      2.54721      1.72027      0.82694
     -0.91799      2.44072      1.65253      0.78820
     -0.90799      2.50103      1.67061      0.83043
     -0.89799      2.42764      1.59251      0.83513
     -0.88799      2.50607      1.68963      0.81644
     -0.87799      3.39477      2.33262      1.06215
     -0.86799      4.59203      3.16487      1.42715
     -0.85799      4.58200      3.18649      1.39550
     -0.84799      3.71116      2.60715      1.10401
     -0.83799      3.95146      2.72150      1.22996
     -0.82799      4.07980      2.73879      1.34101
     -0.81799      3.37535      2.24233      1.13302
     -0.80799      3.30652      2.22464      1.08188
     -0.79799      3.33984      2.21877      1.12107
     -0.78799      2.93605      1.92066      1.01539
     -0.77799      2.38274      1.61262      0.77011
     -0.76799      2.00167      1.40914      0.59252
     -0.75799      1.91282      1.35270      0.56013
     -0.74799      2.78607      1.91875      0.86732
     -0.73799      3.45050      2.31065      1.13984
     -0.72799      2.93870      1.96028      0.97842
     -0.71799      2.19310      1.49487      0.69824
     -0.70799      2.37223      1.60799      0.76424
     -0.69799      2.59781      1.74938      0.84843
     -0.68799      1.85889      1.26277      0.59612
     -0.67799      1.76429      1.18469      0.57960
     -0.66799      2.40286      1.59264      0.81022
     -0.65799      2.60512      1.72962      0.87550
     -0.64799      2.39591      1.61697      0.77894
     -0.63799      2.40472      1.68363      0.72109
     -0.62799      2.72537      1.91379      0.81159
     -0.61799      2.34000      1.60019      0.73980
     -0.60799      1.63849      1.11523      0.52326
     -0.59799      1.56706      1.09746      0.46961
     -0.58799      1.95647      1.36477      0.59170
     -0.57799      2.08359      1.42750      0.65609
     -0.56799      1.85083      1.27820      0.57262
     -0.55799      1.81884      1.27892      0.53992
     -0.54799      2.00933      1.38923      0.62010
     -0.53799      2.02265      1.37443      0.64821
     -0.52799      2.06115      1.40337      0.65777
     -0.51799      2.44224      1.67887      0.76337
     -0.50799      2.35337      1.64381      0.70955
     -0.49799      2.06740      1.47434      0.59305
     -0.48799      2.15802      1.55912      0.59891
     -0.47799      2.23784      1.60600      0.63184
     -0.46799      2.45388      1.71241      0.74147
     -0.45799      2.52789      1.73860      0.78928
     -0.44799      1.74253      1.19180      0.55073
     -0.43799      1.23150      0.83616      0.39534
     -0.42799      1.44161      0.98374      0.45787
     -0.41799      1.77859      1.23809      0.54050
     -0.40799      1.69920      1.20720      0.49200
     -0.39799      1.33197      0.95885      0.37312
     -0.38799      1.16291      0.84285      0.32006
     -0.37799      0.92901      0.67660      0.25242
     -0.36799      0.53825      0.39297      0.14528
     -0.35799      0.26915      0.19900      0.07015
     -0.34799      0.43942      0.32984      0.10959
     -0.33799      0.61114      0.45873      0.15242
     -0.32799      0.65307      0.48974      0.16333
     -0.31799      0.96597      0.72986      0.23611
     -0.30799      1.09118      0.83362      0.25756
     -0.29799      0.91374      0.70051      0.21323
     -0.28799      0.76303      0.57805      0.18498
     -0.27799      0.56200      0.42186      0.14014
     -0.26799      0.43479      0.32516      0.10963
     -0.25799      0.56370      0.42109      0.14261
     -0.24799      0.40824      0.30504      0.10320
     -0.23799      0.16162      0.12231      0.03931
     -0.22799      0.28747      0.22333      0.06414
     -0.21799      0.57211      0.44484      0.12728
     -0.20799      0.58807      0.45514      0.13293
     -0.19799      0.60506      0.46438      0.14068
     -0.18799      0.49145      0.37623      0.11523
     -0.17799      0.20552      0.15775      0.04778
     -0.16799      0.24818      0.19291      0.05528
     -0.15799      0.52895      0.41177      0.11717
     -0.14799      0.51287      0.39967      0.11320
     -0.13799      0.51711      0.40464      0.11247
     -0.12799      0.90172      0.70565      0.19606
     -0.11799      0.92342      0.72115      0.20226
     -0.10799      0.42864      0.33415      0.09449
     -0.09799      0.08420      0.06557      0.01863
     -0.08799      0.01137      0.00890      0.00247
     -0.07799      0.05552      0.04382      0.01170
     -0.06799      0.25264      0.19934      0.05331
     -0.05799      0.48727      0.38420      0.10307
     -0.04799      0.42324      0.33350      0.08974
     -0.03799      0.25927      0.20459      0.05468
     -0.02799      0.42156      0.33357      0.08800
     -0.01799      0.54575      0.43195      0.11380
     -0.00799      0.27361      0.21656      0.05705
      0.00201      0.05058      0.04003      0.01055
      0.01201      0.00344      0.00272      0.00072
      0.02201      0.00009      0.00007      0.00002
      0.03201      0.00000      0.00000      0.00000
      0.04201      0.00000      0.00000      0.00000
      0.05201      0.00000      0.00000      0.00000
      0.06201      0.00000      0.00000      0.00000
      0.07201      0.00000      0.00000      0.00000
      0.08201      0.00000      0.00000      0.00000
      0.09201      0.00000      0.00000      0.00000
      0.10201      0.00000      0.00000      0.00000
      0.11201      0.00000      0.00000      0.00000
      0.12201      0.00000      0.00000      0.00000
      0.13201      0.00000      0.00000      0.00000
      0.14201      0.00000      0.00000      0.00000
      0.15201      0.00000      0.00000      0.00000
      0.16201      0.00000      0.00000      0.00000
      0.17201      0.00000      0.00000      0.00000
      0.18201      0.00000      0.00000      0.00000
      0.19201      0.00000      0.00000      0.00000
      0.20201      0.00000      0.00000      0.00000
      0.21201      0.00000      0.00000      0.00000
      0.22201      0.00000      0.00000      0.00000
      0.23201      0.00000      0.00000      0.00000
      0.24201      0.00000      0.00000      0.00000
      0.25201      0.00000      0.00000      0.00000
      0.26201      0.00000      0.00000      0.00000
      0.27201      0.00000      0.00000      0.00000
      0.28201      0.00000      0.00000      0.00000
      0.29201      0.00000      0.00000      0.00000
      0.30201      0.00000      0.00000      0.00000
      0.31201      0.00000      0.00000      0.00000
      0.32201      0.00000      0.00000      0.00000
      0.33201      0.00000      0.00000      0.00000
      0.34201      0.00000      0.00000      0.00000
      0.35201      0.00000      0.00000      0.00000
      0.36201      0.00000      0.00000      0.00000
      0.37201      0.00000      0.00000      0.00000
      0.38201      0.00000      0.00000      0.00000
      0.39201      0.00000      0.00000      0.00000
      0.40201      0.00000      0.00000      0.00000
      0.41201      0.00000      0.00000      0.00000
      0.42201      0.00000      0.00000      0.00000
      0.43201      0.00000      0.00000      0.00000
      0.44201      0.00000      0.00000      0.00000
      0.45201      0.00000      0.00000      0.00000
      0.46201      0.00000      0.00000      0.00000
      0.47201      0.00000      0.00000      0.00000
      0.48201      0.00000      0.00000      0.00000
      0.49201      0.00000      0.00000      0.00000
      0.50201      0.00000      0.00000      0.00000
      0.51201      0.00000      0.00000      0.00000
      0.52201      0.00000      0.00000      0.00000
      0.53201      0.00000      0.00000      0.00000
      0.54201      0.00000      0.00000      0.00000
      0.55201      0.00000      0.00000      0.00000
      0.56201      0.00000      0.00000      0.00000
      0.57201      0.00000      0.00000      0.00000
      0.58201      0.00000      0.00000      0.00000
      0.59201      0.00000      0.00000      0.00000
      0.60201      0.00000      0.00000      0.00000
      0.61201      0.00000      0.00000      0.00000
      0.62201      0.00000      0.00000      0.00000
      0.63201      0.00000      0.00000      0.00000
      0.64201      0.00000      0.00000      0.00000
      0.65201      0.00000      0.00000      0.00000
      0.66201      0.00000      0.00000      0.00000
      0.67201      0.00000      0.00000      0.00000
      0.68201      0.00000      0.00000      0.00000
      0.69201      0.00000      0.00000      0.00000
      0.70201      0.00000      0.00000      0.00000
      0.71201      0.00000      0.00000      0.00000
      0.72201      0.00000      0.00000      0.00000
      0.73201      0.00000      0.00000      0.00000
      0.74201      0.00000      0.00000      0.00000
      0.75201      0.00000      0.00000      0.00000
      0.76201      0.00000      0.00000      0.00000
      0.77201      0.00000      0.00000      0.00000
      0.78201      0.00000      0.00000      0.00000
      0.79201      0.00000      0.00000      0.00000
      0.80201      0.00000      0.00000      0.00000
      0.81201      0.00000      0.00000      0.00000
      0.82201      0.00000      0.00000      0.00000
      0.83201      0.00000      0.00000      0.00000
      0.84201      0.00000      0.00000      0.00000
      0.85201      0.00000      0.00000      0.00000
      0.86201      0.00000      0.00000      0.00000
      0.87201      0.00000      0.00000      0.00000
      0.88201      0.00000      0.00000      0.00000
      0.89201      0.00000      0.00000      0.00000
      0.90201      0.00000      0.00000      0.00000
      0.91201      0.00000      0.00000      0.00000
      0.92201      0.00000      0.00000      0.00000
      0.93201      0.00000      0.00000      0.00000
      0.94201      0.00000      0.00000      0.00000
      0.95201      0.00000      0.00000      0.00000
      0.96201      0.00000      0.00000      0.00000
      0.97201      0.00000      0.00000      0.00000
      0.98201      0.00000      0.00000      0.00000
      0.99201      0.00000      0.00000      0.00000
      1.00201      0.00000      0.00000      0.00000
      1.01201      0.00000      0.00000      0.00000
      1.02201      0.00000      0.00000      0.00000
      1.03201      0.00000      0.00000      0.00000
      1.04201      0.00000      0.00000      0.00000
      1.05201      0.00000      0.00000      0.00000
      1.06201      0.00000      0.00000      0.00000
      1.07201      0.00000      0.00000      0.00000
      1.08201      0.00000      0.00000      0.00000
      1.09201      0.00000      0.00000      0.00000
      1.10201      0.00000      0.00000      0.00000
      1.11201      0.00000      0.00000      0.00000
      1.12201      0.00000      0.00000      0.00000
      1.13201      0.00000      0.00000      0.00000
      1.14201      0.00000      0.00000      0.00000
      1.15201      0.00000      0.00000      0.00000
      1.16201      0.00000      0.00000      0.00000
      1.17201      0.00000      0.00000      0.00000
      1.18201      0.00000      0.00000      0.00000
      1.19201      0.00000      0.00000      0.00000
      1.20201      0.00000      0.00000      0.00000
      1.21201      0.00000      0.00000      0.00000
      1.22201      0.00000      0.00000      0.00000
      1.23201      0.00000      0.00000      0.00000
      1.24201      0.00000      0.00000      0.00000
      1.25201      0.00000      0.00000      0.00000
      1.26201      0.00000      0.00000      0.00000
      1.27201      0.00000      0.00000      0.00000
      1.28201      0.00000      0.00000      0.00000
      1.29201      0.00000      0.00000      0.00000
      1.30201      0.00000      0.00000      0.00000
      1.31201      0.00000      0.00000      0.00000
      1.32201      0.00000      0.00000      0.00000
      1.33201      0.00000      0.00000      0.00000
      1.34201      0.00000      0.00000      0.00000
      1.35201      0.00000      0.00000      0.00000
      1.36201      0.00000      0.00000      0.00000
      1.37201      0.00000      0.00000      0.00000
      1.38201      0.00000      0.00000      0.00000
      1.39201      0.00000      0.00000      0.00000
      1.40201      0.00000      0.00000      0.00000
      1.41201      0.00000      0.00000      0.00000
      1.42201      0.00000      0.00000      0.00000
      1.43201      0.00000      0.00000      0.00000
      1.44201      0.00000      0.00000      0.00000
      1.45201      0.00000      0.00000      0.00000
      1.46201      0.00000      0.00000      0.00000
      1.47201      0.00000      0.00000      0.00000
      1.48201      0.00000      0.00000      0.00000
      1.49201      0.00000      0.00000      0.00000
      1.50201      0.00000      0.00000      0.00000
      1.51201      0.00000      0.00000      0.00000
      1.52201      0.00000      0.00000      0.00000
      1.53201      0.00000      0.00000      0.00000
      1.54201      0.00000      0.00000      0.00000
      1.55201      0.00000      0.00000      0.00000
      1.56201      0.00000      0.00000      0.00000
      1.57201      0.00000      0.00000      0.00000
      1.58201      0.00000      0.00000      0.00000
      1.59201      0.00000      0.00000      0.00000
      1.60201      0.00000      0.00000      0.00000
      1.61201      0.00000      0.00000      0.00000
      1.62201      0.00000      0.00000      0.00000
      1.63201      0.00000      0.00000      0.00000
      1.64201      0.00000      0.00000      0.00000
      1.65201      0.00000      0.00000      0.00000
      1.66201      0.00000      0.00000      0.00000
      1.67201      0.00000      0.00000      0.00000
      1.68201      0.00000      0.00000      0.00000
      1.69201      0.00000      0.00000      0.00000
      1.70201      0.00000      0.00000      0.00000
      1.71201      0.00000      0.00000      0.00000
      1.72201      0.00000      0.00000      0.00000
      1.73201      0.00000      0.00000      0.00000
      1.74201      0.00000      0.00000      0.00000
      1.75201      0.00000      0.00000      0.00000
      1.76201      0.00000      0.00000      0.00000
      1.77201      0.00000      0.00000      0.00000
      1.78201      0.00000      0.00000      0.00000
      1.79201      0.00000      0.00000      0.00000
      1.80201      0.00000      0.00000      0.00000
      1.81201      0.00000      0.00000      0.00000
      1.82201      0.00000      0.00000      0.00000
      1.83201      0.00000      0.00000      0.00000
      1.84201      0.00000      0.00000      0.00000
      1.85201      0.00000      0.00000      0.00000
      1.86201      0.00000      0.00000      0.00000
      1.87201      0.00000      0.00000      0.00000
      1.88201      0.00000      0.00000      0.00000
      1.89201      0.00000      0.00000      0.00000
      1.90201      0.00000      0.00000      0.00000
      1.91201      0.00000      0.00000      0.00000
      1.92201      0.00000      0.00000      0.00000
      1.93201      0.00000      0.00000      0.00000
      1.94201      0.00000      0.00000      0.00000
      1.95201      0.00000      0.00000      0.00000
      1.96201      0.00000      0.00000      0.00000
      1.97201      0.00000      0.00000      0.00000
      1.98201      0.00000      0.00000      0.00000
      1.99201      0.00000      0.00000      0.00000
      2.00201      0.00000      0.00000      0.00000
      2.01201      0.00000      0.00000      0.00000
      2.02201      0.00000      0.00000      0.00000
      2.03201      0.00000      0.00000      0.00000
      2.04201      0.00000      0.00000      0.00000
      2.05201      0.00000      0.00000      0.00000
      2.06201      0.00000      0.00000      0.00000
      2.07201      0.00000      0.00000      0.00000
      2.08201      0.00000      0.00000      0.00000
      2.09201      0.00000      0.00000      0.00000
      2.10201      0.00000      0.00000      0.00000
      2.11201      0.00000      0.00000      0.00000
      2.12201      0.00000      0.00000      0.00000
      2.13201      0.00000      0.00000      0.00000
      2.14201      0.00000      0.00000      0.00000
      2.15201      0.00000      0.00000      0.00000
      2.16201      0.00000      0.00000      0.00000
      2.17201      0.00000      0.00000      0.00000
      2.18201      0.00000      0.00000      0.00000
      2.19201      0.00000      0.00000      0.00000
      2.20201      0.00000      0.00000      0.00000
      2.21201      0.00000      0.00000      0.00000
      2.22201      0.00000      0.00000      0.00000
      2.23201      0.00000      0.00000      0.00000
      2.24201      0.00037      0.00033      0.00004
      2.25201      0.01035      0.00926      0.00109
      2.26201      0.10548      0.09439      0.01109
      2.27201      0.39542      0.35384      0.04158
      2.28201      0.54544      0.48809      0.05735
      2.29201      0.28115      0.25154      0.02960
      2.30201      0.11500      0.10150      0.01350
      2.31201      0.35755      0.30042      0.05713
      2.32201      0.88362      0.67592      0.20770
      2.33201      1.29232      0.84139      0.45093
      2.34201      1.54246      0.88261      0.65985
      2.35201      1.60170      0.88090      0.72079
      2.36201      1.30807      0.70579      0.60227
      2.37201      1.05861      0.57310      0.48551
      2.38201      1.68659      0.98346      0.70313
      2.39201      2.74753      1.74966      0.99787
      2.40201      3.03664      2.04731      0.98933
      2.41201      2.48522      1.62251      0.86271
      2.42201      2.04899      1.22783      0.82115
      2.43201      1.94966      1.20156      0.74810
      2.44201      1.90338      1.22020      0.68317
      2.45201      2.43501      1.43420      1.00081
      2.46201      2.80823      1.55233      1.25591
      2.47201      2.07713      1.11883      0.95829
      2.48201      1.39084      0.80126      0.58958
      2.49201      1.58736      1.10218      0.48518
      2.50201      2.35711      1.64865      0.70847
      2.51201      3.41603      2.09274      1.32329
      2.52201      3.80679      2.16277      1.64401
      2.53201      3.74520      2.11264      1.63256
      2.54201      3.23832      1.83018      1.40814
      2.55201      1.91403      1.06978      0.84425
      2.56201      1.98338      1.13383      0.84955
      2.57201      4.20902      2.50783      1.70118
      2.58201      5.90100      3.54677      2.35423
      2.59201      5.06688      3.07046      1.99643
      2.60201      3.78724      2.44354      1.34370
      2.61201      3.08526      1.98775      1.09750
      2.62201      2.80733      1.70208      1.10525
      2.63201      2.33249      1.44613      0.88636
      2.64201      1.79309      1.19389      0.59920
      2.65201      2.13941      1.39153      0.74788
      2.66201      2.81587      1.77254      1.04333
      2.67201      3.48674      2.21865      1.26809
      2.68201      3.69696      2.38904      1.30792
      2.69201      3.85285      2.57909      1.27376
      2.70201      3.89874      2.71005      1.18869
      2.71201      3.57175      2.45107      1.12068
      2.72201      3.11429      1.99815      1.11615
      2.73201      2.27269      1.40752      0.86517
      2.74201      2.09859      1.33669      0.76189
      2.75201      2.78131      1.81497      0.96634
      2.76201      3.47261      2.35689      1.11572
      2.77201      3.64496      2.56085      1.08412
      2.78201      2.92200      2.09138      0.83062
      2.79201      2.12180      1.46722      0.65458
      2.80201      1.34534      0.89249      0.45285
      2.81201      0.93685      0.63412      0.30273
      2.82201      0.85243      0.58978      0.26264
      2.83201      1.00407      0.74774      0.25633
      2.84201      1.78239      1.38448      0.39791
      2.85201      2.80930      2.06172      0.74758
      2.86201      3.28812      2.24004      1.04807
      2.87201      2.95621      1.98242      0.97379
      2.88201      1.79935      1.24392      0.55543
      2.89201      1.11831      0.82303      0.29528
      2.90201      1.61025      1.24480      0.36544
      2.91201      2.33308      1.77206      0.56103
      2.92201      2.13874      1.55351      0.58523
      2.93201      1.58742      1.15588      0.43155
      2.94201      1.24125      0.94716      0.29408
      2.95201      0.85225      0.64849      0.20376
      2.96201      1.16632      0.82072      0.34560
      2.97201      1.88469      1.30737      0.57732
      2.98201      2.63265      1.89625      0.73640
      2.99201      3.70046      2.63960      1.06086
      3.00201      4.37783      3.12945      1.24838
      3.01201      4.18779      3.09911      1.08868
      3.02201      4.10057      3.10557      0.99501
      3.03201      3.85538      2.90316      0.95222
      3.04201      3.66284      2.61781      1.04503
      3.05201      4.33935      2.99520      1.34415
      3.06201      6.04807      4.10295      1.94513
      3.07201      8.05245      5.34945      2.70299
      3.08201      8.11091      5.47597      2.63494
      3.09201      6.39696      4.62776      1.76920
      3.10201      5.57006      4.16002      1.41004
      3.11201      5.40741      3.96933      1.43808
      3.12201      4.45285      3.36980      1.08305
      3.13201      3.70036      2.76553      0.93483
      3.14201      4.34664      2.95255      1.39409
      3.15201      5.37141      3.40176      1.96965
      3.16201      4.32085      2.64131      1.67954
      3.17201      2.23911      1.46281      0.77630
      3.18201      1.56961      1.19513      0.37449
      3.19201      1.95102      1.49046      0.46055
      3.20201      2.46993      1.72715      0.74278
      3.21201      3.30996      2.12794      1.18202
      3.22201      4.52241      2.91250      1.60991
      3.23201      5.52311      3.75771      1.76541
      3.24201      5.98551      4.20980      1.77570
      3.25201      4.99044      3.44782      1.54262
      3.26201      4.07419      2.66272      1.41147
      3.27201      4.36146      2.75928      1.60218
      3.28201      5.31645      3.35800      1.95845
      3.29201      5.98289      3.79080      2.19209
      3.30201      4.95182      3.27853      1.67329
      3.31201      4.19704      2.99983      1.19722
      3.32201      5.08413      3.63805      1.44608
      3.33201      5.71005      3.92688      1.78317
      3.34201      5.61752      3.75532      1.86220
      3.35201      5.98828      4.03946      1.94882
      3.36201      6.27754      4.41742      1.86012
      3.37201      5.54148      4.00731      1.53417
      3.38201      4.72520      3.31810      1.40710
      3.39201      3.93734      2.75611      1.18123
      3.40201      3.75531      2.83557      0.91974
      3.41201      4.93766      3.77894      1.15871
      3.42201      5.52801      3.97245      1.55556
      3.43201      4.19323      2.79098      1.40224
      3.44201      3.42255      2.12404      1.29851
      3.45201      4.19826      2.61370      1.58456
      3.46201      4.42109      2.92694      1.49415
      3.47201      3.52248      2.45696      1.06551
      3.48201      2.29951      1.61048      0.68903
      3.49201      1.91178      1.30789      0.60389
      3.50201      2.82726      1.82436      1.00290
      3.51201      4.40255      2.75875      1.64380
      3.52201      5.03707      3.17677      1.86031
      3.53201      4.96607      3.13787      1.82820
      3.54201      4.50422      2.97663      1.52760
      3.55201      3.28660      2.30049      0.98611
      3.56201      1.97529      1.33811      0.63718
      3.57201      2.07447      1.25698      0.81749
      3.58201      2.80764      1.58692      1.22072
      3.59201      2.58438      1.35764      1.22674
      3.60201      2.51578      1.29364      1.22214
      3.61201      3.37056      1.88621      1.48435
      3.62201      3.59230      2.18089      1.41140
      3.63201      3.15196      1.88002      1.27194
      3.64201      3.61137      2.00545      1.60592
      3.65201      3.64416      2.05094      1.59322
      3.66201      3.16391      1.79390      1.37001
      3.67201      3.38141      1.77820      1.60321
      3.68201      3.39548      1.69133      1.70416
      3.69201      3.32019      1.69214      1.62805
      3.70201      3.28623      1.74002      1.54622
      3.71201      3.87917      2.03000      1.84917
      3.72201      5.59453      2.95044      2.64409
      3.73201      6.69366      3.64720      3.04647
      3.74201      6.27948      3.57540      2.70407
      3.75201      4.73914      2.80998      1.92916
      3.76201      3.13776      1.90147      1.23629
      3.77201      2.13520      1.23437      0.90083
      3.78201      1.89648      0.96425      0.93223
      3.79201      2.26306      1.09960      1.16346
      3.80201      2.44002      1.21752      1.22249
      3.81201      2.31555      1.23104      1.08451
      3.82201      2.25505      1.28176      0.97328
      3.83201      2.43397      1.38711      1.04687
      3.84201      2.20245      1.21946      0.98299
      3.85201      1.52631      0.84393      0.68238
      3.86201      1.94927      1.11637      0.83291
      3.87201      2.89538      1.65839      1.23698
      3.88201      2.24898      1.24563      1.00334
      3.89201      1.11809      0.58344      0.53465
      3.90201      1.19004      0.62938      0.56066
      3.91201      1.91377      1.05697      0.85680
      3.92201      2.09514      1.18779      0.90735
      3.93201      2.22658      1.21735      1.00923
      3.94201      3.13189      1.66555      1.46634
      3.95201      4.25930      2.28897      1.97033
      3.96201      3.79547      2.06180      1.73367
      3.97201      2.05481      1.13326      0.92155
      3.98201      1.30444      0.70024      0.60420
      3.99201      1.61752      0.87130      0.74623
      4.00201      1.70647      0.92286      0.78361
      4.01201      1.32109      0.69371      0.62738
      4.02201      1.25736      0.64002      0.61733
      4.03201      1.55149      0.80397      0.74752
      4.04201      1.67434      0.90317      0.77117
      4.05201      1.80490      0.96398      0.84092
      4.06201      1.97149      1.03197      0.93951
      4.07201      1.75942      0.96987      0.78956
      4.08201      1.11050      0.66200      0.44849
      4.09201      0.57544      0.33651      0.23893
      4.10201      0.99548      0.50252      0.49296
      4.11201      1.77847      0.86736      0.91111
      4.12201      1.84954      0.87626      0.97328
      4.13201      1.71722      0.80337      0.91385
      4.14201      1.49323      0.70910      0.78413
      4.15201      1.49170      0.72283      0.76887
      4.16201      1.98204      0.96777      1.01428
      4.17201      2.11008      1.04183      1.06825
      4.18201      2.14051      1.06678      1.07373
      4.19201      1.65580      0.82097      0.83483
      4.20201      0.90496      0.43807      0.46689
      4.21201      0.46443      0.21633      0.24810
      4.22201      0.67667      0.31407      0.36260
      4.23201      1.32338      0.61884      0.70454
      4.24201      1.30293      0.61620      0.68673
      4.25201      1.29577      0.62453      0.67123
      4.26201      1.97193      0.94385      1.02808
      4.27201      1.87766      0.89213      0.98553
      4.28201      1.15039      0.55538      0.59501
      4.29201      0.89352      0.44166      0.45186
      4.30201      0.79779      0.39398      0.40381
      4.31201      0.65989      0.32255      0.33733
      4.32201      0.98863      0.47451      0.51413
      4.33201      2.05380      0.97407      1.07972
      4.34201      2.88058      1.35677      1.52381
      4.35201      2.20837      1.03357      1.17480
      4.36201      1.40582      0.65843      0.74739
      4.37201      1.66606      0.79101      0.87505
      4.38201      2.00493      0.96197      1.04296
      4.39201      1.94383      0.93398      1.00985
      4.40201      2.04258      0.97423      1.06836
      4.41201      2.33442      1.11127      1.22314
      4.42201      1.77466      0.84419      0.93047
      4.43201      0.83105      0.39281      0.43824
      4.44201      0.84800      0.39459      0.45341
      4.45201      1.20497      0.56049      0.64448
      4.46201      1.12247      0.53017      0.59231
      4.47201      1.36133      0.65199      0.70934
      4.48201      1.50963      0.72215      0.78747
      4.49201      1.07245      0.51528      0.55717
      4.50201      0.70945      0.34468      0.36477
      4.51201      0.35514      0.17334      0.18180
      4.52201      0.13918      0.06864      0.07055
      4.53201      0.42371      0.20880      0.21491
      4.54201      1.44900      0.69965      0.74935
      4.55201      2.77027      1.31480      1.45547
      4.56201      2.59879      1.22181      1.37698
      4.57201      1.32329      0.61692      0.70636
      4.58201      0.70314      0.32484      0.37830
      4.59201      0.33389      0.15388      0.18001
      4.60201      0.14920      0.06878      0.08043
      4.61201      0.24351      0.11228      0.13123
      4.62201      0.25806      0.11903      0.13902
      4.63201      0.19437      0.09018      0.10419
      4.64201      0.50866      0.23753      0.27113
      4.65201      1.05917      0.49505      0.56413
      4.66201      1.13596      0.53031      0.60564
      4.67201      0.84192      0.39149      0.45044
      4.68201      0.42208      0.19569      0.22639
      4.69201      0.11754      0.05433      0.06320
      4.70201      0.16122      0.07375      0.08748
      4.71201      0.48386      0.22142      0.26244
      4.72201      0.77840      0.35896      0.41944
      4.73201      1.42820      0.66805      0.76015
      4.74201      2.53805      1.19283      1.34522
      4.75201      2.56486      1.20623      1.35863
      4.76201      1.48737      0.69786      0.78951
      4.77201      0.89393      0.41632      0.47761
      4.78201      1.14694      0.53164      0.61530
      4.79201      1.32889      0.61245      0.71644
      4.80201      1.05121      0.48287      0.56834
      4.81201      0.94634      0.44154      0.50480
      4.82201      1.32254      0.62357      0.69897
      4.83201      1.64252      0.77573      0.86679
      4.84201      1.52763      0.72355      0.80408
      4.85201      1.27046      0.60690      0.66356
      4.86201      0.83512      0.40171      0.43340
      4.87201      0.87760      0.41684      0.46076
      4.88201      1.89997      0.89833      1.00164
      4.89201      3.08611      1.46516      1.62095
      4.90201      4.02738      1.92107      2.10631
      4.91201      4.00640      1.91141      2.09499
      4.92201      3.00257      1.42874      1.57383
      4.93201      2.16959      1.02494      1.14465
      4.94201      2.09850      0.99289      1.10561
      4.95201      3.12793      1.49456      1.63337
      4.96201      3.50968      1.68012      1.82956
      4.97201      3.37922      1.61034      1.76888
      4.98201      4.14376      1.96800      2.17576
      4.99201      4.53854      2.16015      2.37840
      5.00201      4.74076      2.25746      2.48330
      5.01201      5.44321      2.61086      2.83235
      5.02201      6.47532      3.13810      3.33722
      5.03201      6.14535      2.96962      3.17573
      5.04201      4.73984      2.27180      2.46804
      5.05201      4.03290      1.95488      2.07802
      5.06201      3.41484      1.67319      1.74166
      5.07201      2.91979      1.43401      1.48578
      5.08201      3.11218      1.52819      1.58399
      5.09201      3.19058      1.56349      1.62709
      5.10201      3.12002      1.52345      1.59657
      5.11201      3.31720      1.60990      1.70730
      5.12201      3.69572      1.82238      1.87334
      5.13201      4.08397      2.09806      1.98590
      5.14201      4.36467      2.29442      2.07025
      5.15201      3.79846      1.99567      1.80280
      5.16201      2.03415      1.06441      0.96975
      5.17201      0.67923      0.35583      0.32340
      5.18201      0.54518      0.28981      0.25538
      5.19201      0.89521      0.46999      0.42521
      5.20201      1.16532      0.57843      0.58689
      5.21201      1.69834      0.82776      0.87058
      5.22201      1.93108      0.96678      0.96429
      5.23201      1.95326      0.98477      0.96849
      5.24201      1.76846      0.89775      0.87071
      5.25201      0.96860      0.50541      0.46319
      5.26201      0.54717      0.30113      0.24604
      5.27201      0.62952      0.35232      0.27720
      5.28201      0.78779      0.42516      0.36264
      5.29201      1.56519      0.79053      0.77466
      5.30201      2.21763      1.06460      1.15303
      5.31201      1.90581      0.91925      0.98656
      5.32201      1.46790      0.78462      0.68328
      5.33201      1.26307      0.72484      0.53823
      5.34201      0.85912      0.49961      0.35951
      5.35201      0.53785      0.31286      0.22499
      5.36201      0.54994      0.32068      0.22925
      5.37201      0.63109      0.36428      0.26681
      5.38201      0.59706      0.31011      0.28695
      5.39201      1.02568      0.47720      0.54848
      5.40201      1.70424      0.80109      0.90315
      5.41201      1.94965      0.90184      1.04781
      5.42201      1.50751      0.67381      0.83370
      5.43201      0.89187      0.43264      0.45923
      5.44201      0.67804      0.38125      0.29679
      5.45201      0.62614      0.33069      0.29545
      5.46201      1.12808      0.53480      0.59328
      5.47201      1.74253      0.82345      0.91908
      5.48201      1.65793      0.81734      0.84060
      5.49201      1.17136      0.63934      0.53203
      5.50201      0.69202      0.40923      0.28279
      5.51201      0.27629      0.16745      0.10883
      5.52201      0.23045      0.14104      0.08941
      5.53201      0.52359      0.31571      0.20788
      5.54201      0.81382      0.44714      0.36668
      5.55201      1.48752      0.71482      0.77269
      5.56201      2.21352      1.01533      1.19819
      5.57201      1.67443      0.73520      0.93923
      5.58201      0.60025      0.24710      0.35316
      5.59201      0.09835      0.03771      0.06064
      5.60201      0.00696      0.00251      0.00445
      5.61201      0.00023      0.00009      0.00014
      5.62201      0.00128      0.00089      0.00039
      5.63201      0.02056      0.01431      0.00625
      5.64201      0.12213      0.08497      0.03716
      5.65201      0.27127      0.18722      0.08406
      5.66201      0.28217      0.17393      0.10825
      5.67201      0.43496      0.17814      0.25682
      5.68201      0.86647      0.30558      0.56089
      5.69201      0.91663      0.30780      0.60883
      5.70201      0.47423      0.15393      0.32030
      5.71201      0.27973      0.09261      0.18712
      5.72201      0.68371      0.23081      0.45290
      5.73201      1.27378      0.43022      0.84355
      5.74201      1.28767      0.43582      0.85185
      5.75201      0.62397      0.21145      0.41252
      5.76201      0.29401      0.09630      0.19770
      5.77201      0.62508      0.20342      0.42166
      5.78201      0.96213      0.32505      0.63707
      5.79201      0.79536      0.30232      0.49304
      5.80201      0.59192      0.32464      0.26729
      5.81201      0.60505      0.39988      0.20517
      5.82201      0.48257      0.27545      0.20712
      5.83201      0.67260      0.24265      0.42995
      5.84201      1.01464      0.33928      0.67535
      5.85201      0.74241      0.25649      0.48591
      5.86201      0.27162      0.10923      0.16238
      5.87201      0.20327      0.13019      0.07308
      5.88201      0.27841      0.19118      0.08723
      5.89201      0.16536      0.11267      0.05269
      5.90201      0.08516      0.03914      0.04601
      5.91201      0.32930      0.10054      0.22876
      5.92201      0.87974      0.26915      0.61059
      5.93201      1.13961      0.35910      0.78051
      5.94201      1.17543      0.39425      0.78118
      5.95201      1.19728      0.41598      0.78131
      5.96201      0.64208      0.22425      0.41783
      5.97201      0.17200      0.05819      0.11381
      5.98201      0.24738      0.07534      0.17204
      5.99201      0.56332      0.18183      0.38150
      6.00201      0.67251      0.28600      0.38651
      6.01201      0.78835      0.43771      0.35064
      6.02201      0.94514      0.46779      0.47734
      6.03201      0.91483      0.35659      0.55824
      6.04201      0.64225      0.22760      0.41465
      6.05201      0.40351      0.14298      0.26053
      6.06201      0.25399      0.09058      0.16341
      6.07201      0.08298      0.02962      0.05336
      6.08201      0.01052      0.00376      0.00676
      6.09201      0.00075      0.00025      0.00049
      6.10201      0.00807      0.00250      0.00557
      6.11201      0.09851      0.03054      0.06797
      6.12201      0.49363      0.15336      0.34027
      6.13201      1.17077      0.36337      0.80741
      6.14201      1.67638      0.51505      1.16133
      6.15201      1.80280      0.54948      1.25331
      6.16201      1.58847      0.48940      1.09908
      6.17201      1.15517      0.38409      0.77109
      6.18201      1.00291      0.44537      0.55754
      6.19201      1.40986      0.67036      0.73950
      6.20201      1.38480      0.58299      0.80181
      6.21201      0.92220      0.32444      0.59776
      6.22201      0.73347      0.24022      0.49325
      6.23201      0.65954      0.29634      0.36320
      6.24201      0.70689      0.42074      0.28615
      6.25201      0.75700      0.39530      0.36170
      6.26201      0.81927      0.30960      0.50966
      6.27201      0.82222      0.25968      0.56254
      6.28201      0.59381      0.17525      0.41856
      6.29201      0.21715      0.06282      0.15433
      6.30201      0.05825      0.01725      0.04100
      6.31201      0.26123      0.08219      0.17904
      6.32201      0.99641      0.33179      0.66462
      6.33201      1.64252      0.59474      1.04778
      6.34201      1.30922      0.51026      0.79896
      6.35201      0.53323      0.21098      0.32226
      6.36201      0.20268      0.06856      0.13412
      6.37201      0.47223      0.14729      0.32494
      6.38201      1.00156      0.35332      0.64824
      6.39201      1.43269      0.55481      0.87788
      6.40201      1.49756      0.55051      0.94705
      6.41201      1.10869      0.35980      0.74889
      6.42201      0.50672      0.15188      0.35484
      6.43201      0.12842      0.03740      0.09102
      6.44201      0.12662      0.03841      0.08821
      6.45201      0.35893      0.13049      0.22844
      6.46201      0.82121      0.36900      0.45220
      6.47201      1.66920      0.72063      0.94857
      6.48201      2.32916      0.83915      1.49001
      6.49201      2.39852      0.75287      1.64565
      6.50201      1.85710      0.56825      1.28885
      6.51201      1.07704      0.32796      0.74909
      6.52201      1.00671      0.29705      0.70966
      6.53201      1.23778      0.36208      0.87569
      6.54201      0.87933      0.25769      0.62164
      6.55201      0.68267      0.20610      0.47657
      6.56201      1.18534      0.36830      0.81705
      6.57201      1.62532      0.51226      1.11306
      6.58201      1.27313      0.40331      0.86982
      6.59201      0.80706      0.25919      0.54787
      6.60201      0.70798      0.27332      0.43466
      6.61201      0.69944      0.38639      0.31305
      6.62201      0.76542      0.46833      0.29709
      6.63201      1.01113      0.54484      0.46629
      6.64201      1.12396      0.55421      0.56974
      6.65201      0.61105      0.27910      0.33195
      6.66201      0.34641      0.12099      0.22543
      6.67201      0.59793      0.20403      0.39390
      6.68201      1.26449      0.50044      0.76405
      6.69201      1.61880      0.70102      0.91778
      6.70201      0.93683      0.42204      0.51479
      6.71201      0.48204      0.18467      0.29737
      6.72201      0.56511      0.18516      0.37996
      6.73201      0.37762      0.12210      0.25552
      6.74201      0.09579      0.03108      0.06471
      6.75201      0.02509      0.01106      0.01403
      6.76201      0.15996      0.07644      0.08352
      6.77201      0.60681      0.27211      0.33471
      6.78201      0.98694      0.40276      0.58418
      6.79201      0.96413      0.35313      0.61099
      6.80201      0.92125      0.38411      0.53714
      6.81201      1.02949      0.50495      0.52454
      6.82201      0.96010      0.42714      0.53296
      6.83201      0.49172      0.18443      0.30729
      6.84201      0.18195      0.06081      0.12114
      6.85201      0.35667      0.12296      0.23371
      6.86201      0.71964      0.27964      0.44000
      6.87201      1.04487      0.47529      0.56958
      6.88201      1.58123      0.66912      0.91211
      6.89201      1.79064      0.64990      1.14074
      6.90201      1.08810      0.36832      0.71977
      6.91201      0.42157      0.14126      0.28032
      6.92201      0.47649      0.16097      0.31552
      6.93201      0.53154      0.17950      0.35204
      6.94201      0.33901      0.11155      0.22746
      6.95201      0.64402      0.20163      0.44239
      6.96201      1.25901      0.39461      0.86441
      6.97201      1.05669      0.33750      0.71919
      6.98201      0.46495      0.17988      0.28507
      6.99201      0.56352      0.34267      0.22085
      7.00201      1.17848      0.74953      0.42895
      7.01201      1.34926      0.85098      0.49828
      7.02201      1.07427      0.65015      0.42412
      7.03201      1.06961      0.56100      0.50860
      7.04201      1.14031      0.49544      0.64487
      7.05201      0.95708      0.34575      0.61133
      7.06201      0.92694      0.30451      0.62243
      7.07201      1.19159      0.39082      0.80077
      7.08201      1.50408      0.53257      0.97152
      7.09201      1.35550      0.52894      0.82657
      7.10201      0.86527      0.34014      0.52513
      7.11201      0.65082      0.22160      0.42922
      7.12201      0.53325      0.17490      0.35834
      7.13201      0.37014      0.16210      0.20804
      7.14201      0.57378      0.31806      0.25572
      7.15201      0.78544      0.45306      0.33238
      7.16201      0.74898      0.44286      0.30612
      7.17201      0.59560      0.33314      0.26245
      7.18201      0.82960      0.38234      0.44726
      7.19201      1.13525      0.46974      0.66551
      7.20201      0.94313      0.36546      0.57767
      7.21201      1.00820      0.39297      0.61523
      7.22201      1.34773      0.56043      0.78730
      7.23201      1.42618      0.63286      0.79333
      7.24201      1.21771      0.55063      0.66708
      7.25201      1.12570      0.52901      0.59668
