Energy-E_F (eV)    DOS (1/eV)    PDOS (1/eV)  of atom type W  Se 
     -5.67466      5.31920      0.00000      0.00000
     -5.66466      6.90221      0.00000      0.00000
     -5.65466      7.54802      0.00000      0.00000
     -5.64466      5.57409      0.00000      0.00000
     -5.63466      4.10975      0.00000      0.00000
     -5.62466      4.55939      0.00000      0.00000
     -5.61466      4.49969      0.00000      0.00000
     -5.60466      3.67607      0.00000      0.00000
     -5.59466      2.33758      0.00000      0.00000
     -5.58466      1.76010      0.00000      0.00000
     -5.57466      2.36415      0.00000      0.00000
     -5.56466      2.97782      0.00000      0.00000
     -5.55466      3.28669      0.00000      0.00000
     -5.54466      2.86207      0.00000      0.00000
     -5.53466      2.41464      0.00000      0.00000
     -5.52466      3.19125      0.00000      0.00000
     -5.51466      3.35377      0.00000      0.00000
     -5.50466      2.44661      0.00000      0.00000
     -5.49466      2.18850      0.00000      0.00000
     -5.48466      2.08928      0.00000      0.00000
     -5.47466      1.72830      0.00000      0.00000
     -5.46466      1.85818      0.00000      0.00000
     -5.45466      2.33053      0.00000      0.00000
     -5.44466      2.68675      0.00000      0.00000
     -5.43466      2.67208      0.00000      0.00000
     -5.42466      1.68423      0.00000      0.00000
     -5.41466      1.11895      0.00000      0.00000
     -5.40466      2.04202      0.00000      0.00000
     -5.39466      2.86110      0.00000      0.00000
     -5.38466      2.31816      0.00000      0.00000
     -5.37466      1.71295      0.00000      0.00000
     -5.36466      1.52988      0.00000      0.00000
     -5.35466      0.94423      0.00000      0.00000
     -5.34466      0.53441      0.00000      0.00000
     -5.33466      0.93087      0.00000      0.00000
     -5.32466      1.46348      0.00000      0.00000
     -5.31466      1.66888      0.00000      0.00000
     -5.30466      2.20165      0.00000      0.00000
     -5.29466      2.28654      0.00000      0.00000
     -5.28466      1.31317      0.00000      0.00000
     -5.27466      0.76902      0.00000      0.00000
     -5.26466      1.67906      0.00000      0.00000
     -5.25466      2.78272      0.00000      0.00000
     -5.24466      2.55169      0.00000      0.00000
     -5.23466      1.77665      0.00000      0.00000
     -5.22466      1.36131      0.00000      0.00000
     -5.21466      1.59186      0.00000      0.00000
     -5.20466      2.64619      0.00000      0.00000
     -5.19466      4.45837      0.00000      0.00000
     -5.18466      5.67548      0.00000      0.00000
     -5.17466      6.02510      0.00000      0.00000
     -5.16466      6.97474      0.00000      0.00000
     -5.15466      7.93503      0.00000      0.00000
     -5.14466      8.09755      0.00000      0.00000
     -5.13466      7.50829      0.00000      0.00000
     -5.12466      6.22838      0.00000      0.00000
     -5.11466      5.59217      0.00000      0.00000
     -5.10466      5.19254      0.00000      0.00000
     -5.09466      4.52201      0.00000      0.00000
     -5.08466      3.32168      0.00000      0.00000
     -5.07466      2.51778      0.00000      0.00000
     -5.06466      2.89806      0.00000      0.00000
     -5.05466      3.35829      0.00000      0.00000
     -5.04466      2.44695      0.00000      0.00000
     -5.03466      1.87267      0.00000      0.00000
     -5.02466      3.38895      0.00000      0.00000
     -5.01466      5.17742      0.00000      0.00000
     -5.00466      5.43782      0.00000      0.00000
     -4.99466      5.06506      0.00000      0.00000
     -4.98466      5.49425      0.00000      0.00000
     -4.97466      6.85042      0.00000      0.00000
     -4.96466      7.35495      0.00000      0.00000
     -4.95466      6.31520      0.00000      0.00000
     -4.94466      6.33219      0.00000      0.00000
     -4.93466      7.90600      0.00000      0.00000
     -4.92466      7.60181      0.00000      0.00000
     -4.91466      5.38011      0.00000      0.00000
     -4.90466      4.48743      0.00000      0.00000
     -4.89466      5.69498      0.00000      0.00000
     -4.88466      6.53322      0.00000      0.00000
     -4.87466      6.20140      0.00000      0.00000
     -4.86466      6.18883      0.00000      0.00000
     -4.85466      7.17689      0.00000      0.00000
     -4.84466      8.79482      0.00000      0.00000
     -4.83466      9.16925      0.00000      0.00000
     -4.82466      8.24330      0.00000      0.00000
     -4.81466      8.65071      0.00000      0.00000
     -4.80466     11.69380      0.00000      0.00000
     -4.79466     13.67452      0.00000      0.00000
     -4.78466     11.57165      0.00000      0.00000
     -4.77466      9.72032      0.00000      0.00000
     -4.76466     10.65387      0.00000      0.00000
     -4.75466     11.16628      0.00000      0.00000
     -4.74466      9.23215      0.00000      0.00000
     -4.73466      8.23236      0.00000      0.00000
     -4.72466      8.83817      0.00000      0.00000
     -4.71466      7.68911      0.00000      0.00000
     -4.70466      5.63482      0.00000      0.00000
     -4.69466      4.89581      0.00000      0.00000
     -4.68466      5.11047      0.00000      0.00000
     -4.67466      5.38918      0.00000      0.00000
     -4.66466      4.96447      0.00000      0.00000
     -4.65466      4.51967      0.00000      0.00000
     -4.64466      4.59679      0.00000      0.00000
     -4.63466      5.97264      0.00000      0.00000
     -4.62466      6.80432      0.00000      0.00000
     -4.61466      5.02626      0.00000      0.00000
     -4.60466      2.74014      0.00000      0.00000
     -4.59466      1.47521      0.00000      0.00000
     -4.58466      1.84151      0.00000      0.00000
     -4.57466      2.57756      0.00000      0.00000
     -4.56466      2.46626      0.00000      0.00000
     -4.55466      1.82323      0.00000      0.00000
     -4.54466      1.48898      0.00000      0.00000
     -4.53466      1.99826      0.00000      0.00000
     -4.52466      2.49086      0.00000      0.00000
     -4.51466      2.37326      0.00000      0.00000
     -4.50466      1.93053      0.00000      0.00000
     -4.49466      1.45349      0.00000      0.00000
     -4.48466      1.21700      0.00000      0.00000
     -4.47466      1.50399      0.00000      0.00000
     -4.46466      1.93363      0.00000      0.00000
     -4.45466      1.50888      0.00000      0.00000
     -4.44466      0.81623      0.00000      0.00000
     -4.43466      1.03820      0.00000      0.00000
     -4.42466      1.64000      0.00000      0.00000
     -4.41466      1.76497      0.00000      0.00000
     -4.40466      2.55117      0.00000      0.00000
     -4.39466      4.19849      0.00000      0.00000
     -4.38466      4.58875      0.00000      0.00000
     -4.37466      3.66999      0.00000      0.00000
     -4.36466      3.45860      0.00000      0.00000
     -4.35466      3.76093      0.00000      0.00000
     -4.34466      3.61994      0.00000      0.00000
     -4.33466      2.88301      0.00000      0.00000
     -4.32466      2.17693      0.00000      0.00000
     -4.31466      2.51684      0.00000      0.00000
     -4.30466      3.63477      0.00000      0.00000
     -4.29466      3.74822      0.00000      0.00000
     -4.28466      2.89550      0.00000      0.00000
     -4.27466      2.71964      0.00000      0.00000
     -4.26466      3.16450      0.00000      0.00000
     -4.25466      2.56010      0.00000      0.00000
     -4.24466      1.56018      0.00000      0.00000
     -4.23466      1.67404      0.00000      0.00000
     -4.22466      2.21511      0.00000      0.00000
     -4.21466      3.17557      0.00000      0.00000
     -4.20466      3.98215      0.00000      0.00000
     -4.19466      3.77311      0.00000      0.00000
     -4.18466      3.33074      0.00000      0.00000
     -4.17466      3.15873      0.00000      0.00000
     -4.16466      3.21482      0.00000      0.00000
     -4.15466      3.49921      0.00000      0.00000
     -4.14466      3.25715      0.00000      0.00000
     -4.13466      3.46633      0.00000      0.00000
     -4.12466      4.77507      0.00000      0.00000
     -4.11466      5.92524      0.00000      0.00000
     -4.10466      6.78747      0.00000      0.00000
     -4.09466      7.42092      0.00000      0.00000
     -4.08466      7.37099      0.00000      0.00000
     -4.07466      5.50136      0.00000      0.00000
     -4.06466      3.10532      0.00000      0.00000
     -4.05466      3.10760      0.00000      0.00000
     -4.04466      4.86598      0.00000      0.00000
     -4.03466      6.02558      0.00000      0.00000
     -4.02466      5.78434      0.00000      0.00000
     -4.01466      5.31956      0.00000      0.00000
     -4.00466      5.92793      0.00000      0.00000
     -3.99466      5.31900      0.00000      0.00000
     -3.98466      3.23603      0.00000      0.00000
     -3.97466      2.01945      0.00000      0.00000
     -3.96466      2.70511      0.00000      0.00000
     -3.95466      4.37654      0.00000      0.00000
     -3.94466      5.22838      0.00000      0.00000
     -3.93466      5.47505      0.00000      0.00000
     -3.92466      5.79036      0.00000      0.00000
     -3.91466      5.60674      0.00000      0.00000
     -3.90466      4.73541      0.00000      0.00000
     -3.89466      4.56285      0.00000      0.00000
     -3.88466      6.51044      0.00000      0.00000
     -3.87466      8.82899      0.00000      0.00000
     -3.86466      8.95267      0.00000      0.00000
     -3.85466      8.27120      0.00000      0.00000
     -3.84466      7.64088      0.00000      0.00000
     -3.83466      6.20824      0.00000      0.00000
     -3.82466      5.33642      0.00000      0.00000
     -3.81466      5.04919      0.00000      0.00000
     -3.80466      3.94251      0.00000      0.00000
     -3.79466      3.25119      0.00000      0.00000
     -3.78466      3.96114      0.00000      0.00000
     -3.77466      5.30377      0.00000      0.00000
     -3.76466      6.77633      0.00000      0.00000
     -3.75466      6.33885      0.00000      0.00000
     -3.74466      4.15818      0.00000      0.00000
     -3.73466      2.90655      0.00000      0.00000
     -3.72466      3.52722      0.00000      0.00000
     -3.71466      5.53741      0.00000      0.00000
     -3.70466      6.83369      0.00000      0.00000
     -3.69466      5.78557      0.00000      0.00000
     -3.68466      4.22529      0.00000      0.00000
     -3.67466      3.31997      0.00000      0.00000
     -3.66466      3.61526      0.00000      0.00000
     -3.65466      5.27868      0.00000      0.00000
     -3.64466      6.49767      0.00000      0.00000
     -3.63466      5.97186      0.00000      0.00000
     -3.62466      5.21129      0.00000      0.00000
     -3.61466      4.58363      0.00000      0.00000
     -3.60466      4.41724      0.00000      0.00000
     -3.59466      5.33613      0.00000      0.00000
     -3.58466      6.20375      0.00000      0.00000
     -3.57466      6.58861      0.00000      0.00000
     -3.56466      6.15506      0.00000      0.00000
     -3.55466      4.83128      0.00000      0.00000
     -3.54466      4.29945      0.00000      0.00000
     -3.53466      5.25228      0.00000      0.00000
     -3.52466      5.95985      0.00000      0.00000
     -3.51466      5.64169      0.00000      0.00000
     -3.50466      5.52636      0.00000      0.00000
     -3.49466      6.47969      0.00000      0.00000
     -3.48466      7.48794      0.00000      0.00000
     -3.47466      6.66346      0.00000      0.00000
     -3.46466      3.98154      0.00000      0.00000
     -3.45466      2.87108      0.00000      0.00000
     -3.44466      4.15986      0.00000      0.00000
     -3.43466      5.58520      0.00000      0.00000
     -3.42466      5.20316      0.00000      0.00000
     -3.41466      3.93174      0.00000      0.00000
     -3.40466      2.98567      0.00000      0.00000
     -3.39466      3.08469      0.00000      0.00000
     -3.38466      3.77827      0.00000      0.00000
     -3.37466      3.66585      0.00000      0.00000
     -3.36466      3.01925      0.00000      0.00000
     -3.35466      2.50671      0.00000      0.00000
     -3.34466      2.40979      0.00000      0.00000
     -3.33466      3.22797      0.00000      0.00000
     -3.32466      4.56552      0.00000      0.00000
     -3.31466      5.10290      0.00000      0.00000
     -3.30466      5.38378      0.00000      0.00000
     -3.29466      5.65672      0.00000      0.00000
     -3.28466      4.43133      0.00000      0.00000
     -3.27466      2.78177      0.00000      0.00000
     -3.26466      2.44301      0.00000      0.00000
     -3.25466      3.36728      0.00000      0.00000
     -3.24466      3.99653      0.00000      0.00000
     -3.23466      4.15007      0.00000      0.00000
     -3.22466      3.37438      0.00000      0.00000
     -3.21466      2.08877      0.00000      0.00000
     -3.20466      2.09256      0.00000      0.00000
     -3.19466      3.17455      0.00000      0.00000
     -3.18466      4.17341      0.00000      0.00000
     -3.17466      4.06510      0.00000      0.00000
     -3.16466      3.40086      0.00000      0.00000
     -3.15466      3.60984      0.00000      0.00000
     -3.14466      4.17554      0.00000      0.00000
     -3.13466      3.51176      0.00000      0.00000
     -3.12466      2.77501      0.00000      0.00000
     -3.11466      2.58557      0.00000      0.00000
     -3.10466      2.53060      0.00000      0.00000
     -3.09466      2.77703      0.00000      0.00000
     -3.08466      2.76079      0.00000      0.00000
     -3.07466      2.02795      0.00000      0.00000
     -3.06466      1.86778      0.00000      0.00000
     -3.05466      2.95520      0.00000      0.00000
     -3.04466      3.51543      0.00000      0.00000
     -3.03466      2.85469      0.00000      0.00000
     -3.02466      1.97451      0.00000      0.00000
     -3.01466      1.50233      0.00000      0.00000
     -3.00466      1.36663      0.00000      0.00000
     -2.99466      2.46295      0.00000      0.00000
     -2.98466      4.21899      0.00000      0.00000
     -2.97466      4.86165      0.00000      0.00000
     -2.96466      5.00995      0.00000      0.00000
     -2.95466      4.98333      0.00000      0.00000
     -2.94466      5.03083      0.00000      0.00000
     -2.93466      5.36732      0.00000      0.00000
     -2.92466      5.75049      0.00000      0.00000
     -2.91466      5.89161      0.00000      0.00000
     -2.90466      5.88953      0.00000      0.00000
     -2.89466      7.36921      0.00000      0.00000
     -2.88466     10.59502      0.00000      0.00000
     -2.87466     12.34001      0.00000      0.00000
     -2.86466     12.54309      0.00000      0.00000
     -2.85466     13.04747      0.00000      0.00000
     -2.84466     10.14352      0.00000      0.00000
     -2.83466      6.44696      0.00000      0.00000
     -2.82466      6.30456      0.00000      0.00000
     -2.81466      7.91164      0.00000      0.00000
     -2.80466      9.01318      0.00000      0.00000
     -2.79466      8.67290      0.00000      0.00000
     -2.78466      7.60755      0.00000      0.00000
     -2.77466      6.87773      0.00000      0.00000
     -2.76466      6.27826      0.00000      0.00000
     -2.75466      5.35077      0.00000      0.00000
     -2.74466      5.81083      0.00000      0.00000
     -2.73466      7.25887      0.00000      0.00000
     -2.72466      8.30504      0.00000      0.00000
     -2.71466      7.67756      0.00000      0.00000
     -2.70466      5.19988      0.00000      0.00000
     -2.69466      3.57119      0.00000      0.00000
     -2.68466      3.57310      0.00000      0.00000
     -2.67466      5.62768      0.00000      0.00000
     -2.66466      9.11564      0.00000      0.00000
     -2.65466     10.88424      0.00000      0.00000
     -2.64466      9.30929      0.00000      0.00000
     -2.63466      7.24451      0.00000      0.00000
     -2.62466      6.13021      0.00000      0.00000
     -2.61466      6.47039      0.00000      0.00000
     -2.60466      8.71709      0.00000      0.00000
     -2.59466     10.27738      0.00000      0.00000
     -2.58466      9.17922      0.00000      0.00000
     -2.57466      6.85800      0.00000      0.00000
     -2.56466      5.93318      0.00000      0.00000
     -2.55466      5.57876      0.00000      0.00000
     -2.54466      6.45091      0.00000      0.00000
     -2.53466      8.27493      0.00000      0.00000
     -2.52466      9.56507      0.00000      0.00000
     -2.51466      9.23914      0.00000      0.00000
     -2.50466      7.08076      0.00000      0.00000
     -2.49466      5.92945      0.00000      0.00000
     -2.48466      5.92236      0.00000      0.00000
     -2.47466      7.41519      0.00000      0.00000
     -2.46466      7.95357      0.00000      0.00000
     -2.45466      7.30064      0.00000      0.00000
     -2.44466      6.85940      0.00000      0.00000
     -2.43466      5.58790      0.00000      0.00000
     -2.42466      3.71484      0.00000      0.00000
     -2.41466      2.60879      0.00000      0.00000
     -2.40466      2.77656      0.00000      0.00000
     -2.39466      3.33605      0.00000      0.00000
     -2.38466      3.31374      0.00000      0.00000
     -2.37466      4.52967      0.00000      0.00000
     -2.36466      7.30288      0.00000      0.00000
     -2.35466      8.30773      0.00000      0.00000
     -2.34466      6.94118      0.00000      0.00000
     -2.33466      5.05221      0.00000      0.00000
     -2.32466      4.19643      0.00000      0.00000
     -2.31466      3.50178      0.00000      0.00000
     -2.30466      2.69076      0.00000      0.00000
     -2.29466      3.04212      0.00000      0.00000
     -2.28466      4.59486      0.00000      0.00000
     -2.27466      5.76913      0.00000      0.00000
     -2.26466      6.05639      0.00000      0.00000
     -2.25466      5.22192      0.00000      0.00000
     -2.24466      3.44162      0.00000      0.00000
     -2.23466      3.46033      0.00000      0.00000
     -2.22466      4.10827      0.00000      0.00000
     -2.21466      4.06306      0.00000      0.00000
     -2.20466      4.89823      0.00000      0.00000
     -2.19466      6.25180      0.00000      0.00000
     -2.18466      6.14203      0.00000      0.00000
     -2.17466      4.89327      0.00000      0.00000
     -2.16466      3.73956      0.00000      0.00000
     -2.15466      2.86140      0.00000      0.00000
     -2.14466      2.48030      0.00000      0.00000
     -2.13466      2.70063      0.00000      0.00000
     -2.12466      3.78398      0.00000      0.00000
     -2.11466      4.44842      0.00000      0.00000
     -2.10466      3.45280      0.00000      0.00000
     -2.09466      2.99858      0.00000      0.00000
     -2.08466      3.30346      0.00000      0.00000
     -2.07466      3.76713      0.00000      0.00000
     -2.06466      4.70475      0.00000      0.00000
     -2.05466      5.27807      0.00000      0.00000
     -2.04466      5.00695      0.00000      0.00000
     -2.03466      4.64331      0.00000      0.00000
     -2.02466      5.50279      0.00000      0.00000
     -2.01466      6.58035      0.00000      0.00000
     -2.00466      6.68097      0.00000      0.00000
     -1.99466      6.25589      0.00000      0.00000
     -1.98466      5.87792      0.00000      0.00000
     -1.97466      5.53478      0.00000      0.00000
     -1.96466      5.79935      0.00000      0.00000
     -1.95466      6.14944      0.00000      0.00000
     -1.94466      6.28661      0.00000      0.00000
     -1.93466      6.09210      0.00000      0.00000
     -1.92466      5.61966      0.00000      0.00000
     -1.91466      4.49655      0.00000      0.00000
     -1.90466      3.93086      0.00000      0.00000
     -1.89466      4.59026      0.00000      0.00000
     -1.88466      4.78697      0.00000      0.00000
     -1.87466      4.62301      0.00000      0.00000
     -1.86466      4.51344      0.00000      0.00000
     -1.85466      4.91218      0.00000      0.00000
     -1.84466      6.31063      0.00000      0.00000
     -1.83466      6.64565      0.00000      0.00000
     -1.82466      5.42215      0.00000      0.00000
     -1.81466      4.12632      0.00000      0.00000
     -1.80466      3.15309      0.00000      0.00000
     -1.79466      2.46458      0.00000      0.00000
     -1.78466      2.41962      0.00000      0.00000
     -1.77466      2.39667      0.00000      0.00000
     -1.76466      2.46001      0.00000      0.00000
     -1.75466      2.72179      0.00000      0.00000
     -1.74466      2.18746      0.00000      0.00000
     -1.73466      1.62830      0.00000      0.00000
     -1.72466      1.85301      0.00000      0.00000
     -1.71466      2.51595      0.00000      0.00000
     -1.70466      3.14180      0.00000      0.00000
     -1.69466      3.36691      0.00000      0.00000
     -1.68466      3.14613      0.00000      0.00000
     -1.67466      3.30489      0.00000      0.00000
     -1.66466      3.42923      0.00000      0.00000
     -1.65466      2.94592      0.00000      0.00000
     -1.64466      2.44407      0.00000      0.00000
     -1.63466      2.14618      0.00000      0.00000
     -1.62466      1.99391      0.00000      0.00000
     -1.61466      1.62116      0.00000      0.00000
     -1.60466      1.60161      0.00000      0.00000
     -1.59466      1.62783      0.00000      0.00000
     -1.58466      1.17631      0.00000      0.00000
     -1.57466      0.91945      0.00000      0.00000
     -1.56466      1.05151      0.00000      0.00000
     -1.55466      1.25967      0.00000      0.00000
     -1.54466      1.43919      0.00000      0.00000
     -1.53466      1.88510      0.00000      0.00000
     -1.52466      2.46078      0.00000      0.00000
     -1.51466      2.58893      0.00000      0.00000
     -1.50466      2.15883      0.00000      0.00000
     -1.49466      1.95872      0.00000      0.00000
     -1.48466      2.01085      0.00000      0.00000
     -1.47466      1.79761      0.00000      0.00000
     -1.46466      1.71257      0.00000      0.00000
     -1.45466      1.64322      0.00000      0.00000
     -1.44466      1.68046      0.00000      0.00000
     -1.43466      2.07429      0.00000      0.00000
     -1.42466      3.19115      0.00000      0.00000
     -1.41466      3.97502      0.00000      0.00000
     -1.40466      3.60002      0.00000      0.00000
     -1.39466      2.85975      0.00000      0.00000
     -1.38466      2.16000      0.00000      0.00000
     -1.37466      2.00526      0.00000      0.00000
     -1.36466      2.45247      0.00000      0.00000
     -1.35466      2.64338      0.00000      0.00000
     -1.34466      1.90222      0.00000      0.00000
     -1.33466      1.51320      0.00000      0.00000
     -1.32466      2.04280      0.00000      0.00000
     -1.31466      2.95928      0.00000      0.00000
     -1.30466      4.01563      0.00000      0.00000
     -1.29466      5.08940      0.00000      0.00000
     -1.28466      5.61723      0.00000      0.00000
     -1.27466      4.78548      0.00000      0.00000
     -1.26466      3.65947      0.00000      0.00000
     -1.25466      3.13024      0.00000      0.00000
     -1.24466      3.37927      0.00000      0.00000
     -1.23466      4.65602      0.00000      0.00000
     -1.22466      5.94564      0.00000      0.00000
     -1.21466      5.91345      0.00000      0.00000
     -1.20466      6.08751      0.00000      0.00000
     -1.19466      5.34268      0.00000      0.00000
     -1.18466      3.45080      0.00000      0.00000
     -1.17466      3.20535      0.00000      0.00000
     -1.16466      3.84774      0.00000      0.00000
     -1.15466      4.29616      0.00000      0.00000
     -1.14466      4.83980      0.00000      0.00000
     -1.13466      5.44509      0.00000      0.00000
     -1.12466      5.49763      0.00000      0.00000
     -1.11466      4.94739      0.00000      0.00000
     -1.10466      4.45594      0.00000      0.00000
     -1.09466      3.84834      0.00000      0.00000
     -1.08466      3.58542      0.00000      0.00000
     -1.07466      4.16002      0.00000      0.00000
     -1.06466      4.59841      0.00000      0.00000
     -1.05466      4.28191      0.00000      0.00000
     -1.04466      4.21328      0.00000      0.00000
     -1.03466      4.83217      0.00000      0.00000
     -1.02466      4.70508      0.00000      0.00000
     -1.01466      4.22057      0.00000      0.00000
     -1.00466      4.32649      0.00000      0.00000
     -0.99466      4.66242      0.00000      0.00000
     -0.98466      6.05549      0.00000      0.00000
     -0.97466      7.42961      0.00000      0.00000
     -0.96466      6.17581      0.00000      0.00000
     -0.95466      4.44047      0.00000      0.00000
     -0.94466      4.92198      0.00000      0.00000
     -0.93466      5.90801      0.00000      0.00000
     -0.92466      4.68409      0.00000      0.00000
     -0.91466      4.20018      0.00000      0.00000
     -0.90466      4.99831      0.00000      0.00000
     -0.89466      4.90964      0.00000      0.00000
     -0.88466      4.47638      0.00000      0.00000
     -0.87466      3.75951      0.00000      0.00000
     -0.86466      3.67372      0.00000      0.00000
     -0.85466      4.11900      0.00000      0.00000
     -0.84466      4.64143      0.00000      0.00000
     -0.83466      5.22080      0.00000      0.00000
     -0.82466      4.84745      0.00000      0.00000
     -0.81466      4.16817      0.00000      0.00000
     -0.80466      3.73024      0.00000      0.00000
     -0.79466      3.47245      0.00000      0.00000
     -0.78466      3.20588      0.00000      0.00000
     -0.77466      3.02936      0.00000      0.00000
     -0.76466      3.68085      0.00000      0.00000
     -0.75466      4.15739      0.00000      0.00000
     -0.74466      4.00201      0.00000      0.00000
     -0.73466      4.09976      0.00000      0.00000
     -0.72466      4.05184      0.00000      0.00000
     -0.71466      4.06261      0.00000      0.00000
     -0.70466      4.32899      0.00000      0.00000
     -0.69466      4.18654      0.00000      0.00000
     -0.68466      3.43614      0.00000      0.00000
     -0.67466      3.15697      0.00000      0.00000
     -0.66466      3.44362      0.00000      0.00000
     -0.65466      3.88937      0.00000      0.00000
     -0.64466      3.75329      0.00000      0.00000
     -0.63466      3.11742      0.00000      0.00000
     -0.62466      3.03515      0.00000      0.00000
     -0.61466      3.57141      0.00000      0.00000
     -0.60466      3.30663      0.00000      0.00000
     -0.59466      2.79188      0.00000      0.00000
     -0.58466      2.88409      0.00000      0.00000
     -0.57466      2.53019      0.00000      0.00000
     -0.56466      1.91597      0.00000      0.00000
     -0.55466      1.80205      0.00000      0.00000
     -0.54466      1.80150      0.00000      0.00000
     -0.53466      1.49828      0.00000      0.00000
     -0.52466      1.05772      0.00000      0.00000
     -0.51466      0.98365      0.00000      0.00000
     -0.50466      1.43026      0.00000      0.00000
     -0.49466      1.44950      0.00000      0.00000
     -0.48466      0.71440      0.00000      0.00000
     -0.47466      0.32350      0.00000      0.00000
     -0.46466      0.74691      0.00000      0.00000
     -0.45466      1.20350      0.00000      0.00000
     -0.44466      1.00218      0.00000      0.00000
     -0.43466      0.89545      0.00000      0.00000
     -0.42466      0.99961      0.00000      0.00000
     -0.41466      0.81000      0.00000      0.00000
     -0.40466      0.39690      0.00000      0.00000
     -0.39466      0.33808      0.00000      0.00000
     -0.38466      0.56275      0.00000      0.00000
     -0.37466      0.54773      0.00000      0.00000
     -0.36466      0.73422      0.00000      0.00000
     -0.35466      1.14940      0.00000      0.00000
     -0.34466      1.02852      0.00000      0.00000
     -0.33466      0.62704      0.00000      0.00000
     -0.32466      0.58114      0.00000      0.00000
     -0.31466      0.51204      0.00000      0.00000
     -0.30466      0.32587      0.00000      0.00000
     -0.29466      0.47950      0.00000      0.00000
     -0.28466      0.51925      0.00000      0.00000
     -0.27466      0.24348      0.00000      0.00000
     -0.26466      0.22846      0.00000      0.00000
     -0.25466      0.50673      0.00000      0.00000
     -0.24466      0.51872      0.00000      0.00000
     -0.23466      0.41835      0.00000      0.00000
     -0.22466      0.55799      0.00000      0.00000
     -0.21466      0.42096      0.00000      0.00000
     -0.20466      0.14487      0.00000      0.00000
     -0.19466      0.19416      0.00000      0.00000
     -0.18466      0.49227      0.00000      0.00000
     -0.17466      0.51481      0.00000      0.00000
     -0.16466      0.38204      0.00000      0.00000
     -0.15466      0.64763      0.00000      0.00000
     -0.14466      0.90782      0.00000      0.00000
     -0.13466      0.70310      0.00000      0.00000
     -0.12466      0.26699      0.00000      0.00000
     -0.11466      0.04245      0.00000      0.00000
     -0.10466      0.00357      0.00000      0.00000
     -0.09466      0.01790      0.00000      0.00000
     -0.08466      0.12584      0.00000      0.00000
     -0.07466      0.36775      0.00000      0.00000
     -0.06466      0.48550      0.00000      0.00000
     -0.05466      0.30475      0.00000      0.00000
     -0.04466      0.14656      0.00000      0.00000
     -0.03466      0.32090      0.00000      0.00000
     -0.02466      0.55303      0.00000      0.00000
     -0.01466      0.36031      0.00000      0.00000
     -0.00466      0.08642      0.00000      0.00000
      0.00534      0.00762      0.00000      0.00000
      0.01534      0.00025      0.00000      0.00000
      0.02534      0.00000      0.00000      0.00000
      0.03534      0.00000      0.00000      0.00000
      0.04534      0.00000      0.00000      0.00000
      0.05534      0.00000      0.00000      0.00000
      0.06534      0.00000      0.00000      0.00000
      0.07534      0.00000      0.00000      0.00000
      0.08534      0.00000      0.00000      0.00000
      0.09534      0.00000      0.00000      0.00000
      0.10534      0.00000      0.00000      0.00000
      0.11534      0.00000      0.00000      0.00000
      0.12534      0.00000      0.00000      0.00000
      0.13534      0.00000      0.00000      0.00000
      0.14534      0.00000      0.00000      0.00000
      0.15534      0.00000      0.00000      0.00000
      0.16534      0.00000      0.00000      0.00000
      0.17534      0.00000      0.00000      0.00000
      0.18534      0.00000      0.00000      0.00000
      0.19534      0.00000      0.00000      0.00000
      0.20534      0.00000      0.00000      0.00000
      0.21534      0.00000      0.00000      0.00000
      0.22534      0.00000      0.00000      0.00000
      0.23534      0.00000      0.00000      0.00000
      0.24534      0.00000      0.00000      0.00000
      0.25534      0.00000      0.00000      0.00000
      0.26534      0.00000      0.00000      0.00000
      0.27534      0.00000      0.00000      0.00000
      0.28534      0.00000      0.00000      0.00000
      0.29534      0.00000      0.00000      0.00000
      0.30534      0.00000      0.00000      0.00000
      0.31534      0.00000      0.00000      0.00000
      0.32534      0.00000      0.00000      0.00000
      0.33534      0.00000      0.00000      0.00000
      0.34534      0.00000      0.00000      0.00000
      0.35534      0.00000      0.00000      0.00000
      0.36534      0.00000      0.00000      0.00000
      0.37534      0.00000      0.00000      0.00000
      0.38534      0.00000      0.00000      0.00000
      0.39534      0.00000      0.00000      0.00000
      0.40534      0.00000      0.00000      0.00000
      0.41534      0.00000      0.00000      0.00000
      0.42534      0.00000      0.00000      0.00000
      0.43534      0.00000      0.00000      0.00000
      0.44534      0.00000      0.00000      0.00000
      0.45534      0.00000      0.00000      0.00000
      0.46534      0.00000      0.00000      0.00000
      0.47534      0.00000      0.00000      0.00000
      0.48534      0.00000      0.00000      0.00000
      0.49534      0.00000      0.00000      0.00000
      0.50534      0.00000      0.00000      0.00000
      0.51534      0.00000      0.00000      0.00000
      0.52534      0.00000      0.00000      0.00000
      0.53534      0.00000      0.00000      0.00000
      0.54534      0.00000      0.00000      0.00000
      0.55534      0.00000      0.00000      0.00000
      0.56534      0.00000      0.00000      0.00000
      0.57534      0.00000      0.00000      0.00000
      0.58534      0.00000      0.00000      0.00000
      0.59534      0.00000      0.00000      0.00000
      0.60534      0.00000      0.00000      0.00000
      0.61534      0.00000      0.00000      0.00000
      0.62534      0.00000      0.00000      0.00000
      0.63534      0.00000      0.00000      0.00000
      0.64534      0.00000      0.00000      0.00000
      0.65534      0.00000      0.00000      0.00000
      0.66534      0.00000      0.00000      0.00000
      0.67534      0.00000      0.00000      0.00000
      0.68534      0.00000      0.00000      0.00000
      0.69534      0.00000      0.00000      0.00000
      0.70534      0.00000      0.00000      0.00000
      0.71534      0.00000      0.00000      0.00000
      0.72534      0.00000      0.00000      0.00000
      0.73534      0.00000      0.00000      0.00000
      0.74534      0.00000      0.00000      0.00000
      0.75534      0.00000      0.00000      0.00000
      0.76534      0.00000      0.00000      0.00000
      0.77534      0.00000      0.00000      0.00000
      0.78534      0.00000      0.00000      0.00000
      0.79534      0.00000      0.00000      0.00000
      0.80534      0.00000      0.00000      0.00000
      0.81534      0.00000      0.00000      0.00000
      0.82534      0.00000      0.00000      0.00000
      0.83534      0.00000      0.00000      0.00000
      0.84534      0.00000      0.00000      0.00000
      0.85534      0.00000      0.00000      0.00000
      0.86534      0.00000      0.00000      0.00000
      0.87534      0.00000      0.00000      0.00000
      0.88534      0.00000      0.00000      0.00000
      0.89534      0.00000      0.00000      0.00000
      0.90534      0.00000      0.00000      0.00000
      0.91534      0.00000      0.00000      0.00000
      0.92534      0.00000      0.00000      0.00000
      0.93534      0.00000      0.00000      0.00000
      0.94534      0.00000      0.00000      0.00000
      0.95534      0.00000      0.00000      0.00000
      0.96534      0.00000      0.00000      0.00000
      0.97534      0.00000      0.00000      0.00000
      0.98534      0.00000      0.00000      0.00000
      0.99534      0.00000      0.00000      0.00000
      1.00534      0.00000      0.00000      0.00000
      1.01534      0.00000      0.00000      0.00000
      1.02534      0.00000      0.00000      0.00000
      1.03534      0.00000      0.00000      0.00000
      1.04534      0.00000      0.00000      0.00000
      1.05534      0.00000      0.00000      0.00000
      1.06534      0.00000      0.00000      0.00000
      1.07534      0.00000      0.00000      0.00000
      1.08534      0.00000      0.00000      0.00000
      1.09534      0.00000      0.00000      0.00000
      1.10534      0.00000      0.00000      0.00000
      1.11534      0.00000      0.00000      0.00000
      1.12534      0.00000      0.00000      0.00000
      1.13534      0.00000      0.00000      0.00000
      1.14534      0.00000      0.00000      0.00000
      1.15534      0.00000      0.00000      0.00000
      1.16534      0.00000      0.00000      0.00000
      1.17534      0.00000      0.00000      0.00000
      1.18534      0.00000      0.00000      0.00000
      1.19534      0.00000      0.00000      0.00000
      1.20534      0.00000      0.00000      0.00000
      1.21534      0.00000      0.00000      0.00000
      1.22534      0.00000      0.00000      0.00000
      1.23534      0.00000      0.00000      0.00000
      1.24534      0.00000      0.00000      0.00000
      1.25534      0.00000      0.00000      0.00000
      1.26534      0.00000      0.00000      0.00000
      1.27534      0.00000      0.00000      0.00000
      1.28534      0.00000      0.00000      0.00000
      1.29534      0.00000      0.00000      0.00000
      1.30534      0.00000      0.00000      0.00000
      1.31534      0.00000      0.00000      0.00000
      1.32534      0.00000      0.00000      0.00000
      1.33534      0.00000      0.00000      0.00000
      1.34534      0.00000      0.00000      0.00000
      1.35534      0.00000      0.00000      0.00000
      1.36534      0.00000      0.00000      0.00000
      1.37534      0.00000      0.00000      0.00000
      1.38534      0.00000      0.00000      0.00000
      1.39534      0.00000      0.00000      0.00000
      1.40534      0.00000      0.00000      0.00000
      1.41534      0.00000      0.00000      0.00000
      1.42534      0.00000      0.00000      0.00000
      1.43534      0.00000      0.00000      0.00000
      1.44534      0.00000      0.00000      0.00000
      1.45534      0.00000      0.00000      0.00000
      1.46534      0.00000      0.00000      0.00000
      1.47534      0.00000      0.00000      0.00000
      1.48534      0.00000      0.00000      0.00000
      1.49534      0.00000      0.00000      0.00000
      1.50534      0.00000      0.00000      0.00000
      1.51534      0.00000      0.00000      0.00000
      1.52534      0.00000      0.00000      0.00000
      1.53534      0.00000      0.00000      0.00000
      1.54534      0.00000      0.00000      0.00000
      1.55534      0.00000      0.00000      0.00000
      1.56534      0.00000      0.00000      0.00000
      1.57534      0.00000      0.00000      0.00000
      1.58534      0.00000      0.00000      0.00000
      1.59534      0.00000      0.00000      0.00000
      1.60534      0.00000      0.00000      0.00000
      1.61534      0.00000      0.00000      0.00000
      1.62534      0.00000      0.00000      0.00000
      1.63534      0.00000      0.00000      0.00000
      1.64534      0.00000      0.00000      0.00000
      1.65534      0.00000      0.00000      0.00000
      1.66534      0.00000      0.00000      0.00000
      1.67534      0.00000      0.00000      0.00000
      1.68534      0.00000      0.00000      0.00000
      1.69534      0.00000      0.00000      0.00000
      1.70534      0.00000      0.00000      0.00000
      1.71534      0.00000      0.00000      0.00000
      1.72534      0.00000      0.00000      0.00000
      1.73534      0.00000      0.00000      0.00000
      1.74534      0.00000      0.00000      0.00000
      1.75534      0.00000      0.00000      0.00000
      1.76534      0.00000      0.00000      0.00000
      1.77534      0.00000      0.00000      0.00000
      1.78534      0.00000      0.00000      0.00000
      1.79534      0.00000      0.00000      0.00000
      1.80534      0.00000      0.00000      0.00000
      1.81534      0.00000      0.00000      0.00000
      1.82534      0.00000      0.00000      0.00000
      1.83534      0.00000      0.00000      0.00000
      1.84534      0.00000      0.00000      0.00000
      1.85534      0.00000      0.00000      0.00000
      1.86534      0.00000      0.00000      0.00000
      1.87534      0.00000      0.00000      0.00000
      1.88534      0.00000      0.00000      0.00000
      1.89534      0.00000      0.00000      0.00000
      1.90534      0.00000      0.00000      0.00000
      1.91534      0.00000      0.00000      0.00000
      1.92534      0.00003      0.00000      0.00000
      1.93534      0.00166      0.00000      0.00000
      1.94534      0.03521      0.00000      0.00000
      1.95534      0.28985      0.00000      0.00000
      1.96534      0.96877      0.00000      0.00000
      1.97534      1.49451      0.00000      0.00000
      1.98534      1.55280      0.00000      0.00000
      1.99534      1.60775      0.00000      0.00000
      2.00534      1.97264      0.00000      0.00000
      2.01534      2.59728      0.00000      0.00000
      2.02534      2.53472      0.00000      0.00000
      2.03534      2.11625      0.00000      0.00000
      2.04534      1.46367      0.00000      0.00000
      2.05534      1.02471      0.00000      0.00000
      2.06534      1.92474      0.00000      0.00000
      2.07534      3.60456      0.00000      0.00000
      2.08534      3.39394      0.00000      0.00000
      2.09534      1.92196      0.00000      0.00000
      2.10534      1.40260      0.00000      0.00000
      2.11534      1.35820      0.00000      0.00000
      2.12534      1.28511      0.00000      0.00000
      2.13534      1.86447      0.00000      0.00000
      2.14534      2.72735      0.00000      0.00000
      2.15534      3.88228      0.00000      0.00000
      2.16534      4.76790      0.00000      0.00000
      2.17534      4.32734      0.00000      0.00000
      2.18534      4.06144      0.00000      0.00000
      2.19534      4.58628      0.00000      0.00000
      2.20534      4.81961      0.00000      0.00000
      2.21534      3.76614      0.00000      0.00000
      2.22534      3.35509      0.00000      0.00000
      2.23534      5.03982      0.00000      0.00000
      2.24534      6.76087      0.00000      0.00000
      2.25534      7.08648      0.00000      0.00000
      2.26534      6.76184      0.00000      0.00000
      2.27534      6.05104      0.00000      0.00000
      2.28534      5.78890      0.00000      0.00000
      2.29534      6.92359      0.00000      0.00000
      2.30534      8.28010      0.00000      0.00000
      2.31534      8.08515      0.00000      0.00000
      2.32534      7.78483      0.00000      0.00000
      2.33534      7.50416      0.00000      0.00000
      2.34534      7.83063      0.00000      0.00000
      2.35534      8.23400      0.00000      0.00000
      2.36534      7.37291      0.00000      0.00000
      2.37534      6.42091      0.00000      0.00000
      2.38534      6.65367      0.00000      0.00000
      2.39534      6.93924      0.00000      0.00000
      2.40534      7.34192      0.00000      0.00000
      2.41534      7.68606      0.00000      0.00000
      2.42534      6.91776      0.00000      0.00000
      2.43534      5.75706      0.00000      0.00000
      2.44534      5.23914      0.00000      0.00000
      2.45534      4.81868      0.00000      0.00000
      2.46534      5.13027      0.00000      0.00000
      2.47534      6.99664      0.00000      0.00000
      2.48534      7.92662      0.00000      0.00000
      2.49534      6.78271      0.00000      0.00000
      2.50534      4.37515      0.00000      0.00000
      2.51534      3.64612      0.00000      0.00000
      2.52534      5.29813      0.00000      0.00000
      2.53534      5.88165      0.00000      0.00000
      2.54534      4.42394      0.00000      0.00000
      2.55534      3.58619      0.00000      0.00000
      2.56534      4.19377      0.00000      0.00000
      2.57534      6.07946      0.00000      0.00000
      2.58534      6.36137      0.00000      0.00000
      2.59534      4.08237      0.00000      0.00000
      2.60534      2.78915      0.00000      0.00000
      2.61534      3.52800      0.00000      0.00000
      2.62534      4.34823      0.00000      0.00000
      2.63534      4.43719      0.00000      0.00000
      2.64534      4.49191      0.00000      0.00000
      2.65534      4.66638      0.00000      0.00000
      2.66534      4.22350      0.00000      0.00000
      2.67534      3.71841      0.00000      0.00000
      2.68534      4.38187      0.00000      0.00000
      2.69534      4.46785      0.00000      0.00000
      2.70534      3.79773      0.00000      0.00000
      2.71534      3.01085      0.00000      0.00000
      2.72534      2.90352      0.00000      0.00000
      2.73534      3.93978      0.00000      0.00000
      2.74534      5.25102      0.00000      0.00000
      2.75534      6.07842      0.00000      0.00000
      2.76534      6.17267      0.00000      0.00000
      2.77534      7.00371      0.00000      0.00000
      2.78534      8.91688      0.00000      0.00000
      2.79534     10.55932      0.00000      0.00000
      2.80534     10.44097      0.00000      0.00000
      2.81534      9.73297      0.00000      0.00000
      2.82534     11.00551      0.00000      0.00000
      2.83534     12.69859      0.00000      0.00000
      2.84534     11.34019      0.00000      0.00000
      2.85534      8.24711      0.00000      0.00000
      2.86534      6.62308      0.00000      0.00000
      2.87534      5.99079      0.00000      0.00000
      2.88534      6.12599      0.00000      0.00000
      2.89534      8.08548      0.00000      0.00000
      2.90534      8.86373      0.00000      0.00000
      2.91534      6.56285      0.00000      0.00000
      2.92534      5.72568      0.00000      0.00000
      2.93534      7.80534      0.00000      0.00000
      2.94534      9.20480      0.00000      0.00000
      2.95534      7.93416      0.00000      0.00000
      2.96534      6.14315      0.00000      0.00000
      2.97534      6.51090      0.00000      0.00000
      2.98534      8.47250      0.00000      0.00000
      2.99534      9.26302      0.00000      0.00000
      3.00534      8.15736      0.00000      0.00000
      3.01534      7.90801      0.00000      0.00000
      3.02534      9.75975      0.00000      0.00000
      3.03534     11.73771      0.00000      0.00000
      3.04534     11.94875      0.00000      0.00000
      3.05534     11.99554      0.00000      0.00000
      3.06534     12.00508      0.00000      0.00000
      3.07534     12.63507      0.00000      0.00000
      3.08534     13.19972      0.00000      0.00000
      3.09534     11.41171      0.00000      0.00000
      3.10534      8.56506      0.00000      0.00000
      3.11534      5.75765      0.00000      0.00000
      3.12534      3.92865      0.00000      0.00000
      3.13534      4.14402      0.00000      0.00000
      3.14534      5.41545      0.00000      0.00000
      3.15534      6.85704      0.00000      0.00000
      3.16534      7.51210      0.00000      0.00000
      3.17534      6.42257      0.00000      0.00000
      3.18534      5.67591      0.00000      0.00000
      3.19534      6.32740      0.00000      0.00000
      3.20534      7.18440      0.00000      0.00000
      3.21534      8.70962      0.00000      0.00000
      3.22534      9.70636      0.00000      0.00000
      3.23534      9.45032      0.00000      0.00000
      3.24534      9.74155      0.00000      0.00000
      3.25534     11.71046      0.00000      0.00000
      3.26534     11.67846      0.00000      0.00000
      3.27534      7.84657      0.00000      0.00000
      3.28534      5.64266      0.00000      0.00000
      3.29534      4.55930      0.00000      0.00000
      3.30534      3.72935      0.00000      0.00000
      3.31534      6.03323      0.00000      0.00000
      3.32534      9.25160      0.00000      0.00000
      3.33534      9.00018      0.00000      0.00000
      3.34534      6.10046      0.00000      0.00000
      3.35534      4.57384      0.00000      0.00000
      3.36534      4.67605      0.00000      0.00000
      3.37534      4.42671      0.00000      0.00000
      3.38534      3.60428      0.00000      0.00000
      3.39534      3.77660      0.00000      0.00000
      3.40534      5.20152      0.00000      0.00000
      3.41534      6.11143      0.00000      0.00000
      3.42534      6.12479      0.00000      0.00000
      3.43534      6.34310      0.00000      0.00000
      3.44534      7.53416      0.00000      0.00000
      3.45534      8.78485      0.00000      0.00000
      3.46534      8.71916      0.00000      0.00000
      3.47534      7.79309      0.00000      0.00000
      3.48534      6.24509      0.00000      0.00000
      3.49534      5.28100      0.00000      0.00000
      3.50534      5.04465      0.00000      0.00000
      3.51534      4.22574      0.00000      0.00000
      3.52534      3.50924      0.00000      0.00000
      3.53534      3.57411      0.00000      0.00000
      3.54534      4.43467      0.00000      0.00000
      3.55534      6.21140      0.00000      0.00000
      3.56534      7.34421      0.00000      0.00000
      3.57534      6.13307      0.00000      0.00000
      3.58534      4.96697      0.00000      0.00000
      3.59534      4.84971      0.00000      0.00000
      3.60534      4.38659      0.00000      0.00000
      3.61534      4.14117      0.00000      0.00000
      3.62534      5.30114      0.00000      0.00000
      3.63534      5.73610      0.00000      0.00000
      3.64534      3.98187      0.00000      0.00000
      3.65534      3.10446      0.00000      0.00000
      3.66534      4.16996      0.00000      0.00000
      3.67534      5.74718      0.00000      0.00000
      3.68534      5.95356      0.00000      0.00000
      3.69534      4.74545      0.00000      0.00000
      3.70534      4.20405      0.00000      0.00000
      3.71534      4.37062      0.00000      0.00000
      3.72534      4.73085      0.00000      0.00000
      3.73534      5.13481      0.00000      0.00000
      3.74534      4.90480      0.00000      0.00000
      3.75534      4.09624      0.00000      0.00000
      3.76534      3.35233      0.00000      0.00000
      3.77534      3.20814      0.00000      0.00000
      3.78534      3.24650      0.00000      0.00000
      3.79534      3.35311      0.00000      0.00000
      3.80534      4.13179      0.00000      0.00000
      3.81534      5.24458      0.00000      0.00000
      3.82534      5.26931      0.00000      0.00000
      3.83534      4.88574      0.00000      0.00000
      3.84534      4.34700      0.00000      0.00000
      3.85534      2.68069      0.00000      0.00000
      3.86534      1.95971      0.00000      0.00000
      3.87534      2.26407      0.00000      0.00000
      3.88534      2.23822      0.00000      0.00000
      3.89534      2.84175      0.00000      0.00000
      3.90534      4.56029      0.00000      0.00000
      3.91534      5.61013      0.00000      0.00000
      3.92534      4.65676      0.00000      0.00000
      3.93534      3.46338      0.00000      0.00000
      3.94534      2.59652      0.00000      0.00000
      3.95534      1.65907      0.00000      0.00000
      3.96534      1.43656      0.00000      0.00000
      3.97534      2.39131      0.00000      0.00000
      3.98534      3.60565      0.00000      0.00000
      3.99534      3.80253      0.00000      0.00000
      4.00534      3.56790      0.00000      0.00000
      4.01534      4.39177      0.00000      0.00000
      4.02534      4.93258      0.00000      0.00000
      4.03534      3.98660      0.00000      0.00000
      4.04534      3.19872      0.00000      0.00000
      4.05534      2.82679      0.00000      0.00000
      4.06534      2.46216      0.00000      0.00000
      4.07534      2.12731      0.00000      0.00000
      4.08534      2.47114      0.00000      0.00000
      4.09534      3.40557      0.00000      0.00000
      4.10534      3.25029      0.00000      0.00000
      4.11534      2.59340      0.00000      0.00000
      4.12534      2.63502      0.00000      0.00000
      4.13534      3.02858      0.00000      0.00000
      4.14534      3.26012      0.00000      0.00000
      4.15534      2.89932      0.00000      0.00000
      4.16534      2.04117      0.00000      0.00000
      4.17534      2.12796      0.00000      0.00000
      4.18534      3.81594      0.00000      0.00000
      4.19534      5.35420      0.00000      0.00000
      4.20534      5.00674      0.00000      0.00000
      4.21534      4.39516      0.00000      0.00000
      4.22534      4.04190      0.00000      0.00000
      4.23534      3.23328      0.00000      0.00000
      4.24534      3.05088      0.00000      0.00000
      4.25534      2.81006      0.00000      0.00000
      4.26534      2.10310      0.00000      0.00000
      4.27534      1.85233      0.00000      0.00000
      4.28534      2.41532      0.00000      0.00000
      4.29534      2.60150      0.00000      0.00000
      4.30534      1.94624      0.00000      0.00000
      4.31534      1.45092      0.00000      0.00000
      4.32534      1.18603      0.00000      0.00000
      4.33534      1.07450      0.00000      0.00000
      4.34534      1.44603      0.00000      0.00000
      4.35534      1.84789      0.00000      0.00000
      4.36534      1.51351      0.00000      0.00000
      4.37534      1.13105      0.00000      0.00000
      4.38534      1.89963      0.00000      0.00000
      4.39534      2.59161      0.00000      0.00000
      4.40534      2.15663      0.00000      0.00000
      4.41534      1.85516      0.00000      0.00000
      4.42534      1.55159      0.00000      0.00000
      4.43534      1.38258      0.00000      0.00000
      4.44534      2.08583      0.00000      0.00000
      4.45534      2.01299      0.00000      0.00000
      4.46534      1.33878      0.00000      0.00000
      4.47534      1.26269      0.00000      0.00000
      4.48534      1.13999      0.00000      0.00000
      4.49534      1.30290      0.00000      0.00000
      4.50534      1.65584      0.00000      0.00000
      4.51534      1.55634      0.00000      0.00000
      4.52534      1.46307      0.00000      0.00000
      4.53534      1.86871      0.00000      0.00000
      4.54534      2.21856      0.00000      0.00000
      4.55534      3.06411      0.00000      0.00000
      4.56534      3.30173      0.00000      0.00000
      4.57534      2.28331      0.00000      0.00000
      4.58534      1.81718      0.00000      0.00000
      4.59534      2.44627      0.00000      0.00000
      4.60534      4.15829      0.00000      0.00000
      4.61534      5.44529      0.00000      0.00000
      4.62534      4.92265      0.00000      0.00000
      4.63534      3.25839      0.00000      0.00000
      4.64534      2.40185      0.00000      0.00000
      4.65534      2.60774      0.00000      0.00000
      4.66534      2.92132      0.00000      0.00000
      4.67534      3.39958      0.00000      0.00000
      4.68534      3.93855      0.00000      0.00000
      4.69534      5.22057      0.00000      0.00000
      4.70534      5.95836      0.00000      0.00000
      4.71534      5.93460      0.00000      0.00000
      4.72534      5.73208      0.00000      0.00000
      4.73534      5.70147      0.00000      0.00000
      4.74534      6.94170      0.00000      0.00000
      4.75534      8.40853      0.00000      0.00000
      4.76534      9.04812      0.00000      0.00000
      4.77534      7.77466      0.00000      0.00000
      4.78534      7.20560      0.00000      0.00000
      4.79534      8.71678      0.00000      0.00000
      4.80534      9.07226      0.00000      0.00000
      4.81534      8.48805      0.00000      0.00000
      4.82534      8.50133      0.00000      0.00000
      4.83534      9.29289      0.00000      0.00000
      4.84534      9.43402      0.00000      0.00000
      4.85534      8.75371      0.00000      0.00000
      4.86534      8.55449      0.00000      0.00000
      4.87534      8.67073      0.00000      0.00000
      4.88534      7.82921      0.00000      0.00000
      4.89534      6.57776      0.00000      0.00000
      4.90534      6.43663      0.00000      0.00000
      4.91534      7.10128      0.00000      0.00000
      4.92534      6.70526      0.00000      0.00000
      4.93534      5.30620      0.00000      0.00000
      4.94534      3.67775      0.00000      0.00000
      4.95534      2.58315      0.00000      0.00000
      4.96534      2.43246      0.00000      0.00000
      4.97534      3.32037      0.00000      0.00000
      4.98534      4.47950      0.00000      0.00000
      4.99534      4.86719      0.00000      0.00000
      5.00534      4.99863      0.00000      0.00000
      5.01534      4.87565      0.00000      0.00000
      5.02534      3.33687      0.00000      0.00000
      5.03534      2.21906      0.00000      0.00000
      5.04534      2.50786      0.00000      0.00000
      5.05534      2.33207      0.00000      0.00000
      5.06534      2.13927      0.00000      0.00000
      5.07534      1.97262      0.00000      0.00000
      5.08534      1.57283      0.00000      0.00000
      5.09534      1.76996      0.00000      0.00000
      5.10534      1.95458      0.00000      0.00000
      5.11534      2.75340      0.00000      0.00000
      5.12534      3.74423      0.00000      0.00000
      5.13534      3.16759      0.00000      0.00000
      5.14534      2.27253      0.00000      0.00000
      5.15534      1.64849      0.00000      0.00000
      5.16534      1.21341      0.00000      0.00000
      5.17534      1.79311      0.00000      0.00000
      5.18534      2.37154      0.00000      0.00000
      5.19534      2.13653      0.00000      0.00000
      5.20534      2.36560      0.00000      0.00000
      5.21534      2.66764      0.00000      0.00000
      5.22534      2.07775      0.00000      0.00000
      5.23534      1.45299      0.00000      0.00000
      5.24534      1.49281      0.00000      0.00000
      5.25534      2.00105      0.00000      0.00000
      5.26534      2.21994      0.00000      0.00000
      5.27534      1.69491      0.00000      0.00000
      5.28534      0.99690      0.00000      0.00000
      5.29534      0.93530      0.00000      0.00000
      5.30534      1.29707      0.00000      0.00000
      5.31534      1.52516      0.00000      0.00000
      5.32534      1.21237      0.00000      0.00000
      5.33534      1.00373      0.00000      0.00000
      5.34534      1.24507      0.00000      0.00000
      5.35534      1.27505      0.00000      0.00000
      5.36534      1.57455      0.00000      0.00000
      5.37534      1.72689      0.00000      0.00000
      5.38534      1.45558      0.00000      0.00000
      5.39534      1.81529      0.00000      0.00000
      5.40534      2.54762      0.00000      0.00000
      5.41534      2.44212      0.00000      0.00000
      5.42534      1.72311      0.00000      0.00000
      5.43534      1.61806      0.00000      0.00000
      5.44534      2.00903      0.00000      0.00000
      5.45534      1.58097      0.00000      0.00000
      5.46534      1.26118      0.00000      0.00000
      5.47534      1.06028      0.00000      0.00000
      5.48534      0.86589      0.00000      0.00000
      5.49534      1.12552      0.00000      0.00000
      5.50534      0.84414      0.00000      0.00000
      5.51534      0.24603      0.00000      0.00000
      5.52534      0.08011      0.00000      0.00000
      5.53534      0.41637      0.00000      0.00000
      5.54534      1.49897      0.00000      0.00000
      5.55534      2.68472      0.00000      0.00000
      5.56534      2.51947      0.00000      0.00000
      5.57534      1.64399      0.00000      0.00000
      5.58534      1.35042      0.00000      0.00000
      5.59534      1.54730      0.00000      0.00000
      5.60534      1.42215      0.00000      0.00000
      5.61534      1.18454      0.00000      0.00000
      5.62534      1.61118      0.00000      0.00000
      5.63534      2.08537      0.00000      0.00000
      5.64534      1.69950      0.00000      0.00000
      5.65534      1.15627      0.00000      0.00000
      5.66534      0.96484      0.00000      0.00000
      5.67534      0.66983      0.00000      0.00000
      5.68534      0.57342      0.00000      0.00000
      5.69534      0.64284      0.00000      0.00000
      5.70534      0.44495      0.00000      0.00000
      5.71534      0.20382      0.00000      0.00000
      5.72534      0.47306      0.00000      0.00000
      5.73534      1.09605      0.00000      0.00000
      5.74534      1.29024      0.00000      0.00000
      5.75534      1.28556      0.00000      0.00000
      5.76534      1.79468      0.00000      0.00000
      5.77534      2.45281      0.00000      0.00000
      5.78534      2.54047      0.00000      0.00000
      5.79534      2.05037      0.00000      0.00000
      5.80534      1.74828      0.00000      0.00000
      5.81534      1.66171      0.00000      0.00000
      5.82534      1.47612      0.00000      0.00000
      5.83534      1.65069      0.00000      0.00000
      5.84534      1.74256      0.00000      0.00000
      5.85534      1.43653      0.00000      0.00000
      5.86534      0.72778      0.00000      0.00000
      5.87534      0.45735      0.00000      0.00000
      5.88534      1.04714      0.00000      0.00000
      5.89534      1.60635      0.00000      0.00000
      5.90534      1.32690      0.00000      0.00000
      5.91534      0.82143      0.00000      0.00000
      5.92534      0.65564      0.00000      0.00000
      5.93534      0.46323      0.00000      0.00000
      5.94534      0.56199      0.00000      0.00000
      5.95534      1.25671      0.00000      0.00000
      5.96534      2.40795      0.00000      0.00000
      5.97534      3.41891      0.00000      0.00000
      5.98534      3.21934      0.00000      0.00000
      5.99534      2.34137      0.00000      0.00000
      6.00534      1.98081      0.00000      0.00000
      6.01534      2.02454      0.00000      0.00000
      6.02534      1.73032      0.00000      0.00000
      6.03534      1.29859      0.00000      0.00000
      6.04534      1.51415      0.00000      0.00000
      6.05534      1.91412      0.00000      0.00000
      6.06534      1.96375      0.00000      0.00000
      6.07534      1.81601      0.00000      0.00000
      6.08534      1.57733      0.00000      0.00000
      6.09534      1.05595      0.00000      0.00000
      6.10534      0.45429      0.00000      0.00000
      6.11534      0.39977      0.00000      0.00000
      6.12534      1.08684      0.00000      0.00000
      6.13534      2.25458      0.00000      0.00000
      6.14534      2.93430      0.00000      0.00000
      6.15534      2.67868      0.00000      0.00000
      6.16534      2.27691      0.00000      0.00000
      6.17534      2.45240      0.00000      0.00000
      6.18534      2.66300      0.00000      0.00000
      6.19534      2.47480      0.00000      0.00000
      6.20534      2.17507      0.00000      0.00000
      6.21534      1.69438      0.00000      0.00000
      6.22534      1.31216      0.00000      0.00000
      6.23534      1.28026      0.00000      0.00000
      6.24534      1.22375      0.00000      0.00000
      6.25534      1.73114      0.00000      0.00000
      6.26534      2.38650      0.00000      0.00000
      6.27534      2.36963      0.00000      0.00000
      6.28534      1.81529      0.00000      0.00000
      6.29534      1.68943      0.00000      0.00000
      6.30534      2.35171      0.00000      0.00000
      6.31534      2.80376      0.00000      0.00000
      6.32534      2.10613      0.00000      0.00000
      6.33534      1.55030      0.00000      0.00000
      6.34534      1.76940      0.00000      0.00000
      6.35534      2.48789      0.00000      0.00000
      6.36534      3.36655      0.00000      0.00000
      6.37534      2.76206      0.00000      0.00000
      6.38534      1.67144      0.00000      0.00000
      6.39534      1.66607      0.00000      0.00000
      6.40534      1.87837      0.00000      0.00000
      6.41534      1.46672      0.00000      0.00000
      6.42534      1.27427      0.00000      0.00000
      6.43534      1.31345      0.00000      0.00000
      6.44534      1.09048      0.00000      0.00000
      6.45534      1.05177      0.00000      0.00000
      6.46534      1.26018      0.00000      0.00000
      6.47534      1.73415      0.00000      0.00000
      6.48534      1.59508      0.00000      0.00000
      6.49534      1.65723      0.00000      0.00000
      6.50534      2.34553      0.00000      0.00000
      6.51534      1.87671      0.00000      0.00000
      6.52534      0.97397      0.00000      0.00000
      6.53534      0.63800      0.00000      0.00000
      6.54534      0.48191      0.00000      0.00000
      6.55534      0.78008      0.00000      0.00000
      6.56534      1.32526      0.00000      0.00000
      6.57534      1.59715      0.00000      0.00000
      6.58534      2.05598      0.00000      0.00000
      6.59534      2.91032      0.00000      0.00000
      6.60534      2.64392      0.00000      0.00000
      6.61534      1.49272      0.00000      0.00000
      6.62534      1.00297      0.00000      0.00000
      6.63534      1.59792      0.00000      0.00000
      6.64534      2.32303      0.00000      0.00000
      6.65534      1.89745      0.00000      0.00000
      6.66534      1.46213      0.00000      0.00000
      6.67534      1.90651      0.00000      0.00000
      6.68534      2.05914      0.00000      0.00000
      6.69534      1.49720      0.00000      0.00000
      6.70534      1.23051      0.00000      0.00000
      6.71534      1.84494      0.00000      0.00000
      6.72534      2.44595      0.00000      0.00000
      6.73534      2.75904      0.00000      0.00000
      6.74534      2.56092      0.00000      0.00000
      6.75534      2.00275      0.00000      0.00000
      6.76534      1.08043      0.00000      0.00000
      6.77534      0.36365      0.00000      0.00000
      6.78534      0.60952      0.00000      0.00000
      6.79534      1.59533      0.00000      0.00000
      6.80534      2.47449      0.00000      0.00000
      6.81534      2.87600      0.00000      0.00000
      6.82534      3.06806      0.00000      0.00000
      6.83534      3.19631      0.00000      0.00000
      6.84534      2.49808      0.00000      0.00000
      6.85534      1.57714      0.00000      0.00000
      6.86534      1.80416      0.00000      0.00000
      6.87534      2.30977      0.00000      0.00000
      6.88534      2.16994      0.00000      0.00000
      6.89534      1.66894      0.00000      0.00000
      6.90534      1.03776      0.00000      0.00000
      6.91534      0.53587      0.00000      0.00000
      6.92534      0.39435      0.00000      0.00000
      6.93534      0.84777      0.00000      0.00000
      6.94534      2.03249      0.00000      0.00000
      6.95534      3.00445      0.00000      0.00000
      6.96534      2.98147      0.00000      0.00000
      6.97534      2.67814      0.00000      0.00000
      6.98534      2.65219      0.00000      0.00000
      6.99534      3.18828      0.00000      0.00000
      7.00534      3.97103      0.00000      0.00000
      7.01534      4.04009      0.00000      0.00000
