Energy-E_F (eV)    DOS (1/eV)    PDOS (1/eV)  of atom type W  Se 
     -5.58812      3.90641      0.00000      0.00000
     -5.57812      2.38178      0.00000      0.00000
     -5.56812      2.68586      0.00000      0.00000
     -5.55812      3.88877      0.00000      0.00000
     -5.54812      3.88306      0.00000      0.00000
     -5.53812      2.97612      0.00000      0.00000
     -5.52812      3.04891      0.00000      0.00000
     -5.51812      3.47396      0.00000      0.00000
     -5.50812      2.68923      0.00000      0.00000
     -5.49812      2.01243      0.00000      0.00000
     -5.48812      2.34836      0.00000      0.00000
     -5.47812      3.03361      0.00000      0.00000
     -5.46812      3.22278      0.00000      0.00000
     -5.45812      2.47774      0.00000      0.00000
     -5.44812      1.98861      0.00000      0.00000
     -5.43812      2.47013      0.00000      0.00000
     -5.42812      2.67735      0.00000      0.00000
     -5.41812      1.73783      0.00000      0.00000
     -5.40812      1.05260      0.00000      0.00000
     -5.39812      1.51307      0.00000      0.00000
     -5.38812      2.44862      0.00000      0.00000
     -5.37812      2.60141      0.00000      0.00000
     -5.36812      1.80547      0.00000      0.00000
     -5.35812      1.18388      0.00000      0.00000
     -5.34812      1.43521      0.00000      0.00000
     -5.33812      1.96532      0.00000      0.00000
     -5.32812      1.87849      0.00000      0.00000
     -5.31812      1.40916      0.00000      0.00000
     -5.30812      1.13111      0.00000      0.00000
     -5.29812      1.44620      0.00000      0.00000
     -5.28812      2.11447      0.00000      0.00000
     -5.27812      2.43011      0.00000      0.00000
     -5.26812      2.09746      0.00000      0.00000
     -5.25812      1.35039      0.00000      0.00000
     -5.24812      1.13469      0.00000      0.00000
     -5.23812      1.81032      0.00000      0.00000
     -5.22812      2.16726      0.00000      0.00000
     -5.21812      1.81212      0.00000      0.00000
     -5.20812      1.71433      0.00000      0.00000
     -5.19812      2.19374      0.00000      0.00000
     -5.18812      3.01770      0.00000      0.00000
     -5.17812      4.29541      0.00000      0.00000
     -5.16812      5.56816      0.00000      0.00000
     -5.15812      5.85886      0.00000      0.00000
     -5.14812      6.31199      0.00000      0.00000
     -5.13812      7.99323      0.00000      0.00000
     -5.12812      9.46009      0.00000      0.00000
     -5.11812      8.79670      0.00000      0.00000
     -5.10812      6.48876      0.00000      0.00000
     -5.09812      4.98907      0.00000      0.00000
     -5.08812      4.53926      0.00000      0.00000
     -5.07812      4.11031      0.00000      0.00000
     -5.06812      4.28053      0.00000      0.00000
     -5.05812      4.36373      0.00000      0.00000
     -5.04812      3.61985      0.00000      0.00000
     -5.03812      2.51576      0.00000      0.00000
     -5.02812      2.10482      0.00000      0.00000
     -5.01812      2.24609      0.00000      0.00000
     -5.00812      2.58213      0.00000      0.00000
     -4.99812      3.53471      0.00000      0.00000
     -4.98812      4.76008      0.00000      0.00000
     -4.97812      5.62300      0.00000      0.00000
     -4.96812      6.47035      0.00000      0.00000
     -4.95812      6.85445      0.00000      0.00000
     -4.94812      6.54589      0.00000      0.00000
     -4.93812      5.69217      0.00000      0.00000
     -4.92812      5.31471      0.00000      0.00000
     -4.91812      5.43557      0.00000      0.00000
     -4.90812      5.54390      0.00000      0.00000
     -4.89812      5.72539      0.00000      0.00000
     -4.88812      5.94972      0.00000      0.00000
     -4.87812      5.99691      0.00000      0.00000
     -4.86812      5.97090      0.00000      0.00000
     -4.85812      6.03884      0.00000      0.00000
     -4.84812      6.17866      0.00000      0.00000
     -4.83812      6.70586      0.00000      0.00000
     -4.82812      7.22622      0.00000      0.00000
     -4.81812      7.87069      0.00000      0.00000
     -4.80812      8.63571      0.00000      0.00000
     -4.79812      9.72996      0.00000      0.00000
     -4.78812     11.29220      0.00000      0.00000
     -4.77812     12.03788      0.00000      0.00000
     -4.76812     11.04297      0.00000      0.00000
     -4.75812     10.33080      0.00000      0.00000
     -4.74812     10.93423      0.00000      0.00000
     -4.73812     11.60001      0.00000      0.00000
     -4.72812     10.48966      0.00000      0.00000
     -4.71812      8.90951      0.00000      0.00000
     -4.70812      8.09177      0.00000      0.00000
     -4.69812      8.11374      0.00000      0.00000
     -4.68812      7.71676      0.00000      0.00000
     -4.67812      6.28378      0.00000      0.00000
     -4.66812      4.61571      0.00000      0.00000
     -4.65812      3.72442      0.00000      0.00000
     -4.64812      4.01989      0.00000      0.00000
     -4.63812      4.85129      0.00000      0.00000
     -4.62812      5.42230      0.00000      0.00000
     -4.61812      5.97805      0.00000      0.00000
     -4.60812      6.54670      0.00000      0.00000
     -4.59812      6.12456      0.00000      0.00000
     -4.58812      4.72988      0.00000      0.00000
     -4.57812      3.40152      0.00000      0.00000
     -4.56812      2.76503      0.00000      0.00000
     -4.55812      2.32981      0.00000      0.00000
     -4.54812      2.12190      0.00000      0.00000
     -4.53812      1.70862      0.00000      0.00000
     -4.52812      1.05730      0.00000      0.00000
     -4.51812      0.84102      0.00000      0.00000
     -4.50812      1.39497      0.00000      0.00000
     -4.49812      2.14273      0.00000      0.00000
     -4.48812      2.25483      0.00000      0.00000
     -4.47812      2.34150      0.00000      0.00000
     -4.46812      2.22296      0.00000      0.00000
     -4.45812      1.51011      0.00000      0.00000
     -4.44812      1.23662      0.00000      0.00000
     -4.43812      1.55344      0.00000      0.00000
     -4.42812      1.63044      0.00000      0.00000
     -4.41812      1.95109      0.00000      0.00000
     -4.40812      2.48620      0.00000      0.00000
     -4.39812      2.10481      0.00000      0.00000
     -4.38812      1.73889      0.00000      0.00000
     -4.37812      2.26414      0.00000      0.00000
     -4.36812      2.68773      0.00000      0.00000
     -4.35812      3.16140      0.00000      0.00000
     -4.34812      4.17906      0.00000      0.00000
     -4.33812      5.22112      0.00000      0.00000
     -4.32812      4.83048      0.00000      0.00000
     -4.31812      3.00410      0.00000      0.00000
     -4.30812      2.73396      0.00000      0.00000
     -4.29812      3.51310      0.00000      0.00000
     -4.28812      2.99800      0.00000      0.00000
     -4.27812      2.50599      0.00000      0.00000
     -4.26812      2.50566      0.00000      0.00000
     -4.25812      1.85175      0.00000      0.00000
     -4.24812      1.60630      0.00000      0.00000
     -4.23812      2.69648      0.00000      0.00000
     -4.22812      3.12876      0.00000      0.00000
     -4.21812      2.18507      0.00000      0.00000
     -4.20812      2.17244      0.00000      0.00000
     -4.19812      2.75727      0.00000      0.00000
     -4.18812      2.36971      0.00000      0.00000
     -4.17812      1.72186      0.00000      0.00000
     -4.16812      2.01580      0.00000      0.00000
     -4.15812      3.04346      0.00000      0.00000
     -4.14812      4.21246      0.00000      0.00000
     -4.13812      4.72582      0.00000      0.00000
     -4.12812      4.57490      0.00000      0.00000
     -4.11812      4.22266      0.00000      0.00000
     -4.10812      4.01316      0.00000      0.00000
     -4.09812      4.10081      0.00000      0.00000
     -4.08812      4.82944      0.00000      0.00000
     -4.07812      5.97011      0.00000      0.00000
     -4.06812      6.48849      0.00000      0.00000
     -4.05812      6.52887      0.00000      0.00000
     -4.04812      6.02582      0.00000      0.00000
     -4.03812      4.86848      0.00000      0.00000
     -4.02812      4.35253      0.00000      0.00000
     -4.01812      5.07214      0.00000      0.00000
     -4.00812      6.25890      0.00000      0.00000
     -3.99812      6.09624      0.00000      0.00000
     -3.98812      4.55157      0.00000      0.00000
     -3.97812      3.65024      0.00000      0.00000
     -3.96812      3.75513      0.00000      0.00000
     -3.95812      4.17126      0.00000      0.00000
     -3.94812      5.21939      0.00000      0.00000
     -3.93812      5.84686      0.00000      0.00000
     -3.92812      4.98434      0.00000      0.00000
     -3.91812      4.08507      0.00000      0.00000
     -3.90812      3.41578      0.00000      0.00000
     -3.89812      3.66216      0.00000      0.00000
     -3.88812      5.36609      0.00000      0.00000
     -3.87812      6.20650      0.00000      0.00000
     -3.86812      6.22316      0.00000      0.00000
     -3.85812      6.13811      0.00000      0.00000
     -3.84812      5.82013      0.00000      0.00000
     -3.83812      6.37906      0.00000      0.00000
     -3.82812      7.78198      0.00000      0.00000
     -3.81812      8.38052      0.00000      0.00000
     -3.80812      7.62874      0.00000      0.00000
     -3.79812      5.92204      0.00000      0.00000
     -3.78812      4.18191      0.00000      0.00000
     -3.77812      3.90931      0.00000      0.00000
     -3.76812      5.35345      0.00000      0.00000
     -3.75812      6.23872      0.00000      0.00000
     -3.74812      5.11560      0.00000      0.00000
     -3.73812      4.18997      0.00000      0.00000
     -3.72812      4.79088      0.00000      0.00000
     -3.71812      5.73375      0.00000      0.00000
     -3.70812      6.64760      0.00000      0.00000
     -3.69812      6.81322      0.00000      0.00000
     -3.68812      5.25950      0.00000      0.00000
     -3.67812      3.92142      0.00000      0.00000
     -3.66812      4.21185      0.00000      0.00000
     -3.65812      4.98997      0.00000      0.00000
     -3.64812      4.80241      0.00000      0.00000
     -3.63812      4.55284      0.00000      0.00000
     -3.62812      5.52082      0.00000      0.00000
     -3.61812      6.24648      0.00000      0.00000
     -3.60812      5.81313      0.00000      0.00000
     -3.59812      4.87433      0.00000      0.00000
     -3.58812      4.64809      0.00000      0.00000
     -3.57812      4.77446      0.00000      0.00000
     -3.56812      4.45280      0.00000      0.00000
     -3.55812      4.41074      0.00000      0.00000
     -3.54812      5.33012      0.00000      0.00000
     -3.53812      5.74744      0.00000      0.00000
     -3.52812      5.48350      0.00000      0.00000
     -3.51812      6.27724      0.00000      0.00000
     -3.50812      7.42753      0.00000      0.00000
     -3.49812      7.02291      0.00000      0.00000
     -3.48812      6.22865      0.00000      0.00000
     -3.47812      6.11896      0.00000      0.00000
     -3.46812      5.83498      0.00000      0.00000
     -3.45812      5.41313      0.00000      0.00000
     -3.44812      5.08944      0.00000      0.00000
     -3.43812      4.90929      0.00000      0.00000
     -3.42812      4.44017      0.00000      0.00000
     -3.41812      3.36705      0.00000      0.00000
     -3.40812      2.78099      0.00000      0.00000
     -3.39812      3.32836      0.00000      0.00000
     -3.38812      3.92046      0.00000      0.00000
     -3.37812      4.24047      0.00000      0.00000
     -3.36812      4.70127      0.00000      0.00000
     -3.35812      4.56323      0.00000      0.00000
     -3.34812      3.84530      0.00000      0.00000
     -3.33812      2.91315      0.00000      0.00000
     -3.32812      2.51788      0.00000      0.00000
     -3.31812      2.87863      0.00000      0.00000
     -3.30812      3.67387      0.00000      0.00000
     -3.29812      4.20746      0.00000      0.00000
     -3.28812      4.43892      0.00000      0.00000
     -3.27812      4.54326      0.00000      0.00000
     -3.26812      4.20180      0.00000      0.00000
     -3.25812      3.58396      0.00000      0.00000
     -3.24812      3.39945      0.00000      0.00000
     -3.23812      3.48231      0.00000      0.00000
     -3.22812      3.41239      0.00000      0.00000
     -3.21812      3.41740      0.00000      0.00000
     -3.20812      3.70988      0.00000      0.00000
     -3.19812      4.34738      0.00000      0.00000
     -3.18812      4.48728      0.00000      0.00000
     -3.17812      3.33360      0.00000      0.00000
     -3.16812      2.73402      0.00000      0.00000
     -3.15812      3.30605      0.00000      0.00000
     -3.14812      4.19016      0.00000      0.00000
     -3.13812      4.62869      0.00000      0.00000
     -3.12812      3.92265      0.00000      0.00000
     -3.11812      2.69581      0.00000      0.00000
     -3.10812      2.43577      0.00000      0.00000
     -3.09812      2.62654      0.00000      0.00000
     -3.08812      2.63768      0.00000      0.00000
     -3.07812      2.51515      0.00000      0.00000
     -3.06812      2.32473      0.00000      0.00000
     -3.05812      2.36172      0.00000      0.00000
     -3.04812      2.20052      0.00000      0.00000
     -3.03812      1.96200      0.00000      0.00000
     -3.02812      2.05410      0.00000      0.00000
     -3.01812      2.41976      0.00000      0.00000
     -3.00812      3.18699      0.00000      0.00000
     -2.99812      4.23368      0.00000      0.00000
     -2.98812      4.55493      0.00000      0.00000
     -2.97812      3.68752      0.00000      0.00000
     -2.96812      2.56439      0.00000      0.00000
     -2.95812      2.48114      0.00000      0.00000
     -2.94812      3.23662      0.00000      0.00000
     -2.93812      4.24918      0.00000      0.00000
     -2.92812      5.01753      0.00000      0.00000
     -2.91812      5.47684      0.00000      0.00000
     -2.90812      5.41734      0.00000      0.00000
     -2.89812      5.03141      0.00000      0.00000
     -2.88812      5.19051      0.00000      0.00000
     -2.87812      5.90891      0.00000      0.00000
     -2.86812      7.42512      0.00000      0.00000
     -2.85812      9.67368      0.00000      0.00000
     -2.84812     11.86547      0.00000      0.00000
     -2.83812     12.28801      0.00000      0.00000
     -2.82812     11.94375      0.00000      0.00000
     -2.81812     11.32562      0.00000      0.00000
     -2.80812      8.83705      0.00000      0.00000
     -2.79812      6.78002      0.00000      0.00000
     -2.78812      7.92289      0.00000      0.00000
     -2.77812      9.24243      0.00000      0.00000
     -2.76812      7.47114      0.00000      0.00000
     -2.75812      5.45291      0.00000      0.00000
     -2.74812      5.75564      0.00000      0.00000
     -2.73812      7.30044      0.00000      0.00000
     -2.72812      8.02053      0.00000      0.00000
     -2.71812      7.43794      0.00000      0.00000
     -2.70812      6.88826      0.00000      0.00000
     -2.69812      6.07483      0.00000      0.00000
     -2.68812      5.63969      0.00000      0.00000
     -2.67812      6.28215      0.00000      0.00000
     -2.66812      6.32796      0.00000      0.00000
     -2.65812      5.63568      0.00000      0.00000
     -2.64812      6.14977      0.00000      0.00000
     -2.63812      8.22171      0.00000      0.00000
     -2.62812      9.21415      0.00000      0.00000
     -2.61812      8.35822      0.00000      0.00000
     -2.60812      8.07812      0.00000      0.00000
     -2.59812      8.34860      0.00000      0.00000
     -2.58812      8.73655      0.00000      0.00000
     -2.57812      9.26800      0.00000      0.00000
     -2.56812      9.17973      0.00000      0.00000
     -2.55812      8.73716      0.00000      0.00000
     -2.54812      7.68366      0.00000      0.00000
     -2.53812      6.75679      0.00000      0.00000
     -2.52812      7.16772      0.00000      0.00000
     -2.51812      7.68571      0.00000      0.00000
     -2.50812      7.99072      0.00000      0.00000
     -2.49812      7.67674      0.00000      0.00000
     -2.48812      6.40585      0.00000      0.00000
     -2.47812      6.26616      0.00000      0.00000
     -2.46812      6.95190      0.00000      0.00000
     -2.45812      6.63568      0.00000      0.00000
     -2.44812      6.37522      0.00000      0.00000
     -2.43812      6.71292      0.00000      0.00000
     -2.42812      6.28273      0.00000      0.00000
     -2.41812      6.09516      0.00000      0.00000
     -2.40812      6.58516      0.00000      0.00000
     -2.39812      5.43233      0.00000      0.00000
     -2.38812      3.83421      0.00000      0.00000
     -2.37812      3.55058      0.00000      0.00000
     -2.36812      3.47784      0.00000      0.00000
     -2.35812      3.65542      0.00000      0.00000
     -2.34812      4.05026      0.00000      0.00000
     -2.33812      3.87727      0.00000      0.00000
     -2.32812      4.51542      0.00000      0.00000
     -2.31812      5.99752      0.00000      0.00000
     -2.30812      6.19976      0.00000      0.00000
     -2.29812      5.27803      0.00000      0.00000
     -2.28812      4.81114      0.00000      0.00000
     -2.27812      4.57171      0.00000      0.00000
     -2.26812      4.14344      0.00000      0.00000
     -2.25812      4.46644      0.00000      0.00000
     -2.24812      5.52338      0.00000      0.00000
     -2.23812      5.88606      0.00000      0.00000
     -2.22812      5.16315      0.00000      0.00000
     -2.21812      4.69245      0.00000      0.00000
     -2.20812      5.06512      0.00000      0.00000
     -2.19812      5.31204      0.00000      0.00000
     -2.18812      4.72565      0.00000      0.00000
     -2.17812      3.41333      0.00000      0.00000
     -2.16812      2.63032      0.00000      0.00000
     -2.15812      2.64235      0.00000      0.00000
     -2.14812      2.94453      0.00000      0.00000
     -2.13812      2.95082      0.00000      0.00000
     -2.12812      2.64545      0.00000      0.00000
     -2.11812      2.46955      0.00000      0.00000
     -2.10812      1.94466      0.00000      0.00000
     -2.09812      2.06646      0.00000      0.00000
     -2.08812      3.13243      0.00000      0.00000
     -2.07812      4.46241      0.00000      0.00000
     -2.06812      6.12430      0.00000      0.00000
     -2.05812      7.61430      0.00000      0.00000
     -2.04812      8.53348      0.00000      0.00000
     -2.03812      7.80174      0.00000      0.00000
     -2.02812      6.32446      0.00000      0.00000
     -2.01812      5.81308      0.00000      0.00000
     -2.00812      5.94661      0.00000      0.00000
     -1.99812      5.92565      0.00000      0.00000
     -1.98812      5.92335      0.00000      0.00000
     -1.97812      5.75729      0.00000      0.00000
     -1.96812      5.03277      0.00000      0.00000
     -1.95812      4.86822      0.00000      0.00000
     -1.94812      4.94215      0.00000      0.00000
     -1.93812      5.30424      0.00000      0.00000
     -1.92812      5.31884      0.00000      0.00000
     -1.91812      4.55140      0.00000      0.00000
     -1.90812      4.39068      0.00000      0.00000
     -1.89812      4.85174      0.00000      0.00000
     -1.88812      5.11725      0.00000      0.00000
     -1.87812      5.37064      0.00000      0.00000
     -1.86812      4.95698      0.00000      0.00000
     -1.85812      4.31646      0.00000      0.00000
     -1.84812      4.12377      0.00000      0.00000
     -1.83812      4.14077      0.00000      0.00000
     -1.82812      4.49854      0.00000      0.00000
     -1.81812      5.19281      0.00000      0.00000
     -1.80812      5.17327      0.00000      0.00000
     -1.79812      3.96933      0.00000      0.00000
     -1.78812      3.12328      0.00000      0.00000
     -1.77812      3.20766      0.00000      0.00000
     -1.76812      3.65771      0.00000      0.00000
     -1.75812      3.56288      0.00000      0.00000
     -1.74812      2.88694      0.00000      0.00000
     -1.73812      2.31904      0.00000      0.00000
     -1.72812      2.10249      0.00000      0.00000
     -1.71812      2.33932      0.00000      0.00000
     -1.70812      2.82458      0.00000      0.00000
     -1.69812      3.20273      0.00000      0.00000
     -1.68812      3.56307      0.00000      0.00000
     -1.67812      3.64155      0.00000      0.00000
     -1.66812      3.31746      0.00000      0.00000
     -1.65812      2.90029      0.00000      0.00000
     -1.64812      2.71404      0.00000      0.00000
     -1.63812      2.25398      0.00000      0.00000
     -1.62812      1.78805      0.00000      0.00000
     -1.61812      1.55078      0.00000      0.00000
     -1.60812      1.59612      0.00000      0.00000
     -1.59812      1.82270      0.00000      0.00000
     -1.58812      1.66982      0.00000      0.00000
     -1.57812      1.46420      0.00000      0.00000
     -1.56812      1.47022      0.00000      0.00000
     -1.55812      1.35134      0.00000      0.00000
     -1.54812      1.38714      0.00000      0.00000
     -1.53812      1.56082      0.00000      0.00000
     -1.52812      1.58317      0.00000      0.00000
     -1.51812      1.59294      0.00000      0.00000
     -1.50812      1.75013      0.00000      0.00000
     -1.49812      1.79241      0.00000      0.00000
     -1.48812      1.80298      0.00000      0.00000
     -1.47812      2.12324      0.00000      0.00000
     -1.46812      2.47966      0.00000      0.00000
     -1.45812      2.46029      0.00000      0.00000
     -1.44812      2.42706      0.00000      0.00000
     -1.43812      2.50046      0.00000      0.00000
     -1.42812      2.50369      0.00000      0.00000
     -1.41812      2.48573      0.00000      0.00000
     -1.40812      2.24301      0.00000      0.00000
     -1.39812      2.08100      0.00000      0.00000
     -1.38812      2.28459      0.00000      0.00000
     -1.37812      2.64256      0.00000      0.00000
     -1.36812      3.16373      0.00000      0.00000
     -1.35812      3.44315      0.00000      0.00000
     -1.34812      3.30890      0.00000      0.00000
     -1.33812      3.32473      0.00000      0.00000
     -1.32812      3.14256      0.00000      0.00000
     -1.31812      2.70943      0.00000      0.00000
     -1.30812      2.86235      0.00000      0.00000
     -1.29812      3.06886      0.00000      0.00000
     -1.28812      2.96936      0.00000      0.00000
     -1.27812      3.45840      0.00000      0.00000
     -1.26812      3.88803      0.00000      0.00000
     -1.25812      4.15348      0.00000      0.00000
     -1.24812      4.25256      0.00000      0.00000
     -1.23812      4.43940      0.00000      0.00000
     -1.22812      4.96446      0.00000      0.00000
     -1.21812      5.69352      0.00000      0.00000
     -1.20812      6.39834      0.00000      0.00000
     -1.19812      6.23422      0.00000      0.00000
     -1.18812      5.09727      0.00000      0.00000
     -1.17812      4.49716      0.00000      0.00000
     -1.16812      4.07807      0.00000      0.00000
     -1.15812      3.78410      0.00000      0.00000
     -1.14812      4.34616      0.00000      0.00000
     -1.13812      4.77228      0.00000      0.00000
     -1.12812      4.55153      0.00000      0.00000
     -1.11812      4.29762      0.00000      0.00000
     -1.10812      4.17372      0.00000      0.00000
     -1.09812      4.59129      0.00000      0.00000
     -1.08812      5.02126      0.00000      0.00000
     -1.07812      4.70458      0.00000      0.00000
     -1.06812      4.13359      0.00000      0.00000
     -1.05812      3.27702      0.00000      0.00000
     -1.04812      3.50072      0.00000      0.00000
     -1.03812      4.46525      0.00000      0.00000
     -1.02812      4.60717      0.00000      0.00000
     -1.01812      4.88647      0.00000      0.00000
     -1.00812      5.28591      0.00000      0.00000
     -0.99812      4.88173      0.00000      0.00000
     -0.98812      4.98013      0.00000      0.00000
     -0.97812      6.09483      0.00000      0.00000
     -0.96812      6.06703      0.00000      0.00000
     -0.95812      5.34434      0.00000      0.00000
     -0.94812      5.53683      0.00000      0.00000
     -0.93812      6.04308      0.00000      0.00000
     -0.92812      5.57089      0.00000      0.00000
     -0.91812      4.77212      0.00000      0.00000
     -0.90812      4.48565      0.00000      0.00000
     -0.89812      4.65280      0.00000      0.00000
     -0.88812      4.85778      0.00000      0.00000
     -0.87812      4.85650      0.00000      0.00000
     -0.86812      4.47222      0.00000      0.00000
     -0.85812      3.75354      0.00000      0.00000
     -0.84812      3.57034      0.00000      0.00000
     -0.83812      4.35494      0.00000      0.00000
     -0.82812      4.69084      0.00000      0.00000
     -0.81812      4.02733      0.00000      0.00000
     -0.80812      3.74253      0.00000      0.00000
     -0.79812      4.23975      0.00000      0.00000
     -0.78812      4.15349      0.00000      0.00000
     -0.77812      4.14917      0.00000      0.00000
     -0.76812      4.37643      0.00000      0.00000
     -0.75812      3.77149      0.00000      0.00000
     -0.74812      2.96349      0.00000      0.00000
     -0.73812      3.39736      0.00000      0.00000
     -0.72812      3.92568      0.00000      0.00000
     -0.71812      3.68193      0.00000      0.00000
     -0.70812      3.64446      0.00000      0.00000
     -0.69812      3.80193      0.00000      0.00000
     -0.68812      3.95451      0.00000      0.00000
     -0.67812      4.38917      0.00000      0.00000
     -0.66812      4.43607      0.00000      0.00000
     -0.65812      3.59832      0.00000      0.00000
     -0.64812      2.99432      0.00000      0.00000
     -0.63812      3.32012      0.00000      0.00000
     -0.62812      3.58590      0.00000      0.00000
     -0.61812      3.77243      0.00000      0.00000
     -0.60812      3.81423      0.00000      0.00000
     -0.59812      3.25082      0.00000      0.00000
     -0.58812      2.48686      0.00000      0.00000
     -0.57812      2.08664      0.00000      0.00000
     -0.56812      2.04365      0.00000      0.00000
     -0.55812      1.95329      0.00000      0.00000
     -0.54812      1.63105      0.00000      0.00000
     -0.53812      1.16340      0.00000      0.00000
     -0.52812      0.91984      0.00000      0.00000
     -0.51812      1.16322      0.00000      0.00000
     -0.50812      1.21734      0.00000      0.00000
     -0.49812      1.19885      0.00000      0.00000
     -0.48812      1.50409      0.00000      0.00000
     -0.47812      1.40873      0.00000      0.00000
     -0.46812      0.95021      0.00000      0.00000
     -0.45812      0.53749      0.00000      0.00000
     -0.44812      0.49241      0.00000      0.00000
     -0.43812      0.79586      0.00000      0.00000
     -0.42812      1.26620      0.00000      0.00000
     -0.41812      1.30913      0.00000      0.00000
     -0.40812      0.70393      0.00000      0.00000
     -0.39812      0.37617      0.00000      0.00000
     -0.38812      0.45847      0.00000      0.00000
     -0.37812      0.62875      0.00000      0.00000
     -0.36812      0.67442      0.00000      0.00000
     -0.35812      0.55204      0.00000      0.00000
     -0.34812      0.62174      0.00000      0.00000
     -0.33812      0.58784      0.00000      0.00000
     -0.32812      0.48010      0.00000      0.00000
     -0.31812      0.43510      0.00000      0.00000
     -0.30812      0.37183      0.00000      0.00000
     -0.29812      0.50561      0.00000      0.00000
     -0.28812      0.81490      0.00000      0.00000
     -0.27812      0.99441      0.00000      0.00000
     -0.26812      0.90381      0.00000      0.00000
     -0.25812      0.50789      0.00000      0.00000
     -0.24812      0.13454      0.00000      0.00000
     -0.23812      0.05390      0.00000      0.00000
     -0.22812      0.23275      0.00000      0.00000
     -0.21812      0.54426      0.00000      0.00000
     -0.20812      0.56087      0.00000      0.00000
     -0.19812      0.35919      0.00000      0.00000
     -0.18812      0.31924      0.00000      0.00000
     -0.17812      0.36989      0.00000      0.00000
     -0.16812      0.32699      0.00000      0.00000
     -0.15812      0.41072      0.00000      0.00000
     -0.14812      0.62973      0.00000      0.00000
     -0.13812      0.62866      0.00000      0.00000
     -0.12812      0.43810      0.00000      0.00000
     -0.11812      0.18532      0.00000      0.00000
     -0.10812      0.07968      0.00000      0.00000
     -0.09812      0.18932      0.00000      0.00000
     -0.08812      0.36948      0.00000      0.00000
     -0.07812      0.38555      0.00000      0.00000
     -0.06812      0.28245      0.00000      0.00000
     -0.05812      0.32372      0.00000      0.00000
     -0.04812      0.32382      0.00000      0.00000
     -0.03812      0.31365      0.00000      0.00000
     -0.02812      0.32652      0.00000      0.00000
     -0.01812      0.21714      0.00000      0.00000
     -0.00812      0.17572      0.00000      0.00000
      0.00188      0.12542      0.00000      0.00000
      0.01188      0.03797      0.00000      0.00000
      0.02188      0.00428      0.00000      0.00000
      0.03188      0.00018      0.00000      0.00000
      0.04188      0.00000      0.00000      0.00000
      0.05188      0.00000      0.00000      0.00000
      0.06188      0.00000      0.00000      0.00000
      0.07188      0.00000      0.00000      0.00000
      0.08188      0.00000      0.00000      0.00000
      0.09188      0.00000      0.00000      0.00000
      0.10188      0.00000      0.00000      0.00000
      0.11188      0.00000      0.00000      0.00000
      0.12188      0.00000      0.00000      0.00000
      0.13188      0.00000      0.00000      0.00000
      0.14188      0.00000      0.00000      0.00000
      0.15188      0.00000      0.00000      0.00000
      0.16188      0.00000      0.00000      0.00000
      0.17188      0.00000      0.00000      0.00000
      0.18188      0.00000      0.00000      0.00000
      0.19188      0.00000      0.00000      0.00000
      0.20188      0.00000      0.00000      0.00000
      0.21188      0.00000      0.00000      0.00000
      0.22188      0.00000      0.00000      0.00000
      0.23188      0.00000      0.00000      0.00000
      0.24188      0.00000      0.00000      0.00000
      0.25188      0.00000      0.00000      0.00000
      0.26188      0.00000      0.00000      0.00000
      0.27188      0.00000      0.00000      0.00000
      0.28188      0.00000      0.00000      0.00000
      0.29188      0.00000      0.00000      0.00000
      0.30188      0.00000      0.00000      0.00000
      0.31188      0.00000      0.00000      0.00000
      0.32188      0.00000      0.00000      0.00000
      0.33188      0.00000      0.00000      0.00000
      0.34188      0.00000      0.00000      0.00000
      0.35188      0.00000      0.00000      0.00000
      0.36188      0.00000      0.00000      0.00000
      0.37188      0.00000      0.00000      0.00000
      0.38188      0.00000      0.00000      0.00000
      0.39188      0.00000      0.00000      0.00000
      0.40188      0.00000      0.00000      0.00000
      0.41188      0.00000      0.00000      0.00000
      0.42188      0.00000      0.00000      0.00000
      0.43188      0.00000      0.00000      0.00000
      0.44188      0.00000      0.00000      0.00000
      0.45188      0.00000      0.00000      0.00000
      0.46188      0.00000      0.00000      0.00000
      0.47188      0.00000      0.00000      0.00000
      0.48188      0.00000      0.00000      0.00000
      0.49188      0.00000      0.00000      0.00000
      0.50188      0.00000      0.00000      0.00000
      0.51188      0.00000      0.00000      0.00000
      0.52188      0.00000      0.00000      0.00000
      0.53188      0.00000      0.00000      0.00000
      0.54188      0.00000      0.00000      0.00000
      0.55188      0.00000      0.00000      0.00000
      0.56188      0.00000      0.00000      0.00000
      0.57188      0.00000      0.00000      0.00000
      0.58188      0.00000      0.00000      0.00000
      0.59188      0.00000      0.00000      0.00000
      0.60188      0.00000      0.00000      0.00000
      0.61188      0.00000      0.00000      0.00000
      0.62188      0.00000      0.00000      0.00000
      0.63188      0.00000      0.00000      0.00000
      0.64188      0.00000      0.00000      0.00000
      0.65188      0.00000      0.00000      0.00000
      0.66188      0.00000      0.00000      0.00000
      0.67188      0.00000      0.00000      0.00000
      0.68188      0.00000      0.00000      0.00000
      0.69188      0.00000      0.00000      0.00000
      0.70188      0.00000      0.00000      0.00000
      0.71188      0.00000      0.00000      0.00000
      0.72188      0.00000      0.00000      0.00000
      0.73188      0.00000      0.00000      0.00000
      0.74188      0.00000      0.00000      0.00000
      0.75188      0.00000      0.00000      0.00000
      0.76188      0.00000      0.00000      0.00000
      0.77188      0.00000      0.00000      0.00000
      0.78188      0.00000      0.00000      0.00000
      0.79188      0.00000      0.00000      0.00000
      0.80188      0.00000      0.00000      0.00000
      0.81188      0.00000      0.00000      0.00000
      0.82188      0.00000      0.00000      0.00000
      0.83188      0.00000      0.00000      0.00000
      0.84188      0.00000      0.00000      0.00000
      0.85188      0.00000      0.00000      0.00000
      0.86188      0.00000      0.00000      0.00000
      0.87188      0.00000      0.00000      0.00000
      0.88188      0.00000      0.00000      0.00000
      0.89188      0.00000      0.00000      0.00000
      0.90188      0.00000      0.00000      0.00000
      0.91188      0.00000      0.00000      0.00000
      0.92188      0.00000      0.00000      0.00000
      0.93188      0.00000      0.00000      0.00000
      0.94188      0.00000      0.00000      0.00000
      0.95188      0.00000      0.00000      0.00000
      0.96188      0.00000      0.00000      0.00000
      0.97188      0.00000      0.00000      0.00000
      0.98188      0.00000      0.00000      0.00000
      0.99188      0.00000      0.00000      0.00000
      1.00188      0.00000      0.00000      0.00000
      1.01188      0.00000      0.00000      0.00000
      1.02188      0.00000      0.00000      0.00000
      1.03188      0.00000      0.00000      0.00000
      1.04188      0.00000      0.00000      0.00000
      1.05188      0.00000      0.00000      0.00000
      1.06188      0.00000      0.00000      0.00000
      1.07188      0.00000      0.00000      0.00000
      1.08188      0.00000      0.00000      0.00000
      1.09188      0.00000      0.00000      0.00000
      1.10188      0.00000      0.00000      0.00000
      1.11188      0.00000      0.00000      0.00000
      1.12188      0.00000      0.00000      0.00000
      1.13188      0.00000      0.00000      0.00000
      1.14188      0.00000      0.00000      0.00000
      1.15188      0.00000      0.00000      0.00000
      1.16188      0.00000      0.00000      0.00000
      1.17188      0.00000      0.00000      0.00000
      1.18188      0.00000      0.00000      0.00000
      1.19188      0.00000      0.00000      0.00000
      1.20188      0.00000      0.00000      0.00000
      1.21188      0.00000      0.00000      0.00000
      1.22188      0.00000      0.00000      0.00000
      1.23188      0.00000      0.00000      0.00000
      1.24188      0.00000      0.00000      0.00000
      1.25188      0.00000      0.00000      0.00000
      1.26188      0.00000      0.00000      0.00000
      1.27188      0.00000      0.00000      0.00000
      1.28188      0.00000      0.00000      0.00000
      1.29188      0.00000      0.00000      0.00000
      1.30188      0.00000      0.00000      0.00000
      1.31188      0.00000      0.00000      0.00000
      1.32188      0.00000      0.00000      0.00000
      1.33188      0.00000      0.00000      0.00000
      1.34188      0.00000      0.00000      0.00000
      1.35188      0.00000      0.00000      0.00000
      1.36188      0.00000      0.00000      0.00000
      1.37188      0.00000      0.00000      0.00000
      1.38188      0.00000      0.00000      0.00000
      1.39188      0.00000      0.00000      0.00000
      1.40188      0.00000      0.00000      0.00000
      1.41188      0.00000      0.00000      0.00000
      1.42188      0.00000      0.00000      0.00000
      1.43188      0.00000      0.00000      0.00000
      1.44188      0.00000      0.00000      0.00000
      1.45188      0.00000      0.00000      0.00000
      1.46188      0.00000      0.00000      0.00000
      1.47188      0.00000      0.00000      0.00000
      1.48188      0.00000      0.00000      0.00000
      1.49188      0.00000      0.00000      0.00000
      1.50188      0.00000      0.00000      0.00000
      1.51188      0.00000      0.00000      0.00000
      1.52188      0.00000      0.00000      0.00000
      1.53188      0.00000      0.00000      0.00000
      1.54188      0.00000      0.00000      0.00000
      1.55188      0.00000      0.00000      0.00000
      1.56188      0.00000      0.00000      0.00000
      1.57188      0.00000      0.00000      0.00000
      1.58188      0.00000      0.00000      0.00000
      1.59188      0.00000      0.00000      0.00000
      1.60188      0.00000      0.00000      0.00000
      1.61188      0.00000      0.00000      0.00000
      1.62188      0.00000      0.00000      0.00000
      1.63188      0.00000      0.00000      0.00000
      1.64188      0.00000      0.00000      0.00000
      1.65188      0.00000      0.00000      0.00000
      1.66188      0.00000      0.00000      0.00000
      1.67188      0.00000      0.00000      0.00000
      1.68188      0.00000      0.00000      0.00000
      1.69188      0.00000      0.00000      0.00000
      1.70188      0.00000      0.00000      0.00000
      1.71188      0.00000      0.00000      0.00000
      1.72188      0.00000      0.00000      0.00000
      1.73188      0.00000      0.00000      0.00000
      1.74188      0.00000      0.00000      0.00000
      1.75188      0.00000      0.00000      0.00000
      1.76188      0.00000      0.00000      0.00000
      1.77188      0.00000      0.00000      0.00000
      1.78188      0.00000      0.00000      0.00000
      1.79188      0.00000      0.00000      0.00000
      1.80188      0.00000      0.00000      0.00000
      1.81188      0.00000      0.00000      0.00000
      1.82188      0.00000      0.00000      0.00000
      1.83188      0.00000      0.00000      0.00000
      1.84188      0.00000      0.00000      0.00000
      1.85188      0.00000      0.00000      0.00000
      1.86188      0.00000      0.00000      0.00000
      1.87188      0.00005      0.00000      0.00000
      1.88188      0.00179      0.00000      0.00000
      1.89188      0.02304      0.00000      0.00000
      1.90188      0.12487      0.00000      0.00000
      1.91188      0.35911      0.00000      0.00000
      1.92188      0.75707      0.00000      0.00000
      1.93188      1.32094      0.00000      0.00000
      1.94188      1.85951      0.00000      0.00000
      1.95188      2.26967      0.00000      0.00000
      1.96188      2.09116      0.00000      0.00000
      1.97188      1.74685      0.00000      0.00000
      1.98188      2.13610      0.00000      0.00000
      1.99188      2.16485      0.00000      0.00000
      2.00188      1.85045      0.00000      0.00000
      2.01188      2.13836      0.00000      0.00000
      2.02188      2.51858      0.00000      0.00000
      2.03188      2.56986      0.00000      0.00000
      2.04188      2.54087      0.00000      0.00000
      2.05188      2.25821      0.00000      0.00000
      2.06188      1.79783      0.00000      0.00000
      2.07188      1.96109      0.00000      0.00000
      2.08188      2.62159      0.00000      0.00000
      2.09188      3.19657      0.00000      0.00000
      2.10188      3.37477      0.00000      0.00000
      2.11188      2.70236      0.00000      0.00000
      2.12188      2.50383      0.00000      0.00000
      2.13188      3.58982      0.00000      0.00000
      2.14188      4.87201      0.00000      0.00000
      2.15188      5.59467      0.00000      0.00000
      2.16188      5.49651      0.00000      0.00000
      2.17188      4.77131      0.00000      0.00000
      2.18188      4.56924      0.00000      0.00000
      2.19188      5.70380      0.00000      0.00000
      2.20188      7.11186      0.00000      0.00000
      2.21188      6.97608      0.00000      0.00000
      2.22188      6.31943      0.00000      0.00000
      2.23188      5.71188      0.00000      0.00000
      2.24188      5.77221      0.00000      0.00000
      2.25188      7.74909      0.00000      0.00000
      2.26188      9.90238      0.00000      0.00000
      2.27188      9.81736      0.00000      0.00000
      2.28188      8.70974      0.00000      0.00000
      2.29188      7.73814      0.00000      0.00000
      2.30188      6.86061      0.00000      0.00000
      2.31188      6.74040      0.00000      0.00000
      2.32188      7.53616      0.00000      0.00000
      2.33188      7.68387      0.00000      0.00000
      2.34188      7.45606      0.00000      0.00000
      2.35188      7.38490      0.00000      0.00000
      2.36188      6.98748      0.00000      0.00000
      2.37188      6.73706      0.00000      0.00000
      2.38188      6.87171      0.00000      0.00000
      2.39188      7.00703      0.00000      0.00000
      2.40188      6.14348      0.00000      0.00000
      2.41188      5.14644      0.00000      0.00000
      2.42188      5.06881      0.00000      0.00000
      2.43188      5.27283      0.00000      0.00000
      2.44188      4.84844      0.00000      0.00000
      2.45188      4.31953      0.00000      0.00000
      2.46188      4.68033      0.00000      0.00000
      2.47188      5.63735      0.00000      0.00000
      2.48188      5.61740      0.00000      0.00000
      2.49188      4.73101      0.00000      0.00000
      2.50188      4.57535      0.00000      0.00000
      2.51188      4.59329      0.00000      0.00000
      2.52188      4.14425      0.00000      0.00000
      2.53188      4.01391      0.00000      0.00000
      2.54188      4.64491      0.00000      0.00000
      2.55188      4.95482      0.00000      0.00000
      2.56188      5.32011      0.00000      0.00000
      2.57188      5.20306      0.00000      0.00000
      2.58188      4.23374      0.00000      0.00000
      2.59188      3.96024      0.00000      0.00000
      2.60188      3.92871      0.00000      0.00000
      2.61188      3.80989      0.00000      0.00000
      2.62188      4.03050      0.00000      0.00000
      2.63188      4.16993      0.00000      0.00000
      2.64188      4.21385      0.00000      0.00000
      2.65188      4.17032      0.00000      0.00000
      2.66188      3.69004      0.00000      0.00000
      2.67188      3.64234      0.00000      0.00000
      2.68188      4.59495      0.00000      0.00000
      2.69188      5.67191      0.00000      0.00000
      2.70188      6.22080      0.00000      0.00000
      2.71188      6.82648      0.00000      0.00000
      2.72188      8.05093      0.00000      0.00000
      2.73188      9.35243      0.00000      0.00000
      2.74188      9.83621      0.00000      0.00000
      2.75188      9.87572      0.00000      0.00000
      2.76188     10.16327      0.00000      0.00000
      2.77188     10.17465      0.00000      0.00000
      2.78188     10.00451      0.00000      0.00000
      2.79188      9.70384      0.00000      0.00000
      2.80188      8.66311      0.00000      0.00000
      2.81188      7.50840      0.00000      0.00000
      2.82188      6.48835      0.00000      0.00000
      2.83188      5.94865      0.00000      0.00000
      2.84188      6.35543      0.00000      0.00000
      2.85188      6.78425      0.00000      0.00000
      2.86188      6.66802      0.00000      0.00000
      2.87188      6.45142      0.00000      0.00000
      2.88188      7.11981      0.00000      0.00000
      2.89188      7.80685      0.00000      0.00000
      2.90188      7.18728      0.00000      0.00000
      2.91188      6.36729      0.00000      0.00000
      2.92188      6.78771      0.00000      0.00000
      2.93188      8.03062      0.00000      0.00000
      2.94188      9.07208      0.00000      0.00000
      2.95188      8.89961      0.00000      0.00000
      2.96188      9.25005      0.00000      0.00000
      2.97188     11.33787      0.00000      0.00000
      2.98188     14.04825      0.00000      0.00000
      2.99188     15.55948      0.00000      0.00000
      3.00188     14.49872      0.00000      0.00000
      3.01188     12.07373      0.00000      0.00000
      3.02188      9.95489      0.00000      0.00000
      3.03188      8.17156      0.00000      0.00000
      3.04188      6.85677      0.00000      0.00000
      3.05188      6.33930      0.00000      0.00000
      3.06188      6.73187      0.00000      0.00000
      3.07188      8.30093      0.00000      0.00000
      3.08188      9.06067      0.00000      0.00000
      3.09188      7.08522      0.00000      0.00000
      3.10188      4.80302      0.00000      0.00000
      3.11188      4.51792      0.00000      0.00000
      3.12188      5.13179      0.00000      0.00000
      3.13188      5.84972      0.00000      0.00000
      3.14188      7.37476      0.00000      0.00000
      3.15188      8.77914      0.00000      0.00000
      3.16188      8.75667      0.00000      0.00000
      3.17188      8.31842      0.00000      0.00000
      3.18188      8.18541      0.00000      0.00000
      3.19188      8.64780      0.00000      0.00000
      3.20188      8.77857      0.00000      0.00000
      3.21188      8.63649      0.00000      0.00000
      3.22188      8.47267      0.00000      0.00000
      3.23188      7.35547      0.00000      0.00000
      3.24188      6.41156      0.00000      0.00000
      3.25188      6.08571      0.00000      0.00000
      3.26188      5.70302      0.00000      0.00000
      3.27188      6.52383      0.00000      0.00000
      3.28188      7.92145      0.00000      0.00000
      3.29188      7.56936      0.00000      0.00000
      3.30188      6.06998      0.00000      0.00000
      3.31188      4.91584      0.00000      0.00000
      3.32188      3.67571      0.00000      0.00000
      3.33188      3.14089      0.00000      0.00000
      3.34188      4.02265      0.00000      0.00000
      3.35188      5.51189      0.00000      0.00000
      3.36188      7.26188      0.00000      0.00000
      3.37188      8.30977      0.00000      0.00000
      3.38188      7.68491      0.00000      0.00000
      3.39188      5.74701      0.00000      0.00000
      3.40188      4.44537      0.00000      0.00000
      3.41188      4.77590      0.00000      0.00000
      3.42188      5.45021      0.00000      0.00000
      3.43188      5.16702      0.00000      0.00000
      3.44188      4.95855      0.00000      0.00000
      3.45188      6.00157      0.00000      0.00000
      3.46188      7.14115      0.00000      0.00000
      3.47188      6.39625      0.00000      0.00000
      3.48188      4.70466      0.00000      0.00000
      3.49188      4.14021      0.00000      0.00000
      3.50188      4.89801      0.00000      0.00000
      3.51188      6.13386      0.00000      0.00000
      3.52188      6.60740      0.00000      0.00000
      3.53188      5.96886      0.00000      0.00000
      3.54188      5.69749      0.00000      0.00000
      3.55188      5.77951      0.00000      0.00000
      3.56188      4.57077      0.00000      0.00000
      3.57188      3.57567      0.00000      0.00000
      3.58188      3.43958      0.00000      0.00000
      3.59188      4.21015      0.00000      0.00000
      3.60188      5.77622      0.00000      0.00000
      3.61188      5.85709      0.00000      0.00000
      3.62188      4.50674      0.00000      0.00000
      3.63188      3.81849      0.00000      0.00000
      3.64188      4.10927      0.00000      0.00000
      3.65188      4.02330      0.00000      0.00000
      3.66188      3.50983      0.00000      0.00000
      3.67188      4.09176      0.00000      0.00000
      3.68188      4.94378      0.00000      0.00000
      3.69188      5.09280      0.00000      0.00000
      3.70188      4.86061      0.00000      0.00000
      3.71188      4.74219      0.00000      0.00000
      3.72188      5.04389      0.00000      0.00000
      3.73188      4.97135      0.00000      0.00000
      3.74188      3.63243      0.00000      0.00000
      3.75188      2.78702      0.00000      0.00000
      3.76188      2.98124      0.00000      0.00000
      3.77188      3.40100      0.00000      0.00000
      3.78188      4.06632      0.00000      0.00000
      3.79188      4.72047      0.00000      0.00000
      3.80188      4.16302      0.00000      0.00000
      3.81188      3.05134      0.00000      0.00000
      3.82188      2.91856      0.00000      0.00000
      3.83188      3.14110      0.00000      0.00000
      3.84188      3.52678      0.00000      0.00000
      3.85188      4.27263      0.00000      0.00000
      3.86188      4.70434      0.00000      0.00000
      3.87188      3.85436      0.00000      0.00000
      3.88188      2.54314      0.00000      0.00000
      3.89188      2.18211      0.00000      0.00000
      3.90188      2.79975      0.00000      0.00000
      3.91188      3.90684      0.00000      0.00000
      3.92188      4.60016      0.00000      0.00000
      3.93188      4.15934      0.00000      0.00000
      3.94188      3.35733      0.00000      0.00000
      3.95188      2.64330      0.00000      0.00000
      3.96188      2.42157      0.00000      0.00000
      3.97188      3.04936      0.00000      0.00000
      3.98188      3.64784      0.00000      0.00000
      3.99188      3.43476      0.00000      0.00000
      4.00188      3.00158      0.00000      0.00000
      4.01188      2.93781      0.00000      0.00000
      4.02188      2.78067      0.00000      0.00000
      4.03188      2.35232      0.00000      0.00000
      4.04188      2.04385      0.00000      0.00000
      4.05188      2.62269      0.00000      0.00000
      4.06188      3.68566      0.00000      0.00000
      4.07188      4.23027      0.00000      0.00000
      4.08188      4.19762      0.00000      0.00000
      4.09188      3.65246      0.00000      0.00000
      4.10188      2.82873      0.00000      0.00000
      4.11188      2.09311      0.00000      0.00000
      4.12188      1.93880      0.00000      0.00000
      4.13188      3.03794      0.00000      0.00000
      4.14188      4.19852      0.00000      0.00000
      4.15188      3.99096      0.00000      0.00000
      4.16188      3.60142      0.00000      0.00000
      4.17188      3.61650      0.00000      0.00000
      4.18188      3.33525      0.00000      0.00000
      4.19188      2.67844      0.00000      0.00000
      4.20188      2.32718      0.00000      0.00000
      4.21188      2.29011      0.00000      0.00000
      4.22188      2.54368      0.00000      0.00000
      4.23188      2.80811      0.00000      0.00000
      4.24188      3.31865      0.00000      0.00000
      4.25188      3.65075      0.00000      0.00000
      4.26188      2.76710      0.00000      0.00000
      4.27188      1.54114      0.00000      0.00000
      4.28188      1.12689      0.00000      0.00000
      4.29188      1.52151      0.00000      0.00000
      4.30188      1.89059      0.00000      0.00000
      4.31188      1.70999      0.00000      0.00000
      4.32188      1.44299      0.00000      0.00000
      4.33188      1.44563      0.00000      0.00000
      4.34188      1.23806      0.00000      0.00000
      4.35188      0.60546      0.00000      0.00000
      4.36188      0.42334      0.00000      0.00000
      4.37188      1.11070      0.00000      0.00000
      4.38188      2.08967      0.00000      0.00000
      4.39188      2.75851      0.00000      0.00000
      4.40188      2.72045      0.00000      0.00000
      4.41188      2.01700      0.00000      0.00000
      4.42188      1.33217      0.00000      0.00000
      4.43188      0.89948      0.00000      0.00000
      4.44188      1.11522      0.00000      0.00000
      4.45188      1.57407      0.00000      0.00000
      4.46188      1.54673      0.00000      0.00000
      4.47188      1.45727      0.00000      0.00000
      4.48188      1.43182      0.00000      0.00000
      4.49188      1.00073      0.00000      0.00000
      4.50188      1.05750      0.00000      0.00000
      4.51188      2.34399      0.00000      0.00000
      4.52188      3.85123      0.00000      0.00000
      4.53188      3.93343      0.00000      0.00000
      4.54188      3.04070      0.00000      0.00000
      4.55188      2.66122      0.00000      0.00000
      4.56188      2.91624      0.00000      0.00000
      4.57188      3.09633      0.00000      0.00000
      4.58188      2.85989      0.00000      0.00000
      4.59188      2.72848      0.00000      0.00000
      4.60188      3.02242      0.00000      0.00000
      4.61188      3.17165      0.00000      0.00000
      4.62188      4.01429      0.00000      0.00000
      4.63188      5.22905      0.00000      0.00000
      4.64188      4.98995      0.00000      0.00000
      4.65188      4.32260      0.00000      0.00000
      4.66188      4.32962      0.00000      0.00000
      4.67188      4.69992      0.00000      0.00000
      4.68188      5.15850      0.00000      0.00000
      4.69188      5.42104      0.00000      0.00000
      4.70188      6.00984      0.00000      0.00000
      4.71188      7.19746      0.00000      0.00000
      4.72188      8.67237      0.00000      0.00000
      4.73188      9.62550      0.00000      0.00000
      4.74188      9.19135      0.00000      0.00000
      4.75188      8.32126      0.00000      0.00000
      4.76188      7.71579      0.00000      0.00000
      4.77188      7.47098      0.00000      0.00000
      4.78188      8.90960      0.00000      0.00000
      4.79188     10.17996      0.00000      0.00000
      4.80188     10.08768      0.00000      0.00000
      4.81188      9.68246      0.00000      0.00000
      4.82188      8.90719      0.00000      0.00000
      4.83188      7.56199      0.00000      0.00000
      4.84188      6.81713      0.00000      0.00000
      4.85188      6.71580      0.00000      0.00000
      4.86188      6.58188      0.00000      0.00000
      4.87188      6.40596      0.00000      0.00000
      4.88188      6.07709      0.00000      0.00000
      4.89188      5.45744      0.00000      0.00000
      4.90188      4.86045      0.00000      0.00000
      4.91188      4.94954      0.00000      0.00000
      4.92188      5.41763      0.00000      0.00000
      4.93188      4.63448      0.00000      0.00000
      4.94188      3.17009      0.00000      0.00000
      4.95188      2.70506      0.00000      0.00000
      4.96188      3.45138      0.00000      0.00000
      4.97188      4.61550      0.00000      0.00000
      4.98188      4.27053      0.00000      0.00000
      4.99188      2.87754      0.00000      0.00000
      5.00188      1.99587      0.00000      0.00000
      5.01188      1.81762      0.00000      0.00000
      5.02188      2.34971      0.00000      0.00000
      5.03188      2.54543      0.00000      0.00000
      5.04188      2.66353      0.00000      0.00000
      5.05188      3.48044      0.00000      0.00000
      5.06188      4.07410      0.00000      0.00000
      5.07188      3.45058      0.00000      0.00000
      5.08188      2.45537      0.00000      0.00000
      5.09188      2.18767      0.00000      0.00000
      5.10188      2.07985      0.00000      0.00000
      5.11188      1.78244      0.00000      0.00000
      5.12188      1.71286      0.00000      0.00000
      5.13188      1.79056      0.00000      0.00000
      5.14188      2.01873      0.00000      0.00000
      5.15188      2.39151      0.00000      0.00000
      5.16188      2.49401      0.00000      0.00000
      5.17188      2.14234      0.00000      0.00000
      5.18188      1.80285      0.00000      0.00000
      5.19188      2.09467      0.00000      0.00000
      5.20188      2.95570      0.00000      0.00000
      5.21188      2.69499      0.00000      0.00000
      5.22188      1.56824      0.00000      0.00000
      5.23188      0.91639      0.00000      0.00000
      5.24188      0.72462      0.00000      0.00000
      5.25188      0.83246      0.00000      0.00000
      5.26188      1.20143      0.00000      0.00000
      5.27188      1.71525      0.00000      0.00000
      5.28188      2.25844      0.00000      0.00000
      5.29188      2.33189      0.00000      0.00000
      5.30188      2.22975      0.00000      0.00000
      5.31188      2.11949      0.00000      0.00000
      5.32188      1.62989      0.00000      0.00000
      5.33188      1.46227      0.00000      0.00000
      5.34188      1.65485      0.00000      0.00000
      5.35188      1.40324      0.00000      0.00000
      5.36188      1.05332      0.00000      0.00000
      5.37188      1.00976      0.00000      0.00000
      5.38188      0.90276      0.00000      0.00000
      5.39188      1.22971      0.00000      0.00000
      5.40188      2.44104      0.00000      0.00000
      5.41188      3.02611      0.00000      0.00000
      5.42188      2.36346      0.00000      0.00000
      5.43188      1.89980      0.00000      0.00000
      5.44188      1.95689      0.00000      0.00000
      5.45188      2.05366      0.00000      0.00000
      5.46188      1.43333      0.00000      0.00000
      5.47188      0.53575      0.00000      0.00000
      5.48188      0.29389      0.00000      0.00000
      5.49188      0.67823      0.00000      0.00000
      5.50188      0.88891      0.00000      0.00000
      5.51188      0.63697      0.00000      0.00000
      5.52188      0.55698      0.00000      0.00000
      5.53188      0.88491      0.00000      0.00000
      5.54188      1.47232      0.00000      0.00000
      5.55188      1.72618      0.00000      0.00000
      5.56188      1.61518      0.00000      0.00000
      5.57188      1.48153      0.00000      0.00000
      5.58188      1.61773      0.00000      0.00000
      5.59188      1.60465      0.00000      0.00000
      5.60188      1.14896      0.00000      0.00000
      5.61188      0.84796      0.00000      0.00000
      5.62188      0.91758      0.00000      0.00000
      5.63188      1.37331      0.00000      0.00000
      5.64188      1.77520      0.00000      0.00000
      5.65188      1.39866      0.00000      0.00000
      5.66188      1.23052      0.00000      0.00000
      5.67188      1.45472      0.00000      0.00000
      5.68188      1.57783      0.00000      0.00000
      5.69188      1.45099      0.00000      0.00000
      5.70188      1.14532      0.00000      0.00000
      5.71188      0.96187      0.00000      0.00000
      5.72188      0.92417      0.00000      0.00000
      5.73188      1.09603      0.00000      0.00000
      5.74188      1.44639      0.00000      0.00000
      5.75188      1.76399      0.00000      0.00000
      5.76188      1.78669      0.00000      0.00000
      5.77188      1.39338      0.00000      0.00000
      5.78188      1.03887      0.00000      0.00000
      5.79188      0.85336      0.00000      0.00000
      5.80188      0.90059      0.00000      0.00000
      5.81188      1.12486      0.00000      0.00000
      5.82188      1.09679      0.00000      0.00000
      5.83188      0.95926      0.00000      0.00000
      5.84188      1.26297      0.00000      0.00000
      5.85188      1.56687      0.00000      0.00000
      5.86188      1.55520      0.00000      0.00000
      5.87188      2.07551      0.00000      0.00000
      5.88188      2.58475      0.00000      0.00000
      5.89188      1.86919      0.00000      0.00000
      5.90188      1.15756      0.00000      0.00000
      5.91188      1.50736      0.00000      0.00000
      5.92188      2.19083      0.00000      0.00000
      5.93188      2.03408      0.00000      0.00000
      5.94188      1.03503      0.00000      0.00000
      5.95188      0.61273      0.00000      0.00000
      5.96188      1.34322      0.00000      0.00000
      5.97188      2.01690      0.00000      0.00000
      5.98188      1.83514      0.00000      0.00000
      5.99188      1.64148      0.00000      0.00000
      6.00188      1.73509      0.00000      0.00000
      6.01188      1.42809      0.00000      0.00000
      6.02188      1.00460      0.00000      0.00000
      6.03188      1.34480      0.00000      0.00000
      6.04188      2.03892      0.00000      0.00000
      6.05188      1.97678      0.00000      0.00000
      6.06188      1.62329      0.00000      0.00000
      6.07188      1.55531      0.00000      0.00000
      6.08188      1.28877      0.00000      0.00000
      6.09188      1.25594      0.00000      0.00000
      6.10188      1.41231      0.00000      0.00000
      6.11188      1.87151      0.00000      0.00000
      6.12188      2.41952      0.00000      0.00000
      6.13188      2.29107      0.00000      0.00000
      6.14188      1.99762      0.00000      0.00000
      6.15188      2.04024      0.00000      0.00000
      6.16188      1.90689      0.00000      0.00000
      6.17188      1.91829      0.00000      0.00000
      6.18188      2.08409      0.00000      0.00000
      6.19188      2.33486      0.00000      0.00000
      6.20188      2.28365      0.00000      0.00000
      6.21188      1.62735      0.00000      0.00000
      6.22188      1.35193      0.00000      0.00000
      6.23188      1.66613      0.00000      0.00000
      6.24188      1.60955      0.00000      0.00000
      6.25188      1.20093      0.00000      0.00000
      6.26188      1.14217      0.00000      0.00000
      6.27188      1.44467      0.00000      0.00000
      6.28188      2.22261      0.00000      0.00000
      6.29188      3.18762      0.00000      0.00000
      6.30188      3.45962      0.00000      0.00000
      6.31188      3.15506      0.00000      0.00000
      6.32188      2.30502      0.00000      0.00000
      6.33188      1.58323      0.00000      0.00000
      6.34188      1.34606      0.00000      0.00000
      6.35188      1.01033      0.00000      0.00000
      6.36188      1.11884      0.00000      0.00000
      6.37188      1.97499      0.00000      0.00000
      6.38188      2.50902      0.00000      0.00000
      6.39188      2.31410      0.00000      0.00000
      6.40188      1.69583      0.00000      0.00000
      6.41188      1.06378      0.00000      0.00000
      6.42188      1.03152      0.00000      0.00000
      6.43188      1.21884      0.00000      0.00000
      6.44188      1.21167      0.00000      0.00000
      6.45188      1.48814      0.00000      0.00000
      6.46188      1.96873      0.00000      0.00000
      6.47188      1.76817      0.00000      0.00000
      6.48188      1.53508      0.00000      0.00000
      6.49188      1.91767      0.00000      0.00000
      6.50188      2.01988      0.00000      0.00000
      6.51188      1.62685      0.00000      0.00000
      6.52188      1.28607      0.00000      0.00000
      6.53188      1.19022      0.00000      0.00000
      6.54188      1.59012      0.00000      0.00000
      6.55188      1.82463      0.00000      0.00000
      6.56188      1.27674      0.00000      0.00000
      6.57188      0.99586      0.00000      0.00000
      6.58188      1.44921      0.00000      0.00000
      6.59188      2.00190      0.00000      0.00000
      6.60188      1.96155      0.00000      0.00000
      6.61188      1.24250      0.00000      0.00000
      6.62188      1.01635      0.00000      0.00000
      6.63188      1.22196      0.00000      0.00000
      6.64188      1.24563      0.00000      0.00000
      6.65188      1.35313      0.00000      0.00000
      6.66188      1.65197      0.00000      0.00000
      6.67188      1.87309      0.00000      0.00000
      6.68188      1.40872      0.00000      0.00000
      6.69188      1.23558      0.00000      0.00000
      6.70188      1.81445      0.00000      0.00000
      6.71188      1.84472      0.00000      0.00000
      6.72188      1.18211      0.00000      0.00000
      6.73188      0.83966      0.00000      0.00000
      6.74188      1.38104      0.00000      0.00000
      6.75188      2.13371      0.00000      0.00000
      6.76188      2.76805      0.00000      0.00000
      6.77188      2.72781      0.00000      0.00000
      6.78188      2.02921      0.00000      0.00000
      6.79188      1.68608      0.00000      0.00000
      6.80188      2.13234      0.00000      0.00000
      6.81188      2.49444      0.00000      0.00000
      6.82188      2.34519      0.00000      0.00000
      6.83188      1.89283      0.00000      0.00000
      6.84188      1.20565      0.00000      0.00000
      6.85188      1.22165      0.00000      0.00000
      6.86188      2.21273      0.00000      0.00000
      6.87188      2.98777      0.00000      0.00000
      6.88188      2.91642      0.00000      0.00000
      6.89188      2.67888      0.00000      0.00000
      6.90188      2.53316      0.00000      0.00000
      6.91188      1.85724      0.00000      0.00000
      6.92188      1.16047      0.00000      0.00000
      6.93188      1.49359      0.00000      0.00000
      6.94188      2.60632      0.00000      0.00000
      6.95188      3.58957      0.00000      0.00000
      6.96188      3.84898      0.00000      0.00000
      6.97188      3.29951      0.00000      0.00000
