Energy-E_F (eV)    DOS (1/eV)    PDOS (1/eV)  of atom type W  Se 
     -5.67612      5.20944      0.00000      0.00000
     -5.66612      5.45905      0.00000      0.00000
     -5.65612      5.42040      0.00000      0.00000
     -5.64612      5.33709      0.00000      0.00000
     -5.63612      5.33792      0.00000      0.00000
     -5.62612      4.30553      0.00000      0.00000
     -5.61612      2.82242      0.00000      0.00000
     -5.60612      2.99623      0.00000      0.00000
     -5.59612      3.95683      0.00000      0.00000
     -5.58612      3.68476      0.00000      0.00000
     -5.57612      3.05033      0.00000      0.00000
     -5.56612      3.48349      0.00000      0.00000
     -5.55612      3.59217      0.00000      0.00000
     -5.54612      2.33909      0.00000      0.00000
     -5.53612      1.66862      0.00000      0.00000
     -5.52612      2.42185      0.00000      0.00000
     -5.51612      3.26499      0.00000      0.00000
     -5.50612      3.02789      0.00000      0.00000
     -5.49612      2.28840      0.00000      0.00000
     -5.48612      2.30577      0.00000      0.00000
     -5.47612      2.85968      0.00000      0.00000
     -5.46612      2.58658      0.00000      0.00000
     -5.45612      1.49866      0.00000      0.00000
     -5.44612      0.95747      0.00000      0.00000
     -5.43612      1.45775      0.00000      0.00000
     -5.42612      2.50177      0.00000      0.00000
     -5.41612      2.64335      0.00000      0.00000
     -5.40612      1.79357      0.00000      0.00000
     -5.39612      1.29909      0.00000      0.00000
     -5.38612      1.71695      0.00000      0.00000
     -5.37612      2.10627      0.00000      0.00000
     -5.36612      1.67181      0.00000      0.00000
     -5.35612      1.12364      0.00000      0.00000
     -5.34612      1.01714      0.00000      0.00000
     -5.33612      1.38063      0.00000      0.00000
     -5.32612      2.14535      0.00000      0.00000
     -5.31612      2.39857      0.00000      0.00000
     -5.30612      1.86718      0.00000      0.00000
     -5.29612      1.36304      0.00000      0.00000
     -5.28612      1.34982      0.00000      0.00000
     -5.27612      1.91088      0.00000      0.00000
     -5.26612      2.24522      0.00000      0.00000
     -5.25612      1.69097      0.00000      0.00000
     -5.24612      1.09283      0.00000      0.00000
     -5.23612      1.17776      0.00000      0.00000
     -5.22612      1.71318      0.00000      0.00000
     -5.21612      2.39920      0.00000      0.00000
     -5.20612      2.84056      0.00000      0.00000
     -5.19612      3.36346      0.00000      0.00000
     -5.18612      4.72920      0.00000      0.00000
     -5.17612      6.08554      0.00000      0.00000
     -5.16612      6.94433      0.00000      0.00000
     -5.15612      7.80145      0.00000      0.00000
     -5.14612      7.68110      0.00000      0.00000
     -5.13612      7.18448      0.00000      0.00000
     -5.12612      6.89351      0.00000      0.00000
     -5.11612      6.02720      0.00000      0.00000
     -5.10612      5.13841      0.00000      0.00000
     -5.09612      4.46190      0.00000      0.00000
     -5.08612      3.60699      0.00000      0.00000
     -5.07612      3.49599      0.00000      0.00000
     -5.06612      4.22083      0.00000      0.00000
     -5.05612      3.96695      0.00000      0.00000
     -5.04612      2.68956      0.00000      0.00000
     -5.03612      1.99764      0.00000      0.00000
     -5.02612      2.85923      0.00000      0.00000
     -5.01612      4.33382      0.00000      0.00000
     -5.00612      5.25913      0.00000      0.00000
     -4.99612      5.98335      0.00000      0.00000
     -4.98612      6.70110      0.00000      0.00000
     -4.97612      6.53583      0.00000      0.00000
     -4.96612      5.45574      0.00000      0.00000
     -4.95612      4.85399      0.00000      0.00000
     -4.94612      5.35910      0.00000      0.00000
     -4.93612      6.32776      0.00000      0.00000
     -4.92612      6.82671      0.00000      0.00000
     -4.91612      6.69096      0.00000      0.00000
     -4.90612      5.66301      0.00000      0.00000
     -4.89612      4.95001      0.00000      0.00000
     -4.88612      6.33306      0.00000      0.00000
     -4.87612      7.73624      0.00000      0.00000
     -4.86612      7.37424      0.00000      0.00000
     -4.85612      7.05416      0.00000      0.00000
     -4.84612      7.11048      0.00000      0.00000
     -4.83612      7.17658      0.00000      0.00000
     -4.82612      8.76375      0.00000      0.00000
     -4.81612     11.61376      0.00000      0.00000
     -4.80612     13.56691      0.00000      0.00000
     -4.79612     12.68525      0.00000      0.00000
     -4.78612     11.50543      0.00000      0.00000
     -4.77612     11.30089      0.00000      0.00000
     -4.76612     11.04849      0.00000      0.00000
     -4.75612     10.14651      0.00000      0.00000
     -4.74612      8.35549      0.00000      0.00000
     -4.73612      7.49240      0.00000      0.00000
     -4.72612      7.66997      0.00000      0.00000
     -4.71612      7.62856      0.00000      0.00000
     -4.70612      6.63648      0.00000      0.00000
     -4.69612      5.12830      0.00000      0.00000
     -4.68612      4.08664      0.00000      0.00000
     -4.67612      4.31006      0.00000      0.00000
     -4.66612      5.14602      0.00000      0.00000
     -4.65612      5.54131      0.00000      0.00000
     -4.64612      6.10165      0.00000      0.00000
     -4.63612      6.75898      0.00000      0.00000
     -4.62612      6.36735      0.00000      0.00000
     -4.61612      4.23768      0.00000      0.00000
     -4.60612      2.73300      0.00000      0.00000
     -4.59612      2.91975      0.00000      0.00000
     -4.58612      2.93474      0.00000      0.00000
     -4.57612      1.99827      0.00000      0.00000
     -4.56612      1.07629      0.00000      0.00000
     -4.55612      0.90947      0.00000      0.00000
     -4.54612      1.17678      0.00000      0.00000
     -4.53612      1.61630      0.00000      0.00000
     -4.52612      2.13697      0.00000      0.00000
     -4.51612      2.73064      0.00000      0.00000
     -4.50612      2.75218      0.00000      0.00000
     -4.49612      1.84122      0.00000      0.00000
     -4.48612      1.10115      0.00000      0.00000
     -4.47612      1.15939      0.00000      0.00000
     -4.46612      1.52711      0.00000      0.00000
     -4.45612      2.00133      0.00000      0.00000
     -4.44612      2.40023      0.00000      0.00000
     -4.43612      2.18753      0.00000      0.00000
     -4.42612      1.51293      0.00000      0.00000
     -4.41612      1.22770      0.00000      0.00000
     -4.40612      1.88692      0.00000      0.00000
     -4.39612      2.83467      0.00000      0.00000
     -4.38612      3.12121      0.00000      0.00000
     -4.37612      4.05623      0.00000      0.00000
     -4.36612      5.15463      0.00000      0.00000
     -4.35612      4.61003      0.00000      0.00000
     -4.34612      3.31371      0.00000      0.00000
     -4.33612      2.64137      0.00000      0.00000
     -4.32612      3.15945      0.00000      0.00000
     -4.31612      3.62331      0.00000      0.00000
     -4.30612      3.48706      0.00000      0.00000
     -4.29612      2.77746      0.00000      0.00000
     -4.28612      1.71312      0.00000      0.00000
     -4.27612      1.59259      0.00000      0.00000
     -4.26612      2.17277      0.00000      0.00000
     -4.25612      2.54044      0.00000      0.00000
     -4.24612      2.81199      0.00000      0.00000
     -4.23612      3.00322      0.00000      0.00000
     -4.22612      2.81822      0.00000      0.00000
     -4.21612      2.09463      0.00000      0.00000
     -4.20612      1.98031      0.00000      0.00000
     -4.19612      2.62397      0.00000      0.00000
     -4.18612      3.14816      0.00000      0.00000
     -4.17612      3.92473      0.00000      0.00000
     -4.16612      4.87597      0.00000      0.00000
     -4.15612      4.59757      0.00000      0.00000
     -4.14612      4.13119      0.00000      0.00000
     -4.13612      4.01989      0.00000      0.00000
     -4.12612      4.49363      0.00000      0.00000
     -4.11612      6.01077      0.00000      0.00000
     -4.10612      6.42982      0.00000      0.00000
     -4.09612      5.82343      0.00000      0.00000
     -4.08612      5.80085      0.00000      0.00000
     -4.07612      5.82960      0.00000      0.00000
     -4.06612      4.82800      0.00000      0.00000
     -4.05612      4.24925      0.00000      0.00000
     -4.04612      4.92235      0.00000      0.00000
     -4.03612      5.55494      0.00000      0.00000
     -4.02612      5.29071      0.00000      0.00000
     -4.01612      4.70034      0.00000      0.00000
     -4.00612      4.07505      0.00000      0.00000
     -3.99612      3.81145      0.00000      0.00000
     -3.98612      4.47427      0.00000      0.00000
     -3.97612      5.53167      0.00000      0.00000
     -3.96612      5.39004      0.00000      0.00000
     -3.95612      4.96897      0.00000      0.00000
     -3.94612      4.48187      0.00000      0.00000
     -3.93612      3.18345      0.00000      0.00000
     -3.92612      3.31466      0.00000      0.00000
     -3.91612      5.17324      0.00000      0.00000
     -3.90612      6.32743      0.00000      0.00000
     -3.89612      6.72808      0.00000      0.00000
     -3.88612      6.90904      0.00000      0.00000
     -3.87612      6.46136      0.00000      0.00000
     -3.86612      6.07272      0.00000      0.00000
     -3.85612      6.86367      0.00000      0.00000
     -3.84612      7.70650      0.00000      0.00000
     -3.83612      7.58830      0.00000      0.00000
     -3.82612      5.96083      0.00000      0.00000
     -3.81612      3.86524      0.00000      0.00000
     -3.80612      3.38355      0.00000      0.00000
     -3.79612      4.59347      0.00000      0.00000
     -3.78612      6.24778      0.00000      0.00000
     -3.77612      5.62923      0.00000      0.00000
     -3.76612      3.97580      0.00000      0.00000
     -3.75612      4.27361      0.00000      0.00000
     -3.74612      5.52616      0.00000      0.00000
     -3.73612      6.58049      0.00000      0.00000
     -3.72612      7.10612      0.00000      0.00000
     -3.71612      5.67260      0.00000      0.00000
     -3.70612      3.68038      0.00000      0.00000
     -3.69612      3.50338      0.00000      0.00000
     -3.68612      4.51170      0.00000      0.00000
     -3.67612      5.05148      0.00000      0.00000
     -3.66612      4.86484      0.00000      0.00000
     -3.65612      5.08074      0.00000      0.00000
     -3.64612      5.87880      0.00000      0.00000
     -3.63612      6.27863      0.00000      0.00000
     -3.62612      5.53453      0.00000      0.00000
     -3.61612      4.24573      0.00000      0.00000
     -3.60612      3.87388      0.00000      0.00000
     -3.59612      4.50879      0.00000      0.00000
     -3.58612      4.98443      0.00000      0.00000
     -3.57612      5.22952      0.00000      0.00000
     -3.56612      5.20759      0.00000      0.00000
     -3.55612      4.89857      0.00000      0.00000
     -3.54612      5.10703      0.00000      0.00000
     -3.53612      6.71040      0.00000      0.00000
     -3.52612      8.26595      0.00000      0.00000
     -3.51612      7.06983      0.00000      0.00000
     -3.50612      5.61498      0.00000      0.00000
     -3.49612      5.73966      0.00000      0.00000
     -3.48612      5.71397      0.00000      0.00000
     -3.47612      5.34382      0.00000      0.00000
     -3.46612      5.26340      0.00000      0.00000
     -3.45612      4.87896      0.00000      0.00000
     -3.44612      4.16312      0.00000      0.00000
     -3.43612      3.28569      0.00000      0.00000
     -3.42612      2.75764      0.00000      0.00000
     -3.41612      3.05681      0.00000      0.00000
     -3.40612      3.70652      0.00000      0.00000
     -3.39612      4.49488      0.00000      0.00000
     -3.38612      5.04540      0.00000      0.00000
     -3.37612      4.60258      0.00000      0.00000
     -3.36612      3.53829      0.00000      0.00000
     -3.35612      2.64371      0.00000      0.00000
     -3.34612      2.62501      0.00000      0.00000
     -3.33612      3.17719      0.00000      0.00000
     -3.32612      3.89355      0.00000      0.00000
     -3.31612      4.12129      0.00000      0.00000
     -3.30612      3.83381      0.00000      0.00000
     -3.29612      4.03561      0.00000      0.00000
     -3.28612      4.19314      0.00000      0.00000
     -3.27612      3.66604      0.00000      0.00000
     -3.26612      3.29710      0.00000      0.00000
     -3.25612      3.30286      0.00000      0.00000
     -3.24612      3.68096      0.00000      0.00000
     -3.23612      3.90448      0.00000      0.00000
     -3.22612      3.84908      0.00000      0.00000
     -3.21612      4.17784      0.00000      0.00000
     -3.20612      4.38353      0.00000      0.00000
     -3.19612      3.23898      0.00000      0.00000
     -3.18612      2.75564      0.00000      0.00000
     -3.17612      3.50968      0.00000      0.00000
     -3.16612      4.13174      0.00000      0.00000
     -3.15612      4.22548      0.00000      0.00000
     -3.14612      3.58367      0.00000      0.00000
     -3.13612      2.45328      0.00000      0.00000
     -3.12612      1.98298      0.00000      0.00000
     -3.11612      2.32283      0.00000      0.00000
     -3.10612      2.83839      0.00000      0.00000
     -3.09612      2.83518      0.00000      0.00000
     -3.08612      2.43972      0.00000      0.00000
     -3.07612      2.23133      0.00000      0.00000
     -3.06612      2.17361      0.00000      0.00000
     -3.05612      2.21554      0.00000      0.00000
     -3.04612      2.33667      0.00000      0.00000
     -3.03612      2.71406      0.00000      0.00000
     -3.02612      3.26342      0.00000      0.00000
     -3.01612      3.87430      0.00000      0.00000
     -3.00612      4.37032      0.00000      0.00000
     -2.99612      3.76584      0.00000      0.00000
     -2.98612      2.94328      0.00000      0.00000
     -2.97612      2.89268      0.00000      0.00000
     -2.96612      3.16640      0.00000      0.00000
     -2.95612      4.11512      0.00000      0.00000
     -2.94612      5.17047      0.00000      0.00000
     -2.93612      5.47900      0.00000      0.00000
     -2.92612      5.56391      0.00000      0.00000
     -2.91612      5.53824      0.00000      0.00000
     -2.90612      5.79669      0.00000      0.00000
     -2.89612      7.10354      0.00000      0.00000
     -2.88612      9.78196      0.00000      0.00000
     -2.87612     12.14867      0.00000      0.00000
     -2.86612     12.64739      0.00000      0.00000
     -2.85612     11.88596      0.00000      0.00000
     -2.84612     11.06795      0.00000      0.00000
     -2.83612      9.17473      0.00000      0.00000
     -2.82612      7.17972      0.00000      0.00000
     -2.81612      7.34898      0.00000      0.00000
     -2.80612      8.88608      0.00000      0.00000
     -2.79612      8.30658      0.00000      0.00000
     -2.78612      5.92174      0.00000      0.00000
     -2.77612      4.80536      0.00000      0.00000
     -2.76612      6.07855      0.00000      0.00000
     -2.75612      8.09254      0.00000      0.00000
     -2.74612      7.90884      0.00000      0.00000
     -2.73612      6.64867      0.00000      0.00000
     -2.72612      6.06337      0.00000      0.00000
     -2.71612      5.99789      0.00000      0.00000
     -2.70612      6.42903      0.00000      0.00000
     -2.69612      6.27454      0.00000      0.00000
     -2.68612      5.35445      0.00000      0.00000
     -2.67612      5.00795      0.00000      0.00000
     -2.66612      6.30216      0.00000      0.00000
     -2.65612      8.43291      0.00000      0.00000
     -2.64612      9.25909      0.00000      0.00000
     -2.63612      8.10087      0.00000      0.00000
     -2.62612      7.45528      0.00000      0.00000
     -2.61612      7.66861      0.00000      0.00000
     -2.60612      8.13729      0.00000      0.00000
     -2.59612      8.92093      0.00000      0.00000
     -2.58612      9.27581      0.00000      0.00000
     -2.57612      8.89956      0.00000      0.00000
     -2.56612      7.93978      0.00000      0.00000
     -2.55612      7.28999      0.00000      0.00000
     -2.54612      7.13132      0.00000      0.00000
     -2.53612      7.27105      0.00000      0.00000
     -2.52612      7.57310      0.00000      0.00000
     -2.51612      7.76040      0.00000      0.00000
     -2.50612      7.25161      0.00000      0.00000
     -2.49612      6.42853      0.00000      0.00000
     -2.48612      6.67499      0.00000      0.00000
     -2.47612      6.57885      0.00000      0.00000
     -2.46612      6.20378      0.00000      0.00000
     -2.45612      6.49720      0.00000      0.00000
     -2.44612      6.33501      0.00000      0.00000
     -2.43612      5.76518      0.00000      0.00000
     -2.42612      5.91400      0.00000      0.00000
     -2.41612      5.93321      0.00000      0.00000
     -2.40612      4.70910      0.00000      0.00000
     -2.39612      3.89407      0.00000      0.00000
     -2.38612      3.74693      0.00000      0.00000
     -2.37612      3.81194      0.00000      0.00000
     -2.36612      4.13588      0.00000      0.00000
     -2.35612      3.75228      0.00000      0.00000
     -2.34612      3.70246      0.00000      0.00000
     -2.33612      5.12833      0.00000      0.00000
     -2.32612      6.41218      0.00000      0.00000
     -2.31612      6.01162      0.00000      0.00000
     -2.30612      5.07789      0.00000      0.00000
     -2.29612      4.46240      0.00000      0.00000
     -2.28612      4.07691      0.00000      0.00000
     -2.27612      4.29764      0.00000      0.00000
     -2.26612      5.07045      0.00000      0.00000
     -2.25612      5.29052      0.00000      0.00000
     -2.24612      4.94074      0.00000      0.00000
     -2.23612      4.59380      0.00000      0.00000
     -2.22612      4.94790      0.00000      0.00000
     -2.21612      5.42203      0.00000      0.00000
     -2.20612      4.93582      0.00000      0.00000
     -2.19612      3.86486      0.00000      0.00000
     -2.18612      3.23009      0.00000      0.00000
     -2.17612      3.12372      0.00000      0.00000
     -2.16612      3.18691      0.00000      0.00000
     -2.15612      3.08039      0.00000      0.00000
     -2.14612      2.59307      0.00000      0.00000
     -2.13612      2.25472      0.00000      0.00000
     -2.12612      1.92948      0.00000      0.00000
     -2.11612      1.82384      0.00000      0.00000
     -2.10612      2.40304      0.00000      0.00000
     -2.09612      3.65895      0.00000      0.00000
     -2.08612      5.24995      0.00000      0.00000
     -2.07612      6.64263      0.00000      0.00000
     -2.06612      7.80093      0.00000      0.00000
     -2.05612      8.04914      0.00000      0.00000
     -2.04612      7.02421      0.00000      0.00000
     -2.03612      6.17294      0.00000      0.00000
     -2.02612      6.26728      0.00000      0.00000
     -2.01612      6.45211      0.00000      0.00000
     -2.00612      6.24774      0.00000      0.00000
     -1.99612      5.53152      0.00000      0.00000
     -1.98612      4.62461      0.00000      0.00000
     -1.97612      4.54070      0.00000      0.00000
     -1.96612      5.11278      0.00000      0.00000
     -1.95612      5.56021      0.00000      0.00000
     -1.94612      5.46730      0.00000      0.00000
     -1.93612      4.72677      0.00000      0.00000
     -1.92612      4.26506      0.00000      0.00000
     -1.91612      4.45055      0.00000      0.00000
     -1.90612      5.10104      0.00000      0.00000
     -1.89612      5.35508      0.00000      0.00000
     -1.88612      4.94571      0.00000      0.00000
     -1.87612      4.49295      0.00000      0.00000
     -1.86612      4.32083      0.00000      0.00000
     -1.85612      4.13659      0.00000      0.00000
     -1.84612      4.43606      0.00000      0.00000
     -1.83612      5.04024      0.00000      0.00000
     -1.82612      5.36410      0.00000      0.00000
     -1.81612      4.60297      0.00000      0.00000
     -1.80612      3.54699      0.00000      0.00000
     -1.79612      2.91476      0.00000      0.00000
     -1.78612      3.18856      0.00000      0.00000
     -1.77612      3.79311      0.00000      0.00000
     -1.76612      3.43145      0.00000      0.00000
     -1.75612      2.51639      0.00000      0.00000
     -1.74612      2.15517      0.00000      0.00000
     -1.73612      2.21215      0.00000      0.00000
     -1.72612      2.25725      0.00000      0.00000
     -1.71612      2.84205      0.00000      0.00000
     -1.70612      3.56104      0.00000      0.00000
     -1.69612      3.65002      0.00000      0.00000
     -1.68612      3.39651      0.00000      0.00000
     -1.67612      3.07658      0.00000      0.00000
     -1.66612      2.80950      0.00000      0.00000
     -1.65612      2.85613      0.00000      0.00000
     -1.64612      2.52339      0.00000      0.00000
     -1.63612      1.90627      0.00000      0.00000
     -1.62612      1.55765      0.00000      0.00000
     -1.61612      1.63325      0.00000      0.00000
     -1.60612      1.71584      0.00000      0.00000
     -1.59612      1.72835      0.00000      0.00000
     -1.58612      1.74281      0.00000      0.00000
     -1.57612      1.42661      0.00000      0.00000
     -1.56612      1.17947      0.00000      0.00000
     -1.55612      1.28978      0.00000      0.00000
     -1.54612      1.58952      0.00000      0.00000
     -1.53612      1.59601      0.00000      0.00000
     -1.52612      1.40207      0.00000      0.00000
     -1.51612      1.58999      0.00000      0.00000
     -1.50612      1.86897      0.00000      0.00000
     -1.49612      1.99204      0.00000      0.00000
     -1.48612      2.01745      0.00000      0.00000
     -1.47612      2.28959      0.00000      0.00000
     -1.46612      2.40703      0.00000      0.00000
     -1.45612      2.27897      0.00000      0.00000
     -1.44612      2.38634      0.00000      0.00000
     -1.43612      2.33848      0.00000      0.00000
     -1.42612      2.33027      0.00000      0.00000
     -1.41612      2.25877      0.00000      0.00000
     -1.40612      2.13716      0.00000      0.00000
     -1.39612      2.17941      0.00000      0.00000
     -1.38612      2.40335      0.00000      0.00000
     -1.37612      3.08456      0.00000      0.00000
     -1.36612      3.52429      0.00000      0.00000
     -1.35612      3.45817      0.00000      0.00000
     -1.34612      3.54164      0.00000      0.00000
     -1.33612      3.21168      0.00000      0.00000
     -1.32612      2.69061      0.00000      0.00000
     -1.31612      2.58344      0.00000      0.00000
     -1.30612      2.79793      0.00000      0.00000
     -1.29612      2.94255      0.00000      0.00000
     -1.28612      3.42189      0.00000      0.00000
     -1.27612      3.87160      0.00000      0.00000
     -1.26612      4.10059      0.00000      0.00000
     -1.25612      4.13227      0.00000      0.00000
     -1.24612      4.36955      0.00000      0.00000
     -1.23612      4.96142      0.00000      0.00000
     -1.22612      5.55779      0.00000      0.00000
     -1.21612      6.24222      0.00000      0.00000
     -1.20612      6.24743      0.00000      0.00000
     -1.19612      5.08550      0.00000      0.00000
     -1.18612      4.52492      0.00000      0.00000
     -1.17612      4.25474      0.00000      0.00000
     -1.16612      3.61690      0.00000      0.00000
     -1.15612      4.18214      0.00000      0.00000
     -1.14612      4.82612      0.00000      0.00000
     -1.13612      4.53418      0.00000      0.00000
     -1.12612      4.24487      0.00000      0.00000
     -1.11612      4.09122      0.00000      0.00000
     -1.10612      4.55127      0.00000      0.00000
     -1.09612      5.21558      0.00000      0.00000
     -1.08612      4.72853      0.00000      0.00000
     -1.07612      4.24068      0.00000      0.00000
     -1.06612      3.69318      0.00000      0.00000
     -1.05612      3.26557      0.00000      0.00000
     -1.04612      4.06632      0.00000      0.00000
     -1.03612      4.69738      0.00000      0.00000
     -1.02612      5.01881      0.00000      0.00000
     -1.01612      5.28041      0.00000      0.00000
     -1.00612      4.93469      0.00000      0.00000
     -0.99612      4.73513      0.00000      0.00000
     -0.98612      5.76955      0.00000      0.00000
     -0.97612      6.29005      0.00000      0.00000
     -0.96612      5.42449      0.00000      0.00000
     -0.95612      5.24203      0.00000      0.00000
     -0.94612      5.81962      0.00000      0.00000
     -0.93612      5.57061      0.00000      0.00000
     -0.92612      5.02413      0.00000      0.00000
     -0.91612      4.57931      0.00000      0.00000
     -0.90612      4.46367      0.00000      0.00000
     -0.89612      4.60954      0.00000      0.00000
     -0.88612      4.72606      0.00000      0.00000
     -0.87612      4.81269      0.00000      0.00000
     -0.86612      4.18062      0.00000      0.00000
     -0.85612      3.40251      0.00000      0.00000
     -0.84612      3.86583      0.00000      0.00000
     -0.83612      4.45172      0.00000      0.00000
     -0.82612      4.26486      0.00000      0.00000
     -0.81612      3.88783      0.00000      0.00000
     -0.80612      3.96710      0.00000      0.00000
     -0.79612      4.08598      0.00000      0.00000
     -0.78612      4.02644      0.00000      0.00000
     -0.77612      4.50907      0.00000      0.00000
     -0.76612      4.38688      0.00000      0.00000
     -0.75612      3.19600      0.00000      0.00000
     -0.74612      2.90127      0.00000      0.00000
     -0.73612      3.64985      0.00000      0.00000
     -0.72612      3.73146      0.00000      0.00000
     -0.71612      3.43110      0.00000      0.00000
     -0.70612      3.75952      0.00000      0.00000
     -0.69612      4.06476      0.00000      0.00000
     -0.68612      4.25284      0.00000      0.00000
     -0.67612      4.29591      0.00000      0.00000
     -0.66612      3.79467      0.00000      0.00000
     -0.65612      3.38036      0.00000      0.00000
     -0.64612      3.29536      0.00000      0.00000
     -0.63612      3.35109      0.00000      0.00000
     -0.62612      3.56758      0.00000      0.00000
     -0.61612      3.72389      0.00000      0.00000
     -0.60612      3.56196      0.00000      0.00000
     -0.59612      3.21628      0.00000      0.00000
     -0.58612      2.70104      0.00000      0.00000
     -0.57612      2.30555      0.00000      0.00000
     -0.56612      2.15560      0.00000      0.00000
     -0.55612      1.80812      0.00000      0.00000
     -0.54612      1.26123      0.00000      0.00000
     -0.53612      0.90483      0.00000      0.00000
     -0.52612      1.01777      0.00000      0.00000
     -0.51612      1.28319      0.00000      0.00000
     -0.50612      1.27373      0.00000      0.00000
     -0.49612      1.42340      0.00000      0.00000
     -0.48612      1.36987      0.00000      0.00000
     -0.47612      1.07389      0.00000      0.00000
     -0.46612      0.76008      0.00000      0.00000
     -0.45612      0.54404      0.00000      0.00000
     -0.44612      0.68499      0.00000      0.00000
     -0.43612      1.12812      0.00000      0.00000
     -0.42612      1.37667      0.00000      0.00000
     -0.41612      0.88617      0.00000      0.00000
     -0.40612      0.35906      0.00000      0.00000
     -0.39612      0.37790      0.00000      0.00000
     -0.38612      0.60425      0.00000      0.00000
     -0.37612      0.75348      0.00000      0.00000
     -0.36612      0.67954      0.00000      0.00000
     -0.35612      0.66167      0.00000      0.00000
     -0.34612      0.54689      0.00000      0.00000
     -0.33612      0.37791      0.00000      0.00000
     -0.32612      0.45739      0.00000      0.00000
     -0.31612      0.44205      0.00000      0.00000
     -0.30612      0.41963      0.00000      0.00000
     -0.29612      0.62702      0.00000      0.00000
     -0.28612      0.87855      0.00000      0.00000
     -0.27612      0.95438      0.00000      0.00000
     -0.26612      0.72683      0.00000      0.00000
     -0.25612      0.31000      0.00000      0.00000
     -0.24612      0.07787      0.00000      0.00000
     -0.23612      0.15841      0.00000      0.00000
     -0.22612      0.48336      0.00000      0.00000
     -0.21612      0.60865      0.00000      0.00000
     -0.20612      0.38294      0.00000      0.00000
     -0.19612      0.25212      0.00000      0.00000
     -0.18612      0.28927      0.00000      0.00000
     -0.17612      0.35160      0.00000      0.00000
     -0.16612      0.35310      0.00000      0.00000
     -0.15612      0.54947      0.00000      0.00000
     -0.14612      0.67357      0.00000      0.00000
     -0.13612      0.53423      0.00000      0.00000
     -0.12612      0.31645      0.00000      0.00000
     -0.11612      0.12100      0.00000      0.00000
     -0.10612      0.12430      0.00000      0.00000
     -0.09612      0.26775      0.00000      0.00000
     -0.08612      0.37897      0.00000      0.00000
     -0.07612      0.31669      0.00000      0.00000
     -0.06612      0.25360      0.00000      0.00000
     -0.05612      0.33552      0.00000      0.00000
     -0.04612      0.33026      0.00000      0.00000
     -0.03612      0.34160      0.00000      0.00000
     -0.02612      0.28707      0.00000      0.00000
     -0.01612      0.17307      0.00000      0.00000
     -0.00612      0.16591      0.00000      0.00000
      0.00388      0.10849      0.00000      0.00000
      0.01388      0.02780      0.00000      0.00000
      0.02388      0.00263      0.00000      0.00000
      0.03388      0.00009      0.00000      0.00000
      0.04388      0.00000      0.00000      0.00000
      0.05388      0.00000      0.00000      0.00000
      0.06388      0.00000      0.00000      0.00000
      0.07388      0.00000      0.00000      0.00000
      0.08388      0.00000      0.00000      0.00000
      0.09388      0.00000      0.00000      0.00000
      0.10388      0.00000      0.00000      0.00000
      0.11388      0.00000      0.00000      0.00000
      0.12388      0.00000      0.00000      0.00000
      0.13388      0.00000      0.00000      0.00000
      0.14388      0.00000      0.00000      0.00000
      0.15388      0.00000      0.00000      0.00000
      0.16388      0.00000      0.00000      0.00000
      0.17388      0.00000      0.00000      0.00000
      0.18388      0.00000      0.00000      0.00000
      0.19388      0.00000      0.00000      0.00000
      0.20388      0.00000      0.00000      0.00000
      0.21388      0.00000      0.00000      0.00000
      0.22388      0.00000      0.00000      0.00000
      0.23388      0.00000      0.00000      0.00000
      0.24388      0.00000      0.00000      0.00000
      0.25388      0.00000      0.00000      0.00000
      0.26388      0.00000      0.00000      0.00000
      0.27388      0.00000      0.00000      0.00000
      0.28388      0.00000      0.00000      0.00000
      0.29388      0.00000      0.00000      0.00000
      0.30388      0.00000      0.00000      0.00000
      0.31388      0.00000      0.00000      0.00000
      0.32388      0.00000      0.00000      0.00000
      0.33388      0.00000      0.00000      0.00000
      0.34388      0.00000      0.00000      0.00000
      0.35388      0.00000      0.00000      0.00000
      0.36388      0.00000      0.00000      0.00000
      0.37388      0.00000      0.00000      0.00000
      0.38388      0.00000      0.00000      0.00000
      0.39388      0.00000      0.00000      0.00000
      0.40388      0.00000      0.00000      0.00000
      0.41388      0.00000      0.00000      0.00000
      0.42388      0.00000      0.00000      0.00000
      0.43388      0.00000      0.00000      0.00000
      0.44388      0.00000      0.00000      0.00000
      0.45388      0.00000      0.00000      0.00000
      0.46388      0.00000      0.00000      0.00000
      0.47388      0.00000      0.00000      0.00000
      0.48388      0.00000      0.00000      0.00000
      0.49388      0.00000      0.00000      0.00000
      0.50388      0.00000      0.00000      0.00000
      0.51388      0.00000      0.00000      0.00000
      0.52388      0.00000      0.00000      0.00000
      0.53388      0.00000      0.00000      0.00000
      0.54388      0.00000      0.00000      0.00000
      0.55388      0.00000      0.00000      0.00000
      0.56388      0.00000      0.00000      0.00000
      0.57388      0.00000      0.00000      0.00000
      0.58388      0.00000      0.00000      0.00000
      0.59388      0.00000      0.00000      0.00000
      0.60388      0.00000      0.00000      0.00000
      0.61388      0.00000      0.00000      0.00000
      0.62388      0.00000      0.00000      0.00000
      0.63388      0.00000      0.00000      0.00000
      0.64388      0.00000      0.00000      0.00000
      0.65388      0.00000      0.00000      0.00000
      0.66388      0.00000      0.00000      0.00000
      0.67388      0.00000      0.00000      0.00000
      0.68388      0.00000      0.00000      0.00000
      0.69388      0.00000      0.00000      0.00000
      0.70388      0.00000      0.00000      0.00000
      0.71388      0.00000      0.00000      0.00000
      0.72388      0.00000      0.00000      0.00000
      0.73388      0.00000      0.00000      0.00000
      0.74388      0.00000      0.00000      0.00000
      0.75388      0.00000      0.00000      0.00000
      0.76388      0.00000      0.00000      0.00000
      0.77388      0.00000      0.00000      0.00000
      0.78388      0.00000      0.00000      0.00000
      0.79388      0.00000      0.00000      0.00000
      0.80388      0.00000      0.00000      0.00000
      0.81388      0.00000      0.00000      0.00000
      0.82388      0.00000      0.00000      0.00000
      0.83388      0.00000      0.00000      0.00000
      0.84388      0.00000      0.00000      0.00000
      0.85388      0.00000      0.00000      0.00000
      0.86388      0.00000      0.00000      0.00000
      0.87388      0.00000      0.00000      0.00000
      0.88388      0.00000      0.00000      0.00000
      0.89388      0.00000      0.00000      0.00000
      0.90388      0.00000      0.00000      0.00000
      0.91388      0.00000      0.00000      0.00000
      0.92388      0.00000      0.00000      0.00000
      0.93388      0.00000      0.00000      0.00000
      0.94388      0.00000      0.00000      0.00000
      0.95388      0.00000      0.00000      0.00000
      0.96388      0.00000      0.00000      0.00000
      0.97388      0.00000      0.00000      0.00000
      0.98388      0.00000      0.00000      0.00000
      0.99388      0.00000      0.00000      0.00000
      1.00388      0.00000      0.00000      0.00000
      1.01388      0.00000      0.00000      0.00000
      1.02388      0.00000      0.00000      0.00000
      1.03388      0.00000      0.00000      0.00000
      1.04388      0.00000      0.00000      0.00000
      1.05388      0.00000      0.00000      0.00000
      1.06388      0.00000      0.00000      0.00000
      1.07388      0.00000      0.00000      0.00000
      1.08388      0.00000      0.00000      0.00000
      1.09388      0.00000      0.00000      0.00000
      1.10388      0.00000      0.00000      0.00000
      1.11388      0.00000      0.00000      0.00000
      1.12388      0.00000      0.00000      0.00000
      1.13388      0.00000      0.00000      0.00000
      1.14388      0.00000      0.00000      0.00000
      1.15388      0.00000      0.00000      0.00000
      1.16388      0.00000      0.00000      0.00000
      1.17388      0.00000      0.00000      0.00000
      1.18388      0.00000      0.00000      0.00000
      1.19388      0.00000      0.00000      0.00000
      1.20388      0.00000      0.00000      0.00000
      1.21388      0.00000      0.00000      0.00000
      1.22388      0.00000      0.00000      0.00000
      1.23388      0.00000      0.00000      0.00000
      1.24388      0.00000      0.00000      0.00000
      1.25388      0.00000      0.00000      0.00000
      1.26388      0.00000      0.00000      0.00000
      1.27388      0.00000      0.00000      0.00000
      1.28388      0.00000      0.00000      0.00000
      1.29388      0.00000      0.00000      0.00000
      1.30388      0.00000      0.00000      0.00000
      1.31388      0.00000      0.00000      0.00000
      1.32388      0.00000      0.00000      0.00000
      1.33388      0.00000      0.00000      0.00000
      1.34388      0.00000      0.00000      0.00000
      1.35388      0.00000      0.00000      0.00000
      1.36388      0.00000      0.00000      0.00000
      1.37388      0.00000      0.00000      0.00000
      1.38388      0.00000      0.00000      0.00000
      1.39388      0.00000      0.00000      0.00000
      1.40388      0.00000      0.00000      0.00000
      1.41388      0.00000      0.00000      0.00000
      1.42388      0.00000      0.00000      0.00000
      1.43388      0.00000      0.00000      0.00000
      1.44388      0.00000      0.00000      0.00000
      1.45388      0.00000      0.00000      0.00000
      1.46388      0.00000      0.00000      0.00000
      1.47388      0.00000      0.00000      0.00000
      1.48388      0.00000      0.00000      0.00000
      1.49388      0.00000      0.00000      0.00000
      1.50388      0.00000      0.00000      0.00000
      1.51388      0.00000      0.00000      0.00000
      1.52388      0.00000      0.00000      0.00000
      1.53388      0.00000      0.00000      0.00000
      1.54388      0.00000      0.00000      0.00000
      1.55388      0.00000      0.00000      0.00000
      1.56388      0.00000      0.00000      0.00000
      1.57388      0.00000      0.00000      0.00000
      1.58388      0.00000      0.00000      0.00000
      1.59388      0.00000      0.00000      0.00000
      1.60388      0.00000      0.00000      0.00000
      1.61388      0.00000      0.00000      0.00000
      1.62388      0.00000      0.00000      0.00000
      1.63388      0.00000      0.00000      0.00000
      1.64388      0.00000      0.00000      0.00000
      1.65388      0.00000      0.00000      0.00000
      1.66388      0.00000      0.00000      0.00000
      1.67388      0.00000      0.00000      0.00000
      1.68388      0.00000      0.00000      0.00000
      1.69388      0.00000      0.00000      0.00000
      1.70388      0.00000      0.00000      0.00000
      1.71388      0.00000      0.00000      0.00000
      1.72388      0.00000      0.00000      0.00000
      1.73388      0.00000      0.00000      0.00000
      1.74388      0.00000      0.00000      0.00000
      1.75388      0.00000      0.00000      0.00000
      1.76388      0.00000      0.00000      0.00000
      1.77388      0.00000      0.00000      0.00000
      1.78388      0.00000      0.00000      0.00000
      1.79388      0.00000      0.00000      0.00000
      1.80388      0.00000      0.00000      0.00000
      1.81388      0.00000      0.00000      0.00000
      1.82388      0.00000      0.00000      0.00000
      1.83388      0.00000      0.00000      0.00000
      1.84388      0.00000      0.00000      0.00000
      1.85388      0.00000      0.00000      0.00000
      1.86388      0.00000      0.00000      0.00000
      1.87388      0.00000      0.00000      0.00000
      1.88388      0.00000      0.00000      0.00000
      1.89388      0.00000      0.00000      0.00000
      1.90388      0.00000      0.00000      0.00000
      1.91388      0.00001      0.00000      0.00000
      1.92388      0.00041      0.00000      0.00000
      1.93388      0.00981      0.00000      0.00000
      1.94388      0.09637      0.00000      0.00000
      1.95388      0.41763      0.00000      0.00000
      1.96388      0.95576      0.00000      0.00000
      1.97388      1.46768      0.00000      0.00000
      1.98388      1.85196      0.00000      0.00000
      1.99388      2.18957      0.00000      0.00000
      2.00388      2.03424      0.00000      0.00000
      2.01388      1.81952      0.00000      0.00000
      2.02388      2.18173      0.00000      0.00000
      2.03388      2.01360      0.00000      0.00000
      2.04388      1.57138      0.00000      0.00000
      2.05388      1.95110      0.00000      0.00000
      2.06388      2.59164      0.00000      0.00000
      2.07388      2.68793      0.00000      0.00000
      2.08388      2.44123      0.00000      0.00000
      2.09388      2.10751      0.00000      0.00000
      2.10388      2.03010      0.00000      0.00000
      2.11388      2.33554      0.00000      0.00000
      2.12388      2.27574      0.00000      0.00000
      2.13388      2.20314      0.00000      0.00000
      2.14388      2.70335      0.00000      0.00000
      2.15388      2.75084      0.00000      0.00000
      2.16388      2.69397      0.00000      0.00000
      2.17388      3.72044      0.00000      0.00000
      2.18388      4.67897      0.00000      0.00000
      2.19388      4.96931      0.00000      0.00000
      2.20388      5.00480      0.00000      0.00000
      2.21388      4.83196      0.00000      0.00000
      2.22388      4.74454      0.00000      0.00000
      2.23388      5.61033      0.00000      0.00000
      2.24388      6.58615      0.00000      0.00000
      2.25388      6.08598      0.00000      0.00000
      2.26388      5.41928      0.00000      0.00000
      2.27388      5.74982      0.00000      0.00000
      2.28388      6.86841      0.00000      0.00000
      2.29388      8.45336      0.00000      0.00000
      2.30388      9.40051      0.00000      0.00000
      2.31388      8.57909      0.00000      0.00000
      2.32388      7.41930      0.00000      0.00000
      2.33388      6.83600      0.00000      0.00000
      2.34388      6.59672      0.00000      0.00000
      2.35388      7.10244      0.00000      0.00000
      2.36388      7.23188      0.00000      0.00000
      2.37388      7.00404      0.00000      0.00000
      2.38388      6.78834      0.00000      0.00000
      2.39388      6.40939      0.00000      0.00000
      2.40388      6.69969      0.00000      0.00000
      2.41388      7.48756      0.00000      0.00000
      2.42388      7.06168      0.00000      0.00000
      2.43388      6.48585      0.00000      0.00000
      2.44388      7.13031      0.00000      0.00000
      2.45388      6.82226      0.00000      0.00000
      2.46388      5.70592      0.00000      0.00000
      2.47388      5.31196      0.00000      0.00000
      2.48388      4.68137      0.00000      0.00000
      2.49388      4.39340      0.00000      0.00000
      2.50388      5.27382      0.00000      0.00000
      2.51388      5.76160      0.00000      0.00000
      2.52388      5.37496      0.00000      0.00000
      2.53388      5.44877      0.00000      0.00000
      2.54388      5.53696      0.00000      0.00000
      2.55388      4.59091      0.00000      0.00000
      2.56388      3.81927      0.00000      0.00000
      2.57388      4.01471      0.00000      0.00000
      2.58388      4.44667      0.00000      0.00000
      2.59388      4.28719      0.00000      0.00000
      2.60388      3.86094      0.00000      0.00000
      2.61388      4.49780      0.00000      0.00000
      2.62388      5.26907      0.00000      0.00000
      2.63388      5.25343      0.00000      0.00000
      2.64388      4.75660      0.00000      0.00000
      2.65388      3.77719      0.00000      0.00000
      2.66388      3.33484      0.00000      0.00000
      2.67388      3.37044      0.00000      0.00000
      2.68388      3.90759      0.00000      0.00000
      2.69388      4.42414      0.00000      0.00000
      2.70388      3.79137      0.00000      0.00000
      2.71388      3.34414      0.00000      0.00000
      2.72388      3.84487      0.00000      0.00000
      2.73388      4.20481      0.00000      0.00000
      2.74388      4.73241      0.00000      0.00000
      2.75388      5.93013      0.00000      0.00000
      2.76388      6.90045      0.00000      0.00000
      2.77388      7.88046      0.00000      0.00000
      2.78388      9.06436      0.00000      0.00000
      2.79388     10.08016      0.00000      0.00000
      2.80388     10.83067      0.00000      0.00000
      2.81388     11.03887      0.00000      0.00000
      2.82388     11.26998      0.00000      0.00000
      2.83388     10.69504      0.00000      0.00000
      2.84388      9.75409      0.00000      0.00000
      2.85388      8.64272      0.00000      0.00000
      2.86388      7.59448      0.00000      0.00000
      2.87388      7.23937      0.00000      0.00000
      2.88388      6.87252      0.00000      0.00000
      2.89388      6.53286      0.00000      0.00000
      2.90388      6.58485      0.00000      0.00000
      2.91388      7.06480      0.00000      0.00000
      2.92388      7.47123      0.00000      0.00000
      2.93388      8.02781      0.00000      0.00000
      2.94388      7.98081      0.00000      0.00000
      2.95388      6.79520      0.00000      0.00000
      2.96388      6.33839      0.00000      0.00000
      2.97388      7.75802      0.00000      0.00000
      2.98388      8.29327      0.00000      0.00000
      2.99388      7.89617      0.00000      0.00000
      3.00388      8.43647      0.00000      0.00000
      3.01388      9.44903      0.00000      0.00000
      3.02388     11.81511      0.00000      0.00000
      3.03388     13.75088      0.00000      0.00000
      3.04388     12.44735      0.00000      0.00000
      3.05388     11.04696      0.00000      0.00000
      3.06388     11.57223      0.00000      0.00000
      3.07388     11.39243      0.00000      0.00000
      3.08388      9.63165      0.00000      0.00000
      3.09388      7.87542      0.00000      0.00000
      3.10388      6.56738      0.00000      0.00000
      3.11388      6.01592      0.00000      0.00000
      3.12388      7.26660      0.00000      0.00000
      3.13388      9.08418      0.00000      0.00000
      3.14388      8.31024      0.00000      0.00000
      3.15388      5.84241      0.00000      0.00000
      3.16388      4.99898      0.00000      0.00000
      3.17388      5.93159      0.00000      0.00000
      3.18388      6.87952      0.00000      0.00000
      3.19388      7.67150      0.00000      0.00000
      3.20388      9.13266      0.00000      0.00000
      3.21388      9.60583      0.00000      0.00000
      3.22388      8.42830      0.00000      0.00000
      3.23388      6.74168      0.00000      0.00000
      3.24388      6.25237      0.00000      0.00000
      3.25388      7.25023      0.00000      0.00000
      3.26388      9.02913      0.00000      0.00000
      3.27388     10.43689      0.00000      0.00000
      3.28388      9.77530      0.00000      0.00000
      3.29388      7.13788      0.00000      0.00000
      3.30388      6.09078      0.00000      0.00000
      3.31388      6.42597      0.00000      0.00000
      3.32388      6.94862      0.00000      0.00000
      3.33388      6.90751      0.00000      0.00000
      3.34388      5.98299      0.00000      0.00000
      3.35388      5.35059      0.00000      0.00000
      3.36388      4.58778      0.00000      0.00000
      3.37388      3.99681      0.00000      0.00000
      3.38388      4.29852      0.00000      0.00000
      3.39388      4.53035      0.00000      0.00000
      3.40388      5.40833      0.00000      0.00000
      3.41388      6.89975      0.00000      0.00000
      3.42388      7.95976      0.00000      0.00000
      3.43388      8.17279      0.00000      0.00000
      3.44388      7.71355      0.00000      0.00000
      3.45388      6.63971      0.00000      0.00000
      3.46388      5.31852      0.00000      0.00000
      3.47388      4.62747      0.00000      0.00000
      3.48388      4.64839      0.00000      0.00000
      3.49388      5.50173      0.00000      0.00000
      3.50388      6.40965      0.00000      0.00000
      3.51388      6.09608      0.00000      0.00000
      3.52388      5.19737      0.00000      0.00000
      3.53388      4.72708      0.00000      0.00000
      3.54388      4.66775      0.00000      0.00000
      3.55388      5.01344      0.00000      0.00000
      3.56388      5.94166      0.00000      0.00000
      3.57388      6.97238      0.00000      0.00000
      3.58388      6.95686      0.00000      0.00000
      3.59388      5.97900      0.00000      0.00000
      3.60388      4.47586      0.00000      0.00000
      3.61388      3.35734      0.00000      0.00000
      3.62388      3.50767      0.00000      0.00000
      3.63388      4.95662      0.00000      0.00000
      3.64388      5.92015      0.00000      0.00000
      3.65388      5.07871      0.00000      0.00000
      3.66388      3.92751      0.00000      0.00000
      3.67388      3.92850      0.00000      0.00000
      3.68388      3.89608      0.00000      0.00000
      3.69388      3.45106      0.00000      0.00000
      3.70388      3.91436      0.00000      0.00000
      3.71388      4.70657      0.00000      0.00000
      3.72388      5.19932      0.00000      0.00000
      3.73388      5.49827      0.00000      0.00000
      3.74388      5.24277      0.00000      0.00000
      3.75388      5.22911      0.00000      0.00000
      3.76388      5.08792      0.00000      0.00000
      3.77388      3.82410      0.00000      0.00000
      3.78388      2.83533      0.00000      0.00000
      3.79388      3.13748      0.00000      0.00000
      3.80388      3.66050      0.00000      0.00000
      3.81388      3.74843      0.00000      0.00000
      3.82388      3.89358      0.00000      0.00000
      3.83388      4.21568      0.00000      0.00000
      3.84388      3.81113      0.00000      0.00000
      3.85388      3.35210      0.00000      0.00000
      3.86388      3.21872      0.00000      0.00000
      3.87388      3.16348      0.00000      0.00000
      3.88388      3.94005      0.00000      0.00000
      3.89388      4.73444      0.00000      0.00000
      3.90388      4.07476      0.00000      0.00000
      3.91388      2.75419      0.00000      0.00000
      3.92388      2.01366      0.00000      0.00000
      3.93388      2.34798      0.00000      0.00000
      3.94388      3.32540      0.00000      0.00000
      3.95388      4.19618      0.00000      0.00000
      3.96388      4.64995      0.00000      0.00000
      3.97388      3.91272      0.00000      0.00000
      3.98388      2.65849      0.00000      0.00000
      3.99388      2.10956      0.00000      0.00000
      4.00388      2.55160      0.00000      0.00000
      4.01388      3.15930      0.00000      0.00000
      4.02388      3.38174      0.00000      0.00000
      4.03388      3.49888      0.00000      0.00000
      4.04388      3.29865      0.00000      0.00000
      4.05388      2.97971      0.00000      0.00000
      4.06388      2.92508      0.00000      0.00000
      4.07388      2.55416      0.00000      0.00000
      4.08388      2.22977      0.00000      0.00000
      4.09388      2.92188      0.00000      0.00000
      4.10388      4.23512      0.00000      0.00000
      4.11388      4.71590      0.00000      0.00000
      4.12388      3.81147      0.00000      0.00000
      4.13388      2.54560      0.00000      0.00000
      4.14388      2.16000      0.00000      0.00000
      4.15388      2.03109      0.00000      0.00000
      4.16388      2.52581      0.00000      0.00000
      4.17388      3.99964      0.00000      0.00000
      4.18388      4.95187      0.00000      0.00000
      4.19388      4.61576      0.00000      0.00000
      4.20388      3.68755      0.00000      0.00000
      4.21388      3.05772      0.00000      0.00000
      4.22388      2.69412      0.00000      0.00000
      4.23388      2.33375      0.00000      0.00000
      4.24388      2.04303      0.00000      0.00000
      4.25388      2.52255      0.00000      0.00000
      4.26388      3.73442      0.00000      0.00000
      4.27388      4.20259      0.00000      0.00000
      4.28388      3.41590      0.00000      0.00000
      4.29388      2.20150      0.00000      0.00000
      4.30388      1.22243      0.00000      0.00000
      4.31388      0.97104      0.00000      0.00000
      4.32388      1.41250      0.00000      0.00000
      4.33388      2.01641      0.00000      0.00000
      4.34388      2.06725      0.00000      0.00000
      4.35388      1.58457      0.00000      0.00000
      4.36388      1.34421      0.00000      0.00000
      4.37388      1.03188      0.00000      0.00000
      4.38388      0.46816      0.00000      0.00000
      4.39388      0.49223      0.00000      0.00000
      4.40388      1.60295      0.00000      0.00000
      4.41388      3.01281      0.00000      0.00000
      4.42388      3.30032      0.00000      0.00000
      4.43388      2.57478      0.00000      0.00000
      4.44388      1.48000      0.00000      0.00000
      4.45388      0.67827      0.00000      0.00000
      4.46388      0.67102      0.00000      0.00000
      4.47388      1.08535      0.00000      0.00000
      4.48388      1.63778      0.00000      0.00000
      4.49388      1.97916      0.00000      0.00000
      4.50388      1.71080      0.00000      0.00000
      4.51388      1.02185      0.00000      0.00000
      4.52388      0.90171      0.00000      0.00000
      4.53388      1.90869      0.00000      0.00000
      4.54388      3.38230      0.00000      0.00000
      4.55388      4.29054      0.00000      0.00000
      4.56388      3.71917      0.00000      0.00000
      4.57388      2.70749      0.00000      0.00000
      4.58388      2.60106      0.00000      0.00000
      4.59388      2.75419      0.00000      0.00000
      4.60388      2.77455      0.00000      0.00000
      4.61388      2.74410      0.00000      0.00000
      4.62388      2.78686      0.00000      0.00000
      4.63388      3.04801      0.00000      0.00000
      4.64388      4.02576      0.00000      0.00000
      4.65388      4.75193      0.00000      0.00000
      4.66388      4.59040      0.00000      0.00000
      4.67388      4.40001      0.00000      0.00000
      4.68388      4.42944      0.00000      0.00000
      4.69388      4.60765      0.00000      0.00000
      4.70388      4.54330      0.00000      0.00000
      4.71388      4.33286      0.00000      0.00000
      4.72388      5.13658      0.00000      0.00000
      4.73388      6.61948      0.00000      0.00000
      4.74388      7.47785      0.00000      0.00000
      4.75388      7.82357      0.00000      0.00000
      4.76388      8.69224      0.00000      0.00000
      4.77388      8.88909      0.00000      0.00000
      4.78388      8.06383      0.00000      0.00000
      4.79388      8.23741      0.00000      0.00000
      4.80388      8.83619      0.00000      0.00000
      4.81388      8.91683      0.00000      0.00000
      4.82388      9.17070      0.00000      0.00000
      4.83388      9.74536      0.00000      0.00000
      4.84388      9.30431      0.00000      0.00000
      4.85388      8.23675      0.00000      0.00000
      4.86388      7.53803      0.00000      0.00000
      4.87388      7.23226      0.00000      0.00000
      4.88388      7.30988      0.00000      0.00000
      4.89388      7.44757      0.00000      0.00000
      4.90388      6.95129      0.00000      0.00000
      4.91388      6.55520      0.00000      0.00000
      4.92388      6.41881      0.00000      0.00000
      4.93388      5.93620      0.00000      0.00000
      4.94388      5.47419      0.00000      0.00000
      4.95388      4.59214      0.00000      0.00000
      4.96388      3.31079      0.00000      0.00000
      4.97388      2.61144      0.00000      0.00000
      4.98388      2.51150      0.00000      0.00000
      4.99388      3.22133      0.00000      0.00000
      5.00388      4.18402      0.00000      0.00000
      5.01388      4.06130      0.00000      0.00000
      5.02388      2.67970      0.00000      0.00000
      5.03388      1.82484      0.00000      0.00000
      5.04388      2.09971      0.00000      0.00000
      5.05388      2.60976      0.00000      0.00000
      5.06388      2.77323      0.00000      0.00000
      5.07388      2.59717      0.00000      0.00000
      5.08388      2.77804      0.00000      0.00000
      5.09388      3.17008      0.00000      0.00000
      5.10388      3.02452      0.00000      0.00000
      5.11388      2.58136      0.00000      0.00000
      5.12388      2.35196      0.00000      0.00000
      5.13388      2.31932      0.00000      0.00000
      5.14388      2.08041      0.00000      0.00000
      5.15388      1.82334      0.00000      0.00000
      5.16388      1.75769      0.00000      0.00000
      5.17388      2.02090      0.00000      0.00000
      5.18388      1.98944      0.00000      0.00000
      5.19388      1.69478      0.00000      0.00000
      5.20388      1.66429      0.00000      0.00000
      5.21388      1.86148      0.00000      0.00000
      5.22388      2.06764      0.00000      0.00000
      5.23388      2.24174      0.00000      0.00000
      5.24388      2.19416      0.00000      0.00000
      5.25388      1.81197      0.00000      0.00000
      5.26388      1.30332      0.00000      0.00000
      5.27388      0.97462      0.00000      0.00000
      5.28388      1.06845      0.00000      0.00000
      5.29388      1.12958      0.00000      0.00000
      5.30388      1.12421      0.00000      0.00000
      5.31388      1.44568      0.00000      0.00000
      5.32388      2.09806      0.00000      0.00000
      5.33388      2.54926      0.00000      0.00000
      5.34388      2.41667      0.00000      0.00000
      5.35388      1.86943      0.00000      0.00000
      5.36388      1.68071      0.00000      0.00000
      5.37388      1.83075      0.00000      0.00000
      5.38388      1.51155      0.00000      0.00000
      5.39388      1.03467      0.00000      0.00000
      5.40388      0.87677      0.00000      0.00000
      5.41388      1.01848      0.00000      0.00000
      5.42388      1.20056      0.00000      0.00000
      5.43388      1.53332      0.00000      0.00000
      5.44388      1.67873      0.00000      0.00000
      5.45388      1.78594      0.00000      0.00000
      5.46388      2.11333      0.00000      0.00000
      5.47388      2.22211      0.00000      0.00000
      5.48388      1.95149      0.00000      0.00000
      5.49388      1.36886      0.00000      0.00000
      5.50388      1.23418      0.00000      0.00000
      5.51388      1.09350      0.00000      0.00000
      5.52388      0.79879      0.00000      0.00000
      5.53388      0.71318      0.00000      0.00000
      5.54388      0.93649      0.00000      0.00000
      5.55388      1.02290      0.00000      0.00000
      5.56388      0.84730      0.00000      0.00000
      5.57388      0.66083      0.00000      0.00000
      5.58388      0.70066      0.00000      0.00000
      5.59388      1.17124      0.00000      0.00000
      5.60388      1.84480      0.00000      0.00000
      5.61388      2.30221      0.00000      0.00000
      5.62388      1.93265      0.00000      0.00000
      5.63388      1.30222      0.00000      0.00000
      5.64388      0.97700      0.00000      0.00000
      5.65388      0.73713      0.00000      0.00000
      5.66388      0.78503      0.00000      0.00000
      5.67388      1.32954      0.00000      0.00000
      5.68388      1.64124      0.00000      0.00000
      5.69388      1.13862      0.00000      0.00000
      5.70388      0.68650      0.00000      0.00000
      5.71388      0.72669      0.00000      0.00000
      5.72388      1.18185      0.00000      0.00000
      5.73388      2.00385      0.00000      0.00000
      5.74388      2.07580      0.00000      0.00000
      5.75388      1.57845      0.00000      0.00000
      5.76388      1.48989      0.00000      0.00000
      5.77388      1.44364      0.00000      0.00000
      5.78388      1.46532      0.00000      0.00000
      5.79388      1.76300      0.00000      0.00000
      5.80388      1.89282      0.00000      0.00000
      5.81388      1.50325      0.00000      0.00000
      5.82388      0.91233      0.00000      0.00000
      5.83388      0.76165      0.00000      0.00000
      5.84388      0.85498      0.00000      0.00000
      5.85388      0.72377      0.00000      0.00000
      5.86388      0.76810      0.00000      0.00000
      5.87388      1.22721      0.00000      0.00000
      5.88388      1.63639      0.00000      0.00000
      5.89388      1.70632      0.00000      0.00000
      5.90388      1.77665      0.00000      0.00000
      5.91388      1.84362      0.00000      0.00000
      5.92388      1.60745      0.00000      0.00000
      5.93388      1.70456      0.00000      0.00000
      5.94388      2.06106      0.00000      0.00000
      5.95388      1.62420      0.00000      0.00000
      5.96388      1.33527      0.00000      0.00000
      5.97388      1.21243      0.00000      0.00000
      5.98388      0.83840      0.00000      0.00000
      5.99388      1.06034      0.00000      0.00000
      6.00388      1.59141      0.00000      0.00000
      6.01388      2.01166      0.00000      0.00000
      6.02388      2.23038      0.00000      0.00000
      6.03388      2.29151      0.00000      0.00000
      6.04388      2.32785      0.00000      0.00000
      6.05388      1.99553      0.00000      0.00000
      6.06388      1.99161      0.00000      0.00000
      6.07388      1.93096      0.00000      0.00000
      6.08388      1.54850      0.00000      0.00000
      6.09388      1.36419      0.00000      0.00000
      6.10388      1.14195      0.00000      0.00000
      6.11388      1.11269      0.00000      0.00000
      6.12388      1.88234      0.00000      0.00000
      6.13388      2.69191      0.00000      0.00000
      6.14388      2.53533      0.00000      0.00000
      6.15388      1.76662      0.00000      0.00000
      6.16388      0.91625      0.00000      0.00000
      6.17388      0.63761      0.00000      0.00000
      6.18388      1.28740      0.00000      0.00000
      6.19388      2.32184      0.00000      0.00000
      6.20388      3.14638      0.00000      0.00000
      6.21388      3.24486      0.00000      0.00000
      6.22388      2.66550      0.00000      0.00000
      6.23388      2.14525      0.00000      0.00000
      6.24388      1.54955      0.00000      0.00000
      6.25388      1.23198      0.00000      0.00000
      6.26388      1.52064      0.00000      0.00000
      6.27388      1.64309      0.00000      0.00000
      6.28388      1.59100      0.00000      0.00000
      6.29388      1.92977      0.00000      0.00000
      6.30388      2.30589      0.00000      0.00000
      6.31388      2.35739      0.00000      0.00000
      6.32388      2.63072      0.00000      0.00000
      6.33388      2.69844      0.00000      0.00000
      6.34388      2.33605      0.00000      0.00000
      6.35388      1.99782      0.00000      0.00000
      6.36388      1.95913      0.00000      0.00000
      6.37388      2.19428      0.00000      0.00000
      6.38388      1.95790      0.00000      0.00000
      6.39388      1.26469      0.00000      0.00000
      6.40388      0.95502      0.00000      0.00000
      6.41388      1.68010      0.00000      0.00000
      6.42388      2.15013      0.00000      0.00000
      6.43388      1.73004      0.00000      0.00000
      6.44388      1.62122      0.00000      0.00000
      6.45388      1.89415      0.00000      0.00000
      6.46388      2.05946      0.00000      0.00000
      6.47388      1.71004      0.00000      0.00000
      6.48388      0.96244      0.00000      0.00000
      6.49388      0.70819      0.00000      0.00000
      6.50388      0.91196      0.00000      0.00000
      6.51388      1.34538      0.00000      0.00000
      6.52388      1.99036      0.00000      0.00000
      6.53388      2.03675      0.00000      0.00000
      6.54388      1.65975      0.00000      0.00000
      6.55388      1.35911      0.00000      0.00000
      6.56388      1.39127      0.00000      0.00000
      6.57388      1.86521      0.00000      0.00000
      6.58388      2.03453      0.00000      0.00000
      6.59388      1.79469      0.00000      0.00000
      6.60388      1.50445      0.00000      0.00000
      6.61388      1.46369      0.00000      0.00000
      6.62388      1.71762      0.00000      0.00000
      6.63388      1.46581      0.00000      0.00000
      6.64388      1.00268      0.00000      0.00000
      6.65388      0.84630      0.00000      0.00000
      6.66388      1.32790      0.00000      0.00000
      6.67388      2.45751      0.00000      0.00000
      6.68388      2.71677      0.00000      0.00000
      6.69388      1.63338      0.00000      0.00000
      6.70388      1.17008      0.00000      0.00000
      6.71388      1.82705      0.00000      0.00000
      6.72388      2.15369      0.00000      0.00000
      6.73388      1.78724      0.00000      0.00000
      6.74388      1.74892      0.00000      0.00000
      6.75388      1.94499      0.00000      0.00000
      6.76388      2.11962      0.00000      0.00000
      6.77388      2.03019      0.00000      0.00000
      6.78388      1.64006      0.00000      0.00000
      6.79388      1.57498      0.00000      0.00000
      6.80388      1.60970      0.00000      0.00000
      6.81388      1.57305      0.00000      0.00000
      6.82388      1.78536      0.00000      0.00000
      6.83388      2.22494      0.00000      0.00000
      6.84388      2.73217      0.00000      0.00000
      6.85388      2.61896      0.00000      0.00000
      6.86388      2.21948      0.00000      0.00000
      6.87388      2.16417      0.00000      0.00000
      6.88388      1.90956      0.00000      0.00000
      6.89388      1.56260      0.00000      0.00000
      6.90388      1.32717      0.00000      0.00000
      6.91388      1.17198      0.00000      0.00000
      6.92388      1.28216      0.00000      0.00000
      6.93388      1.84901      0.00000      0.00000
      6.94388      2.71112      0.00000      0.00000
      6.95388      3.61007      0.00000      0.00000
      6.96388      4.07267      0.00000      0.00000
      6.97388      3.14256      0.00000      0.00000
      6.98388      2.22309      0.00000      0.00000
      6.99388      2.10133      0.00000      0.00000
      7.00388      2.54407      0.00000      0.00000
      7.01388      3.00983      0.00000      0.00000
