Energy-E_F (eV)    DOS (1/eV)    PDOS (1/eV)  of atom type Mo S  
     -5.28613      3.43391      1.21922      2.21469
     -5.27613      3.66874      1.28582      2.38292
     -5.26613      4.17529      1.45951      2.71577
     -5.25613      4.05465      1.43044      2.62421
     -5.24613      4.05778      1.44551      2.61226
     -5.23613      5.60520      1.97965      3.62555
     -5.22613      7.04251      2.46837      4.57415
     -5.21613      6.56216      2.31012      4.25204
     -5.20613      5.42147      1.91408      3.50739
     -5.19613      4.79515      1.66390      3.13125
     -5.18613      4.48451      1.53388      2.95063
     -5.17613      4.32787      1.47281      2.85506
     -5.16613      4.17456      1.40852      2.76604
     -5.15613      4.16746      1.38858      2.77887
     -5.14613      4.19898      1.36055      2.83843
     -5.13613      3.37897      1.02622      2.35275
     -5.12613      2.20798      0.61698      1.59100
     -5.11613      1.62340      0.43317      1.19023
     -5.10613      1.77084      0.48347      1.28737
     -5.09613      2.19282      0.62685      1.56597
     -5.08613      2.35500      0.71259      1.64241
     -5.07613      2.59043      0.83221      1.75822
     -5.06613      2.91570      0.96214      1.95356
     -5.05613      2.45925      0.79418      1.66507
     -5.04613      1.50779      0.45363      1.05416
     -5.03613      0.95383      0.27074      0.68309
     -5.02613      0.94619      0.26904      0.67716
     -5.01613      1.17163      0.33260      0.83903
     -5.00613      1.36181      0.39387      0.96793
     -4.99613      1.22428      0.36551      0.85877
     -4.98613      1.18439      0.36453      0.81986
     -4.97613      1.50979      0.47025      1.03955
     -4.96613      1.77057      0.54617      1.22440
     -4.95613      1.41861      0.42832      0.99029
     -4.94613      0.87431      0.26143      0.61289
     -4.93613      0.75423      0.22736      0.52687
     -4.92613      1.11778      0.33210      0.78568
     -4.91613      1.33650      0.40009      0.93641
     -4.90613      1.13664      0.34869      0.78796
     -4.89613      1.11827      0.34507      0.77320
     -4.88613      1.23696      0.38745      0.84951
     -4.87613      1.44237      0.47077      0.97160
     -4.86613      1.72946      0.57034      1.15912
     -4.85613      1.29753      0.42174      0.87579
     -4.84613      0.64202      0.19733      0.44469
     -4.83613      0.52092      0.15302      0.36790
     -4.82613      0.72992      0.21789      0.51203
     -4.81613      1.02898      0.30519      0.72378
     -4.80613      0.97750      0.28576      0.69174
     -4.79613      0.57707      0.17154      0.40553
     -4.78613      0.48067      0.15414      0.32653
     -4.77613      0.83076      0.26478      0.56598
     -4.76613      0.94839      0.29910      0.64929
     -4.75613      0.81864      0.26553      0.55311
     -4.74613      0.87474      0.27954      0.59520
     -4.73613      0.93082      0.28233      0.64850
     -4.72613      0.88388      0.25669      0.62719
     -4.71613      0.73150      0.21721      0.51429
     -4.70613      0.50129      0.15788      0.34341
     -4.69613      0.49627      0.15660      0.33967
     -4.68613      0.78040      0.24353      0.53688
     -4.67613      0.89636      0.28167      0.61468
     -4.66613      0.87104      0.28279      0.58825
     -4.65613      0.85942      0.28758      0.57184
     -4.64613      1.10348      0.36367      0.73982
     -4.63613      1.25958      0.39756      0.86202
     -4.62613      0.88876      0.26642      0.62233
     -4.61613      0.43176      0.12719      0.30457
     -4.60613      0.47818      0.14969      0.32849
     -4.59613      0.68169      0.21563      0.46606
     -4.58613      0.58224      0.17809      0.40416
     -4.57613      0.40096      0.11690      0.28406
     -4.56613      0.31085      0.09372      0.21713
     -4.55613      0.46529      0.14817      0.31712
     -4.54613      0.76906      0.24587      0.52318
     -4.53613      1.11097      0.34437      0.76660
     -4.52613      1.18184      0.36003      0.82180
     -4.51613      0.86277      0.26949      0.59328
     -4.50613      0.40931      0.13175      0.27756
     -4.49613      0.17497      0.05512      0.11985
     -4.48613      0.39413      0.11988      0.27426
     -4.47613      0.74730      0.22934      0.51796
     -4.46613      0.57149      0.17761      0.39388
     -4.45613      0.27676      0.08876      0.18800
     -4.44613      0.48458      0.15853      0.32605
     -4.43613      0.88767      0.28348      0.60419
     -4.42613      1.21646      0.37482      0.84164
     -4.41613      1.32887      0.40933      0.91954
     -4.40613      0.99856      0.31473      0.68384
     -4.39613      0.59605      0.19003      0.40602
     -4.38613      0.29885      0.09411      0.20474
     -4.37613      0.40124      0.12173      0.27951
     -4.36613      0.64347      0.19366      0.44981
     -4.35613      0.61192      0.18583      0.42609
     -4.34613      0.65278      0.19884      0.45394
     -4.33613      0.87357      0.27783      0.59574
     -4.32613      1.82737      0.63579      1.19158
     -4.31613      3.86116      1.34633      2.51483
     -4.30613      5.42668      1.85356      3.57313
     -4.29613      5.66497      1.91025      3.75472
     -4.28613      5.68856      1.88012      3.80844
     -4.27613      6.47262      2.03848      4.43414
     -4.26613      7.61319      2.28232      5.33086
     -4.25613      8.19668      2.40019      5.79649
     -4.24613      7.70522      2.24920      5.45601
     -4.23613      6.70023      1.95710      4.74313
     -4.22613      6.38433      1.87183      4.51251
     -4.21613      6.29357      1.86525      4.42833
     -4.20613      6.27885      1.86915      4.40970
     -4.19613      7.50802      2.22530      5.28272
     -4.18613      8.63294      2.56822      6.06472
     -4.17613      7.75634      2.31115      5.44519
     -4.16613      6.42820      1.88864      4.53955
     -4.15613      6.01882      1.72345      4.29537
     -4.14613      6.15175      1.76547      4.38628
     -4.13613      5.85862      1.71123      4.14739
     -4.12613      5.13314      1.48059      3.65254
     -4.11613      4.65625      1.32433      3.33192
     -4.10613      4.06886      1.14498      2.92388
     -4.09613      3.58672      0.99142      2.59530
     -4.08613      3.60474      1.02182      2.58292
     -4.07613      4.04480      1.19664      2.84816
     -4.06613      4.29688      1.28093      3.01594
     -4.05613      3.74361      1.07393      2.66968
     -4.04613      3.05500      0.81252      2.24248
     -4.03613      2.89322      0.77906      2.11416
     -4.02613      2.71782      0.77233      1.94549
     -4.01613      2.45753      0.69806      1.75947
     -4.00613      2.68050      0.74885      1.93166
     -3.99613      2.45521      0.68262      1.77259
     -3.98613      1.55292      0.45295      1.09997
     -3.97613      1.11449      0.40000      0.71450
     -3.96613      1.24662      0.48902      0.75760
     -3.95613      1.58088      0.58719      0.99369
     -3.94613      1.92297      0.67839      1.24458
     -3.93613      1.95170      0.65300      1.29870
     -3.92613      1.62205      0.52633      1.09572
     -3.91613      1.13840      0.39319      0.74521
     -3.90613      0.93962      0.33039      0.60923
     -3.89613      1.11593      0.33814      0.77778
     -3.88613      1.28334      0.37519      0.90816
     -3.87613      1.41215      0.46887      0.94329
     -3.86613      1.32432      0.50446      0.81986
     -3.85613      0.92710      0.37725      0.54986
     -3.84613      0.90695      0.32124      0.58572
     -3.83613      1.47029      0.46742      1.00287
     -3.82613      1.73824      0.53532      1.20292
     -3.81613      1.52972      0.48830      1.04141
     -3.80613      1.16711      0.42715      0.73995
     -3.79613      0.73184      0.31101      0.42083
     -3.78613      0.59672      0.27426      0.32246
     -3.77613      0.97843      0.41620      0.56222
     -3.76613      1.56594      0.58872      0.97722
     -3.75613      1.59671      0.55056      1.04615
     -3.74613      1.30719      0.42197      0.88522
     -3.73613      1.28668      0.36823      0.91845
     -3.72613      1.04091      0.26788      0.77303
     -3.71613      0.86125      0.23815      0.62311
     -3.70613      1.42782      0.48074      0.94708
     -3.69613      2.06263      0.72654      1.33609
     -3.68613      1.47087      0.52424      0.94664
     -3.67613      0.69164      0.25718      0.43445
     -3.66613      0.95783      0.32690      0.63093
     -3.65613      2.04549      0.66584      1.37965
     -3.64613      2.94677      0.94211      2.00466
     -3.63613      3.28172      1.03822      2.24351
     -3.62613      3.53119      1.14942      2.38177
     -3.61613      3.48655      1.14129      2.34526
     -3.60613      2.99970      0.95204      2.04766
     -3.59613      3.12631      1.00032      2.12599
     -3.58613      4.29283      1.37976      2.91307
     -3.57613      4.69061      1.48387      3.20673
     -3.56613      3.81148      1.18728      2.62420
     -3.55613      3.24415      1.00059      2.24356
     -3.54613      3.64353      1.15040      2.49314
     -3.53613      3.96119      1.30427      2.65693
     -3.52613      3.88401      1.25520      2.62881
     -3.51613      4.49075      1.36858      3.12217
     -3.50613      5.10849      1.56412      3.54437
     -3.49613      5.27849      1.65902      3.61947
     -3.48613      5.67946      1.78122      3.89824
     -3.47613      6.07432      1.87381      4.20051
     -3.46613      6.92345      2.14942      4.77403
     -3.45613      7.31271      2.28461      5.02811
     -3.44613      5.90932      1.82582      4.08350
     -3.43613      4.87383      1.56489      3.30894
     -3.42613      4.70187      1.60340      3.09848
     -3.41613      4.43247      1.55077      2.88170
     -3.40613      4.58001      1.63106      2.94895
     -3.39613      5.10375      1.87874      3.22501
     -3.38613      5.12173      1.93829      3.18344
     -3.37613      4.89979      1.89976      3.00003
     -3.36613      4.21949      1.64879      2.57070
     -3.35613      3.66504      1.35846      2.30658
     -3.34613      3.89520      1.37407      2.52113
     -3.33613      4.16105      1.45345      2.70760
     -3.32613      3.51279      1.25028      2.26251
     -3.31613      2.64195      0.99398      1.64798
     -3.30613      2.46381      0.96515      1.49865
     -3.29613      2.54537      0.98768      1.55769
     -3.28613      2.50722      0.98877      1.51844
     -3.27613      2.42193      0.98227      1.43966
     -3.26613      2.14868      0.85276      1.29593
     -3.25613      1.75574      0.66516      1.09057
     -3.24613      1.72204      0.67804      1.04400
     -3.23613      2.13945      0.88480      1.25465
     -3.22613      2.52893      1.05786      1.47107
     -3.21613      2.44931      1.02800      1.42130
     -3.20613      2.03533      0.87795      1.15737
     -3.19613      1.92337      0.83716      1.08621
     -3.18613      1.82664      0.75723      1.06940
     -3.17613      1.43063      0.57983      0.85079
     -3.16613      1.49620      0.62268      0.87351
     -3.15613      1.88604      0.77354      1.11250
     -3.14613      1.71988      0.66024      1.05964
     -3.13613      1.63147      0.54007      1.09139
     -3.12613      1.86315      0.60125      1.26190
     -3.11613      1.83264      0.62811      1.20452
     -3.10613      2.01086      0.76632      1.24455
     -3.09613      2.55538      1.01012      1.54526
     -3.08613      2.43039      0.90944      1.52095
     -3.07613      1.75454      0.64700      1.10755
     -3.06613      1.55096      0.60679      0.94418
     -3.05613      1.50890      0.58420      0.92470
     -3.04613      1.28850      0.48886      0.79965
     -3.03613      1.29149      0.52570      0.76579
     -3.02613      1.48531      0.65266      0.83265
     -3.01613      1.74787      0.76517      0.98270
     -3.00613      1.77893      0.76303      1.01591
     -2.99613      1.24980      0.52417      0.72563
     -2.98613      1.01929      0.41037      0.60892
     -2.97613      1.60678      0.63456      0.97223
     -2.96613      2.10941      0.80360      1.30581
     -2.95613      1.91924      0.67909      1.24015
     -2.94613      1.46351      0.51328      0.95023
     -2.93613      1.29452      0.50442      0.79010
     -2.92613      1.28025      0.52147      0.75878
     -2.91613      1.19896      0.47218      0.72677
     -2.90613      1.04196      0.38667      0.65529
     -2.89613      1.18632      0.44924      0.73708
     -2.88613      1.58458      0.66193      0.92266
     -2.87613      1.94010      0.85231      1.08779
     -2.86613      2.01373      0.87033      1.14340
     -2.85613      1.63046      0.64197      0.98850
     -2.84613      1.15184      0.41775      0.73409
     -2.83613      0.70801      0.28085      0.42716
     -2.82613      0.63131      0.29041      0.34090
     -2.81613      0.99796      0.44059      0.55737
     -2.80613      1.18326      0.47588      0.70738
     -2.79613      1.28834      0.46708      0.82126
     -2.78613      1.66296      0.53424      1.12872
     -2.77613      2.01083      0.62793      1.38290
     -2.76613      1.91203      0.64176      1.27027
     -2.75613      1.65797      0.56080      1.09717
     -2.74613      1.64056      0.56074      1.07982
     -2.73613      1.80435      0.68739      1.11696
     -2.72613      2.01709      0.80969      1.20740
     -2.71613      2.03419      0.81284      1.22135
     -2.70613      1.46903      0.60072      0.86831
     -2.69613      1.20859      0.50648      0.70211
     -2.68613      1.46181      0.64186      0.81995
     -2.67613      1.44310      0.68554      0.75756
     -2.66613      0.96098      0.48438      0.47660
     -2.65613      0.89140      0.41079      0.48061
     -2.64613      1.48599      0.63250      0.85349
     -2.63613      1.93248      0.86289      1.06959
     -2.62613      1.52164      0.70316      0.81849
     -2.61613      1.19547      0.51351      0.68196
     -2.60613      1.83308      0.65727      1.17581
     -2.59613      2.49737      0.86103      1.63635
     -2.58613      2.38783      0.89380      1.49403
     -2.57613      2.32565      0.95311      1.37254
     -2.56613      2.29237      0.95746      1.33491
     -2.55613      2.08380      0.86914      1.21466
     -2.54613      2.10270      0.82262      1.28008
     -2.53613      2.02500      0.73468      1.29032
     -2.52613      1.58277      0.54410      1.03867
     -2.51613      1.60066      0.58392      1.01674
     -2.50613      2.07717      0.81090      1.26628
     -2.49613      2.02708      0.81772      1.20936
     -2.48613      1.73315      0.71112      1.02203
     -2.47613      1.93722      0.79285      1.14437
     -2.46613      2.40373      0.95995      1.44378
     -2.45613      2.55142      0.96106      1.59037
     -2.44613      2.29501      0.80996      1.48505
     -2.43613      2.44092      0.77905      1.66187
     -2.42613      3.29835      0.93248      2.36587
     -2.41613      4.06296      1.22495      2.83801
     -2.40613      4.09600      1.37006      2.72594
     -2.39613      3.39369      1.14841      2.24528
     -2.38613      2.93309      0.98671      1.94638
     -2.37613      2.87430      0.99658      1.87771
     -2.36613      2.62972      0.89221      1.73751
     -2.35613      3.14610      0.95158      2.19452
     -2.34613      4.57949      1.26865      3.31083
     -2.33613      5.43587      1.40079      4.03509
     -2.32613      5.79793      1.43618      4.36175
     -2.31613      6.20576      1.51974      4.68603
     -2.30613      6.60635      1.57891      5.02744
     -2.29613      6.40959      1.56353      4.84605
     -2.28613      5.52356      1.45862      4.06494
     -2.27613      4.20486      1.18294      3.02192
     -2.26613      4.07016      1.06898      3.00117
     -2.25613      5.38356      1.29918      4.08438
     -2.24613      5.31421      1.38860      3.92560
     -2.23613      4.43270      1.33545      3.09725
     -2.22613      4.38981      1.34276      3.04705
     -2.21613      4.35665      1.40079      2.95586
     -2.20613      4.05937      1.38837      2.67100
     -2.19613      4.06486      1.23884      2.82602
     -2.18613      4.39072      1.15308      3.23764
     -2.17613      4.38187      1.13404      3.24784
     -2.16613      4.32273      1.19415      3.12858
     -2.15613      4.39464      1.29204      3.10260
     -2.14613      3.77683      1.20034      2.57649
     -2.13613      3.15436      1.04680      2.10756
     -2.12613      3.08412      0.96952      2.11460
     -2.11613      3.84077      1.16857      2.67220
     -2.10613      5.21232      1.45765      3.75467
     -2.09613      6.03976      1.54854      4.49122
     -2.08613      5.94571      1.49838      4.44733
     -2.07613      5.01002      1.29057      3.71945
     -2.06613      3.61888      0.97918      2.63970
     -2.05613      2.22821      0.58883      1.63938
     -2.04613      1.82073      0.47977      1.34097
     -2.03613      2.76907      0.87494      1.89413
     -2.02613      3.66491      1.17114      2.49377
     -2.01613      3.15400      0.88774      2.26626
     -2.00613      2.45294      0.57356      1.87938
     -1.99613      2.33843      0.53780      1.80064
     -1.98613      2.36468      0.57702      1.78766
     -1.97613      2.57594      0.65778      1.91816
     -1.96613      3.10677      0.79505      2.31172
     -1.95613      3.77879      0.94379      2.83501
     -1.94613      3.41490      0.83334      2.58156
     -1.93613      2.45046      0.60037      1.85009
     -1.92613      2.01533      0.50033      1.51500
     -1.91613      1.80134      0.44613      1.35521
     -1.90613      2.24007      0.53011      1.70997
     -1.89613      2.98178      0.62702      2.35476
     -1.88613      3.24557      0.71737      2.52820
     -1.87613      3.11582      0.85269      2.26314
     -1.86613      2.61463      0.82442      1.79021
     -1.85613      2.30096      0.68311      1.61785
     -1.84613      2.32416      0.58308      1.74108
     -1.83613      2.33080      0.46131      1.86949
     -1.82613      2.49782      0.42372      2.07409
     -1.81613      2.97358      0.58319      2.39038
     -1.80613      2.89129      0.69162      2.19967
     -1.79613      2.16425      0.58862      1.57563
     -1.78613      1.90818      0.45286      1.45532
     -1.77613      2.40289      0.43146      1.97143
     -1.76613      3.16511      0.55072      2.61438
     -1.75613      3.40655      0.72274      2.68381
     -1.74613      2.88229      0.68969      2.19261
     -1.73613      1.89015      0.45464      1.43551
     -1.72613      1.63832      0.38605      1.25228
     -1.71613      2.02995      0.44183      1.58811
     -1.70613      2.19914      0.45350      1.74565
     -1.69613      1.92775      0.34543      1.58233
     -1.68613      2.18351      0.33317      1.85034
     -1.67613      2.55600      0.49341      2.06259
     -1.66613      2.40225      0.59052      1.81173
     -1.65613      2.15534      0.51430      1.64103
     -1.64613      2.30802      0.45848      1.84953
     -1.63613      2.74694      0.54236      2.20458
     -1.62613      3.08439      0.62015      2.46424
     -1.61613      2.84092      0.54706      2.29386
     -1.60613      2.15338      0.37204      1.78134
     -1.59613      1.72406      0.26291      1.46115
     -1.58613      1.70521      0.23561      1.46960
     -1.57613      1.84974      0.21079      1.63896
     -1.56613      2.45617      0.29197      2.16420
     -1.55613      3.17803      0.44471      2.73332
     -1.54613      2.96409      0.44132      2.52277
     -1.53613      2.26625      0.32117      1.94508
     -1.52613      2.25051      0.28011      1.97040
     -1.51613      2.72160      0.35918      2.36243
     -1.50613      3.06140      0.41173      2.64967
     -1.49613      3.59923      0.43691      3.16232
     -1.48613      4.01739      0.45782      3.55956
     -1.47613      3.53076      0.39794      3.13282
     -1.46613      2.92058      0.31190      2.60868
     -1.45613      2.64226      0.25052      2.39174
     -1.44613      2.35933      0.20823      2.15110
     -1.43613      2.71282      0.26863      2.44419
     -1.42613      2.73323      0.30704      2.42619
     -1.41613      2.17786      0.22650      1.95137
     -1.40613      2.28388      0.20773      2.07615
     -1.39613      2.86033      0.25974      2.60059
     -1.38613      2.56864      0.22289      2.34575
     -1.37613      1.78585      0.15307      1.63277
     -1.36613      1.30224      0.12649      1.17575
     -1.35613      0.83823      0.10340      0.73483
     -1.34613      0.60567      0.08854      0.51713
     -1.33613      0.62153      0.08882      0.53270
     -1.32613      0.83207      0.11250      0.71957
     -1.31613      0.84242      0.11096      0.73146
     -1.30613      0.48373      0.06256      0.42117
     -1.29613      0.23576      0.02892      0.20684
     -1.28613      0.14674      0.01728      0.12946
     -1.27613      0.05104      0.00597      0.04507
     -1.26613      0.00688      0.00080      0.00607
     -1.25613      0.00034      0.00004      0.00030
     -1.24613      0.00001      0.00000      0.00001
     -1.23613      0.00000      0.00000      0.00000
     -1.22613      0.00000      0.00000      0.00000
     -1.21613      0.00000      0.00000      0.00000
     -1.20613      0.00000      0.00000      0.00000
     -1.19613      0.00000      0.00000      0.00000
     -1.18613      0.00000      0.00000      0.00000
     -1.17613      0.00000      0.00000      0.00000
     -1.16613      0.00000      0.00000      0.00000
     -1.15613      0.00000      0.00000      0.00000
     -1.14613      0.00000      0.00000      0.00000
     -1.13613      0.00000      0.00000      0.00000
     -1.12613      0.00000      0.00000      0.00000
     -1.11613      0.00000      0.00000      0.00000
     -1.10613      0.00000      0.00000      0.00000
     -1.09613      0.00000      0.00000      0.00000
     -1.08613      0.00000      0.00000      0.00000
     -1.07613      0.00000      0.00000      0.00000
     -1.06613      0.00003      0.00002      0.00001
     -1.05613      0.00159      0.00112      0.00047
     -1.04613      0.03316      0.02334      0.00982
     -1.03613      0.26526      0.18666      0.07860
     -1.02613      0.84816      0.59631      0.25184
     -1.01613      1.27584      0.89416      0.38167
     -1.00613      1.25189      0.87144      0.38046
     -0.99613      1.04197      0.72091      0.32106
     -0.98613      1.31267      0.90584      0.40683
     -0.97613      1.95159      1.33969      0.61190
     -0.96613      1.96912      1.34020      0.62893
     -0.95613      1.69603      1.14772      0.54832
     -0.94613      1.58486      1.06864      0.51622
     -0.93613      1.49426      1.01581      0.47845
     -0.92613      1.88936      1.29525      0.59411
     -0.91613      2.63268      1.78107      0.85161
     -0.90613      2.76693      1.84953      0.91740
     -0.89613      2.43819      1.63136      0.80683
     -0.88613      2.49038      1.68771      0.80268
     -0.87613      3.41253      2.32657      1.08596
     -0.86613      4.01349      2.74113      1.27237
     -0.85613      4.26572      2.94991      1.31581
     -0.84613      4.76325      3.30340      1.45985
     -0.83613      4.88691      3.34486      1.54205
     -0.82613      4.48903      3.04202      1.44701
     -0.81613      4.02197      2.72334      1.29863
     -0.80613      3.39342      2.27747      1.11596
     -0.79613      3.21401      2.12781      1.08620
     -0.78613      3.86959      2.55653      1.31305
     -0.77613      3.66842      2.43104      1.23738
     -0.76613      2.93314      1.93070      1.00244
     -0.75613      3.09306      2.02718      1.06588
     -0.74613      3.18623      2.10190      1.08433
     -0.73613      2.42085      1.59175      0.82910
     -0.72613      1.82868      1.18031      0.64837
     -0.71613      2.22635      1.45296      0.77339
     -0.70613      3.25771      2.15631      1.10140
     -0.69613      3.85183      2.53756      1.31427
     -0.68613      2.75433      1.78594      0.96839
     -0.67613      1.75582      1.14516      0.61067
     -0.66613      1.97756      1.31809      0.65947
     -0.65613      2.49329      1.66712      0.82617
     -0.64613      2.45359      1.63008      0.82351
     -0.63613      1.89993      1.23105      0.66888
     -0.62613      1.63252      1.04522      0.58730
     -0.61613      1.61014      1.03944      0.57070
     -0.60613      2.33227      1.54184      0.79043
     -0.59613      3.61245      2.43925      1.17319
     -0.58613      3.23813      2.19162      1.04652
     -0.57613      1.87490      1.24110      0.63380
     -0.56613      1.15947      0.75119      0.40827
     -0.55613      1.22947      0.80777      0.42170
     -0.54613      1.98283      1.32530      0.65754
     -0.53613      2.47478      1.68091      0.79388
     -0.52613      2.25822      1.52708      0.73114
     -0.51613      1.81882      1.19828      0.62054
     -0.50613      1.50739      0.98443      0.52297
     -0.49613      1.37238      0.91682      0.45556
     -0.48613      1.95014      1.34205      0.60809
     -0.47613      2.83860      1.97757      0.86103
     -0.46613      2.50041      1.74933      0.75108
     -0.45613      1.41968      0.98148      0.43821
     -0.44613      1.28671      0.86672      0.41998
     -0.43613      1.70424      1.14497      0.55927
     -0.42613      1.84879      1.25126      0.59754
     -0.41613      1.83816      1.26566      0.57250
     -0.40613      1.64557      1.15328      0.49229
     -0.39613      1.41321      0.98819      0.42502
     -0.38613      1.27148      0.87616      0.39533
     -0.37613      1.40852      0.96943      0.43909
     -0.36613      1.67927      1.16391      0.51536
     -0.35613      1.77147      1.24384      0.52762
     -0.34613      1.76792      1.26403      0.50389
     -0.33613      1.79311      1.28802      0.50509
     -0.32613      1.93110      1.35451      0.57659
     -0.31613      1.74162      1.19558      0.54605
     -0.30613      0.98145      0.67076      0.31068
     -0.29613      0.86593      0.60617      0.25976
     -0.28613      1.38322      0.97455      0.40867
     -0.27613      1.65747      1.16983      0.48763
     -0.26613      1.59585      1.12938      0.46647
     -0.25613      1.27401      0.88701      0.38701
     -0.24613      1.26322      0.86123      0.40199
     -0.23613      1.41041      0.96945      0.44096
     -0.22613      1.34695      0.94699      0.39996
     -0.21613      1.48543      1.06548      0.41995
     -0.20613      1.78141      1.27961      0.50180
     -0.19613      1.67957      1.18415      0.49542
     -0.18613      1.40930      0.96252      0.44678
     -0.17613      1.09371      0.73277      0.36094
     -0.16613      1.12826      0.76965      0.35861
     -0.15613      1.47841      1.02763      0.45079
     -0.14613      1.50167      1.03407      0.46759
     -0.13613      1.23877      0.83834      0.40043
     -0.12613      1.22771      0.83147      0.39625
     -0.11613      1.28102      0.88596      0.39506
     -0.10613      1.24618      0.90366      0.34252
     -0.09613      0.96408      0.73156      0.23253
     -0.08613      0.47666      0.37140      0.10526
     -0.07613      0.22458      0.17731      0.04727
     -0.06613      0.33591      0.26630      0.06961
     -0.05613      0.46513      0.36928      0.09586
     -0.04613      0.43670      0.34735      0.08935
     -0.03613      0.46586      0.37133      0.09453
     -0.02613      0.48511      0.38737      0.09774
     -0.01613      0.39046      0.31231      0.07815
     -0.00613      0.25717      0.20605      0.05112
      0.00387      0.13739      0.11020      0.02719
      0.01387      0.03807      0.03054      0.00753
      0.02387      0.00419      0.00336      0.00083
      0.03387      0.00017      0.00014      0.00003
      0.04387      0.00000      0.00000      0.00000
      0.05387      0.00000      0.00000      0.00000
      0.06387      0.00000      0.00000      0.00000
      0.07387      0.00000      0.00000      0.00000
      0.08387      0.00000      0.00000      0.00000
      0.09387      0.00000      0.00000      0.00000
      0.10387      0.00000      0.00000      0.00000
      0.11387      0.00000      0.00000      0.00000
      0.12387      0.00000      0.00000      0.00000
      0.13387      0.00000      0.00000      0.00000
      0.14387      0.00000      0.00000      0.00000
      0.15387      0.00000      0.00000      0.00000
      0.16387      0.00000      0.00000      0.00000
      0.17387      0.00000      0.00000      0.00000
      0.18387      0.00000      0.00000      0.00000
      0.19387      0.00000      0.00000      0.00000
      0.20387      0.00000      0.00000      0.00000
      0.21387      0.00000      0.00000      0.00000
      0.22387      0.00000      0.00000      0.00000
      0.23387      0.00000      0.00000      0.00000
      0.24387      0.00000      0.00000      0.00000
      0.25387      0.00000      0.00000      0.00000
      0.26387      0.00000      0.00000      0.00000
      0.27387      0.00000      0.00000      0.00000
      0.28387      0.00000      0.00000      0.00000
      0.29387      0.00000      0.00000      0.00000
      0.30387      0.00000      0.00000      0.00000
      0.31387      0.00000      0.00000      0.00000
      0.32387      0.00000      0.00000      0.00000
      0.33387      0.00000      0.00000      0.00000
      0.34387      0.00000      0.00000      0.00000
      0.35387      0.00000      0.00000      0.00000
      0.36387      0.00000      0.00000      0.00000
      0.37387      0.00000      0.00000      0.00000
      0.38387      0.00000      0.00000      0.00000
      0.39387      0.00000      0.00000      0.00000
      0.40387      0.00000      0.00000      0.00000
      0.41387      0.00000      0.00000      0.00000
      0.42387      0.00000      0.00000      0.00000
      0.43387      0.00000      0.00000      0.00000
      0.44387      0.00000      0.00000      0.00000
      0.45387      0.00000      0.00000      0.00000
      0.46387      0.00000      0.00000      0.00000
      0.47387      0.00000      0.00000      0.00000
      0.48387      0.00000      0.00000      0.00000
      0.49387      0.00000      0.00000      0.00000
      0.50387      0.00000      0.00000      0.00000
      0.51387      0.00000      0.00000      0.00000
      0.52387      0.00000      0.00000      0.00000
      0.53387      0.00000      0.00000      0.00000
      0.54387      0.00000      0.00000      0.00000
      0.55387      0.00000      0.00000      0.00000
      0.56387      0.00000      0.00000      0.00000
      0.57387      0.00000      0.00000      0.00000
      0.58387      0.00000      0.00000      0.00000
      0.59387      0.00000      0.00000      0.00000
      0.60387      0.00000      0.00000      0.00000
      0.61387      0.00000      0.00000      0.00000
      0.62387      0.00000      0.00000      0.00000
      0.63387      0.00000      0.00000      0.00000
      0.64387      0.00000      0.00000      0.00000
      0.65387      0.00000      0.00000      0.00000
      0.66387      0.00000      0.00000      0.00000
      0.67387      0.00000      0.00000      0.00000
      0.68387      0.00000      0.00000      0.00000
      0.69387      0.00000      0.00000      0.00000
      0.70387      0.00000      0.00000      0.00000
      0.71387      0.00000      0.00000      0.00000
      0.72387      0.00000      0.00000      0.00000
      0.73387      0.00000      0.00000      0.00000
      0.74387      0.00000      0.00000      0.00000
      0.75387      0.00000      0.00000      0.00000
      0.76387      0.00000      0.00000      0.00000
      0.77387      0.00000      0.00000      0.00000
      0.78387      0.00000      0.00000      0.00000
      0.79387      0.00000      0.00000      0.00000
      0.80387      0.00000      0.00000      0.00000
      0.81387      0.00000      0.00000      0.00000
      0.82387      0.00000      0.00000      0.00000
      0.83387      0.00000      0.00000      0.00000
      0.84387      0.00000      0.00000      0.00000
      0.85387      0.00000      0.00000      0.00000
      0.86387      0.00000      0.00000      0.00000
      0.87387      0.00000      0.00000      0.00000
      0.88387      0.00000      0.00000      0.00000
      0.89387      0.00000      0.00000      0.00000
      0.90387      0.00000      0.00000      0.00000
      0.91387      0.00000      0.00000      0.00000
      0.92387      0.00000      0.00000      0.00000
      0.93387      0.00000      0.00000      0.00000
      0.94387      0.00000      0.00000      0.00000
      0.95387      0.00000      0.00000      0.00000
      0.96387      0.00000      0.00000      0.00000
      0.97387      0.00000      0.00000      0.00000
      0.98387      0.00000      0.00000      0.00000
      0.99387      0.00000      0.00000      0.00000
      1.00387      0.00000      0.00000      0.00000
      1.01387      0.00000      0.00000      0.00000
      1.02387      0.00000      0.00000      0.00000
      1.03387      0.00000      0.00000      0.00000
      1.04387      0.00000      0.00000      0.00000
      1.05387      0.00000      0.00000      0.00000
      1.06387      0.00000      0.00000      0.00000
      1.07387      0.00000      0.00000      0.00000
      1.08387      0.00000      0.00000      0.00000
      1.09387      0.00000      0.00000      0.00000
      1.10387      0.00000      0.00000      0.00000
      1.11387      0.00000      0.00000      0.00000
      1.12387      0.00000      0.00000      0.00000
      1.13387      0.00000      0.00000      0.00000
      1.14387      0.00000      0.00000      0.00000
      1.15387      0.00000      0.00000      0.00000
      1.16387      0.00000      0.00000      0.00000
      1.17387      0.00000      0.00000      0.00000
      1.18387      0.00000      0.00000      0.00000
      1.19387      0.00000      0.00000      0.00000
      1.20387      0.00000      0.00000      0.00000
      1.21387      0.00000      0.00000      0.00000
      1.22387      0.00000      0.00000      0.00000
      1.23387      0.00000      0.00000      0.00000
      1.24387      0.00000      0.00000      0.00000
      1.25387      0.00000      0.00000      0.00000
      1.26387      0.00000      0.00000      0.00000
      1.27387      0.00000      0.00000      0.00000
      1.28387      0.00000      0.00000      0.00000
      1.29387      0.00000      0.00000      0.00000
      1.30387      0.00000      0.00000      0.00000
      1.31387      0.00000      0.00000      0.00000
      1.32387      0.00000      0.00000      0.00000
      1.33387      0.00000      0.00000      0.00000
      1.34387      0.00000      0.00000      0.00000
      1.35387      0.00000      0.00000      0.00000
      1.36387      0.00000      0.00000      0.00000
      1.37387      0.00000      0.00000      0.00000
      1.38387      0.00000      0.00000      0.00000
      1.39387      0.00000      0.00000      0.00000
      1.40387      0.00000      0.00000      0.00000
      1.41387      0.00000      0.00000      0.00000
      1.42387      0.00000      0.00000      0.00000
      1.43387      0.00000      0.00000      0.00000
      1.44387      0.00000      0.00000      0.00000
      1.45387      0.00000      0.00000      0.00000
      1.46387      0.00000      0.00000      0.00000
      1.47387      0.00000      0.00000      0.00000
      1.48387      0.00000      0.00000      0.00000
      1.49387      0.00000      0.00000      0.00000
      1.50387      0.00000      0.00000      0.00000
      1.51387      0.00000      0.00000      0.00000
      1.52387      0.00000      0.00000      0.00000
      1.53387      0.00000      0.00000      0.00000
      1.54387      0.00000      0.00000      0.00000
      1.55387      0.00000      0.00000      0.00000
      1.56387      0.00000      0.00000      0.00000
      1.57387      0.00000      0.00000      0.00000
      1.58387      0.00000      0.00000      0.00000
      1.59387      0.00000      0.00000      0.00000
      1.60387      0.00000      0.00000      0.00000
      1.61387      0.00000      0.00000      0.00000
      1.62387      0.00000      0.00000      0.00000
      1.63387      0.00000      0.00000      0.00000
      1.64387      0.00000      0.00000      0.00000
      1.65387      0.00000      0.00000      0.00000
      1.66387      0.00000      0.00000      0.00000
      1.67387      0.00000      0.00000      0.00000
      1.68387      0.00000      0.00000      0.00000
      1.69387      0.00000      0.00000      0.00000
      1.70387      0.00000      0.00000      0.00000
      1.71387      0.00000      0.00000      0.00000
      1.72387      0.00000      0.00000      0.00000
      1.73387      0.00000      0.00000      0.00000
      1.74387      0.00000      0.00000      0.00000
      1.75387      0.00000      0.00000      0.00000
      1.76387      0.00000      0.00000      0.00000
      1.77387      0.00000      0.00000      0.00000
      1.78387      0.00000      0.00000      0.00000
      1.79387      0.00000      0.00000      0.00000
      1.80387      0.00000      0.00000      0.00000
      1.81387      0.00000      0.00000      0.00000
      1.82387      0.00000      0.00000      0.00000
      1.83387      0.00000      0.00000      0.00000
      1.84387      0.00000      0.00000      0.00000
      1.85387      0.00000      0.00000      0.00000
      1.86387      0.00000      0.00000      0.00000
      1.87387      0.00000      0.00000      0.00000
      1.88387      0.00000      0.00000      0.00000
      1.89387      0.00000      0.00000      0.00000
      1.90387      0.00000      0.00000      0.00000
      1.91387      0.00000      0.00000      0.00000
      1.92387      0.00000      0.00000      0.00000
      1.93387      0.00000      0.00000      0.00000
      1.94387      0.00000      0.00000      0.00000
      1.95387      0.00000      0.00000      0.00000
      1.96387      0.00000      0.00000      0.00000
      1.97387      0.00000      0.00000      0.00000
      1.98387      0.00000      0.00000      0.00000
      1.99387      0.00000      0.00000      0.00000
      2.00387      0.00000      0.00000      0.00000
      2.01387      0.00000      0.00000      0.00000
      2.02387      0.00000      0.00000      0.00000
      2.03387      0.00000      0.00000      0.00000
      2.04387      0.00000      0.00000      0.00000
      2.05387      0.00000      0.00000      0.00000
      2.06387      0.00000      0.00000      0.00000
      2.07387      0.00000      0.00000      0.00000
      2.08387      0.00000      0.00000      0.00000
      2.09387      0.00000      0.00000      0.00000
      2.10387      0.00000      0.00000      0.00000
      2.11387      0.00000      0.00000      0.00000
      2.12387      0.00000      0.00000      0.00000
      2.13387      0.00000      0.00000      0.00000
      2.14387      0.00000      0.00000      0.00000
      2.15387      0.00000      0.00000      0.00000
      2.16387      0.00000      0.00000      0.00000
      2.17387      0.00000      0.00000      0.00000
      2.18387      0.00000      0.00000      0.00000
      2.19387      0.00000      0.00000      0.00000
      2.20387      0.00000      0.00000      0.00000
      2.21387      0.00000      0.00000      0.00000
      2.22387      0.00000      0.00000      0.00000
      2.23387      0.00000      0.00000      0.00000
      2.24387      0.00000      0.00000      0.00000
      2.25387      0.00000      0.00000      0.00000
      2.26387      0.00000      0.00000      0.00000
      2.27387      0.00000      0.00000      0.00000
      2.28387      0.00000      0.00000      0.00000
      2.29387      0.00000      0.00000      0.00000
      2.30387      0.00000      0.00000      0.00000
      2.31387      0.00000      0.00000      0.00000
      2.32387      0.00000      0.00000      0.00000
      2.33387      0.00000      0.00000      0.00000
      2.34387      0.00000      0.00000      0.00000
      2.35387      0.00000      0.00000      0.00000
      2.36387      0.00000      0.00000      0.00000
      2.37387      0.00000      0.00000      0.00000
      2.38387      0.00000      0.00000      0.00000
      2.39387      0.00012      0.00010      0.00002
      2.40387      0.00326      0.00274      0.00052
      2.41387      0.03238      0.02718      0.00520
      2.42387      0.12643      0.10612      0.02031
      2.43387      0.24579      0.20627      0.03951
      2.44387      0.36913      0.30974      0.05939
      2.45387      0.45614      0.38278      0.07336
      2.46387      0.46294      0.38851      0.07443
      2.47387      0.44266      0.37131      0.07135
      2.48387      0.44609      0.37405      0.07204
      2.49387      0.36362      0.30498      0.05864
      2.50387      0.28872      0.24178      0.04694
      2.51387      0.42030      0.35117      0.06913
      2.52387      0.61596      0.51503      0.10093
      2.53387      0.68621      0.57480      0.11141
      2.54387      0.59565      0.49932      0.09633
      2.55387      0.52649      0.44050      0.08600
      2.56387      0.42230      0.35236      0.06994
      2.57387      0.38794      0.32351      0.06444
      2.58387      0.59202      0.49457      0.09745
      2.59387      0.53767      0.44879      0.08888
      2.60387      0.36462      0.29142      0.07320
      2.61387      0.77970      0.56074      0.21896
      2.62387      1.78242      1.18696      0.59547
      2.63387      2.74322      1.73417      1.00905
      2.64387      2.97378      1.83335      1.14044
      2.65387      2.61090      1.55259      1.05831
      2.66387      2.63273      1.54923      1.08350
      2.67387      3.25390      1.94415      1.30975
      2.68387      3.28989      1.92599      1.36390
      2.69387      2.87974      1.68648      1.19326
      2.70387      2.81860      1.71015      1.10844
      2.71387      2.91535      1.77243      1.14292
      2.72387      3.83697      2.32671      1.51026
      2.73387      4.44079      2.72510      1.71569
      2.74387      4.02677      2.47820      1.54857
      2.75387      3.86890      2.35965      1.50925
      2.76387      3.99526      2.44055      1.55472
      2.77387      4.00111      2.48441      1.51670
      2.78387      3.88822      2.39609      1.49213
      2.79387      4.24200      2.52596      1.71604
      2.80387      5.91569      3.56112      2.35457
      2.81387      7.09167      4.35123      2.74044
      2.82387      6.98765      4.33528      2.65237
      2.83387      6.79951      4.28772      2.51179
      2.84387      6.94240      4.43382      2.50857
      2.85387      6.68653      4.32595      2.36058
      2.86387      6.02551      3.97480      2.05071
      2.87387      5.32842      3.56507      1.76335
      2.88387      5.30837      3.63291      1.67546
      2.89387      6.21524      4.27726      1.93798
      2.90387      7.18814      4.96299      2.22516
      2.91387      7.07655      5.06046      2.01609
      2.92387      6.20346      4.73633      1.46714
      2.93387      6.10494      4.87059      1.23435
      2.94387      6.33570      5.10875      1.22695
      2.95387      6.65829      5.41762      1.24067
      2.96387      6.34056      5.09196      1.24860
      2.97387      4.13303      3.15005      0.98298
      2.98387      1.95070      1.29647      0.65423
      2.99387      1.44367      0.81196      0.63171
      3.00387      1.78886      0.99349      0.79536
      3.01387      1.89027      1.02249      0.86778
      3.02387      2.12810      1.11742      1.01067
      3.03387      2.40716      1.31197      1.09519
      3.04387      2.46097      1.43516      1.02580
      3.05387      2.68904      1.61727      1.07177
      3.06387      2.69670      1.60267      1.09403
      3.07387      2.93463      1.70932      1.22531
      3.08387      3.63089      2.12853      1.50237
      3.09387      4.28375      2.50921      1.77454
      3.10387      4.66878      2.71495      1.95383
      3.11387      5.37830      3.17985      2.19845
      3.12387      6.35292      3.82689      2.52602
      3.13387      6.29315      3.81777      2.47538
      3.14387      5.39684      3.30867      2.08817
      3.15387      4.93051      3.02068      1.90983
      3.16387      4.97027      3.05329      1.91698
      3.17387      4.27240      2.69035      1.58205
      3.18387      3.51438      2.29506      1.21932
      3.19387      3.87933      2.60846      1.27087
      3.20387      4.35322      2.98511      1.36811
      3.21387      4.03127      2.74961      1.28166
      3.22387      3.86714      2.53407      1.33307
      3.23387      4.09212      2.68518      1.40695
      3.24387      3.99388      2.68897      1.30491
      3.25387      3.18801      2.11927      1.06874
      3.26387      2.55483      1.74440      0.81043
      3.27387      3.30015      2.33539      0.96476
      3.28387      4.33000      2.97573      1.35427
      3.29387      5.01371      3.27006      1.74365
      3.30387      5.59729      3.56042      2.03688
      3.31387      5.63703      3.56837      2.06866
      3.32387      5.34990      3.34134      2.00856
      3.33387      4.87545      3.03999      1.83547
      3.34387      5.29189      3.36471      1.92719
      3.35387      6.70465      4.33668      2.36797
      3.36387      6.68896      4.36187      2.32708
      3.37387      5.47869      3.56612      1.91258
      3.38387      5.15068      3.26756      1.88312
      3.39387      5.83986      3.62918      2.21068
      3.40387      6.46918      4.07431      2.39488
      3.41387      5.60125      3.58157      2.01968
      3.42387      3.85336      2.41573      1.43762
      3.43387      2.96460      1.73896      1.22564
      3.44387      3.34225      1.89660      1.44565
      3.45387      3.55031      2.11164      1.43868
      3.46387      3.36357      2.08826      1.27531
      3.47387      3.41904      2.11459      1.30445
      3.48387      3.14795      1.88266      1.26528
      3.49387      2.75554      1.54169      1.21385
      3.50387      2.96657      1.66721      1.29936
      3.51387      3.67383      2.21174      1.46209
      3.52387      3.94769      2.37304      1.57465
      3.53387      3.39029      1.93462      1.45567
      3.54387      3.26288      1.86182      1.40106
      3.55387      3.33558      2.02880      1.30679
      3.56387      2.96990      1.85583      1.11406
      3.57387      2.52812      1.50161      1.02651
      3.58387      2.52347      1.34810      1.17537
      3.59387      2.52750      1.31116      1.21634
      3.60387      2.40523      1.33660      1.06864
      3.61387      2.36587      1.37963      0.98624
      3.62387      1.92050      1.15826      0.76224
      3.63387      1.59942      1.04967      0.54974
      3.64387      1.77115      1.17191      0.59924
      3.65387      2.17915      1.34420      0.83496
      3.66387      3.15261      1.87997      1.27263
      3.67387      3.43930      2.05158      1.38772
      3.68387      2.45644      1.48035      0.97609
      3.69387      1.76621      1.10045      0.66576
      3.70387      1.88847      1.23694      0.65153
      3.71387      2.21871      1.44910      0.76960
      3.72387      2.13795      1.31117      0.82679
      3.73387      1.51434      0.87492      0.63942
      3.74387      1.38686      0.81492      0.57194
      3.75387      2.10021      1.24603      0.85418
      3.76387      2.49130      1.45265      1.03866
      3.77387      2.39901      1.39949      0.99952
      3.78387      2.10597      1.24031      0.86565
      3.79387      1.94656      1.12482      0.82174
      3.80387      1.96071      1.07110      0.88961
      3.81387      2.54376      1.35433      1.18944
      3.82387      3.59126      1.93694      1.65433
      3.83387      4.86446      2.65331      2.21116
      3.84387      5.24458      2.87758      2.36699
      3.85387      5.07268      2.74930      2.32337
      3.86387      5.15387      2.76079      2.39308
      3.87387      3.76157      2.02430      1.73727
      3.88387      2.52026      1.33659      1.18367
      3.89387      2.79396      1.40791      1.38605
      3.90387      3.40113      1.72988      1.67125
      3.91387      3.68219      1.96070      1.72149
      3.92387      3.60473      1.93184      1.67289
      3.93387      3.07881      1.59809      1.48072
      3.94387      2.24046      1.16907      1.07139
      3.95387      1.96253      1.06950      0.89303
      3.96387      2.34970      1.29113      1.05856
      3.97387      2.84867      1.57279      1.27588
      3.98387      2.95112      1.61234      1.33879
      3.99387      2.62306      1.41321      1.20985
      4.00387      2.74369      1.47896      1.26473
      4.01387      3.15328      1.71692      1.43635
      4.02387      2.51855      1.37885      1.13970
      4.03387      1.84853      1.00249      0.84605
      4.04387      2.13350      1.11999      1.01351
      4.05387      2.58417      1.31139      1.27278
      4.06387      2.21658      1.10755      1.10903
      4.07387      1.70554      0.85303      0.85251
      4.08387      1.67737      0.83571      0.84166
      4.09387      1.76179      0.88119      0.88061
      4.10387      1.59812      0.80766      0.79046
      4.11387      1.38847      0.68700      0.70147
      4.12387      1.39427      0.66879      0.72548
      4.13387      1.48981      0.70403      0.78578
      4.14387      1.30486      0.62834      0.67651
      4.15387      1.26707      0.63424      0.63283
      4.16387      1.78443      0.89678      0.88765
      4.17387      2.36138      1.19570      1.16569
      4.18387      2.59728      1.32326      1.27402
      4.19387      1.78147      0.89663      0.88484
      4.20387      1.02796      0.48193      0.54603
      4.21387      1.46276      0.64565      0.81711
      4.22387      1.85401      0.83850      1.01551
      4.23387      1.65865      0.79021      0.86844
      4.24387      1.40578      0.68515      0.72062
      4.25387      1.24050      0.61070      0.62980
      4.26387      1.32181      0.65952      0.66228
      4.27387      1.41464      0.69655      0.71809
      4.28387      1.35029      0.64691      0.70337
      4.29387      1.36847      0.63917      0.72930
      4.30387      1.32017      0.62375      0.69643
      4.31387      1.43269      0.69659      0.73610
      4.32387      1.59112      0.79229      0.79883
      4.33387      1.67963      0.85446      0.82516
      4.34387      1.60578      0.81311      0.79267
      4.35387      1.27468      0.62208      0.65261
      4.36387      1.66169      0.77337      0.88832
      4.37387      2.49986      1.14885      1.35101
      4.38387      2.38540      1.09950      1.28590
      4.39387      1.35580      0.63551      0.72030
      4.40387      0.88891      0.43760      0.45131
      4.41387      1.02034      0.50853      0.51180
      4.42387      1.00532      0.49353      0.51179
      4.43387      1.12554      0.53740      0.58814
      4.44387      1.56739      0.73879      0.82861
      4.45387      1.89192      0.89631      0.99561
      4.46387      1.87247      0.90574      0.96673
      4.47387      1.70331      0.84482      0.85849
      4.48387      1.23899      0.61943      0.61956
      4.49387      0.94690      0.45994      0.48696
      4.50387      1.48875      0.69575      0.79300
      4.51387      1.95893      0.90689      1.05204
      4.52387      2.07588      0.97198      1.10390
      4.53387      2.34550      1.11256      1.23295
      4.54387      2.07874      0.98956      1.08918
      4.55387      1.29008      0.61757      0.67251
      4.56387      1.23807      0.59410      0.64397
      4.57387      1.65972      0.79297      0.86675
      4.58387      1.76941      0.85067      0.91874
      4.59387      1.67895      0.81542      0.86354
      4.60387      1.60977      0.77894      0.83082
      4.61387      1.96689      0.93756      1.02933
      4.62387      2.70266      1.28155      1.42111
      4.63387      2.63202      1.24764      1.38438
      4.64387      2.04436      0.97412      1.07024
      4.65387      1.71946      0.82534      0.89412
      4.66387      1.55919      0.74736      0.81184
      4.67387      2.00999      0.95972      1.05026
      4.68387      2.22149      1.06069      1.16080
      4.69387      1.38070      0.65858      0.72212
      4.70387      0.75544      0.35476      0.40068
      4.71387      0.92065      0.42461      0.49605
      4.72387      1.28152      0.58998      0.69154
      4.73387      1.33530      0.61826      0.71704
      4.74387      1.19011      0.55482      0.63529
      4.75387      1.20410      0.56235      0.64175
      4.76387      1.31630      0.61168      0.70462
      4.77387      1.29129      0.59764      0.69364
      4.78387      1.38300      0.64103      0.74197
      4.79387      2.10083      0.97733      1.12350
      4.80387      2.86254      1.33315      1.52939
      4.81387      2.64284      1.23226      1.41058
      4.82387      2.12087      0.99043      1.13044
      4.83387      2.19576      1.02729      1.16847
      4.84387      2.57702      1.20242      1.37459
      4.85387      3.59335      1.67396      1.91939
      4.86387      4.75402      2.22504      2.52898
      4.87387      5.33829      2.50150      2.83679
      4.88387      5.45045      2.55066      2.89979
      4.89387      5.33661      2.50569      2.83092
      4.90387      4.90730      2.32048      2.58682
      4.91387      4.15651      1.97920      2.17730
      4.92387      3.69452      1.76462      1.92991
      4.93387      3.23673      1.55742      1.67931
      4.94387      2.77125      1.35588      1.41537
      4.95387      2.53113      1.25023      1.28089
      4.96387      2.22738      1.10517      1.12221
      4.97387      2.00329      1.00848      0.99481
      4.98387      2.07313      1.05929      1.01385
      4.99387      2.14117      1.09622      1.04495
      5.00387      1.99128      1.01790      0.97338
      5.01387      2.03387      1.04005      0.99383
      5.02387      2.49816      1.27812      1.22004
      5.03387      2.50714      1.28912      1.21802
      5.04387      1.94804      1.01253      0.93552
      5.05387      1.57117      0.82367      0.74749
      5.06387      1.63093      0.85439      0.77654
      5.07387      1.59555      0.83397      0.76157
      5.08387      1.33552      0.70049      0.63503
      5.09387      1.60934      0.86137      0.74797
      5.10387      2.79625      1.51376      1.28249
      5.11387      2.88415      1.56218      1.32197
      5.12387      1.56730      0.84630      0.72100
      5.13387      1.01922      0.54953      0.46970
      5.14387      1.19293      0.64828      0.54466
      5.15387      1.46079      0.80420      0.65659
      5.16387      1.55283      0.86166      0.69117
      5.17387      1.23946      0.68815      0.55131
      5.18387      1.14357      0.63562      0.50795
      5.19387      1.36899      0.76513      0.60387
      5.20387      1.48541      0.83838      0.64702
      5.21387      1.72482      0.98357      0.74125
      5.22387      1.76148      1.00708      0.75440
      5.23387      1.11950      0.63971      0.47979
      5.24387      0.79810      0.45769      0.34041
      5.25387      1.01085      0.58247      0.42838
      5.26387      1.11539      0.64599      0.46940
      5.27387      1.06845      0.62227      0.44619
      5.28387      0.91565      0.53530      0.38035
      5.29387      0.88020      0.51651      0.36369
      5.30387      1.08865      0.64208      0.44657
      5.31387      1.40880      0.83418      0.57461
      5.32387      1.28692      0.76391      0.52300
      5.33387      0.79951      0.47606      0.32345
      5.34387      0.70403      0.42094      0.28309
      5.35387      0.70861      0.42486      0.28375
      5.36387      0.77424      0.46645      0.30779
      5.37387      0.98596      0.59578      0.39019
      5.38387      0.99859      0.60497      0.39362
      5.39387      0.92645      0.56337      0.36308
      5.40387      0.86986      0.53056      0.33930
      5.41387      0.67123      0.41042      0.26081
      5.42387      0.65980      0.40492      0.25488
      5.43387      0.80302      0.49419      0.30884
      5.44387      0.83596      0.51586      0.32010
      5.45387      0.75705      0.46846      0.28859
      5.46387      0.65858      0.40861      0.24997
      5.47387      0.51897      0.32259      0.19637
      5.48387      0.25167      0.15660      0.09508
      5.49387      0.05711      0.03556      0.02155
      5.50387      0.00546      0.00340      0.00206
      5.51387      0.00021      0.00013      0.00008
      5.52387      0.00000      0.00000      0.00000
      5.53387      0.00000      0.00000      0.00000
      5.54387      0.00000      0.00000      0.00000
      5.55387      0.00000      0.00000      0.00000
      5.56387      0.00000      0.00000      0.00000
      5.57387      0.00000      0.00000      0.00000
      5.58387      0.00000      0.00000      0.00000
      5.59387      0.00000      0.00000      0.00000
      5.60387      0.00000      0.00000      0.00000
      5.61387      0.00000      0.00000      0.00000
      5.62387      0.00000      0.00000      0.00000
      5.63387      0.00000      0.00000      0.00000
      5.64387      0.00000      0.00000      0.00000
      5.65387      0.00000      0.00000      0.00000
      5.66387      0.00000      0.00000      0.00000
      5.67387      0.00000      0.00000      0.00000
      5.68387      0.00000      0.00000      0.00000
      5.69387      0.00000      0.00000      0.00000
      5.70387      0.00000      0.00000      0.00000
      5.71387      0.00000      0.00000      0.00000
      5.72387      0.00000      0.00000      0.00000
      5.73387      0.00000      0.00000      0.00000
      5.74387      0.00000      0.00000      0.00000
      5.75387      0.00000      0.00000      0.00000
      5.76387      0.00000      0.00000      0.00000
      5.77387      0.00000      0.00000      0.00000
      5.78387      0.00000      0.00000      0.00000
      5.79387      0.00000      0.00000      0.00000
      5.80387      0.00000      0.00000      0.00000
      5.81387      0.00000      0.00000      0.00000
      5.82387      0.00000      0.00000      0.00000
      5.83387      0.00000      0.00000      0.00000
      5.84387      0.00000      0.00000      0.00000
      5.85387      0.00000      0.00000      0.00000
      5.86387      0.00000      0.00000      0.00000
      5.87387      0.00000      0.00000      0.00000
      5.88387      0.00000      0.00000      0.00000
      5.89387      0.00000      0.00000      0.00000
      5.90387      0.00000      0.00000      0.00000
      5.91387      0.00000      0.00000      0.00000
      5.92387      0.00000      0.00000      0.00000
      5.93387      0.00000      0.00000      0.00000
      5.94387      0.00000      0.00000      0.00000
      5.95387      0.00000      0.00000      0.00000
      5.96387      0.00000      0.00000      0.00000
      5.97387      0.00000      0.00000      0.00000
      5.98387      0.00000      0.00000      0.00000
      5.99387      0.00000      0.00000      0.00000
      6.00387      0.00000      0.00000      0.00000
      6.01387      0.00000      0.00000      0.00000
      6.02387      0.00000      0.00000      0.00000
      6.03387      0.00000      0.00000      0.00000
      6.04387      0.00000      0.00000      0.00000
      6.05387      0.00000      0.00000      0.00000
      6.06387      0.00000      0.00000      0.00000
      6.07387      0.00000      0.00000      0.00000
      6.08387      0.00000      0.00000      0.00000
      6.09387      0.00000      0.00000      0.00000
      6.10387      0.00000      0.00000      0.00000
      6.11387      0.00000      0.00000      0.00000
      6.12387      0.00000      0.00000      0.00000
      6.13387      0.00000      0.00000      0.00000
      6.14387      0.00000      0.00000      0.00000
      6.15387      0.00000      0.00000      0.00000
      6.16387      0.00000      0.00000      0.00000
      6.17387      0.00000      0.00000      0.00000
      6.18387      0.00000      0.00000      0.00000
      6.19387      0.00000      0.00000      0.00000
      6.20387      0.00000      0.00000      0.00000
      6.21387      0.00000      0.00000      0.00000
      6.22387      0.00000      0.00000      0.00000
      6.23387      0.00000      0.00000      0.00000
      6.24387      0.00000      0.00000      0.00000
      6.25387      0.00000      0.00000      0.00000
      6.26387      0.00000      0.00000      0.00000
      6.27387      0.00000      0.00000      0.00000
      6.28387      0.00000      0.00000      0.00000
      6.29387      0.00000      0.00000      0.00000
      6.30387      0.00000      0.00000      0.00000
      6.31387      0.00000      0.00000      0.00000
      6.32387      0.00000      0.00000      0.00000
      6.33387      0.00000      0.00000      0.00000
      6.34387      0.00000      0.00000      0.00000
      6.35387      0.00000      0.00000      0.00000
      6.36387      0.00000      0.00000      0.00000
      6.37387      0.00000      0.00000      0.00000
      6.38387      0.00000      0.00000      0.00000
      6.39387      0.00000      0.00000      0.00000
      6.40387      0.00000      0.00000      0.00000
      6.41387      0.00000      0.00000      0.00000
      6.42387      0.00000      0.00000      0.00000
      6.43387      0.00000      0.00000      0.00000
      6.44387      0.00000      0.00000      0.00000
      6.45387      0.00000      0.00000      0.00000
      6.46387      0.00000      0.00000      0.00000
      6.47387      0.00000      0.00000      0.00000
      6.48387      0.00000      0.00000      0.00000
      6.49387      0.00000      0.00000      0.00000
      6.50387      0.00000      0.00000      0.00000
      6.51387      0.00000      0.00000      0.00000
      6.52387      0.00000      0.00000      0.00000
      6.53387      0.00000      0.00000      0.00000
      6.54387      0.00000      0.00000      0.00000
      6.55387      0.00000      0.00000      0.00000
      6.56387      0.00000      0.00000      0.00000
      6.57387      0.00000      0.00000      0.00000
      6.58387      0.00000      0.00000      0.00000
      6.59387      0.00000      0.00000      0.00000
      6.60387      0.00000      0.00000      0.00000
      6.61387      0.00000      0.00000      0.00000
      6.62387      0.00000      0.00000      0.00000
      6.63387      0.00000      0.00000      0.00000
      6.64387      0.00000      0.00000      0.00000
      6.65387      0.00000      0.00000      0.00000
      6.66387      0.00000      0.00000      0.00000
      6.67387      0.00000      0.00000      0.00000
      6.68387      0.00000      0.00000      0.00000
      6.69387      0.00000      0.00000      0.00000
      6.70387      0.00000      0.00000      0.00000
      6.71387      0.00000      0.00000      0.00000
      6.72387      0.00000      0.00000      0.00000
      6.73387      0.00000      0.00000      0.00000
      6.74387      0.00000      0.00000      0.00000
      6.75387      0.00000      0.00000      0.00000
      6.76387      0.00000      0.00000      0.00000
      6.77387      0.00000      0.00000      0.00000
      6.78387      0.00000      0.00000      0.00000
      6.79387      0.00000      0.00000      0.00000
      6.80387      0.00000      0.00000      0.00000
      6.81387      0.00000      0.00000      0.00000
      6.82387      0.00000      0.00000      0.00000
      6.83387      0.00000      0.00000      0.00000
      6.84387      0.00000      0.00000      0.00000
      6.85387      0.00000      0.00000      0.00000
      6.86387      0.00000      0.00000      0.00000
      6.87387      0.00000      0.00000      0.00000
      6.88387      0.00000      0.00000      0.00000
      6.89387      0.00000      0.00000      0.00000
      6.90387      0.00000      0.00000      0.00000
      6.91387      0.00000      0.00000      0.00000
      6.92387      0.00000      0.00000      0.00000
      6.93387      0.00000      0.00000      0.00000
      6.94387      0.00000      0.00000      0.00000
      6.95387      0.00000      0.00000      0.00000
      6.96387      0.00000      0.00000      0.00000
      6.97387      0.00000      0.00000      0.00000
      6.98387      0.00000      0.00000      0.00000
      6.99387      0.00000      0.00000      0.00000
      7.00387      0.00000      0.00000      0.00000
      7.01387      0.00000      0.00000      0.00000
      7.02387      0.00000      0.00000      0.00000
      7.03387      0.00000      0.00000      0.00000
      7.04387      0.00000      0.00000      0.00000
      7.05387      0.00000      0.00000      0.00000
      7.06387      0.00000      0.00000      0.00000
      7.07387      0.00000      0.00000      0.00000
      7.08387      0.00000      0.00000      0.00000
      7.09387      0.00000      0.00000      0.00000
      7.10387      0.00000      0.00000      0.00000
      7.11387      0.00000      0.00000      0.00000
      7.12387      0.00000      0.00000      0.00000
      7.13387      0.00000      0.00000      0.00000
      7.14387      0.00000      0.00000      0.00000
      7.15387      0.00000      0.00000      0.00000
      7.16387      0.00000      0.00000      0.00000
      7.17387      0.00000      0.00000      0.00000
      7.18387      0.00001      0.00000      0.00000
      7.19387      0.00035      0.00009      0.00026
      7.20387      0.00862      0.00211      0.00650
      7.21387      0.08058      0.01976      0.06082
      7.22387      0.30340      0.07442      0.22898
      7.23387      0.51598      0.12657      0.38941
      7.24387      0.44941      0.11026      0.33916
      7.25387      0.28893      0.07093      0.21799
      7.26387      0.45743      0.11241      0.34502
      7.27387      0.61996      0.15234      0.46762
      7.28387      0.33321      0.08186      0.25135
      7.29387      0.11000      0.02703      0.08298
      7.30387      0.28584      0.07025      0.21559
      7.31387      0.71998      0.17706      0.54292
      7.32387      0.84736      0.20860      0.63876
      7.33387      0.63094      0.15507      0.47587
      7.34387      0.49405      0.12119      0.37285
      7.35387      0.46012      0.11376      0.34636
      7.36387      0.42986      0.10648      0.32338
      7.37387      0.35737      0.08778      0.26959
      7.38387      0.39440      0.09670      0.29770
      7.39387      0.50935      0.12578      0.38356
      7.40387      0.56935      0.14176      0.42759
      7.41387      0.45969      0.11442      0.34527
      7.42387      0.36492      0.08945      0.27547
