cpu-bind=MASK - n2lcn0124, task  0  0 [2851978]: mask |BBBBBBBB|BBBBBBBB||BBBBBBBB|BBBBBBBB||BBBBBBBB|BBBBBBBB||BBBBBBBB|BBBBBBBB||||BBBBBBBB|BBBBBBBB||BBBBBBBB|BBBBBBBB||BBBBBBBB|BBBBBBBB||BBBBBBBB|BBBBBBBB|  set
The following modules were not unloaded:
  (Use "module --force purge" to unload all):

  1) pc2fs   2) slurm/24.11.5-1   3) DefaultModules
rm: cannot remove 'cp2k.out': No such file or directory
cpu-bind=MASK - n2lcn0131, task 48  0 [4078536]: mask |BBBBBBBB|--------||--------|--------||--------|--------||--------|--------||||--------|--------||--------|--------||--------|--------||--------|--------|  set
cpu-bind=MASK - n2lcn0124, task  0  0 [2852446]: mask |BBBBBBBB|--------||--------|--------||--------|--------||--------|--------||||--------|--------||--------|--------||--------|--------||--------|--------|  set
cpu-bind=MASK - n2lcn0131, task 49  1 [4078537]: mask |--------|BBBBBBBB||--------|--------||--------|--------||--------|--------||||--------|--------||--------|--------||--------|--------||--------|--------|  set
cpu-bind=MASK - n2lcn0124, task  1  1 [2852447]: mask |--------|BBBBBBBB||--------|--------||--------|--------||--------|--------||||--------|--------||--------|--------||--------|--------||--------|--------|  set
cpu-bind=MASK - n2lcn0131, task 50  2 [4078538]: mask |--------|--------||BBBBBBBB|--------||--------|--------||--------|--------||||--------|--------||--------|--------||--------|--------||--------|--------|  set
cpu-bind=MASK - n2lcn0124, task  2  2 [2852448]: mask |--------|--------||BBBBBBBB|--------||--------|--------||--------|--------||||--------|--------||--------|--------||--------|--------||--------|--------|  set
cpu-bind=MASK - n2lcn0131, task 51  3 [4078539]: mask |--------|--------||--------|BBBBBBBB||--------|--------||--------|--------||||--------|--------||--------|--------||--------|--------||--------|--------|  set
cpu-bind=MASK - n2lcn0124, task  3  3 [2852449]: mask |--------|--------||--------|BBBBBBBB||--------|--------||--------|--------||||--------|--------||--------|--------||--------|--------||--------|--------|  set
cpu-bind=MASK - n2lcn0131, task 52  4 [4078540]: mask |--------|--------||--------|--------||BBBBBBBB|--------||--------|--------||||--------|--------||--------|--------||--------|--------||--------|--------|  set
cpu-bind=MASK - n2lcn0124, task  4  4 [2852450]: mask |--------|--------||--------|--------||BBBBBBBB|--------||--------|--------||||--------|--------||--------|--------||--------|--------||--------|--------|  set
cpu-bind=MASK - n2lcn0133, task 80  0 [3259764]: mask |BBBBBBBB|--------||--------|--------||--------|--------||--------|--------||||--------|--------||--------|--------||--------|--------||--------|--------|  set
cpu-bind=MASK - n2lcn0131, task 53  5 [4078541]: mask |--------|--------||--------|--------||--------|BBBBBBBB||--------|--------||||--------|--------||--------|--------||--------|--------||--------|--------|  set
cpu-bind=MASK - n2lcn0134, task 96  0 [2534350]: mask |BBBBBBBB|--------||--------|--------||--------|--------||--------|--------||||--------|--------||--------|--------||--------|--------||--------|--------|  set
cpu-bind=MASK - n2lcn0124, task  5  5 [2852451]: mask |--------|--------||--------|--------||--------|BBBBBBBB||--------|--------||||--------|--------||--------|--------||--------|--------||--------|--------|  set
cpu-bind=MASK - n2lcn0133, task 81  1 [3259765]: mask |--------|BBBBBBBB||--------|--------||--------|--------||--------|--------||||--------|--------||--------|--------||--------|--------||--------|--------|  set
cpu-bind=MASK - n2lcn0131, task 54  6 [4078542]: mask |--------|--------||--------|--------||--------|--------||BBBBBBBB|--------||||--------|--------||--------|--------||--------|--------||--------|--------|  set
cpu-bind=MASK - n2lcn0134, task 97  1 [2534351]: mask |--------|BBBBBBBB||--------|--------||--------|--------||--------|--------||||--------|--------||--------|--------||--------|--------||--------|--------|  set
cpu-bind=MASK - n2lcn0132, task 64  0 [3141227]: mask |BBBBBBBB|--------||--------|--------||--------|--------||--------|--------||||--------|--------||--------|--------||--------|--------||--------|--------|  set
cpu-bind=MASK - n2lcn0124, task  6  6 [2852452]: mask |--------|--------||--------|--------||--------|--------||BBBBBBBB|--------||||--------|--------||--------|--------||--------|--------||--------|--------|  set
cpu-bind=MASK - n2lcn0129, task 16  0 [2559174]: mask |BBBBBBBB|--------||--------|--------||--------|--------||--------|--------||||--------|--------||--------|--------||--------|--------||--------|--------|  set
cpu-bind=MASK - n2lcn0133, task 82  2 [3259766]: mask |--------|--------||BBBBBBBB|--------||--------|--------||--------|--------||||--------|--------||--------|--------||--------|--------||--------|--------|  set
cpu-bind=MASK - n2lcn0131, task 55  7 [4078543]: mask |--------|--------||--------|--------||--------|--------||--------|BBBBBBBB||||--------|--------||--------|--------||--------|--------||--------|--------|  set
cpu-bind=MASK - n2lcn0134, task 98  2 [2534352]: mask |--------|--------||BBBBBBBB|--------||--------|--------||--------|--------||||--------|--------||--------|--------||--------|--------||--------|--------|  set
cpu-bind=MASK - n2lcn0132, task 65  1 [3141228]: mask |--------|BBBBBBBB||--------|--------||--------|--------||--------|--------||||--------|--------||--------|--------||--------|--------||--------|--------|  set
cpu-bind=MASK - n2lcn0124, task  7  7 [2852453]: mask |--------|--------||--------|--------||--------|--------||--------|BBBBBBBB||||--------|--------||--------|--------||--------|--------||--------|--------|  set
cpu-bind=MASK - n2lcn0129, task 17  1 [2559175]: mask |--------|BBBBBBBB||--------|--------||--------|--------||--------|--------||||--------|--------||--------|--------||--------|--------||--------|--------|  set
cpu-bind=MASK - n2lcn0133, task 83  3 [3259767]: mask |--------|--------||--------|BBBBBBBB||--------|--------||--------|--------||||--------|--------||--------|--------||--------|--------||--------|--------|  set
cpu-bind=MASK - n2lcn0131, task 56  8 [4078544]: mask |--------|--------||--------|--------||--------|--------||--------|--------||||BBBBBBBB|--------||--------|--------||--------|--------||--------|--------|  set
cpu-bind=MASK - n2lcn0134, task 99  3 [2534353]: mask |--------|--------||--------|BBBBBBBB||--------|--------||--------|--------||||--------|--------||--------|--------||--------|--------||--------|--------|  set
cpu-bind=MASK - n2lcn0132, task 66  2 [3141229]: mask |--------|--------||BBBBBBBB|--------||--------|--------||--------|--------||||--------|--------||--------|--------||--------|--------||--------|--------|  set
cpu-bind=MASK - n2lcn0124, task  8  8 [2852454]: mask |--------|--------||--------|--------||--------|--------||--------|--------||||BBBBBBBB|--------||--------|--------||--------|--------||--------|--------|  set
cpu-bind=MASK - n2lcn0129, task 18  2 [2559176]: mask |--------|--------||BBBBBBBB|--------||--------|--------||--------|--------||||--------|--------||--------|--------||--------|--------||--------|--------|  set
cpu-bind=MASK - n2lcn0133, task 84  4 [3259768]: mask |--------|--------||--------|--------||BBBBBBBB|--------||--------|--------||||--------|--------||--------|--------||--------|--------||--------|--------|  set
cpu-bind=MASK - n2lcn0131, task 57  9 [4078545]: mask |--------|--------||--------|--------||--------|--------||--------|--------||||--------|BBBBBBBB||--------|--------||--------|--------||--------|--------|  set
cpu-bind=MASK - n2lcn0134, task 100  4 [2534354]: mask |--------|--------||--------|--------||BBBBBBBB|--------||--------|--------||||--------|--------||--------|--------||--------|--------||--------|--------|  set
cpu-bind=MASK - n2lcn0132, task 67  3 [3141230]: mask |--------|--------||--------|BBBBBBBB||--------|--------||--------|--------||||--------|--------||--------|--------||--------|--------||--------|--------|  set
cpu-bind=MASK - n2lcn0124, task  9  9 [2852455]: mask |--------|--------||--------|--------||--------|--------||--------|--------||||--------|BBBBBBBB||--------|--------||--------|--------||--------|--------|  set
cpu-bind=MASK - n2lcn0129, task 19  3 [2559177]: mask |--------|--------||--------|BBBBBBBB||--------|--------||--------|--------||||--------|--------||--------|--------||--------|--------||--------|--------|  set
cpu-bind=MASK - n2lcn0133, task 85  5 [3259769]: mask |--------|--------||--------|--------||--------|BBBBBBBB||--------|--------||||--------|--------||--------|--------||--------|--------||--------|--------|  set
cpu-bind=MASK - n2lcn0131, task 58 10 [4078546]: mask |--------|--------||--------|--------||--------|--------||--------|--------||||--------|--------||BBBBBBBB|--------||--------|--------||--------|--------|  set
cpu-bind=MASK - n2lcn0134, task 101  5 [2534355]: mask |--------|--------||--------|--------||--------|BBBBBBBB||--------|--------||||--------|--------||--------|--------||--------|--------||--------|--------|  set
cpu-bind=MASK - n2lcn0132, task 68  4 [3141231]: mask |--------|--------||--------|--------||BBBBBBBB|--------||--------|--------||||--------|--------||--------|--------||--------|--------||--------|--------|  set
cpu-bind=MASK - n2lcn0130, task 32  0 [2311132]: mask |BBBBBBBB|--------||--------|--------||--------|--------||--------|--------||||--------|--------||--------|--------||--------|--------||--------|--------|  set
cpu-bind=MASK - n2lcn0129, task 20  4 [2559178]: mask |--------|--------||--------|--------||BBBBBBBB|--------||--------|--------||||--------|--------||--------|--------||--------|--------||--------|--------|  set
cpu-bind=MASK - n2lcn0124, task 10 10 [2852456]: mask |--------|--------||--------|--------||--------|--------||--------|--------||||--------|--------||BBBBBBBB|--------||--------|--------||--------|--------|  set
cpu-bind=MASK - n2lcn0133, task 86  6 [3259770]: mask |--------|--------||--------|--------||--------|--------||BBBBBBBB|--------||||--------|--------||--------|--------||--------|--------||--------|--------|  set
cpu-bind=MASK - n2lcn0131, task 59 11 [4078547]: mask |--------|--------||--------|--------||--------|--------||--------|--------||||--------|--------||--------|BBBBBBBB||--------|--------||--------|--------|  set
cpu-bind=MASK - n2lcn0134, task 102  6 [2534356]: mask |--------|--------||--------|--------||--------|--------||BBBBBBBB|--------||||--------|--------||--------|--------||--------|--------||--------|--------|  set
cpu-bind=MASK - n2lcn0132, task 69  5 [3141232]: mask |--------|--------||--------|--------||--------|BBBBBBBB||--------|--------||||--------|--------||--------|--------||--------|--------||--------|--------|  set
cpu-bind=MASK - n2lcn0130, task 33  1 [2311133]: mask |--------|BBBBBBBB||--------|--------||--------|--------||--------|--------||||--------|--------||--------|--------||--------|--------||--------|--------|  set
cpu-bind=MASK - n2lcn0129, task 21  5 [2559179]: mask |--------|--------||--------|--------||--------|BBBBBBBB||--------|--------||||--------|--------||--------|--------||--------|--------||--------|--------|  set
cpu-bind=MASK - n2lcn0124, task 11 11 [2852457]: mask |--------|--------||--------|--------||--------|--------||--------|--------||||--------|--------||--------|BBBBBBBB||--------|--------||--------|--------|  set
cpu-bind=MASK - n2lcn0131, task 60 12 [4078548]: mask |--------|--------||--------|--------||--------|--------||--------|--------||||--------|--------||--------|--------||BBBBBBBB|--------||--------|--------|  set
cpu-bind=MASK - n2lcn0133, task 87  7 [3259771]: mask |--------|--------||--------|--------||--------|--------||--------|BBBBBBBB||||--------|--------||--------|--------||--------|--------||--------|--------|  set
cpu-bind=MASK - n2lcn0134, task 103  7 [2534357]: mask |--------|--------||--------|--------||--------|--------||--------|BBBBBBBB||||--------|--------||--------|--------||--------|--------||--------|--------|  set
cpu-bind=MASK - n2lcn0132, task 70  6 [3141233]: mask |--------|--------||--------|--------||--------|--------||BBBBBBBB|--------||||--------|--------||--------|--------||--------|--------||--------|--------|  set
cpu-bind=MASK - n2lcn0130, task 34  2 [2311134]: mask |--------|--------||BBBBBBBB|--------||--------|--------||--------|--------||||--------|--------||--------|--------||--------|--------||--------|--------|  set
cpu-bind=MASK - n2lcn0129, task 22  6 [2559180]: mask |--------|--------||--------|--------||--------|--------||BBBBBBBB|--------||||--------|--------||--------|--------||--------|--------||--------|--------|  set
cpu-bind=MASK - n2lcn0131, task 61 13 [4078549]: mask |--------|--------||--------|--------||--------|--------||--------|--------||||--------|--------||--------|--------||--------|BBBBBBBB||--------|--------|  set
cpu-bind=MASK - n2lcn0124, task 12 12 [2852458]: mask |--------|--------||--------|--------||--------|--------||--------|--------||||--------|--------||--------|--------||BBBBBBBB|--------||--------|--------|  set
cpu-bind=MASK - n2lcn0133, task 88  8 [3259772]: mask |--------|--------||--------|--------||--------|--------||--------|--------||||BBBBBBBB|--------||--------|--------||--------|--------||--------|--------|  set
cpu-bind=MASK - n2lcn0132, task 71  7 [3141234]: mask |--------|--------||--------|--------||--------|--------||--------|BBBBBBBB||||--------|--------||--------|--------||--------|--------||--------|--------|  set
cpu-bind=MASK - n2lcn0134, task 104  8 [2534358]: mask |--------|--------||--------|--------||--------|--------||--------|--------||||BBBBBBBB|--------||--------|--------||--------|--------||--------|--------|  set
cpu-bind=MASK - n2lcn0130, task 35  3 [2311135]: mask |--------|--------||--------|BBBBBBBB||--------|--------||--------|--------||||--------|--------||--------|--------||--------|--------||--------|--------|  set
cpu-bind=MASK - n2lcn0129, task 23  7 [2559181]: mask |--------|--------||--------|--------||--------|--------||--------|BBBBBBBB||||--------|--------||--------|--------||--------|--------||--------|--------|  set
cpu-bind=MASK - n2lcn0131, task 62 14 [4078550]: mask |--------|--------||--------|--------||--------|--------||--------|--------||||--------|--------||--------|--------||--------|--------||BBBBBBBB|--------|  set
cpu-bind=MASK - n2lcn0133, task 89  9 [3259773]: mask |--------|--------||--------|--------||--------|--------||--------|--------||||--------|BBBBBBBB||--------|--------||--------|--------||--------|--------|  set
cpu-bind=MASK - n2lcn0124, task 13 13 [2852459]: mask |--------|--------||--------|--------||--------|--------||--------|--------||||--------|--------||--------|--------||--------|BBBBBBBB||--------|--------|  set
cpu-bind=MASK - n2lcn0132, task 72  8 [3141235]: mask |--------|--------||--------|--------||--------|--------||--------|--------||||BBBBBBBB|--------||--------|--------||--------|--------||--------|--------|  set
cpu-bind=MASK - n2lcn0134, task 105  9 [2534359]: mask |--------|--------||--------|--------||--------|--------||--------|--------||||--------|BBBBBBBB||--------|--------||--------|--------||--------|--------|  set
cpu-bind=MASK - n2lcn0130, task 36  4 [2311136]: mask |--------|--------||--------|--------||BBBBBBBB|--------||--------|--------||||--------|--------||--------|--------||--------|--------||--------|--------|  set
cpu-bind=MASK - n2lcn0129, task 24  8 [2559182]: mask |--------|--------||--------|--------||--------|--------||--------|--------||||BBBBBBBB|--------||--------|--------||--------|--------||--------|--------|  set
cpu-bind=MASK - n2lcn0133, task 90 10 [3259774]: mask |--------|--------||--------|--------||--------|--------||--------|--------||||--------|--------||BBBBBBBB|--------||--------|--------||--------|--------|  set
cpu-bind=MASK - n2lcn0132, task 73  9 [3141236]: mask |--------|--------||--------|--------||--------|--------||--------|--------||||--------|BBBBBBBB||--------|--------||--------|--------||--------|--------|  set
cpu-bind=MASK - n2lcn0134, task 106 10 [2534360]: mask |--------|--------||--------|--------||--------|--------||--------|--------||||--------|--------||BBBBBBBB|--------||--------|--------||--------|--------|  set
cpu-bind=MASK - n2lcn0130, task 37  5 [2311137]: mask |--------|--------||--------|--------||--------|BBBBBBBB||--------|--------||||--------|--------||--------|--------||--------|--------||--------|--------|  set
cpu-bind=MASK - n2lcn0124, task 14 14 [2852460]: mask |--------|--------||--------|--------||--------|--------||--------|--------||||--------|--------||--------|--------||--------|--------||BBBBBBBB|--------|  set
cpu-bind=MASK - n2lcn0129, task 25  9 [2559183]: mask |--------|--------||--------|--------||--------|--------||--------|--------||||--------|BBBBBBBB||--------|--------||--------|--------||--------|--------|  set
cpu-bind=MASK - n2lcn0133, task 91 11 [3259775]: mask |--------|--------||--------|--------||--------|--------||--------|--------||||--------|--------||--------|BBBBBBBB||--------|--------||--------|--------|  set
cpu-bind=MASK - n2lcn0134, task 107 11 [2534361]: mask |--------|--------||--------|--------||--------|--------||--------|--------||||--------|--------||--------|BBBBBBBB||--------|--------||--------|--------|  set
cpu-bind=MASK - n2lcn0132, task 74 10 [3141237]: mask |--------|--------||--------|--------||--------|--------||--------|--------||||--------|--------||BBBBBBBB|--------||--------|--------||--------|--------|  set
cpu-bind=MASK - n2lcn0130, task 38  6 [2311138]: mask |--------|--------||--------|--------||--------|--------||BBBBBBBB|--------||||--------|--------||--------|--------||--------|--------||--------|--------|  set
cpu-bind=MASK - n2lcn0129, task 26 10 [2559184]: mask |--------|--------||--------|--------||--------|--------||--------|--------||||--------|--------||BBBBBBBB|--------||--------|--------||--------|--------|  set
cpu-bind=MASK - n2lcn0133, task 92 12 [3259776]: mask |--------|--------||--------|--------||--------|--------||--------|--------||||--------|--------||--------|--------||BBBBBBBB|--------||--------|--------|  set
cpu-bind=MASK - n2lcn0132, task 75 11 [3141238]: mask |--------|--------||--------|--------||--------|--------||--------|--------||||--------|--------||--------|BBBBBBBB||--------|--------||--------|--------|  set
cpu-bind=MASK - n2lcn0130, task 39  7 [2311139]: mask |--------|--------||--------|--------||--------|--------||--------|BBBBBBBB||||--------|--------||--------|--------||--------|--------||--------|--------|  set
cpu-bind=MASK - n2lcn0134, task 108 12 [2534362]: mask |--------|--------||--------|--------||--------|--------||--------|--------||||--------|--------||--------|--------||BBBBBBBB|--------||--------|--------|  set
cpu-bind=MASK - n2lcn0129, task 27 11 [2559185]: mask |--------|--------||--------|--------||--------|--------||--------|--------||||--------|--------||--------|BBBBBBBB||--------|--------||--------|--------|  set
cpu-bind=MASK - n2lcn0133, task 93 13 [3259777]: mask |--------|--------||--------|--------||--------|--------||--------|--------||||--------|--------||--------|--------||--------|BBBBBBBB||--------|--------|  set
cpu-bind=MASK - n2lcn0132, task 76 12 [3141239]: mask |--------|--------||--------|--------||--------|--------||--------|--------||||--------|--------||--------|--------||BBBBBBBB|--------||--------|--------|  set
cpu-bind=MASK - n2lcn0130, task 40  8 [2311140]: mask |--------|--------||--------|--------||--------|--------||--------|--------||||BBBBBBBB|--------||--------|--------||--------|--------||--------|--------|  set
cpu-bind=MASK - n2lcn0134, task 109 13 [2534363]: mask |--------|--------||--------|--------||--------|--------||--------|--------||||--------|--------||--------|--------||--------|BBBBBBBB||--------|--------|  set
cpu-bind=MASK - n2lcn0129, task 28 12 [2559186]: mask |--------|--------||--------|--------||--------|--------||--------|--------||||--------|--------||--------|--------||BBBBBBBB|--------||--------|--------|  set
cpu-bind=MASK - n2lcn0133, task 94 14 [3259778]: mask |--------|--------||--------|--------||--------|--------||--------|--------||||--------|--------||--------|--------||--------|--------||BBBBBBBB|--------|  set
cpu-bind=MASK - n2lcn0132, task 77 13 [3141240]: mask |--------|--------||--------|--------||--------|--------||--------|--------||||--------|--------||--------|--------||--------|BBBBBBBB||--------|--------|  set
cpu-bind=MASK - n2lcn0134, task 110 14 [2534364]: mask |--------|--------||--------|--------||--------|--------||--------|--------||||--------|--------||--------|--------||--------|--------||BBBBBBBB|--------|  set
cpu-bind=MASK - n2lcn0130, task 41  9 [2311141]: mask |--------|--------||--------|--------||--------|--------||--------|--------||||--------|BBBBBBBB||--------|--------||--------|--------||--------|--------|  set
cpu-bind=MASK - n2lcn0129, task 29 13 [2559187]: mask |--------|--------||--------|--------||--------|--------||--------|--------||||--------|--------||--------|--------||--------|BBBBBBBB||--------|--------|  set
cpu-bind=MASK - n2lcn0130, task 42 10 [2311142]: mask |--------|--------||--------|--------||--------|--------||--------|--------||||--------|--------||BBBBBBBB|--------||--------|--------||--------|--------|  set
cpu-bind=MASK - n2lcn0132, task 78 14 [3141241]: mask |--------|--------||--------|--------||--------|--------||--------|--------||||--------|--------||--------|--------||--------|--------||BBBBBBBB|--------|  set
cpu-bind=MASK - n2lcn0129, task 30 14 [2559188]: mask |--------|--------||--------|--------||--------|--------||--------|--------||||--------|--------||--------|--------||--------|--------||BBBBBBBB|--------|  set
cpu-bind=MASK - n2lcn0130, task 43 11 [2311143]: mask |--------|--------||--------|--------||--------|--------||--------|--------||||--------|--------||--------|BBBBBBBB||--------|--------||--------|--------|  set
cpu-bind=MASK - n2lcn0130, task 44 12 [2311144]: mask |--------|--------||--------|--------||--------|--------||--------|--------||||--------|--------||--------|--------||BBBBBBBB|--------||--------|--------|  set
cpu-bind=MASK - n2lcn0131, task 63 15 [4078551]: mask |--------|--------||--------|--------||--------|--------||--------|--------||||--------|--------||--------|--------||--------|--------||--------|BBBBBBBB|  set
cpu-bind=MASK - n2lcn0130, task 45 13 [2311145]: mask |--------|--------||--------|--------||--------|--------||--------|--------||||--------|--------||--------|--------||--------|BBBBBBBB||--------|--------|  set
cpu-bind=MASK - n2lcn0124, task 15 15 [2852461]: mask |--------|--------||--------|--------||--------|--------||--------|--------||||--------|--------||--------|--------||--------|--------||--------|BBBBBBBB|  set
cpu-bind=MASK - n2lcn0130, task 46 14 [2311146]: mask |--------|--------||--------|--------||--------|--------||--------|--------||||--------|--------||--------|--------||--------|--------||BBBBBBBB|--------|  set
cpu-bind=MASK - n2lcn0133, task 95 15 [3259779]: mask |--------|--------||--------|--------||--------|--------||--------|--------||||--------|--------||--------|--------||--------|--------||--------|BBBBBBBB|  set
cpu-bind=MASK - n2lcn0134, task 111 15 [2534365]: mask |--------|--------||--------|--------||--------|--------||--------|--------||||--------|--------||--------|--------||--------|--------||--------|BBBBBBBB|  set
cpu-bind=MASK - n2lcn0132, task 79 15 [3141242]: mask |--------|--------||--------|--------||--------|--------||--------|--------||||--------|--------||--------|--------||--------|--------||--------|BBBBBBBB|  set
cpu-bind=MASK - n2lcn0129, task 31 15 [2559189]: mask |--------|--------||--------|--------||--------|--------||--------|--------||||--------|--------||--------|--------||--------|--------||--------|BBBBBBBB|  set
cpu-bind=MASK - n2lcn0130, task 47 15 [2311147]: mask |--------|--------||--------|--------||--------|--------||--------|--------||||--------|--------||--------|--------||--------|--------||--------|BBBBBBBB|  set
cpu-bind=MASK - n2lcn0151, task 112  0 [4102567]: mask |BBBBBBBB|--------||--------|--------||--------|--------||--------|--------||||--------|--------||--------|--------||--------|--------||--------|--------|  set
cpu-bind=MASK - n2lcn0151, task 113  1 [4102568]: mask |--------|BBBBBBBB||--------|--------||--------|--------||--------|--------||||--------|--------||--------|--------||--------|--------||--------|--------|  set
cpu-bind=MASK - n2lcn0151, task 114  2 [4102569]: mask |--------|--------||BBBBBBBB|--------||--------|--------||--------|--------||||--------|--------||--------|--------||--------|--------||--------|--------|  set
cpu-bind=MASK - n2lcn0151, task 115  3 [4102570]: mask |--------|--------||--------|BBBBBBBB||--------|--------||--------|--------||||--------|--------||--------|--------||--------|--------||--------|--------|  set
cpu-bind=MASK - n2lcn0151, task 116  4 [4102571]: mask |--------|--------||--------|--------||BBBBBBBB|--------||--------|--------||||--------|--------||--------|--------||--------|--------||--------|--------|  set
cpu-bind=MASK - n2lcn0151, task 117  5 [4102572]: mask |--------|--------||--------|--------||--------|BBBBBBBB||--------|--------||||--------|--------||--------|--------||--------|--------||--------|--------|  set
cpu-bind=MASK - n2lcn0151, task 118  6 [4102573]: mask |--------|--------||--------|--------||--------|--------||BBBBBBBB|--------||||--------|--------||--------|--------||--------|--------||--------|--------|  set
cpu-bind=MASK - n2lcn0151, task 119  7 [4102574]: mask |--------|--------||--------|--------||--------|--------||--------|BBBBBBBB||||--------|--------||--------|--------||--------|--------||--------|--------|  set
cpu-bind=MASK - n2lcn0151, task 120  8 [4102575]: mask |--------|--------||--------|--------||--------|--------||--------|--------||||BBBBBBBB|--------||--------|--------||--------|--------||--------|--------|  set
cpu-bind=MASK - n2lcn0151, task 121  9 [4102576]: mask |--------|--------||--------|--------||--------|--------||--------|--------||||--------|BBBBBBBB||--------|--------||--------|--------||--------|--------|  set
cpu-bind=MASK - n2lcn0151, task 122 10 [4102577]: mask |--------|--------||--------|--------||--------|--------||--------|--------||||--------|--------||BBBBBBBB|--------||--------|--------||--------|--------|  set
cpu-bind=MASK - n2lcn0151, task 123 11 [4102578]: mask |--------|--------||--------|--------||--------|--------||--------|--------||||--------|--------||--------|BBBBBBBB||--------|--------||--------|--------|  set
cpu-bind=MASK - n2lcn0151, task 124 12 [4102579]: mask |--------|--------||--------|--------||--------|--------||--------|--------||||--------|--------||--------|--------||BBBBBBBB|--------||--------|--------|  set
cpu-bind=MASK - n2lcn0151, task 125 13 [4102580]: mask |--------|--------||--------|--------||--------|--------||--------|--------||||--------|--------||--------|--------||--------|BBBBBBBB||--------|--------|  set
cpu-bind=MASK - n2lcn0151, task 126 14 [4102581]: mask |--------|--------||--------|--------||--------|--------||--------|--------||||--------|--------||--------|--------||--------|--------||BBBBBBBB|--------|  set
cpu-bind=MASK - n2lcn0151, task 127 15 [4102582]: mask |--------|--------||--------|--------||--------|--------||--------|--------||||--------|--------||--------|--------||--------|--------||--------|BBBBBBBB|  set
