Energy-E_F (eV)    DOS (1/eV)    PDOS (1/eV)  of atom type W  Se 
     -5.43983      3.43239      1.04157      2.39082
     -5.42983      2.64048      0.80356      1.83692
     -5.41983      2.25829      0.67941      1.57887
     -5.40983      2.34012      0.71096      1.62916
     -5.39983      2.81627      0.80692      2.00935
     -5.38983      2.77611      0.77466      2.00145
     -5.37983      2.38522      0.71076      1.67446
     -5.36983      2.66688      0.82660      1.84028
     -5.35983      2.68137      0.82100      1.86036
     -5.34983      1.68906      0.51068      1.17838
     -5.33983      1.26002      0.37285      0.88718
     -5.32983      1.91399      0.52969      1.38429
     -5.31983      2.30856      0.62429      1.68427
     -5.30983      1.76583      0.50509      1.26075
     -5.29983      1.07467      0.32041      0.75426
     -5.28983      0.99594      0.27574      0.72019
     -5.27983      1.13601      0.29458      0.84143
     -5.26983      0.80069      0.20817      0.59252
     -5.25983      0.59602      0.15988      0.43614
     -5.24983      1.14610      0.29376      0.85235
     -5.23983      1.73403      0.42159      1.31243
     -5.22983      1.43477      0.35315      1.08162
     -5.21983      0.84032      0.23544      0.60489
     -5.20983      0.81155      0.24673      0.56482
     -5.19983      1.12277      0.31666      0.80612
     -5.18983      1.15215      0.29955      0.85260
     -5.17983      0.76841      0.19947      0.56894
     -5.16983      0.38301      0.10388      0.27913
     -5.15983      0.45948      0.11704      0.34244
     -5.14983      1.08136      0.25868      0.82267
     -5.13983      1.51637      0.35950      1.15687
     -5.12983      1.13801      0.28789      0.85011
     -5.11983      0.70401      0.19993      0.50409
     -5.10983      0.60502      0.17608      0.42893
     -5.09983      0.59702      0.15871      0.43831
     -5.08983      0.74987      0.18195      0.56792
     -5.07983      0.73764      0.18618      0.55146
     -5.06983      0.45652      0.12503      0.33149
     -5.05983      0.32375      0.09105      0.23270
     -5.04983      0.79001      0.21151      0.57850
     -5.03983      1.56695      0.40020      1.16675
     -5.02983      1.66507      0.41963      1.24544
     -5.01983      1.07727      0.29155      0.78572
     -5.00983      0.61185      0.18470      0.42714
     -4.99983      0.33982      0.10342      0.23640
     -4.98983      0.39026      0.10070      0.28957
     -4.97983      0.75961      0.18719      0.57242
     -4.96983      0.78988      0.20009      0.58979
     -4.95983      0.51845      0.14164      0.37681
     -4.94983      0.28236      0.08046      0.20190
     -4.93983      0.46888      0.12379      0.34510
     -4.92983      1.79866      0.45990      1.33875
     -4.91983      4.05671      1.02522      3.03149
     -4.90983      5.25657      1.33206      3.92450
     -4.89983      4.53795      1.16239      3.37556
     -4.88983      3.60477      0.93087      2.67390
     -4.87983      2.79317      0.72500      2.06817
     -4.86983      2.20168      0.56321      1.63847
     -4.85983      2.69994      0.67812      2.02183
     -4.84983      3.10343      0.78662      2.31681
     -4.83983      2.72455      0.71314      2.01141
     -4.82983      2.44268      0.65974      1.78294
     -4.81983      2.33994      0.64847      1.69147
     -4.80983      2.76213      0.77174      1.99039
     -4.79983      3.84673      1.03354      2.81319
     -4.78983      3.96715      1.03219      2.93496
     -4.77983      2.58284      0.65931      1.92352
     -4.76983      1.52584      0.38764      1.13820
     -4.75983      1.59374      0.42703      1.16671
     -4.74983      2.08528      0.56295      1.52234
     -4.73983      2.25265      0.58396      1.66869
     -4.72983      2.59694      0.65756      1.93938
     -4.71983      2.92025      0.75058      2.16967
     -4.70983      2.90770      0.78720      2.12049
     -4.69983      2.74407      0.76285      1.98122
     -4.68983      2.19439      0.59832      1.59608
     -4.67983      2.17711      0.59589      1.58121
     -4.66983      3.33414      0.91789      2.41625
     -4.65983      4.30966      1.18814      3.12152
     -4.64983      3.45677      0.95663      2.50014
     -4.63983      2.03251      0.56413      1.46837
     -4.62983      1.62439      0.46785      1.15654
     -4.61983      2.17711      0.63342      1.54369
     -4.60983      3.46478      0.95596      2.50883
     -4.59983      4.83335      1.32826      3.50510
     -4.58983      4.75630      1.39144      3.36486
     -4.57983      3.66968      1.14361      2.52607
     -4.56983      3.37457      1.05754      2.31703
     -4.55983      4.08168      1.25595      2.82574
     -4.54983      4.85049      1.50432      3.34617
     -4.53983      5.42702      1.70361      3.72341
     -4.52983      5.85230      1.81076      4.04154
     -4.51983      5.98161      1.81425      4.16736
     -4.50983      5.43349      1.63121      3.80228
     -4.49983      4.34002      1.31388      3.02614
     -4.48983      3.37033      1.04735      2.32299
     -4.47983      3.25778      1.02990      2.22789
     -4.46983      3.76231      1.18354      2.57876
     -4.45983      4.18860      1.29747      2.89113
     -4.44983      4.59847      1.40634      3.19213
     -4.43983      5.17075      1.56805      3.60270
     -4.42983      5.58849      1.69146      3.89703
     -4.41983      5.23248      1.59302      3.63947
     -4.40983      4.09899      1.24436      2.85463
     -4.39983      3.00743      0.89528      2.11215
     -4.38983      2.20518      0.63567      1.56951
     -4.37983      1.56083      0.44059      1.12023
     -4.36983      1.08543      0.32606      0.75937
     -4.35983      0.87007      0.31585      0.55422
     -4.34983      0.76055      0.30272      0.45783
     -4.33983      0.78213      0.29342      0.48871
     -4.32983      1.11645      0.40309      0.71336
     -4.31983      1.20019      0.42870      0.77149
     -4.30983      1.13549      0.39265      0.74285
     -4.29983      0.92637      0.30435      0.62202
     -4.28983      0.39727      0.12435      0.27292
     -4.27983      0.08469      0.02630      0.05840
     -4.26983      0.15206      0.05314      0.09892
     -4.25983      0.63380      0.21740      0.41640
     -4.24983      1.29944      0.43335      0.86610
     -4.23983      1.56296      0.51111      1.05185
     -4.22983      1.18101      0.37836      0.80265
     -4.21983      0.50892      0.15713      0.35178
     -4.20983      0.12229      0.03707      0.08522
     -4.19983      0.13809      0.04921      0.08888
     -4.18983      0.56936      0.20515      0.36421
     -4.17983      1.28724      0.44499      0.84225
     -4.16983      1.97622      0.62071      1.35551
     -4.15983      2.27512      0.65742      1.61770
     -4.14983      1.74107      0.47688      1.26419
     -4.13983      1.09219      0.27709      0.81510
     -4.12983      0.85964      0.24291      0.61674
     -4.11983      0.97468      0.31712      0.65756
     -4.10983      1.46804      0.42659      1.04145
     -4.09983      1.99573      0.50840      1.48733
     -4.08983      1.99934      0.49160      1.50774
     -4.07983      1.56214      0.42805      1.13409
     -4.06983      1.22679      0.38391      0.84288
     -4.05983      0.87925      0.27492      0.60434
     -4.04983      0.67548      0.22437      0.45111
     -4.03983      0.79955      0.29485      0.50470
     -4.02983      1.01121      0.35920      0.65200
     -4.01983      1.35365      0.43444      0.91920
     -4.00983      1.23569      0.38024      0.85545
     -3.99983      0.72200      0.21986      0.50215
     -3.98983      0.84286      0.24572      0.59714
     -3.97983      1.41253      0.43473      0.97781
     -3.96983      1.41364      0.44818      0.96546
     -3.95983      1.05897      0.32372      0.73525
     -3.94983      0.71686      0.19892      0.51794
     -3.93983      0.46317      0.10891      0.35426
     -3.92983      0.28469      0.07086      0.21383
     -3.91983      0.44177      0.16144      0.28032
     -3.90983      1.16686      0.42230      0.74456
     -3.89983      1.78202      0.56252      1.21950
     -3.88983      1.66954      0.43093      1.23861
     -3.87983      1.34455      0.32402      1.02054
     -3.86983      1.45871      0.37146      1.08725
     -3.85983      2.10156      0.52213      1.57944
     -3.84983      3.29932      0.82584      2.47348
     -3.83983      4.48971      1.15324      3.33647
     -3.82983      4.85617      1.20965      3.64652
     -3.81983      4.68547      1.03270      3.65276
     -3.80983      5.18810      0.97478      4.21332
     -3.79983      5.87979      1.08166      4.79813
     -3.78983      5.28167      1.11869      4.16298
     -3.77983      4.19501      1.04031      3.15469
     -3.76983      2.99542      0.76179      2.23363
     -3.75983      2.36834      0.62485      1.74349
     -3.74983      3.16977      0.92607      2.24370
     -3.73983      4.08375      1.21103      2.87272
     -3.72983      3.96199      1.17142      2.79057
     -3.71983      3.45142      1.03837      2.41305
     -3.70983      3.16341      0.96334      2.20008
     -3.69983      2.67673      0.80502      1.87170
     -3.68983      2.34899      0.71117      1.63782
     -3.67983      2.49896      0.76174      1.73721
     -3.66983      2.49676      0.78390      1.71286
     -3.65983      2.16542      0.69616      1.46926
     -3.64983      1.63085      0.51545      1.11540
     -3.63983      1.59139      0.53217      1.05922
     -3.62983      2.50623      0.89275      1.61348
     -3.61983      2.88992      1.04426      1.84566
     -3.60983      2.70129      0.95992      1.74137
     -3.59983      3.04433      1.07184      1.97249
     -3.58983      2.88602      1.01535      1.87068
     -3.57983      2.07339      0.68734      1.38605
     -3.56983      2.17927      0.64272      1.53654
     -3.55983      3.00236      0.91038      2.09198
     -3.54983      3.29774      1.06019      2.23755
     -3.53983      2.65539      0.86228      1.79311
     -3.52983      1.62786      0.51026      1.11759
     -3.51983      0.94600      0.29676      0.64924
     -3.50983      1.20346      0.43159      0.77187
     -3.49983      2.85531      1.04926      1.80605
     -3.48983      3.94223      1.43819      2.50405
     -3.47983      3.16745      1.16434      2.00310
     -3.46983      2.33267      0.90335      1.42932
     -3.45983      2.11877      0.85063      1.26813
     -3.44983      2.45420      0.95083      1.50336
     -3.43983      2.81558      1.06456      1.75102
     -3.42983      2.18735      0.82503      1.36232
     -3.41983      1.45009      0.53898      0.91111
     -3.40983      1.49746      0.53202      0.96544
     -3.39983      2.41984      0.84556      1.57428
     -3.38983      3.13826      1.09270      2.04556
     -3.37983      2.94276      1.02405      1.91871
     -3.36983      2.55003      0.92131      1.62872
     -3.35983      2.42061      0.91954      1.50107
     -3.34983      2.33994      0.93041      1.40952
     -3.33983      2.03615      0.83423      1.20192
     -3.32983      2.03988      0.78202      1.25786
     -3.31983      2.50003      0.92795      1.57208
     -3.30983      2.84152      1.08493      1.75658
     -3.29983      2.86636      1.14217      1.72419
     -3.28983      2.80551      1.16713      1.63839
     -3.27983      2.75213      1.15349      1.59863
     -3.26983      2.62195      1.08289      1.53905
     -3.25983      2.48609      1.01654      1.46955
     -3.24983      2.52325      1.03736      1.48589
     -3.23983      2.40833      0.99433      1.41400
     -3.22983      2.40705      0.98906      1.41799
     -3.21983      2.54994      1.03262      1.51732
     -3.20983      2.48118      0.96816      1.51302
     -3.19983      2.23856      0.86502      1.37354
     -3.18983      2.53665      0.94171      1.59494
     -3.17983      2.77929      0.93151      1.84778
     -3.16983      2.46422      0.80771      1.65651
     -3.15983      2.13910      0.73436      1.40475
     -3.14983      2.05685      0.73819      1.31866
     -3.13983      2.15060      0.78698      1.36362
     -3.12983      2.36249      0.86926      1.49324
     -3.11983      2.42339      0.89334      1.53005
     -3.10983      1.98960      0.70486      1.28474
     -3.09983      1.12474      0.38509      0.73965
     -3.08983      0.65344      0.23817      0.41526
     -3.07983      1.13566      0.42020      0.71546
     -3.06983      2.01972      0.72925      1.29048
     -3.05983      2.36778      0.89694      1.47084
     -3.04983      1.80256      0.74015      1.06241
     -3.03983      1.32528      0.51730      0.80797
     -3.02983      1.62778      0.56987      1.05791
     -3.01983      1.85926      0.64232      1.21694
     -3.00983      1.65693      0.57826      1.07867
     -2.99983      1.50053      0.55537      0.94516
     -2.98983      1.29202      0.47078      0.82123
     -2.97983      1.42315      0.44322      0.97993
     -2.96983      1.72920      0.52542      1.20378
     -2.95983      1.71838      0.55910      1.15928
     -2.94983      1.64783      0.61145      1.03638
     -2.93983      1.35497      0.53896      0.81601
     -2.92983      1.36032      0.51894      0.84138
     -2.91983      2.12123      0.74214      1.37910
     -2.90983      2.40496      0.82289      1.58207
     -2.89983      1.90655      0.67342      1.23313
     -2.88983      1.55647      0.54401      1.01246
     -2.87983      1.35639      0.44343      0.91296
     -2.86983      1.09681      0.35939      0.73742
     -2.85983      0.93247      0.28548      0.64699
     -2.84983      0.92665      0.24675      0.67990
     -2.83983      1.17017      0.34162      0.82855
     -2.82983      1.39785      0.45476      0.94309
     -2.81983      1.48763      0.55248      0.93516
     -2.80983      1.21236      0.49012      0.72224
     -2.79983      0.70359      0.28822      0.41537
     -2.78983      0.85055      0.26481      0.58574
     -2.77983      1.63187      0.43867      1.19319
     -2.76983      2.05728      0.59891      1.45837
     -2.75983      2.13362      0.73469      1.39894
     -2.74983      2.26637      0.84303      1.42334
     -2.73983      2.29693      0.83896      1.45797
     -2.72983      2.47388      0.88056      1.59332
     -2.71983      2.17977      0.73920      1.44057
     -2.70983      1.55534      0.46455      1.09079
     -2.69983      1.56971      0.43231      1.13740
     -2.68983      1.59331      0.47517      1.11814
     -2.67983      1.70210      0.56533      1.13676
     -2.66983      2.14887      0.74260      1.40627
     -2.65983      2.51004      0.89443      1.61561
     -2.64983      2.06073      0.70903      1.35169
     -2.63983      1.71909      0.49457      1.22453
     -2.62983      2.27705      0.61253      1.66452
     -2.61983      2.73223      0.79893      1.93330
     -2.60983      2.76320      0.83992      1.92328
     -2.59983      3.54871      0.97067      2.57804
     -2.58983      5.64699      1.44083      4.20616
     -2.57983      7.08434      1.70137      5.38297
     -2.56983      7.11229      1.57962      5.53267
     -2.55983      6.68215      1.44748      5.23467
     -2.54983      6.05778      1.32037      4.73741
     -2.53983      5.58536      1.24011      4.34525
     -2.52983      4.48459      1.01016      3.47444
     -2.51983      3.41356      0.75745      2.65611
     -2.50983      3.43692      0.82425      2.61268
     -2.49983      4.00144      1.11629      2.88514
     -2.48983      4.28205      1.26619      3.01586
     -2.47983      3.83499      1.09230      2.74268
     -2.46983      3.13777      0.84573      2.29205
     -2.45983      2.60147      0.69399      1.90748
     -2.44983      2.87856      0.79633      2.08223
     -2.43983      4.08030      1.14182      2.93848
     -2.42983      4.55730      1.22679      3.33051
     -2.41983      3.76263      1.02638      2.73625
     -2.40983      2.84131      0.89800      1.94331
     -2.39983      2.91091      0.94738      1.96353
     -2.38983      4.03228      1.15757      2.87472
     -2.37983      4.90634      1.39758      3.50876
     -2.36983      4.67924      1.37369      3.30555
     -2.35983      3.98965      1.16331      2.82634
     -2.34983      3.63042      0.98529      2.64512
     -2.33983      3.51440      0.86327      2.65113
     -2.32983      2.97361      0.79813      2.17548
     -2.31983      2.84431      0.95996      1.88435
     -2.30983      3.28157      1.11152      2.17006
     -2.29983      3.67985      1.06590      2.61396
     -2.28983      3.30076      0.93548      2.36528
     -2.27983      2.40092      0.78650      1.61442
     -2.26983      2.03740      0.71129      1.32611
     -2.25983      2.21262      0.70614      1.50648
     -2.24983      2.77728      0.85758      1.91969
     -2.23983      3.65750      1.09194      2.56556
     -2.22983      3.92779      1.14906      2.77872
     -2.21983      3.66765      1.11988      2.54778
     -2.20983      3.32364      1.04235      2.28129
     -2.19983      3.09237      0.99781      2.09456
     -2.18983      3.28897      0.99490      2.29407
     -2.17983      3.80847      1.04010      2.76837
     -2.16983      3.96469      1.17137      2.79332
     -2.15983      3.17708      1.05806      2.11902
     -2.14983      2.46193      0.84035      1.62157
     -2.13983      2.30481      0.79630      1.50852
     -2.12983      2.50854      0.86821      1.64033
     -2.11983      3.59654      1.22469      2.37185
     -2.10983      4.63020      1.53374      3.09646
     -2.09983      4.55855      1.46675      3.09180
     -2.08983      4.22605      1.29708      2.92897
     -2.07983      3.49097      1.05516      2.43581
     -2.06983      2.51337      0.81689      1.69648
     -2.05983      2.49602      0.87597      1.62005
     -2.04983      3.14550      1.07417      2.07133
     -2.03983      3.73472      1.18949      2.54523
     -2.02983      3.84140      1.17975      2.66165
     -2.01983      3.85075      1.19497      2.65578
     -2.00983      3.65549      1.11602      2.53947
     -1.99983      3.37681      0.98859      2.38822
     -1.98983      3.29593      0.97089      2.32505
     -1.97983      3.27677      0.98550      2.29127
     -1.96983      3.18381      0.90870      2.27511
     -1.95983      3.18526      0.82252      2.36274
     -1.94983      2.92059      0.63159      2.28899
     -1.93983      2.07983      0.37539      1.70444
     -1.92983      1.27496      0.32749      0.94747
     -1.91983      1.15172      0.41835      0.73337
     -1.90983      1.58687      0.46600      1.12088
     -1.89983      1.96922      0.43465      1.53457
     -1.88983      2.22460      0.50122      1.72338
     -1.87983      2.44011      0.66760      1.77251
     -1.86983      2.33288      0.69373      1.63914
     -1.85983      2.44878      0.81694      1.63183
     -1.84983      2.72566      0.94487      1.78079
     -1.83983      2.91293      0.88318      2.02975
     -1.82983      2.90453      0.74520      2.15933
     -1.81983      2.49202      0.50681      1.98521
     -1.80983      2.12043      0.37641      1.74403
     -1.79983      1.81022      0.38591      1.42431
     -1.78983      1.53527      0.35920      1.17608
     -1.77983      1.47119      0.32843      1.14276
     -1.76983      1.78362      0.41050      1.37312
     -1.75983      2.32062      0.65316      1.66746
     -1.74983      3.01339      0.95528      2.05811
     -1.73983      2.92362      0.92236      2.00126
     -1.72983      2.08913      0.59094      1.49819
     -1.71983      1.57563      0.35532      1.22031
     -1.70983      1.71987      0.31014      1.40973
     -1.69983      2.00192      0.35282      1.64909
     -1.68983      1.98180      0.45285      1.52895
     -1.67983      2.09876      0.58259      1.51617
     -1.66983      2.40878      0.68552      1.72326
     -1.65983      2.94487      0.85707      2.08779
     -1.64983      3.01790      0.81326      2.20465
     -1.63983      2.43613      0.60717      1.82896
     -1.62983      1.83666      0.45570      1.38096
     -1.61983      1.59407      0.31261      1.28145
     -1.60983      1.78471      0.30726      1.47746
     -1.59983      1.81238      0.38478      1.42760
     -1.58983      1.59431      0.45766      1.13665
     -1.57983      1.51017      0.46979      1.04037
     -1.56983      1.39228      0.37540      1.01688
     -1.55983      1.47332      0.36019      1.11314
     -1.54983      1.96855      0.47540      1.49315
     -1.53983      2.36001      0.56972      1.79028
     -1.52983      2.18510      0.59007      1.59503
     -1.51983      1.96245      0.67098      1.29147
     -1.50983      2.02847      0.69886      1.32961
     -1.49983      1.85596      0.56259      1.29337
     -1.48983      1.56017      0.45714      1.10303
     -1.47983      1.59228      0.48844      1.10384
     -1.46983      1.80672      0.62360      1.18312
     -1.45983      1.64359      0.62214      1.02145
     -1.44983      1.34895      0.50919      0.83976
     -1.43983      1.37337      0.52333      0.85004
     -1.42983      1.48939      0.60872      0.88067
     -1.41983      1.49350      0.64540      0.84810
     -1.40983      1.27705      0.55419      0.72286
     -1.39983      1.16328      0.49996      0.66332
     -1.38983      1.21250      0.52565      0.68686
     -1.37983      1.28658      0.53433      0.75225
     -1.36983      1.31855      0.48622      0.83234
     -1.35983      1.13387      0.34605      0.78781
     -1.34983      0.73338      0.19254      0.54084
     -1.33983      0.31977      0.09151      0.22825
     -1.32983      0.25740      0.11167      0.14573
     -1.31983      0.35885      0.16755      0.19130
     -1.30983      0.33523      0.17364      0.16159
     -1.29983      0.35263      0.18618      0.16645
     -1.28983      0.48375      0.22486      0.25889
     -1.27983      0.73513      0.34792      0.38722
     -1.26983      1.05414      0.55528      0.49886
     -1.25983      1.05042      0.60154      0.44888
     -1.24983      0.94870      0.57063      0.37807
     -1.23983      0.74659      0.44262      0.30397
     -1.22983      0.43348      0.24309      0.19039
     -1.21983      0.55038      0.31738      0.23300
     -1.20983      0.79680      0.49674      0.30006
     -1.19983      0.90123      0.56330      0.33794
     -1.18983      1.04636      0.61788      0.42848
     -1.17983      0.95785      0.56819      0.38966
     -1.16983      0.86369      0.51858      0.34511
     -1.15983      1.01876      0.58934      0.42942
     -1.14983      0.80525      0.45122      0.35403
     -1.13983      0.63363      0.35437      0.27926
     -1.12983      1.05031      0.60994      0.44037
     -1.11983      1.57573      0.94984      0.62589
     -1.10983      1.94243      1.18282      0.75961
     -1.09983      1.95997      1.18758      0.77239
     -1.08983      1.63570      0.97148      0.66422
     -1.07983      1.34152      0.76455      0.57697
     -1.06983      1.24522      0.71905      0.52617
     -1.05983      1.30698      0.80240      0.50458
     -1.04983      1.37282      0.85515      0.51767
     -1.03983      1.35997      0.82237      0.53760
     -1.02983      1.16873      0.71660      0.45213
     -1.01983      0.98929      0.62900      0.36029
     -1.00983      1.60312      1.02056      0.58256
     -0.99983      2.37496      1.52216      0.85280
     -0.98983      2.35200      1.51816      0.83385
     -0.97983      2.15190      1.34905      0.80285
     -0.96983      1.81622      1.12448      0.69174
     -0.95983      1.75233      1.14524      0.60709
     -0.94983      1.87115      1.24024      0.63091
     -0.93983      1.82737      1.19349      0.63388
     -0.92983      2.20287      1.43242      0.77045
     -0.91983      2.78789      1.81239      0.97550
     -0.90983      3.07065      2.00176      1.06889
     -0.89983      3.25096      2.11518      1.13578
     -0.88983      3.20038      2.12203      1.07835
     -0.87983      3.27017      2.26791      1.00226
     -0.86983      3.93179      2.77442      1.15737
     -0.85983      4.38062      3.07815      1.30247
     -0.84983      3.94371      2.77738      1.16633
     -0.83983      3.34246      2.32875      1.01371
     -0.82983      3.53358      2.37241      1.16117
     -0.81983      3.44993      2.29245      1.15748
     -0.80983      3.23981      2.21641      1.02340
     -0.79983      3.20059      2.22107      0.97952
     -0.78983      2.54289      1.73664      0.80624
     -0.77983      2.38736      1.59844      0.78892
     -0.76983      3.00378      2.00285      1.00093
     -0.75983      3.15692      2.05602      1.10089
     -0.74983      2.74094      1.78041      0.96053
     -0.73983      2.50354      1.70787      0.79566
     -0.72983      2.41281      1.68393      0.72888
     -0.71983      2.27865      1.56484      0.71380
     -0.70983      2.44990      1.65863      0.79127
     -0.69983      2.63670      1.78010      0.85659
     -0.68983      2.29737      1.54127      0.75611
     -0.67983      2.02216      1.37218      0.64998
     -0.66983      2.11565      1.44994      0.66571
     -0.65983      2.06880      1.41416      0.65465
     -0.64983      2.08971      1.41401      0.67570
     -0.63983      2.53726      1.69980      0.83746
     -0.62983      2.72615      1.84380      0.88236
     -0.61983      2.37424      1.65824      0.71600
     -0.60983      1.93399      1.37501      0.55898
     -0.59983      1.78807      1.24091      0.54717
     -0.58983      1.74078      1.18178      0.55900
     -0.57983      1.80698      1.23414      0.57284
     -0.56983      2.29515      1.59336      0.70179
     -0.55983      2.23760      1.56254      0.67507
     -0.54983      1.81836      1.25424      0.56412
     -0.53983      1.80815      1.23484      0.57331
     -0.52983      1.91760      1.32597      0.59163
     -0.51983      2.16315      1.52055      0.64259
     -0.50983      2.62945      1.86245      0.76701
     -0.49983      2.33090      1.65406      0.67684
     -0.48983      1.65693      1.16031      0.49662
     -0.47983      1.68785      1.16711      0.52074
     -0.46983      1.88421      1.30479      0.57942
     -0.45983      2.00766      1.39128      0.61638
     -0.44983      2.40956      1.67594      0.73362
     -0.43983      2.54425      1.76881      0.77545
     -0.42983      2.16900      1.49864      0.67035
     -0.41983      1.59758      1.10034      0.49724
     -0.40983      1.05236      0.73687      0.31549
     -0.39983      0.98180      0.70954      0.27226
     -0.38983      1.18303      0.86995      0.31308
     -0.37983      1.17242      0.87675      0.29567
     -0.36983      0.85087      0.64200      0.20887
     -0.35983      0.57626      0.42692      0.14934
     -0.34983      0.56753      0.41318      0.15435
     -0.33983      0.68723      0.50410      0.18313
     -0.32983      0.67292      0.49864      0.17428
     -0.31983      0.59303      0.44334      0.14969
     -0.30983      0.56874      0.43087      0.13787
     -0.29983      0.52936      0.40287      0.12649
     -0.28983      0.54588      0.41125      0.13462
     -0.27983      0.44884      0.33706      0.11178
     -0.26983      0.42421      0.32203      0.10218
     -0.25983      0.69383      0.52929      0.16454
     -0.24983      0.94336      0.72154      0.22182
     -0.23983      0.99903      0.76622      0.23281
     -0.22983      0.66995      0.51385      0.15610
     -0.21983      0.21732      0.16660      0.05072
     -0.20983      0.11423      0.08798      0.02624
     -0.19983      0.38525      0.29702      0.08823
     -0.18983      0.63533      0.48968      0.14565
     -0.17983      0.45936      0.35483      0.10453
     -0.16983      0.30780      0.23955      0.06825
     -0.15983      0.36343      0.28277      0.08066
     -0.14983      0.40037      0.31083      0.08955
     -0.13983      0.46967      0.36501      0.10467
     -0.12983      0.67008      0.52223      0.14785
     -0.11983      0.65302      0.51082      0.14220
     -0.10983      0.43728      0.34330      0.09398
     -0.09983      0.20580      0.16173      0.04407
     -0.08983      0.17450      0.13689      0.03761
     -0.07983      0.31612      0.24832      0.06780
     -0.06983      0.40111      0.31569      0.08542
     -0.05983      0.34844      0.27455      0.07389
     -0.04983      0.36497      0.28778      0.07719
     -0.03983      0.39596      0.31254      0.08342
     -0.02983      0.38834      0.30703      0.08131
     -0.01983      0.30275      0.23958      0.06317
     -0.00983      0.20746      0.16435      0.04311
      0.00017      0.15303      0.12131      0.03172
      0.01017      0.05935      0.04705      0.01230
      0.02017      0.00888      0.00704      0.00184
      0.03017      0.00049      0.00039      0.00010
      0.04017      0.00001      0.00001      0.00000
      0.05017      0.00000      0.00000      0.00000
      0.06017      0.00000      0.00000      0.00000
      0.07017      0.00000      0.00000      0.00000
      0.08017      0.00000      0.00000      0.00000
      0.09017      0.00000      0.00000      0.00000
      0.10017      0.00000      0.00000      0.00000
      0.11017      0.00000      0.00000      0.00000
      0.12017      0.00000      0.00000      0.00000
      0.13017      0.00000      0.00000      0.00000
      0.14017      0.00000      0.00000      0.00000
      0.15017      0.00000      0.00000      0.00000
      0.16017      0.00000      0.00000      0.00000
      0.17017      0.00000      0.00000      0.00000
      0.18017      0.00000      0.00000      0.00000
      0.19017      0.00000      0.00000      0.00000
      0.20017      0.00000      0.00000      0.00000
      0.21017      0.00000      0.00000      0.00000
      0.22017      0.00000      0.00000      0.00000
      0.23017      0.00000      0.00000      0.00000
      0.24017      0.00000      0.00000      0.00000
      0.25017      0.00000      0.00000      0.00000
      0.26017      0.00000      0.00000      0.00000
      0.27017      0.00000      0.00000      0.00000
      0.28017      0.00000      0.00000      0.00000
      0.29017      0.00000      0.00000      0.00000
      0.30017      0.00000      0.00000      0.00000
      0.31017      0.00000      0.00000      0.00000
      0.32017      0.00000      0.00000      0.00000
      0.33017      0.00000      0.00000      0.00000
      0.34017      0.00000      0.00000      0.00000
      0.35017      0.00000      0.00000      0.00000
      0.36017      0.00000      0.00000      0.00000
      0.37017      0.00000      0.00000      0.00000
      0.38017      0.00000      0.00000      0.00000
      0.39017      0.00000      0.00000      0.00000
      0.40017      0.00000      0.00000      0.00000
      0.41017      0.00000      0.00000      0.00000
      0.42017      0.00000      0.00000      0.00000
      0.43017      0.00000      0.00000      0.00000
      0.44017      0.00000      0.00000      0.00000
      0.45017      0.00000      0.00000      0.00000
      0.46017      0.00000      0.00000      0.00000
      0.47017      0.00000      0.00000      0.00000
      0.48017      0.00000      0.00000      0.00000
      0.49017      0.00000      0.00000      0.00000
      0.50017      0.00000      0.00000      0.00000
      0.51017      0.00000      0.00000      0.00000
      0.52017      0.00000      0.00000      0.00000
      0.53017      0.00000      0.00000      0.00000
      0.54017      0.00000      0.00000      0.00000
      0.55017      0.00000      0.00000      0.00000
      0.56017      0.00000      0.00000      0.00000
      0.57017      0.00000      0.00000      0.00000
      0.58017      0.00000      0.00000      0.00000
      0.59017      0.00000      0.00000      0.00000
      0.60017      0.00000      0.00000      0.00000
      0.61017      0.00000      0.00000      0.00000
      0.62017      0.00000      0.00000      0.00000
      0.63017      0.00000      0.00000      0.00000
      0.64017      0.00000      0.00000      0.00000
      0.65017      0.00000      0.00000      0.00000
      0.66017      0.00000      0.00000      0.00000
      0.67017      0.00000      0.00000      0.00000
      0.68017      0.00000      0.00000      0.00000
      0.69017      0.00000      0.00000      0.00000
      0.70017      0.00000      0.00000      0.00000
      0.71017      0.00000      0.00000      0.00000
      0.72017      0.00000      0.00000      0.00000
      0.73017      0.00000      0.00000      0.00000
      0.74017      0.00000      0.00000      0.00000
      0.75017      0.00000      0.00000      0.00000
      0.76017      0.00000      0.00000      0.00000
      0.77017      0.00000      0.00000      0.00000
      0.78017      0.00000      0.00000      0.00000
      0.79017      0.00000      0.00000      0.00000
      0.80017      0.00000      0.00000      0.00000
      0.81017      0.00000      0.00000      0.00000
      0.82017      0.00000      0.00000      0.00000
      0.83017      0.00000      0.00000      0.00000
      0.84017      0.00000      0.00000      0.00000
      0.85017      0.00000      0.00000      0.00000
      0.86017      0.00000      0.00000      0.00000
      0.87017      0.00000      0.00000      0.00000
      0.88017      0.00000      0.00000      0.00000
      0.89017      0.00000      0.00000      0.00000
      0.90017      0.00000      0.00000      0.00000
      0.91017      0.00000      0.00000      0.00000
      0.92017      0.00000      0.00000      0.00000
      0.93017      0.00000      0.00000      0.00000
      0.94017      0.00000      0.00000      0.00000
      0.95017      0.00000      0.00000      0.00000
      0.96017      0.00000      0.00000      0.00000
      0.97017      0.00000      0.00000      0.00000
      0.98017      0.00000      0.00000      0.00000
      0.99017      0.00000      0.00000      0.00000
      1.00017      0.00000      0.00000      0.00000
      1.01017      0.00000      0.00000      0.00000
      1.02017      0.00000      0.00000      0.00000
      1.03017      0.00000      0.00000      0.00000
      1.04017      0.00000      0.00000      0.00000
      1.05017      0.00000      0.00000      0.00000
      1.06017      0.00000      0.00000      0.00000
      1.07017      0.00000      0.00000      0.00000
      1.08017      0.00000      0.00000      0.00000
      1.09017      0.00000      0.00000      0.00000
      1.10017      0.00000      0.00000      0.00000
      1.11017      0.00000      0.00000      0.00000
      1.12017      0.00000      0.00000      0.00000
      1.13017      0.00000      0.00000      0.00000
      1.14017      0.00000      0.00000      0.00000
      1.15017      0.00000      0.00000      0.00000
      1.16017      0.00000      0.00000      0.00000
      1.17017      0.00000      0.00000      0.00000
      1.18017      0.00000      0.00000      0.00000
      1.19017      0.00000      0.00000      0.00000
      1.20017      0.00000      0.00000      0.00000
      1.21017      0.00000      0.00000      0.00000
      1.22017      0.00000      0.00000      0.00000
      1.23017      0.00000      0.00000      0.00000
      1.24017      0.00000      0.00000      0.00000
      1.25017      0.00000      0.00000      0.00000
      1.26017      0.00000      0.00000      0.00000
      1.27017      0.00000      0.00000      0.00000
      1.28017      0.00000      0.00000      0.00000
      1.29017      0.00000      0.00000      0.00000
      1.30017      0.00000      0.00000      0.00000
      1.31017      0.00000      0.00000      0.00000
      1.32017      0.00000      0.00000      0.00000
      1.33017      0.00000      0.00000      0.00000
      1.34017      0.00000      0.00000      0.00000
      1.35017      0.00000      0.00000      0.00000
      1.36017      0.00000      0.00000      0.00000
      1.37017      0.00000      0.00000      0.00000
      1.38017      0.00000      0.00000      0.00000
      1.39017      0.00000      0.00000      0.00000
      1.40017      0.00000      0.00000      0.00000
      1.41017      0.00000      0.00000      0.00000
      1.42017      0.00000      0.00000      0.00000
      1.43017      0.00000      0.00000      0.00000
      1.44017      0.00000      0.00000      0.00000
      1.45017      0.00000      0.00000      0.00000
      1.46017      0.00000      0.00000      0.00000
      1.47017      0.00000      0.00000      0.00000
      1.48017      0.00000      0.00000      0.00000
      1.49017      0.00000      0.00000      0.00000
      1.50017      0.00000      0.00000      0.00000
      1.51017      0.00000      0.00000      0.00000
      1.52017      0.00000      0.00000      0.00000
      1.53017      0.00000      0.00000      0.00000
      1.54017      0.00000      0.00000      0.00000
      1.55017      0.00000      0.00000      0.00000
      1.56017      0.00000      0.00000      0.00000
      1.57017      0.00000      0.00000      0.00000
      1.58017      0.00000      0.00000      0.00000
      1.59017      0.00000      0.00000      0.00000
      1.60017      0.00000      0.00000      0.00000
      1.61017      0.00000      0.00000      0.00000
      1.62017      0.00000      0.00000      0.00000
      1.63017      0.00000      0.00000      0.00000
      1.64017      0.00000      0.00000      0.00000
      1.65017      0.00000      0.00000      0.00000
      1.66017      0.00000      0.00000      0.00000
      1.67017      0.00000      0.00000      0.00000
      1.68017      0.00000      0.00000      0.00000
      1.69017      0.00000      0.00000      0.00000
      1.70017      0.00000      0.00000      0.00000
      1.71017      0.00000      0.00000      0.00000
      1.72017      0.00000      0.00000      0.00000
      1.73017      0.00000      0.00000      0.00000
      1.74017      0.00000      0.00000      0.00000
      1.75017      0.00000      0.00000      0.00000
      1.76017      0.00000      0.00000      0.00000
      1.77017      0.00000      0.00000      0.00000
      1.78017      0.00000      0.00000      0.00000
      1.79017      0.00000      0.00000      0.00000
      1.80017      0.00000      0.00000      0.00000
      1.81017      0.00000      0.00000      0.00000
      1.82017      0.00000      0.00000      0.00000
      1.83017      0.00000      0.00000      0.00000
      1.84017      0.00000      0.00000      0.00000
      1.85017      0.00000      0.00000      0.00000
      1.86017      0.00000      0.00000      0.00000
      1.87017      0.00000      0.00000      0.00000
      1.88017      0.00000      0.00000      0.00000
      1.89017      0.00000      0.00000      0.00000
      1.90017      0.00000      0.00000      0.00000
      1.91017      0.00000      0.00000      0.00000
      1.92017      0.00000      0.00000      0.00000
      1.93017      0.00000      0.00000      0.00000
      1.94017      0.00000      0.00000      0.00000
      1.95017      0.00000      0.00000      0.00000
      1.96017      0.00000      0.00000      0.00000
      1.97017      0.00000      0.00000      0.00000
      1.98017      0.00000      0.00000      0.00000
      1.99017      0.00000      0.00000      0.00000
      2.00017      0.00000      0.00000      0.00000
      2.01017      0.00000      0.00000      0.00000
      2.02017      0.00000      0.00000      0.00000
      2.03017      0.00000      0.00000      0.00000
      2.04017      0.00000      0.00000      0.00000
      2.05017      0.00000      0.00000      0.00000
      2.06017      0.00000      0.00000      0.00000
      2.07017      0.00000      0.00000      0.00000
      2.08017      0.00000      0.00000      0.00000
      2.09017      0.00000      0.00000      0.00000
      2.10017      0.00000      0.00000      0.00000
      2.11017      0.00000      0.00000      0.00000
      2.12017      0.00000      0.00000      0.00000
      2.13017      0.00000      0.00000      0.00000
      2.14017      0.00000      0.00000      0.00000
      2.15017      0.00000      0.00000      0.00000
      2.16017      0.00000      0.00000      0.00000
      2.17017      0.00000      0.00000      0.00000
      2.18017      0.00000      0.00000      0.00000
      2.19017      0.00000      0.00000      0.00000
      2.20017      0.00000      0.00000      0.00000
      2.21017      0.00000      0.00000      0.00000
      2.22017      0.00004      0.00004      0.00000
      2.23017      0.00154      0.00138      0.00016
      2.24017      0.01954      0.01750      0.00203
      2.25017      0.09134      0.08184      0.00950
      2.26017      0.16537      0.14815      0.01722
      2.27017      0.17991      0.16104      0.01887
      2.28017      0.28018      0.25055      0.02963
      2.29017      0.33097      0.29590      0.03506
      2.30017      0.30210      0.26973      0.03238
      2.31017      0.36108      0.31596      0.04512
      2.32017      0.45074      0.34803      0.10272
      2.33017      0.89116      0.59899      0.29217
      2.34017      1.46907      0.92430      0.54477
      2.35017      1.80913      1.08269      0.72644
      2.36017      1.78266      1.04134      0.74132
      2.37017      1.66843      0.98408      0.68434
      2.38017      1.76050      1.08705      0.67345
      2.39017      1.80861      1.12948      0.67913
      2.40017      2.20254      1.35574      0.84680
      2.41017      2.67764      1.63352      1.04411
      2.42017      2.40648      1.46878      0.93771
      2.43017      1.87956      1.16825      0.71131
      2.44017      1.97108      1.24062      0.73047
      2.45017      2.05438      1.24203      0.81235
      2.46017      1.75252      1.02608      0.72644
      2.47017      1.99125      1.17484      0.81640
      2.48017      2.76388      1.64722      1.11666
      2.49017      3.00650      1.79983      1.20667
      2.50017      2.82982      1.69646      1.13336
      2.51017      2.72544      1.64765      1.07778
      2.52017      2.76992      1.66877      1.10115
      2.53017      2.72398      1.62660      1.09738
      2.54017      2.51536      1.51599      0.99936
      2.55017      2.69835      1.69890      0.99944
      2.56017      3.73991      2.29893      1.44098
      2.57017      5.19545      3.00025      2.19519
      2.58017      4.87831      2.79351      2.08480
      2.59017      3.30477      1.97749      1.32729
      2.60017      2.68781      1.64475      1.04306
      2.61017      2.91560      1.76134      1.15426
      2.62017      3.14169      1.92177      1.21992
      2.63017      3.43198      2.16213      1.26985
      2.64017      3.51529      2.29324      1.22204
      2.65017      2.86428      1.88534      0.97895
      2.66017      2.10458      1.34862      0.75596
      2.67017      2.71098      1.70368      1.00730
      2.68017      3.72294      2.32698      1.39596
      2.69017      4.08271      2.62422      1.45849
      2.70017      3.97783      2.69778      1.28005
      2.71017      3.21961      2.23994      0.97967
      2.72017      2.51235      1.73140      0.78095
      2.73017      2.45523      1.65894      0.79629
      2.74017      2.83969      1.92225      0.91744
      2.75017      3.14259      2.14628      0.99631
      2.76017      2.92086      1.98499      0.93586
      2.77017      2.27040      1.51735      0.75305
      2.78017      2.04309      1.37263      0.67046
      2.79017      2.18981      1.47899      0.71082
      2.80017      2.08033      1.41094      0.66939
      2.81017      1.94533      1.34272      0.60261
      2.82017      2.28119      1.65170      0.62949
      2.83017      2.64005      1.93007      0.70998
      2.84017      2.26540      1.51507      0.75034
      2.85017      1.44189      0.85124      0.59065
      2.86017      1.03149      0.65857      0.37292
      2.87017      1.70525      1.26949      0.43576
      2.88017      2.62986      1.99928      0.63058
      2.89017      2.42001      1.80615      0.61386
      2.90017      1.55542      1.10098      0.45444
      2.91017      1.40238      0.96411      0.43826
      2.92017      1.61399      1.18323      0.43075
      2.93017      1.99695      1.53393      0.46302
      2.94017      2.26411      1.65927      0.60484
      2.95017      1.66132      1.17775      0.48357
      2.96017      0.92346      0.69477      0.22869
      2.97017      1.05436      0.82483      0.22953
      2.98017      2.31501      1.73410      0.58092
      2.99017      3.77358      2.78712      0.98646
      3.00017      3.97758      2.95416      1.02342
      3.01017      3.56963      2.62083      0.94880
      3.02017      3.65499      2.60340      1.05159
      3.03017      4.00817      2.80940      1.19877
      3.04017      4.21616      2.94421      1.27196
      3.05017      4.76691      3.29652      1.47039
      3.06017      5.86517      4.03495      1.83022
      3.07017      7.20002      4.98424      2.21578
      3.08017      7.88626      5.46232      2.42394
      3.09017      6.61022      4.61208      1.99814
      3.10017      5.40162      3.88205      1.51957
      3.11017      5.48664      4.00524      1.48140
      3.12017      5.06528      3.71709      1.34820
      3.13017      4.64875      3.34168      1.30707
      3.14017      4.59171      3.12960      1.46212
      3.15017      3.76430      2.47048      1.29382
      3.16017      3.02614      2.06588      0.96026
      3.17017      3.11295      2.15440      0.95855
      3.18017      3.00334      2.03622      0.96712
      3.19017      3.00591      2.04399      0.96192
      3.20017      2.84900      1.98390      0.86510
      3.21017      2.74166      1.87372      0.86793
      3.22017      3.71990      2.47432      1.24557
      3.23017      5.44428      3.56002      1.88426
      3.24017      6.02412      3.80298      2.22114
      3.25017      4.65113      2.98099      1.67013
      3.26017      3.61746      2.48152      1.13594
      3.27017      3.75665      2.63353      1.12312
      3.28017      4.65539      3.26631      1.38908
      3.29017      5.94012      4.06769      1.87243
      3.30017      6.40136      4.30362      2.09774
      3.31017      5.38015      3.65216      1.72799
      3.32017      4.71926      3.25809      1.46117
      3.33017      5.13107      3.54329      1.58778
      3.34017      5.70868      3.78409      1.92459
      3.35017      6.33079      4.08180      2.24899
      3.36017      5.49906      3.68268      1.81639
      3.37017      4.13831      3.02819      1.11012
      3.38017      4.18788      3.18007      1.00781
      3.39017      4.81129      3.51305      1.29823
      3.40017      5.39062      3.72947      1.66115
      3.41017      5.71748      3.92127      1.79621
      3.42017      5.32340      3.80129      1.52210
      3.43017      4.50890      3.25439      1.25451
      3.44017      3.88149      2.61376      1.26773
      3.45017      3.64850      2.34754      1.30096
      3.46017      3.81254      2.50061      1.31193
      3.47017      4.07737      2.69621      1.38116
      3.48017      3.41092      2.26167      1.14924
      3.49017      2.53465      1.69653      0.83813
      3.50017      2.36947      1.61712      0.75235
      3.51017      2.89221      2.00010      0.89211
      3.52017      3.77500      2.57536      1.19964
      3.53017      4.47230      2.93854      1.53377
      3.54017      4.30264      2.70018      1.60246
      3.55017      3.38150      2.02742      1.35408
      3.56017      2.64879      1.53615      1.11264
      3.57017      2.42531      1.39044      1.03487
      3.58017      2.38709      1.39790      0.98919
      3.59017      2.43874      1.52573      0.91301
      3.60017      2.93044      1.82705      1.10339
      3.61017      3.68525      2.16147      1.52378
      3.62017      3.80078      2.09838      1.70240
      3.63017      3.36422      1.80376      1.56045
      3.64017      2.95738      1.59697      1.36041
      3.65017      3.20891      1.74983      1.45907
      3.66017      3.62474      2.02737      1.59737
      3.67017      3.85456      2.27985      1.57471
      3.68017      4.27616      2.52368      1.75248
      3.69017      4.57028      2.52603      2.04425
      3.70017      4.59202      2.45072      2.14131
      3.71017      4.51347      2.37577      2.13770
      3.72017      4.90439      2.54099      2.36339
      3.73017      4.82839      2.50921      2.31918
      3.74017      3.59954      1.89290      1.70665
      3.75017      2.50998      1.34055      1.16943
      3.76017      2.62192      1.42859      1.19333
      3.77017      3.54166      1.90742      1.63424
      3.78017      3.68369      1.96606      1.71763
      3.79017      2.98320      1.67154      1.31166
      3.80017      2.14579      1.26451      0.88129
      3.81017      1.81508      1.02607      0.78901
      3.82017      1.91469      1.06446      0.85023
      3.83017      2.15942      1.22167      0.93775
      3.84017      2.61845      1.51047      1.10798
      3.85017      2.94851      1.68893      1.25958
      3.86017      3.30946      1.82184      1.48762
      3.87017      3.32124      1.80548      1.51576
      3.88017      2.38391      1.28753      1.09638
      3.89017      1.82955      0.98318      0.84636
      3.90017      2.21020      1.18255      1.02765
      3.91017      2.24507      1.19291      1.05215
      3.92017      1.67590      0.91067      0.76524
      3.93017      1.38754      0.79040      0.59714
      3.94017      1.50618      0.84710      0.65909
      3.95017      1.75149      0.95093      0.80056
      3.96017      2.00999      1.07748      0.93251
      3.97017      2.05417      1.09758      0.95658
      3.98017      2.20530      1.22702      0.97828
      3.99017      2.41263      1.34800      1.06463
      4.00017      1.92937      1.03132      0.89805
      4.01017      1.29842      0.67117      0.62725
      4.02017      1.52782      0.79764      0.73018
      4.03017      2.37442      1.26289      1.11153
      4.04017      2.64323      1.41366      1.22957
      4.05017      1.97443      1.06171      0.91272
      4.06017      1.52683      0.83001      0.69682
      4.07017      1.41130      0.76703      0.64427
      4.08017      1.53143      0.81318      0.71825
      4.09017      1.87362      0.95954      0.91408
      4.10017      1.82389      0.90791      0.91598
      4.11017      1.53437      0.73908      0.79529
      4.12017      1.56256      0.75724      0.80532
      4.13017      1.32560      0.64927      0.67633
      4.14017      1.06912      0.51878      0.55034
      4.15017      1.03471      0.50096      0.53375
      4.16017      0.87122      0.42424      0.44697
      4.17017      1.13978      0.55166      0.58812
      4.18017      1.69465      0.81747      0.87719
      4.19017      1.93996      0.94110      0.99885
      4.20017      1.83645      0.90186      0.93459
      4.21017      1.56503      0.77414      0.79089
      4.22017      1.08088      0.52677      0.55411
      4.23017      0.89389      0.43059      0.46330
      4.24017      0.89483      0.43433      0.46050
      4.25017      1.02570      0.48803      0.53768
      4.26017      1.43118      0.66886      0.76232
      4.27017      1.71971      0.80981      0.90990
      4.28017      1.88897      0.90289      0.98608
      4.29017      1.85630      0.89117      0.96513
      4.30017      1.49616      0.71280      0.78336
      4.31017      1.30910      0.62080      0.68830
      4.32017      1.23522      0.59336      0.64187
      4.33017      1.20950      0.58029      0.62921
      4.34017      1.51613      0.72016      0.79597
      4.35017      2.01274      0.96178      1.05096
      4.36017      1.93839      0.93423      1.00416
      4.37017      1.33071      0.64189      0.68882
      4.38017      1.10064      0.52242      0.57821
      4.39017      1.34149      0.63205      0.70944
      4.40017      1.59841      0.75475      0.84366
      4.41017      2.10246      0.99551      1.10695
      4.42017      2.69566      1.27483      1.42082
      4.43017      2.60499      1.22969      1.37530
      4.44017      1.70354      0.80285      0.90070
      4.45017      1.09249      0.51442      0.57806
      4.46017      0.92912      0.43840      0.49071
      4.47017      0.83198      0.39631      0.43567
      4.48017      0.77235      0.37345      0.39890
      4.49017      1.07197      0.51501      0.55696
      4.50017      1.50758      0.71702      0.79055
      4.51017      1.40869      0.67020      0.73849
      4.52017      0.99742      0.48103      0.51639
      4.53017      0.85606      0.41483      0.44124
      4.54017      0.75055      0.35971      0.39084
      4.55017      0.58549      0.28312      0.30237
      4.56017      0.46967      0.22846      0.24121
      4.57017      0.82996      0.38948      0.44048
      4.58017      1.62170      0.75467      0.86702
      4.59017      1.56058      0.72875      0.83183
      4.60017      0.90237      0.42571      0.47666
      4.61017      0.52882      0.24917      0.27965
      4.62017      0.31309      0.14560      0.16749
      4.63017      0.18998      0.08794      0.10203
      4.64017      0.41669      0.19377      0.22293
      4.65017      0.88695      0.41370      0.47325
      4.66017      0.92270      0.43092      0.49178
      4.67017      0.52293      0.24379      0.27914
      4.68017      0.36682      0.17007      0.19675
      4.69017      0.25527      0.11774      0.13753
      4.70017      0.26788      0.12215      0.14573
      4.71017      0.92111      0.42610      0.49501
      4.72017      2.07597      0.97007      1.10591
      4.73017      2.29178      1.07471      1.21706
      4.74017      1.31645      0.61698      0.69947
      4.75017      0.62459      0.29178      0.33281
      4.76017      0.55511      0.25949      0.29563
      4.77017      0.76420      0.35694      0.40727
      4.78017      1.16123      0.54176      0.61947
      4.79017      1.51756      0.70999      0.80757
      4.80017      1.66204      0.77930      0.88274
      4.81017      1.42583      0.66439      0.76144
      4.82017      1.00594      0.46424      0.54170
      4.83017      1.37733      0.63847      0.73886
      4.84017      2.03592      0.95384      1.08209
      4.85017      2.30372      1.08763      1.21609
      4.86017      2.35083      1.11372      1.23711
      4.87017      2.03649      0.97195      1.06454
      4.88017      1.90889      0.91708      0.99181
      4.89017      1.96170      0.93847      1.02323
      4.90017      2.04134      0.97090      1.07044
      4.91017      2.14840      1.02152      1.12688
      4.92017      2.22335      1.05206      1.17129
      4.93017      2.55208      1.20665      1.34543
      4.94017      2.94446      1.40154      1.54293
      4.95017      3.30944      1.58073      1.72871
      4.96017      3.57071      1.71218      1.85853
      4.97017      3.32149      1.60258      1.71890
      4.98017      3.21619      1.54498      1.67121
      4.99017      3.70704      1.76478      1.94226
      5.00017      4.73771      2.25804      2.47967
      5.01017      6.27117      2.98568      3.28549
      5.02017      6.51692      3.09569      3.42124
      5.03017      5.88041      2.80038      3.08004
      5.04017      5.47529      2.63915      2.83614
      5.05017      4.74232      2.33635      2.40597
      5.06017      3.77355      1.88530      1.88825
      5.07017      3.62175      1.79708      1.82467
      5.08017      3.85992      1.89554      1.96438
      5.09017      3.69361      1.81055      1.88306
      5.10017      3.14626      1.55669      1.58957
      5.11017      2.91128      1.45016      1.46112
      5.12017      3.22057      1.60447      1.61610
      5.13017      3.44749      1.72018      1.72732
      5.14017      3.22098      1.61949      1.60149
      5.15017      2.48205      1.26503      1.21702
      5.16017      1.56311      0.80610      0.75701
      5.17017      1.10652      0.57763      0.52889
      5.18017      1.31420      0.68357      0.63063
      5.19017      1.81437      0.92687      0.88750
      5.20017      2.53252      1.30561      1.22690
      5.21017      2.79066      1.47184      1.31882
      5.22017      1.85446      0.99250      0.86196
      5.23017      0.97295      0.51022      0.46274
      5.24017      1.04419      0.50464      0.53955
      5.25017      1.26340      0.59363      0.66976
      5.26017      1.01975      0.50240      0.51735
      5.27017      0.94616      0.51659      0.42957
      5.28017      1.13990      0.64111      0.49878
      5.29017      1.30261      0.70757      0.59503
      5.30017      1.28244      0.62499      0.65745
      5.31017      1.28395      0.57682      0.70713
      5.32017      1.21758      0.56949      0.64809
      5.33017      1.15797      0.58444      0.57353
      5.34017      1.41946      0.73836      0.68110
      5.35017      1.71382      0.90157      0.81225
      5.36017      1.47490      0.77752      0.69738
      5.37017      0.74566      0.39625      0.34941
      5.38017      0.46817      0.24812      0.22005
      5.39017      0.96209      0.48088      0.48122
      5.40017      1.32741      0.62099      0.70641
      5.41017      1.20634      0.55603      0.65031
      5.42017      0.99283      0.50309      0.48974
      5.43017      0.74070      0.41616      0.32455
      5.44017      0.70266      0.41673      0.28592
      5.45017      0.71864      0.42796      0.29068
      5.46017      0.78633      0.45109      0.33524
      5.47017      0.97677      0.52428      0.45249
      5.48017      0.93701      0.47417      0.46284
      5.49017      1.00236      0.47301      0.52935
      5.50017      1.37823      0.61814      0.76009
      5.51017      1.56381      0.70240      0.86141
      5.52017      1.26728      0.58759      0.67968
      5.53017      1.14032      0.55860      0.58172
      5.54017      1.27259      0.64480      0.62779
      5.55017      1.09172      0.58048      0.51124
      5.56017      0.74250      0.41266      0.32983
      5.57017      0.61634      0.30900      0.30735
      5.58017      0.62284      0.26356      0.35928
      5.59017      0.57635      0.23888      0.33748
      5.60017      0.39308      0.18727      0.20582
      5.61017      0.15357      0.08312      0.07046
      5.62017      0.15507      0.06111      0.09396
      5.63017      0.59637      0.21080      0.38557
      5.64017      1.06047      0.36967      0.69080
      5.65017      0.85413      0.28990      0.56423
      5.66017      0.37526      0.12296      0.25230
      5.67017      0.10928      0.04036      0.06892
      5.68017      0.19325      0.10257      0.09069
      5.69017      0.64239      0.31796      0.32443
      5.70017      0.90298      0.40466      0.49832
      5.71017      0.57975      0.23341      0.34634
      5.72017      0.36574      0.13792      0.22781
      5.73017      0.38043      0.16202      0.21841
      5.74017      0.29422      0.15279      0.14143
      5.75017      0.14440      0.08110      0.06330
      5.76017      0.21330      0.07849      0.13481
      5.77017      0.64513      0.21604      0.42909
      5.78017      0.98731      0.32963      0.65768
      5.79017      0.88819      0.29592      0.59227
      5.80017      0.72294      0.24738      0.47557
      5.81017      0.84936      0.32123      0.52814
      5.82017      1.30125      0.52933      0.77192
      5.83017      1.24752      0.51294      0.73458
      5.84017      0.67681      0.26654      0.41027
      5.85017      0.30184      0.10782      0.19402
      5.86017      0.28259      0.08885      0.19374
      5.87017      0.37817      0.11896      0.25921
      5.88017      0.38802      0.13128      0.25675
      5.89017      0.32850      0.11667      0.21184
      5.90017      0.16752      0.05891      0.10860
      5.91017      0.22749      0.07249      0.15500
      5.92017      0.62458      0.20369      0.42088
      5.93017      0.96029      0.35624      0.60405
      5.94017      1.10701      0.47342      0.63359
      5.95017      1.01315      0.42560      0.58755
      5.96017      0.62434      0.24874      0.37560
      5.97017      0.40166      0.20855      0.19311
      5.98017      0.52733      0.28338      0.24395
      5.99017      0.71011      0.29021      0.41990
      6.00017      0.59714      0.20353      0.39361
      6.01017      0.30055      0.09939      0.20116
      6.02017      0.34071      0.11810      0.22261
      6.03017      0.53223      0.18588      0.34635
      6.04017      0.53941      0.20837      0.33104
      6.05017      0.35583      0.16680      0.18903
      6.06017      0.29319      0.12397      0.16922
      6.07017      0.80355      0.27550      0.52804
      6.08017      1.53383      0.53537      0.99845
      6.09017      1.54337      0.54427      0.99910
      6.10017      1.03083      0.35000      0.68083
      6.11017      0.73675      0.23856      0.49819
      6.12017      0.79301      0.25805      0.53496
      6.13017      0.65872      0.23819      0.42053
      6.14017      0.51775      0.25109      0.26666
      6.15017      0.74160      0.34485      0.39675
      6.16017      0.92928      0.34325      0.58603
      6.17017      0.71388      0.22755      0.48634
      6.18017      0.35001      0.10647      0.24354
      6.19017      0.30912      0.09960      0.20952
      6.20017      0.55024      0.17633      0.37391
      6.21017      0.58132      0.18123      0.40009
      6.22017      0.66029      0.21296      0.44733
      6.23017      1.13152      0.40570      0.72582
      6.24017      1.24742      0.51184      0.73558
      6.25017      0.90147      0.40155      0.49992
      6.26017      0.88968      0.37691      0.51277
      6.27017      1.18962      0.48028      0.70934
      6.28017      0.88519      0.33823      0.54695
      6.29017      0.43347      0.15335      0.28011
      6.30017      0.36812      0.13386      0.23426
      6.31017      0.37890      0.17423      0.20468
      6.32017      0.55371      0.28545      0.26826
      6.33017      0.76302      0.32940      0.43362
      6.34017      0.64739      0.22591      0.42147
      6.35017      0.56626      0.17543      0.39082
      6.36017      1.15589      0.35281      0.80308
      6.37017      1.63058      0.49358      1.13699
      6.38017      1.30487      0.40072      0.90415
      6.39017      1.05907      0.36880      0.69027
      6.40017      1.22681      0.49698      0.72982
      6.41017      1.43606      0.58901      0.84705
      6.42017      1.12364      0.42810      0.69553
      6.43017      0.79801      0.26969      0.52832
      6.44017      0.80196      0.25583      0.54613
      6.45017      0.68931      0.21393      0.47538
      6.46017      0.61144      0.18709      0.42436
      6.47017      0.91078      0.27473      0.63605
      6.48017      1.38381      0.43035      0.95346
      6.49017      1.54237      0.54212      1.00025
      6.50017      1.46728      0.55760      0.90968
      6.51017      1.39503      0.48551      0.90952
      6.52017      1.31397      0.41207      0.90190
      6.53017      1.19291      0.36352      0.82939
      6.54017      1.04204      0.33154      0.71050
      6.55017      0.97917      0.36716      0.61201
      6.56017      0.87186      0.40219      0.46967
      6.57017      0.74828      0.38498      0.36329
      6.58017      0.99187      0.43548      0.55640
      6.59017      1.10738      0.41146      0.69592
      6.60017      0.79760      0.31379      0.48381
      6.61017      0.72510      0.33258      0.39252
      6.62017      0.77664      0.32021      0.45643
      6.63017      0.91690      0.31347      0.60343
      6.64017      1.00715      0.32685      0.68030
      6.65017      0.84744      0.30448      0.54296
      6.66017      0.84361      0.36493      0.47869
      6.67017      0.91567      0.38230      0.53337
      6.68017      0.76325      0.27237      0.49088
      6.69017      0.53057      0.16950      0.36107
      6.70017      0.42688      0.14826      0.27862
      6.71017      0.57866      0.23700      0.34166
      6.72017      0.75219      0.33108      0.42111
      6.73017      0.85506      0.40421      0.45085
      6.74017      1.02942      0.46482      0.56460
      6.75017      0.98366      0.38117      0.60250
      6.76017      0.83324      0.28278      0.55046
      6.77017      0.60191      0.19661      0.40530
      6.78017      0.43482      0.13733      0.29749
      6.79017      0.45396      0.14250      0.31146
      6.80017      0.58245      0.20687      0.37558
      6.81017      0.80043      0.33758      0.46285
      6.82017      0.74909      0.33572      0.41337
      6.83017      0.60662      0.23467      0.37195
      6.84017      0.67629      0.22602      0.45028
      6.85017      0.58335      0.21124      0.37211
      6.86017      0.73619      0.34039      0.39581
      6.87017      1.15951      0.57231      0.58719
      6.88017      1.40139      0.64784      0.75355
      6.89017      1.34945      0.58020      0.76926
      6.90017      0.94326      0.40853      0.53473
      6.91017      0.57266      0.29095      0.28170
      6.92017      0.35483      0.19839      0.15644
      6.93017      0.33550      0.14895      0.18654
      6.94017      0.55107      0.24021      0.31086
      6.95017      0.70109      0.31810      0.38299
      6.96017      0.77796      0.30241      0.47555
      6.97017      0.79745      0.26948      0.52797
      6.98017      0.79602      0.26573      0.53029
      6.99017      0.73112      0.27135      0.45978
      7.00017      0.75518      0.33415      0.42103
      7.01017      1.13941      0.52256      0.61685
      7.02017      1.22593      0.56470      0.66122
      7.03017      1.03547      0.43061      0.60486
      7.04017      1.02250      0.36628      0.65622
      7.05017      1.06034      0.40086      0.65948
      7.06017      1.06715      0.44373      0.62342
      7.07017      0.74549      0.31017      0.43532
      7.08017      0.45103      0.16982      0.28121
      7.09017      0.49893      0.17150      0.32743
      7.10017      0.63072      0.20640      0.42431
      7.11017      0.67368      0.22072      0.45297
      7.12017      0.68173      0.27593      0.40580
      7.13017      1.16708      0.61659      0.55049
      7.14017      1.81029      1.03424      0.77605
      7.15017      1.47516      0.86285      0.61231
      7.16017      0.73650      0.40099      0.33551
      7.17017      0.86986      0.35273      0.51713
      7.18017      1.35408      0.49508      0.85900
      7.19017      1.15407      0.40339      0.75069
      7.20017      0.95148      0.34160      0.60988
      7.21017      0.94685      0.38798      0.55888
      7.22017      0.82618      0.38989      0.43629
      7.23017      0.95933      0.43700      0.52232
      7.24017      1.41000      0.57714      0.83286
      7.25017      1.90836      0.79572      1.11265
