Energy-E_F (eV)    DOS (1/eV)    PDOS (1/eV)  of atom type Mo S  
     -5.28579      3.40108      1.20546      2.19563
     -5.27579      3.69501      1.29309      2.40193
     -5.26579      4.16187      1.45548      2.70639
     -5.25579      4.00177      1.41323      2.58854
     -5.24579      4.16325      1.47927      2.68398
     -5.23579      5.79049      2.04101      3.74948
     -5.22579      7.06619      2.47906      4.58713
     -5.21579      6.49327      2.28911      4.20416
     -5.20579      5.35394      1.88888      3.46506
     -5.19579      4.75036      1.64577      3.10459
     -5.18579      4.49602      1.53639      2.95963
     -5.17579      4.37919      1.48816      2.89104
     -5.16579      4.22498      1.42472      2.80026
     -5.15579      4.24605      1.41442      2.83164
     -5.14579      4.15411      1.33936      2.81475
     -5.13579      3.23252      0.97128      2.26124
     -5.12579      2.11721      0.58672      1.53049
     -5.11579      1.62376      0.43391      1.18985
     -5.10579      1.81105      0.49728      1.31377
     -5.09579      2.21979      0.63876      1.58103
     -5.08579      2.37617      0.72577      1.65040
     -5.07579      2.64604      0.85638      1.78966
     -5.06579      2.88409      0.95268      1.93141
     -5.05579      2.32582      0.74540      1.58042
     -5.04579      1.42065      0.42218      0.99848
     -5.03579      0.92516      0.26180      0.66337
     -5.02579      0.94330      0.26837      0.67493
     -5.01579      1.15268      0.32783      0.82485
     -5.00579      1.34023      0.38904      0.95119
     -4.99579      1.26124      0.37727      0.88396
     -4.98579      1.22903      0.37951      0.84952
     -4.97579      1.51197      0.47328      1.03869
     -4.96579      1.76638      0.54371      1.22266
     -4.95579      1.40617      0.42135      0.98482
     -4.94579      0.84971      0.25321      0.59649
     -4.93579      0.75074      0.22651      0.52423
     -4.92579      1.11591      0.33255      0.78335
     -4.91579      1.33913      0.40201      0.93712
     -4.90579      1.16885      0.35823      0.81062
     -4.89579      1.15124      0.35534      0.79590
     -4.88579      1.24359      0.39145      0.85215
     -4.87579      1.43390      0.47075      0.96315
     -4.86579      1.68037      0.55526      1.12511
     -4.85579      1.24658      0.40216      0.84442
     -4.84579      0.64749      0.19608      0.45140
     -4.83579      0.53492      0.15686      0.37807
     -4.82579      0.73672      0.21997      0.51675
     -4.81579      1.03719      0.30716      0.73003
     -4.80579      0.96011      0.28061      0.67950
     -4.79579      0.55865      0.16689      0.39176
     -4.78579      0.50413      0.16217      0.34196
     -4.77579      0.85897      0.27353      0.58544
     -4.76579      0.93443      0.29502      0.63941
     -4.75579      0.80230      0.26066      0.54164
     -4.74579      0.88003      0.28017      0.59986
     -4.73579      0.94963      0.28667      0.66296
     -4.72579      0.89261      0.25944      0.63317
     -4.71579      0.71790      0.21461      0.50329
     -4.70579      0.47321      0.14964      0.32357
     -4.69579      0.48953      0.15462      0.33491
     -4.68579      0.78993      0.24667      0.54326
     -4.67579      0.90322      0.28408      0.61914
     -4.66579      0.88714      0.28851      0.59863
     -4.65579      0.88767      0.29656      0.59110
     -4.64579      1.13353      0.37240      0.76113
     -4.63579      1.23806      0.38901      0.84904
     -4.62579      0.83556      0.24917      0.58638
     -4.61579      0.39504      0.11640      0.27863
     -4.60579      0.47049      0.14767      0.32282
     -4.59579      0.68268      0.21595      0.46672
     -4.58579      0.58176      0.17782      0.40393
     -4.57579      0.40658      0.11865      0.28793
     -4.56579      0.33093      0.10009      0.23084
     -4.55579      0.47811      0.15219      0.32592
     -4.54579      0.77873      0.24833      0.53040
     -4.53579      1.13569      0.35102      0.78467
     -4.52579      1.16683      0.35560      0.81123
     -4.51579      0.82288      0.25802      0.56486
     -4.50579      0.39159      0.12650      0.26509
     -4.49579      0.17533      0.05534      0.11999
     -4.48579      0.41009      0.12524      0.28485
     -4.47579      0.75903      0.23323      0.52580
     -4.46579      0.55689      0.17271      0.38418
     -4.45579      0.27053      0.08665      0.18388
     -4.44579      0.50119      0.16376      0.33743
     -4.43579      0.92112      0.29337      0.62776
     -4.42579      1.25889      0.38750      0.87139
     -4.41579      1.32904      0.40943      0.91960
     -4.40579      0.97087      0.30576      0.66512
     -4.39579      0.55649      0.17809      0.37839
     -4.38579      0.27049      0.08582      0.18466
     -4.37579      0.39689      0.12046      0.27643
     -4.36579      0.64693      0.19462      0.45231
     -4.35579      0.62805      0.19011      0.43794
     -4.34579      0.68431      0.20765      0.47666
     -4.33579      0.90455      0.29003      0.61451
     -4.32579      1.90619      0.66601      1.24017
     -4.31579      3.93644      1.37095      2.56549
     -4.30579      5.38894      1.83815      3.55079
     -4.29579      5.55788      1.87522      3.68266
     -4.28579      5.62056      1.85883      3.76173
     -4.27579      6.48415      2.04268      4.44147
     -4.26579      7.66997      2.29967      5.37030
     -4.25579      8.23901      2.41144      5.82757
     -4.24579      7.72572      2.25551      5.47022
     -4.23579      6.73819      1.96835      4.76983
     -4.22579      6.42036      1.88306      4.53729
     -4.21579      6.33432      1.87902      4.45530
     -4.20579      6.41388      1.90681      4.50706
     -4.19579      7.64173      2.26255      5.37918
     -4.18579      8.63508      2.57066      6.06442
     -4.17579      7.66650      2.28151      5.38499
     -4.16579      6.36272      1.86143      4.50129
     -4.15579      6.08940      1.74156      4.34784
     -4.14579      6.17985      1.77866      4.40119
     -4.13579      5.79428      1.69298      4.10130
     -4.12579      5.10542      1.46814      3.63728
     -4.11579      4.62828      1.31293      3.31535
     -4.10579      4.02214      1.12803      2.89410
     -4.09579      3.56507      0.98800      2.57707
     -4.08579      3.59881      1.02648      2.57233
     -4.07579      4.08495      1.21095      2.87400
     -4.06579      4.28546      1.27584      3.00961
     -4.05579      3.69684      1.05450      2.64233
     -4.04579      3.03986      0.80419      2.23567
     -4.03579      2.85442      0.77086      2.08357
     -4.02579      2.65757      0.75809      1.89948
     -4.01579      2.45482      0.69797      1.75685
     -4.00579      2.70983      0.75945      1.95037
     -3.99579      2.41155      0.67321      1.73833
     -3.98579      1.48606      0.43698      1.04908
     -3.97579      1.09876      0.39958      0.69919
     -3.96579      1.26182      0.49585      0.76597
     -3.95579      1.60461      0.59626      1.00835
     -3.94579      1.92415      0.67768      1.24647
     -3.93579      1.92638      0.64088      1.28549
     -3.92579      1.58850      0.51357      1.07493
     -3.91579      1.12843      0.39009      0.73833
     -3.90579      0.96449      0.33622      0.62827
     -3.89579      1.13673      0.34216      0.79457
     -3.88579      1.28912      0.37931      0.90981
     -3.87579      1.41561      0.47452      0.94109
     -3.86579      1.29909      0.49840      0.80070
     -3.85579      0.90589      0.36819      0.53770
     -3.84579      0.92414      0.32367      0.60047
     -3.83579      1.48783      0.47156      1.01627
     -3.82579      1.72986      0.53327      1.19659
     -3.81579      1.52368      0.49026      1.03342
     -3.80579      1.15699      0.42687      0.73011
     -3.79579      0.71691      0.30629      0.41062
     -3.78579      0.60763      0.27922      0.32840
     -3.77579      1.01093      0.42643      0.58450
     -3.76579      1.58847      0.59160      0.99687
     -3.75579      1.58427      0.54355      1.04073
     -3.74579      1.31626      0.42174      0.89452
     -3.73579      1.29186      0.36651      0.92535
     -3.72579      1.01609      0.26026      0.75583
     -3.71579      0.84039      0.23542      0.60497
     -3.70579      1.45010      0.49205      0.95805
     -3.69579      2.07772      0.73178      1.34593
     -3.68579      1.42474      0.50901      0.91573
     -3.67579      0.66379      0.24837      0.41542
     -3.66579      0.97836      0.33326      0.64510
     -3.65579      2.09690      0.68147      1.41542
     -3.64579      2.98034      0.95062      2.02971
     -3.63579      3.28403      1.04077      2.24327
     -3.62579      3.51987      1.14899      2.37088
     -3.61579      3.46130      1.13176      2.32954
     -3.60579      3.00094      0.95089      2.05006
     -3.59579      3.19175      1.02208      2.16967
     -3.58579      4.33724      1.39348      2.94375
     -3.57579      4.66310      1.47353      3.18957
     -3.56579      3.77449      1.17370      2.60078
     -3.55579      3.22757      0.99487      2.23270
     -3.54579      3.63809      1.15087      2.48722
     -3.53579      3.94986      1.30244      2.64742
     -3.52579      3.90262      1.25778      2.64484
     -3.51579      4.56637      1.39020      3.17617
     -3.50579      5.14399      1.57672      3.56727
     -3.49579      5.29314      1.66284      3.63030
     -3.48579      5.72183      1.79158      3.93024
     -3.47579      6.09850      1.87848      4.22002
     -3.46579      6.95709      2.15826      4.79883
     -3.45579      7.29716      2.27976      5.01740
     -3.44579      5.83993      1.80606      4.03387
     -3.43579      4.81775      1.54995      3.26781
     -3.42579      4.67830      1.59800      3.08030
     -3.41579      4.42813      1.55158      2.87655
     -3.40579      4.59231      1.63686      2.95545
     -3.39579      5.12356      1.88621      3.23734
     -3.38579      5.11857      1.93635      3.18222
     -3.37579      4.84796      1.88356      2.96441
     -3.36579      4.18828      1.63587      2.55241
     -3.35579      3.70171      1.36494      2.33677
     -3.34579      3.94508      1.38877      2.55632
     -3.33579      4.16004      1.45505      2.70499
     -3.32579      3.44922      1.23490      2.21431
     -3.31579      2.58747      0.98200      1.60547
     -3.30579      2.44857      0.96215      1.48642
     -3.29579      2.54708      0.98779      1.55929
     -3.28579      2.52187      0.99501      1.52687
     -3.27579      2.42773      0.98482      1.44291
     -3.26579      2.12715      0.84358      1.28357
     -3.25579      1.74080      0.65945      1.08135
     -3.24579      1.73054      0.68329      1.04725
     -3.23579      2.16288      0.89580      1.26708
     -3.22579      2.52547      1.05702      1.46845
     -3.21579      2.42825      1.01960      1.40865
     -3.20579      2.03629      0.87850      1.15780
     -3.19579      1.94638      0.84424      1.10214
     -3.18579      1.81401      0.75109      1.06292
     -3.17579      1.40320      0.57051      0.83269
     -3.16579      1.50573      0.62715      0.87858
     -3.15579      1.89035      0.77320      1.11715
     -3.14579      1.72364      0.65535      1.06829
     -3.13579      1.65914      0.54441      1.11473
     -3.12579      1.86805      0.60427      1.26378
     -3.11579      1.82886      0.63140      1.19746
     -3.10579      2.02658      0.77746      1.24912
     -3.09579      2.57024      1.01425      1.55599
     -3.08579      2.40538      0.89777      1.50761
     -3.07579      1.72353      0.63767      1.08586
     -3.06579      1.55392      0.60775      0.94617
     -3.05579      1.49848      0.57978      0.91870
     -3.04579      1.27104      0.48470      0.78633
     -3.03579      1.29781      0.53170      0.76611
     -3.02579      1.50302      0.66019      0.84283
     -3.01579      1.75511      0.76682      0.98829
     -3.00579      1.75758      0.75434      1.00324
     -2.99579      1.22440      0.51367      0.71074
     -2.98579      1.03313      0.41529      0.61785
     -2.97579      1.64036      0.64678      0.99357
     -2.96579      2.11441      0.80375      1.31066
     -2.95579      1.89280      0.66877      1.22403
     -2.94579      1.44629      0.50852      0.93777
     -2.93579      1.29665      0.50655      0.79010
     -2.92579      1.27758      0.52074      0.75684
     -2.91579      1.19008      0.46781      0.72227
     -2.90579      1.04596      0.38672      0.65924
     -2.89579      1.20460      0.45683      0.74777
     -2.88579      1.59319      0.66772      0.92547
     -2.87579      1.94150      0.85447      1.08702
     -2.86579      2.00375      0.86516      1.13859
     -2.85579      1.61628      0.63385      0.98243
     -2.84579      1.13733      0.41229      0.72504
     -2.83579      0.69391      0.27604      0.41787
     -2.82579      0.63579      0.29161      0.34418
     -2.81579      1.01256      0.44583      0.56673
     -2.80579      1.18570      0.47665      0.70905
     -2.79579      1.30253      0.46932      0.83321
     -2.78579      1.69550      0.54055      1.15495
     -2.77579      2.01604      0.62977      1.38627
     -2.76579      1.89008      0.63722      1.25286
     -2.75579      1.64223      0.55657      1.08567
     -2.74579      1.64259      0.56289      1.07970
     -2.73579      1.81146      0.69164      1.11982
     -2.72579      2.03120      0.81568      1.21552
     -2.71579      2.02248      0.80986      1.21262
     -2.70579      1.43938      0.59108      0.84830
     -2.69579      1.20553      0.50502      0.70051
     -2.68579      1.46776      0.64378      0.82398
     -2.67579      1.43364      0.68250      0.75114
     -2.66579      0.95217      0.48134      0.47083
     -2.65579      0.89439      0.41124      0.48316
     -2.64579      1.49961      0.63790      0.86171
     -2.63579      1.93841      0.86575      1.07266
     -2.62579      1.50673      0.69682      0.80991
     -2.61579      1.19104      0.51139      0.67965
     -2.60579      1.84487      0.66108      1.18379
     -2.59579      2.49566      0.86100      1.63466
     -2.58579      2.37990      0.89274      1.48715
     -2.57579      2.32712      0.95470      1.37242
     -2.56579      2.28263      0.95452      1.32812
     -2.55579      2.06264      0.86212      1.20053
     -2.54579      2.09547      0.81909      1.27638
     -2.53579      2.03675      0.73644      1.30031
     -2.52579      1.58238      0.54365      1.03872
     -2.51579      1.61434      0.58901      1.02533
     -2.50579      2.09461      0.81680      1.27781
     -2.49579      2.03021      0.81798      1.21222
     -2.48579      1.73839      0.71288      1.02551
     -2.47579      1.94337      0.79580      1.14757
     -2.46579      2.39497      0.95758      1.43739
     -2.45579      2.52895      0.95345      1.57550
     -2.44579      2.30665      0.81197      1.49468
     -2.43579      2.48050      0.78725      1.69325
     -2.42579      3.33064      0.93868      2.39196
     -2.41579      4.07519      1.23106      2.84413
     -2.40579      4.08510      1.36929      2.71581
     -2.39579      3.37052      1.14209      2.22844
     -2.38579      2.90270      0.97964      1.92306
     -2.37579      2.84783      0.98833      1.85950
     -2.36579      2.64084      0.89519      1.74565
     -2.35579      3.11680      0.95105      2.16575
     -2.34579      4.47709      1.24829      3.22881
     -2.33579      5.40454      1.39097      4.01356
     -2.32579      5.92969      1.46069      4.46900
     -2.31579      6.33972      1.54576      4.79397
     -2.30579      6.63760      1.58493      5.05267
     -2.29579      6.44249      1.57124      4.87125
     -2.28579      5.52070      1.45822      4.06248
     -2.27579      4.15222      1.16981      2.98241
     -2.26579      4.08467      1.06935      3.01532
     -2.25579      5.41063      1.30641      4.10421
     -2.24579      5.28467      1.38897      3.89570
     -2.23579      4.42918      1.33807      3.09112
     -2.22579      4.39918      1.34497      3.05421
     -2.21579      4.34609      1.40172      2.94436
     -2.20579      4.05383      1.38509      2.66874
     -2.19579      4.08265      1.23493      2.84773
     -2.18579      4.40234      1.15290      3.24944
     -2.17579      4.37154      1.13529      3.23625
     -2.16579      4.31015      1.19630      3.11385
     -2.15579      4.37248      1.29131      3.08118
     -2.14579      3.75340      1.19688      2.55652
     -2.13579      3.15209      1.04356      2.10853
     -2.12579      3.09547      0.97178      2.12368
     -2.11579      3.87642      1.17824      2.69818
     -2.10579      5.23626      1.45946      3.77680
     -2.09579      6.03350      1.54380      4.48970
     -2.08579      5.93965      1.49657      4.44307
     -2.07579      4.98361      1.28623      3.69738
     -2.06579      3.55299      0.96497      2.58803
     -2.05579      2.18183      0.57651      1.60533
     -2.04579      1.85266      0.48870      1.36395
     -2.03579      2.83534      0.89595      1.93938
     -2.02579      3.66972      1.17281      2.49691
     -2.01579      3.09712      0.86951      2.22761
     -2.00579      2.41725      0.56407      1.85318
     -1.99579      2.33041      0.53696      1.79345
     -1.98579      2.37493      0.57856      1.79637
     -1.97579      2.60246      0.66246      1.94000
     -1.96579      3.14463      0.80425      2.34038
     -1.95579      3.79901      0.94970      2.84931
     -1.94579      3.38233      0.82515      2.55718
     -1.93579      2.42572      0.59286      1.83285
     -1.92579      2.00916      0.49707      1.51209
     -1.91579      1.80589      0.44792      1.35798
     -1.90579      2.24169      0.53370      1.70799
     -1.89579      2.94561      0.62297      2.32264
     -1.88579      3.24277      0.72010      2.52267
     -1.87579      3.13978      0.85879      2.28099
     -1.86579      2.62381      0.82236      1.80145
     -1.85579      2.30263      0.67850      1.62413
     -1.84579      2.31075      0.57784      1.73291
     -1.83579      2.32521      0.45770      1.86752
     -1.82579      2.52776      0.42934      2.09842
     -1.81579      3.00275      0.59306      2.40969
     -1.80579      2.88366      0.69321      2.19045
     -1.79579      2.14730      0.58263      1.56467
     -1.78579      1.89157      0.44529      1.44628
     -1.77579      2.39002      0.42894      1.96109
     -1.76579      3.17195      0.55590      2.61604
     -1.75579      3.41298      0.72731      2.68567
     -1.74579      2.85941      0.68308      2.17633
     -1.73579      1.87640      0.44966      1.42674
     -1.72579      1.65155      0.38887      1.26268
     -1.71579      2.04991      0.44623      1.60368
     -1.70579      2.19278      0.45168      1.74110
     -1.69579      1.91646      0.33947      1.57699
     -1.68579      2.20021      0.33454      1.86567
     -1.67579      2.57417      0.49944      2.07473
     -1.66579      2.39992      0.59161      1.80831
     -1.65579      2.14298      0.51051      1.63247
     -1.64579      2.30512      0.45817      1.84696
     -1.63579      2.74370      0.54261      2.20109
     -1.62579      3.07193      0.61877      2.45316
     -1.61579      2.81245      0.54406      2.26839
     -1.60579      2.12033      0.36884      1.75149
     -1.59579      1.73932      0.26445      1.47487
     -1.58579      1.72479      0.23626      1.48853
     -1.57579      1.84641      0.20838      1.63803
     -1.56579      2.47731      0.29529      2.18202
     -1.55579      3.19475      0.44766      2.74708
     -1.54579      2.95259      0.43806      2.51453
     -1.53579      2.25051      0.31750      1.93301
     -1.52579      2.24878      0.28067      1.96811
     -1.51579      2.73555      0.36155      2.37400
     -1.50579      3.09691      0.41486      2.68205
     -1.49579      3.63238      0.44045      3.19193
     -1.48579      3.99953      0.45686      3.54267
     -1.47579      3.47523      0.39221      3.08302
     -1.46579      2.88238      0.30728      2.57510
     -1.45579      2.64755      0.24916      2.39839
     -1.44579      2.39288      0.20989      2.18299
     -1.43579      2.73744      0.27203      2.46541
     -1.42579      2.71779      0.30638      2.41140
     -1.41579      2.14069      0.22248      1.91821
     -1.40579      2.26839      0.20634      2.06205
     -1.39579      2.85256      0.25916      2.59340
     -1.38579      2.57834      0.22304      2.35530
     -1.37579      1.80665      0.15467      1.65198
     -1.36579      1.30996      0.12734      1.18261
     -1.35579      0.83874      0.10312      0.73563
     -1.34579      0.60665      0.08835      0.51830
     -1.33579      0.62424      0.08911      0.53513
     -1.32579      0.82451      0.11144      0.71307
     -1.31579      0.83563      0.10999      0.72563
     -1.30579      0.48384      0.06252      0.42133
     -1.29579      0.23665      0.02900      0.20765
     -1.28579      0.14529      0.01711      0.12818
     -1.27579      0.04959      0.00580      0.04379
     -1.26579      0.00656      0.00077      0.00579
     -1.25579      0.00032      0.00004      0.00028
     -1.24579      0.00001      0.00000      0.00001
     -1.23579      0.00000      0.00000      0.00000
     -1.22579      0.00000      0.00000      0.00000
     -1.21579      0.00000      0.00000      0.00000
     -1.20579      0.00000      0.00000      0.00000
     -1.19579      0.00000      0.00000      0.00000
     -1.18579      0.00000      0.00000      0.00000
     -1.17579      0.00000      0.00000      0.00000
     -1.16579      0.00000      0.00000      0.00000
     -1.15579      0.00000      0.00000      0.00000
     -1.14579      0.00000      0.00000      0.00000
     -1.13579      0.00000      0.00000      0.00000
     -1.12579      0.00000      0.00000      0.00000
     -1.11579      0.00000      0.00000      0.00000
     -1.10579      0.00000      0.00000      0.00000
     -1.09579      0.00000      0.00000      0.00000
     -1.08579      0.00000      0.00000      0.00000
     -1.07579      0.00000      0.00000      0.00000
     -1.06579      0.00003      0.00002      0.00001
     -1.05579      0.00181      0.00127      0.00054
     -1.04579      0.03633      0.02558      0.01076
     -1.03579      0.28027      0.19724      0.08303
     -1.02579      0.86863      0.61070      0.25793
     -1.01579      1.28130      0.89780      0.38350
     -1.00579      1.24762      0.86822      0.37940
     -0.99579      1.04268      0.72140      0.32128
     -0.98579      1.34042      0.92508      0.41534
     -0.97579      1.96579      1.34912      0.61667
     -0.96579      1.95784      1.33206      0.62578
     -0.95579      1.68864      1.14252      0.54612
     -0.94579      1.58046      1.06576      0.51469
     -0.93579      1.50030      1.02061      0.47969
     -0.92579      1.92139      1.31698      0.60441
     -0.91579      2.65020      1.79185      0.85835
     -0.90579      2.75504      1.84110      0.91395
     -0.89579      2.42581      1.62349      0.80232
     -0.88579      2.51999      1.70873      0.81126
     -0.87579      3.45281      2.35409      1.09872
     -0.86579      4.01847      2.74541      1.27307
     -0.85579      4.28344      2.96371      1.31973
     -0.84579      4.77383      3.30986      1.46397
     -0.83579      4.87057      3.33162      1.53894
     -0.82579      4.47852      3.03465      1.44388
     -0.81579      4.01263      2.71639      1.29623
     -0.80579      3.36614      2.25745      1.10869
     -0.79579      3.22236      2.13226      1.09010
     -0.78579      3.88928      2.56889      1.32040
     -0.77579      3.64655      2.41624      1.23031
     -0.76579      2.91460      1.91895      0.99565
     -0.75579      3.09477      2.02945      1.06532
     -0.74579      3.16816      2.09022      1.07793
     -0.73579      2.38659      1.56815      0.81844
     -0.72579      1.82835      1.17967      0.64868
     -0.71579      2.25445      1.47239      0.78206
     -0.70579      3.29717      2.18281      1.11436
     -0.69579      3.84184      2.52981      1.31203
     -0.68579      2.70419      1.75247      0.95172
     -0.67579      1.74603      1.14003      0.60600
     -0.66579      1.99333      1.32918      0.66415
     -0.65579      2.49515      1.66854      0.82661
     -0.64579      2.43373      1.61598      0.81775
     -0.63579      1.88821      1.22228      0.66593
     -0.62579      1.63163      1.04461      0.58702
     -0.61579      1.61476      1.04290      0.57186
     -0.60579      2.37795      1.57368      0.80426
     -0.59579      3.64095      2.45954      1.18141
     -0.58579      3.19362      2.16066      1.03296
     -0.57579      1.83440      1.21290      0.62150
     -0.56579      1.14693      0.74293      0.40400
     -0.55579      1.24435      0.81801      0.42634
     -0.54579      2.00601      1.34150      0.66451
     -0.53579      2.48028      1.68509      0.79519
     -0.52579      2.24537      1.51740      0.72796
     -0.51579      1.80617      1.18904      0.61713
     -0.50579      1.49683      0.97766      0.51917
     -0.49579      1.37463      0.91924      0.45539
     -0.48579      1.97921      1.36288      0.61634
     -0.47579      2.85464      1.98927      0.86537
     -0.46579      2.47071      1.72844      0.74227
     -0.45579      1.39784      0.96550      0.43234
     -0.44579      1.29618      0.87274      0.42344
     -0.43579      1.71243      1.15055      0.56188
     -0.42579      1.84807      1.25120      0.59688
     -0.41579      1.83370      1.26331      0.57039
     -0.40579      1.63818      1.14846      0.48972
     -0.39579      1.40775      0.98401      0.42375
     -0.38579      1.27089      0.87554      0.39536
     -0.37579      1.41563      0.97443      0.44120
     -0.36579      1.68331      1.16698      0.51633
     -0.35579      1.77053      1.24362      0.52691
     -0.34579      1.76517      1.26251      0.50266
     -0.33579      1.79652      1.29013      0.50640
     -0.32579      1.93714      1.35798      0.57916
     -0.31579      1.72667      1.18494      0.54173
     -0.30579      0.96456      0.65933      0.30522
     -0.29579      0.87540      0.61309      0.26231
     -0.28579      1.39417      0.98222      0.41195
     -0.27579      1.65978      1.17142      0.48836
     -0.26579      1.58961      1.12482      0.46479
     -0.25579      1.27011      0.88367      0.38644
     -0.24579      1.26915      0.86511      0.40404
     -0.23579      1.41040      0.96984      0.44056
     -0.22579      1.34389      0.94546      0.39843
     -0.21579      1.49323      1.07122      0.42201
     -0.20579      1.78655      1.28298      0.50357
     -0.19579      1.67649      1.18123      0.49526
     -0.18579      1.40174      0.95678      0.44496
     -0.17579      1.08654      0.72778      0.35876
     -0.16579      1.13238      0.77297      0.35941
     -0.15579      1.48233      1.03047      0.45186
     -0.14579      1.49550      1.02947      0.46604
     -0.13579      1.23621      0.83656      0.39965
     -0.12579      1.23194      0.83467      0.39727
     -0.11579      1.28274      0.88792      0.39483
     -0.10579      1.24348      0.90294      0.34054
     -0.09579      0.95146      0.72274      0.22873
     -0.08579      0.46490      0.36246      0.10245
     -0.07579      0.22353      0.17652      0.04700
     -0.06579      0.34061      0.27004      0.07058
     -0.05579      0.46576      0.36979      0.09597
     -0.04579      0.43780      0.34825      0.08955
     -0.03579      0.46882      0.37371      0.09511
     -0.02579      0.48434      0.38678      0.09756
     -0.01579      0.38580      0.30860      0.07720
     -0.00579      0.25302      0.20274      0.05028
      0.00421      0.13345      0.10704      0.02641
      0.01421      0.03600      0.02889      0.00712
      0.02421      0.00384      0.00308      0.00076
      0.03421      0.00015      0.00012      0.00003
      0.04421      0.00000      0.00000      0.00000
      0.05421      0.00000      0.00000      0.00000
      0.06421      0.00000      0.00000      0.00000
      0.07421      0.00000      0.00000      0.00000
      0.08421      0.00000      0.00000      0.00000
      0.09421      0.00000      0.00000      0.00000
      0.10421      0.00000      0.00000      0.00000
      0.11421      0.00000      0.00000      0.00000
      0.12421      0.00000      0.00000      0.00000
      0.13421      0.00000      0.00000      0.00000
      0.14421      0.00000      0.00000      0.00000
      0.15421      0.00000      0.00000      0.00000
      0.16421      0.00000      0.00000      0.00000
      0.17421      0.00000      0.00000      0.00000
      0.18421      0.00000      0.00000      0.00000
      0.19421      0.00000      0.00000      0.00000
      0.20421      0.00000      0.00000      0.00000
      0.21421      0.00000      0.00000      0.00000
      0.22421      0.00000      0.00000      0.00000
      0.23421      0.00000      0.00000      0.00000
      0.24421      0.00000      0.00000      0.00000
      0.25421      0.00000      0.00000      0.00000
      0.26421      0.00000      0.00000      0.00000
      0.27421      0.00000      0.00000      0.00000
      0.28421      0.00000      0.00000      0.00000
      0.29421      0.00000      0.00000      0.00000
      0.30421      0.00000      0.00000      0.00000
      0.31421      0.00000      0.00000      0.00000
      0.32421      0.00000      0.00000      0.00000
      0.33421      0.00000      0.00000      0.00000
      0.34421      0.00000      0.00000      0.00000
      0.35421      0.00000      0.00000      0.00000
      0.36421      0.00000      0.00000      0.00000
      0.37421      0.00000      0.00000      0.00000
      0.38421      0.00000      0.00000      0.00000
      0.39421      0.00000      0.00000      0.00000
      0.40421      0.00000      0.00000      0.00000
      0.41421      0.00000      0.00000      0.00000
      0.42421      0.00000      0.00000      0.00000
      0.43421      0.00000      0.00000      0.00000
      0.44421      0.00000      0.00000      0.00000
      0.45421      0.00000      0.00000      0.00000
      0.46421      0.00000      0.00000      0.00000
      0.47421      0.00000      0.00000      0.00000
      0.48421      0.00000      0.00000      0.00000
      0.49421      0.00000      0.00000      0.00000
      0.50421      0.00000      0.00000      0.00000
      0.51421      0.00000      0.00000      0.00000
      0.52421      0.00000      0.00000      0.00000
      0.53421      0.00000      0.00000      0.00000
      0.54421      0.00000      0.00000      0.00000
      0.55421      0.00000      0.00000      0.00000
      0.56421      0.00000      0.00000      0.00000
      0.57421      0.00000      0.00000      0.00000
      0.58421      0.00000      0.00000      0.00000
      0.59421      0.00000      0.00000      0.00000
      0.60421      0.00000      0.00000      0.00000
      0.61421      0.00000      0.00000      0.00000
      0.62421      0.00000      0.00000      0.00000
      0.63421      0.00000      0.00000      0.00000
      0.64421      0.00000      0.00000      0.00000
      0.65421      0.00000      0.00000      0.00000
      0.66421      0.00000      0.00000      0.00000
      0.67421      0.00000      0.00000      0.00000
      0.68421      0.00000      0.00000      0.00000
      0.69421      0.00000      0.00000      0.00000
      0.70421      0.00000      0.00000      0.00000
      0.71421      0.00000      0.00000      0.00000
      0.72421      0.00000      0.00000      0.00000
      0.73421      0.00000      0.00000      0.00000
      0.74421      0.00000      0.00000      0.00000
      0.75421      0.00000      0.00000      0.00000
      0.76421      0.00000      0.00000      0.00000
      0.77421      0.00000      0.00000      0.00000
      0.78421      0.00000      0.00000      0.00000
      0.79421      0.00000      0.00000      0.00000
      0.80421      0.00000      0.00000      0.00000
      0.81421      0.00000      0.00000      0.00000
      0.82421      0.00000      0.00000      0.00000
      0.83421      0.00000      0.00000      0.00000
      0.84421      0.00000      0.00000      0.00000
      0.85421      0.00000      0.00000      0.00000
      0.86421      0.00000      0.00000      0.00000
      0.87421      0.00000      0.00000      0.00000
      0.88421      0.00000      0.00000      0.00000
      0.89421      0.00000      0.00000      0.00000
      0.90421      0.00000      0.00000      0.00000
      0.91421      0.00000      0.00000      0.00000
      0.92421      0.00000      0.00000      0.00000
      0.93421      0.00000      0.00000      0.00000
      0.94421      0.00000      0.00000      0.00000
      0.95421      0.00000      0.00000      0.00000
      0.96421      0.00000      0.00000      0.00000
      0.97421      0.00000      0.00000      0.00000
      0.98421      0.00000      0.00000      0.00000
      0.99421      0.00000      0.00000      0.00000
      1.00421      0.00000      0.00000      0.00000
      1.01421      0.00000      0.00000      0.00000
      1.02421      0.00000      0.00000      0.00000
      1.03421      0.00000      0.00000      0.00000
      1.04421      0.00000      0.00000      0.00000
      1.05421      0.00000      0.00000      0.00000
      1.06421      0.00000      0.00000      0.00000
      1.07421      0.00000      0.00000      0.00000
      1.08421      0.00000      0.00000      0.00000
      1.09421      0.00000      0.00000      0.00000
      1.10421      0.00000      0.00000      0.00000
      1.11421      0.00000      0.00000      0.00000
      1.12421      0.00000      0.00000      0.00000
      1.13421      0.00000      0.00000      0.00000
      1.14421      0.00000      0.00000      0.00000
      1.15421      0.00000      0.00000      0.00000
      1.16421      0.00000      0.00000      0.00000
      1.17421      0.00000      0.00000      0.00000
      1.18421      0.00000      0.00000      0.00000
      1.19421      0.00000      0.00000      0.00000
      1.20421      0.00000      0.00000      0.00000
      1.21421      0.00000      0.00000      0.00000
      1.22421      0.00000      0.00000      0.00000
      1.23421      0.00000      0.00000      0.00000
      1.24421      0.00000      0.00000      0.00000
      1.25421      0.00000      0.00000      0.00000
      1.26421      0.00000      0.00000      0.00000
      1.27421      0.00000      0.00000      0.00000
      1.28421      0.00000      0.00000      0.00000
      1.29421      0.00000      0.00000      0.00000
      1.30421      0.00000      0.00000      0.00000
      1.31421      0.00000      0.00000      0.00000
      1.32421      0.00000      0.00000      0.00000
      1.33421      0.00000      0.00000      0.00000
      1.34421      0.00000      0.00000      0.00000
      1.35421      0.00000      0.00000      0.00000
      1.36421      0.00000      0.00000      0.00000
      1.37421      0.00000      0.00000      0.00000
      1.38421      0.00000      0.00000      0.00000
      1.39421      0.00000      0.00000      0.00000
      1.40421      0.00000      0.00000      0.00000
      1.41421      0.00000      0.00000      0.00000
      1.42421      0.00000      0.00000      0.00000
      1.43421      0.00000      0.00000      0.00000
      1.44421      0.00000      0.00000      0.00000
      1.45421      0.00000      0.00000      0.00000
      1.46421      0.00000      0.00000      0.00000
      1.47421      0.00000      0.00000      0.00000
      1.48421      0.00000      0.00000      0.00000
      1.49421      0.00000      0.00000      0.00000
      1.50421      0.00000      0.00000      0.00000
      1.51421      0.00000      0.00000      0.00000
      1.52421      0.00000      0.00000      0.00000
      1.53421      0.00000      0.00000      0.00000
      1.54421      0.00000      0.00000      0.00000
      1.55421      0.00000      0.00000      0.00000
      1.56421      0.00000      0.00000      0.00000
      1.57421      0.00000      0.00000      0.00000
      1.58421      0.00000      0.00000      0.00000
      1.59421      0.00000      0.00000      0.00000
      1.60421      0.00000      0.00000      0.00000
      1.61421      0.00000      0.00000      0.00000
      1.62421      0.00000      0.00000      0.00000
      1.63421      0.00000      0.00000      0.00000
      1.64421      0.00000      0.00000      0.00000
      1.65421      0.00000      0.00000      0.00000
      1.66421      0.00000      0.00000      0.00000
      1.67421      0.00000      0.00000      0.00000
      1.68421      0.00000      0.00000      0.00000
      1.69421      0.00000      0.00000      0.00000
      1.70421      0.00000      0.00000      0.00000
      1.71421      0.00000      0.00000      0.00000
      1.72421      0.00000      0.00000      0.00000
      1.73421      0.00000      0.00000      0.00000
      1.74421      0.00000      0.00000      0.00000
      1.75421      0.00000      0.00000      0.00000
      1.76421      0.00000      0.00000      0.00000
      1.77421      0.00000      0.00000      0.00000
      1.78421      0.00000      0.00000      0.00000
      1.79421      0.00000      0.00000      0.00000
      1.80421      0.00000      0.00000      0.00000
      1.81421      0.00000      0.00000      0.00000
      1.82421      0.00000      0.00000      0.00000
      1.83421      0.00000      0.00000      0.00000
      1.84421      0.00000      0.00000      0.00000
      1.85421      0.00000      0.00000      0.00000
      1.86421      0.00000      0.00000      0.00000
      1.87421      0.00000      0.00000      0.00000
      1.88421      0.00000      0.00000      0.00000
      1.89421      0.00000      0.00000      0.00000
      1.90421      0.00000      0.00000      0.00000
      1.91421      0.00000      0.00000      0.00000
      1.92421      0.00000      0.00000      0.00000
      1.93421      0.00000      0.00000      0.00000
      1.94421      0.00000      0.00000      0.00000
      1.95421      0.00000      0.00000      0.00000
      1.96421      0.00000      0.00000      0.00000
      1.97421      0.00000      0.00000      0.00000
      1.98421      0.00000      0.00000      0.00000
      1.99421      0.00000      0.00000      0.00000
      2.00421      0.00000      0.00000      0.00000
      2.01421      0.00000      0.00000      0.00000
      2.02421      0.00000      0.00000      0.00000
      2.03421      0.00000      0.00000      0.00000
      2.04421      0.00000      0.00000      0.00000
      2.05421      0.00000      0.00000      0.00000
      2.06421      0.00000      0.00000      0.00000
      2.07421      0.00000      0.00000      0.00000
      2.08421      0.00000      0.00000      0.00000
      2.09421      0.00000      0.00000      0.00000
      2.10421      0.00000      0.00000      0.00000
      2.11421      0.00000      0.00000      0.00000
      2.12421      0.00000      0.00000      0.00000
      2.13421      0.00000      0.00000      0.00000
      2.14421      0.00000      0.00000      0.00000
      2.15421      0.00000      0.00000      0.00000
      2.16421      0.00000      0.00000      0.00000
      2.17421      0.00000      0.00000      0.00000
      2.18421      0.00000      0.00000      0.00000
      2.19421      0.00000      0.00000      0.00000
      2.20421      0.00000      0.00000      0.00000
      2.21421      0.00000      0.00000      0.00000
      2.22421      0.00000      0.00000      0.00000
      2.23421      0.00000      0.00000      0.00000
      2.24421      0.00000      0.00000      0.00000
      2.25421      0.00000      0.00000      0.00000
      2.26421      0.00000      0.00000      0.00000
      2.27421      0.00000      0.00000      0.00000
      2.28421      0.00000      0.00000      0.00000
      2.29421      0.00000      0.00000      0.00000
      2.30421      0.00000      0.00000      0.00000
      2.31421      0.00000      0.00000      0.00000
      2.32421      0.00000      0.00000      0.00000
      2.33421      0.00000      0.00000      0.00000
      2.34421      0.00000      0.00000      0.00000
      2.35421      0.00000      0.00000      0.00000
      2.36421      0.00000      0.00000      0.00000
      2.37421      0.00000      0.00000      0.00000
      2.38421      0.00000      0.00000      0.00000
      2.39421      0.00008      0.00007      0.00001
      2.40421      0.00240      0.00201      0.00038
      2.41421      0.02644      0.02219      0.00425
      2.42421      0.11313      0.09495      0.01817
      2.43421      0.23043      0.19339      0.03704
      2.44421      0.35141      0.29488      0.05654
      2.45421      0.45109      0.37853      0.07256
      2.46421      0.46699      0.39191      0.07508
      2.47421      0.44457      0.37294      0.07162
      2.48421      0.44642      0.37432      0.07210
      2.49421      0.37660      0.31587      0.06074
      2.50421      0.28982      0.24279      0.04703
      2.51421      0.39782      0.33243      0.06540
      2.52421      0.59612      0.49836      0.09777
      2.53421      0.68813      0.57629      0.11184
      2.54421      0.61170      0.51279      0.09891
      2.55421      0.53593      0.44853      0.08741
      2.56421      0.43787      0.36545      0.07242
      2.57421      0.37768      0.31490      0.06277
      2.58421      0.57353      0.47906      0.09448
      2.59421      0.56251      0.46971      0.09280
      2.60421      0.37060      0.29851      0.07209
      2.61421      0.72561      0.52466      0.20096
      2.62421      1.70152      1.13732      0.56419
      2.63421      2.69118      1.70598      0.98520
      2.64421      2.98820      1.84633      1.14187
      2.65421      2.64607      1.57892      1.06715
      2.66421      2.61104      1.53571      1.07533
      2.67421      3.21481      1.92225      1.29256
      2.68421      3.32042      1.94741      1.37301
      2.69421      2.91341      1.70471      1.20870
      2.70421      2.83181      1.71628      1.11553
      2.71421      2.88819      1.75921      1.12899
      2.72421      3.76741      2.28616      1.48125
      2.73421      4.43681      2.71914      1.71767
      2.74421      4.07154      2.50504      1.56650
      2.75421      3.89761      2.37873      1.51888
      2.76421      4.00776      2.44563      1.56213
      2.77421      3.98075      2.46902      1.51173
      2.78421      3.87218      2.38992      1.48226
      2.79421      4.21008      2.51040      1.69968
      2.80421      5.87254      3.53477      2.33778
      2.81421      7.08466      4.34311      2.74154
      2.82421      6.99247      4.33003      2.66244
      2.83421      6.76646      4.25541      2.51104
      2.84421      6.85683      4.36505      2.49178
      2.85421      6.61021      4.26253      2.34768
      2.86421      6.07670      4.01146      2.06523
      2.87421      5.48223      3.67833      1.80389
      2.88421      5.36286      3.66870      1.69416
      2.89421      6.07977      4.16982      1.90995
      2.90421      6.99765      4.80913      2.18852
      2.91421      7.13416      5.09592      2.03824
      2.92421      6.30629      4.80669      1.49960
      2.93421      6.08590      4.84383      1.24207
      2.94421      6.34933      5.10990      1.23943
      2.95421      6.73842      5.47463      1.26379
      2.96421      6.49438      5.21769      1.27669
      2.97421      4.25990      3.26705      0.99285
      2.98421      1.98016      1.33219      0.64797
      2.99421      1.43775      0.81174      0.62602
      3.00421      1.78099      0.98898      0.79201
      3.01421      1.91628      1.03402      0.88226
      3.02421      2.18242      1.14283      1.03960
      3.03421      2.40202      1.30845      1.09357
      3.04421      2.42442      1.41939      1.00503
      3.05421      2.70245      1.62849      1.07396
      3.06421      2.71922      1.61271      1.10651
      3.07421      2.90898      1.68732      1.22166
      3.08421      3.52421      2.06666      1.45755
      3.09421      4.20212      2.46556      1.73656
      3.10421      4.57471      2.66268      1.91203
      3.11421      5.20360      3.08435      2.11925
      3.12421      6.29106      3.80183      2.48923
      3.13421      6.39933      3.88383      2.51550
      3.14421      5.43536      3.33244      2.10292
      3.15421      4.82542      2.96665      1.85877
      3.16421      4.88796      3.00342      1.88454
      3.17421      4.47258      2.77375      1.69883
      3.18421      3.82688      2.42835      1.39853
      3.19421      3.95562      2.63295      1.32267
      3.20421      4.17745      2.89936      1.27809
      3.21421      3.83745      2.65933      1.17812
      3.22421      3.90174      2.53563      1.36611
      3.23421      4.22657      2.71734      1.50923
      3.24421      3.70703      2.57190      1.13513
      3.25421      2.82568      1.99664      0.82904
      3.26421      2.70552      1.79164      0.91388
      3.27421      3.64051      2.46756      1.17294
      3.28421      4.46322      3.05846      1.40476
      3.29421      4.95899      3.25273      1.70625
      3.30421      5.51726      3.52142      1.99584
      3.31421      5.67360      3.60406      2.06954
      3.32421      5.36474      3.36450      2.00024
      3.33421      4.88720      3.02605      1.86115
      3.34421      5.28349      3.31543      1.96805
      3.35421      6.78827      4.37155      2.41672
      3.36421      6.86230      4.48879      2.37351
      3.37421      5.53652      3.61033      1.92620
      3.38421      5.09587      3.22125      1.87461
      3.39421      5.70039      3.53652      2.16387
      3.40421      6.31528      3.99626      2.31902
      3.41421      5.53194      3.57253      1.95941
      3.42421      3.90840      2.47135      1.43704
      3.43421      3.05085      1.78930      1.26155
      3.44421      3.35135      1.87724      1.47411
      3.45421      3.53627      2.08145      1.45482
      3.46421      3.39861      2.09526      1.30335
      3.47421      3.47039      2.13297      1.33742
      3.48421      3.18825      1.92048      1.26777
      3.49421      2.71979      1.54618      1.17360
      3.50421      2.84161      1.60158      1.24003
      3.51421      3.60684      2.15782      1.44902
      3.52421      4.03538      2.41662      1.61876
      3.53421      3.41322      1.94501      1.46821
      3.54421      3.15086      1.78148      1.36938
      3.55421      3.28337      1.99547      1.28791
      3.56421      3.07473      1.93670      1.13803
      3.57421      2.62186      1.56401      1.05785
      3.58421      2.58916      1.39526      1.19389
      3.59421      2.55831      1.33706      1.22125
      3.60421      2.36325      1.29533      1.06792
      3.61421      2.32726      1.35655      0.97072
      3.62421      1.86098      1.13127      0.72971
      3.63421      1.48687      0.97646      0.51041
      3.64421      1.79414      1.19556      0.59858
      3.65421      2.23519      1.39213      0.84306
      3.66421      3.10067      1.84683      1.25384
      3.67421      3.42484      2.04233      1.38250
      3.68421      2.44072      1.46443      0.97629
      3.69421      1.67730      1.02715      0.65015
      3.70421      1.69445      1.08679      0.60765
      3.71421      2.25760      1.47913      0.77847
      3.72421      2.43612      1.53708      0.89904
      3.73421      1.69083      1.00920      0.68163
      3.74421      1.36782      0.80650      0.56132
      3.75421      2.04721      1.21369      0.83351
      3.76421      2.47582      1.44451      1.03131
      3.77421      2.36337      1.36967      0.99370
      3.78421      2.01379      1.17019      0.84360
      3.79421      1.97488      1.14811      0.82676
      3.80421      2.05312      1.14469      0.90843
      3.81421      2.49726      1.32713      1.17012
      3.82421      3.49019      1.87017      1.62001
      3.83421      4.78672      2.60711      2.17961
      3.84421      5.25000      2.88492      2.36507
      3.85421      5.09213      2.76911      2.32302
      3.86421      5.19600      2.78735      2.40865
      3.87421      3.91991      2.12019      1.79971
      3.88421      2.58684      1.38193      1.20492
      3.89421      2.75428      1.38750      1.36678
      3.90421      3.33451      1.68534      1.64917
      3.91421      3.62848      1.92093      1.70755
      3.92421      3.63472      1.95220      1.68253
      3.93421      3.16624      1.65425      1.51200
      3.94421      2.31178      1.21039      1.10139
      3.95421      1.96294      1.07007      0.89287
      3.96421      2.30472      1.26525      1.03947
      3.97421      2.81504      1.55232      1.26272
      3.98421      2.96896      1.62149      1.34747
      3.99421      2.63428      1.42010      1.21418
      4.00421      2.68517      1.44673      1.23844
      4.01421      3.14926      1.71264      1.43662
      4.02421      2.60366      1.42543      1.17822
      4.03421      1.88715      1.02377      0.86338
      4.04421      2.10972      1.10236      1.00735
      4.05421      2.53117      1.27453      1.25664
      4.06421      2.18794      1.09267      1.09527
      4.07421      1.74820      0.88628      0.86191
      4.08421      1.71462      0.86188      0.85274
      4.09421      1.75514      0.87838      0.87676
      4.10421      1.60698      0.81336      0.79362
      4.11421      1.38243      0.68790      0.69453
      4.12421      1.35005      0.65110      0.69895
      4.13421      1.49558      0.70779      0.78779
      4.14421      1.35972      0.65106      0.70866
      4.15421      1.25531      0.62555      0.62977
      4.16421      1.73976      0.87403      0.86573
      4.17421      2.33638      1.18087      1.15550
      4.18421      2.63356      1.34085      1.29271
      4.19421      1.88353      0.94839      0.93514
      4.20421      1.12892      0.52958      0.59933
      4.21421      1.46216      0.64503      0.81713
      4.22421      1.73285      0.78288      0.94997
      4.23421      1.61535      0.76918      0.84616
      4.24421      1.42782      0.69526      0.73255
      4.25421      1.22123      0.60118      0.62005
      4.26421      1.28621      0.64401      0.64220
      4.27421      1.41372      0.69855      0.71517
      4.28421      1.31065      0.63048      0.68017
      4.29421      1.33922      0.62674      0.71248
      4.30421      1.36877      0.64460      0.72417
      4.31421      1.44947      0.70243      0.74703
      4.32421      1.59910      0.79309      0.80602
      4.33421      1.68609      0.85534      0.83075
      4.34421      1.64721      0.83451      0.81270
      4.35421      1.31202      0.64220      0.66982
      4.36421      1.68847      0.78613      0.90234
      4.37421      2.55829      1.17481      1.38348
      4.38421      2.34157      1.07976      1.26182
      4.39421      1.29095      0.60563      0.68532
      4.40421      0.85927      0.42195      0.43732
      4.41421      1.01719      0.50706      0.51014
      4.42421      1.01863      0.50142      0.51721
      4.43421      1.08137      0.51875      0.56262
      4.44421      1.48347      0.70081      0.78265
      4.45421      1.87001      0.88520      0.98481
      4.46421      1.94645      0.93747      1.00898
      4.47421      1.76967      0.87453      0.89514
      4.48421      1.25940      0.63035      0.62905
      4.49421      0.83484      0.41067      0.42418
      4.50421      1.28738      0.60577      0.68161
      4.51421      2.01370      0.93209      1.08161
      4.52421      2.36489      1.10207      1.26282
      4.53421      2.53277      1.19739      1.33538
      4.54421      2.04774      0.97569      1.07204
      4.55421      1.15480      0.55554      0.59927
      4.56421      1.09313      0.52753      0.56560
      4.57421      1.59750      0.76443      0.83307
      4.58421      1.82928      0.87722      0.95206
      4.59421      1.74028      0.84281      0.89747
      4.60421      1.58509      0.76808      0.81700
      4.61421      1.72797      0.82804      0.89993
      4.62421      2.43561      1.15884      1.27677
      4.63421      2.72442      1.29070      1.43372
      4.64421      2.23330      1.06111      1.17220
      4.65421      1.82963      0.87532      0.95431
      4.66421      1.60856      0.76939      0.83917
      4.67421      1.99895      0.95427      1.04468
      4.68421      2.30257      1.09893      1.20364
      4.69421      1.45412      0.69346      0.76065
      4.70421      0.67955      0.32026      0.35928
      4.71421      0.72661      0.33589      0.39072
      4.72421      1.18526      0.54573      0.63953
      4.73421      1.44281      0.66713      0.77568
      4.74421      1.29108      0.60087      0.69021
      4.75421      1.18836      0.55493      0.63343
      4.76421      1.30102      0.60457      0.69645
      4.77421      1.34597      0.62259      0.72339
      4.78421      1.33307      0.61771      0.71536
      4.79421      1.93299      0.89989      1.03310
      4.80421      2.80645      1.30742      1.49904
      4.81421      2.72042      1.26808      1.45234
      4.82421      2.13214      0.99506      1.13708
      4.83421      2.16781      1.01404      1.15376
      4.84421      2.51692      1.17632      1.34060
      4.85421      3.48923      1.62800      1.86122
      4.86421      4.63166      2.16841      2.46325
      4.87421      5.09290      2.38700      2.70590
      4.88421      5.36846      2.51375      2.85470
      4.89421      5.37315      2.52326      2.84990
      4.90421      5.10619      2.41134      2.69486
      4.91421      4.54528      2.16436      2.38092
      4.92421      4.03990      1.93313      2.10677
      4.93421      3.42410      1.64251      1.78159
      4.94421      2.69678      1.31122      1.38556
      4.95421      2.49415      1.22951      1.26464
      4.96421      2.23662      1.10957      1.12704
      4.97421      1.97787      0.99597      0.98189
      4.98421      2.19181      1.11897      1.07285
      4.99421      2.47567      1.26460      1.21107
      5.00421      2.37123      1.21002      1.16121
      5.01421      2.09882      1.07326      1.02556
      5.02421      2.07934      1.06630      1.01304
      5.03421      2.07880      1.07062      1.00817
      5.04421      1.77022      0.92079      0.84942
      5.05421      1.55831      0.81784      0.74047
      5.06421      1.68213      0.88215      0.79998
      5.07421      1.66541      0.87104      0.79438
      5.08421      1.35456      0.71004      0.64452
      5.09421      1.50590      0.80460      0.70130
      5.10421      2.64395      1.43111      1.21284
      5.11421      2.91979      1.58259      1.33719
      5.12421      1.65849      0.89650      0.76199
      5.13421      1.01002      0.54446      0.46555
      5.14421      1.14789      0.62231      0.52558
      5.15421      1.35321      0.74262      0.61059
      5.16421      1.53398      0.85071      0.68327
      5.17421      1.36004      0.75597      0.60407
      5.18421      1.14549      0.63675      0.50873
      5.19421      1.27864      0.71368      0.56497
      5.20421      1.39098      0.78291      0.60807
      5.21421      1.61694      0.92018      0.69676
      5.22421      1.84673      1.05562      0.79111
      5.23421      1.29860      0.74246      0.55614
      5.24421      0.77302      0.44292      0.33010
      5.25421      0.94443      0.54364      0.40079
      5.26421      1.12184      0.64859      0.47325
      5.27421      1.08142      0.62887      0.45255
      5.28421      0.93273      0.54485      0.38788
      5.29421      0.82792      0.48509      0.34283
      5.30421      0.92852      0.54664      0.38188
      5.31421      1.25871      0.74426      0.51445
      5.32421      1.39109      0.82499      0.56610
      5.33421      1.00925      0.60016      0.40909
      5.34421      0.72952      0.43561      0.29391
      5.35421      0.73860      0.44231      0.29629
      5.36421      0.72437      0.43560      0.28878
      5.37421      0.87328      0.52706      0.34621
      5.38421      0.93008      0.56266      0.36742
      5.39421      0.88664      0.53812      0.34852
      5.40421      0.89183      0.54324      0.34859
      5.41421      0.84644      0.51694      0.32950
      5.42421      0.73982      0.45321      0.28661
      5.43421      0.74934      0.46052      0.28882
      5.44421      0.74920      0.46172      0.28748
      5.45421      0.76401      0.47233      0.29168
      5.46421      0.76550      0.47443      0.29107
      5.47421      0.62162      0.38606      0.23557
      5.48421      0.35368      0.21998      0.13369
      5.49421      0.11380      0.07085      0.04295
      5.50421      0.01722      0.01073      0.00649
      5.51421      0.00108      0.00068      0.00041
      5.52421      0.00003      0.00002      0.00001
      5.53421      0.00000      0.00000      0.00000
      5.54421      0.00000      0.00000      0.00000
      5.55421      0.00000      0.00000      0.00000
      5.56421      0.00000      0.00000      0.00000
      5.57421      0.00000      0.00000      0.00000
      5.58421      0.00000      0.00000      0.00000
      5.59421      0.00000      0.00000      0.00000
      5.60421      0.00000      0.00000      0.00000
      5.61421      0.00000      0.00000      0.00000
      5.62421      0.00000      0.00000      0.00000
      5.63421      0.00000      0.00000      0.00000
      5.64421      0.00000      0.00000      0.00000
      5.65421      0.00000      0.00000      0.00000
      5.66421      0.00000      0.00000      0.00000
      5.67421      0.00000      0.00000      0.00000
      5.68421      0.00000      0.00000      0.00000
      5.69421      0.00000      0.00000      0.00000
      5.70421      0.00000      0.00000      0.00000
      5.71421      0.00000      0.00000      0.00000
      5.72421      0.00000      0.00000      0.00000
      5.73421      0.00000      0.00000      0.00000
      5.74421      0.00000      0.00000      0.00000
      5.75421      0.00000      0.00000      0.00000
      5.76421      0.00000      0.00000      0.00000
      5.77421      0.00000      0.00000      0.00000
      5.78421      0.00000      0.00000      0.00000
      5.79421      0.00000      0.00000      0.00000
      5.80421      0.00000      0.00000      0.00000
      5.81421      0.00000      0.00000      0.00000
      5.82421      0.00000      0.00000      0.00000
      5.83421      0.00000      0.00000      0.00000
      5.84421      0.00000      0.00000      0.00000
      5.85421      0.00000      0.00000      0.00000
      5.86421      0.00000      0.00000      0.00000
      5.87421      0.00000      0.00000      0.00000
      5.88421      0.00000      0.00000      0.00000
      5.89421      0.00000      0.00000      0.00000
      5.90421      0.00000      0.00000      0.00000
      5.91421      0.00000      0.00000      0.00000
      5.92421      0.00000      0.00000      0.00000
      5.93421      0.00000      0.00000      0.00000
      5.94421      0.00000      0.00000      0.00000
      5.95421      0.00000      0.00000      0.00000
      5.96421      0.00000      0.00000      0.00000
      5.97421      0.00000      0.00000      0.00000
      5.98421      0.00000      0.00000      0.00000
      5.99421      0.00000      0.00000      0.00000
      6.00421      0.00000      0.00000      0.00000
      6.01421      0.00000      0.00000      0.00000
      6.02421      0.00000      0.00000      0.00000
      6.03421      0.00000      0.00000      0.00000
      6.04421      0.00000      0.00000      0.00000
      6.05421      0.00000      0.00000      0.00000
      6.06421      0.00000      0.00000      0.00000
      6.07421      0.00000      0.00000      0.00000
      6.08421      0.00000      0.00000      0.00000
      6.09421      0.00000      0.00000      0.00000
      6.10421      0.00000      0.00000      0.00000
      6.11421      0.00000      0.00000      0.00000
      6.12421      0.00000      0.00000      0.00000
      6.13421      0.00000      0.00000      0.00000
      6.14421      0.00000      0.00000      0.00000
      6.15421      0.00000      0.00000      0.00000
      6.16421      0.00000      0.00000      0.00000
      6.17421      0.00000      0.00000      0.00000
      6.18421      0.00000      0.00000      0.00000
      6.19421      0.00000      0.00000      0.00000
      6.20421      0.00000      0.00000      0.00000
      6.21421      0.00000      0.00000      0.00000
      6.22421      0.00000      0.00000      0.00000
      6.23421      0.00000      0.00000      0.00000
      6.24421      0.00000      0.00000      0.00000
      6.25421      0.00000      0.00000      0.00000
      6.26421      0.00000      0.00000      0.00000
      6.27421      0.00000      0.00000      0.00000
      6.28421      0.00000      0.00000      0.00000
      6.29421      0.00000      0.00000      0.00000
      6.30421      0.00000      0.00000      0.00000
      6.31421      0.00000      0.00000      0.00000
      6.32421      0.00000      0.00000      0.00000
      6.33421      0.00000      0.00000      0.00000
      6.34421      0.00000      0.00000      0.00000
      6.35421      0.00000      0.00000      0.00000
      6.36421      0.00000      0.00000      0.00000
      6.37421      0.00000      0.00000      0.00000
      6.38421      0.00000      0.00000      0.00000
      6.39421      0.00000      0.00000      0.00000
      6.40421      0.00000      0.00000      0.00000
      6.41421      0.00000      0.00000      0.00000
      6.42421      0.00000      0.00000      0.00000
      6.43421      0.00000      0.00000      0.00000
      6.44421      0.00000      0.00000      0.00000
      6.45421      0.00000      0.00000      0.00000
      6.46421      0.00000      0.00000      0.00000
      6.47421      0.00000      0.00000      0.00000
      6.48421      0.00000      0.00000      0.00000
      6.49421      0.00000      0.00000      0.00000
      6.50421      0.00000      0.00000      0.00000
      6.51421      0.00000      0.00000      0.00000
      6.52421      0.00000      0.00000      0.00000
      6.53421      0.00000      0.00000      0.00000
      6.54421      0.00000      0.00000      0.00000
      6.55421      0.00000      0.00000      0.00000
      6.56421      0.00000      0.00000      0.00000
      6.57421      0.00000      0.00000      0.00000
      6.58421      0.00000      0.00000      0.00000
      6.59421      0.00000      0.00000      0.00000
      6.60421      0.00000      0.00000      0.00000
      6.61421      0.00000      0.00000      0.00000
      6.62421      0.00000      0.00000      0.00000
      6.63421      0.00000      0.00000      0.00000
      6.64421      0.00000      0.00000      0.00000
      6.65421      0.00000      0.00000      0.00000
      6.66421      0.00000      0.00000      0.00000
      6.67421      0.00000      0.00000      0.00000
      6.68421      0.00000      0.00000      0.00000
      6.69421      0.00000      0.00000      0.00000
      6.70421      0.00000      0.00000      0.00000
      6.71421      0.00000      0.00000      0.00000
      6.72421      0.00000      0.00000      0.00000
      6.73421      0.00000      0.00000      0.00000
      6.74421      0.00000      0.00000      0.00000
      6.75421      0.00000      0.00000      0.00000
      6.76421      0.00000      0.00000      0.00000
      6.77421      0.00000      0.00000      0.00000
      6.78421      0.00000      0.00000      0.00000
      6.79421      0.00000      0.00000      0.00000
      6.80421      0.00000      0.00000      0.00000
      6.81421      0.00000      0.00000      0.00000
      6.82421      0.00000      0.00000      0.00000
      6.83421      0.00000      0.00000      0.00000
      6.84421      0.00000      0.00000      0.00000
      6.85421      0.00000      0.00000      0.00000
      6.86421      0.00000      0.00000      0.00000
      6.87421      0.00000      0.00000      0.00000
      6.88421      0.00000      0.00000      0.00000
      6.89421      0.00000      0.00000      0.00000
      6.90421      0.00000      0.00000      0.00000
      6.91421      0.00000      0.00000      0.00000
      6.92421      0.00000      0.00000      0.00000
      6.93421      0.00000      0.00000      0.00000
      6.94421      0.00000      0.00000      0.00000
      6.95421      0.00000      0.00000      0.00000
      6.96421      0.00000      0.00000      0.00000
      6.97421      0.00000      0.00000      0.00000
      6.98421      0.00000      0.00000      0.00000
      6.99421      0.00000      0.00000      0.00000
      7.00421      0.00000      0.00000      0.00000
      7.01421      0.00000      0.00000      0.00000
      7.02421      0.00000      0.00000      0.00000
      7.03421      0.00000      0.00000      0.00000
      7.04421      0.00000      0.00000      0.00000
      7.05421      0.00000      0.00000      0.00000
      7.06421      0.00000      0.00000      0.00000
      7.07421      0.00000      0.00000      0.00000
      7.08421      0.00000      0.00000      0.00000
      7.09421      0.00000      0.00000      0.00000
      7.10421      0.00000      0.00000      0.00000
      7.11421      0.00000      0.00000      0.00000
      7.12421      0.00000      0.00000      0.00000
      7.13421      0.00000      0.00000      0.00000
      7.14421      0.00000      0.00000      0.00000
      7.15421      0.00000      0.00000      0.00000
      7.16421      0.00000      0.00000      0.00000
      7.17421      0.00000      0.00000      0.00000
      7.18421      0.00000      0.00000      0.00000
      7.19421      0.00000      0.00000      0.00000
      7.20421      0.00000      0.00000      0.00000
      7.21421      0.00021      0.00005      0.00016
      7.22421      0.00604      0.00148      0.00456
      7.23421      0.06616      0.01623      0.04994
      7.24421      0.28916      0.07091      0.21825
      7.25421      0.54125      0.13275      0.40851
      7.26421      0.49007      0.12021      0.36985
      7.27421      0.38474      0.09436      0.29038
      7.28421      0.55034      0.13511      0.41523
      7.29421      0.53649      0.13194      0.40454
      7.30421      0.26277      0.06471      0.19806
      7.31421      0.29286      0.07198      0.22088
      7.32421      0.67154      0.16501      0.50653
      7.33421      0.86795      0.21341      0.65454
      7.34421      0.75152      0.18462      0.56690
      7.35421      0.47818      0.11739      0.36079
      7.36421      0.37321      0.09243      0.28078
      7.37421      0.52211      0.12926      0.39285
      7.38421      0.61897      0.15222      0.46674
      7.39421      0.55195      0.13588      0.41606
      7.40421      0.46059      0.11438      0.34621
      7.41421      0.39192      0.09769      0.29423
      7.42421      0.39989      0.09884      0.30105
