Energy-E_F (eV)    DOS (1/eV)    PDOS (1/eV)  of atom type Mo S  
     -5.36520      7.69056      0.00000      0.00000
     -5.35520      7.59521      0.00000      0.00000
     -5.34520      7.89256      0.00000      0.00000
     -5.33520      8.09232      0.00000      0.00000
     -5.32520      8.95730      0.00000      0.00000
     -5.31520     11.55493      0.00000      0.00000
     -5.30520     13.61998      0.00000      0.00000
     -5.29520     12.90785      0.00000      0.00000
     -5.28520     11.06469      0.00000      0.00000
     -5.27520      9.63527      0.00000      0.00000
     -5.26520      8.70053      0.00000      0.00000
     -5.25520      8.31765      0.00000      0.00000
     -5.24520      7.97680      0.00000      0.00000
     -5.23520      7.87909      0.00000      0.00000
     -5.22520      7.79421      0.00000      0.00000
     -5.21520      6.68768      0.00000      0.00000
     -5.20520      4.76816      0.00000      0.00000
     -5.19520      3.85682      0.00000      0.00000
     -5.18520      3.88779      0.00000      0.00000
     -5.17520      4.09370      0.00000      0.00000
     -5.16520      4.68075      0.00000      0.00000
     -5.15520      5.67487      0.00000      0.00000
     -5.14520      5.61429      0.00000      0.00000
     -5.13520      4.08012      0.00000      0.00000
     -5.12520      2.63674      0.00000      0.00000
     -5.11520      2.10681      0.00000      0.00000
     -5.10520      2.26812      0.00000      0.00000
     -5.09520      2.50468      0.00000      0.00000
     -5.08520      2.31630      0.00000      0.00000
     -5.07520      2.33106      0.00000      0.00000
     -5.06520      2.83956      0.00000      0.00000
     -5.05520      3.09824      0.00000      0.00000
     -5.04520      3.00889      0.00000      0.00000
     -5.03520      2.61205      0.00000      0.00000
     -5.02520      2.03718      0.00000      0.00000
     -5.01520      1.93846      0.00000      0.00000
     -5.00520      2.18738      0.00000      0.00000
     -4.99520      2.16461      0.00000      0.00000
     -4.98520      2.24679      0.00000      0.00000
     -4.97520      2.54260      0.00000      0.00000
     -4.96520      2.72373      0.00000      0.00000
     -4.95520      3.02454      0.00000      0.00000
     -4.94520      3.01928      0.00000      0.00000
     -4.93520      2.18848      0.00000      0.00000
     -4.92520      1.38966      0.00000      0.00000
     -4.91520      1.25336      0.00000      0.00000
     -4.90520      1.60275      0.00000      0.00000
     -4.89520      1.99342      0.00000      0.00000
     -4.88520      1.76338      0.00000      0.00000
     -4.87520      1.17289      0.00000      0.00000
     -4.86520      1.17724      0.00000      0.00000
     -4.85520      1.65583      0.00000      0.00000
     -4.84520      1.80202      0.00000      0.00000
     -4.83520      1.68129      0.00000      0.00000
     -4.82520      1.76052      0.00000      0.00000
     -4.81520      1.87806      0.00000      0.00000
     -4.80520      1.75658      0.00000      0.00000
     -4.79520      1.33499      0.00000      0.00000
     -4.78520      0.99021      0.00000      0.00000
     -4.77520      1.14011      0.00000      0.00000
     -4.76520      1.55633      0.00000      0.00000
     -4.75520      1.78207      0.00000      0.00000
     -4.74520      1.74859      0.00000      0.00000
     -4.73520      1.90556      0.00000      0.00000
     -4.72520      2.25363      0.00000      0.00000
     -4.71520      2.27488      0.00000      0.00000
     -4.70520      1.58879      0.00000      0.00000
     -4.69520      0.94763      0.00000      0.00000
     -4.68520      0.99885      0.00000      0.00000
     -4.67520      1.22039      0.00000      0.00000
     -4.66520      1.13843      0.00000      0.00000
     -4.65520      0.84645      0.00000      0.00000
     -4.64520      0.75483      0.00000      0.00000
     -4.63520      1.06556      0.00000      0.00000
     -4.62520      1.68631      0.00000      0.00000
     -4.61520      2.24301      0.00000      0.00000
     -4.60520      2.15531      0.00000      0.00000
     -4.59520      1.40890      0.00000      0.00000
     -4.58520      0.75385      0.00000      0.00000
     -4.57520      0.60348      0.00000      0.00000
     -4.56520      1.00889      0.00000      0.00000
     -4.55520      1.26343      0.00000      0.00000
     -4.54520      0.99340      0.00000      0.00000
     -4.53520      0.84299      0.00000      0.00000
     -4.52520      1.31105      0.00000      0.00000
     -4.51520      2.12818      0.00000      0.00000
     -4.50520      2.61571      0.00000      0.00000
     -4.49520      2.19962      0.00000      0.00000
     -4.48520      1.36035      0.00000      0.00000
     -4.47520      0.82578      0.00000      0.00000
     -4.46520      0.93303      0.00000      0.00000
     -4.45520      1.44662      0.00000      0.00000
     -4.44520      1.55907      0.00000      0.00000
     -4.43520      1.08628      0.00000      0.00000
     -4.42520      0.81581      0.00000      0.00000
     -4.41520      1.84688      0.00000      0.00000
     -4.40520      5.04229      0.00000      0.00000
     -4.39520      8.78653      0.00000      0.00000
     -4.38520     10.27535      0.00000      0.00000
     -4.37520     10.31825      0.00000      0.00000
     -4.36520     11.33509      0.00000      0.00000
     -4.35520     13.75599      0.00000      0.00000
     -4.34520     15.57288      0.00000      0.00000
     -4.33520     15.38737      0.00000      0.00000
     -4.32520     14.45818      0.00000      0.00000
     -4.31520     14.13814      0.00000      0.00000
     -4.30520     13.72620      0.00000      0.00000
     -4.29520     13.45565      0.00000      0.00000
     -4.28520     13.72067      0.00000      0.00000
     -4.27520     14.73278      0.00000      0.00000
     -4.26520     15.01840      0.00000      0.00000
     -4.25520     14.43917      0.00000      0.00000
     -4.24520     13.66458      0.00000      0.00000
     -4.23520     12.74590      0.00000      0.00000
     -4.22520     12.04417      0.00000      0.00000
     -4.21520     11.27703      0.00000      0.00000
     -4.20520     10.34359      0.00000      0.00000
     -4.19520      9.24365      0.00000      0.00000
     -4.18520      8.05648      0.00000      0.00000
     -4.17520      7.22571      0.00000      0.00000
     -4.16520      7.12367      0.00000      0.00000
     -4.15520      7.97403      0.00000      0.00000
     -4.14520      8.45545      0.00000      0.00000
     -4.13520      7.30911      0.00000      0.00000
     -4.12520      6.19244      0.00000      0.00000
     -4.11520      5.76678      0.00000      0.00000
     -4.10520      5.26689      0.00000      0.00000
     -4.09520      4.98413      0.00000      0.00000
     -4.08520      5.09129      0.00000      0.00000
     -4.07520      4.49792      0.00000      0.00000
     -4.06520      3.23550      0.00000      0.00000
     -4.05520      2.61881      0.00000      0.00000
     -4.04520      2.60283      0.00000      0.00000
     -4.03520      3.04421      0.00000      0.00000
     -4.02520      3.87531      0.00000      0.00000
     -4.01520      3.49817      0.00000      0.00000
     -4.00520      2.64236      0.00000      0.00000
     -3.99520      2.45033      0.00000      0.00000
     -3.98520      2.31546      0.00000      0.00000
     -3.97520      2.32607      0.00000      0.00000
     -3.96520      2.66357      0.00000      0.00000
     -3.95520      2.86005      0.00000      0.00000
     -3.94520      2.54397      0.00000      0.00000
     -3.93520      2.06589      0.00000      0.00000
     -3.92520      1.93461      0.00000      0.00000
     -3.91520      2.53819      0.00000      0.00000
     -3.90520      3.20312      0.00000      0.00000
     -3.89520      3.01666      0.00000      0.00000
     -3.88520      2.33838      0.00000      0.00000
     -3.87520      1.78073      0.00000      0.00000
     -3.86520      1.75908      0.00000      0.00000
     -3.85520      2.29434      0.00000      0.00000
     -3.84520      2.81700      0.00000      0.00000
     -3.83520      3.17701      0.00000      0.00000
     -3.82520      2.88572      0.00000      0.00000
     -3.81520      1.82470      0.00000      0.00000
     -3.80520      1.55979      0.00000      0.00000
     -3.79520      2.24835      0.00000      0.00000
     -3.78520      3.24705      0.00000      0.00000
     -3.77520      3.51119      0.00000      0.00000
     -3.76520      2.84288      0.00000      0.00000
     -3.75520      2.55999      0.00000      0.00000
     -3.74520      2.86584      0.00000      0.00000
     -3.73520      3.80588      0.00000      0.00000
     -3.72520      5.60737      0.00000      0.00000
     -3.71520      6.85210      0.00000      0.00000
     -3.70520      7.16970      0.00000      0.00000
     -3.69520      6.87598      0.00000      0.00000
     -3.68520      6.52588      0.00000      0.00000
     -3.67520      6.98379      0.00000      0.00000
     -3.66520      8.09558      0.00000      0.00000
     -3.65520      8.70611      0.00000      0.00000
     -3.64520      7.94937      0.00000      0.00000
     -3.63520      7.19947      0.00000      0.00000
     -3.62520      7.18327      0.00000      0.00000
     -3.61520      7.78888      0.00000      0.00000
     -3.60520      8.92733      0.00000      0.00000
     -3.59520      9.82422      0.00000      0.00000
     -3.58520     10.14995      0.00000      0.00000
     -3.57520     10.25323      0.00000      0.00000
     -3.56520     10.54601      0.00000      0.00000
     -3.55520     11.82069      0.00000      0.00000
     -3.54520     13.32115      0.00000      0.00000
     -3.53520     12.68505      0.00000      0.00000
     -3.52520      9.63599      0.00000      0.00000
     -3.51520      8.09466      0.00000      0.00000
     -3.50520      9.31467      0.00000      0.00000
     -3.49520      9.96517      0.00000      0.00000
     -3.48520     10.05150      0.00000      0.00000
     -3.47520     10.81360      0.00000      0.00000
     -3.46520     10.46918      0.00000      0.00000
     -3.45520      9.62979      0.00000      0.00000
     -3.44520      9.19346      0.00000      0.00000
     -3.43520      8.54530      0.00000      0.00000
     -3.42520      7.62731      0.00000      0.00000
     -3.41520      6.62371      0.00000      0.00000
     -3.40520      5.87698      0.00000      0.00000
     -3.39520      5.70196      0.00000      0.00000
     -3.38520      5.76457      0.00000      0.00000
     -3.37520      5.65712      0.00000      0.00000
     -3.36520      5.10095      0.00000      0.00000
     -3.35520      4.60641      0.00000      0.00000
     -3.34520      3.92574      0.00000      0.00000
     -3.33520      3.29789      0.00000      0.00000
     -3.32520      3.55744      0.00000      0.00000
     -3.31520      4.81762      0.00000      0.00000
     -3.30520      5.80257      0.00000      0.00000
     -3.29520      5.43228      0.00000      0.00000
     -3.28520      4.28089      0.00000      0.00000
     -3.27520      3.35519      0.00000      0.00000
     -3.26520      2.40594      0.00000      0.00000
     -3.25520      2.34394      0.00000      0.00000
     -3.24520      3.70575      0.00000      0.00000
     -3.23520      4.78856      0.00000      0.00000
     -3.22520      4.02413      0.00000      0.00000
     -3.21520      2.75499      0.00000      0.00000
     -3.20520      2.80158      0.00000      0.00000
     -3.19520      3.53086      0.00000      0.00000
     -3.18520      4.31078      0.00000      0.00000
     -3.17520      4.93915      0.00000      0.00000
     -3.16520      4.43646      0.00000      0.00000
     -3.15520      3.58137      0.00000      0.00000
     -3.14520      3.30480      0.00000      0.00000
     -3.13520      2.99393      0.00000      0.00000
     -3.12520      2.53982      0.00000      0.00000
     -3.11520      2.58470      0.00000      0.00000
     -3.10520      2.99288      0.00000      0.00000
     -3.09520      3.48727      0.00000      0.00000
     -3.08520      3.59828      0.00000      0.00000
     -3.07520      3.07078      0.00000      0.00000
     -3.06520      3.26001      0.00000      0.00000
     -3.05520      3.62145      0.00000      0.00000
     -3.04520      3.02595      0.00000      0.00000
     -3.03520      2.28087      0.00000      0.00000
     -3.02520      2.39272      0.00000      0.00000
     -3.01520      3.05448      0.00000      0.00000
     -3.00520      3.19326      0.00000      0.00000
     -2.99520      2.50911      0.00000      0.00000
     -2.98520      2.01965      0.00000      0.00000
     -2.97520      2.64222      0.00000      0.00000
     -2.96520      3.84258      0.00000      0.00000
     -2.95520      4.37626      0.00000      0.00000
     -2.94520      3.65553      0.00000      0.00000
     -2.93520      2.42383      0.00000      0.00000
     -2.92520      1.61527      0.00000      0.00000
     -2.91520      1.41698      0.00000      0.00000
     -2.90520      2.02635      0.00000      0.00000
     -2.89520      3.05435      0.00000      0.00000
     -2.88520      3.42526      0.00000      0.00000
     -2.87520      3.22854      0.00000      0.00000
     -2.86520      3.00600      0.00000      0.00000
     -2.85520      2.86100      0.00000      0.00000
     -2.84520      2.67155      0.00000      0.00000
     -2.83520      2.94167      0.00000      0.00000
     -2.82520      3.35183      0.00000      0.00000
     -2.81520      3.52996      0.00000      0.00000
     -2.80520      3.65076      0.00000      0.00000
     -2.79520      3.27479      0.00000      0.00000
     -2.78520      2.42955      0.00000      0.00000
     -2.77520      2.25596      0.00000      0.00000
     -2.76520      3.33608      0.00000      0.00000
     -2.75520      3.83009      0.00000      0.00000
     -2.74520      2.93312      0.00000      0.00000
     -2.73520      2.79891      0.00000      0.00000
     -2.72520      4.04430      0.00000      0.00000
     -2.71520      4.45526      0.00000      0.00000
     -2.70520      2.76657      0.00000      0.00000
     -2.69520      1.58854      0.00000      0.00000
     -2.68520      1.82319      0.00000      0.00000
     -2.67520      2.68176      0.00000      0.00000
     -2.66520      3.80588      0.00000      0.00000
     -2.65520      4.90581      0.00000      0.00000
     -2.64520      5.80991      0.00000      0.00000
     -2.63520      5.54304      0.00000      0.00000
     -2.62520      3.93497      0.00000      0.00000
     -2.61520      2.99186      0.00000      0.00000
     -2.60520      3.14637      0.00000      0.00000
     -2.59520      3.83299      0.00000      0.00000
     -2.58520      4.44980      0.00000      0.00000
     -2.57520      4.77083      0.00000      0.00000
     -2.56520      5.00058      0.00000      0.00000
     -2.55520      5.76081      0.00000      0.00000
     -2.54520      6.04203      0.00000      0.00000
     -2.53520      5.23383      0.00000      0.00000
     -2.52520      4.63638      0.00000      0.00000
     -2.51520      4.33346      0.00000      0.00000
     -2.50520      3.86756      0.00000      0.00000
     -2.49520      4.74605      0.00000      0.00000
     -2.48520      6.56836      0.00000      0.00000
     -2.47520      7.92854      0.00000      0.00000
     -2.46520      7.84560      0.00000      0.00000
     -2.45520      6.22425      0.00000      0.00000
     -2.44520      5.34965      0.00000      0.00000
     -2.43520      6.57415      0.00000      0.00000
     -2.42520      9.57708      0.00000      0.00000
     -2.41520     11.92857      0.00000      0.00000
     -2.40520     12.46274      0.00000      0.00000
     -2.39520     13.19195      0.00000      0.00000
     -2.38520     14.43578      0.00000      0.00000
     -2.37520     13.15418      0.00000      0.00000
     -2.36520     10.05232      0.00000      0.00000
     -2.35520      7.71636      0.00000      0.00000
     -2.34520      7.78672      0.00000      0.00000
     -2.33520      8.55880      0.00000      0.00000
     -2.32520      8.51523      0.00000      0.00000
     -2.31520      9.14793      0.00000      0.00000
     -2.30520      9.36308      0.00000      0.00000
     -2.29520      9.14816      0.00000      0.00000
     -2.28520      9.72159      0.00000      0.00000
     -2.27520     10.03449      0.00000      0.00000
     -2.26520      9.58742      0.00000      0.00000
     -2.25520      8.73429      0.00000      0.00000
     -2.24520      7.70516      0.00000      0.00000
     -2.23520      7.28692      0.00000      0.00000
     -2.22520      7.52819      0.00000      0.00000
     -2.21520      7.66202      0.00000      0.00000
     -2.20520      8.04414      0.00000      0.00000
     -2.19520      9.01977      0.00000      0.00000
     -2.18520      9.06830      0.00000      0.00000
     -2.17520      7.88946      0.00000      0.00000
     -2.16520      6.66681      0.00000      0.00000
     -2.15520      5.84150      0.00000      0.00000
     -2.14520      6.15822      0.00000      0.00000
     -2.13520      7.73118      0.00000      0.00000
     -2.12520      9.06179      0.00000      0.00000
     -2.11520      8.93193      0.00000      0.00000
     -2.10520      7.24368      0.00000      0.00000
     -2.09520      5.55326      0.00000      0.00000
     -2.08520      5.18896      0.00000      0.00000
     -2.07520      5.63395      0.00000      0.00000
     -2.06520      5.54994      0.00000      0.00000
     -2.05520      5.20718      0.00000      0.00000
     -2.04520      5.48818      0.00000      0.00000
     -2.03520      6.11528      0.00000      0.00000
     -2.02520      5.99587      0.00000      0.00000
     -2.01520      5.24702      0.00000      0.00000
     -2.00520      4.75271      0.00000      0.00000
     -1.99520      4.45173      0.00000      0.00000
     -1.98520      4.19157      0.00000      0.00000
     -1.97520      4.46375      0.00000      0.00000
     -1.96520      5.00865      0.00000      0.00000
     -1.95520      4.86692      0.00000      0.00000
     -1.94520      4.11603      0.00000      0.00000
     -1.93520      3.18639      0.00000      0.00000
     -1.92520      3.23898      0.00000      0.00000
     -1.91520      4.78216      0.00000      0.00000
     -1.90520      6.62886      0.00000      0.00000
     -1.89520      7.20812      0.00000      0.00000
     -1.88520      6.30954      0.00000      0.00000
     -1.87520      4.86121      0.00000      0.00000
     -1.86520      4.11042      0.00000      0.00000
     -1.85520      4.53561      0.00000      0.00000
     -1.84520      4.95684      0.00000      0.00000
     -1.83520      5.34401      0.00000      0.00000
     -1.82520      5.45133      0.00000      0.00000
     -1.81520      4.99978      0.00000      0.00000
     -1.80520      4.74342      0.00000      0.00000
     -1.79520      4.88783      0.00000      0.00000
     -1.78520      5.13212      0.00000      0.00000
     -1.77520      5.11733      0.00000      0.00000
     -1.76520      5.10272      0.00000      0.00000
     -1.75520      4.94563      0.00000      0.00000
     -1.74520      4.37473      0.00000      0.00000
     -1.73520      4.02748      0.00000      0.00000
     -1.72520      4.01483      0.00000      0.00000
     -1.71520      3.78721      0.00000      0.00000
     -1.70520      3.94805      0.00000      0.00000
     -1.69520      4.61268      0.00000      0.00000
     -1.68520      5.12495      0.00000      0.00000
     -1.67520      5.18922      0.00000      0.00000
     -1.66520      4.97752      0.00000      0.00000
     -1.65520      4.88948      0.00000      0.00000
     -1.64520      4.60982      0.00000      0.00000
     -1.63520      4.96943      0.00000      0.00000
     -1.62520      6.01586      0.00000      0.00000
     -1.61520      5.76283      0.00000      0.00000
     -1.60520      4.85351      0.00000      0.00000
     -1.59520      5.07225      0.00000      0.00000
     -1.58520      5.15124      0.00000      0.00000
     -1.57520      5.93509      0.00000      0.00000
     -1.56520      7.42294      0.00000      0.00000
     -1.55520      7.27602      0.00000      0.00000
     -1.54520      6.13513      0.00000      0.00000
     -1.53520      5.82226      0.00000      0.00000
     -1.52520      6.24810      0.00000      0.00000
     -1.51520      5.74206      0.00000      0.00000
     -1.50520      5.23688      0.00000      0.00000
     -1.49520      4.88170      0.00000      0.00000
     -1.48520      4.46104      0.00000      0.00000
     -1.47520      4.19467      0.00000      0.00000
     -1.46520      3.92513      0.00000      0.00000
     -1.45520      3.73530      0.00000      0.00000
     -1.44520      3.24405      0.00000      0.00000
     -1.43520      2.77189      0.00000      0.00000
     -1.42520      2.06186      0.00000      0.00000
     -1.41520      1.18536      0.00000      0.00000
     -1.40520      0.85898      0.00000      0.00000
     -1.39520      0.96740      0.00000      0.00000
     -1.38520      1.11794      0.00000      0.00000
     -1.37520      1.01914      0.00000      0.00000
     -1.36520      0.50150      0.00000      0.00000
     -1.35520      0.10460      0.00000      0.00000
     -1.34520      0.00851      0.00000      0.00000
     -1.33520      0.00026      0.00000      0.00000
     -1.32520      0.00000      0.00000      0.00000
     -1.31520      0.00000      0.00000      0.00000
     -1.30520      0.00000      0.00000      0.00000
     -1.29520      0.00000      0.00000      0.00000
     -1.28520      0.00000      0.00000      0.00000
     -1.27520      0.00000      0.00000      0.00000
     -1.26520      0.00000      0.00000      0.00000
     -1.25520      0.00000      0.00000      0.00000
     -1.24520      0.00000      0.00000      0.00000
     -1.23520      0.00000      0.00000      0.00000
     -1.22520      0.00000      0.00000      0.00000
     -1.21520      0.00000      0.00000      0.00000
     -1.20520      0.00000      0.00000      0.00000
     -1.19520      0.00000      0.00000      0.00000
     -1.18520      0.00000      0.00000      0.00000
     -1.17520      0.00000      0.00000      0.00000
     -1.16520      0.00000      0.00000      0.00000
     -1.15520      0.00002      0.00000      0.00000
     -1.14520      0.00139      0.00000      0.00000
     -1.13520      0.02929      0.00000      0.00000
     -1.12520      0.24709      0.00000      0.00000
     -1.11520      0.92241      0.00000      0.00000
     -1.10520      1.78446      0.00000      0.00000
     -1.09520      2.22649      0.00000      0.00000
     -1.08520      2.70787      0.00000      0.00000
     -1.07520      3.21804      0.00000      0.00000
     -1.06520      2.98423      0.00000      0.00000
     -1.05520      2.92296      0.00000      0.00000
     -1.04520      3.27058      0.00000      0.00000
     -1.03520      3.69677      0.00000      0.00000
     -1.02520      3.90814      0.00000      0.00000
     -1.01520      4.25038      0.00000      0.00000
     -1.00520      4.73804      0.00000      0.00000
     -0.99520      4.84819      0.00000      0.00000
     -0.98520      5.19267      0.00000      0.00000
     -0.97520      6.58563      0.00000      0.00000
     -0.96520      7.79610      0.00000      0.00000
     -0.95520      7.28903      0.00000      0.00000
     -0.94520      6.27306      0.00000      0.00000
     -0.93520      5.96596      0.00000      0.00000
     -0.92520      6.09933      0.00000      0.00000
     -0.91520      7.02740      0.00000      0.00000
     -0.90520      7.66975      0.00000      0.00000
     -0.89520      7.41208      0.00000      0.00000
     -0.88520      7.74449      0.00000      0.00000
     -0.87520      8.58179      0.00000      0.00000
     -0.86520      8.14841      0.00000      0.00000
     -0.85520      6.52148      0.00000      0.00000
     -0.84520      5.69525      0.00000      0.00000
     -0.83520      6.17112      0.00000      0.00000
     -0.82520      7.38512      0.00000      0.00000
     -0.81520      7.31767      0.00000      0.00000
     -0.80520      5.16828      0.00000      0.00000
     -0.79520      3.64159      0.00000      0.00000
     -0.78520      4.46937      0.00000      0.00000
     -0.77520      5.20124      0.00000      0.00000
     -0.76520      4.49663      0.00000      0.00000
     -0.75520      4.01565      0.00000      0.00000
     -0.74520      4.66557      0.00000      0.00000
     -0.73520      6.32095      0.00000      0.00000
     -0.72520      7.26234      0.00000      0.00000
     -0.71520      5.53171      0.00000      0.00000
     -0.70520      3.15957      0.00000      0.00000
     -0.69520      2.43191      0.00000      0.00000
     -0.68520      3.49156      0.00000      0.00000
     -0.67520      4.50746      0.00000      0.00000
     -0.66520      4.59155      0.00000      0.00000
     -0.65520      3.79910      0.00000      0.00000
     -0.64520      3.11856      0.00000      0.00000
     -0.63520      3.50628      0.00000      0.00000
     -0.62520      5.25388      0.00000      0.00000
     -0.61520      6.44381      0.00000      0.00000
     -0.60520      5.21536      0.00000      0.00000
     -0.59520      3.40865      0.00000      0.00000
     -0.58520      2.52396      0.00000      0.00000
     -0.57520      2.60389      0.00000      0.00000
     -0.56520      3.43943      0.00000      0.00000
     -0.55520      3.83341      0.00000      0.00000
     -0.54520      3.34868      0.00000      0.00000
     -0.53520      3.00763      0.00000      0.00000
     -0.52520      3.10681      0.00000      0.00000
     -0.51520      3.57587      0.00000      0.00000
     -0.50520      4.23359      0.00000      0.00000
     -0.49520      4.84080      0.00000      0.00000
     -0.48520      4.28893      0.00000      0.00000
     -0.47520      3.02262      0.00000      0.00000
     -0.46520      2.60471      0.00000      0.00000
     -0.45520      2.64858      0.00000      0.00000
     -0.44520      2.67947      0.00000      0.00000
     -0.43520      2.92695      0.00000      0.00000
     -0.42520      3.03034      0.00000      0.00000
     -0.41520      3.03868      0.00000      0.00000
     -0.40520      3.18583      0.00000      0.00000
     -0.39520      3.21882      0.00000      0.00000
     -0.38520      2.78040      0.00000      0.00000
     -0.37520      2.60642      0.00000      0.00000
     -0.36520      3.22515      0.00000      0.00000
     -0.35520      3.68855      0.00000      0.00000
     -0.34520      3.30962      0.00000      0.00000
     -0.33520      2.69033      0.00000      0.00000
     -0.32520      2.40806      0.00000      0.00000
     -0.31520      2.53927      0.00000      0.00000
     -0.30520      2.72566      0.00000      0.00000
     -0.29520      2.62025      0.00000      0.00000
     -0.28520      2.72654      0.00000      0.00000
     -0.27520      2.81762      0.00000      0.00000
     -0.26520      2.87226      0.00000      0.00000
     -0.25520      2.94399      0.00000      0.00000
     -0.24520      2.74735      0.00000      0.00000
     -0.23520      2.64679      0.00000      0.00000
     -0.22520      3.01572      0.00000      0.00000
     -0.21520      3.20799      0.00000      0.00000
     -0.20520      2.88451      0.00000      0.00000
     -0.19520      2.49181      0.00000      0.00000
     -0.18520      1.87903      0.00000      0.00000
     -0.17520      1.28613      0.00000      0.00000
     -0.16520      1.01997      0.00000      0.00000
     -0.15520      0.73846      0.00000      0.00000
     -0.14520      0.40990      0.00000      0.00000
     -0.13520      0.36041      0.00000      0.00000
     -0.12520      0.46341      0.00000      0.00000
     -0.11520      0.68328      0.00000      0.00000
     -0.10520      0.82174      0.00000      0.00000
     -0.09520      0.55385      0.00000      0.00000
     -0.08520      0.23428      0.00000      0.00000
     -0.07520      0.22812      0.00000      0.00000
     -0.06520      0.40905      0.00000      0.00000
     -0.05520      0.43722      0.00000      0.00000
     -0.04520      0.40490      0.00000      0.00000
     -0.03520      0.45769      0.00000      0.00000
     -0.02520      0.45031      0.00000      0.00000
     -0.01520      0.34021      0.00000      0.00000
     -0.00520      0.22584      0.00000      0.00000
      0.00480      0.12076      0.00000      0.00000
      0.01480      0.03100      0.00000      0.00000
      0.02480      0.00307      0.00000      0.00000
      0.03480      0.00011      0.00000      0.00000
      0.04480      0.00000      0.00000      0.00000
      0.05480      0.00000      0.00000      0.00000
      0.06480      0.00000      0.00000      0.00000
      0.07480      0.00000      0.00000      0.00000
      0.08480      0.00000      0.00000      0.00000
      0.09480      0.00000      0.00000      0.00000
      0.10480      0.00000      0.00000      0.00000
      0.11480      0.00000      0.00000      0.00000
      0.12480      0.00000      0.00000      0.00000
      0.13480      0.00000      0.00000      0.00000
      0.14480      0.00000      0.00000      0.00000
      0.15480      0.00000      0.00000      0.00000
      0.16480      0.00000      0.00000      0.00000
      0.17480      0.00000      0.00000      0.00000
      0.18480      0.00000      0.00000      0.00000
      0.19480      0.00000      0.00000      0.00000
      0.20480      0.00000      0.00000      0.00000
      0.21480      0.00000      0.00000      0.00000
      0.22480      0.00000      0.00000      0.00000
      0.23480      0.00000      0.00000      0.00000
      0.24480      0.00000      0.00000      0.00000
      0.25480      0.00000      0.00000      0.00000
      0.26480      0.00000      0.00000      0.00000
      0.27480      0.00000      0.00000      0.00000
      0.28480      0.00000      0.00000      0.00000
      0.29480      0.00000      0.00000      0.00000
      0.30480      0.00000      0.00000      0.00000
      0.31480      0.00000      0.00000      0.00000
      0.32480      0.00000      0.00000      0.00000
      0.33480      0.00000      0.00000      0.00000
      0.34480      0.00000      0.00000      0.00000
      0.35480      0.00000      0.00000      0.00000
      0.36480      0.00000      0.00000      0.00000
      0.37480      0.00000      0.00000      0.00000
      0.38480      0.00000      0.00000      0.00000
      0.39480      0.00000      0.00000      0.00000
      0.40480      0.00000      0.00000      0.00000
      0.41480      0.00000      0.00000      0.00000
      0.42480      0.00000      0.00000      0.00000
      0.43480      0.00000      0.00000      0.00000
      0.44480      0.00000      0.00000      0.00000
      0.45480      0.00000      0.00000      0.00000
      0.46480      0.00000      0.00000      0.00000
      0.47480      0.00000      0.00000      0.00000
      0.48480      0.00000      0.00000      0.00000
      0.49480      0.00000      0.00000      0.00000
      0.50480      0.00000      0.00000      0.00000
      0.51480      0.00000      0.00000      0.00000
      0.52480      0.00000      0.00000      0.00000
      0.53480      0.00000      0.00000      0.00000
      0.54480      0.00000      0.00000      0.00000
      0.55480      0.00000      0.00000      0.00000
      0.56480      0.00000      0.00000      0.00000
      0.57480      0.00000      0.00000      0.00000
      0.58480      0.00000      0.00000      0.00000
      0.59480      0.00000      0.00000      0.00000
      0.60480      0.00000      0.00000      0.00000
      0.61480      0.00000      0.00000      0.00000
      0.62480      0.00000      0.00000      0.00000
      0.63480      0.00000      0.00000      0.00000
      0.64480      0.00000      0.00000      0.00000
      0.65480      0.00000      0.00000      0.00000
      0.66480      0.00000      0.00000      0.00000
      0.67480      0.00000      0.00000      0.00000
      0.68480      0.00000      0.00000      0.00000
      0.69480      0.00000      0.00000      0.00000
      0.70480      0.00000      0.00000      0.00000
      0.71480      0.00000      0.00000      0.00000
      0.72480      0.00000      0.00000      0.00000
      0.73480      0.00000      0.00000      0.00000
      0.74480      0.00000      0.00000      0.00000
      0.75480      0.00000      0.00000      0.00000
      0.76480      0.00000      0.00000      0.00000
      0.77480      0.00000      0.00000      0.00000
      0.78480      0.00000      0.00000      0.00000
      0.79480      0.00000      0.00000      0.00000
      0.80480      0.00000      0.00000      0.00000
      0.81480      0.00000      0.00000      0.00000
      0.82480      0.00000      0.00000      0.00000
      0.83480      0.00000      0.00000      0.00000
      0.84480      0.00000      0.00000      0.00000
      0.85480      0.00000      0.00000      0.00000
      0.86480      0.00000      0.00000      0.00000
      0.87480      0.00000      0.00000      0.00000
      0.88480      0.00000      0.00000      0.00000
      0.89480      0.00000      0.00000      0.00000
      0.90480      0.00000      0.00000      0.00000
      0.91480      0.00000      0.00000      0.00000
      0.92480      0.00000      0.00000      0.00000
      0.93480      0.00000      0.00000      0.00000
      0.94480      0.00000      0.00000      0.00000
      0.95480      0.00000      0.00000      0.00000
      0.96480      0.00000      0.00000      0.00000
      0.97480      0.00000      0.00000      0.00000
      0.98480      0.00000      0.00000      0.00000
      0.99480      0.00000      0.00000      0.00000
      1.00480      0.00000      0.00000      0.00000
      1.01480      0.00000      0.00000      0.00000
      1.02480      0.00000      0.00000      0.00000
      1.03480      0.00000      0.00000      0.00000
      1.04480      0.00000      0.00000      0.00000
      1.05480      0.00000      0.00000      0.00000
      1.06480      0.00000      0.00000      0.00000
      1.07480      0.00000      0.00000      0.00000
      1.08480      0.00000      0.00000      0.00000
      1.09480      0.00000      0.00000      0.00000
      1.10480      0.00000      0.00000      0.00000
      1.11480      0.00000      0.00000      0.00000
      1.12480      0.00000      0.00000      0.00000
      1.13480      0.00000      0.00000      0.00000
      1.14480      0.00000      0.00000      0.00000
      1.15480      0.00000      0.00000      0.00000
      1.16480      0.00000      0.00000      0.00000
      1.17480      0.00000      0.00000      0.00000
      1.18480      0.00000      0.00000      0.00000
      1.19480      0.00000      0.00000      0.00000
      1.20480      0.00000      0.00000      0.00000
      1.21480      0.00000      0.00000      0.00000
      1.22480      0.00000      0.00000      0.00000
      1.23480      0.00000      0.00000      0.00000
      1.24480      0.00000      0.00000      0.00000
      1.25480      0.00000      0.00000      0.00000
      1.26480      0.00000      0.00000      0.00000
      1.27480      0.00000      0.00000      0.00000
      1.28480      0.00000      0.00000      0.00000
      1.29480      0.00000      0.00000      0.00000
      1.30480      0.00000      0.00000      0.00000
      1.31480      0.00000      0.00000      0.00000
      1.32480      0.00000      0.00000      0.00000
      1.33480      0.00000      0.00000      0.00000
      1.34480      0.00000      0.00000      0.00000
      1.35480      0.00000      0.00000      0.00000
      1.36480      0.00000      0.00000      0.00000
      1.37480      0.00000      0.00000      0.00000
      1.38480      0.00000      0.00000      0.00000
      1.39480      0.00000      0.00000      0.00000
      1.40480      0.00000      0.00000      0.00000
      1.41480      0.00000      0.00000      0.00000
      1.42480      0.00000      0.00000      0.00000
      1.43480      0.00000      0.00000      0.00000
      1.44480      0.00000      0.00000      0.00000
      1.45480      0.00000      0.00000      0.00000
      1.46480      0.00000      0.00000      0.00000
      1.47480      0.00000      0.00000      0.00000
      1.48480      0.00000      0.00000      0.00000
      1.49480      0.00000      0.00000      0.00000
      1.50480      0.00000      0.00000      0.00000
      1.51480      0.00000      0.00000      0.00000
      1.52480      0.00000      0.00000      0.00000
      1.53480      0.00000      0.00000      0.00000
      1.54480      0.00000      0.00000      0.00000
      1.55480      0.00000      0.00000      0.00000
      1.56480      0.00000      0.00000      0.00000
      1.57480      0.00000      0.00000      0.00000
      1.58480      0.00000      0.00000      0.00000
      1.59480      0.00000      0.00000      0.00000
      1.60480      0.00000      0.00000      0.00000
      1.61480      0.00000      0.00000      0.00000
      1.62480      0.00000      0.00000      0.00000
      1.63480      0.00000      0.00000      0.00000
      1.64480      0.00000      0.00000      0.00000
      1.65480      0.00000      0.00000      0.00000
      1.66480      0.00000      0.00000      0.00000
      1.67480      0.00000      0.00000      0.00000
      1.68480      0.00000      0.00000      0.00000
      1.69480      0.00000      0.00000      0.00000
      1.70480      0.00000      0.00000      0.00000
      1.71480      0.00000      0.00000      0.00000
      1.72480      0.00000      0.00000      0.00000
      1.73480      0.00000      0.00000      0.00000
      1.74480      0.00000      0.00000      0.00000
      1.75480      0.00000      0.00000      0.00000
      1.76480      0.00000      0.00000      0.00000
      1.77480      0.00000      0.00000      0.00000
      1.78480      0.00000      0.00000      0.00000
      1.79480      0.00000      0.00000      0.00000
      1.80480      0.00000      0.00000      0.00000
      1.81480      0.00000      0.00000      0.00000
      1.82480      0.00000      0.00000      0.00000
      1.83480      0.00000      0.00000      0.00000
      1.84480      0.00000      0.00000      0.00000
      1.85480      0.00000      0.00000      0.00000
      1.86480      0.00000      0.00000      0.00000
      1.87480      0.00000      0.00000      0.00000
      1.88480      0.00000      0.00000      0.00000
      1.89480      0.00000      0.00000      0.00000
      1.90480      0.00000      0.00000      0.00000
      1.91480      0.00000      0.00000      0.00000
      1.92480      0.00000      0.00000      0.00000
      1.93480      0.00000      0.00000      0.00000
      1.94480      0.00000      0.00000      0.00000
      1.95480      0.00000      0.00000      0.00000
      1.96480      0.00000      0.00000      0.00000
      1.97480      0.00000      0.00000      0.00000
      1.98480      0.00000      0.00000      0.00000
      1.99480      0.00000      0.00000      0.00000
      2.00480      0.00000      0.00000      0.00000
      2.01480      0.00000      0.00000      0.00000
      2.02480      0.00000      0.00000      0.00000
      2.03480      0.00000      0.00000      0.00000
      2.04480      0.00000      0.00000      0.00000
      2.05480      0.00000      0.00000      0.00000
      2.06480      0.00000      0.00000      0.00000
      2.07480      0.00000      0.00000      0.00000
      2.08480      0.00000      0.00000      0.00000
      2.09480      0.00000      0.00000      0.00000
      2.10480      0.00000      0.00000      0.00000
      2.11480      0.00000      0.00000      0.00000
      2.12480      0.00000      0.00000      0.00000
      2.13480      0.00000      0.00000      0.00000
      2.14480      0.00000      0.00000      0.00000
      2.15480      0.00000      0.00000      0.00000
      2.16480      0.00000      0.00000      0.00000
      2.17480      0.00000      0.00000      0.00000
      2.18480      0.00000      0.00000      0.00000
      2.19480      0.00000      0.00000      0.00000
      2.20480      0.00000      0.00000      0.00000
      2.21480      0.00000      0.00000      0.00000
      2.22480      0.00000      0.00000      0.00000
      2.23480      0.00000      0.00000      0.00000
      2.24480      0.00000      0.00000      0.00000
      2.25480      0.00000      0.00000      0.00000
      2.26480      0.00000      0.00000      0.00000
      2.27480      0.00000      0.00000      0.00000
      2.28480      0.00000      0.00000      0.00000
      2.29480      0.00000      0.00000      0.00000
      2.30480      0.00002      0.00000      0.00000
      2.31480      0.00098      0.00000      0.00000
      2.32480      0.01695      0.00000      0.00000
      2.33480      0.11381      0.00000      0.00000
      2.34480      0.32602      0.00000      0.00000
      2.35480      0.55626      0.00000      0.00000
      2.36480      0.80663      0.00000      0.00000
      2.37480      0.93300      0.00000      0.00000
      2.38480      0.91777      0.00000      0.00000
      2.39480      0.88622      0.00000      0.00000
      2.40480      0.85573      0.00000      0.00000
      2.41480      0.66720      0.00000      0.00000
      2.42480      0.64975      0.00000      0.00000
      2.43480      0.97658      0.00000      0.00000
      2.44480      1.27852      0.00000      0.00000
      2.45480      1.30595      0.00000      0.00000
      2.46480      1.15140      0.00000      0.00000
      2.47480      0.96812      0.00000      0.00000
      2.48480      0.91739      0.00000      0.00000
      2.49480      1.10238      0.00000      0.00000
      2.50480      1.61774      0.00000      0.00000
      2.51480      2.49263      0.00000      0.00000
      2.52480      3.07813      0.00000      0.00000
      2.53480      3.19348      0.00000      0.00000
      2.54480      3.28222      0.00000      0.00000
      2.55480      3.90565      0.00000      0.00000
      2.56480      4.50793      0.00000      0.00000
      2.57480      4.68338      0.00000      0.00000
      2.58480      4.95462      0.00000      0.00000
      2.59480      5.41533      0.00000      0.00000
      2.60480      5.57617      0.00000      0.00000
      2.61480      5.92320      0.00000      0.00000
      2.62480      7.17080      0.00000      0.00000
      2.63480      7.93943      0.00000      0.00000
      2.64480      7.37394      0.00000      0.00000
      2.65480      7.02460      0.00000      0.00000
      2.66480      7.52457      0.00000      0.00000
      2.67480      7.87028      0.00000      0.00000
      2.68480      8.10986      0.00000      0.00000
      2.69480      8.60000      0.00000      0.00000
      2.70480      9.36964      0.00000      0.00000
      2.71480     10.53607      0.00000      0.00000
      2.72480     11.51130      0.00000      0.00000
      2.73480     12.70389      0.00000      0.00000
      2.74480     14.33348      0.00000      0.00000
      2.75480     14.83675      0.00000      0.00000
      2.76480     14.29658      0.00000      0.00000
      2.77480     13.08912      0.00000      0.00000
      2.78480     11.91440      0.00000      0.00000
      2.79480     11.76668      0.00000      0.00000
      2.80480     12.46802      0.00000      0.00000
      2.81480     13.74083      0.00000      0.00000
      2.82480     14.98505      0.00000      0.00000
      2.83480     13.88418      0.00000      0.00000
      2.84480     12.14626      0.00000      0.00000
      2.85480     11.30760      0.00000      0.00000
      2.86480     10.59978      0.00000      0.00000
      2.87480      9.69790      0.00000      0.00000
      2.88480      8.58756      0.00000      0.00000
      2.89480      6.38788      0.00000      0.00000
      2.90480      4.44481      0.00000      0.00000
      2.91480      3.79596      0.00000      0.00000
      2.92480      3.69768      0.00000      0.00000
      2.93480      4.30847      0.00000      0.00000
      2.94480      4.86744      0.00000      0.00000
      2.95480      4.30069      0.00000      0.00000
      2.96480      4.07071      0.00000      0.00000
      2.97480      5.12228      0.00000      0.00000
      2.98480      6.36646      0.00000      0.00000
      2.99480      6.63871      0.00000      0.00000
      3.00480      6.83064      0.00000      0.00000
      3.01480      8.43551      0.00000      0.00000
      3.02480     10.26730      0.00000      0.00000
      3.03480     10.74827      0.00000      0.00000
      3.04480     11.41028      0.00000      0.00000
      3.05480     12.33406      0.00000      0.00000
      3.06480     11.36585      0.00000      0.00000
      3.07480      9.91320      0.00000      0.00000
      3.08480      9.39163      0.00000      0.00000
      3.09480      8.83914      0.00000      0.00000
      3.10480      8.14137      0.00000      0.00000
      3.11480      7.85214      0.00000      0.00000
      3.12480      7.53316      0.00000      0.00000
      3.13480      8.22515      0.00000      0.00000
      3.14480      9.21915      0.00000      0.00000
      3.15480      8.21523      0.00000      0.00000
      3.16480      7.30086      0.00000      0.00000
      3.17480      8.02257      0.00000      0.00000
      3.18480      8.44351      0.00000      0.00000
      3.19480      8.35170      0.00000      0.00000
      3.20480      8.58874      0.00000      0.00000
      3.21480      8.40103      0.00000      0.00000
      3.22480      8.73310      0.00000      0.00000
      3.23480     10.03666      0.00000      0.00000
      3.24480      9.91695      0.00000      0.00000
      3.25480      9.85712      0.00000      0.00000
      3.26480     10.82102      0.00000      0.00000
      3.27480     11.25850      0.00000      0.00000
      3.28480     11.70445      0.00000      0.00000
      3.29480     12.50555      0.00000      0.00000
      3.30480     12.03248      0.00000      0.00000
      3.31480     11.15042      0.00000      0.00000
      3.32480      9.75895      0.00000      0.00000
      3.33480      7.94688      0.00000      0.00000
      3.34480      7.50164      0.00000      0.00000
      3.35480      8.51768      0.00000      0.00000
      3.36480      8.76600      0.00000      0.00000
      3.37480      7.76088      0.00000      0.00000
      3.38480      7.38113      0.00000      0.00000
      3.39480      7.17370      0.00000      0.00000
      3.40480      7.25476      0.00000      0.00000
      3.41480      7.94213      0.00000      0.00000
      3.42480      7.06430      0.00000      0.00000
      3.43480      5.05911      0.00000      0.00000
      3.44480      4.66537      0.00000      0.00000
      3.45480      5.84845      0.00000      0.00000
      3.46480      6.21032      0.00000      0.00000
      3.47480      5.93437      0.00000      0.00000
      3.48480      5.79798      0.00000      0.00000
      3.49480      5.51092      0.00000      0.00000
      3.50480      4.92771      0.00000      0.00000
      3.51480      4.00275      0.00000      0.00000
      3.52480      3.27458      0.00000      0.00000
      3.53480      3.85598      0.00000      0.00000
      3.54480      5.23234      0.00000      0.00000
      3.55480      6.51143      0.00000      0.00000
      3.56480      6.68569      0.00000      0.00000
      3.57480      5.42353      0.00000      0.00000
      3.58480      3.63337      0.00000      0.00000
      3.59480      3.14158      0.00000      0.00000
      3.60480      3.79935      0.00000      0.00000
      3.61480      4.63891      0.00000      0.00000
      3.62480      5.07119      0.00000      0.00000
      3.63480      4.64805      0.00000      0.00000
      3.64480      4.03947      0.00000      0.00000
      3.65480      4.31875      0.00000      0.00000
      3.66480      4.22690      0.00000      0.00000
      3.67480      3.58416      0.00000      0.00000
      3.68480      3.60626      0.00000      0.00000
      3.69480      4.27268      0.00000      0.00000
      3.70480      5.39970      0.00000      0.00000
      3.71480      6.02439      0.00000      0.00000
      3.72480      6.71897      0.00000      0.00000
      3.73480      8.30116      0.00000      0.00000
      3.74480      8.04952      0.00000      0.00000
      3.75480      5.84597      0.00000      0.00000
      3.76480      5.35918      0.00000      0.00000
      3.77480      7.12396      0.00000      0.00000
      3.78480      8.44857      0.00000      0.00000
      3.79480      7.29561      0.00000      0.00000
      3.80480      5.75521      0.00000      0.00000
      3.81480      5.89543      0.00000      0.00000
      3.82480      6.21699      0.00000      0.00000
      3.83480      6.10084      0.00000      0.00000
      3.84480      6.20317      0.00000      0.00000
      3.85480      6.51527      0.00000      0.00000
      3.86480      6.62832      0.00000      0.00000
      3.87480      6.17664      0.00000      0.00000
      3.88480      5.82929      0.00000      0.00000
      3.89480      5.60443      0.00000      0.00000
      3.90480      5.16075      0.00000      0.00000
      3.91480      5.33976      0.00000      0.00000
      3.92480      5.42875      0.00000      0.00000
      3.93480      4.75549      0.00000      0.00000
      3.94480      4.81869      0.00000      0.00000
      3.95480      5.24905      0.00000      0.00000
      3.96480      4.57086      0.00000      0.00000
      3.97480      3.58946      0.00000      0.00000
      3.98480      3.54621      0.00000      0.00000
      3.99480      3.86775      0.00000      0.00000
      4.00480      4.18587      0.00000      0.00000
      4.01480      4.08980      0.00000      0.00000
      4.02480      3.76991      0.00000      0.00000
      4.03480      3.51325      0.00000      0.00000
      4.04480      3.52517      0.00000      0.00000
      4.05480      3.12988      0.00000      0.00000
      4.06480      2.60002      0.00000      0.00000
      4.07480      3.09797      0.00000      0.00000
      4.08480      3.97079      0.00000      0.00000
      4.09480      4.32760      0.00000      0.00000
      4.10480      4.28328      0.00000      0.00000
      4.11480      4.19160      0.00000      0.00000
      4.12480      3.44173      0.00000      0.00000
      4.13480      2.27130      0.00000      0.00000
      4.14480      1.81377      0.00000      0.00000
      4.15480      2.91382      0.00000      0.00000
      4.16480      4.00677      0.00000      0.00000
      4.17480      3.37184      0.00000      0.00000
      4.18480      2.53171      0.00000      0.00000
      4.19480      2.87275      0.00000      0.00000
      4.20480      3.13984      0.00000      0.00000
      4.21480      2.19666      0.00000      0.00000
      4.22480      1.87475      0.00000      0.00000
      4.23480      3.11003      0.00000      0.00000
      4.24480      3.87346      0.00000      0.00000
      4.25480      3.13464      0.00000      0.00000
      4.26480      3.05866      0.00000      0.00000
      4.27480      4.12171      0.00000      0.00000
      4.28480      3.83395      0.00000      0.00000
      4.29480      2.82690      0.00000      0.00000
      4.30480      2.90295      0.00000      0.00000
      4.31480      3.27183      0.00000      0.00000
      4.32480      2.84134      0.00000      0.00000
      4.33480      2.26579      0.00000      0.00000
      4.34480      2.59750      0.00000      0.00000
      4.35480      3.07253      0.00000      0.00000
      4.36480      2.93509      0.00000      0.00000
      4.37480      2.90702      0.00000      0.00000
      4.38480      3.11615      0.00000      0.00000
      4.39480      2.82832      0.00000      0.00000
      4.40480      2.66887      0.00000      0.00000
      4.41480      3.24735      0.00000      0.00000
      4.42480      3.68551      0.00000      0.00000
      4.43480      3.82596      0.00000      0.00000
      4.44480      3.79942      0.00000      0.00000
      4.45480      3.34776      0.00000      0.00000
      4.46480      3.10677      0.00000      0.00000
      4.47480      3.43566      0.00000      0.00000
      4.48480      3.55180      0.00000      0.00000
      4.49480      3.54221      0.00000      0.00000
      4.50480      3.51469      0.00000      0.00000
      4.51480      3.00197      0.00000      0.00000
      4.52480      2.86388      0.00000      0.00000
      4.53480      3.74638      0.00000      0.00000
      4.54480      4.65083      0.00000      0.00000
      4.55480      5.20237      0.00000      0.00000
      4.56480      5.05079      0.00000      0.00000
      4.57480      4.28018      0.00000      0.00000
      4.58480      3.77263      0.00000      0.00000
      4.59480      3.03041      0.00000      0.00000
      4.60480      2.38678      0.00000      0.00000
      4.61480      2.33591      0.00000      0.00000
      4.62480      2.57158      0.00000      0.00000
      4.63480      2.84778      0.00000      0.00000
      4.64480      2.76133      0.00000      0.00000
      4.65480      2.57951      0.00000      0.00000
      4.66480      2.30369      0.00000      0.00000
      4.67480      2.30196      0.00000      0.00000
      4.68480      2.60274      0.00000      0.00000
      4.69480      2.72909      0.00000      0.00000
      4.70480      3.14722      0.00000      0.00000
      4.71480      3.87798      0.00000      0.00000
      4.72480      4.17145      0.00000      0.00000
      4.73480      4.26239      0.00000      0.00000
      4.74480      4.57163      0.00000      0.00000
      4.75480      4.84149      0.00000      0.00000
      4.76480      5.75930      0.00000      0.00000
      4.77480      6.93372      0.00000      0.00000
      4.78480      7.65454      0.00000      0.00000
      4.79480      8.98218      0.00000      0.00000
      4.80480     10.18665      0.00000      0.00000
      4.81480     10.91056      0.00000      0.00000
      4.82480     10.55735      0.00000      0.00000
      4.83480      9.02659      0.00000      0.00000
      4.84480      8.20110      0.00000      0.00000
      4.85480      7.56120      0.00000      0.00000
      4.86480      6.43067      0.00000      0.00000
      4.87480      5.35511      0.00000      0.00000
      4.88480      5.00612      0.00000      0.00000
      4.89480      4.43317      0.00000      0.00000
      4.90480      3.84360      0.00000      0.00000
      4.91480      4.03055      0.00000      0.00000
      4.92480      4.40542      0.00000      0.00000
      4.93480      4.47875      0.00000      0.00000
      4.94480      4.73911      0.00000      0.00000
      4.95480      4.79652      0.00000      0.00000
      4.96480      3.79269      0.00000      0.00000
      4.97480      2.62341      0.00000      0.00000
      4.98480      2.70291      0.00000      0.00000
      4.99480      3.91118      0.00000      0.00000
      5.00480      4.83686      0.00000      0.00000
      5.01480      4.22193      0.00000      0.00000
      5.02480      3.02369      0.00000      0.00000
      5.03480      2.44850      0.00000      0.00000
      5.04480      3.07303      0.00000      0.00000
      5.05480      4.47515      0.00000      0.00000
      5.06480      4.22347      0.00000      0.00000
      5.07480      2.64306      0.00000      0.00000
      5.08480      2.10276      0.00000      0.00000
      5.09480      2.48784      0.00000      0.00000
      5.10480      3.26238      0.00000      0.00000
      5.11480      3.44734      0.00000      0.00000
      5.12480      2.76353      0.00000      0.00000
      5.13480      2.17332      0.00000      0.00000
      5.14480      2.04144      0.00000      0.00000
      5.15480      2.25121      0.00000      0.00000
      5.16480      2.54019      0.00000      0.00000
      5.17480      2.70329      0.00000      0.00000
      5.18480      2.42634      0.00000      0.00000
      5.19480      2.11105      0.00000      0.00000
      5.20480      2.38270      0.00000      0.00000
      5.21480      2.28801      0.00000      0.00000
      5.22480      1.73834      0.00000      0.00000
      5.23480      1.68040      0.00000      0.00000
      5.24480      1.71702      0.00000      0.00000
      5.25480      1.68126      0.00000      0.00000
      5.26480      1.86999      0.00000      0.00000
      5.27480      2.18900      0.00000      0.00000
      5.28480      2.24882      0.00000      0.00000
      5.29480      1.82284      0.00000      0.00000
      5.30480      1.50722      0.00000      0.00000
      5.31480      1.51899      0.00000      0.00000
      5.32480      1.44402      0.00000      0.00000
      5.33480      1.62276      0.00000      0.00000
      5.34480      1.65149      0.00000      0.00000
      5.35480      1.33803      0.00000      0.00000
      5.36480      1.01819      0.00000      0.00000
      5.37480      0.89479      0.00000      0.00000
      5.38480      0.75545      0.00000      0.00000
      5.39480      0.69954      0.00000      0.00000
      5.40480      0.72405      0.00000      0.00000
      5.41480      0.70828      0.00000      0.00000
      5.42480      0.74434      0.00000      0.00000
      5.43480      0.71661      0.00000      0.00000
      5.44480      0.54603      0.00000      0.00000
      5.45480      0.28104      0.00000      0.00000
      5.46480      0.07847      0.00000      0.00000
      5.47480      0.00998      0.00000      0.00000
      5.48480      0.00052      0.00000      0.00000
      5.49480      0.00001      0.00000      0.00000
      5.50480      0.00000      0.00000      0.00000
      5.51480      0.00000      0.00000      0.00000
      5.52480      0.00000      0.00000      0.00000
      5.53480      0.00000      0.00000      0.00000
      5.54480      0.00000      0.00000      0.00000
      5.55480      0.00000      0.00000      0.00000
      5.56480      0.00000      0.00000      0.00000
      5.57480      0.00000      0.00000      0.00000
      5.58480      0.00000      0.00000      0.00000
      5.59480      0.00000      0.00000      0.00000
      5.60480      0.00000      0.00000      0.00000
      5.61480      0.00000      0.00000      0.00000
      5.62480      0.00000      0.00000      0.00000
      5.63480      0.00000      0.00000      0.00000
      5.64480      0.00000      0.00000      0.00000
      5.65480      0.00000      0.00000      0.00000
      5.66480      0.00000      0.00000      0.00000
      5.67480      0.00000      0.00000      0.00000
      5.68480      0.00000      0.00000      0.00000
      5.69480      0.00000      0.00000      0.00000
      5.70480      0.00000      0.00000      0.00000
      5.71480      0.00000      0.00000      0.00000
      5.72480      0.00000      0.00000      0.00000
      5.73480      0.00000      0.00000      0.00000
      5.74480      0.00000      0.00000      0.00000
      5.75480      0.00000      0.00000      0.00000
      5.76480      0.00000      0.00000      0.00000
      5.77480      0.00000      0.00000      0.00000
      5.78480      0.00000      0.00000      0.00000
      5.79480      0.00000      0.00000      0.00000
      5.80480      0.00000      0.00000      0.00000
      5.81480      0.00000      0.00000      0.00000
      5.82480      0.00000      0.00000      0.00000
      5.83480      0.00000      0.00000      0.00000
      5.84480      0.00000      0.00000      0.00000
      5.85480      0.00000      0.00000      0.00000
      5.86480      0.00000      0.00000      0.00000
      5.87480      0.00000      0.00000      0.00000
      5.88480      0.00000      0.00000      0.00000
      5.89480      0.00000      0.00000      0.00000
      5.90480      0.00000      0.00000      0.00000
      5.91480      0.00000      0.00000      0.00000
      5.92480      0.00000      0.00000      0.00000
      5.93480      0.00000      0.00000      0.00000
      5.94480      0.00000      0.00000      0.00000
      5.95480      0.00000      0.00000      0.00000
      5.96480      0.00000      0.00000      0.00000
      5.97480      0.00000      0.00000      0.00000
      5.98480      0.00000      0.00000      0.00000
      5.99480      0.00000      0.00000      0.00000
      6.00480      0.00000      0.00000      0.00000
      6.01480      0.00000      0.00000      0.00000
      6.02480      0.00000      0.00000      0.00000
      6.03480      0.00000      0.00000      0.00000
      6.04480      0.00000      0.00000      0.00000
      6.05480      0.00000      0.00000      0.00000
      6.06480      0.00000      0.00000      0.00000
      6.07480      0.00000      0.00000      0.00000
      6.08480      0.00000      0.00000      0.00000
      6.09480      0.00000      0.00000      0.00000
      6.10480      0.00000      0.00000      0.00000
      6.11480      0.00000      0.00000      0.00000
      6.12480      0.00000      0.00000      0.00000
      6.13480      0.00000      0.00000      0.00000
      6.14480      0.00000      0.00000      0.00000
      6.15480      0.00000      0.00000      0.00000
      6.16480      0.00000      0.00000      0.00000
      6.17480      0.00000      0.00000      0.00000
      6.18480      0.00000      0.00000      0.00000
      6.19480      0.00000      0.00000      0.00000
      6.20480      0.00000      0.00000      0.00000
      6.21480      0.00000      0.00000      0.00000
      6.22480      0.00000      0.00000      0.00000
      6.23480      0.00000      0.00000      0.00000
      6.24480      0.00000      0.00000      0.00000
      6.25480      0.00000      0.00000      0.00000
      6.26480      0.00000      0.00000      0.00000
      6.27480      0.00000      0.00000      0.00000
      6.28480      0.00000      0.00000      0.00000
      6.29480      0.00000      0.00000      0.00000
      6.30480      0.00000      0.00000      0.00000
      6.31480      0.00000      0.00000      0.00000
      6.32480      0.00000      0.00000      0.00000
      6.33480      0.00000      0.00000      0.00000
      6.34480      0.00000      0.00000      0.00000
      6.35480      0.00000      0.00000      0.00000
      6.36480      0.00000      0.00000      0.00000
      6.37480      0.00000      0.00000      0.00000
      6.38480      0.00000      0.00000      0.00000
      6.39480      0.00000      0.00000      0.00000
      6.40480      0.00000      0.00000      0.00000
      6.41480      0.00000      0.00000      0.00000
      6.42480      0.00000      0.00000      0.00000
      6.43480      0.00000      0.00000      0.00000
      6.44480      0.00000      0.00000      0.00000
      6.45480      0.00000      0.00000      0.00000
      6.46480      0.00000      0.00000      0.00000
      6.47480      0.00000      0.00000      0.00000
      6.48480      0.00000      0.00000      0.00000
      6.49480      0.00000      0.00000      0.00000
      6.50480      0.00000      0.00000      0.00000
      6.51480      0.00000      0.00000      0.00000
      6.52480      0.00000      0.00000      0.00000
      6.53480      0.00000      0.00000      0.00000
      6.54480      0.00000      0.00000      0.00000
      6.55480      0.00000      0.00000      0.00000
      6.56480      0.00000      0.00000      0.00000
      6.57480      0.00000      0.00000      0.00000
      6.58480      0.00000      0.00000      0.00000
      6.59480      0.00000      0.00000      0.00000
      6.60480      0.00000      0.00000      0.00000
      6.61480      0.00000      0.00000      0.00000
      6.62480      0.00000      0.00000      0.00000
      6.63480      0.00000      0.00000      0.00000
      6.64480      0.00000      0.00000      0.00000
      6.65480      0.00000      0.00000      0.00000
      6.66480      0.00000      0.00000      0.00000
      6.67480      0.00000      0.00000      0.00000
      6.68480      0.00000      0.00000      0.00000
      6.69480      0.00000      0.00000      0.00000
      6.70480      0.00000      0.00000      0.00000
      6.71480      0.00000      0.00000      0.00000
      6.72480      0.00000      0.00000      0.00000
      6.73480      0.00000      0.00000      0.00000
      6.74480      0.00000      0.00000      0.00000
      6.75480      0.00000      0.00000      0.00000
      6.76480      0.00000      0.00000      0.00000
      6.77480      0.00000      0.00000      0.00000
      6.78480      0.00000      0.00000      0.00000
      6.79480      0.00000      0.00000      0.00000
      6.80480      0.00000      0.00000      0.00000
      6.81480      0.00000      0.00000      0.00000
      6.82480      0.00000      0.00000      0.00000
      6.83480      0.00000      0.00000      0.00000
      6.84480      0.00000      0.00000      0.00000
      6.85480      0.00000      0.00000      0.00000
      6.86480      0.00000      0.00000      0.00000
      6.87480      0.00000      0.00000      0.00000
      6.88480      0.00000      0.00000      0.00000
      6.89480      0.00000      0.00000      0.00000
      6.90480      0.00000      0.00000      0.00000
      6.91480      0.00000      0.00000      0.00000
      6.92480      0.00000      0.00000      0.00000
      6.93480      0.00000      0.00000      0.00000
      6.94480      0.00000      0.00000      0.00000
      6.95480      0.00000      0.00000      0.00000
      6.96480      0.00000      0.00000      0.00000
      6.97480      0.00000      0.00000      0.00000
      6.98480      0.00000      0.00000      0.00000
      6.99480      0.00000      0.00000      0.00000
      7.00480      0.00000      0.00000      0.00000
      7.01480      0.00000      0.00000      0.00000
      7.02480      0.00000      0.00000      0.00000
      7.03480      0.00000      0.00000      0.00000
      7.04480      0.00000      0.00000      0.00000
      7.05480      0.00000      0.00000      0.00000
      7.06480      0.00000      0.00000      0.00000
      7.07480      0.00000      0.00000      0.00000
      7.08480      0.00000      0.00000      0.00000
      7.09480      0.00000      0.00000      0.00000
      7.10480      0.00000      0.00000      0.00000
      7.11480      0.00000      0.00000      0.00000
      7.12480      0.00001      0.00000      0.00000
      7.13480      0.00060      0.00000      0.00000
      7.14480      0.01490      0.00000      0.00000
      7.15480      0.14608      0.00000      0.00000
      7.16480      0.58962      0.00000      0.00000
      7.17480      1.06110      0.00000      0.00000
      7.18480      1.00258      0.00000      0.00000
      7.19480      0.81782      0.00000      0.00000
      7.20480      1.00070      0.00000      0.00000
      7.21480      1.02656      0.00000      0.00000
      7.22480      0.67531      0.00000      0.00000
      7.23480      0.73833      0.00000      0.00000
      7.24480      1.22606      0.00000      0.00000
      7.25480      1.60492      0.00000      0.00000
      7.26480      1.38085      0.00000      0.00000
      7.27480      0.96564      0.00000      0.00000
      7.28480      1.00619      0.00000      0.00000
      7.29480      1.13026      0.00000      0.00000
      7.30480      0.98241      0.00000      0.00000
      7.31480      0.97618      0.00000      0.00000
      7.32480      1.02385      0.00000      0.00000
      7.33480      0.98856      0.00000      0.00000
      7.34480      0.79942      0.00000      0.00000
