Energy-E_F (eV)    DOS (1/eV)    PDOS (1/eV)  of atom type W  Se 
     -5.34692      2.64422      0.78518      1.85904
     -5.33692      2.94646      0.82945      2.11701
     -5.32692      2.67562      0.75795      1.91766
     -5.31692      2.51508      0.77203      1.74304
     -5.30692      2.50350      0.78494      1.71855
     -5.29692      2.31078      0.71748      1.59330
     -5.28692      1.65815      0.51854      1.13961
     -5.27692      1.39726      0.39594      1.00133
     -5.26692      1.78145      0.45883      1.32262
     -5.25692      1.87317      0.50417      1.36901
     -5.24692      1.50572      0.42344      1.08228
     -5.23692      1.14398      0.30813      0.83585
     -5.22692      0.95012      0.24099      0.70913
     -5.21692      0.79830      0.20257      0.59573
     -5.20692      0.54237      0.13796      0.40441
     -5.19692      0.78415      0.19956      0.58459
     -5.18692      1.59375      0.40259      1.19116
     -5.17692      1.68048      0.42647      1.25401
     -5.16692      1.17944      0.31500      0.86444
     -5.15692      1.04837      0.30252      0.74585
     -5.14692      0.96870      0.27273      0.69597
     -5.13692      0.94912      0.24243      0.70669
     -5.12692      0.90206      0.23074      0.67132
     -5.11692      0.50994      0.13628      0.37366
     -5.10692      0.30300      0.07516      0.22785
     -5.09692      0.79744      0.18637      0.61106
     -5.08692      1.56129      0.38107      1.18021
     -5.07692      1.50905      0.38914      1.11991
     -5.06692      0.84575      0.23335      0.61240
     -5.05692      0.55005      0.15559      0.39446
     -5.04692      0.60520      0.15657      0.44863
     -5.03692      0.71604      0.17358      0.54246
     -5.02692      0.73172      0.18492      0.54680
     -5.01692      0.51670      0.14028      0.37642
     -5.00692      0.34280      0.09539      0.24741
     -4.99692      0.75184      0.19862      0.55323
     -4.98692      1.53578      0.39564      1.14014
     -4.97692      1.77743      0.46350      1.31393
     -4.96692      1.27417      0.34892      0.92525
     -4.95692      0.59149      0.17172      0.41978
     -4.94692      0.21064      0.06029      0.15035
     -4.93692      0.32879      0.08103      0.24775
     -4.92692      0.73174      0.17950      0.55224
     -4.91692      1.06590      0.26825      0.79764
     -4.90692      1.90502      0.49105      1.41397
     -4.89692      3.03991      0.77566      2.26425
     -4.88692      3.58546      0.89904      2.68642
     -4.87692      4.31991      1.08136      3.23855
     -4.86692      4.99480      1.27171      3.72309
     -4.85692      4.38283      1.13322      3.24961
     -4.84692      3.12011      0.79879      2.32132
     -4.83692      2.37191      0.60622      1.76570
     -4.82692      2.42345      0.64027      1.78318
     -4.81692      2.73553      0.73127      2.00426
     -4.80692      2.47709      0.64666      1.83043
     -4.79692      1.97815      0.51169      1.46646
     -4.78692      1.75456      0.49231      1.26225
     -4.77692      1.69972      0.50355      1.19616
     -4.76692      1.87471      0.51732      1.35739
     -4.75692      2.87300      0.73432      2.13868
     -4.74692      3.64797      0.93526      2.71271
     -4.73692      3.50529      0.93119      2.57410
     -4.72692      3.06250      0.82463      2.23787
     -4.71692      2.45451      0.63530      1.81921
     -4.70692      2.05257      0.50670      1.54587
     -4.69692      1.98595      0.49601      1.48994
     -4.68692      1.87096      0.47606      1.39489
     -4.67692      1.78998      0.46598      1.32400
     -4.66692      1.79489      0.49604      1.29885
     -4.65692      2.07715      0.60094      1.47621
     -4.64692      2.87965      0.83044      2.04920
     -4.63692      3.71938      1.04839      2.67099
     -4.62692      3.51380      0.96788      2.54591
     -4.61692      3.05758      0.82463      2.23295
     -4.60692      2.79437      0.75447      2.03991
     -4.59692      2.49692      0.69929      1.79763
     -4.58692      2.59404      0.74047      1.85357
     -4.57692      2.86282      0.81428      2.04855
     -4.56692      3.50469      1.01029      2.49440
     -4.55692      4.28769      1.26242      3.02527
     -4.54692      4.65118      1.38808      3.26310
     -4.53692      4.16686      1.24501      2.92186
     -4.52692      3.61619      1.06687      2.54932
     -4.51692      3.74849      1.12348      2.62502
     -4.50692      4.33942      1.35879      2.98062
     -4.49692      5.80526      1.84972      3.95554
     -4.48692      6.55254      2.05713      4.49540
     -4.47692      5.59715      1.71067      3.88648
     -4.46692      4.84472      1.45177      3.39295
     -4.45692      4.41997      1.33791      3.08206
     -4.44692      3.45411      1.07490      2.37921
     -4.43692      2.88549      0.90372      1.98176
     -4.42692      3.16147      0.98996      2.17151
     -4.41692      3.31208      1.03424      2.27784
     -4.40692      3.63123      1.11523      2.51600
     -4.39692      4.49862      1.36033      3.13829
     -4.38692      4.92797      1.47273      3.45524
     -4.37692      4.62526      1.38111      3.24415
     -4.36692      4.12113      1.24208      2.87905
     -4.35692      3.69846      1.13104      2.56742
     -4.34692      3.06882      0.94532      2.12350
     -4.33692      2.33663      0.71597      1.62066
     -4.32692      1.73357      0.53290      1.20067
     -4.31692      1.25720      0.41055      0.84665
     -4.30692      1.02650      0.37725      0.64925
     -4.29692      1.05281      0.42798      0.62483
     -4.28692      0.94779      0.37238      0.57540
     -4.27692      0.80190      0.26189      0.54001
     -4.26692      0.64663      0.18765      0.45898
     -4.25692      0.55182      0.15659      0.39523
     -4.24692      0.64881      0.18424      0.46457
     -4.23692      0.42447      0.12353      0.30094
     -4.22692      0.24583      0.09095      0.15488
     -4.21692      0.51845      0.20832      0.31013
     -4.20692      0.96253      0.35457      0.60796
     -4.19692      1.18312      0.39226      0.79086
     -4.18692      1.30232      0.40891      0.89340
     -4.17692      1.27627      0.41508      0.86119
     -4.16692      0.69988      0.23832      0.46156
     -4.15692      0.35374      0.10581      0.24793
     -4.14692      0.81251      0.21544      0.59707
     -4.13692      1.62397      0.45205      1.17191
     -4.12692      2.02956      0.58667      1.44288
     -4.11692      1.79755      0.53158      1.26597
     -4.10692      1.39112      0.40720      0.98392
     -4.09692      1.10199      0.32311      0.77888
     -4.08692      0.91391      0.27128      0.64262
     -4.07692      1.10095      0.27057      0.83038
     -4.06692      1.55859      0.36473      1.19387
     -4.05692      1.78822      0.45562      1.33259
     -4.04692      1.62667      0.45686      1.16981
     -4.03692      1.46460      0.44665      1.01795
     -4.02692      1.20853      0.39993      0.80860
     -4.01692      0.98141      0.36056      0.62085
     -4.00692      0.92335      0.35164      0.57171
     -3.99692      1.13246      0.38304      0.74942
     -3.98692      1.26829      0.36719      0.90110
     -3.97692      1.12253      0.33367      0.78887
     -3.96692      0.77562      0.25292      0.52270
     -3.95692      0.49239      0.13365      0.35874
     -3.94692      0.48423      0.11538      0.36885
     -3.93692      0.74679      0.22983      0.51696
     -3.92692      1.22287      0.40911      0.81376
     -3.91692      1.45813      0.45997      0.99816
     -3.90692      1.25048      0.35648      0.89400
     -3.89692      0.70143      0.19779      0.50364
     -3.88692      0.50200      0.17016      0.33184
     -3.87692      0.80946      0.25012      0.55934
     -3.86692      1.32527      0.37145      0.95381
     -3.85692      1.92315      0.55906      1.36409
     -3.84692      1.71638      0.49200      1.22439
     -3.83692      0.86361      0.23006      0.63354
     -3.82692      0.73590      0.18303      0.55287
     -3.81692      1.45990      0.35266      1.10724
     -3.80692      2.62099      0.65826      1.96272
     -3.79692      3.85405      1.01817      2.83588
     -3.78692      4.61898      1.19931      3.41967
     -3.77692      4.76999      1.13280      3.63720
     -3.76692      4.83946      1.01132      3.82814
     -3.75692      5.53470      1.06488      4.46982
     -3.74692      6.04842      1.21842      4.83000
     -3.73692      5.12151      1.14054      3.98097
     -3.72692      3.80484      0.93150      2.87334
     -3.71692      3.24443      0.86462      2.37981
     -3.70692      3.75174      1.07204      2.67970
     -3.69692      3.86713      1.13663      2.73050
     -3.68692      3.10859      0.90466      2.20393
     -3.67692      2.72675      0.79383      1.93292
     -3.66692      3.02801      0.89157      2.13643
     -3.65692      3.02170      0.90088      2.12082
     -3.64692      2.76159      0.84034      1.92126
     -3.63692      2.69154      0.83137      1.86018
     -3.62692      2.54941      0.80892      1.74049
     -3.61692      2.06899      0.67526      1.39373
     -3.60692      1.53098      0.50128      1.02970
     -3.59692      1.58184      0.52907      1.05277
     -3.58692      2.29783      0.80311      1.49472
     -3.57692      2.87453      1.04689      1.82764
     -3.56692      2.99121      1.10110      1.89011
     -3.55692      3.33768      1.16975      2.16793
     -3.54692      3.42931      1.08488      2.34443
     -3.53692      2.81076      0.80204      2.00872
     -3.52692      2.30950      0.65779      1.65170
     -3.51692      2.48759      0.80490      1.68269
     -3.50692      2.81318      0.96977      1.84341
     -3.49692      2.41705      0.81067      1.60638
     -3.48692      1.47394      0.48959      0.98435
     -3.47692      1.10258      0.38631      0.71628
     -3.46692      1.78617      0.65089      1.13527
     -3.45692      2.98390      1.10726      1.87664
     -3.44692      3.36351      1.27022      2.09328
     -3.43692      3.14975      1.21122      1.93853
     -3.42692      2.75443      1.05296      1.70147
     -3.41692      2.30589      0.87838      1.42751
     -3.40692      2.40295      0.92332      1.47963
     -3.39692      2.41362      0.91238      1.50124
     -3.38692      1.76841      0.66299      1.10543
     -3.37692      1.56673      0.56043      1.00630
     -3.36692      2.40226      0.79877      1.60349
     -3.35692      3.03309      1.00879      2.02430
     -3.34692      2.68958      0.93189      1.75769
     -3.33692      2.43583      0.86159      1.57424
     -3.32692      2.51974      0.93345      1.58629
     -3.31692      2.52066      1.01577      1.50489
     -3.30692      2.16842      0.91549      1.25292
     -3.29692      2.01352      0.80530      1.20822
     -3.28692      2.55323      0.92877      1.62446
     -3.27692      2.95438      1.08990      1.86448
     -3.26692      2.67806      1.08159      1.59647
     -3.25692      2.54229      1.09875      1.44354
     -3.24692      2.62018      1.12508      1.49511
     -3.23692      2.57819      1.08251      1.49568
     -3.22692      2.53613      1.04120      1.49493
     -3.21692      2.67131      1.07972      1.59159
     -3.20692      2.68390      1.08081      1.60309
     -3.19692      2.49104      1.01320      1.47783
     -3.18692      2.53536      1.03112      1.50423
     -3.17692      2.78040      1.10223      1.67817
     -3.16692      2.75885      1.04032      1.71853
     -3.15692      2.79778      0.98810      1.80968
     -3.14692      2.69106      0.93364      1.75741
     -3.13692      2.37748      0.80411      1.57338
     -3.12692      1.88257      0.63214      1.25043
     -3.11692      1.73415      0.62478      1.10937
     -3.10692      2.07555      0.77836      1.29719
     -3.09692      2.44976      0.93416      1.51559
     -3.08692      2.56190      0.95475      1.60715
     -3.07692      2.02285      0.71459      1.30826
     -3.06692      1.27622      0.42769      0.84853
     -3.05692      0.93918      0.31681      0.62237
     -3.04692      1.21079      0.43673      0.77406
     -3.03692      1.69295      0.63392      1.05903
     -3.02692      2.07052      0.81414      1.25638
     -3.01692      1.92004      0.76494      1.15511
     -3.00692      1.59096      0.59925      0.99172
     -2.99692      1.86040      0.65874      1.20166
     -2.98692      1.84728      0.66657      1.18071
     -2.97692      1.53362      0.56688      0.96675
     -2.96692      1.71606      0.59320      1.12285
     -2.95692      1.63469      0.51720      1.11749
     -2.94692      1.37718      0.42967      0.94751
     -2.93692      1.61551      0.51348      1.10203
     -2.92692      1.67885      0.57373      1.10512
     -2.91692      1.54285      0.62126      0.92159
     -2.90692      1.32291      0.54664      0.77626
     -2.89692      1.13283      0.42153      0.71129
     -2.88692      1.66389      0.54951      1.11437
     -2.87692      2.40997      0.80592      1.60405
     -2.86692      2.34975      0.82879      1.52096
     -2.85692      1.73846      0.63601      1.10245
     -2.84692      1.26668      0.42781      0.83886
     -2.83692      1.10088      0.35240      0.74849
     -2.82692      0.93240      0.27594      0.65647
     -2.81692      0.96931      0.24053      0.72878
     -2.80692      1.17729      0.33926      0.83803
     -2.79692      1.41009      0.47506      0.93504
     -2.78692      1.53988      0.56538      0.97450
     -2.77692      1.19966      0.45141      0.74826
     -2.76692      0.94765      0.30585      0.64180
     -2.75692      1.36702      0.35926      1.00776
     -2.74692      1.60511      0.41968      1.18543
     -2.73692      1.57421      0.50025      1.07396
     -2.72692      1.94666      0.72899      1.21767
     -2.71692      2.25258      0.86442      1.38815
     -2.70692      2.30233      0.84800      1.45433
     -2.69692      2.54869      0.90616      1.64253
     -2.68692      2.08530      0.71322      1.37208
     -2.67692      1.43559      0.43155      1.00404
     -2.66692      1.53388      0.42100      1.11288
     -2.65692      1.53396      0.45447      1.07948
     -2.64692      1.64996      0.54779      1.10217
     -2.63692      2.04955      0.70454      1.34501
     -2.62692      2.50439      0.89485      1.60954
     -2.61692      2.11136      0.73947      1.37190
     -2.60692      1.58374      0.46711      1.11663
     -2.59692      2.12121      0.56973      1.55148
     -2.58692      2.78754      0.79662      1.99092
     -2.57692      2.58042      0.78384      1.79658
     -2.56692      2.79933      0.79654      2.00279
     -2.55692      5.04098      1.31188      3.72910
     -2.54692      7.05198      1.74757      5.30441
     -2.53692      7.03506      1.62692      5.40813
     -2.52692      6.76445      1.48960      5.27484
     -2.51692      6.54618      1.43748      5.10870
     -2.50692      5.94020      1.31458      4.62562
     -2.49692      4.63431      1.00471      3.62960
     -2.48692      3.35154      0.69075      2.66079
     -2.47692      3.44646      0.78388      2.66258
     -2.46692      4.17993      1.13546      3.04448
     -2.45692      4.40645      1.28876      3.11769
     -2.44692      3.85210      1.11092      2.74118
     -2.43692      3.22635      0.89386      2.33249
     -2.42692      2.77256      0.75255      2.02001
     -2.41692      2.97781      0.83707      2.14074
     -2.40692      4.05338      1.15973      2.89365
     -2.39692      4.49310      1.21780      3.27530
     -2.38692      3.94651      1.05815      2.88835
     -2.37692      3.22071      0.97788      2.24283
     -2.36692      3.48467      1.07601      2.40866
     -2.35692      5.02208      1.39429      3.62779
     -2.34692      5.07003      1.46470      3.60533
     -2.33692      3.84684      1.21441      2.63242
     -2.32692      3.49862      1.03110      2.46752
     -2.31692      3.41670      0.89704      2.51966
     -2.30692      3.28805      0.79947      2.48858
     -2.29692      3.07857      0.85215      2.22642
     -2.28692      3.10891      1.06076      2.04815
     -2.27692      3.30328      1.10372      2.19957
     -2.26692      3.55182      0.99932      2.55250
     -2.25692      3.23533      0.90567      2.32966
     -2.24692      2.33963      0.76753      1.57209
     -2.23692      2.03877      0.70195      1.33682
     -2.22692      2.36171      0.75464      1.60706
     -2.21692      2.92930      0.91680      2.01250
     -2.20692      3.60212      1.07396      2.52816
     -2.19692      3.95057      1.15835      2.79222
     -2.18692      4.00188      1.22162      2.78026
     -2.17692      3.86148      1.18508      2.67640
     -2.16692      3.44200      1.06436      2.37764
     -2.15692      3.15101      0.95847      2.19254
     -2.14692      3.54154      1.03912      2.50242
     -2.13692      3.74572      1.15315      2.59257
     -2.12692      3.04477      1.00890      2.03586
     -2.11692      2.43647      0.82074      1.61572
     -2.10692      2.38869      0.81750      1.57119
     -2.09692      2.98152      1.05087      1.93065
     -2.08692      4.12589      1.40904      2.71684
     -2.07692      4.58526      1.49594      3.08932
     -2.06692      4.21865      1.32307      2.89558
     -2.05692      3.85565      1.14040      2.71525
     -2.04692      3.15756      0.94946      2.20810
     -2.03692      2.53455      0.85767      1.67687
     -2.02692      2.85333      1.00451      1.84883
     -2.01692      3.82430      1.25425      2.57005
     -2.00692      4.36842      1.35807      3.01035
     -1.99692      4.00178      1.22435      2.77743
     -1.98692      3.79046      1.14138      2.64908
     -1.97692      3.62739      1.06074      2.56665
     -1.96692      3.03925      0.89421      2.14504
     -1.95692      2.77731      0.85386      1.92346
     -1.94692      2.93143      0.87368      2.05775
     -1.93692      3.00133      0.81676      2.18457
     -1.92692      2.99427      0.71156      2.28271
     -1.91692      2.63166      0.51503      2.11663
     -1.90692      1.76223      0.33570      1.42652
     -1.89692      1.22334      0.38651      0.83683
     -1.88692      1.48592      0.52447      0.96145
     -1.87692      1.96513      0.52469      1.44044
     -1.86692      2.43326      0.56635      1.86691
     -1.85692      2.55534      0.66131      1.89403
     -1.84692      2.07946      0.56126      1.51820
     -1.83692      2.00325      0.58256      1.42069
     -1.82692      2.42382      0.81090      1.61291
     -1.81692      2.85934      0.92834      1.93100
     -1.80692      3.25342      0.91937      2.33405
     -1.79692      2.89174      0.70390      2.18784
     -1.78692      2.28938      0.43329      1.85609
     -1.77692      1.94075      0.38410      1.55665
     -1.76692      1.68937      0.39645      1.29292
     -1.75692      1.49406      0.36117      1.13288
     -1.74692      1.75167      0.41715      1.33452
     -1.73692      2.19381      0.58202      1.61179
     -1.72692      2.64890      0.77705      1.87185
     -1.71692      2.98255      0.91833      2.06422
     -1.70692      2.54545      0.77838      1.76707
     -1.69692      1.72657      0.44681      1.27976
     -1.68692      1.56207      0.30509      1.25697
     -1.67692      1.92140      0.32832      1.59308
     -1.66692      2.12087      0.43279      1.68808
     -1.65692      2.16127      0.56425      1.59702
     -1.64692      2.20984      0.56898      1.64085
     -1.63692      2.60572      0.66890      1.93682
     -1.62692      3.20435      0.90494      2.29941
     -1.61692      2.81741      0.81947      1.99794
     -1.60692      1.81645      0.50183      1.31462
     -1.59692      1.43813      0.29846      1.13967
     -1.58692      1.78041      0.31369      1.46673
     -1.57692      1.85744      0.35014      1.50730
     -1.56692      1.46313      0.33530      1.12782
     -1.55692      1.38604      0.41004      0.97600
     -1.54692      1.58937      0.48357      1.10580
     -1.53692      1.65528      0.45107      1.20421
     -1.52692      1.89654      0.45654      1.44000
     -1.51692      2.28341      0.52538      1.75802
     -1.50692      2.23640      0.56139      1.67501
     -1.49692      1.78634      0.55534      1.23100
     -1.48692      2.02684      0.70250      1.32434
     -1.47692      2.28249      0.76130      1.52119
     -1.46692      1.68688      0.52991      1.15697
     -1.45692      1.32773      0.39665      0.93109
     -1.44692      1.52276      0.49340      1.02937
     -1.43692      1.63176      0.59472      1.03703
     -1.42692      1.58959      0.61035      0.97925
     -1.41692      1.29660      0.49146      0.80514
     -1.40692      1.26230      0.49834      0.76396
     -1.39692      1.45027      0.61063      0.83963
     -1.38692      1.40473      0.60825      0.79647
     -1.37692      1.23620      0.52482      0.71139
     -1.36692      1.20334      0.49618      0.70716
     -1.35692      1.42673      0.56400      0.86273
     -1.34692      1.57614      0.58436      0.99179
     -1.33692      1.32154      0.45477      0.86677
     -1.32692      0.66365      0.21085      0.45280
     -1.31692      0.23730      0.08386      0.15344
     -1.30692      0.27960      0.12636      0.15324
     -1.29692      0.36195      0.17304      0.18891
     -1.28692      0.31992      0.17253      0.14739
     -1.27692      0.36868      0.19113      0.17755
     -1.26692      0.56886      0.27246      0.29639
     -1.25692      0.87909      0.43927      0.43982
     -1.24692      1.09748      0.58970      0.50778
     -1.23692      1.06551      0.62015      0.44537
     -1.22692      0.93071      0.55689      0.37382
     -1.21692      0.56554      0.32504      0.24050
     -1.20692      0.36081      0.20021      0.16059
     -1.19692      0.61778      0.36586      0.25192
     -1.18692      0.82792      0.51719      0.31072
     -1.17692      0.95096      0.57902      0.37194
     -1.16692      1.05174      0.61463      0.43711
     -1.15692      0.91962      0.55559      0.36403
     -1.14692      0.98397      0.59434      0.38963
     -1.13692      1.05595      0.60276      0.45319
     -1.12692      0.71215      0.38934      0.32281
     -1.11692      0.69757      0.38668      0.31088
     -1.10692      1.23668      0.72626      0.51042
     -1.09692      1.75355      1.05698      0.69658
     -1.08692      2.04513      1.22934      0.81579
     -1.07692      1.92687      1.14693      0.77993
     -1.06692      1.60743      0.93431      0.67312
     -1.05692      1.16385      0.67950      0.48435
     -1.04692      1.02994      0.62501      0.40493
     -1.03692      1.30682      0.81884      0.48797
     -1.02692      1.46296      0.91047      0.55249
     -1.01692      1.34482      0.82083      0.52398
     -1.00692      1.03786      0.64011      0.39775
     -0.99692      1.04411      0.65310      0.39101
     -0.98692      1.95186      1.23086      0.72100
     -0.97692      2.53756      1.63076      0.90680
     -0.96692      2.30714      1.47831      0.82883
     -0.95692      2.00343      1.24384      0.75959
     -0.94692      1.73524      1.10065      0.63460
     -0.93692      1.85237      1.22367      0.62869
     -0.92692      1.87671      1.23894      0.63778
     -0.91692      1.89875      1.23150      0.66725
     -0.90692      2.42409      1.54804      0.87605
     -0.89692      2.99264      1.91831      1.07433
     -0.88692      3.26579      2.11250      1.15328
     -0.87692      3.35029      2.21468      1.13561
     -0.86692      3.07054      2.10183      0.96871
     -0.85692      3.16961      2.22358      0.94603
     -0.84692      4.02927      2.82387      1.20541
     -0.83692      4.52597      3.18726      1.33872
     -0.82692      4.16201      2.94481      1.21720
     -0.81692      3.93474      2.69485      1.23989
     -0.80692      3.76891      2.51080      1.25811
     -0.79692      3.37545      2.29300      1.08245
     -0.78692      3.32425      2.30800      1.01625
     -0.77692      2.82734      1.94634      0.88100
     -0.76692      2.51554      1.69247      0.82307
     -0.75692      2.96873      1.98010      0.98863
     -0.74692      3.17058      2.06840      1.10218
     -0.73692      2.86259      1.85736      1.00523
     -0.72692      2.54223      1.72733      0.81490
     -0.71692      2.18956      1.52470      0.66486
     -0.70692      2.09286      1.43653      0.65633
     -0.69692      2.45644      1.66696      0.78948
     -0.68692      2.72078      1.84340      0.87739
     -0.67692      2.42155      1.62911      0.79244
     -0.66692      2.08649      1.41196      0.67453
     -0.65692      2.08944      1.42617      0.66326
     -0.64692      2.01446      1.37168      0.64278
     -0.63692      1.98696      1.34031      0.64666
     -0.62692      2.32171      1.54866      0.77305
     -0.61692      2.59092      1.74399      0.84693
     -0.60692      2.24823      1.55429      0.69393
     -0.59692      1.95087      1.38548      0.56539
     -0.58692      2.04043      1.43342      0.60701
     -0.57692      1.92509      1.31882      0.60627
     -0.56692      1.65757      1.12793      0.52964
     -0.55692      1.98481      1.36655      0.61826
     -0.54692      2.26244      1.57213      0.69032
     -0.53692      2.08512      1.44586      0.63926
     -0.52692      1.86714      1.28168      0.58546
     -0.51692      1.72028      1.18596      0.53432
     -0.50692      1.76196      1.22836      0.53361
     -0.49692      2.19882      1.54032      0.65850
     -0.48692      2.44327      1.72688      0.71639
     -0.47692      2.18059      1.55106      0.62953
     -0.46692      1.90304      1.33622      0.56683
     -0.45692      1.89724      1.31522      0.58201
     -0.44692      2.02978      1.40359      0.62619
     -0.43692      2.37472      1.63508      0.73964
     -0.42692      2.76174      1.90347      0.85827
     -0.41692      2.56206      1.77697      0.78510
     -0.40692      1.68637      1.17926      0.50711
     -0.39692      0.78150      0.55468      0.22682
     -0.38692      0.67934      0.49160      0.18773
     -0.37692      0.97202      0.70837      0.26365
     -0.36692      1.07139      0.79160      0.27979
     -0.35692      1.05387      0.79093      0.26294
     -0.34692      0.98716      0.74042      0.24674
     -0.33692      0.74537      0.54982      0.19555
     -0.32692      0.57760      0.42214      0.15546
     -0.31692      0.56404      0.41802      0.14602
     -0.30692      0.57386      0.42849      0.14537
     -0.29692      0.53605      0.40236      0.13369
     -0.28692      0.59670      0.45351      0.14319
     -0.27692      0.68678      0.52077      0.16602
     -0.26692      0.51230      0.38560      0.12670
     -0.25692      0.40062      0.30290      0.09772
     -0.24692      0.70942      0.54002      0.16939
     -0.23692      1.01343      0.77353      0.23990
     -0.22692      1.01950      0.78130      0.23819
     -0.21692      0.65618      0.50523      0.15095
     -0.20692      0.22532      0.17430      0.05102
     -0.19692      0.13910      0.10754      0.03155
     -0.18692      0.42069      0.32451      0.09618
     -0.17692      0.63480      0.48932      0.14548
     -0.16692      0.47164      0.36452      0.10712
     -0.15692      0.40922      0.31823      0.09099
     -0.14692      0.45496      0.35361      0.10136
     -0.13692      0.44405      0.34473      0.09932
     -0.12692      0.55926      0.43515      0.12411
     -0.11692      0.65710      0.51351      0.14360
     -0.10692      0.55647      0.43652      0.11995
     -0.09692      0.29658      0.23306      0.06352
     -0.08692      0.17399      0.13663      0.03736
     -0.07692      0.32726      0.25710      0.07016
     -0.06692      0.45080      0.35466      0.09615
     -0.05692      0.39185      0.30868      0.08317
     -0.04692      0.38299      0.30198      0.08101
     -0.03692      0.37211      0.29376      0.07835
     -0.02692      0.37507      0.29660      0.07846
     -0.01692      0.31745      0.25127      0.06618
     -0.00692      0.22222      0.17606      0.04616
      0.00308      0.12792      0.10140      0.02652
      0.01308      0.03566      0.02827      0.00739
      0.02308      0.00383      0.00304      0.00079
      0.03308      0.00015      0.00012      0.00003
      0.04308      0.00000      0.00000      0.00000
      0.05308      0.00000      0.00000      0.00000
      0.06308      0.00000      0.00000      0.00000
      0.07308      0.00000      0.00000      0.00000
      0.08308      0.00000      0.00000      0.00000
      0.09308      0.00000      0.00000      0.00000
      0.10308      0.00000      0.00000      0.00000
      0.11308      0.00000      0.00000      0.00000
      0.12308      0.00000      0.00000      0.00000
      0.13308      0.00000      0.00000      0.00000
      0.14308      0.00000      0.00000      0.00000
      0.15308      0.00000      0.00000      0.00000
      0.16308      0.00000      0.00000      0.00000
      0.17308      0.00000      0.00000      0.00000
      0.18308      0.00000      0.00000      0.00000
      0.19308      0.00000      0.00000      0.00000
      0.20308      0.00000      0.00000      0.00000
      0.21308      0.00000      0.00000      0.00000
      0.22308      0.00000      0.00000      0.00000
      0.23308      0.00000      0.00000      0.00000
      0.24308      0.00000      0.00000      0.00000
      0.25308      0.00000      0.00000      0.00000
      0.26308      0.00000      0.00000      0.00000
      0.27308      0.00000      0.00000      0.00000
      0.28308      0.00000      0.00000      0.00000
      0.29308      0.00000      0.00000      0.00000
      0.30308      0.00000      0.00000      0.00000
      0.31308      0.00000      0.00000      0.00000
      0.32308      0.00000      0.00000      0.00000
      0.33308      0.00000      0.00000      0.00000
      0.34308      0.00000      0.00000      0.00000
      0.35308      0.00000      0.00000      0.00000
      0.36308      0.00000      0.00000      0.00000
      0.37308      0.00000      0.00000      0.00000
      0.38308      0.00000      0.00000      0.00000
      0.39308      0.00000      0.00000      0.00000
      0.40308      0.00000      0.00000      0.00000
      0.41308      0.00000      0.00000      0.00000
      0.42308      0.00000      0.00000      0.00000
      0.43308      0.00000      0.00000      0.00000
      0.44308      0.00000      0.00000      0.00000
      0.45308      0.00000      0.00000      0.00000
      0.46308      0.00000      0.00000      0.00000
      0.47308      0.00000      0.00000      0.00000
      0.48308      0.00000      0.00000      0.00000
      0.49308      0.00000      0.00000      0.00000
      0.50308      0.00000      0.00000      0.00000
      0.51308      0.00000      0.00000      0.00000
      0.52308      0.00000      0.00000      0.00000
      0.53308      0.00000      0.00000      0.00000
      0.54308      0.00000      0.00000      0.00000
      0.55308      0.00000      0.00000      0.00000
      0.56308      0.00000      0.00000      0.00000
      0.57308      0.00000      0.00000      0.00000
      0.58308      0.00000      0.00000      0.00000
      0.59308      0.00000      0.00000      0.00000
      0.60308      0.00000      0.00000      0.00000
      0.61308      0.00000      0.00000      0.00000
      0.62308      0.00000      0.00000      0.00000
      0.63308      0.00000      0.00000      0.00000
      0.64308      0.00000      0.00000      0.00000
      0.65308      0.00000      0.00000      0.00000
      0.66308      0.00000      0.00000      0.00000
      0.67308      0.00000      0.00000      0.00000
      0.68308      0.00000      0.00000      0.00000
      0.69308      0.00000      0.00000      0.00000
      0.70308      0.00000      0.00000      0.00000
      0.71308      0.00000      0.00000      0.00000
      0.72308      0.00000      0.00000      0.00000
      0.73308      0.00000      0.00000      0.00000
      0.74308      0.00000      0.00000      0.00000
      0.75308      0.00000      0.00000      0.00000
      0.76308      0.00000      0.00000      0.00000
      0.77308      0.00000      0.00000      0.00000
      0.78308      0.00000      0.00000      0.00000
      0.79308      0.00000      0.00000      0.00000
      0.80308      0.00000      0.00000      0.00000
      0.81308      0.00000      0.00000      0.00000
      0.82308      0.00000      0.00000      0.00000
      0.83308      0.00000      0.00000      0.00000
      0.84308      0.00000      0.00000      0.00000
      0.85308      0.00000      0.00000      0.00000
      0.86308      0.00000      0.00000      0.00000
      0.87308      0.00000      0.00000      0.00000
      0.88308      0.00000      0.00000      0.00000
      0.89308      0.00000      0.00000      0.00000
      0.90308      0.00000      0.00000      0.00000
      0.91308      0.00000      0.00000      0.00000
      0.92308      0.00000      0.00000      0.00000
      0.93308      0.00000      0.00000      0.00000
      0.94308      0.00000      0.00000      0.00000
      0.95308      0.00000      0.00000      0.00000
      0.96308      0.00000      0.00000      0.00000
      0.97308      0.00000      0.00000      0.00000
      0.98308      0.00000      0.00000      0.00000
      0.99308      0.00000      0.00000      0.00000
      1.00308      0.00000      0.00000      0.00000
      1.01308      0.00000      0.00000      0.00000
      1.02308      0.00000      0.00000      0.00000
      1.03308      0.00000      0.00000      0.00000
      1.04308      0.00000      0.00000      0.00000
      1.05308      0.00000      0.00000      0.00000
      1.06308      0.00000      0.00000      0.00000
      1.07308      0.00000      0.00000      0.00000
      1.08308      0.00000      0.00000      0.00000
      1.09308      0.00000      0.00000      0.00000
      1.10308      0.00000      0.00000      0.00000
      1.11308      0.00000      0.00000      0.00000
      1.12308      0.00000      0.00000      0.00000
      1.13308      0.00000      0.00000      0.00000
      1.14308      0.00000      0.00000      0.00000
      1.15308      0.00000      0.00000      0.00000
      1.16308      0.00000      0.00000      0.00000
      1.17308      0.00000      0.00000      0.00000
      1.18308      0.00000      0.00000      0.00000
      1.19308      0.00000      0.00000      0.00000
      1.20308      0.00000      0.00000      0.00000
      1.21308      0.00000      0.00000      0.00000
      1.22308      0.00000      0.00000      0.00000
      1.23308      0.00000      0.00000      0.00000
      1.24308      0.00000      0.00000      0.00000
      1.25308      0.00000      0.00000      0.00000
      1.26308      0.00000      0.00000      0.00000
      1.27308      0.00000      0.00000      0.00000
      1.28308      0.00000      0.00000      0.00000
      1.29308      0.00000      0.00000      0.00000
      1.30308      0.00000      0.00000      0.00000
      1.31308      0.00000      0.00000      0.00000
      1.32308      0.00000      0.00000      0.00000
      1.33308      0.00000      0.00000      0.00000
      1.34308      0.00000      0.00000      0.00000
      1.35308      0.00000      0.00000      0.00000
      1.36308      0.00000      0.00000      0.00000
      1.37308      0.00000      0.00000      0.00000
      1.38308      0.00000      0.00000      0.00000
      1.39308      0.00000      0.00000      0.00000
      1.40308      0.00000      0.00000      0.00000
      1.41308      0.00000      0.00000      0.00000
      1.42308      0.00000      0.00000      0.00000
      1.43308      0.00000      0.00000      0.00000
      1.44308      0.00000      0.00000      0.00000
      1.45308      0.00000      0.00000      0.00000
      1.46308      0.00000      0.00000      0.00000
      1.47308      0.00000      0.00000      0.00000
      1.48308      0.00000      0.00000      0.00000
      1.49308      0.00000      0.00000      0.00000
      1.50308      0.00000      0.00000      0.00000
      1.51308      0.00000      0.00000      0.00000
      1.52308      0.00000      0.00000      0.00000
      1.53308      0.00000      0.00000      0.00000
      1.54308      0.00000      0.00000      0.00000
      1.55308      0.00000      0.00000      0.00000
      1.56308      0.00000      0.00000      0.00000
      1.57308      0.00000      0.00000      0.00000
      1.58308      0.00000      0.00000      0.00000
      1.59308      0.00000      0.00000      0.00000
      1.60308      0.00000      0.00000      0.00000
      1.61308      0.00000      0.00000      0.00000
      1.62308      0.00000      0.00000      0.00000
      1.63308      0.00000      0.00000      0.00000
      1.64308      0.00000      0.00000      0.00000
      1.65308      0.00000      0.00000      0.00000
      1.66308      0.00000      0.00000      0.00000
      1.67308      0.00000      0.00000      0.00000
      1.68308      0.00000      0.00000      0.00000
      1.69308      0.00000      0.00000      0.00000
      1.70308      0.00000      0.00000      0.00000
      1.71308      0.00000      0.00000      0.00000
      1.72308      0.00000      0.00000      0.00000
      1.73308      0.00000      0.00000      0.00000
      1.74308      0.00000      0.00000      0.00000
      1.75308      0.00000      0.00000      0.00000
      1.76308      0.00000      0.00000      0.00000
      1.77308      0.00000      0.00000      0.00000
      1.78308      0.00000      0.00000      0.00000
      1.79308      0.00000      0.00000      0.00000
      1.80308      0.00000      0.00000      0.00000
      1.81308      0.00000      0.00000      0.00000
      1.82308      0.00000      0.00000      0.00000
      1.83308      0.00000      0.00000      0.00000
      1.84308      0.00000      0.00000      0.00000
      1.85308      0.00000      0.00000      0.00000
      1.86308      0.00000      0.00000      0.00000
      1.87308      0.00000      0.00000      0.00000
      1.88308      0.00000      0.00000      0.00000
      1.89308      0.00000      0.00000      0.00000
      1.90308      0.00000      0.00000      0.00000
      1.91308      0.00000      0.00000      0.00000
      1.92308      0.00000      0.00000      0.00000
      1.93308      0.00000      0.00000      0.00000
      1.94308      0.00000      0.00000      0.00000
      1.95308      0.00000      0.00000      0.00000
      1.96308      0.00000      0.00000      0.00000
      1.97308      0.00000      0.00000      0.00000
      1.98308      0.00000      0.00000      0.00000
      1.99308      0.00000      0.00000      0.00000
      2.00308      0.00000      0.00000      0.00000
      2.01308      0.00000      0.00000      0.00000
      2.02308      0.00000      0.00000      0.00000
      2.03308      0.00000      0.00000      0.00000
      2.04308      0.00000      0.00000      0.00000
      2.05308      0.00000      0.00000      0.00000
      2.06308      0.00000      0.00000      0.00000
      2.07308      0.00000      0.00000      0.00000
      2.08308      0.00000      0.00000      0.00000
      2.09308      0.00000      0.00000      0.00000
      2.10308      0.00000      0.00000      0.00000
      2.11308      0.00000      0.00000      0.00000
      2.12308      0.00000      0.00000      0.00000
      2.13308      0.00000      0.00000      0.00000
      2.14308      0.00000      0.00000      0.00000
      2.15308      0.00000      0.00000      0.00000
      2.16308      0.00000      0.00000      0.00000
      2.17308      0.00000      0.00000      0.00000
      2.18308      0.00000      0.00000      0.00000
      2.19308      0.00000      0.00000      0.00000
      2.20308      0.00000      0.00000      0.00000
      2.21308      0.00002      0.00002      0.00000
      2.22308      0.00087      0.00078      0.00009
      2.23308      0.01330      0.01192      0.00138
      2.24308      0.07547      0.06762      0.00785
      2.25308      0.17482      0.15659      0.01823
      2.26308      0.25074      0.22440      0.02634
      2.27308      0.33201      0.29691      0.03511
      2.28308      0.26563      0.23731      0.02833
      2.29308      0.21215      0.18474      0.02741
      2.30308      0.44467      0.34970      0.09497
      2.31308      0.85769      0.57581      0.28188
      2.32308      1.40039      0.88030      0.52010
      2.33308      1.89801      1.19952      0.69849
      2.34308      1.97340      1.19564      0.77777
      2.35308      1.76789      1.04044      0.72745
      2.36308      1.78865      1.10072      0.68793
      2.37308      1.94117      1.21930      0.72187
      2.38308      2.02248      1.23524      0.78724
      2.39308      2.20774      1.29370      0.91403
      2.40308      2.38864      1.43089      0.95775
      2.41308      2.31293      1.45560      0.85733
      2.42308      2.29426      1.47014      0.82412
      2.43308      2.30903      1.49095      0.81808
      2.44308      2.13990      1.33651      0.80339
      2.45308      2.35055      1.36243      0.98811
      2.46308      2.71146      1.56616      1.14530
      2.47308      2.49160      1.48817      1.00343
      2.48308      2.57820      1.59598      0.98222
      2.49308      2.96626      1.82220      1.14405
      2.50308      2.90498      1.74025      1.16473
      2.51308      2.70338      1.64235      1.06104
      2.52308      2.78506      1.78673      0.99832
      2.53308      2.99974      1.97828      1.02146
      2.54308      3.76627      2.32818      1.43809
      2.55308      4.90832      2.81161      2.09672
      2.56308      4.75426      2.72251      2.03176
      2.57308      3.24331      1.95765      1.28566
      2.58308      2.78003      1.81287      0.96715
      2.59308      3.49573      2.26316      1.23257
      2.60308      4.00567      2.48265      1.52302
      2.61308      3.90351      2.36010      1.54342
      2.62308      3.31175      2.03228      1.27948
      2.63308      2.93700      1.87675      1.06026
      2.64308      3.13944      2.10192      1.03752
      2.65308      4.09257      2.80301      1.28956
      2.66308      4.70337      3.12804      1.57533
      2.67308      3.96367      2.54402      1.41965
      2.68308      3.21259      2.07847      1.13411
      2.69308      2.96939      2.01535      0.95404
      2.70308      2.28304      1.60360      0.67944
      2.71308      1.62170      1.08870      0.53300
      2.72308      2.02766      1.29869      0.72897
      2.73308      2.64605      1.74564      0.90041
      2.74308      2.60585      1.74113      0.86472
      2.75308      2.32700      1.50333      0.82366
      2.76308      2.31037      1.50369      0.80668
      2.77308      2.60567      1.84219      0.76348
      2.78308      2.65978      1.96947      0.69031
      2.79308      2.22408      1.61177      0.61231
      2.80308      1.71541      1.17812      0.53729
      2.81308      1.47157      0.95181      0.51976
      2.82308      1.57811      1.00770      0.57041
      2.83308      1.77460      1.19742      0.57719
      2.84308      1.77112      1.22738      0.54375
      2.85308      1.77251      1.25936      0.51315
      2.86308      2.11109      1.52467      0.58642
      2.87308      2.14150      1.56636      0.57514
      2.88308      1.87571      1.38431      0.49140
      2.89308      1.68885      1.24180      0.44704
      2.90308      1.67039      1.22457      0.44582
      2.91308      1.86204      1.31591      0.54613
      2.92308      1.72478      1.21950      0.50528
      2.93308      1.40198      1.05183      0.35014
      2.94308      1.76845      1.35284      0.41561
      2.95308      2.80574      2.05870      0.74703
      2.96308      3.67175      2.67317      0.99859
      2.97308      3.80846      2.84717      0.96129
      2.98308      3.48539      2.61113      0.87425
      2.99308      3.33270      2.38858      0.94412
      3.00308      3.21215      2.21322      0.99893
      3.01308      3.96828      2.68496      1.28332
      3.02308      5.07511      3.45596      1.61915
      3.03308      5.97412      4.13890      1.83522
      3.04308      7.46539      5.19880      2.26659
      3.05308      7.36195      5.14170      2.22025
      3.06308      5.70849      3.97073      1.73777
      3.07308      5.08111      3.62028      1.46083
      3.08308      5.44234      3.95651      1.48583
      3.09308      5.80138      4.14881      1.65257
      3.10308      5.17714      3.70560      1.47155
      3.11308      4.08176      2.92576      1.15600
      3.12308      3.59043      2.46507      1.12536
      3.13308      3.75650      2.54340      1.21310
      3.14308      3.53829      2.45890      1.07939
      3.15308      2.42998      1.71355      0.71643
      3.16308      1.91200      1.32422      0.58778
      3.17308      2.40207      1.61608      0.78599
      3.18308      2.59838      1.74230      0.85607
      3.19308      3.06476      2.06627      0.99849
      3.20308      4.39753      2.86945      1.52808
      3.21308      5.64011      3.57090      2.06921
      3.22308      5.46111      3.49529      1.96582
      3.23308      4.37745      2.93244      1.44501
      3.24308      4.05198      2.83038      1.22160
      3.25308      4.77629      3.37164      1.40465
      3.26308      5.97242      4.18199      1.79043
      3.27308      6.26806      4.25140      2.01666
      3.28308      5.52849      3.62375      1.90474
      3.29308      4.95235      3.29811      1.65424
      3.30308      5.22941      3.68904      1.54037
      3.31308      6.53859      4.75071      1.78788
      3.32308      7.51791      5.22065      2.29726
      3.33308      6.44350      4.29722      2.14627
      3.34308      4.76850      3.33017      1.43833
      3.35308      3.73177      2.71538      1.01639
      3.36308      4.06044      2.89485      1.16559
      3.37308      5.70728      4.07358      1.63370
      3.38308      6.25454      4.47663      1.77791
      3.39308      4.95773      3.52670      1.43103
      3.40308      3.84833      2.71355      1.13478
      3.41308      4.02965      2.76191      1.26774
      3.42308      3.79741      2.50017      1.29724
      3.43308      2.94706      1.86521      1.08186
      3.44308      3.03865      1.87449      1.16416
      3.45308      3.12164      1.84062      1.28102
      3.46308      2.79638      1.71133      1.08506
      3.47308      3.02511      2.09354      0.93157
      3.48308      3.31214      2.39643      0.91572
      3.49308      3.81111      2.63113      1.17998
      3.50308      4.45001      2.87537      1.57464
      3.51308      3.86675      2.44501      1.42174
      3.52308      2.81933      1.71963      1.09970
      3.53308      2.22072      1.27093      0.94979
      3.54308      2.07681      1.22186      0.85495
      3.55308      2.46581      1.52453      0.94127
      3.56308      2.85147      1.73204      1.11942
      3.57308      2.62958      1.55374      1.07585
      3.58308      2.70474      1.61425      1.09049
      3.59308      2.92869      1.69007      1.23861
      3.60308      3.00447      1.63002      1.37444
      3.61308      3.10335      1.69473      1.40862
      3.62308      2.93419      1.62057      1.31362
      3.63308      2.98239      1.63534      1.34705
      3.64308      3.49924      1.95501      1.54422
      3.65308      3.80340      2.17236      1.63104
      3.66308      4.29892      2.47277      1.82615
      3.67308      4.93678      2.74375      2.19304
      3.68308      4.70991      2.49132      2.21858
      3.69308      3.89899      2.02112      1.87787
      3.70308      4.19421      2.23742      1.95679
      3.71308      4.75257      2.52363      2.22894
      3.72308      3.83091      1.93703      1.89388
      3.73308      2.72227      1.36854      1.35373
      3.74308      2.92317      1.58423      1.33894
      3.75308      3.88848      2.09949      1.78899
      3.76308      4.23054      2.22680      2.00375
      3.77308      3.21825      1.76482      1.45343
      3.78308      1.96818      1.14400      0.82418
      3.79308      1.72470      0.96066      0.76403
      3.80308      1.90339      1.05137      0.85202
      3.81308      2.17989      1.22115      0.95875
      3.82308      2.71839      1.53186      1.18654
      3.83308      3.31295      1.87148      1.44147
      3.84308      3.78204      2.09151      1.69053
      3.85308      3.17810      1.75873      1.41938
      3.86308      1.99961      1.12727      0.87234
      3.87308      1.65515      0.90668      0.74847
      3.88308      1.84274      0.96351      0.87923
      3.89308      2.04244      1.06834      0.97410
      3.90308      2.02601      1.09972      0.92629
      3.91308      1.87972      1.07186      0.80786
      3.92308      1.94876      1.11490      0.83385
      3.93308      2.08449      1.15298      0.93151
      3.94308      2.22289      1.22978      0.99311
      3.95308      2.32828      1.31751      1.01077
      3.96308      1.93969      1.05503      0.88466
      3.97308      1.66801      0.84813      0.81988
      3.98308      1.77931      0.94262      0.83668
      3.99308      2.07260      1.17923      0.89337
      4.00308      2.35992      1.35023      1.00969
      4.01308      2.75651      1.50689      1.24962
      4.02308      2.47553      1.30795      1.16759
      4.03308      1.48029      0.75852      0.72177
      4.04308      0.98902      0.47878      0.51024
      4.05308      0.85565      0.40730      0.44835
      4.06308      1.02542      0.49874      0.52668
      4.07308      1.62850      0.78791      0.84058
      4.08308      2.01365      0.95689      1.05676
      4.09308      1.88077      0.89422      0.98655
      4.10308      1.59206      0.77425      0.81781
      4.11308      1.13434      0.55194      0.58240
      4.12308      0.95285      0.46064      0.49222
      4.13308      0.86098      0.42220      0.43877
      4.14308      0.81184      0.39740      0.41444
      4.15308      1.22546      0.59555      0.62991
      4.16308      1.74875      0.84894      0.89981
      4.17308      1.85185      0.89948      0.95237
      4.18308      1.89698      0.92909      0.96788
      4.19308      1.78479      0.87303      0.91176
      4.20308      1.17580      0.57047      0.60534
      4.21308      0.79395      0.38889      0.40506
      4.22308      0.61751      0.30323      0.31428
      4.23308      0.87547      0.41711      0.45836
      4.24308      1.73072      0.81131      0.91941
      4.25308      2.16816      1.01941      1.14875
      4.26308      1.91020      0.91192      0.99828
      4.27308      1.59739      0.76522      0.83217
      4.28308      1.24583      0.59266      0.65317
      4.29308      1.14621      0.54734      0.59888
      4.30308      1.47833      0.70825      0.77009
      4.31308      1.35088      0.64787      0.70301
      4.32308      1.44658      0.69144      0.75514
      4.33308      1.95857      0.93236      1.02621
      4.34308      1.91984      0.91785      1.00199
      4.35308      1.51738      0.72626      0.79112
      4.36308      1.18981      0.56581      0.62399
      4.37308      1.12638      0.53472      0.59166
      4.38308      1.35590      0.64375      0.71216
      4.39308      1.75219      0.83509      0.91710
      4.40308      2.34212      1.11137      1.23076
      4.41308      2.80072      1.31659      1.48413
      4.42308      2.28293      1.06772      1.21521
      4.43308      1.38630      0.64928      0.73702
      4.44308      0.80075      0.37771      0.42304
      4.45308      0.54929      0.26167      0.28763
      4.46308      0.53551      0.25944      0.27607
      4.47308      0.66223      0.32189      0.34034
      4.48308      1.13581      0.54634      0.58947
      4.49308      1.59209      0.76040      0.83169
      4.50308      1.55743      0.74168      0.81574
      4.51308      1.03061      0.49245      0.53816
      4.52308      0.61576      0.29854      0.31722
      4.53308      0.54512      0.26866      0.27645
      4.54308      0.49521      0.24326      0.25195
      4.55308      0.66971      0.31561      0.35410
      4.56308      1.20537      0.55916      0.64621
      4.57308      1.52065      0.70718      0.81347
      4.58308      1.40946      0.66113      0.74832
      4.59308      0.90418      0.42712      0.47706
      4.60308      0.40235      0.18928      0.21307
      4.61308      0.18178      0.08448      0.09730
      4.62308      0.19970      0.09277      0.10693
      4.63308      0.50380      0.23446      0.26933
      4.64308      0.87501      0.40760      0.46741
      4.65308      0.91077      0.42479      0.48598
      4.66308      0.50886      0.23777      0.27110
      4.67308      0.15526      0.07265      0.08262
      4.68308      0.18655      0.08701      0.09954
      4.69308      0.67179      0.31267      0.35912
      4.70308      1.44197      0.66983      0.77215
      4.71308      1.87409      0.87146      1.00263
      4.72308      1.68625      0.78880      0.89746
      4.73308      1.13307      0.53309      0.59998
      4.74308      0.70294      0.33052      0.37242
      4.75308      0.66308      0.31049      0.35259
      4.76308      0.87274      0.40782      0.46491
      4.77308      1.36520      0.63765      0.72755
      4.78308      1.57142      0.73658      0.83484
      4.79308      1.31830      0.62229      0.69602
      4.80308      1.10771      0.51981      0.58789
      4.81308      1.39292      0.64356      0.74935
      4.82308      2.10533      0.97925      1.12609
      4.83308      2.52669      1.18883      1.33786
      4.84308      2.48203      1.17519      1.30684
      4.85308      2.18104      1.03396      1.14708
      4.86308      2.04029      0.97188      1.06840
      4.87308      2.33093      1.11652      1.21442
      4.88308      2.24478      1.07733      1.16745
      4.89308      1.66236      0.79685      0.86551
      4.90308      2.25118      1.06705      1.18413
      4.91308      4.05052      1.92403      2.12649
      4.92308      4.45543      2.12335      2.33208
      4.93308      2.94714      1.40385      1.54329
      4.94308      2.47106      1.18375      1.28731
      4.95308      3.15102      1.51589      1.63513
      4.96308      3.77788      1.82139      1.95648
      4.97308      4.81680      2.32465      2.49215
      4.98308      6.16160      2.96514      3.19646
      4.99308      6.53713      3.12030      3.41683
      5.00308      6.06827      2.87863      3.18964
      5.01308      5.50369      2.62885      2.87484
      5.02308      4.99206      2.43305      2.55901
      5.03308      4.29734      2.13043      2.16690
      5.04308      4.01826      1.99086      2.02739
      5.05308      3.84834      1.88653      1.96181
      5.06308      3.28678      1.60279      1.68399
      5.07308      2.81809      1.37847      1.43961
      5.08308      2.46755      1.20239      1.26515
      5.09308      2.52165      1.23122      1.29043
      5.10308      3.16201      1.56079      1.60122
      5.11308      3.56355      1.78371      1.77984
      5.12308      2.95818      1.50550      1.45267
      5.13308      1.79586      0.92063      0.87524
      5.14308      1.22907      0.60915      0.61992
      5.15308      0.97349      0.46302      0.51047
      5.16308      0.88688      0.45046      0.43641
      5.17308      2.01408      1.09724      0.91685
      5.18308      3.20613      1.75519      1.45094
      5.19308      2.43017      1.30691      1.12326
      5.20308      1.60332      0.78562      0.81769
      5.21308      1.71058      0.78556      0.92501
      5.22308      1.44857      0.68520      0.76336
      5.23308      1.03207      0.53602      0.49605
      5.24308      0.82473      0.45485      0.36987
      5.25308      0.89940      0.50223      0.39717
      5.26308      1.26289      0.69423      0.56867
      5.27308      1.61086      0.85107      0.75979
      5.28308      1.53133      0.77560      0.75573
      5.29308      1.25650      0.61976      0.63674
      5.30308      1.58608      0.79805      0.78803
      5.31308      2.01451      1.02998      0.98452
      5.32308      1.68123      0.89511      0.78612
      5.33308      1.02536      0.54810      0.47726
      5.34308      0.72899      0.32835      0.40064
      5.35308      0.86119      0.37021      0.49098
      5.36308      1.01716      0.48851      0.52865
      5.37308      0.86194      0.45018      0.41176
      5.38308      0.81308      0.42045      0.39263
      5.39308      1.11164      0.54984      0.56180
      5.40308      1.11558      0.57677      0.53881
      5.41308      0.84578      0.48046      0.36532
      5.42308      0.72595      0.43696      0.28899
      5.43308      0.80138      0.48868      0.31271
      5.44308      0.89075      0.51601      0.37474
      5.45308      0.81652      0.42718      0.38934
      5.46308      0.65982      0.32914      0.33069
      5.47308      0.83301      0.40944      0.42357
      5.48308      1.08276      0.53195      0.55081
      5.49308      1.03679      0.53234      0.50445
      5.50308      1.24291      0.60284      0.64007
      5.51308      1.65711      0.74481      0.91230
      5.52308      1.59470      0.70739      0.88731
      5.53308      1.34737      0.57855      0.76882
      5.54308      1.32105      0.56242      0.75863
      5.55308      0.94684      0.43445      0.51239
      5.56308      0.39802      0.20494      0.19307
      5.57308      0.14993      0.07739      0.07254
      5.58308      0.26501      0.12030      0.14472
      5.59308      0.62480      0.30179      0.32301
      5.60308      0.94091      0.42673      0.51419
      5.61308      1.12389      0.43244      0.69145
      5.62308      0.98518      0.35178      0.63339
      5.63308      0.67337      0.25654      0.41684
      5.64308      0.61502      0.25976      0.35526
      5.65308      0.69851      0.27558      0.42293
      5.66308      0.49140      0.18089      0.31052
      5.67308      0.16156      0.05829      0.10327
      5.68308      0.02228      0.00805      0.01424
      5.69308      0.00128      0.00046      0.00082
      5.70308      0.00250      0.00079      0.00170
      5.71308      0.03493      0.01149      0.02344
      5.72308      0.19325      0.06983      0.12341
      5.73308      0.45890      0.19805      0.26086
      5.74308      0.56293      0.29125      0.27168
      5.75308      0.59097      0.27997      0.31100
      5.76308      0.88475      0.32119      0.56357
      5.77308      1.08280      0.36121      0.72159
      5.78308      0.97865      0.31776      0.66088
      5.79308      0.84109      0.27531      0.56578
      5.80308      0.91957      0.30658      0.61298
      5.81308      0.93735      0.31698      0.62037
      5.82308      0.73248      0.25383      0.47865
      5.83308      0.62199      0.21970      0.40229
      5.84308      0.60894      0.21880      0.39014
      5.85308      1.00802      0.38098      0.62705
      5.86308      1.53786      0.60257      0.93529
      5.87308      1.24716      0.48940      0.75776
      5.88308      0.64578      0.25766      0.38811
      5.89308      0.38857      0.20502      0.18355
      5.90308      0.37024      0.23433      0.13591
      5.91308      0.33736      0.17695      0.16041
      5.92308      0.36567      0.13694      0.22872
      5.93308      0.36519      0.12674      0.23845
      5.94308      0.43302      0.15332      0.27970
      5.95308      0.51847      0.18787      0.33060
      5.96308      0.47543      0.19261      0.28282
      5.97308      0.44691      0.20726      0.23965
      5.98308      0.55058      0.22559      0.32499
      5.99308      0.62090      0.22019      0.40071
      6.00308      0.63275      0.23710      0.39565
      6.01308      0.64986      0.25863      0.39123
      6.02308      0.66845      0.23492      0.43353
      6.03308      0.70334      0.21808      0.48526
      6.04308      0.53641      0.16598      0.37043
      6.05308      0.52426      0.19500      0.32925
      6.06308      0.78141      0.34726      0.43415
      6.07308      1.01170      0.43410      0.57760
      6.08308      0.92642      0.34212      0.58429
      6.09308      0.64929      0.21260      0.43669
      6.10308      0.38612      0.11909      0.26703
      6.11308      0.33872      0.10091      0.23781
      6.12308      0.27856      0.08267      0.19589
      6.13308      0.14984      0.04641      0.10342
      6.14308      0.30218      0.10017      0.20201
      6.15308      0.78749      0.26077      0.52671
      6.16308      1.27894      0.42777      0.85117
      6.17308      1.28880      0.47632      0.81248
      6.18308      0.93878      0.41635      0.52242
      6.19308      0.68122      0.32541      0.35582
      6.20308      0.63938      0.31794      0.32144
      6.21308      0.80680      0.35283      0.45398
      6.22308      1.03220      0.36081      0.67139
      6.23308      1.09967      0.35999      0.73968
      6.24308      0.96464      0.35935      0.60529
      6.25308      0.86991      0.38034      0.48958
      6.26308      0.84279      0.34034      0.50244
      6.27308      0.86859      0.29749      0.57111
      6.28308      0.78311      0.24710      0.53601
      6.29308      0.86538      0.26074      0.60464
      6.30308      1.15096      0.35153      0.79943
      6.31308      1.29560      0.44605      0.84955
      6.32308      1.49161      0.59919      0.89242
      6.33308      1.51188      0.62590      0.88598
      6.34308      1.13951      0.44412      0.69539
      6.35308      0.74929      0.25596      0.49333
      6.36308      0.62073      0.18650      0.43423
      6.37308      0.63241      0.18375      0.44866
      6.38308      0.65219      0.19540      0.45679
      6.39308      0.97970      0.32964      0.65006
      6.40308      1.32423      0.50292      0.82131
      6.41308      1.15349      0.45127      0.70221
      6.42308      0.80913      0.27734      0.53179
      6.43308      0.61820      0.18614      0.43206
      6.44308      0.63744      0.18937      0.44807
      6.45308      0.79855      0.23979      0.55876
      6.46308      0.84635      0.25456      0.59179
      6.47308      0.82379      0.24324      0.58055
      6.48308      0.89665      0.27074      0.62591
      6.49308      1.01548      0.35661      0.65887
      6.50308      1.30365      0.51071      0.79294
      6.51308      1.70181      0.63596      1.06585
      6.52308      2.29137      0.82076      1.47060
      6.53308      2.33398      0.84145      1.49254
      6.54308      1.57514      0.60914      0.96600
      6.55308      1.00457      0.40121      0.60336
      6.56308      0.71724      0.24881      0.46843
      6.57308      0.58252      0.18914      0.39338
      6.58308      0.50769      0.19752      0.31017
      6.59308      0.57743      0.28076      0.29667
      6.60308      0.90943      0.38933      0.52009
      6.61308      1.03778      0.37470      0.66307
      6.62308      0.63936      0.24380      0.39556
      6.63308      0.51380      0.28834      0.22546
      6.64308      0.82771      0.46396      0.36375
      6.65308      1.02232      0.45802      0.56430
      6.66308      0.94859      0.32864      0.61995
      6.67308      0.72248      0.22268      0.49980
      6.68308      0.64818      0.19720      0.45099
      6.69308      0.78211      0.24066      0.54144
      6.70308      0.77735      0.25088      0.52648
      6.71308      0.59644      0.23471      0.36173
      6.72308      0.65073      0.30921      0.34152
      6.73308      0.54298      0.25890      0.28408
      6.74308      0.30717      0.12496      0.18221
      6.75308      0.51261      0.16894      0.34368
      6.76308      0.83879      0.27424      0.56455
      6.77308      0.65686      0.21638      0.44048
      6.78308      0.34058      0.11754      0.22304
      6.79308      0.51711      0.21380      0.30331
      6.80308      1.00670      0.49448      0.51222
      6.81308      1.28179      0.71443      0.56735
      6.82308      1.01110      0.61244      0.39866
      6.83308      0.53765      0.33998      0.19768
      6.84308      0.22143      0.12922      0.09222
      6.85308      0.26589      0.10734      0.15854
      6.86308      0.58330      0.24520      0.33810
      6.87308      0.75324      0.33419      0.41905
      6.88308      0.53219      0.22676      0.30543
      6.89308      0.23776      0.10634      0.13141
      6.90308      0.25800      0.15297      0.10503
      6.91308      0.40844      0.25331      0.15513
      6.92308      0.35156      0.21958      0.13198
      6.93308      0.24826      0.15670      0.09156
      6.94308      0.34763      0.21241      0.13523
      6.95308      0.45934      0.23371      0.22562
      6.96308      0.59575      0.24711      0.34864
      6.97308      0.62504      0.28075      0.34429
      6.98308      0.52136      0.25157      0.26979
      6.99308      0.73779      0.26824      0.46955
      7.00308      1.34689      0.42829      0.91860
      7.01308      1.33980      0.43745      0.90235
      7.02308      0.76168      0.30777      0.45391
      7.03308      0.47827      0.25927      0.21899
      7.04308      0.48288      0.27447      0.20842
      7.05308      0.65368      0.35627      0.29741
      7.06308      0.95460      0.49626      0.45835
      7.07308      1.21736      0.63319      0.58418
      7.08308      1.27602      0.67298      0.60304
      7.09308      1.46101      0.71632      0.74470
      7.10308      1.37807      0.60387      0.77420
      7.11308      1.21679      0.46381      0.75298
      7.12308      1.74738      0.64042      1.10696
      7.13308      1.84371      0.71941      1.12429
      7.14308      1.25878      0.54510      0.71368
      7.15308      1.02862      0.47033      0.55828
      7.16308      1.18380      0.53967      0.64413
      7.17308      1.31540      0.57390      0.74150
      7.18308      1.23251      0.51697      0.71553
      7.19308      1.20990      0.53231      0.67759
      7.20308      1.32625      0.60191      0.72434
      7.21308      1.32917      0.58638      0.74279
      7.22308      1.30552      0.57367      0.73185
      7.23308      1.40119      0.64104      0.76015
      7.24308      1.22638      0.56554      0.66084
