Energy-E_F (eV)    DOS (1/eV)    PDOS (1/eV)  of atom type W  Se 
     -5.83951      2.29048      0.00000      0.00000
     -5.82951      2.98803      0.00000      0.00000
     -5.81951      3.33193      0.00000      0.00000
     -5.80951      2.82111      0.00000      0.00000
     -5.79951      2.22474      0.00000      0.00000
     -5.78951      2.18707      0.00000      0.00000
     -5.77951      2.08813      0.00000      0.00000
     -5.76951      2.17342      0.00000      0.00000
     -5.75951      2.18796      0.00000      0.00000
     -5.74951      1.99110      0.00000      0.00000
     -5.73951      1.89056      0.00000      0.00000
     -5.72951      2.12562      0.00000      0.00000
     -5.71951      2.73651      0.00000      0.00000
     -5.70951      2.65553      0.00000      0.00000
     -5.69951      1.83430      0.00000      0.00000
     -5.68951      1.88569      0.00000      0.00000
     -5.67951      2.99323      0.00000      0.00000
     -5.66951      3.27295      0.00000      0.00000
     -5.65951      2.48523      0.00000      0.00000
     -5.64951      2.30970      0.00000      0.00000
     -5.63951      2.90412      0.00000      0.00000
     -5.62951      3.37070      0.00000      0.00000
     -5.61951      3.12065      0.00000      0.00000
     -5.60951      2.80432      0.00000      0.00000
     -5.59951      2.55695      0.00000      0.00000
     -5.58951      2.36125      0.00000      0.00000
     -5.57951      2.60839      0.00000      0.00000
     -5.56951      2.64795      0.00000      0.00000
     -5.55951      2.66243      0.00000      0.00000
     -5.54951      2.71313      0.00000      0.00000
     -5.53951      2.77435      0.00000      0.00000
     -5.52951      3.59552      0.00000      0.00000
     -5.51951      4.84023      0.00000      0.00000
     -5.50951      6.00491      0.00000      0.00000
     -5.49951      7.26356      0.00000      0.00000
     -5.48951      8.12818      0.00000      0.00000
     -5.47951      7.11223      0.00000      0.00000
     -5.46951      5.71090      0.00000      0.00000
     -5.45951      6.15108      0.00000      0.00000
     -5.44951      6.30724      0.00000      0.00000
     -5.43951      5.57741      0.00000      0.00000
     -5.42951      5.30969      0.00000      0.00000
     -5.41951      5.83824      0.00000      0.00000
     -5.40951      6.70408      0.00000      0.00000
     -5.39951      7.09265      0.00000      0.00000
     -5.38951      6.70250      0.00000      0.00000
     -5.37951      5.93444      0.00000      0.00000
     -5.36951      5.62010      0.00000      0.00000
     -5.35951      5.28211      0.00000      0.00000
     -5.34951      4.44856      0.00000      0.00000
     -5.33951      4.40268      0.00000      0.00000
     -5.32951      4.95895      0.00000      0.00000
     -5.31951      5.03373      0.00000      0.00000
     -5.30951      4.61605      0.00000      0.00000
     -5.29951      4.58397      0.00000      0.00000
     -5.28951      5.46560      0.00000      0.00000
     -5.27951      5.97358      0.00000      0.00000
     -5.26951      5.90881      0.00000      0.00000
     -5.25951      5.91443      0.00000      0.00000
     -5.24951      5.15551      0.00000      0.00000
     -5.23951      4.38776      0.00000      0.00000
     -5.22951      4.27500      0.00000      0.00000
     -5.21951      4.29071      0.00000      0.00000
     -5.20951      4.23463      0.00000      0.00000
     -5.19951      4.34941      0.00000      0.00000
     -5.18951      4.46259      0.00000      0.00000
     -5.17951      4.38490      0.00000      0.00000
     -5.16951      4.49203      0.00000      0.00000
     -5.15951      4.86710      0.00000      0.00000
     -5.14951      5.04394      0.00000      0.00000
     -5.13951      4.93973      0.00000      0.00000
     -5.12951      4.78927      0.00000      0.00000
     -5.11951      4.51237      0.00000      0.00000
     -5.10951      4.16178      0.00000      0.00000
     -5.09951      4.23700      0.00000      0.00000
     -5.08951      4.26432      0.00000      0.00000
     -5.07951      4.19386      0.00000      0.00000
     -5.06951      3.84563      0.00000      0.00000
     -5.05951      2.79358      0.00000      0.00000
     -5.04951      2.72628      0.00000      0.00000
     -5.03951      3.90815      0.00000      0.00000
     -5.02951      4.57124      0.00000      0.00000
     -5.01951      4.66266      0.00000      0.00000
     -5.00951      4.49680      0.00000      0.00000
     -4.99951      3.79028      0.00000      0.00000
     -4.98951      3.57934      0.00000      0.00000
     -4.97951      3.78000      0.00000      0.00000
     -4.96951      4.06567      0.00000      0.00000
     -4.95951      4.82847      0.00000      0.00000
     -4.94951      5.73258      0.00000      0.00000
     -4.93951      6.17071      0.00000      0.00000
     -4.92951      6.92081      0.00000      0.00000
     -4.91951      7.79041      0.00000      0.00000
     -4.90951      7.33570      0.00000      0.00000
     -4.89951      6.06464      0.00000      0.00000
     -4.88951      5.23721      0.00000      0.00000
     -4.87951      4.57226      0.00000      0.00000
     -4.86951      4.22485      0.00000      0.00000
     -4.85951      4.07823      0.00000      0.00000
     -4.84951      3.26961      0.00000      0.00000
     -4.83951      2.82075      0.00000      0.00000
     -4.82951      3.31593      0.00000      0.00000
     -4.81951      4.20495      0.00000      0.00000
     -4.80951      4.33055      0.00000      0.00000
     -4.79951      3.87047      0.00000      0.00000
     -4.78951      3.56981      0.00000      0.00000
     -4.77951      2.97527      0.00000      0.00000
     -4.76951      2.35766      0.00000      0.00000
     -4.75951      2.64099      0.00000      0.00000
     -4.74951      3.08111      0.00000      0.00000
     -4.73951      2.65443      0.00000      0.00000
     -4.72951      2.02530      0.00000      0.00000
     -4.71951      2.31939      0.00000      0.00000
     -4.70951      2.79909      0.00000      0.00000
     -4.69951      2.91918      0.00000      0.00000
     -4.68951      3.57581      0.00000      0.00000
     -4.67951      3.99376      0.00000      0.00000
     -4.66951      3.75700      0.00000      0.00000
     -4.65951      3.38270      0.00000      0.00000
     -4.64951      2.71746      0.00000      0.00000
     -4.63951      2.42790      0.00000      0.00000
     -4.62951      2.67410      0.00000      0.00000
     -4.61951      2.89356      0.00000      0.00000
     -4.60951      3.08569      0.00000      0.00000
     -4.59951      3.58915      0.00000      0.00000
     -4.58951      3.28046      0.00000      0.00000
     -4.57951      2.42552      0.00000      0.00000
     -4.56951      2.47078      0.00000      0.00000
     -4.55951      2.83088      0.00000      0.00000
     -4.54951      2.58863      0.00000      0.00000
     -4.53951      2.78819      0.00000      0.00000
     -4.52951      3.55963      0.00000      0.00000
     -4.51951      3.84975      0.00000      0.00000
     -4.50951      4.18483      0.00000      0.00000
     -4.49951      4.43611      0.00000      0.00000
     -4.48951      3.65493      0.00000      0.00000
     -4.47951      2.70229      0.00000      0.00000
     -4.46951      2.71503      0.00000      0.00000
     -4.45951      3.59358      0.00000      0.00000
     -4.44951      4.30000      0.00000      0.00000
     -4.43951      4.76355      0.00000      0.00000
     -4.42951      5.15121      0.00000      0.00000
     -4.41951      4.62758      0.00000      0.00000
     -4.40951      4.47095      0.00000      0.00000
     -4.39951      5.58666      0.00000      0.00000
     -4.38951      5.78855      0.00000      0.00000
     -4.37951      4.27330      0.00000      0.00000
     -4.36951      3.42238      0.00000      0.00000
     -4.35951      3.83522      0.00000      0.00000
     -4.34951      4.34679      0.00000      0.00000
     -4.33951      3.99201      0.00000      0.00000
     -4.32951      3.77716      0.00000      0.00000
     -4.31951      4.85019      0.00000      0.00000
     -4.30951      5.03252      0.00000      0.00000
     -4.29951      4.10765      0.00000      0.00000
     -4.28951      3.46995      0.00000      0.00000
     -4.27951      3.09492      0.00000      0.00000
     -4.26951      3.38258      0.00000      0.00000
     -4.25951      4.60154      0.00000      0.00000
     -4.24951      5.45049      0.00000      0.00000
     -4.23951      4.94993      0.00000      0.00000
     -4.22951      4.33179      0.00000      0.00000
     -4.21951      4.17854      0.00000      0.00000
     -4.20951      4.52394      0.00000      0.00000
     -4.19951      4.79971      0.00000      0.00000
     -4.18951      4.38353      0.00000      0.00000
     -4.17951      4.95968      0.00000      0.00000
     -4.16951      6.60695      0.00000      0.00000
     -4.15951      7.17348      0.00000      0.00000
     -4.14951      6.17523      0.00000      0.00000
     -4.13951      4.81021      0.00000      0.00000
     -4.12951      4.23640      0.00000      0.00000
     -4.11951      4.03135      0.00000      0.00000
     -4.10951      4.23690      0.00000      0.00000
     -4.09951      5.55686      0.00000      0.00000
     -4.08951      6.84636      0.00000      0.00000
     -4.07951      6.88116      0.00000      0.00000
     -4.06951      5.35106      0.00000      0.00000
     -4.05951      4.12071      0.00000      0.00000
     -4.04951      3.40110      0.00000      0.00000
     -4.03951      2.96470      0.00000      0.00000
     -4.02951      3.22918      0.00000      0.00000
     -4.01951      4.08532      0.00000      0.00000
     -4.00951      5.89225      0.00000      0.00000
     -3.99951      7.14530      0.00000      0.00000
     -3.98951      6.45906      0.00000      0.00000
     -3.97951      5.34049      0.00000      0.00000
     -3.96951      4.40956      0.00000      0.00000
     -3.95951      4.15108      0.00000      0.00000
     -3.94951      5.45945      0.00000      0.00000
     -3.93951      6.46885      0.00000      0.00000
     -3.92951      4.80618      0.00000      0.00000
     -3.91951      3.02326      0.00000      0.00000
     -3.90951      2.62173      0.00000      0.00000
     -3.89951      2.83390      0.00000      0.00000
     -3.88951      3.45987      0.00000      0.00000
     -3.87951      4.26593      0.00000      0.00000
     -3.86951      4.13265      0.00000      0.00000
     -3.85951      3.45636      0.00000      0.00000
     -3.84951      3.68835      0.00000      0.00000
     -3.83951      4.07834      0.00000      0.00000
     -3.82951      4.03299      0.00000      0.00000
     -3.81951      4.03691      0.00000      0.00000
     -3.80951      3.90813      0.00000      0.00000
     -3.79951      3.57643      0.00000      0.00000
     -3.78951      3.74621      0.00000      0.00000
     -3.77951      4.05702      0.00000      0.00000
     -3.76951      3.62922      0.00000      0.00000
     -3.75951      3.10584      0.00000      0.00000
     -3.74951      3.52873      0.00000      0.00000
     -3.73951      4.55906      0.00000      0.00000
     -3.72951      4.69326      0.00000      0.00000
     -3.71951      4.12505      0.00000      0.00000
     -3.70951      4.64095      0.00000      0.00000
     -3.69951      5.94406      0.00000      0.00000
     -3.68951      6.29698      0.00000      0.00000
     -3.67951      5.89948      0.00000      0.00000
     -3.66951      4.68581      0.00000      0.00000
     -3.65951      3.51482      0.00000      0.00000
     -3.64951      3.46134      0.00000      0.00000
     -3.63951      3.63423      0.00000      0.00000
     -3.62951      3.74166      0.00000      0.00000
     -3.61951      4.09036      0.00000      0.00000
     -3.60951      3.88402      0.00000      0.00000
     -3.59951      3.35062      0.00000      0.00000
     -3.58951      3.00738      0.00000      0.00000
     -3.57951      2.82176      0.00000      0.00000
     -3.56951      2.55631      0.00000      0.00000
     -3.55951      2.59851      0.00000      0.00000
     -3.54951      2.98822      0.00000      0.00000
     -3.53951      3.94842      0.00000      0.00000
     -3.52951      4.76667      0.00000      0.00000
     -3.51951      4.17947      0.00000      0.00000
     -3.50951      3.25239      0.00000      0.00000
     -3.49951      2.95364      0.00000      0.00000
     -3.48951      2.94271      0.00000      0.00000
     -3.47951      2.97925      0.00000      0.00000
     -3.46951      3.34076      0.00000      0.00000
     -3.45951      3.70400      0.00000      0.00000
     -3.44951      3.90122      0.00000      0.00000
     -3.43951      4.42703      0.00000      0.00000
     -3.42951      4.60065      0.00000      0.00000
     -3.41951      4.12225      0.00000      0.00000
     -3.40951      3.61875      0.00000      0.00000
     -3.39951      3.42607      0.00000      0.00000
     -3.38951      3.95199      0.00000      0.00000
     -3.37951      4.68261      0.00000      0.00000
     -3.36951      5.33038      0.00000      0.00000
     -3.35951      5.17931      0.00000      0.00000
     -3.34951      4.43146      0.00000      0.00000
     -3.33951      3.67094      0.00000      0.00000
     -3.32951      2.75143      0.00000      0.00000
     -3.31951      2.23937      0.00000      0.00000
     -3.30951      2.31604      0.00000      0.00000
     -3.29951      2.23924      0.00000      0.00000
     -3.28951      2.00581      0.00000      0.00000
     -3.27951      1.85793      0.00000      0.00000
     -3.26951      1.64263      0.00000      0.00000
     -3.25951      1.69036      0.00000      0.00000
     -3.24951      2.09649      0.00000      0.00000
     -3.23951      2.59675      0.00000      0.00000
     -3.22951      3.21447      0.00000      0.00000
     -3.21951      3.64088      0.00000      0.00000
     -3.20951      3.33594      0.00000      0.00000
     -3.19951      2.77544      0.00000      0.00000
     -3.18951      2.71851      0.00000      0.00000
     -3.17951      2.43936      0.00000      0.00000
     -3.16951      2.29401      0.00000      0.00000
     -3.15951      2.51283      0.00000      0.00000
     -3.14951      2.40803      0.00000      0.00000
     -3.13951      2.53862      0.00000      0.00000
     -3.12951      2.82292      0.00000      0.00000
     -3.11951      2.91122      0.00000      0.00000
     -3.10951      3.01429      0.00000      0.00000
     -3.09951      2.57242      0.00000      0.00000
     -3.08951      2.72027      0.00000      0.00000
     -3.07951      3.91566      0.00000      0.00000
     -3.06951      4.47478      0.00000      0.00000
     -3.05951      4.05661      0.00000      0.00000
     -3.04951      4.22233      0.00000      0.00000
     -3.03951      4.98773      0.00000      0.00000
     -3.02951      6.20062      0.00000      0.00000
     -3.01951      9.54403      0.00000      0.00000
     -3.00951     13.01003      0.00000      0.00000
     -2.99951     13.25639      0.00000      0.00000
     -2.98951     12.22045      0.00000      0.00000
     -2.97951     11.29068      0.00000      0.00000
     -2.96951      9.39286      0.00000      0.00000
     -2.95951      8.34426      0.00000      0.00000
     -2.94951      8.55053      0.00000      0.00000
     -2.93951      8.81962      0.00000      0.00000
     -2.92951      8.89822      0.00000      0.00000
     -2.91951      8.28440      0.00000      0.00000
     -2.90951      7.68648      0.00000      0.00000
     -2.89951      6.76023      0.00000      0.00000
     -2.88951      6.59974      0.00000      0.00000
     -2.87951      8.17429      0.00000      0.00000
     -2.86951      8.33936      0.00000      0.00000
     -2.85951      6.69437      0.00000      0.00000
     -2.84951      5.94569      0.00000      0.00000
     -2.83951      6.23062      0.00000      0.00000
     -2.82951      6.77320      0.00000      0.00000
     -2.81951      6.08602      0.00000      0.00000
     -2.80951      5.17144      0.00000      0.00000
     -2.79951      5.56888      0.00000      0.00000
     -2.78951      6.48482      0.00000      0.00000
     -2.77951      6.02262      0.00000      0.00000
     -2.76951      4.59822      0.00000      0.00000
     -2.75951      4.16954      0.00000      0.00000
     -2.74951      4.76296      0.00000      0.00000
     -2.73951      5.79185      0.00000      0.00000
     -2.72951      6.18447      0.00000      0.00000
     -2.71951      5.36465      0.00000      0.00000
     -2.70951      4.88973      0.00000      0.00000
     -2.69951      5.42680      0.00000      0.00000
     -2.68951      5.99596      0.00000      0.00000
     -2.67951      5.89539      0.00000      0.00000
     -2.66951      5.95484      0.00000      0.00000
     -2.65951      6.34965      0.00000      0.00000
     -2.64951      6.69212      0.00000      0.00000
     -2.63951      7.47795      0.00000      0.00000
     -2.62951      8.58591      0.00000      0.00000
     -2.61951      9.33874      0.00000      0.00000
     -2.60951      9.42326      0.00000      0.00000
     -2.59951      8.56155      0.00000      0.00000
     -2.58951      7.55670      0.00000      0.00000
     -2.57951      7.56941      0.00000      0.00000
     -2.56951      7.38188      0.00000      0.00000
     -2.55951      6.29693      0.00000      0.00000
     -2.54951      5.86581      0.00000      0.00000
     -2.53951      7.34354      0.00000      0.00000
     -2.52951      8.38096      0.00000      0.00000
     -2.51951      6.97617      0.00000      0.00000
     -2.50951      5.47490      0.00000      0.00000
     -2.49951      5.07452      0.00000      0.00000
     -2.48951      5.37307      0.00000      0.00000
     -2.47951      5.12984      0.00000      0.00000
     -2.46951      4.21048      0.00000      0.00000
     -2.45951      3.89580      0.00000      0.00000
     -2.44951      4.37341      0.00000      0.00000
     -2.43951      4.33541      0.00000      0.00000
     -2.42951      3.89800      0.00000      0.00000
     -2.41951      3.99736      0.00000      0.00000
     -2.40951      3.83043      0.00000      0.00000
     -2.39951      3.45240      0.00000      0.00000
     -2.38951      3.34536      0.00000      0.00000
     -2.37951      3.97640      0.00000      0.00000
     -2.36951      5.04574      0.00000      0.00000
     -2.35951      5.78782      0.00000      0.00000
     -2.34951      5.71057      0.00000      0.00000
     -2.33951      4.83954      0.00000      0.00000
     -2.32951      3.80318      0.00000      0.00000
     -2.31951      3.63389      0.00000      0.00000
     -2.30951      4.97828      0.00000      0.00000
     -2.29951      5.93206      0.00000      0.00000
     -2.28951      4.91778      0.00000      0.00000
     -2.27951      3.84737      0.00000      0.00000
     -2.26951      3.50256      0.00000      0.00000
     -2.25951      2.72538      0.00000      0.00000
     -2.24951      1.97155      0.00000      0.00000
     -2.23951      1.96278      0.00000      0.00000
     -2.22951      2.79826      0.00000      0.00000
     -2.21951      3.21016      0.00000      0.00000
     -2.20951      2.72223      0.00000      0.00000
     -2.19951      2.17964      0.00000      0.00000
     -2.18951      2.67740      0.00000      0.00000
     -2.17951      4.45801      0.00000      0.00000
     -2.16951      6.32941      0.00000      0.00000
     -2.15951      8.10498      0.00000      0.00000
     -2.14951      9.42655      0.00000      0.00000
     -2.13951      8.71914      0.00000      0.00000
     -2.12951      6.92047      0.00000      0.00000
     -2.11951      5.35572      0.00000      0.00000
     -2.10951      4.71963      0.00000      0.00000
     -2.09951      4.61779      0.00000      0.00000
     -2.08951      4.45035      0.00000      0.00000
     -2.07951      4.46882      0.00000      0.00000
     -2.06951      5.37144      0.00000      0.00000
     -2.05951      5.99995      0.00000      0.00000
     -2.04951      5.53689      0.00000      0.00000
     -2.03951      5.19550      0.00000      0.00000
     -2.02951      5.18749      0.00000      0.00000
     -2.01951      5.19019      0.00000      0.00000
     -2.00951      4.91789      0.00000      0.00000
     -1.99951      4.04584      0.00000      0.00000
     -1.98951      3.46937      0.00000      0.00000
     -1.97951      3.47032      0.00000      0.00000
     -1.96951      3.70858      0.00000      0.00000
     -1.95951      4.36840      0.00000      0.00000
     -1.94951      5.20922      0.00000      0.00000
     -1.93951      4.92862      0.00000      0.00000
     -1.92951      4.18543      0.00000      0.00000
     -1.91951      4.09072      0.00000      0.00000
     -1.90951      4.11344      0.00000      0.00000
     -1.89951      4.41652      0.00000      0.00000
     -1.88951      4.81393      0.00000      0.00000
     -1.87951      4.43224      0.00000      0.00000
     -1.86951      3.49996      0.00000      0.00000
     -1.85951      3.00614      0.00000      0.00000
     -1.84951      2.61399      0.00000      0.00000
     -1.83951      2.32003      0.00000      0.00000
     -1.82951      2.52624      0.00000      0.00000
     -1.81951      2.60345      0.00000      0.00000
     -1.80951      2.67784      0.00000      0.00000
     -1.79951      3.01174      0.00000      0.00000
     -1.78951      3.26626      0.00000      0.00000
     -1.77951      3.37648      0.00000      0.00000
     -1.76951      3.08497      0.00000      0.00000
     -1.75951      2.65344      0.00000      0.00000
     -1.74951      2.40535      0.00000      0.00000
     -1.73951      1.86810      0.00000      0.00000
     -1.72951      1.18179      0.00000      0.00000
     -1.71951      1.06039      0.00000      0.00000
     -1.70951      1.27889      0.00000      0.00000
     -1.69951      1.32877      0.00000      0.00000
     -1.68951      1.39219      0.00000      0.00000
     -1.67951      1.36225      0.00000      0.00000
     -1.66951      1.15972      0.00000      0.00000
     -1.65951      1.02081      0.00000      0.00000
     -1.64951      1.24833      0.00000      0.00000
     -1.63951      1.87613      0.00000      0.00000
     -1.62951      1.94047      0.00000      0.00000
     -1.61951      1.18945      0.00000      0.00000
     -1.60951      0.57766      0.00000      0.00000
     -1.59951      0.44991      0.00000      0.00000
     -1.58951      0.69282      0.00000      0.00000
     -1.57951      1.46829      0.00000      0.00000
     -1.56951      1.95055      0.00000      0.00000
     -1.55951      1.60135      0.00000      0.00000
     -1.54951      1.50553      0.00000      0.00000
     -1.53951      1.96086      0.00000      0.00000
     -1.52951      2.60686      0.00000      0.00000
     -1.51951      2.93272      0.00000      0.00000
     -1.50951      2.78251      0.00000      0.00000
     -1.49951      2.33795      0.00000      0.00000
     -1.48951      2.21009      0.00000      0.00000
     -1.47951      2.55928      0.00000      0.00000
     -1.46951      2.69957      0.00000      0.00000
     -1.45951      2.43365      0.00000      0.00000
     -1.44951      1.93646      0.00000      0.00000
     -1.43951      2.02525      0.00000      0.00000
     -1.42951      2.46249      0.00000      0.00000
     -1.41951      2.30118      0.00000      0.00000
     -1.40951      2.33297      0.00000      0.00000
     -1.39951      2.57981      0.00000      0.00000
     -1.38951      2.70188      0.00000      0.00000
     -1.37951      2.79451      0.00000      0.00000
     -1.36951      2.86476      0.00000      0.00000
     -1.35951      2.68740      0.00000      0.00000
     -1.34951      2.42279      0.00000      0.00000
     -1.33951      2.69862      0.00000      0.00000
     -1.32951      3.19055      0.00000      0.00000
     -1.31951      3.45221      0.00000      0.00000
     -1.30951      3.65509      0.00000      0.00000
     -1.29951      3.95671      0.00000      0.00000
     -1.28951      4.09008      0.00000      0.00000
     -1.27951      3.70692      0.00000      0.00000
     -1.26951      4.07167      0.00000      0.00000
     -1.25951      4.84895      0.00000      0.00000
     -1.24951      5.16444      0.00000      0.00000
     -1.23951      5.57048      0.00000      0.00000
     -1.22951      5.78582      0.00000      0.00000
     -1.21951      5.29871      0.00000      0.00000
     -1.20951      4.98410      0.00000      0.00000
     -1.19951      4.46086      0.00000      0.00000
     -1.18951      4.05579      0.00000      0.00000
     -1.17951      4.54657      0.00000      0.00000
     -1.16951      4.71266      0.00000      0.00000
     -1.15951      4.23213      0.00000      0.00000
     -1.14951      4.04890      0.00000      0.00000
     -1.13951      4.01075      0.00000      0.00000
     -1.12951      4.05134      0.00000      0.00000
     -1.11951      4.44767      0.00000      0.00000
     -1.10951      4.31183      0.00000      0.00000
     -1.09951      3.81201      0.00000      0.00000
     -1.08951      3.71307      0.00000      0.00000
     -1.07951      4.06157      0.00000      0.00000
     -1.06951      4.22537      0.00000      0.00000
     -1.05951      4.13982      0.00000      0.00000
     -1.04951      4.56118      0.00000      0.00000
     -1.03951      5.17242      0.00000      0.00000
     -1.02951      4.82732      0.00000      0.00000
     -1.01951      4.41131      0.00000      0.00000
     -1.00951      5.25924      0.00000      0.00000
     -0.99951      6.04981      0.00000      0.00000
     -0.98951      6.37563      0.00000      0.00000
     -0.97951      5.95127      0.00000      0.00000
     -0.96951      5.20289      0.00000      0.00000
     -0.95951      5.01707      0.00000      0.00000
     -0.94951      4.81325      0.00000      0.00000
     -0.93951      4.46399      0.00000      0.00000
     -0.92951      5.08659      0.00000      0.00000
     -0.91951      5.49534      0.00000      0.00000
     -0.90951      4.75086      0.00000      0.00000
     -0.89951      3.87285      0.00000      0.00000
     -0.88951      3.65649      0.00000      0.00000
     -0.87951      3.77306      0.00000      0.00000
     -0.86951      3.96111      0.00000      0.00000
     -0.85951      4.61216      0.00000      0.00000
     -0.84951      4.58311      0.00000      0.00000
     -0.83951      4.03343      0.00000      0.00000
     -0.82951      3.97808      0.00000      0.00000
     -0.81951      4.23285      0.00000      0.00000
     -0.80951      4.12746      0.00000      0.00000
     -0.79951      3.74148      0.00000      0.00000
     -0.78951      3.87952      0.00000      0.00000
     -0.77951      3.85841      0.00000      0.00000
     -0.76951      3.39470      0.00000      0.00000
     -0.75951      3.43533      0.00000      0.00000
     -0.74951      3.96145      0.00000      0.00000
     -0.73951      3.73032      0.00000      0.00000
     -0.72951      3.26543      0.00000      0.00000
     -0.71951      4.01062      0.00000      0.00000
     -0.70951      4.84018      0.00000      0.00000
     -0.69951      4.71750      0.00000      0.00000
     -0.68951      3.93784      0.00000      0.00000
     -0.67951      3.40119      0.00000      0.00000
     -0.66951      3.34210      0.00000      0.00000
     -0.65951      3.55109      0.00000      0.00000
     -0.64951      3.67233      0.00000      0.00000
     -0.63951      2.79194      0.00000      0.00000
     -0.62951      1.77887      0.00000      0.00000
     -0.61951      1.49231      0.00000      0.00000
     -0.60951      1.50281      0.00000      0.00000
     -0.59951      1.60773      0.00000      0.00000
     -0.58951      1.95568      0.00000      0.00000
     -0.57951      2.11791      0.00000      0.00000
     -0.56951      1.44022      0.00000      0.00000
     -0.55951      0.82206      0.00000      0.00000
     -0.54951      0.97472      0.00000      0.00000
     -0.53951      1.10533      0.00000      0.00000
     -0.52951      1.04665      0.00000      0.00000
     -0.51951      1.43238      0.00000      0.00000
     -0.50951      1.65626      0.00000      0.00000
     -0.49951      1.31014      0.00000      0.00000
     -0.48951      0.84454      0.00000      0.00000
     -0.47951      0.57431      0.00000      0.00000
     -0.46951      0.62839      0.00000      0.00000
     -0.45951      0.90884      0.00000      0.00000
     -0.44951      1.13243      0.00000      0.00000
     -0.43951      1.08009      0.00000      0.00000
     -0.42951      0.75735      0.00000      0.00000
     -0.41951      0.50330      0.00000      0.00000
     -0.40951      0.48649      0.00000      0.00000
     -0.39951      0.60421      0.00000      0.00000
     -0.38951      0.65139      0.00000      0.00000
     -0.37951      0.54471      0.00000      0.00000
     -0.36951      0.52521      0.00000      0.00000
     -0.35951      0.49723      0.00000      0.00000
     -0.34951      0.46149      0.00000      0.00000
     -0.33951      0.50909      0.00000      0.00000
     -0.32951      0.38699      0.00000      0.00000
     -0.31951      0.32328      0.00000      0.00000
     -0.30951      0.56454      0.00000      0.00000
     -0.29951      0.78698      0.00000      0.00000
     -0.28951      0.91362      0.00000      0.00000
     -0.27951      0.85103      0.00000      0.00000
     -0.26951      0.43084      0.00000      0.00000
     -0.25951      0.09634      0.00000      0.00000
     -0.24951      0.06724      0.00000      0.00000
     -0.23951      0.31177      0.00000      0.00000
     -0.22951      0.61213      0.00000      0.00000
     -0.21951      0.48152      0.00000      0.00000
     -0.20951      0.25463      0.00000      0.00000
     -0.19951      0.25216      0.00000      0.00000
     -0.18951      0.33569      0.00000      0.00000
     -0.17951      0.34213      0.00000      0.00000
     -0.16951      0.36207      0.00000      0.00000
     -0.15951      0.57421      0.00000      0.00000
     -0.14951      0.60973      0.00000      0.00000
     -0.13951      0.47519      0.00000      0.00000
     -0.12951      0.29874      0.00000      0.00000
     -0.11951      0.11904      0.00000      0.00000
     -0.10951      0.12589      0.00000      0.00000
     -0.09951      0.25357      0.00000      0.00000
     -0.08951      0.36075      0.00000      0.00000
     -0.07951      0.31821      0.00000      0.00000
     -0.06951      0.23889      0.00000      0.00000
     -0.05951      0.32010      0.00000      0.00000
     -0.04951      0.32142      0.00000      0.00000
     -0.03951      0.32118      0.00000      0.00000
     -0.02951      0.31254      0.00000      0.00000
     -0.01951      0.18490      0.00000      0.00000
     -0.00951      0.16100      0.00000      0.00000
      0.00049      0.13676      0.00000      0.00000
      0.01049      0.04842      0.00000      0.00000
      0.02049      0.00636      0.00000      0.00000
      0.03049      0.00031      0.00000      0.00000
      0.04049      0.00001      0.00000      0.00000
      0.05049      0.00000      0.00000      0.00000
      0.06049      0.00000      0.00000      0.00000
      0.07049      0.00000      0.00000      0.00000
      0.08049      0.00000      0.00000      0.00000
      0.09049      0.00000      0.00000      0.00000
      0.10049      0.00000      0.00000      0.00000
      0.11049      0.00000      0.00000      0.00000
      0.12049      0.00000      0.00000      0.00000
      0.13049      0.00000      0.00000      0.00000
      0.14049      0.00000      0.00000      0.00000
      0.15049      0.00000      0.00000      0.00000
      0.16049      0.00000      0.00000      0.00000
      0.17049      0.00000      0.00000      0.00000
      0.18049      0.00000      0.00000      0.00000
      0.19049      0.00000      0.00000      0.00000
      0.20049      0.00000      0.00000      0.00000
      0.21049      0.00000      0.00000      0.00000
      0.22049      0.00000      0.00000      0.00000
      0.23049      0.00000      0.00000      0.00000
      0.24049      0.00000      0.00000      0.00000
      0.25049      0.00000      0.00000      0.00000
      0.26049      0.00000      0.00000      0.00000
      0.27049      0.00000      0.00000      0.00000
      0.28049      0.00000      0.00000      0.00000
      0.29049      0.00000      0.00000      0.00000
      0.30049      0.00000      0.00000      0.00000
      0.31049      0.00000      0.00000      0.00000
      0.32049      0.00000      0.00000      0.00000
      0.33049      0.00000      0.00000      0.00000
      0.34049      0.00000      0.00000      0.00000
      0.35049      0.00000      0.00000      0.00000
      0.36049      0.00000      0.00000      0.00000
      0.37049      0.00000      0.00000      0.00000
      0.38049      0.00000      0.00000      0.00000
      0.39049      0.00000      0.00000      0.00000
      0.40049      0.00000      0.00000      0.00000
      0.41049      0.00000      0.00000      0.00000
      0.42049      0.00000      0.00000      0.00000
      0.43049      0.00000      0.00000      0.00000
      0.44049      0.00000      0.00000      0.00000
      0.45049      0.00000      0.00000      0.00000
      0.46049      0.00000      0.00000      0.00000
      0.47049      0.00000      0.00000      0.00000
      0.48049      0.00000      0.00000      0.00000
      0.49049      0.00000      0.00000      0.00000
      0.50049      0.00000      0.00000      0.00000
      0.51049      0.00000      0.00000      0.00000
      0.52049      0.00000      0.00000      0.00000
      0.53049      0.00000      0.00000      0.00000
      0.54049      0.00000      0.00000      0.00000
      0.55049      0.00000      0.00000      0.00000
      0.56049      0.00000      0.00000      0.00000
      0.57049      0.00000      0.00000      0.00000
      0.58049      0.00000      0.00000      0.00000
      0.59049      0.00000      0.00000      0.00000
      0.60049      0.00000      0.00000      0.00000
      0.61049      0.00000      0.00000      0.00000
      0.62049      0.00000      0.00000      0.00000
      0.63049      0.00000      0.00000      0.00000
      0.64049      0.00000      0.00000      0.00000
      0.65049      0.00000      0.00000      0.00000
      0.66049      0.00000      0.00000      0.00000
      0.67049      0.00000      0.00000      0.00000
      0.68049      0.00000      0.00000      0.00000
      0.69049      0.00000      0.00000      0.00000
      0.70049      0.00000      0.00000      0.00000
      0.71049      0.00000      0.00000      0.00000
      0.72049      0.00000      0.00000      0.00000
      0.73049      0.00000      0.00000      0.00000
      0.74049      0.00000      0.00000      0.00000
      0.75049      0.00000      0.00000      0.00000
      0.76049      0.00000      0.00000      0.00000
      0.77049      0.00000      0.00000      0.00000
      0.78049      0.00000      0.00000      0.00000
      0.79049      0.00000      0.00000      0.00000
      0.80049      0.00000      0.00000      0.00000
      0.81049      0.00000      0.00000      0.00000
      0.82049      0.00000      0.00000      0.00000
      0.83049      0.00000      0.00000      0.00000
      0.84049      0.00000      0.00000      0.00000
      0.85049      0.00000      0.00000      0.00000
      0.86049      0.00000      0.00000      0.00000
      0.87049      0.00000      0.00000      0.00000
      0.88049      0.00000      0.00000      0.00000
      0.89049      0.00000      0.00000      0.00000
      0.90049      0.00000      0.00000      0.00000
      0.91049      0.00000      0.00000      0.00000
      0.92049      0.00000      0.00000      0.00000
      0.93049      0.00000      0.00000      0.00000
      0.94049      0.00000      0.00000      0.00000
      0.95049      0.00000      0.00000      0.00000
      0.96049      0.00000      0.00000      0.00000
      0.97049      0.00000      0.00000      0.00000
      0.98049      0.00000      0.00000      0.00000
      0.99049      0.00000      0.00000      0.00000
      1.00049      0.00000      0.00000      0.00000
      1.01049      0.00000      0.00000      0.00000
      1.02049      0.00000      0.00000      0.00000
      1.03049      0.00000      0.00000      0.00000
      1.04049      0.00000      0.00000      0.00000
      1.05049      0.00000      0.00000      0.00000
      1.06049      0.00000      0.00000      0.00000
      1.07049      0.00000      0.00000      0.00000
      1.08049      0.00000      0.00000      0.00000
      1.09049      0.00000      0.00000      0.00000
      1.10049      0.00000      0.00000      0.00000
      1.11049      0.00000      0.00000      0.00000
      1.12049      0.00000      0.00000      0.00000
      1.13049      0.00000      0.00000      0.00000
      1.14049      0.00000      0.00000      0.00000
      1.15049      0.00000      0.00000      0.00000
      1.16049      0.00000      0.00000      0.00000
      1.17049      0.00000      0.00000      0.00000
      1.18049      0.00000      0.00000      0.00000
      1.19049      0.00000      0.00000      0.00000
      1.20049      0.00000      0.00000      0.00000
      1.21049      0.00000      0.00000      0.00000
      1.22049      0.00000      0.00000      0.00000
      1.23049      0.00000      0.00000      0.00000
      1.24049      0.00000      0.00000      0.00000
      1.25049      0.00000      0.00000      0.00000
      1.26049      0.00000      0.00000      0.00000
      1.27049      0.00000      0.00000      0.00000
      1.28049      0.00000      0.00000      0.00000
      1.29049      0.00000      0.00000      0.00000
      1.30049      0.00000      0.00000      0.00000
      1.31049      0.00000      0.00000      0.00000
      1.32049      0.00000      0.00000      0.00000
      1.33049      0.00000      0.00000      0.00000
      1.34049      0.00000      0.00000      0.00000
      1.35049      0.00000      0.00000      0.00000
      1.36049      0.00000      0.00000      0.00000
      1.37049      0.00000      0.00000      0.00000
      1.38049      0.00000      0.00000      0.00000
      1.39049      0.00000      0.00000      0.00000
      1.40049      0.00000      0.00000      0.00000
      1.41049      0.00000      0.00000      0.00000
      1.42049      0.00000      0.00000      0.00000
      1.43049      0.00000      0.00000      0.00000
      1.44049      0.00000      0.00000      0.00000
      1.45049      0.00000      0.00000      0.00000
      1.46049      0.00000      0.00000      0.00000
      1.47049      0.00000      0.00000      0.00000
      1.48049      0.00000      0.00000      0.00000
      1.49049      0.00000      0.00000      0.00000
      1.50049      0.00000      0.00000      0.00000
      1.51049      0.00000      0.00000      0.00000
      1.52049      0.00000      0.00000      0.00000
      1.53049      0.00000      0.00000      0.00000
      1.54049      0.00000      0.00000      0.00000
      1.55049      0.00000      0.00000      0.00000
      1.56049      0.00000      0.00000      0.00000
      1.57049      0.00000      0.00000      0.00000
      1.58049      0.00000      0.00000      0.00000
      1.59049      0.00000      0.00000      0.00000
      1.60049      0.00000      0.00000      0.00000
      1.61049      0.00000      0.00000      0.00000
      1.62049      0.00000      0.00000      0.00000
      1.63049      0.00000      0.00000      0.00000
      1.64049      0.00000      0.00000      0.00000
      1.65049      0.00000      0.00000      0.00000
      1.66049      0.00000      0.00000      0.00000
      1.67049      0.00000      0.00000      0.00000
      1.68049      0.00000      0.00000      0.00000
      1.69049      0.00000      0.00000      0.00000
      1.70049      0.00000      0.00000      0.00000
      1.71049      0.00000      0.00000      0.00000
      1.72049      0.00000      0.00000      0.00000
      1.73049      0.00000      0.00000      0.00000
      1.74049      0.00000      0.00000      0.00000
      1.75049      0.00000      0.00000      0.00000
      1.76049      0.00000      0.00000      0.00000
      1.77049      0.00000      0.00000      0.00000
      1.78049      0.00000      0.00000      0.00000
      1.79049      0.00000      0.00000      0.00000
      1.80049      0.00000      0.00000      0.00000
      1.81049      0.00000      0.00000      0.00000
      1.82049      0.00000      0.00000      0.00000
      1.83049      0.00000      0.00000      0.00000
      1.84049      0.00000      0.00000      0.00000
      1.85049      0.00000      0.00000      0.00000
      1.86049      0.00000      0.00000      0.00000
      1.87049      0.00000      0.00000      0.00000
      1.88049      0.00000      0.00000      0.00000
      1.89049      0.00000      0.00000      0.00000
      1.90049      0.00000      0.00000      0.00000
      1.91049      0.00000      0.00000      0.00000
      1.92049      0.00000      0.00000      0.00000
      1.93049      0.00000      0.00000      0.00000
      1.94049      0.00000      0.00000      0.00000
      1.95049      0.00000      0.00000      0.00000
      1.96049      0.00000      0.00000      0.00000
      1.97049      0.00000      0.00000      0.00000
      1.98049      0.00000      0.00000      0.00000
      1.99049      0.00000      0.00000      0.00000
      2.00049      0.00000      0.00000      0.00000
      2.01049      0.00000      0.00000      0.00000
      2.02049      0.00000      0.00000      0.00000
      2.03049      0.00000      0.00000      0.00000
      2.04049      0.00000      0.00000      0.00000
      2.05049      0.00000      0.00000      0.00000
      2.06049      0.00000      0.00000      0.00000
      2.07049      0.00000      0.00000      0.00000
      2.08049      0.00000      0.00000      0.00000
      2.09049      0.00000      0.00000      0.00000
      2.10049      0.00000      0.00000      0.00000
      2.11049      0.00000      0.00000      0.00000
      2.12049      0.00000      0.00000      0.00000
      2.13049      0.00000      0.00000      0.00000
      2.14049      0.00000      0.00000      0.00000
      2.15049      0.00000      0.00000      0.00000
      2.16049      0.00000      0.00000      0.00000
      2.17049      0.00000      0.00000      0.00000
      2.18049      0.00000      0.00000      0.00000
      2.19049      0.00000      0.00000      0.00000
      2.20049      0.00003      0.00000      0.00000
      2.21049      0.00157      0.00000      0.00000
      2.22049      0.02757      0.00000      0.00000
      2.23049      0.18897      0.00000      0.00000
      2.24049      0.56558      0.00000      0.00000
      2.25049      0.95138      0.00000      0.00000
      2.26049      1.21517      0.00000      0.00000
      2.27049      1.44663      0.00000      0.00000
      2.28049      1.53948      0.00000      0.00000
      2.29049      1.31397      0.00000      0.00000
      2.30049      1.30090      0.00000      0.00000
      2.31049      1.53617      0.00000      0.00000
      2.32049      1.52987      0.00000      0.00000
      2.33049      1.55786      0.00000      0.00000
      2.34049      2.02940      0.00000      0.00000
      2.35049      2.41076      0.00000      0.00000
      2.36049      2.19723      0.00000      0.00000
      2.37049      2.06837      0.00000      0.00000
      2.38049      1.89601      0.00000      0.00000
      2.39049      1.64279      0.00000      0.00000
      2.40049      1.90147      0.00000      0.00000
      2.41049      2.21766      0.00000      0.00000
      2.42049      2.12317      0.00000      0.00000
      2.43049      2.32198      0.00000      0.00000
      2.44049      3.05871      0.00000      0.00000
      2.45049      3.64382      0.00000      0.00000
      2.46049      3.92795      0.00000      0.00000
      2.47049      4.17878      0.00000      0.00000
      2.48049      4.25974      0.00000      0.00000
      2.49049      3.99063      0.00000      0.00000
      2.50049      4.07501      0.00000      0.00000
      2.51049      4.68085      0.00000      0.00000
      2.52049      5.37979      0.00000      0.00000
      2.53049      5.42579      0.00000      0.00000
      2.54049      5.41534      0.00000      0.00000
      2.55049      5.56202      0.00000      0.00000
      2.56049      5.32779      0.00000      0.00000
      2.57049      6.34060      0.00000      0.00000
      2.58049      8.52336      0.00000      0.00000
      2.59049      8.91652      0.00000      0.00000
      2.60049      7.80770      0.00000      0.00000
      2.61049      6.05550      0.00000      0.00000
      2.62049      5.35445      0.00000      0.00000
      2.63049      5.92151      0.00000      0.00000
      2.64049      5.63747      0.00000      0.00000
      2.65049      5.02965      0.00000      0.00000
      2.66049      5.22040      0.00000      0.00000
      2.67049      5.86727      0.00000      0.00000
      2.68049      6.01842      0.00000      0.00000
      2.69049      5.53062      0.00000      0.00000
      2.70049      5.72059      0.00000      0.00000
      2.71049      6.32887      0.00000      0.00000
      2.72049      6.50271      0.00000      0.00000
      2.73049      5.78109      0.00000      0.00000
      2.74049      5.69177      0.00000      0.00000
      2.75049      5.79277      0.00000      0.00000
      2.76049      5.74330      0.00000      0.00000
      2.77049      5.65592      0.00000      0.00000
      2.78049      5.42374      0.00000      0.00000
      2.79049      5.45263      0.00000      0.00000
      2.80049      5.03464      0.00000      0.00000
      2.81049      3.95696      0.00000      0.00000
      2.82049      3.22235      0.00000      0.00000
      2.83049      3.66186      0.00000      0.00000
      2.84049      4.94516      0.00000      0.00000
      2.85049      5.10079      0.00000      0.00000
      2.86049      3.89865      0.00000      0.00000
      2.87049      3.80453      0.00000      0.00000
      2.88049      4.79623      0.00000      0.00000
      2.89049      4.96026      0.00000      0.00000
      2.90049      4.35257      0.00000      0.00000
      2.91049      3.52855      0.00000      0.00000
      2.92049      3.12714      0.00000      0.00000
      2.93049      3.13226      0.00000      0.00000
      2.94049      3.44895      0.00000      0.00000
      2.95049      3.76629      0.00000      0.00000
      2.96049      3.82871      0.00000      0.00000
      2.97049      3.46965      0.00000      0.00000
      2.98049      2.74717      0.00000      0.00000
      2.99049      2.98560      0.00000      0.00000
      3.00049      3.38530      0.00000      0.00000
      3.01049      3.59481      0.00000      0.00000
      3.02049      4.31038      0.00000      0.00000
      3.03049      4.38948      0.00000      0.00000
      3.04049      3.41117      0.00000      0.00000
      3.05049      2.67670      0.00000      0.00000
      3.06049      2.45538      0.00000      0.00000
      3.07049      2.46932      0.00000      0.00000
      3.08049      2.88281      0.00000      0.00000
      3.09049      3.41967      0.00000      0.00000
      3.10049      4.07771      0.00000      0.00000
      3.11049      5.58613      0.00000      0.00000
      3.12049      7.68808      0.00000      0.00000
      3.13049      9.90318      0.00000      0.00000
      3.14049     11.22268      0.00000      0.00000
      3.15049     11.58593      0.00000      0.00000
      3.16049     11.24978      0.00000      0.00000
      3.17049     10.93864      0.00000      0.00000
      3.18049     10.96585      0.00000      0.00000
      3.19049     10.15670      0.00000      0.00000
      3.20049      9.26978      0.00000      0.00000
      3.21049      9.18747      0.00000      0.00000
      3.22049      9.10679      0.00000      0.00000
      3.23049      8.46550      0.00000      0.00000
      3.24049      7.67004      0.00000      0.00000
      3.25049      7.46802      0.00000      0.00000
      3.26049      7.39336      0.00000      0.00000
      3.27049      7.04257      0.00000      0.00000
      3.28049      7.05676      0.00000      0.00000
      3.29049      7.40972      0.00000      0.00000
      3.30049      7.31232      0.00000      0.00000
      3.31049      6.79353      0.00000      0.00000
      3.32049      6.54484      0.00000      0.00000
      3.33049      6.69134      0.00000      0.00000
      3.34049      6.91930      0.00000      0.00000
      3.35049      6.46910      0.00000      0.00000
      3.36049      6.10114      0.00000      0.00000
      3.37049      6.83704      0.00000      0.00000
      3.38049      7.08867      0.00000      0.00000
      3.39049      6.08603      0.00000      0.00000
      3.40049      6.04225      0.00000      0.00000
      3.41049      6.61390      0.00000      0.00000
      3.42049      6.66849      0.00000      0.00000
      3.43049      7.13966      0.00000      0.00000
      3.44049      7.74338      0.00000      0.00000
      3.45049      9.34835      0.00000      0.00000
      3.46049     11.40250      0.00000      0.00000
      3.47049     11.63243      0.00000      0.00000
      3.48049     10.41364      0.00000      0.00000
      3.49049      8.92315      0.00000      0.00000
      3.50049      8.58183      0.00000      0.00000
      3.51049     10.05381      0.00000      0.00000
      3.52049     11.93948      0.00000      0.00000
      3.53049     11.24270      0.00000      0.00000
      3.54049      9.88351      0.00000      0.00000
      3.55049     10.73333      0.00000      0.00000
      3.56049     11.13076      0.00000      0.00000
      3.57049      9.65179      0.00000      0.00000
      3.58049      9.13877      0.00000      0.00000
      3.59049      9.23701      0.00000      0.00000
      3.60049      7.79114      0.00000      0.00000
      3.61049      6.54763      0.00000      0.00000
      3.62049      6.42447      0.00000      0.00000
      3.63049      6.58018      0.00000      0.00000
      3.64049      6.79997      0.00000      0.00000
      3.65049      7.33666      0.00000      0.00000
      3.66049      8.22682      0.00000      0.00000
      3.67049      8.62825      0.00000      0.00000
      3.68049      7.65540      0.00000      0.00000
      3.69049      6.23757      0.00000      0.00000
      3.70049      6.37803      0.00000      0.00000
      3.71049      6.92110      0.00000      0.00000
      3.72049      7.01647      0.00000      0.00000
      3.73049      6.90522      0.00000      0.00000
      3.74049      6.31398      0.00000      0.00000
      3.75049      6.44091      0.00000      0.00000
      3.76049      6.46927      0.00000      0.00000
      3.77049      5.85419      0.00000      0.00000
      3.78049      5.74327      0.00000      0.00000
      3.79049      6.06356      0.00000      0.00000
      3.80049      6.09259      0.00000      0.00000
      3.81049      5.82345      0.00000      0.00000
      3.82049      5.44656      0.00000      0.00000
      3.83049      5.37528      0.00000      0.00000
      3.84049      6.13294      0.00000      0.00000
      3.85049      6.66432      0.00000      0.00000
      3.86049      6.90405      0.00000      0.00000
      3.87049      6.68757      0.00000      0.00000
      3.88049      5.26549      0.00000      0.00000
      3.89049      4.30517      0.00000      0.00000
      3.90049      4.69605      0.00000      0.00000
      3.91049      5.50082      0.00000      0.00000
      3.92049      6.06424      0.00000      0.00000
      3.93049      6.13293      0.00000      0.00000
      3.94049      5.41255      0.00000      0.00000
      3.95049      4.43451      0.00000      0.00000
      3.96049      3.83102      0.00000      0.00000
      3.97049      3.56316      0.00000      0.00000
      3.98049      4.22889      0.00000      0.00000
      3.99049      4.95658      0.00000      0.00000
      4.00049      4.53221      0.00000      0.00000
      4.01049      3.69090      0.00000      0.00000
      4.02049      3.68750      0.00000      0.00000
      4.03049      4.38940      0.00000      0.00000
      4.04049      4.55154      0.00000      0.00000
      4.05049      4.36829      0.00000      0.00000
      4.06049      5.17181      0.00000      0.00000
      4.07049      5.61376      0.00000      0.00000
      4.08049      4.85436      0.00000      0.00000
      4.09049      4.46292      0.00000      0.00000
      4.10049      4.87226      0.00000      0.00000
      4.11049      5.34287      0.00000      0.00000
      4.12049      5.34488      0.00000      0.00000
      4.13049      3.97486      0.00000      0.00000
      4.14049      2.68299      0.00000      0.00000
      4.15049      3.27414      0.00000      0.00000
      4.16049      3.76253      0.00000      0.00000
      4.17049      2.83296      0.00000      0.00000
      4.18049      1.86732      0.00000      0.00000
      4.19049      1.71491      0.00000      0.00000
      4.20049      2.45061      0.00000      0.00000
      4.21049      3.98756      0.00000      0.00000
      4.22049      5.46223      0.00000      0.00000
      4.23049      5.77955      0.00000      0.00000
      4.24049      4.77989      0.00000      0.00000
      4.25049      3.33553      0.00000      0.00000
      4.26049      2.78339      0.00000      0.00000
      4.27049      2.80833      0.00000      0.00000
      4.28049      3.10372      0.00000      0.00000
      4.29049      3.16609      0.00000      0.00000
      4.30049      3.01095      0.00000      0.00000
      4.31049      3.24407      0.00000      0.00000
      4.32049      3.08278      0.00000      0.00000
      4.33049      2.35354      0.00000      0.00000
      4.34049      2.12280      0.00000      0.00000
      4.35049      2.60990      0.00000      0.00000
      4.36049      3.73644      0.00000      0.00000
      4.37049      4.37124      0.00000      0.00000
      4.38049      3.83021      0.00000      0.00000
      4.39049      3.82303      0.00000      0.00000
      4.40049      3.58954      0.00000      0.00000
      4.41049      2.28009      0.00000      0.00000
      4.42049      1.78786      0.00000      0.00000
      4.43049      2.50110      0.00000      0.00000
      4.44049      3.63184      0.00000      0.00000
      4.45049      3.68131      0.00000      0.00000
      4.46049      3.14554      0.00000      0.00000
      4.47049      3.73880      0.00000      0.00000
      4.48049      3.89319      0.00000      0.00000
      4.49049      2.79273      0.00000      0.00000
      4.50049      2.13525      0.00000      0.00000
      4.51049      2.81798      0.00000      0.00000
      4.52049      4.59111      0.00000      0.00000
      4.53049      5.53715      0.00000      0.00000
      4.54049      4.47823      0.00000      0.00000
      4.55049      3.55474      0.00000      0.00000
      4.56049      3.27464      0.00000      0.00000
      4.57049      2.73236      0.00000      0.00000
      4.58049      1.70368      0.00000      0.00000
      4.59049      1.35267      0.00000      0.00000
      4.60049      1.87995      0.00000      0.00000
      4.61049      2.81007      0.00000      0.00000
      4.62049      3.50578      0.00000      0.00000
      4.63049      2.68965      0.00000      0.00000
      4.64049      1.48324      0.00000      0.00000
      4.65049      1.06197      0.00000      0.00000
      4.66049      0.80379      0.00000      0.00000
      4.67049      0.80643      0.00000      0.00000
      4.68049      1.43771      0.00000      0.00000
      4.69049      2.54100      0.00000      0.00000
      4.70049      3.29315      0.00000      0.00000
      4.71049      2.85698      0.00000      0.00000
      4.72049      1.91684      0.00000      0.00000
      4.73049      1.51800      0.00000      0.00000
      4.74049      1.13712      0.00000      0.00000
      4.75049      0.53388      0.00000      0.00000
      4.76049      0.53435      0.00000      0.00000
      4.77049      1.24916      0.00000      0.00000
      4.78049      1.71627      0.00000      0.00000
      4.79049      1.48397      0.00000      0.00000
      4.80049      0.94302      0.00000      0.00000
      4.81049      0.74946      0.00000      0.00000
      4.82049      0.70958      0.00000      0.00000
      4.83049      0.42893      0.00000      0.00000
      4.84049      0.53800      0.00000      0.00000
      4.85049      1.46062      0.00000      0.00000
      4.86049      2.73740      0.00000      0.00000
      4.87049      3.43963      0.00000      0.00000
      4.88049      2.69626      0.00000      0.00000
      4.89049      1.38821      0.00000      0.00000
      4.90049      0.61006      0.00000      0.00000
      4.91049      0.63938      0.00000      0.00000
      4.92049      1.31557      0.00000      0.00000
      4.93049      1.87647      0.00000      0.00000
      4.94049      2.19639      0.00000      0.00000
      4.95049      2.16030      0.00000      0.00000
      4.96049      1.74234      0.00000      0.00000
      4.97049      1.41168      0.00000      0.00000
      4.98049      1.55699      0.00000      0.00000
      4.99049      2.21728      0.00000      0.00000
      5.00049      3.38690      0.00000      0.00000
      5.01049      4.31938      0.00000      0.00000
      5.02049      4.04631      0.00000      0.00000
      5.03049      3.18119      0.00000      0.00000
      5.04049      2.72403      0.00000      0.00000
      5.05049      2.61399      0.00000      0.00000
      5.06049      2.44368      0.00000      0.00000
      5.07049      2.45944      0.00000      0.00000
      5.08049      2.75044      0.00000      0.00000
      5.09049      2.77775      0.00000      0.00000
      5.10049      3.25317      0.00000      0.00000
      5.11049      4.28887      0.00000      0.00000
      5.12049      4.62157      0.00000      0.00000
      5.13049      4.51348      0.00000      0.00000
      5.14049      4.64086      0.00000      0.00000
      5.15049      4.58155      0.00000      0.00000
      5.16049      4.80262      0.00000      0.00000
      5.17049      5.28695      0.00000      0.00000
      5.18049      5.04272      0.00000      0.00000
      5.19049      5.09918      0.00000      0.00000
      5.20049      6.31579      0.00000      0.00000
      5.21049      7.35822      0.00000      0.00000
      5.22049      7.91637      0.00000      0.00000
      5.23049      7.80275      0.00000      0.00000
      5.24049      7.99492      0.00000      0.00000
      5.25049      9.13558      0.00000      0.00000
      5.26049      9.03839      0.00000      0.00000
      5.27049      8.37778      0.00000      0.00000
      5.28049      8.92470      0.00000      0.00000
      5.29049      9.12631      0.00000      0.00000
      5.30049      8.73621      0.00000      0.00000
      5.31049      8.65085      0.00000      0.00000
      5.32049      7.44338      0.00000      0.00000
      5.33049      6.61925      0.00000      0.00000
      5.34049      7.53095      0.00000      0.00000
      5.35049      8.12030      0.00000      0.00000
      5.36049      7.63838      0.00000      0.00000
      5.37049      7.06638      0.00000      0.00000
      5.38049      6.82432      0.00000      0.00000
      5.39049      6.91229      0.00000      0.00000
      5.40049      6.62074      0.00000      0.00000
      5.41049      5.16184      0.00000      0.00000
      5.42049      4.28413      0.00000      0.00000
      5.43049      4.50998      0.00000      0.00000
      5.44049      3.97296      0.00000      0.00000
      5.45049      3.28529      0.00000      0.00000
      5.46049      3.31491      0.00000      0.00000
      5.47049      3.03893      0.00000      0.00000
      5.48049      2.55490      0.00000      0.00000
      5.49049      2.48814      0.00000      0.00000
      5.50049      2.52280      0.00000      0.00000
      5.51049      2.26175      0.00000      0.00000
      5.52049      1.90462      0.00000      0.00000
      5.53049      2.07925      0.00000      0.00000
      5.54049      3.01696      0.00000      0.00000
      5.55049      3.95015      0.00000      0.00000
      5.56049      3.65873      0.00000      0.00000
      5.57049      2.10077      0.00000      0.00000
      5.58049      1.40102      0.00000      0.00000
      5.59049      2.05981      0.00000      0.00000
      5.60049      2.28441      0.00000      0.00000
      5.61049      1.69705      0.00000      0.00000
      5.62049      1.46613      0.00000      0.00000
      5.63049      1.65784      0.00000      0.00000
      5.64049      2.36273      0.00000      0.00000
      5.65049      3.33697      0.00000      0.00000
      5.66049      3.07528      0.00000      0.00000
      5.67049      2.25365      0.00000      0.00000
      5.68049      1.65937      0.00000      0.00000
      5.69049      1.58898      0.00000      0.00000
      5.70049      2.01953      0.00000      0.00000
      5.71049      2.32345      0.00000      0.00000
      5.72049      2.23484      0.00000      0.00000
      5.73049      2.08527      0.00000      0.00000
      5.74049      1.69514      0.00000      0.00000
      5.75049      1.18545      0.00000      0.00000
      5.76049      1.02847      0.00000      0.00000
      5.77049      1.18941      0.00000      0.00000
      5.78049      1.44532      0.00000      0.00000
      5.79049      1.81468      0.00000      0.00000
      5.80049      2.26703      0.00000      0.00000
      5.81049      2.25219      0.00000      0.00000
      5.82049      1.97159      0.00000      0.00000
      5.83049      1.66985      0.00000      0.00000
      5.84049      1.25025      0.00000      0.00000
      5.85049      1.45986      0.00000      0.00000
      5.86049      1.74358      0.00000      0.00000
      5.87049      1.62687      0.00000      0.00000
      5.88049      1.32303      0.00000      0.00000
      5.89049      1.00220      0.00000      0.00000
      5.90049      1.17770      0.00000      0.00000
      5.91049      1.46504      0.00000      0.00000
      5.92049      1.27266      0.00000      0.00000
      5.93049      1.01005      0.00000      0.00000
      5.94049      1.19080      0.00000      0.00000
      5.95049      1.85119      0.00000      0.00000
      5.96049      2.35369      0.00000      0.00000
      5.97049      2.35041      0.00000      0.00000
      5.98049      2.15871      0.00000      0.00000
      5.99049      1.64920      0.00000      0.00000
      6.00049      1.25889      0.00000      0.00000
      6.01049      1.23365      0.00000      0.00000
      6.02049      1.41507      0.00000      0.00000
      6.03049      1.30847      0.00000      0.00000
      6.04049      0.96421      0.00000      0.00000
      6.05049      1.04368      0.00000      0.00000
      6.06049      1.15629      0.00000      0.00000
      6.07049      0.76741      0.00000      0.00000
      6.08049      0.43952      0.00000      0.00000
      6.09049      0.87954      0.00000      0.00000
      6.10049      1.76359      0.00000      0.00000
      6.11049      2.14304      0.00000      0.00000
      6.12049      1.96058      0.00000      0.00000
      6.13049      1.48469      0.00000      0.00000
      6.14049      1.16000      0.00000      0.00000
      6.15049      1.38814      0.00000      0.00000
      6.16049      1.42854      0.00000      0.00000
      6.17049      1.24452      0.00000      0.00000
      6.18049      1.13735      0.00000      0.00000
      6.19049      1.14686      0.00000      0.00000
      6.20049      1.19468      0.00000      0.00000
      6.21049      1.16466      0.00000      0.00000
      6.22049      0.80483      0.00000      0.00000
      6.23049      0.50133      0.00000      0.00000
      6.24049      0.54472      0.00000      0.00000
      6.25049      0.99836      0.00000      0.00000
      6.26049      1.44020      0.00000      0.00000
      6.27049      1.63453      0.00000      0.00000
      6.28049      2.12465      0.00000      0.00000
      6.29049      2.10620      0.00000      0.00000
      6.30049      1.59385      0.00000      0.00000
      6.31049      1.37571      0.00000      0.00000
      6.32049      1.48310      0.00000      0.00000
      6.33049      1.85454      0.00000      0.00000
      6.34049      1.67908      0.00000      0.00000
      6.35049      0.95415      0.00000      0.00000
      6.36049      0.52469      0.00000      0.00000
      6.37049      0.64518      0.00000      0.00000
      6.38049      1.24696      0.00000      0.00000
      6.39049      1.91054      0.00000      0.00000
      6.40049      2.38482      0.00000      0.00000
      6.41049      2.60606      0.00000      0.00000
      6.42049      2.10081      0.00000      0.00000
      6.43049      1.65173      0.00000      0.00000
      6.44049      1.71707      0.00000      0.00000
      6.45049      1.43298      0.00000      0.00000
      6.46049      1.36278      0.00000      0.00000
      6.47049      1.73264      0.00000      0.00000
      6.48049      1.72227      0.00000      0.00000
      6.49049      1.31855      0.00000      0.00000
      6.50049      1.40802      0.00000      0.00000
      6.51049      1.67107      0.00000      0.00000
      6.52049      1.27592      0.00000      0.00000
      6.53049      1.14872      0.00000      0.00000
      6.54049      1.72723      0.00000      0.00000
      6.55049      1.97375      0.00000      0.00000
      6.56049      1.55712      0.00000      0.00000
      6.57049      1.53057      0.00000      0.00000
      6.58049      1.76679      0.00000      0.00000
      6.59049      2.02687      0.00000      0.00000
      6.60049      2.48338      0.00000      0.00000
      6.61049      2.49958      0.00000      0.00000
      6.62049      2.22508      0.00000      0.00000
      6.63049      1.77696      0.00000      0.00000
      6.64049      1.76211      0.00000      0.00000
      6.65049      1.83093      0.00000      0.00000
      6.66049      1.55549      0.00000      0.00000
      6.67049      1.41076      0.00000      0.00000
      6.68049      1.41112      0.00000      0.00000
      6.69049      1.60756      0.00000      0.00000
      6.70049      2.30405      0.00000      0.00000
      6.71049      2.59834      0.00000      0.00000
      6.72049      2.04429      0.00000      0.00000
      6.73049      1.75002      0.00000      0.00000
      6.74049      2.23255      0.00000      0.00000
      6.75049      2.84691      0.00000      0.00000
      6.76049      2.22339      0.00000      0.00000
      6.77049      1.21625      0.00000      0.00000
      6.78049      1.05225      0.00000      0.00000
      6.79049      1.43773      0.00000      0.00000
      6.80049      1.67750      0.00000      0.00000
      6.81049      1.51291      0.00000      0.00000
      6.82049      1.36170      0.00000      0.00000
      6.83049      1.69953      0.00000      0.00000
      6.84049      1.87100      0.00000      0.00000
      6.85049      1.58435      0.00000      0.00000
      6.86049      1.19569      0.00000      0.00000
      6.87049      1.13570      0.00000      0.00000
      6.88049      1.27003      0.00000      0.00000
      6.89049      1.11555      0.00000      0.00000
      6.90049      1.31076      0.00000      0.00000
      6.91049      1.85809      0.00000      0.00000
      6.92049      1.77959      0.00000      0.00000
      6.93049      1.26244      0.00000      0.00000
      6.94049      0.87982      0.00000      0.00000
      6.95049      1.09049      0.00000      0.00000
      6.96049      1.71542      0.00000      0.00000
      6.97049      1.85398      0.00000      0.00000
      6.98049      1.52162      0.00000      0.00000
      6.99049      1.29134      0.00000      0.00000
      7.00049      1.67050      0.00000      0.00000
      7.01049      2.08181      0.00000      0.00000
      7.02049      1.82429      0.00000      0.00000
      7.03049      1.43298      0.00000      0.00000
      7.04049      1.21432      0.00000      0.00000
      7.05049      0.98293      0.00000      0.00000
      7.06049      1.04761      0.00000      0.00000
      7.07049      1.45674      0.00000      0.00000
      7.08049      1.88015      0.00000      0.00000
      7.09049      2.02330      0.00000      0.00000
      7.10049      1.68719      0.00000      0.00000
      7.11049      1.27042      0.00000      0.00000
      7.12049      1.37731      0.00000      0.00000
      7.13049      1.97742      0.00000      0.00000
      7.14049      2.06617      0.00000      0.00000
      7.15049      1.44925      0.00000      0.00000
      7.16049      1.10224      0.00000      0.00000
      7.17049      1.37336      0.00000      0.00000
      7.18049      1.70680      0.00000      0.00000
      7.19049      1.97804      0.00000      0.00000
      7.20049      2.00832      0.00000      0.00000
      7.21049      1.61876      0.00000      0.00000
      7.22049      1.57585      0.00000      0.00000
      7.23049      1.82793      0.00000      0.00000
      7.24049      1.79807      0.00000      0.00000
      7.25049      2.20187      0.00000      0.00000
      7.26049      3.63232      0.00000      0.00000
      7.27049      3.98260      0.00000      0.00000
      7.28049      2.41019      0.00000      0.00000
      7.29049      1.18849      0.00000      0.00000
      7.30049      0.96903      0.00000      0.00000
      7.31049      1.06979      0.00000      0.00000
      7.32049      0.98602      0.00000      0.00000
      7.33049      1.02513      0.00000      0.00000
      7.34049      1.44856      0.00000      0.00000
      7.35049      2.42615      0.00000      0.00000
      7.36049      3.21455      0.00000      0.00000
