Energy-E_F (eV)    DOS (1/eV)    PDOS (1/eV)  of atom type W  Se 
     -5.60255      1.64751      0.47847      1.16904
     -5.59255      1.21591      0.36275      0.85316
     -5.58255      1.00577      0.27040      0.73537
     -5.57255      1.11468      0.29201      0.82267
     -5.56255      0.87090      0.23986      0.63103
     -5.55255      0.57042      0.15728      0.41314
     -5.54255      0.97474      0.24409      0.73065
     -5.53255      1.76397      0.42809      1.33588
     -5.52255      1.57916      0.38808      1.19108
     -5.51255      1.02137      0.27751      0.74386
     -5.50255      0.93117      0.27265      0.65852
     -5.49255      1.27924      0.36388      0.91536
     -5.48255      1.74954      0.47762      1.27193
     -5.47255      1.42731      0.38539      1.04192
     -5.46255      0.99152      0.27668      0.71484
     -5.45255      1.06515      0.29809      0.76706
     -5.44255      1.57636      0.41618      1.16018
     -5.43255      2.21790      0.55516      1.66274
     -5.42255      1.93171      0.48212      1.44959
     -5.41255      1.15251      0.30952      0.84299
     -5.40255      0.99848      0.28585      0.71262
     -5.39255      1.15738      0.32563      0.83174
     -5.38255      1.24783      0.33605      0.91178
     -5.37255      1.22191      0.31657      0.90534
     -5.36255      1.00963      0.26917      0.74046
     -5.35255      0.81742      0.22860      0.58882
     -5.34255      0.69435      0.19149      0.50285
     -5.33255      1.07338      0.27800      0.79538
     -5.32255      1.97902      0.50080      1.47822
     -5.31255      1.84302      0.46580      1.37722
     -5.30255      1.16918      0.31050      0.85868
     -5.29255      1.25786      0.35161      0.90625
     -5.28255      1.17259      0.32997      0.84263
     -5.27255      0.78892      0.21330      0.57562
     -5.26255      1.06333      0.26524      0.79809
     -5.25255      1.86118      0.46054      1.40064
     -5.24255      2.86161      0.71066      2.15095
     -5.23255      3.53982      0.88108      2.65874
     -5.22255      3.94040      0.98162      2.95878
     -5.21255      5.47682      1.37348      4.10334
     -5.20255      6.16967      1.55388      4.61579
     -5.19255      4.20159      1.06892      3.13267
     -5.18255      3.03305      0.79607      2.23698
     -5.17255      2.56014      0.68388      1.87626
     -5.16255      1.84451      0.49916      1.34535
     -5.15255      2.00584      0.54037      1.46546
     -5.14255      3.21253      0.84063      2.37190
     -5.13255      4.04234      1.05890      2.98345
     -5.12255      3.53706      0.96001      2.57705
     -5.11255      2.64330      0.74441      1.89889
     -5.10255      1.95985      0.57259      1.38726
     -5.09255      2.26755      0.65582      1.61173
     -5.08255      3.88504      1.06626      2.81878
     -5.07255      4.79314      1.30577      3.48738
     -5.06255      3.68930      1.03143      2.65787
     -5.05255      2.33851      0.67037      1.66814
     -5.04255      1.77502      0.49082      1.28420
     -5.03255      1.61550      0.42301      1.19249
     -5.02255      1.99067      0.51978      1.47089
     -5.01255      2.41459      0.65279      1.76179
     -5.00255      2.35727      0.68880      1.66848
     -4.99255      1.91861      0.59578      1.32283
     -4.98255      1.60398      0.48138      1.12259
     -4.97255      1.58497      0.46240      1.12257
     -4.96255      1.64989      0.46953      1.18036
     -4.95255      2.06103      0.55601      1.50502
     -4.94255      2.81012      0.76756      2.04256
     -4.93255      3.02438      0.86697      2.15742
     -4.92255      2.21238      0.64897      1.56341
     -4.91255      1.49087      0.42575      1.06512
     -4.90255      1.79109      0.52232      1.26877
     -4.89255      2.57310      0.77787      1.79523
     -4.88255      2.94980      0.88695      2.06285
     -4.87255      2.72443      0.78328      1.94115
     -4.86255      2.36733      0.67383      1.69350
     -4.85255      2.25561      0.66510      1.59051
     -4.84255      2.04034      0.61456      1.42577
     -4.83255      1.76896      0.51326      1.25570
     -4.82255      1.90840      0.51849      1.38992
     -4.81255      2.26082      0.61472      1.64610
     -4.80255      2.61946      0.75547      1.86399
     -4.79255      2.14938      0.64970      1.49967
     -4.78255      1.05800      0.32452      0.73348
     -4.77255      0.88310      0.27158      0.61152
     -4.76255      1.50756      0.46161      1.04594
     -4.75255      2.22574      0.68237      1.54337
     -4.74255      2.41599      0.75711      1.65888
     -4.73255      1.68461      0.53220      1.15241
     -4.72255      0.88580      0.27326      0.61254
     -4.71255      0.83781      0.27059      0.56722
     -4.70255      1.75081      0.59008      1.16073
     -4.69255      2.97679      0.97730      1.99949
     -4.68255      3.71452      1.17983      2.53469
     -4.67255      4.34650      1.38413      2.96238
     -4.66255      4.20786      1.36983      2.83803
     -4.65255      3.26901      1.08175      2.18727
     -4.64255      2.69834      0.90470      1.79364
     -4.63255      2.70843      0.89721      1.81122
     -4.62255      2.96223      0.96111      2.00112
     -4.61255      2.82188      0.92024      1.90164
     -4.60255      2.39584      0.77873      1.61711
     -4.59255      2.09039      0.68950      1.40089
     -4.58255      1.81750      0.62035      1.19715
     -4.57255      1.38370      0.44408      0.93963
     -4.56255      1.55239      0.45796      1.09444
     -4.55255      2.09303      0.64810      1.44493
     -4.54255      2.34201      0.75542      1.58659
     -4.53255      2.09292      0.68463      1.40828
     -4.52255      1.63431      0.56314      1.07117
     -4.51255      1.61475      0.55881      1.05593
     -4.50255      1.53731      0.48038      1.05693
     -4.49255      1.39712      0.42644      0.97067
     -4.48255      1.45470      0.47054      0.98416
     -4.47255      1.27232      0.39984      0.87248
     -4.46255      1.05718      0.31481      0.74237
     -4.45255      1.16178      0.36358      0.79820
     -4.44255      1.46912      0.49215      0.97697
     -4.43255      1.73795      0.60441      1.13355
     -4.42255      1.73506      0.57693      1.15812
     -4.41255      1.39841      0.43391      0.96449
     -4.40255      1.08646      0.34786      0.73860
     -4.39255      0.93587      0.32962      0.60625
     -4.38255      0.79647      0.29367      0.50280
     -4.37255      0.84280      0.31338      0.52943
     -4.36255      1.09976      0.40000      0.69977
     -4.35255      1.17087      0.41130      0.75956
     -4.34255      0.88805      0.31173      0.57631
     -4.33255      0.76484      0.27260      0.49224
     -4.32255      1.07502      0.32473      0.75029
     -4.31255      1.33550      0.36247      0.97303
     -4.30255      1.18739      0.32776      0.85963
     -4.29255      1.40894      0.40042      1.00853
     -4.28255      1.65465      0.44326      1.21139
     -4.27255      1.35210      0.34060      1.01150
     -4.26255      1.12535      0.33344      0.79190
     -4.25255      1.35892      0.48240      0.87652
     -4.24255      1.64177      0.57010      1.07168
     -4.23255      1.70235      0.52474      1.17761
     -4.22255      1.44846      0.40950      1.03896
     -4.21255      0.84792      0.24072      0.60720
     -4.20255      0.63060      0.19427      0.43633
     -4.19255      0.91046      0.26510      0.64536
     -4.18255      1.91746      0.52835      1.38911
     -4.17255      3.06467      0.85931      2.20536
     -4.16255      3.07493      0.83272      2.24221
     -4.15255      2.60741      0.64172      1.96569
     -4.14255      2.79164      0.66361      2.12803
     -4.13255      3.00120      0.71851      2.28269
     -4.12255      2.75442      0.71793      2.03649
     -4.11255      2.84096      0.84177      1.99919
     -4.10255      2.55837      0.77952      1.77884
     -4.09255      2.08785      0.59649      1.49136
     -4.08255      2.47656      0.68900      1.78756
     -4.07255      2.42131      0.69448      1.72683
     -4.06255      2.43871      0.71620      1.72251
     -4.05255      2.91113      0.83517      2.07596
     -4.04255      2.47182      0.66424      1.80758
     -4.03255      1.93028      0.52140      1.40888
     -4.02255      2.36881      0.68983      1.67898
     -4.01255      3.35644      0.97709      2.37934
     -4.00255      3.92072      1.16282      2.75790
     -3.99255      3.49491      1.05895      2.43595
     -3.98255      2.19428      0.61419      1.58009
     -3.97255      2.04376      0.41205      1.63171
     -3.96255      3.14362      0.58518      2.55845
     -3.95255      3.93126      0.81042      3.12084
     -3.94255      4.34048      0.97773      3.36275
     -3.93255      4.44176      0.99537      3.44639
     -3.92255      3.83761      0.89999      2.93762
     -3.91255      3.06831      0.79632      2.27199
     -3.90255      2.46616      0.62242      1.84374
     -3.89255      1.98436      0.46044      1.52392
     -3.88255      2.35903      0.60404      1.75499
     -3.87255      3.39653      1.03764      2.35889
     -3.86255      3.85939      1.28507      2.57432
     -3.85255      3.77401      1.25767      2.51633
     -3.84255      3.55716      1.15535      2.40181
     -3.83255      2.60902      0.84137      1.76765
     -3.82255      1.70314      0.51717      1.18597
     -3.81255      1.90594      0.55245      1.35349
     -3.80255      2.12655      0.67869      1.44786
     -3.79255      2.00414      0.72045      1.28369
     -3.78255      2.01653      0.73165      1.28488
     -3.77255      1.77230      0.60836      1.16394
     -3.76255      1.31192      0.43191      0.88002
     -3.75255      1.28027      0.44558      0.83469
     -3.74255      1.06979      0.40509      0.66471
     -3.73255      0.84813      0.31657      0.53156
     -3.72255      1.64400      0.54653      1.09747
     -3.71255      3.11450      1.05517      2.05932
     -3.70255      3.40028      1.19165      2.20863
     -3.69255      2.53003      0.86043      1.66959
     -3.68255      1.64216      0.51427      1.12789
     -3.67255      1.40661      0.42674      0.97987
     -3.66255      1.84856      0.59743      1.25113
     -3.65255      1.96848      0.72509      1.24340
     -3.64255      1.75853      0.70461      1.05391
     -3.63255      1.34731      0.51505      0.83226
     -3.62255      1.14297      0.37971      0.76326
     -3.61255      1.28834      0.43723      0.85111
     -3.60255      1.36695      0.52171      0.84524
     -3.59255      1.71768      0.70751      1.01017
     -3.58255      2.36535      0.97278      1.39257
     -3.57255      2.66137      1.07758      1.58379
     -3.56255      2.28196      0.94595      1.33600
     -3.55255      1.86191      0.76675      1.09516
     -3.54255      1.83741      0.70311      1.13430
     -3.53255      1.69295      0.62554      1.06741
     -3.52255      1.72311      0.61844      1.10467
     -3.51255      2.03879      0.71624      1.32255
     -3.50255      2.29500      0.80619      1.48881
     -3.49255      2.19735      0.79484      1.40252
     -3.48255      1.77399      0.67037      1.10363
     -3.47255      1.59218      0.63115      0.96103
     -3.46255      1.96738      0.82719      1.14019
     -3.45255      2.31439      1.00137      1.31302
     -3.44255      2.26947      0.97078      1.29868
     -3.43255      2.73277      1.10725      1.62552
     -3.42255      3.12935      1.23755      1.89180
     -3.41255      2.52048      1.01192      1.50856
     -3.40255      1.74340      0.73547      1.00793
     -3.39255      1.19709      0.54232      0.65477
     -3.38255      1.27139      0.58574      0.68565
     -3.37255      1.47916      0.66248      0.81668
     -3.36255      1.28438      0.57000      0.71438
     -3.35255      1.03036      0.45080      0.57956
     -3.34255      1.35505      0.54489      0.81016
     -3.33255      2.07420      0.76945      1.30476
     -3.32255      2.28643      0.76406      1.52237
     -3.31255      2.12206      0.66607      1.45599
     -3.30255      1.97463      0.67879      1.29583
     -3.29255      1.97777      0.71999      1.25778
     -3.28255      1.95019      0.69631      1.25388
     -3.27255      2.02695      0.72554      1.30140
     -3.26255      1.87896      0.67081      1.20815
     -3.25255      1.33828      0.49076      0.84752
     -3.24255      1.38039      0.51971      0.86068
     -3.23255      1.74631      0.61602      1.13029
     -3.22255      1.75714      0.57585      1.18128
     -3.21255      1.64046      0.54348      1.09699
     -3.20255      1.60714      0.57799      1.02916
     -3.19255      1.49623      0.54617      0.95007
     -3.18255      1.74743      0.61949      1.12794
     -3.17255      2.14080      0.79214      1.34866
     -3.16255      2.17638      0.80434      1.37203
     -3.15255      2.03340      0.71955      1.31385
     -3.14255      1.57195      0.52022      1.05174
     -3.13255      1.32803      0.38850      0.93953
     -3.12255      1.78155      0.53145      1.25011
     -3.11255      2.30861      0.74976      1.55885
     -3.10255      2.44465      0.80624      1.63841
     -3.09255      2.07678      0.65507      1.42170
     -3.08255      1.69313      0.50397      1.18917
     -3.07255      1.46793      0.37228      1.09565
     -3.06255      1.31947      0.28112      1.03835
     -3.05255      1.25241      0.29403      0.95838
     -3.04255      1.17418      0.36058      0.81360
     -3.03255      1.19275      0.44218      0.75057
     -3.02255      1.47200      0.58626      0.88574
     -3.01255      1.49103      0.61036      0.88067
     -3.00255      1.09049      0.41656      0.67393
     -2.99255      0.73459      0.24307      0.49152
     -2.98255      0.62872      0.21473      0.41399
     -2.97255      0.71542      0.27009      0.44533
     -2.96255      0.83431      0.32730      0.50702
     -2.95255      1.37038      0.56819      0.80219
     -2.94255      1.84938      0.76415      1.08523
     -2.93255      1.33268      0.55105      0.78163
     -2.92255      1.02520      0.43524      0.58996
     -2.91255      1.53314      0.54699      0.98615
     -2.90255      2.22801      0.69427      1.53374
     -2.89255      2.09093      0.65367      1.43726
     -2.88255      1.39642      0.44135      0.95508
     -2.87255      1.13817      0.35755      0.78062
     -2.86255      1.37616      0.46271      0.91345
     -2.85255      1.31827      0.44692      0.87135
     -2.84255      0.97702      0.33562      0.64140
     -2.83255      1.05427      0.37971      0.67456
     -2.82255      1.44989      0.55580      0.89409
     -2.81255      1.64971      0.61720      1.03250
     -2.80255      1.69444      0.55527      1.13917
     -2.79255      1.97987      0.64228      1.33758
     -2.78255      1.92344      0.68458      1.23887
     -2.77255      1.81446      0.65708      1.15737
     -2.76255      2.03781      0.64254      1.39527
     -2.75255      2.22737      0.64152      1.58584
     -2.74255      2.91875      0.83236      2.08639
     -2.73255      4.67644      1.22784      3.44860
     -2.72255      6.03731      1.46079      4.57653
     -2.71255      6.57880      1.54958      5.02922
     -2.70255      7.37099      1.69970      5.67129
     -2.69255      7.33155      1.59965      5.73190
     -2.68255      6.08735      1.23896      4.84839
     -2.67255      5.34409      1.10931      4.23478
     -2.66255      5.34247      1.21577      4.12671
     -2.65255      5.17807      1.23632      3.94175
     -2.64255      4.69903      1.11766      3.58137
     -2.63255      3.72835      0.90539      2.82296
     -2.62255      3.13215      0.75105      2.38110
     -2.61255      2.96231      0.64275      2.31957
     -2.60255      2.70028      0.59071      2.10957
     -2.59255      2.80893      0.64237      2.16655
     -2.58255      3.31686      0.73581      2.58105
     -2.57255      3.58392      0.80315      2.78076
     -2.56255      3.50104      0.86741      2.63363
     -2.55255      3.16609      0.83771      2.32838
     -2.54255      2.36127      0.61522      1.74604
     -2.53255      2.10038      0.52771      1.57266
     -2.52255      2.54943      0.67304      1.87639
     -2.51255      2.81643      0.70705      2.10938
     -2.50255      3.47184      0.79746      2.67438
     -2.49255      4.55900      1.04746      3.51154
     -2.48255      4.76549      1.13686      3.62862
     -2.47255      3.88787      1.03444      2.85343
     -2.46255      3.09222      0.97345      2.11877
     -2.45255      3.06209      0.98122      2.08087
     -2.44255      3.33999      0.96565      2.37434
     -2.43255      3.17099      0.93719      2.23380
     -2.42255      2.53700      0.88216      1.65483
     -2.41255      2.22070      0.73718      1.48352
     -2.40255      2.45204      0.68422      1.76781
     -2.39255      2.67248      0.75487      1.91761
     -2.38255      3.25714      0.99048      2.26666
     -2.37255      3.80683      1.16904      2.63779
     -2.36255      3.42440      1.04365      2.38076
     -2.35255      2.87297      0.93354      1.93943
     -2.34255      2.71535      0.91963      1.79572
     -2.33255      2.60975      0.83867      1.77108
     -2.32255      2.89948      0.91557      1.98390
     -2.31255      2.83092      0.87101      1.95991
     -2.30255      2.72296      0.80334      1.91962
     -2.29255      3.31296      1.01060      2.30237
     -2.28255      3.42239      1.10383      2.31856
     -2.27255      3.11794      0.95413      2.16381
     -2.26255      3.01336      0.83610      2.17726
     -2.25255      2.90686      0.86313      2.04373
     -2.24255      3.02975      0.94182      2.08793
     -2.23255      3.35414      1.03560      2.31855
     -2.22255      2.96767      0.93711      2.03056
     -2.21255      2.44221      0.79116      1.65105
     -2.20255      2.68234      0.82895      1.85339
     -2.19255      3.52180      1.16612      2.35568
     -2.18255      3.64018      1.34785      2.29233
     -2.17255      2.97958      1.11033      1.86925
     -2.16255      3.08515      1.10360      1.98155
     -2.15255      3.77932      1.41657      2.36275
     -2.14255      3.83211      1.49786      2.33425
     -2.13255      3.71097      1.32644      2.38453
     -2.12255      4.47620      1.38873      3.08747
     -2.11255      5.33357      1.60016      3.73341
     -2.10255      5.30403      1.48776      3.81627
     -2.09255      4.63328      1.21799      3.41529
     -2.08255      3.33800      0.94105      2.39695
     -2.07255      2.04084      0.68937      1.35146
     -2.06255      1.70770      0.59665      1.11105
     -2.05255      2.51420      0.77382      1.74039
     -2.04255      3.26042      0.95905      2.30137
     -2.03255      2.60242      0.74266      1.85977
     -2.02255      1.94598      0.59410      1.35188
     -2.01255      1.99068      0.65348      1.33720
     -2.00255      1.91734      0.65436      1.26298
     -1.99255      1.63030      0.48282      1.14747
     -1.98255      1.59552      0.28922      1.30630
     -1.97255      2.08841      0.40242      1.68599
     -1.96255      3.09019      0.78779      2.30240
     -1.95255      3.42185      0.93938      2.48247
     -1.94255      2.47437      0.64618      1.82819
     -1.93255      1.77335      0.43662      1.33673
     -1.92255      2.09300      0.56486      1.52814
     -1.91255      2.62278      0.76007      1.86271
     -1.90255      2.80439      0.91425      1.89013
     -1.89255      2.73447      0.91233      1.82214
     -1.88255      2.07723      0.60155      1.47568
     -1.87255      1.38932      0.30143      1.08789
     -1.86255      1.27884      0.26093      1.01791
     -1.85255      1.70845      0.37273      1.33572
     -1.84255      2.32167      0.52125      1.80042
     -1.83255      2.28827      0.56666      1.72160
     -1.82255      2.00950      0.59839      1.41111
     -1.81255      2.13690      0.69122      1.44567
     -1.80255      2.67599      0.83570      1.84029
     -1.79255      3.14920      0.92757      2.22163
     -1.78255      2.63291      0.70969      1.92322
     -1.77255      1.78419      0.41154      1.37266
     -1.76255      1.69927      0.34507      1.35420
     -1.75255      2.31670      0.47895      1.83775
     -1.74255      2.76091      0.61520      2.14571
     -1.73255      2.08712      0.49571      1.59141
     -1.72255      1.25768      0.30865      0.94903
     -1.71255      1.38661      0.38761      0.99900
     -1.70255      2.09820      0.73605      1.36215
     -1.69255      2.10280      0.78678      1.31602
     -1.68255      1.41377      0.46957      0.94420
     -1.67255      1.57566      0.39030      1.18536
     -1.66255      2.17616      0.47863      1.69753
     -1.65255      1.91126      0.45581      1.45545
     -1.64255      1.21821      0.34458      0.87363
     -1.63255      0.99928      0.31474      0.68454
     -1.62255      1.45052      0.49681      0.95372
     -1.61255      1.79895      0.60374      1.19521
     -1.60255      1.56086      0.47489      1.08598
     -1.59255      1.45106      0.41997      1.03109
     -1.58255      1.50951      0.46715      1.04236
     -1.57255      1.35224      0.46200      0.89024
     -1.56255      1.37695      0.53183      0.84512
     -1.55255      1.62690      0.68223      0.94468
     -1.54255      1.50521      0.63068      0.87453
     -1.53255      1.07678      0.42852      0.64826
     -1.52255      0.92264      0.34555      0.57708
     -1.51255      1.12113      0.42457      0.69656
     -1.50255      1.25459      0.51126      0.74333
     -1.49255      1.22781      0.51499      0.71282
     -1.48255      1.06191      0.42357      0.63834
     -1.47255      1.13593      0.43811      0.69782
     -1.46255      1.47893      0.55635      0.92258
     -1.45255      1.78708      0.64284      1.14425
     -1.44255      1.52029      0.54165      0.97864
     -1.43255      0.83816      0.32804      0.51012
     -1.42255      0.58165      0.26519      0.31645
     -1.41255      0.65241      0.29268      0.35973
     -1.40255      0.50530      0.21869      0.28661
     -1.39255      0.26497      0.08938      0.17559
     -1.38255      0.26211      0.05491      0.20720
     -1.37255      0.37417      0.12106      0.25311
     -1.36255      0.42418      0.20955      0.21463
     -1.35255      0.29269      0.17828      0.11441
     -1.34255      0.14554      0.09495      0.05059
     -1.33255      0.32325      0.20098      0.12227
     -1.32255      0.87380      0.52850      0.34529
     -1.31255      1.23035      0.72999      0.50037
     -1.30255      1.02348      0.59482      0.42866
     -1.29255      0.67573      0.38425      0.29148
     -1.28255      0.67485      0.38899      0.28585
     -1.27255      0.55924      0.32248      0.23676
     -1.26255      0.47557      0.25404      0.22152
     -1.25255      0.71190      0.39703      0.31487
     -1.24255      0.97874      0.60075      0.37798
     -1.23255      1.11824      0.68278      0.43546
     -1.22255      1.14234      0.66254      0.47979
     -1.21255      1.08558      0.62518      0.46040
     -1.20255      0.84103      0.47739      0.36364
     -1.19255      0.69008      0.40494      0.28514
     -1.18255      0.78221      0.45481      0.32740
     -1.17255      1.17541      0.63727      0.53814
     -1.16255      1.71044      0.94051      0.76994
     -1.15255      1.79806      1.01128      0.78678
     -1.14255      1.49254      0.88499      0.60755
     -1.13255      1.28806      0.83148      0.45658
     -1.12255      1.34244      0.86577      0.47667
     -1.11255      1.29636      0.79461      0.50175
     -1.10255      1.10164      0.66935      0.43229
     -1.09255      1.07189      0.65904      0.41286
     -1.08255      1.19576      0.74196      0.45380
     -1.07255      1.49868      0.90734      0.59134
     -1.06255      1.39383      0.82231      0.57152
     -1.05255      1.10546      0.66682      0.43864
     -1.04255      1.37555      0.84334      0.53220
     -1.03255      1.98645      1.23935      0.74709
     -1.02255      2.20721      1.43055      0.77666
     -1.01255      2.06864      1.36666      0.70197
     -1.00255      1.77237      1.15924      0.61313
     -0.99255      1.62720      1.03824      0.58897
     -0.98255      1.97842      1.23533      0.74309
     -0.97255      2.52010      1.55271      0.96739
     -0.96255      2.33090      1.43869      0.89222
     -0.95255      1.96984      1.27378      0.69606
     -0.94255      2.16789      1.46568      0.70221
     -0.93255      2.46078      1.68266      0.77812
     -0.92255      2.87579      1.94677      0.92902
     -0.91255      3.00482      2.03531      0.96951
     -0.90255      2.81109      1.94865      0.86244
     -0.89255      3.32564      2.30463      1.02101
     -0.88255      4.13286      2.85479      1.27806
     -0.87255      4.51344      3.15755      1.35589
     -0.86255      4.35679      3.04151      1.31527
     -0.85255      3.49763      2.42433      1.07331
     -0.84255      2.90556      2.01154      0.89402
     -0.83255      3.28838      2.26477      1.02361
     -0.82255      3.53783      2.42077      1.11706
     -0.81255      3.34570      2.21529      1.13041
     -0.80255      3.09511      2.02255      1.07256
     -0.79255      2.57064      1.74709      0.82355
     -0.78255      2.17822      1.52860      0.64962
     -0.77255      2.34669      1.62396      0.72273
     -0.76255      2.66354      1.81980      0.84374
     -0.75255      2.61209      1.78466      0.82744
     -0.74255      2.54340      1.71863      0.82477
     -0.73255      2.43833      1.64445      0.79388
     -0.72255      2.21249      1.52692      0.68557
     -0.71255      2.29153      1.58546      0.70607
     -0.70255      2.31493      1.58205      0.73287
     -0.69255      2.11716      1.42521      0.69195
     -0.68255      2.30006      1.54582      0.75424
     -0.67255      2.52203      1.71489      0.80713
     -0.66255      2.20334      1.51931      0.68403
     -0.65255      1.75494      1.23210      0.52284
     -0.64255      1.91087      1.34180      0.56906
     -0.63255      2.42084      1.68770      0.73314
     -0.62255      2.25297      1.57011      0.68286
     -0.61255      1.84449      1.27561      0.56888
     -0.60255      2.02277      1.39354      0.62923
     -0.59255      2.06952      1.43344      0.63608
     -0.58255      2.09757      1.45044      0.64713
     -0.57255      2.09881      1.45123      0.64758
     -0.56255      1.80903      1.25733      0.55170
     -0.55255      1.87543      1.30621      0.56922
     -0.54255      2.31711      1.61405      0.70307
     -0.53255      2.33503      1.64048      0.69455
     -0.52255      2.33753      1.65611      0.68142
     -0.51255      2.39296      1.68286      0.71010
     -0.50255      2.16851      1.50361      0.66490
     -0.49255      2.18064      1.50017      0.68047
     -0.48255      2.46841      1.68968      0.77873
     -0.47255      2.39796      1.64379      0.75417
     -0.46255      1.67937      1.17227      0.50710
     -0.45255      0.95248      0.68868      0.26380
     -0.44255      0.58380      0.42905      0.15476
     -0.43255      0.47587      0.34643      0.12944
     -0.42255      0.72667      0.52658      0.20009
     -0.41255      0.92487      0.67541      0.24946
     -0.40255      0.95734      0.71036      0.24699
     -0.39255      0.94416      0.71144      0.23272
     -0.38255      0.90489      0.68070      0.22419
     -0.37255      0.70684      0.52190      0.18495
     -0.36255      0.57578      0.41995      0.15583
     -0.35255      0.58667      0.43309      0.15358
     -0.34255      0.58446      0.43568      0.14879
     -0.33255      0.50278      0.37595      0.12683
     -0.32255      0.46501      0.35304      0.11196
     -0.31255      0.57387      0.43694      0.13693
     -0.30255      0.60106      0.45331      0.14774
     -0.29255      0.39108      0.29404      0.09704
     -0.28255      0.35568      0.27016      0.08552
     -0.27255      0.65169      0.49634      0.15535
     -0.26255      0.86113      0.65711      0.20402
     -0.25255      0.96195      0.73711      0.22484
     -0.24255      0.76016      0.58437      0.17580
     -0.23255      0.30068      0.23191      0.06877
     -0.22255      0.08868      0.06851      0.02017
     -0.21255      0.25028      0.19290      0.05738
     -0.20255      0.58672      0.45210      0.13462
     -0.19255      0.53960      0.41609      0.12351
     -0.18255      0.29761      0.23091      0.06669
     -0.17255      0.31037      0.24194      0.06843
     -0.16255      0.39568      0.30753      0.08815
     -0.15255      0.39282      0.30489      0.08793
     -0.14255      0.50781      0.39482      0.11298
     -0.13255      0.64656      0.50433      0.14223
     -0.12255      0.56664      0.44384      0.12279
     -0.11255      0.38186      0.30004      0.08182
     -0.10255      0.18345      0.14416      0.03928
     -0.09255      0.17788      0.13952      0.03836
     -0.08255      0.31742      0.24937      0.06805
     -0.07255      0.39128      0.30799      0.08329
     -0.06255      0.32914      0.25935      0.06979
     -0.05255      0.34598      0.27278      0.07319
     -0.04255      0.37486      0.29582      0.07904
     -0.03255      0.37254      0.29450      0.07804
     -0.02255      0.31807      0.25167      0.06639
     -0.01255      0.21259      0.16838      0.04421
     -0.00255      0.16849      0.13356      0.03493
      0.00745      0.08158      0.06468      0.01690
      0.01745      0.01561      0.01238      0.00323
      0.02745      0.00111      0.00088      0.00023
      0.03745      0.00003      0.00002      0.00001
      0.04745      0.00000      0.00000      0.00000
      0.05745      0.00000      0.00000      0.00000
      0.06745      0.00000      0.00000      0.00000
      0.07745      0.00000      0.00000      0.00000
      0.08745      0.00000      0.00000      0.00000
      0.09745      0.00000      0.00000      0.00000
      0.10745      0.00000      0.00000      0.00000
      0.11745      0.00000      0.00000      0.00000
      0.12745      0.00000      0.00000      0.00000
      0.13745      0.00000      0.00000      0.00000
      0.14745      0.00000      0.00000      0.00000
      0.15745      0.00000      0.00000      0.00000
      0.16745      0.00000      0.00000      0.00000
      0.17745      0.00000      0.00000      0.00000
      0.18745      0.00000      0.00000      0.00000
      0.19745      0.00000      0.00000      0.00000
      0.20745      0.00000      0.00000      0.00000
      0.21745      0.00000      0.00000      0.00000
      0.22745      0.00000      0.00000      0.00000
      0.23745      0.00000      0.00000      0.00000
      0.24745      0.00000      0.00000      0.00000
      0.25745      0.00000      0.00000      0.00000
      0.26745      0.00000      0.00000      0.00000
      0.27745      0.00000      0.00000      0.00000
      0.28745      0.00000      0.00000      0.00000
      0.29745      0.00000      0.00000      0.00000
      0.30745      0.00000      0.00000      0.00000
      0.31745      0.00000      0.00000      0.00000
      0.32745      0.00000      0.00000      0.00000
      0.33745      0.00000      0.00000      0.00000
      0.34745      0.00000      0.00000      0.00000
      0.35745      0.00000      0.00000      0.00000
      0.36745      0.00000      0.00000      0.00000
      0.37745      0.00000      0.00000      0.00000
      0.38745      0.00000      0.00000      0.00000
      0.39745      0.00000      0.00000      0.00000
      0.40745      0.00000      0.00000      0.00000
      0.41745      0.00000      0.00000      0.00000
      0.42745      0.00000      0.00000      0.00000
      0.43745      0.00000      0.00000      0.00000
      0.44745      0.00000      0.00000      0.00000
      0.45745      0.00000      0.00000      0.00000
      0.46745      0.00000      0.00000      0.00000
      0.47745      0.00000      0.00000      0.00000
      0.48745      0.00000      0.00000      0.00000
      0.49745      0.00000      0.00000      0.00000
      0.50745      0.00000      0.00000      0.00000
      0.51745      0.00000      0.00000      0.00000
      0.52745      0.00000      0.00000      0.00000
      0.53745      0.00000      0.00000      0.00000
      0.54745      0.00000      0.00000      0.00000
      0.55745      0.00000      0.00000      0.00000
      0.56745      0.00000      0.00000      0.00000
      0.57745      0.00000      0.00000      0.00000
      0.58745      0.00000      0.00000      0.00000
      0.59745      0.00000      0.00000      0.00000
      0.60745      0.00000      0.00000      0.00000
      0.61745      0.00000      0.00000      0.00000
      0.62745      0.00000      0.00000      0.00000
      0.63745      0.00000      0.00000      0.00000
      0.64745      0.00000      0.00000      0.00000
      0.65745      0.00000      0.00000      0.00000
      0.66745      0.00000      0.00000      0.00000
      0.67745      0.00000      0.00000      0.00000
      0.68745      0.00000      0.00000      0.00000
      0.69745      0.00000      0.00000      0.00000
      0.70745      0.00000      0.00000      0.00000
      0.71745      0.00000      0.00000      0.00000
      0.72745      0.00000      0.00000      0.00000
      0.73745      0.00000      0.00000      0.00000
      0.74745      0.00000      0.00000      0.00000
      0.75745      0.00000      0.00000      0.00000
      0.76745      0.00000      0.00000      0.00000
      0.77745      0.00000      0.00000      0.00000
      0.78745      0.00000      0.00000      0.00000
      0.79745      0.00000      0.00000      0.00000
      0.80745      0.00000      0.00000      0.00000
      0.81745      0.00000      0.00000      0.00000
      0.82745      0.00000      0.00000      0.00000
      0.83745      0.00000      0.00000      0.00000
      0.84745      0.00000      0.00000      0.00000
      0.85745      0.00000      0.00000      0.00000
      0.86745      0.00000      0.00000      0.00000
      0.87745      0.00000      0.00000      0.00000
      0.88745      0.00000      0.00000      0.00000
      0.89745      0.00000      0.00000      0.00000
      0.90745      0.00000      0.00000      0.00000
      0.91745      0.00000      0.00000      0.00000
      0.92745      0.00000      0.00000      0.00000
      0.93745      0.00000      0.00000      0.00000
      0.94745      0.00000      0.00000      0.00000
      0.95745      0.00000      0.00000      0.00000
      0.96745      0.00000      0.00000      0.00000
      0.97745      0.00000      0.00000      0.00000
      0.98745      0.00000      0.00000      0.00000
      0.99745      0.00000      0.00000      0.00000
      1.00745      0.00000      0.00000      0.00000
      1.01745      0.00000      0.00000      0.00000
      1.02745      0.00000      0.00000      0.00000
      1.03745      0.00000      0.00000      0.00000
      1.04745      0.00000      0.00000      0.00000
      1.05745      0.00000      0.00000      0.00000
      1.06745      0.00000      0.00000      0.00000
      1.07745      0.00000      0.00000      0.00000
      1.08745      0.00000      0.00000      0.00000
      1.09745      0.00000      0.00000      0.00000
      1.10745      0.00000      0.00000      0.00000
      1.11745      0.00000      0.00000      0.00000
      1.12745      0.00000      0.00000      0.00000
      1.13745      0.00000      0.00000      0.00000
      1.14745      0.00000      0.00000      0.00000
      1.15745      0.00000      0.00000      0.00000
      1.16745      0.00000      0.00000      0.00000
      1.17745      0.00000      0.00000      0.00000
      1.18745      0.00000      0.00000      0.00000
      1.19745      0.00000      0.00000      0.00000
      1.20745      0.00000      0.00000      0.00000
      1.21745      0.00000      0.00000      0.00000
      1.22745      0.00000      0.00000      0.00000
      1.23745      0.00000      0.00000      0.00000
      1.24745      0.00000      0.00000      0.00000
      1.25745      0.00000      0.00000      0.00000
      1.26745      0.00000      0.00000      0.00000
      1.27745      0.00000      0.00000      0.00000
      1.28745      0.00000      0.00000      0.00000
      1.29745      0.00000      0.00000      0.00000
      1.30745      0.00000      0.00000      0.00000
      1.31745      0.00000      0.00000      0.00000
      1.32745      0.00000      0.00000      0.00000
      1.33745      0.00000      0.00000      0.00000
      1.34745      0.00000      0.00000      0.00000
      1.35745      0.00000      0.00000      0.00000
      1.36745      0.00000      0.00000      0.00000
      1.37745      0.00000      0.00000      0.00000
      1.38745      0.00000      0.00000      0.00000
      1.39745      0.00000      0.00000      0.00000
      1.40745      0.00000      0.00000      0.00000
      1.41745      0.00000      0.00000      0.00000
      1.42745      0.00000      0.00000      0.00000
      1.43745      0.00000      0.00000      0.00000
      1.44745      0.00000      0.00000      0.00000
      1.45745      0.00000      0.00000      0.00000
      1.46745      0.00000      0.00000      0.00000
      1.47745      0.00000      0.00000      0.00000
      1.48745      0.00000      0.00000      0.00000
      1.49745      0.00000      0.00000      0.00000
      1.50745      0.00000      0.00000      0.00000
      1.51745      0.00000      0.00000      0.00000
      1.52745      0.00000      0.00000      0.00000
      1.53745      0.00000      0.00000      0.00000
      1.54745      0.00000      0.00000      0.00000
      1.55745      0.00000      0.00000      0.00000
      1.56745      0.00000      0.00000      0.00000
      1.57745      0.00000      0.00000      0.00000
      1.58745      0.00000      0.00000      0.00000
      1.59745      0.00000      0.00000      0.00000
      1.60745      0.00000      0.00000      0.00000
      1.61745      0.00000      0.00000      0.00000
      1.62745      0.00000      0.00000      0.00000
      1.63745      0.00000      0.00000      0.00000
      1.64745      0.00000      0.00000      0.00000
      1.65745      0.00000      0.00000      0.00000
      1.66745      0.00000      0.00000      0.00000
      1.67745      0.00000      0.00000      0.00000
      1.68745      0.00000      0.00000      0.00000
      1.69745      0.00000      0.00000      0.00000
      1.70745      0.00000      0.00000      0.00000
      1.71745      0.00000      0.00000      0.00000
      1.72745      0.00000      0.00000      0.00000
      1.73745      0.00000      0.00000      0.00000
      1.74745      0.00000      0.00000      0.00000
      1.75745      0.00000      0.00000      0.00000
      1.76745      0.00000      0.00000      0.00000
      1.77745      0.00000      0.00000      0.00000
      1.78745      0.00000      0.00000      0.00000
      1.79745      0.00000      0.00000      0.00000
      1.80745      0.00000      0.00000      0.00000
      1.81745      0.00000      0.00000      0.00000
      1.82745      0.00000      0.00000      0.00000
      1.83745      0.00000      0.00000      0.00000
      1.84745      0.00000      0.00000      0.00000
      1.85745      0.00000      0.00000      0.00000
      1.86745      0.00000      0.00000      0.00000
      1.87745      0.00000      0.00000      0.00000
      1.88745      0.00000      0.00000      0.00000
      1.89745      0.00000      0.00000      0.00000
      1.90745      0.00000      0.00000      0.00000
      1.91745      0.00000      0.00000      0.00000
      1.92745      0.00000      0.00000      0.00000
      1.93745      0.00000      0.00000      0.00000
      1.94745      0.00000      0.00000      0.00000
      1.95745      0.00000      0.00000      0.00000
      1.96745      0.00000      0.00000      0.00000
      1.97745      0.00000      0.00000      0.00000
      1.98745      0.00000      0.00000      0.00000
      1.99745      0.00000      0.00000      0.00000
      2.00745      0.00000      0.00000      0.00000
      2.01745      0.00000      0.00000      0.00000
      2.02745      0.00000      0.00000      0.00000
      2.03745      0.00000      0.00000      0.00000
      2.04745      0.00000      0.00000      0.00000
      2.05745      0.00000      0.00000      0.00000
      2.06745      0.00000      0.00000      0.00000
      2.07745      0.00000      0.00000      0.00000
      2.08745      0.00000      0.00000      0.00000
      2.09745      0.00000      0.00000      0.00000
      2.10745      0.00000      0.00000      0.00000
      2.11745      0.00000      0.00000      0.00000
      2.12745      0.00000      0.00000      0.00000
      2.13745      0.00000      0.00000      0.00000
      2.14745      0.00000      0.00000      0.00000
      2.15745      0.00000      0.00000      0.00000
      2.16745      0.00000      0.00000      0.00000
      2.17745      0.00000      0.00000      0.00000
      2.18745      0.00000      0.00000      0.00000
      2.19745      0.00000      0.00000      0.00000
      2.20745      0.00000      0.00000      0.00000
      2.21745      0.00000      0.00000      0.00000
      2.22745      0.00000      0.00000      0.00000
      2.23745      0.00000      0.00000      0.00000
      2.24745      0.00000      0.00000      0.00000
      2.25745      0.00000      0.00000      0.00000
      2.26745      0.00000      0.00000      0.00000
      2.27745      0.00000      0.00000      0.00000
      2.28745      0.00000      0.00000      0.00000
      2.29745      0.00000      0.00000      0.00000
      2.30745      0.00000      0.00000      0.00000
      2.31745      0.00000      0.00000      0.00000
      2.32745      0.00000      0.00000      0.00000
      2.33745      0.00000      0.00000      0.00000
      2.34745      0.00000      0.00000      0.00000
      2.35745      0.00000      0.00000      0.00000
      2.36745      0.00000      0.00000      0.00000
      2.37745      0.00000      0.00000      0.00000
      2.38745      0.00000      0.00000      0.00000
      2.39745      0.00000      0.00000      0.00000
      2.40745      0.00000      0.00000      0.00000
      2.41745      0.00000      0.00000      0.00000
      2.42745      0.00000      0.00000      0.00000
      2.43745      0.00000      0.00000      0.00000
      2.44745      0.00000      0.00000      0.00000
      2.45745      0.00000      0.00000      0.00000
      2.46745      0.00000      0.00000      0.00000
      2.47745      0.00000      0.00000      0.00000
      2.48745      0.00000      0.00000      0.00000
      2.49745      0.00000      0.00000      0.00000
      2.50745      0.00000      0.00000      0.00000
      2.51745      0.00000      0.00000      0.00000
      2.52745      0.00000      0.00000      0.00000
      2.53745      0.00000      0.00000      0.00000
      2.54745      0.00000      0.00000      0.00000
      2.55745      0.00000      0.00000      0.00000
      2.56745      0.00028      0.00017      0.00011
      2.57745      0.00807      0.00504      0.00303
      2.58745      0.09350      0.05878      0.03472
      2.59745      0.44996      0.28031      0.16965
      2.60745      1.00709      0.60904      0.39805
      2.61745      1.44305      0.84622      0.59683
      2.62745      1.82439      1.08750      0.73689
      2.63745      1.77820      1.08649      0.69171
      2.64745      1.60736      0.97419      0.63317
      2.65745      1.74773      1.06710      0.68063
      2.66745      1.67393      1.01689      0.65704
      2.67745      1.77119      1.05867      0.71253
      2.68745      2.38861      1.43198      0.95663
      2.69745      2.29557      1.36209      0.93348
      2.70745      1.66401      0.98107      0.68294
      2.71745      1.49548      0.87010      0.62539
      2.72745      1.59450      0.94941      0.64508
      2.73745      2.09783      1.27365      0.82418
      2.74745      2.51019      1.48861      1.02158
      2.75745      2.49775      1.47023      1.02753
      2.76745      2.18573      1.30287      0.88287
      2.77745      2.06939      1.26956      0.79982
      2.78745      2.61408      1.59348      1.02059
      2.79745      3.22922      1.95534      1.27388
      2.80745      2.84483      1.70944      1.13539
      2.81745      2.11564      1.22629      0.88935
      2.82745      2.11253      1.21040      0.90213
      2.83745      3.07864      1.75174      1.32690
      2.84745      4.57689      2.56508      2.01182
      2.85745      4.36477      2.50264      1.86213
      2.86745      3.28962      1.97093      1.31869
      2.87745      2.81426      1.72309      1.09118
      2.88745      2.60875      1.57627      1.03248
      2.89745      2.47502      1.44602      1.02900
      2.90745      2.24284      1.30455      0.93830
      2.91745      2.52839      1.61069      0.91770
      2.92745      3.15681      2.09264      1.06417
      2.93745      3.17121      2.09249      1.07872
      2.94745      2.75025      1.76142      0.98884
      2.95745      2.26350      1.36377      0.89973
      2.96745      2.14998      1.26763      0.88236
      2.97745      2.38517      1.44635      0.93882
      2.98745      2.78974      1.81011      0.97963
      2.99745      3.18020      2.16890      1.01129
      3.00745      2.80996      1.92223      0.88773
      3.01745      2.33224      1.59114      0.74110
      3.02745      2.32328      1.59538      0.72789
      3.03745      2.52219      1.68449      0.83771
      3.04745      2.46387      1.61907      0.84480
      3.05745      2.30056      1.54231      0.75825
      3.06745      2.71382      1.88303      0.83079
      3.07745      2.93309      2.08799      0.84510
      3.08745      2.55573      1.84368      0.71204
      3.09745      2.39494      1.69404      0.70090
      3.10745      2.35196      1.63724      0.71472
      3.11745      2.15067      1.42958      0.72108
      3.12745      2.21685      1.35850      0.85836
      3.13745      2.32356      1.47658      0.84698
      3.14745      2.03675      1.43542      0.60133
      3.15745      1.52872      1.15115      0.37757
      3.16745      1.02151      0.76468      0.25683
      3.17745      0.95023      0.66587      0.28436
      3.18745      1.14260      0.77929      0.36331
      3.19745      1.15541      0.78533      0.37008
      3.20745      1.48601      1.09534      0.39066
      3.21745      1.92430      1.48523      0.43907
      3.22745      2.16253      1.56708      0.59545
      3.23745      2.47390      1.72141      0.75248
      3.24745      2.20709      1.58176      0.62533
      3.25745      1.41833      1.04795      0.37039
      3.26745      1.00442      0.74482      0.25959
      3.27745      1.19621      0.85992      0.33629
      3.28745      1.05657      0.75589      0.30067
      3.29745      0.96661      0.71094      0.25567
      3.30745      1.51039      1.09109      0.41930
      3.31745      1.88395      1.35599      0.52796
      3.32745      1.72646      1.25933      0.46713
      3.33745      1.39473      1.01770      0.37704
      3.34745      1.42571      0.98973      0.43598
      3.35745      2.31320      1.57895      0.73425
      3.36745      3.40309      2.42314      0.97995
      3.37745      4.11605      3.01191      1.10414
      3.38745      4.00675      2.91052      1.09623
      3.39745      3.74558      2.61763      1.12795
      3.40745      4.53095      3.03444      1.49651
      3.41745      6.65665      4.33088      2.32576
      3.42745      7.82728      5.05165      2.77563
      3.43745      6.10571      4.00259      2.10312
      3.44745      4.42311      2.96644      1.45667
      3.45745      3.85761      2.64698      1.21063
      3.46745      4.63652      3.23303      1.40348
      3.47745      5.57508      3.75332      1.82177
      3.48745      5.15586      3.48364      1.67222
      3.49745      3.95682      2.90629      1.05053
      3.50745      3.12038      2.34928      0.77110
      3.51745      3.17124      2.25144      0.91979
      3.52745      3.69107      2.57933      1.11174
      3.53745      4.19015      3.04299      1.14715
      3.54745      4.94692      3.66349      1.28343
      3.55745      5.51176      3.97685      1.53491
      3.56745      5.75528      3.93546      1.81981
      3.57745      5.40469      3.45851      1.94618
      3.58745      4.31677      2.73390      1.58287
      3.59745      3.49340      2.30440      1.18900
      3.60745      3.52644      2.30102      1.22542
      3.61745      4.09815      2.58208      1.51607
      3.62745      4.89028      3.09286      1.79741
      3.63745      5.29200      3.41732      1.87468
      3.64745      4.92234      3.22580      1.69654
      3.65745      4.22468      2.71900      1.50568
      3.66745      3.86990      2.43395      1.43596
      3.67745      4.85051      3.04390      1.80661
      3.68745      6.02978      3.75402      2.27577
      3.69745      5.08655      3.23331      1.85324
      3.70745      3.34850      2.30337      1.04513
      3.71745      3.09521      2.21462      0.88059
      3.72745      4.42878      3.01566      1.41313
      3.73745      5.57047      3.70189      1.86858
      3.74745      4.70946      3.17238      1.53707
      3.75745      3.53370      2.40168      1.13203
      3.76745      3.45032      2.31392      1.13639
      3.77745      3.71989      2.51559      1.20430
      3.78745      4.05984      2.81363      1.24621
      3.79745      4.79180      3.39543      1.39638
      3.80745      5.14422      3.72341      1.42081
      3.81745      4.61552      3.34302      1.27251
      3.82745      3.76151      2.73864      1.02287
      3.83745      3.62846      2.73676      0.89169
      3.84745      3.84326      2.88772      0.95554
      3.85745      4.31698      3.06394      1.25304
      3.86745      5.14855      3.57917      1.56938
      3.87745      5.06186      3.54870      1.51316
      3.88745      3.92975      2.73595      1.19381
      3.89745      3.38803      2.32331      1.06472
      3.90745      3.74301      2.53128      1.21174
      3.91745      3.70567      2.37876      1.32691
      3.92745      3.32452      2.00723      1.31728
      3.93745      3.59046      2.25667      1.33379
      3.94745      4.61139      3.02669      1.58470
      3.95745      5.05323      3.25159      1.80164
      3.96745      4.27350      2.59452      1.67898
      3.97745      3.14895      1.83761      1.31134
      3.98745      2.67866      1.54718      1.13147
      3.99745      3.24708      1.84075      1.40633
      4.00745      4.24323      2.34941      1.89381
      4.01745      4.39355      2.49390      1.89966
      4.02745      3.85997      2.26715      1.59282
      4.03745      4.01616      2.30860      1.70755
      4.04745      4.60659      2.55065      2.05594
      4.05745      4.66131      2.54162      2.11969
      4.06745      4.51052      2.47354      2.03698
      4.07745      4.27471      2.38615      1.88856
      4.08745      3.97365      2.31504      1.65861
      4.09745      4.23532      2.47214      1.76318
      4.10745      3.91593      2.17831      1.73761
      4.11745      2.80739      1.52055      1.28684
      4.12745      2.33981      1.31582      1.02400
      4.13745      2.37455      1.35024      1.02431
      4.14745      2.19974      1.23546      0.96428
      4.15745      1.90702      1.09312      0.81390
      4.16745      2.13292      1.25317      0.87976
      4.17745      2.55519      1.45637      1.09882
      4.18745      2.32042      1.31951      1.00090
      4.19745      2.13713      1.22022      0.91691
      4.20745      2.59475      1.45622      1.13853
      4.21745      3.25331      1.83634      1.41698
      4.22745      3.03987      1.70272      1.33716
      4.23745      2.34445      1.29089      1.05356
      4.24745      2.25487      1.24732      1.00755
      4.25745      2.42813      1.37830      1.04983
      4.26745      2.01838      1.18793      0.83045
      4.27745      1.46238      0.86443      0.59796
      4.28745      1.36248      0.78258      0.57991
      4.29745      1.81092      0.98247      0.82845
      4.30745      2.05190      1.08603      0.96587
      4.31745      1.65128      0.92095      0.73033
      4.32745      1.29621      0.77014      0.52607
      4.33745      1.64908      0.92360      0.72547
      4.34745      2.24474      1.18832      1.05642
      4.35745      2.11829      1.11560      1.00269
      4.36745      1.72630      0.90733      0.81897
      4.37745      2.07652      1.09805      0.97847
      4.38745      2.52442      1.36084      1.16359
      4.39745      2.20943      1.23788      0.97155
      4.40745      1.76850      1.04769      0.72081
      4.41745      1.63161      0.92604      0.70557
      4.42745      1.39647      0.72065      0.67582
      4.43745      1.34985      0.67183      0.67801
      4.44745      1.80127      0.91761      0.88366
      4.45745      2.10896      1.11051      0.99845
      4.46745      1.64595      0.88594      0.76001
      4.47745      1.29431      0.70922      0.58509
      4.48745      1.33861      0.74383      0.59477
      4.49745      1.52988      0.82342      0.70646
      4.50745      1.80887      0.93318      0.87569
      4.51745      1.72329      0.87392      0.84937
      4.52745      1.39744      0.70637      0.69107
      4.53745      1.32001      0.64845      0.67156
      4.54745      1.44167      0.70146      0.74021
      4.55745      1.50773      0.74399      0.76374
      4.56745      1.86171      0.91798      0.94373
      4.57745      1.86074      0.90241      0.95833
      4.58745      1.21614      0.57444      0.64170
      4.59745      0.75256      0.35391      0.39864
      4.60745      0.57708      0.27804      0.29904
      4.61745      0.87220      0.42205      0.45016
      4.62745      1.47777      0.71257      0.76520
      4.63745      1.40766      0.67905      0.72861
      4.64745      1.01653      0.49231      0.52422
      4.65745      1.30904      0.62620      0.68283
      4.66745      1.84459      0.86862      0.97597
      4.67745      2.06716      0.96984      1.09732
      4.68745      2.27225      1.07316      1.19908
      4.69745      2.04621      0.97256      1.07366
      4.70745      1.48987      0.71044      0.77943
      4.71745      1.53262      0.72715      0.80547
      4.72745      2.03331      0.96939      1.06392
      4.73745      1.87403      0.89738      0.97665
      4.74745      1.29565      0.61369      0.68196
      4.75745      1.32438      0.61979      0.70459
      4.76745      1.47870      0.69866      0.78004
      4.77745      1.34258      0.64426      0.69833
      4.78745      1.10503      0.53170      0.57334
      4.79745      1.07584      0.51248      0.56336
      4.80745      1.05876      0.50137      0.55738
      4.81745      0.72551      0.34469      0.38082
      4.82745      0.64967      0.31176      0.33791
      4.83745      1.25253      0.59423      0.65831
      4.84745      1.57254      0.73489      0.83766
      4.85745      1.11218      0.51405      0.59812
      4.86745      0.80449      0.37544      0.42905
      4.87745      1.05708      0.50860      0.54848
      4.88745      1.21578      0.59019      0.62559
      4.89745      0.84819      0.40844      0.43975
      4.90745      0.54004      0.26185      0.27819
      4.91745      0.63312      0.30645      0.32668
      4.92745      1.03589      0.48945      0.54644
      4.93745      1.13293      0.53001      0.60292
      4.94745      0.60379      0.28094      0.32285
      4.95745      0.17903      0.08286      0.09618
      4.96745      0.18371      0.08528      0.09842
      4.97745      0.38791      0.18264      0.20527
      4.98745      0.39509      0.19000      0.20509
      4.99745      0.34240      0.16413      0.17827
      5.00745      0.85790      0.40008      0.45782
      5.01745      1.54311      0.71696      0.82615
      5.02745      1.26785      0.58821      0.67964
      5.03745      0.64986      0.30075      0.34911
      5.04745      0.38197      0.17638      0.20560
      5.05745      0.34969      0.16134      0.18835
      5.06745      0.23118      0.10668      0.12450
      5.07745      0.23687      0.10959      0.12728
      5.08745      0.79575      0.36852      0.42723
      5.09745      1.45238      0.67277      0.77961
      5.10745      1.10587      0.51246      0.59341
      5.11745      0.42343      0.19630      0.22714
      5.12745      0.35119      0.16292      0.18827
      5.13745      0.48553      0.22610      0.25942
      5.14745      0.50590      0.23683      0.26907
      5.15745      0.78800      0.37004      0.41795
      5.16745      1.72860      0.81237      0.91623
      5.17745      2.23306      1.04962      1.18345
      5.18745      1.75977      0.82687      0.93290
      5.19745      1.18373      0.55544      0.62829
      5.20745      0.75749      0.35459      0.40290
      5.21745      0.51021      0.23610      0.27410
      5.22745      0.88091      0.40440      0.47652
      5.23745      1.38367      0.63968      0.74398
      5.24745      1.37872      0.64068      0.73804
      5.25745      1.35823      0.63611      0.72212
      5.26745      1.46114      0.69900      0.76214
      5.27745      1.34499      0.65130      0.69369
      5.28745      1.72370      0.82324      0.90046
      5.29745      2.52615      1.19616      1.32999
      5.30745      2.76068      1.31151      1.44916
      5.31745      2.34015      1.11652      1.22363
      5.32745      1.54215      0.73031      0.81185
      5.33745      1.07811      0.50800      0.57011
      5.34745      1.39282      0.66401      0.72881
      5.35745      1.92346      0.91761      1.00584
      5.36745      2.41952      1.15230      1.26722
      5.37745      2.39946      1.14937      1.25009
      5.38745      2.61734      1.25947      1.35787
      5.39745      3.10526      1.48225      1.62301
      5.40745      2.84681      1.35251      1.49430
      5.41745      2.70090      1.29255      1.40835
      5.42745      2.92277      1.40677      1.51600
      5.43745      3.02325      1.45337      1.56988
      5.44745      3.46005      1.65659      1.80347
      5.45745      4.36802      2.09008      2.27794
      5.46745      5.46939      2.62374      2.84566
      5.47745      6.36743      3.06016      3.30727
      5.48745      6.51342      3.12587      3.38755
      5.49745      6.15184      2.93078      3.22106
      5.50745      5.21294      2.47339      2.73955
      5.51745      4.00328      1.91838      2.08490
      5.52745      3.26415      1.59623      1.66792
      5.53745      2.95674      1.45036      1.50638
      5.54745      3.18140      1.51329      1.66810
      5.55745      3.78344      1.78159      2.00185
      5.56745      3.89080      1.88444      2.00636
      5.57745      3.39481      1.70100      1.69381
      5.58745      2.65387      1.34704      1.30683
      5.59745      2.50476      1.25101      1.25375
      5.60745      2.94285      1.41458      1.52827
      5.61745      3.12251      1.43644      1.68606
      5.62745      2.69505      1.22515      1.46990
      5.63745      2.04164      0.97855      1.06310
      5.64745      1.96795      0.99396      0.97399
      5.65745      2.51989      1.27820      1.24169
      5.66745      2.89805      1.49710      1.40094
      5.67745      2.04900      1.08902      0.95998
      5.68745      0.94196      0.51068      0.43128
      5.69745      0.58214      0.31119      0.27095
      5.70745      0.82271      0.39925      0.42346
      5.71745      1.40340      0.62499      0.77840
      5.72745      1.40463      0.61779      0.78684
      5.73745      0.96762      0.47460      0.49302
      5.74745      0.88685      0.49087      0.39598
      5.75745      0.99992      0.56812      0.43180
      5.76745      0.98112      0.55842      0.42270
      5.77745      0.65942      0.37426      0.28516
      5.78745      0.44810      0.24440      0.20370
      5.79745      0.72727      0.35426      0.37300
      5.80745      1.20263      0.55887      0.64376
      5.81745      1.42116      0.69414      0.72702
      5.82745      1.71906      0.85941      0.85965
      5.83745      2.07892      1.01902      1.05990
      5.84745      1.70920      0.85044      0.85875
      5.85745      1.12530      0.54575      0.57955
      5.86745      0.93581      0.40680      0.52902
      5.87745      0.84156      0.40717      0.43439
      5.88745      0.80353      0.45667      0.34687
      5.89745      0.72767      0.40229      0.32538
      5.90745      0.82089      0.38339      0.43750
      5.91745      1.09693      0.50566      0.59128
      5.92745      0.89480      0.44999      0.44481
      5.93745      0.55994      0.31535      0.24459
      5.94745      0.61180      0.36144      0.25036
      5.95745      0.75155      0.41753      0.33402
      5.96745      1.16711      0.55768      0.60943
      5.97745      1.90569      0.88895      1.01674
      5.98745      1.77407      0.86484      0.90923
      5.99745      0.91975      0.47845      0.44130
      6.00745      0.49455      0.28297      0.21158
      6.01745      0.56156      0.31645      0.24511
      6.02745      0.89905      0.47619      0.42286
      6.03745      1.03765      0.53242      0.50522
      6.04745      0.90193      0.43376      0.46816
      6.05745      0.91785      0.44257      0.47528
      6.06745      0.81905      0.42333      0.39572
      6.07745      0.66348      0.35701      0.30647
      6.08745      0.53903      0.30430      0.23473
      6.09745      0.40505      0.23841      0.16664
      6.10745      0.43274      0.22406      0.20868
      6.11745      0.86119      0.38210      0.47909
      6.12745      1.27502      0.53852      0.73651
      6.13745      1.10301      0.42901      0.67400
      6.14745      0.76549      0.26270      0.50279
      6.15745      0.85428      0.27548      0.57881
      6.16745      0.85326      0.27727      0.57599
      6.17745      0.50594      0.17056      0.33538
      6.18745      0.45009      0.16042      0.28966
      6.19745      0.61706      0.21551      0.40155
      6.20745      0.67227      0.22492      0.44735
      6.21745      0.39764      0.12893      0.26871
      6.22745      0.11294      0.03895      0.07400
      6.23745      0.12997      0.07025      0.05972
      6.24745      0.46168      0.24464      0.21704
      6.25745      0.75309      0.36014      0.39295
      6.26745      0.71295      0.28194      0.43101
      6.27745      0.66071      0.24727      0.41344
      6.28745      0.69230      0.31601      0.37629
      6.29745      0.75145      0.34737      0.40408
      6.30745      0.82564      0.31112      0.51452
      6.31745      0.69879      0.23951      0.45928
      6.32745      0.46135      0.15803      0.30333
      6.33745      0.35523      0.11354      0.24169
      6.34745      0.35761      0.11340      0.24421
      6.35745      0.33998      0.13738      0.20259
      6.36745      0.46157      0.21081      0.25077
      6.37745      0.47148      0.19651      0.27497
      6.38745      0.44945      0.15855      0.29090
      6.39745      0.60557      0.22585      0.37972
      6.40745      0.60238      0.25758      0.34481
      6.41745      0.33773      0.15154      0.18619
      6.42745      0.24416      0.08497      0.15920
      6.43745      0.51220      0.15688      0.35532
      6.44745      0.93999      0.29217      0.64782
      6.45745      1.14972      0.37981      0.76991
      6.46745      1.17946      0.45692      0.72254
      6.47745      1.26090      0.52100      0.73989
      6.48745      0.98639      0.37528      0.61111
      6.49745      0.51982      0.17974      0.34008
      6.50745      0.51420      0.17115      0.34306
      6.51745      0.71687      0.22829      0.48858
      6.52745      0.71895      0.21762      0.50133
      6.53745      0.54946      0.16460      0.38486
      6.54745      0.42902      0.13775      0.29127
      6.55745      0.39542      0.14037      0.25505
      6.56745      0.48290      0.20646      0.27643
      6.57745      0.68139      0.32167      0.35972
      6.58745      0.64210      0.29905      0.34305
      6.59745      0.71604      0.31932      0.39673
      6.60745      0.99089      0.42920      0.56169
      6.61745      1.05120      0.40435      0.64685
      6.62745      0.85294      0.29106      0.56188
      6.63745      0.81071      0.26193      0.54878
      6.64745      0.95698      0.32584      0.63115
      6.65745      1.04646      0.41357      0.63289
      6.66745      0.82474      0.36786      0.45689
      6.67745      0.33982      0.15835      0.18147
      6.68745      0.15595      0.06056      0.09539
      6.69745      0.34217      0.11448      0.22769
      6.70745      0.52096      0.16573      0.35522
      6.71745      0.43412      0.13217      0.30195
      6.72745      0.35829      0.11861      0.23968
      6.73745      0.69189      0.26027      0.43162
      6.74745      1.14016      0.45903      0.68113
      6.75745      1.56721      0.62268      0.94453
      6.76745      1.71214      0.61786      1.09428
      6.77745      1.30834      0.42213      0.88621
      6.78745      0.90604      0.27187      0.63417
      6.79745      0.72701      0.21424      0.51276
      6.80745      0.67866      0.20286      0.47580
      6.81745      0.59078      0.18293      0.40785
      6.82745      0.78147      0.25190      0.52958
      6.83745      1.13506      0.39444      0.74062
      6.84745      1.24566      0.48961      0.75605
      6.85745      1.07165      0.42742      0.64423
      6.86745      0.93537      0.31379      0.62158
      6.87745      1.08130      0.32478      0.75652
      6.88745      1.26101      0.37561      0.88540
      6.89745      1.10126      0.33007      0.77120
      6.90745      0.88522      0.29870      0.58652
      6.91745      1.08938      0.44284      0.64654
      6.92745      1.58556      0.64565      0.93991
      6.93745      1.65938      0.66154      0.99784
      6.94745      1.01214      0.40785      0.60429
      6.95745      0.51785      0.20256      0.31529
      6.96745      0.72175      0.29707      0.42468
      6.97745      0.84503      0.37553      0.46950
      6.98745      0.54550      0.23317      0.31233
      6.99745      0.41921      0.13966      0.27955
      7.00745      0.53388      0.16990      0.36399
      7.01745      0.81437      0.29564      0.51873
      7.02745      1.01040      0.41717      0.59323
      7.03745      0.94028      0.38628      0.55400
      7.04745      0.82241      0.29179      0.53062
      7.05745      0.83321      0.26810      0.56511
      7.06745      0.75960      0.24092      0.51867
      7.07745      0.59674      0.20533      0.39141
      7.08745      0.57191      0.24307      0.32884
      7.09745      0.70058      0.33136      0.36921
      7.10745      0.88384      0.42370      0.46014
      7.11745      0.99862      0.44636      0.55227
      7.12745      0.88501      0.33801      0.54699
      7.13745      0.62232      0.20954      0.41278
      7.14745      0.37720      0.12048      0.25671
      7.15745      0.26210      0.08070      0.18140
      7.16745      0.42182      0.13406      0.28776
      7.17745      0.87542      0.29459      0.58083
      7.18745      1.00551      0.38742      0.61810
      7.19745      0.66780      0.30871      0.35909
      7.20745      0.43287      0.18828      0.24459
      7.21745      0.53574      0.18399      0.35175
      7.22745      0.72354      0.23550      0.48804
      7.23745      0.83647      0.28076      0.55571
      7.24745      0.85408      0.35918      0.49491
      7.25745      0.84055      0.46793      0.37262
      7.26745      0.74536      0.45516      0.29020
      7.27745      0.75619      0.40389      0.35230
      7.28745      0.95389      0.41685      0.53703
      7.29745      1.01570      0.43295      0.58275
      7.30745      0.76701      0.32825      0.43876
      7.31745      0.72638      0.26683      0.45955
      7.32745      0.94628      0.35516      0.59112
      7.33745      0.93876      0.38970      0.54907
      7.34745      0.64960      0.26565      0.38395
      7.35745      0.41061      0.14555      0.26506
      7.36745      0.29821      0.10340      0.19481
      7.37745      0.40489      0.15885      0.24604
      7.38745      0.44967      0.19659      0.25308
      7.39745      0.45709      0.20823      0.24886
      7.40745      0.78605      0.37413      0.41191
      7.41745      1.04961      0.51842      0.53119
      7.42745      0.76624      0.36276      0.40347
      7.43745      0.45169      0.18940      0.26229
      7.44745      0.70479      0.28782      0.41697
      7.45745      0.92662      0.38168      0.54494
      7.46745      0.85729      0.32144      0.53584
      7.47745      1.33825      0.44883      0.88942
      7.48745      1.85755      0.62143      1.23613
      7.49745      1.47624      0.49661      0.97963
      7.50745      0.80607      0.26558      0.54050
      7.51745      0.44598      0.15482      0.29116
      7.52745      0.53931      0.26019      0.27912
      7.53745      1.06270      0.59736      0.46534
      7.54745      1.41291      0.83358      0.57934
      7.55745      1.24358      0.74868      0.49490
      7.56745      0.89671      0.51412      0.38259
      7.57745      0.81008      0.36091      0.44917
      7.58745      0.93759      0.33474      0.60285
      7.59745      0.85864      0.29765      0.56099
