Energy-E_F (eV)    DOS (1/eV)    PDOS (1/eV)  of atom type W  Se 
     -5.43947      3.58829      1.07423      2.51406
     -5.42947      2.97280      0.91279      2.06001
     -5.41947      2.32415      0.69498      1.62917
     -5.40947      2.24226      0.68195      1.56031
     -5.39947      2.69409      0.78619      1.90790
     -5.38947      2.85701      0.79828      2.05872
     -5.37947      2.40592      0.70369      1.70224
     -5.36947      2.58389      0.79832      1.78557
     -5.35947      2.86086      0.87830      1.98255
     -5.34947      1.98090      0.60139      1.37951
     -5.33947      1.19912      0.35697      0.84215
     -5.32947      1.69502      0.47439      1.22064
     -5.31947      2.32131      0.62750      1.69380
     -5.30947      1.99438      0.56280      1.43159
     -5.29947      1.25909      0.37883      0.88026
     -5.28947      0.99505      0.28517      0.70988
     -5.27947      1.13754      0.29757      0.83997
     -5.26947      0.89682      0.23081      0.66601
     -5.25947      0.57946      0.15495      0.42450
     -5.24947      0.97988      0.25525      0.72463
     -5.23947      1.65962      0.40737      1.25225
     -5.22947      1.58202      0.38535      1.19666
     -5.21947      0.95461      0.25832      0.69629
     -5.20947      0.78021      0.23750      0.54271
     -5.19947      1.04831      0.30178      0.74653
     -5.18947      1.16414      0.30504      0.85910
     -5.17947      0.86278      0.22153      0.64126
     -5.16947      0.43822      0.11784      0.32037
     -5.15947      0.38700      0.10056      0.28644
     -5.14947      0.92197      0.22270      0.69927
     -5.13947      1.49442      0.35357      1.14085
     -5.12947      1.27321      0.31573      0.95748
     -5.11947      0.76860      0.21350      0.55510
     -5.10947      0.61337      0.17923      0.43414
     -5.09947      0.57748      0.15769      0.41978
     -5.08947      0.71114      0.17360      0.53754
     -5.07947      0.77646      0.19316      0.58330
     -5.06947      0.52088      0.14033      0.38055
     -5.05947      0.30993      0.08752      0.22241
     -5.04947      0.64386      0.17442      0.46944
     -5.03947      1.43092      0.36882      1.06210
     -5.02947      1.73079      0.43527      1.29552
     -5.01947      1.21770      0.32262      0.89508
     -5.00947      0.68542      0.20316      0.48226
     -4.99947      0.37048      0.11402      0.25646
     -4.98947      0.33580      0.08907      0.24673
     -4.97947      0.69240      0.17067      0.52173
     -4.96947      0.82229      0.20621      0.61609
     -4.95947      0.57461      0.15445      0.42016
     -4.94947      0.31197      0.08902      0.22295
     -4.93947      0.32092      0.08635      0.23457
     -4.92947      1.26270      0.32454      0.93816
     -4.91947      3.30475      0.83769      2.46707
     -4.90947      4.98336      1.26244      3.72092
     -4.89947      4.79355      1.22474      3.56881
     -4.88947      3.86671      0.99598      2.87074
     -4.87947      3.13820      0.81318      2.32501
     -4.86947      2.32375      0.59827      1.72549
     -4.85947      2.44501      0.61584      1.82917
     -4.84947      3.08100      0.77792      2.30308
     -4.83947      2.88910      0.74881      2.14029
     -4.82947      2.48705      0.66724      1.81982
     -4.81947      2.37466      0.65240      1.72226
     -4.80947      2.60094      0.72919      1.87175
     -4.79947      3.54016      0.96380      2.57636
     -4.78947      4.10929      1.07536      3.03393
     -4.77947      3.01256      0.77072      2.24184
     -4.76947      1.68098      0.42456      1.25642
     -4.75947      1.47488      0.39067      1.08421
     -4.74947      1.92155      0.52379      1.39776
     -4.73947      2.22987      0.58380      1.64607
     -4.72947      2.49669      0.63310      1.86359
     -4.71947      2.84284      0.72554      2.11730
     -4.70947      2.90853      0.77696      2.13157
     -4.69947      2.81401      0.78131      2.03270
     -4.68947      2.35697      0.64250      1.71447
     -4.67947      2.11926      0.57537      1.54390
     -4.66947      2.96956      0.81941      2.15015
     -4.65947      4.17732      1.15117      3.02614
     -4.64947      3.83714      1.05829      2.77886
     -4.63947      2.35794      0.65002      1.70792
     -4.62947      1.63818      0.46516      1.17303
     -4.61947      1.92797      0.56703      1.36093
     -4.60947      2.89691      0.81637      2.08054
     -4.59947      4.42582      1.20821      3.21762
     -4.58947      5.09539      1.45313      3.64226
     -4.57947      4.10943      1.25453      2.85490
     -4.56947      3.27864      1.03286      2.24578
     -4.55947      3.73527      1.15554      2.57972
     -4.54947      4.63522      1.42737      3.20785
     -4.53947      5.30167      1.65650      3.64516
     -4.52947      5.79932      1.80539      3.99393
     -4.51947      5.99776      1.83290      4.16486
     -4.50947      5.61362      1.69236      3.92126
     -4.49947      4.68198      1.41013      3.27185
     -4.48947      3.63131      1.11605      2.51526
     -4.47947      3.19725      1.00787      2.18938
     -4.46947      3.60393      1.13775      2.46619
     -4.45947      4.10276      1.27579      2.82698
     -4.44947      4.45669      1.36695      3.08974
     -4.43947      4.90063      1.48834      3.41229
     -4.42947      5.41655      1.63791      3.77863
     -4.41947      5.45892      1.65930      3.79962
     -4.40947      4.61167      1.40612      3.20555
     -4.39947      3.45159      1.03554      2.41605
     -4.38947      2.53087      0.73459      1.79628
     -4.37947      1.76331      0.49748      1.26583
     -4.36947      1.17992      0.34474      0.83518
     -4.35947      0.88844      0.30957      0.57886
     -4.34947      0.78406      0.31084      0.47321
     -4.33947      0.73998      0.28251      0.45746
     -4.32947      1.05185      0.38046      0.67139
     -4.31947      1.21933      0.43706      0.78227
     -4.30947      1.14408      0.39991      0.74417
     -4.29947      1.00568      0.33434      0.67134
     -4.28947      0.51174      0.16172      0.35003
     -4.27947      0.11836      0.03630      0.08207
     -4.26947      0.10657      0.03672      0.06984
     -4.25947      0.50054      0.17190      0.32864
     -4.24947      1.17523      0.39396      0.78127
     -4.23947      1.55734      0.51156      1.04578
     -4.22947      1.30743      0.42167      0.88576
     -4.21947      0.64154      0.20002      0.44153
     -4.20947      0.16880      0.05092      0.11788
     -4.19947      0.10115      0.03519      0.06597
     -4.18947      0.43592      0.15782      0.27810
     -4.17947      1.09409      0.38700      0.70708
     -4.16947      1.75563      0.57136      1.18427
     -4.15947      2.20612      0.65037      1.55575
     -4.14947      1.93132      0.53645      1.39487
     -4.13947      1.23192      0.31708      0.91484
     -4.12947      0.94212      0.25142      0.69070
     -4.11947      0.96406      0.30699      0.65707
     -4.10947      1.29571      0.39487      0.90084
     -4.09947      1.80159      0.47590      1.32569
     -4.08947      2.03911      0.50041      1.53870
     -4.07947      1.72714      0.45135      1.27579
     -4.06947      1.32499      0.40333      0.92166
     -4.05947      0.97332      0.30501      0.66832
     -4.04947      0.73388      0.23152      0.50236
     -4.03947      0.78369      0.28209      0.50159
     -4.02947      0.91263      0.33656      0.57607
     -4.01947      1.21308      0.40709      0.80599
     -4.00947      1.32464      0.40881      0.91584
     -3.99947      0.86672      0.25961      0.60711
     -3.98947      0.73545      0.21496      0.52049
     -3.97947      1.32659      0.40170      0.92488
     -3.96947      1.51189      0.47384      1.03805
     -3.95947      1.14184      0.35287      0.78897
     -3.94947      0.74607      0.21606      0.53001
     -3.93947      0.47932      0.11790      0.36143
     -3.92947      0.34914      0.08043      0.26872
     -3.91947      0.38789      0.13035      0.25753
     -3.90947      0.95866      0.35653      0.60214
     -3.89947      1.60785      0.54161      1.06624
     -3.88947      1.67236      0.45804      1.21432
     -3.87947      1.43271      0.34005      1.09266
     -3.86947      1.44375      0.36183      1.08193
     -3.85947      1.93054      0.48163      1.44891
     -3.84947      2.95855      0.74052      2.21802
     -3.83947      4.21243      1.08516      3.12727
     -3.82947      4.82811      1.22671      3.60141
     -3.81947      4.62347      1.07127      3.55220
     -3.80947      4.75763      0.94232      3.81531
     -3.79947      5.72793      1.04921      4.67873
     -3.78947      5.75123      1.14522      4.60601
     -3.77947      4.65456      1.09593      3.55863
     -3.76947      3.32603      0.83564      2.49039
     -3.75947      2.41389      0.62008      1.79380
     -3.74947      2.91131      0.84308      2.06823
     -3.73947      3.91675      1.17028      2.74648
     -3.72947      4.06196      1.19647      2.86548
     -3.71947      3.60402      1.07047      2.53355
     -3.70947      3.22524      0.97969      2.24554
     -3.69947      2.79278      0.84205      1.95072
     -3.68947      2.41177      0.72903      1.68274
     -3.67947      2.43617      0.74434      1.69183
     -3.66947      2.51342      0.78017      1.73325
     -3.65947      2.26533      0.72569      1.53965
     -3.64947      1.77827      0.56000      1.21827
     -3.63947      1.55537      0.50698      1.04840
     -3.62947      2.33371      0.82245      1.51126
     -3.61947      2.91560      1.05264      1.86296
     -3.60947      2.71136      0.96857      1.74279
     -3.59947      2.94441      1.03636      1.90805
     -3.58947      2.97190      1.04907      1.92283
     -3.57947      2.14442      0.73839      1.40604
     -3.56947      1.95414      0.59921      1.35493
     -3.55947      2.80302      0.84163      1.96138
     -3.54947      3.39282      1.07264      2.32018
     -3.53947      2.92794      0.94299      1.98495
     -3.52947      1.84038      0.57988      1.26050
     -3.51947      1.05305      0.32222      0.73082
     -3.50947      1.04270      0.36201      0.68069
     -3.49947      2.45784      0.90823      1.54960
     -3.48947      3.92382      1.43303      2.49079
     -3.47947      3.45607      1.25931      2.19676
     -3.46947      2.43493      0.92848      1.50645
     -3.45947      2.02993      0.82011      1.20982
     -3.44947      2.29296      0.90479      1.38817
     -3.43947      2.84581      1.07849      1.76733
     -3.42947      2.43272      0.91127      1.52145
     -3.41947      1.56879      0.58270      0.98609
     -3.40947      1.36373      0.49257      0.87117
     -3.39947      2.12890      0.75415      1.37475
     -3.38947      3.07652      1.07646      2.00006
     -3.37947      3.07786      1.06726      2.01060
     -3.36947      2.64682      0.94232      1.70451
     -3.35947      2.43617      0.91816      1.51802
     -3.34947      2.38793      0.93390      1.45403
     -3.33947      2.08839      0.84824      1.24015
     -3.32947      1.96130      0.76847      1.19283
     -3.31947      2.34584      0.87917      1.46667
     -3.30947      2.79080      1.06296      1.72784
     -3.29947      2.92417      1.14460      1.77958
     -3.28947      2.87446      1.17633      1.69813
     -3.27947      2.78464      1.16581      1.61884
     -3.26947      2.66919      1.10649      1.56270
     -3.25947      2.50852      1.02704      1.48148
     -3.24947      2.52281      1.03773      1.48508
     -3.23947      2.37338      0.98435      1.38903
     -3.22947      2.37698      0.97994      1.39705
     -3.21947      2.56684      1.04536      1.52148
     -3.20947      2.50836      0.98759      1.52077
     -3.19947      2.21156      0.85146      1.36011
     -3.18947      2.37973      0.90808      1.47165
     -3.17947      2.69316      0.92982      1.76334
     -3.16947      2.54918      0.82978      1.71941
     -3.15947      2.28010      0.76866      1.51144
     -3.14947      2.10126      0.74276      1.35850
     -3.13947      2.07843      0.75902      1.31941
     -3.12947      2.36943      0.86702      1.50241
     -3.11947      2.49046      0.91805      1.57240
     -3.10947      2.10541      0.75249      1.35292
     -3.09947      1.30362      0.44378      0.85985
     -3.08947      0.68581      0.24564      0.44018
     -3.07947      0.96286      0.36389      0.59897
     -3.06947      1.83327      0.66270      1.17058
     -3.05947      2.38112      0.87995      1.50117
     -3.04947      1.97307      0.79474      1.17833
     -3.03947      1.36356      0.54939      0.81417
     -3.02947      1.48233      0.53154      0.95079
     -3.01947      1.86505      0.64408      1.22097
     -3.00947      1.77405      0.60774      1.16631
     -2.99947      1.53248      0.55847      0.97401
     -2.98947      1.26810      0.48038      0.78773
     -2.97947      1.35178      0.44120      0.91058
     -2.96947      1.67781      0.50682      1.17099
     -2.95947      1.71086      0.53902      1.17184
     -2.94947      1.73157      0.61557      1.11600
     -2.93947      1.45981      0.57055      0.88926
     -2.92947      1.28332      0.49594      0.78738
     -2.91947      1.96039      0.69941      1.26098
     -2.90947      2.40413      0.82901      1.57512
     -2.89947      2.00514      0.70564      1.29950
     -2.88947      1.61538      0.56428      1.05110
     -2.87947      1.39280      0.45359      0.93921
     -2.86947      1.14360      0.36629      0.77731
     -2.85947      1.00181      0.31143      0.69038
     -2.84947      0.91723      0.25388      0.66335
     -2.83947      1.10568      0.32052      0.78516
     -2.82947      1.37826      0.43837      0.93989
     -2.81947      1.43922      0.52819      0.91103
     -2.80947      1.25980      0.51086      0.74894
     -2.79947      0.76134      0.31757      0.44378
     -2.78947      0.68781      0.24070      0.44711
     -2.77947      1.40178      0.39101      1.01078
     -2.76947      2.07875      0.58818      1.49057
     -2.75947      2.24607      0.73141      1.51466
     -2.74947      2.35233      0.85347      1.49886
     -2.73947      2.30689      0.84195      1.46494
     -2.72947      2.36102      0.84667      1.51436
     -2.71947      2.31258      0.79686      1.51572
     -2.70947      1.79047      0.54908      1.24139
     -2.69947      1.57856      0.43658      1.14198
     -2.68947      1.56076      0.45882      1.10194
     -2.67947      1.68674      0.55047      1.13627
     -2.66947      2.00740      0.68290      1.32451
     -2.65947      2.40689      0.85484      1.55204
     -2.64947      2.22629      0.77959      1.44670
     -2.63947      1.82006      0.53915      1.28092
     -2.62947      2.24282      0.59592      1.64691
     -2.61947      2.66711      0.76499      1.90212
     -2.60947      2.81412      0.84625      1.96787
     -2.59947      3.67636      0.99173      2.68463
     -2.58947      5.58821      1.40853      4.17969
     -2.57947      6.96271      1.69089      5.27182
     -2.56947      7.16595      1.61548      5.55047
     -2.55947      6.77601      1.47243      5.30358
     -2.54947      6.03988      1.31285      4.72703
     -2.53947      5.48842      1.20860      4.27981
     -2.52947      4.54854      1.03416      3.51438
     -2.51947      3.49284      0.77856      2.71428
     -2.50947      3.31841      0.77169      2.54672
     -2.49947      3.79080      1.02951      2.76128
     -2.48947      4.23764      1.24671      2.99093
     -2.47947      3.92415      1.12336      2.80078
     -2.46947      3.22929      0.88119      2.34809
     -2.45947      2.60938      0.70342      1.90596
     -2.44947      2.75742      0.75327      2.00416
     -2.43947      3.92518      1.07713      2.84806
     -2.42947      4.59135      1.24434      3.34702
     -2.41947      3.81453      1.05085      2.76368
     -2.40947      2.82740      0.89129      1.93611
     -2.39947      2.84382      0.93299      1.91083
     -2.38947      3.75819      1.09626      2.66193
     -2.37947      4.57255      1.31189      3.26066
     -2.36947      4.85262      1.41346      3.43916
     -2.35947      4.30491      1.24221      3.06270
     -2.34947      3.77122      1.03039      2.74082
     -2.33947      3.62071      0.90837      2.71234
     -2.32947      2.97148      0.78377      2.18770
     -2.31947      2.68247      0.87953      1.80294
     -2.30947      3.21295      1.09685      2.11610
     -2.29947      3.74093      1.10511      2.63582
     -2.28947      3.39021      0.96455      2.42566
     -2.27947      2.45166      0.79581      1.65585
     -2.26947      2.03988      0.71307      1.32682
     -2.25947      2.19597      0.70934      1.48662
     -2.24947      2.68270      0.82030      1.86240
     -2.23947      3.63936      1.07962      2.55973
     -2.22947      3.97109      1.15988      2.81121
     -2.21947      3.63034      1.10671      2.52362
     -2.20947      3.24199      1.02710      2.21489
     -2.19947      2.95231      0.96701      1.98530
     -2.18947      3.26567      1.00817      2.25750
     -2.17947      3.87040      1.04845      2.82195
     -2.16947      4.00536      1.14492      2.86043
     -2.15947      3.27451      1.09134      2.18317
     -2.14947      2.52406      0.87405      1.65001
     -2.13947      2.31262      0.79769      1.51493
     -2.12947      2.45348      0.84362      1.60986
     -2.11947      3.37445      1.12775      2.24671
     -2.10947      4.54773      1.49958      3.04815
     -2.09947      4.66986      1.52291      3.14695
     -2.08947      4.33812      1.34825      2.98987
     -2.07947      3.63524      1.11010      2.52514
     -2.06947      2.56719      0.83796      1.72922
     -2.05947      2.40823      0.83517      1.57305
     -2.04947      3.03953      1.03097      2.00857
     -2.03947      3.67644      1.18837      2.48808
     -2.02947      3.74593      1.16767      2.57827
     -2.01947      3.79180      1.17751      2.61429
     -2.00947      3.67551      1.13103      2.54448
     -1.99947      3.39032      1.00540      2.38492
     -1.98947      3.33722      0.97078      2.36644
     -1.97947      3.40869      1.00919      2.39950
     -1.96947      3.32206      0.95195      2.37010
     -1.95947      3.28251      0.86435      2.41817
     -1.94947      3.07257      0.70064      2.37192
     -1.93947      2.18123      0.41187      1.76936
     -1.92947      1.24429      0.30274      0.94155
     -1.91947      1.07040      0.38355      0.68685
     -1.90947      1.55699      0.46270      1.09429
     -1.89947      1.99032      0.45148      1.53884
     -1.88947      2.11902      0.46000      1.65901
     -1.87947      2.35317      0.63191      1.72127
     -1.86947      2.36096      0.70100      1.65995
     -1.85947      2.41133      0.79650      1.61483
     -1.84947      2.75246      0.95666      1.79580
     -1.83947      2.97849      0.91817      2.06032
     -1.82947      2.92842      0.76857      2.15984
     -1.81947      2.55708      0.53940      2.01768
     -1.80947      2.14470      0.37679      1.76791
     -1.79947      1.81032      0.37302      1.43730
     -1.78947      1.57279      0.37116      1.20163
     -1.77947      1.47921      0.33317      1.14604
     -1.76947      1.71982      0.38374      1.33607
     -1.75947      2.17648      0.59219      1.58429
     -1.74947      2.93758      0.92143      2.01615
     -1.73947      3.00948      0.95865      2.05083
     -1.72947      2.21599      0.64755      1.56844
     -1.71947      1.64791      0.38846      1.25945
     -1.70947      1.73063      0.31852      1.41212
     -1.69947      1.97084      0.34199      1.62885
     -1.68947      1.89153      0.41703      1.47451
     -1.67947      2.04501      0.56267      1.48234
     -1.66947      2.42354      0.68996      1.73358
     -1.65947      2.91373      0.85058      2.06315
     -1.64947      3.00895      0.82150      2.18745
     -1.63947      2.47605      0.61561      1.86045
     -1.62947      1.95168      0.48756      1.46413
     -1.61947      1.70923      0.35292      1.35630
     -1.60947      1.78306      0.30460      1.47845
     -1.59947      1.77314      0.36619      1.40695
     -1.58947      1.57308      0.44682      1.12626
     -1.57947      1.52865      0.47822      1.05043
     -1.56947      1.40658      0.38454      1.02204
     -1.55947      1.47398      0.36174      1.11225
     -1.54947      1.96390      0.47306      1.49084
     -1.53947      2.34069      0.56369      1.77700
     -1.52947      2.12294      0.56630      1.55664
     -1.51947      1.94501      0.65846      1.28654
     -1.50947      2.06593      0.71779      1.34813
     -1.49947      1.84905      0.56822      1.28083
     -1.48947      1.57840      0.46171      1.11669
     -1.47947      1.63882      0.49892      1.13990
     -1.46947      1.79732      0.61338      1.18393
     -1.45947      1.65436      0.62705      1.02731
     -1.44947      1.33569      0.50870      0.82699
     -1.43947      1.35292      0.51634      0.83658
     -1.42947      1.49167      0.60623      0.88544
     -1.41947      1.50258      0.64775      0.85483
     -1.40947      1.29434      0.56366      0.73068
     -1.39947      1.15038      0.49671      0.65367
     -1.38947      1.19667      0.52278      0.67389
     -1.37947      1.24676      0.52756      0.71920
     -1.36947      1.27152      0.47893      0.79259
     -1.35947      1.13383      0.34976      0.78407
     -1.34947      0.82564      0.21597      0.60967
     -1.33947      0.40339      0.10806      0.29533
     -1.32947      0.24916      0.10174      0.14742
     -1.31947      0.34567      0.15947      0.18620
     -1.30947      0.34233      0.17172      0.17061
     -1.29947      0.34562      0.18670      0.15892
     -1.28947      0.45972      0.21982      0.23990
     -1.27947      0.67561      0.31398      0.36163
     -1.26947      1.00932      0.52100      0.48832
     -1.25947      1.06731      0.60241      0.46491
     -1.24947      0.95864      0.57458      0.38406
     -1.23947      0.80899      0.48259      0.32640
     -1.22947      0.47241      0.26813      0.20428
     -1.21947      0.50932      0.29229      0.21703
     -1.20947      0.78091      0.48218      0.29873
     -1.19947      0.86890      0.54667      0.32223
     -1.18947      1.00806      0.59933      0.40873
     -1.17947      1.00326      0.59228      0.41098
     -1.16947      0.85946      0.51899      0.34048
     -1.15947      0.98777      0.57663      0.41114
     -1.14947      0.85008      0.47495      0.37513
     -1.13947      0.62605      0.34808      0.27796
     -1.12947      0.97256      0.56319      0.40937
     -1.11947      1.52103      0.91517      0.60585
     -1.10947      1.89750      1.16152      0.73598
     -1.09947      1.98430      1.20494      0.77936
     -1.08947      1.67240      0.99680      0.67560
     -1.07947      1.36566      0.78106      0.58461
     -1.06947      1.27743      0.72912      0.54831
     -1.05947      1.33004      0.80774      0.52229
     -1.04947      1.36444      0.85387      0.51057
     -1.03947      1.36613      0.82789      0.53824
     -1.02947      1.22403      0.74372      0.48031
     -1.01947      0.98205      0.62124      0.36081
     -1.00947      1.47163      0.94287      0.52875
     -0.99947      2.32206      1.49135      0.83071
     -0.98947      2.38205      1.53796      0.84409
     -0.97947      2.16464      1.36224      0.80240
     -0.96947      1.88657      1.16141      0.72516
     -0.95947      1.77269      1.14996      0.62273
     -0.94947      1.86774      1.24114      0.62659
     -0.93947      1.81550      1.18680      0.62870
     -0.92947      2.13125      1.38864      0.74261
     -0.91947      2.73011      1.77939      0.95072
     -0.90947      3.05054      1.99192      1.05862
     -0.89947      3.24917      2.11435      1.13482
     -0.88947      3.27423      2.15752      1.11670
     -0.87947      3.30863      2.28056      1.02807
     -0.86947      3.88215      2.74212      1.14003
     -0.85947      4.36605      3.07177      1.29429
     -0.84947      4.01799      2.82488      1.19311
     -0.83947      3.35424      2.34149      1.01275
     -0.82947      3.48189      2.34759      1.13431
     -0.81947      3.48702      2.31570      1.17132
     -0.80947      3.27551      2.23268      1.04284
     -0.79947      3.22962      2.23848      0.99113
     -0.78947      2.57671      1.76110      0.81561
     -0.77947      2.35850      1.58247      0.77603
     -0.76947      2.94282      1.96805      0.97477
     -0.75947      3.12976      2.04411      1.08565
     -0.74947      2.80555      1.81565      0.98990
     -0.73947      2.57273      1.74289      0.82984
     -0.72947      2.41895      1.68640      0.73255
     -0.71947      2.25629      1.55316      0.70314
     -0.70947      2.42198      1.64280      0.77918
     -0.69947      2.63104      1.77787      0.85316
     -0.68947      2.32889      1.56122      0.76767
     -0.67947      2.05380      1.38947      0.66432
     -0.66947      2.10651      1.44327      0.66324
     -0.65947      2.06353      1.41155      0.65198
     -0.64947      2.06212      1.39915      0.66297
     -0.63947      2.49236      1.67192      0.82044
     -0.62947      2.76182      1.86289      0.89893
     -0.61947      2.45468      1.70619      0.74849
     -0.60947      1.95635      1.38996      0.56639
     -0.59947      1.76608      1.22927      0.53681
     -0.58947      1.73326      1.17790      0.55536
     -0.57947      1.80734      1.23307      0.57426
     -0.56947      2.30778      1.60098      0.70680
     -0.55947      2.25541      1.57425      0.68117
     -0.54947      1.80678      1.24760      0.55918
     -0.53947      1.81442      1.23942      0.57500
     -0.52947      1.95096      1.34682      0.60414
     -0.51947      2.16901      1.52305      0.64596
     -0.50947      2.65337      1.87869      0.77469
     -0.49947      2.36864      1.67995      0.68869
     -0.48947      1.65996      1.16229      0.49767
     -0.47947      1.70190      1.17602      0.52588
     -0.46947      1.91205      1.32345      0.58860
     -0.45947      2.00630      1.39067      0.61563
     -0.44947      2.42779      1.68857      0.73922
     -0.43947      2.58961      1.79907      0.79054
     -0.42947      2.18358      1.50743      0.67614
     -0.41947      1.54341      1.06370      0.47971
     -0.40947      0.97514      0.68524      0.28990
     -0.39947      0.94557      0.68525      0.26032
     -0.38947      1.18294      0.87053      0.31241
     -0.37947      1.18677      0.88745      0.29932
     -0.36947      0.84332      0.63613      0.20719
     -0.35947      0.55832      0.41349      0.14483
     -0.34947      0.56757      0.41329      0.15428
     -0.33947      0.70259      0.51548      0.18711
     -0.32947      0.69064      0.51161      0.17903
     -0.31947      0.61057      0.45671      0.15386
     -0.30947      0.57383      0.43503      0.13880
     -0.29947      0.51095      0.38864      0.12231
     -0.28947      0.53402      0.40197      0.13205
     -0.27947      0.45067      0.33852      0.11215
     -0.26947      0.43744      0.33224      0.10520
     -0.25947      0.70248      0.53594      0.16654
     -0.24947      0.94377      0.72204      0.22173
     -0.23947      0.99326      0.76192      0.23134
     -0.22947      0.65354      0.50114      0.15240
     -0.21947      0.20879      0.15997      0.04883
     -0.20947      0.12717      0.09798      0.02919
     -0.19947      0.41453      0.31964      0.09489
     -0.18947      0.63584      0.49010      0.14574
     -0.17947      0.44289      0.34227      0.10063
     -0.16947      0.30122      0.23451      0.06671
     -0.15947      0.35514      0.27625      0.07890
     -0.14947      0.39980      0.31034      0.08946
     -0.13947      0.48259      0.37507      0.10752
     -0.12947      0.67483      0.52600      0.14884
     -0.11947      0.64210      0.50238      0.13972
     -0.10947      0.42581      0.33434      0.09147
     -0.09947      0.20016      0.15730      0.04286
     -0.08947      0.18087      0.14190      0.03897
     -0.07947      0.33145      0.26041      0.07104
     -0.06947      0.40344      0.31754      0.08590
     -0.05947      0.33831      0.26657      0.07174
     -0.04947      0.36204      0.28547      0.07657
     -0.03947      0.39222      0.30961      0.08262
     -0.02947      0.38550      0.30479      0.08070
     -0.01947      0.30115      0.23833      0.06283
     -0.00947      0.20813      0.16488      0.04324
      0.00053      0.14966      0.11864      0.03102
      0.01053      0.05547      0.04398      0.01149
      0.02053      0.00791      0.00627      0.00164
      0.03053      0.00042      0.00033      0.00009
      0.04053      0.00001      0.00001      0.00000
      0.05053      0.00000      0.00000      0.00000
      0.06053      0.00000      0.00000      0.00000
      0.07053      0.00000      0.00000      0.00000
      0.08053      0.00000      0.00000      0.00000
      0.09053      0.00000      0.00000      0.00000
      0.10053      0.00000      0.00000      0.00000
      0.11053      0.00000      0.00000      0.00000
      0.12053      0.00000      0.00000      0.00000
      0.13053      0.00000      0.00000      0.00000
      0.14053      0.00000      0.00000      0.00000
      0.15053      0.00000      0.00000      0.00000
      0.16053      0.00000      0.00000      0.00000
      0.17053      0.00000      0.00000      0.00000
      0.18053      0.00000      0.00000      0.00000
      0.19053      0.00000      0.00000      0.00000
      0.20053      0.00000      0.00000      0.00000
      0.21053      0.00000      0.00000      0.00000
      0.22053      0.00000      0.00000      0.00000
      0.23053      0.00000      0.00000      0.00000
      0.24053      0.00000      0.00000      0.00000
      0.25053      0.00000      0.00000      0.00000
      0.26053      0.00000      0.00000      0.00000
      0.27053      0.00000      0.00000      0.00000
      0.28053      0.00000      0.00000      0.00000
      0.29053      0.00000      0.00000      0.00000
      0.30053      0.00000      0.00000      0.00000
      0.31053      0.00000      0.00000      0.00000
      0.32053      0.00000      0.00000      0.00000
      0.33053      0.00000      0.00000      0.00000
      0.34053      0.00000      0.00000      0.00000
      0.35053      0.00000      0.00000      0.00000
      0.36053      0.00000      0.00000      0.00000
      0.37053      0.00000      0.00000      0.00000
      0.38053      0.00000      0.00000      0.00000
      0.39053      0.00000      0.00000      0.00000
      0.40053      0.00000      0.00000      0.00000
      0.41053      0.00000      0.00000      0.00000
      0.42053      0.00000      0.00000      0.00000
      0.43053      0.00000      0.00000      0.00000
      0.44053      0.00000      0.00000      0.00000
      0.45053      0.00000      0.00000      0.00000
      0.46053      0.00000      0.00000      0.00000
      0.47053      0.00000      0.00000      0.00000
      0.48053      0.00000      0.00000      0.00000
      0.49053      0.00000      0.00000      0.00000
      0.50053      0.00000      0.00000      0.00000
      0.51053      0.00000      0.00000      0.00000
      0.52053      0.00000      0.00000      0.00000
      0.53053      0.00000      0.00000      0.00000
      0.54053      0.00000      0.00000      0.00000
      0.55053      0.00000      0.00000      0.00000
      0.56053      0.00000      0.00000      0.00000
      0.57053      0.00000      0.00000      0.00000
      0.58053      0.00000      0.00000      0.00000
      0.59053      0.00000      0.00000      0.00000
      0.60053      0.00000      0.00000      0.00000
      0.61053      0.00000      0.00000      0.00000
      0.62053      0.00000      0.00000      0.00000
      0.63053      0.00000      0.00000      0.00000
      0.64053      0.00000      0.00000      0.00000
      0.65053      0.00000      0.00000      0.00000
      0.66053      0.00000      0.00000      0.00000
      0.67053      0.00000      0.00000      0.00000
      0.68053      0.00000      0.00000      0.00000
      0.69053      0.00000      0.00000      0.00000
      0.70053      0.00000      0.00000      0.00000
      0.71053      0.00000      0.00000      0.00000
      0.72053      0.00000      0.00000      0.00000
      0.73053      0.00000      0.00000      0.00000
      0.74053      0.00000      0.00000      0.00000
      0.75053      0.00000      0.00000      0.00000
      0.76053      0.00000      0.00000      0.00000
      0.77053      0.00000      0.00000      0.00000
      0.78053      0.00000      0.00000      0.00000
      0.79053      0.00000      0.00000      0.00000
      0.80053      0.00000      0.00000      0.00000
      0.81053      0.00000      0.00000      0.00000
      0.82053      0.00000      0.00000      0.00000
      0.83053      0.00000      0.00000      0.00000
      0.84053      0.00000      0.00000      0.00000
      0.85053      0.00000      0.00000      0.00000
      0.86053      0.00000      0.00000      0.00000
      0.87053      0.00000      0.00000      0.00000
      0.88053      0.00000      0.00000      0.00000
      0.89053      0.00000      0.00000      0.00000
      0.90053      0.00000      0.00000      0.00000
      0.91053      0.00000      0.00000      0.00000
      0.92053      0.00000      0.00000      0.00000
      0.93053      0.00000      0.00000      0.00000
      0.94053      0.00000      0.00000      0.00000
      0.95053      0.00000      0.00000      0.00000
      0.96053      0.00000      0.00000      0.00000
      0.97053      0.00000      0.00000      0.00000
      0.98053      0.00000      0.00000      0.00000
      0.99053      0.00000      0.00000      0.00000
      1.00053      0.00000      0.00000      0.00000
      1.01053      0.00000      0.00000      0.00000
      1.02053      0.00000      0.00000      0.00000
      1.03053      0.00000      0.00000      0.00000
      1.04053      0.00000      0.00000      0.00000
      1.05053      0.00000      0.00000      0.00000
      1.06053      0.00000      0.00000      0.00000
      1.07053      0.00000      0.00000      0.00000
      1.08053      0.00000      0.00000      0.00000
      1.09053      0.00000      0.00000      0.00000
      1.10053      0.00000      0.00000      0.00000
      1.11053      0.00000      0.00000      0.00000
      1.12053      0.00000      0.00000      0.00000
      1.13053      0.00000      0.00000      0.00000
      1.14053      0.00000      0.00000      0.00000
      1.15053      0.00000      0.00000      0.00000
      1.16053      0.00000      0.00000      0.00000
      1.17053      0.00000      0.00000      0.00000
      1.18053      0.00000      0.00000      0.00000
      1.19053      0.00000      0.00000      0.00000
      1.20053      0.00000      0.00000      0.00000
      1.21053      0.00000      0.00000      0.00000
      1.22053      0.00000      0.00000      0.00000
      1.23053      0.00000      0.00000      0.00000
      1.24053      0.00000      0.00000      0.00000
      1.25053      0.00000      0.00000      0.00000
      1.26053      0.00000      0.00000      0.00000
      1.27053      0.00000      0.00000      0.00000
      1.28053      0.00000      0.00000      0.00000
      1.29053      0.00000      0.00000      0.00000
      1.30053      0.00000      0.00000      0.00000
      1.31053      0.00000      0.00000      0.00000
      1.32053      0.00000      0.00000      0.00000
      1.33053      0.00000      0.00000      0.00000
      1.34053      0.00000      0.00000      0.00000
      1.35053      0.00000      0.00000      0.00000
      1.36053      0.00000      0.00000      0.00000
      1.37053      0.00000      0.00000      0.00000
      1.38053      0.00000      0.00000      0.00000
      1.39053      0.00000      0.00000      0.00000
      1.40053      0.00000      0.00000      0.00000
      1.41053      0.00000      0.00000      0.00000
      1.42053      0.00000      0.00000      0.00000
      1.43053      0.00000      0.00000      0.00000
      1.44053      0.00000      0.00000      0.00000
      1.45053      0.00000      0.00000      0.00000
      1.46053      0.00000      0.00000      0.00000
      1.47053      0.00000      0.00000      0.00000
      1.48053      0.00000      0.00000      0.00000
      1.49053      0.00000      0.00000      0.00000
      1.50053      0.00000      0.00000      0.00000
      1.51053      0.00000      0.00000      0.00000
      1.52053      0.00000      0.00000      0.00000
      1.53053      0.00000      0.00000      0.00000
      1.54053      0.00000      0.00000      0.00000
      1.55053      0.00000      0.00000      0.00000
      1.56053      0.00000      0.00000      0.00000
      1.57053      0.00000      0.00000      0.00000
      1.58053      0.00000      0.00000      0.00000
      1.59053      0.00000      0.00000      0.00000
      1.60053      0.00000      0.00000      0.00000
      1.61053      0.00000      0.00000      0.00000
      1.62053      0.00000      0.00000      0.00000
      1.63053      0.00000      0.00000      0.00000
      1.64053      0.00000      0.00000      0.00000
      1.65053      0.00000      0.00000      0.00000
      1.66053      0.00000      0.00000      0.00000
      1.67053      0.00000      0.00000      0.00000
      1.68053      0.00000      0.00000      0.00000
      1.69053      0.00000      0.00000      0.00000
      1.70053      0.00000      0.00000      0.00000
      1.71053      0.00000      0.00000      0.00000
      1.72053      0.00000      0.00000      0.00000
      1.73053      0.00000      0.00000      0.00000
      1.74053      0.00000      0.00000      0.00000
      1.75053      0.00000      0.00000      0.00000
      1.76053      0.00000      0.00000      0.00000
      1.77053      0.00000      0.00000      0.00000
      1.78053      0.00000      0.00000      0.00000
      1.79053      0.00000      0.00000      0.00000
      1.80053      0.00000      0.00000      0.00000
      1.81053      0.00000      0.00000      0.00000
      1.82053      0.00000      0.00000      0.00000
      1.83053      0.00000      0.00000      0.00000
      1.84053      0.00000      0.00000      0.00000
      1.85053      0.00000      0.00000      0.00000
      1.86053      0.00000      0.00000      0.00000
      1.87053      0.00000      0.00000      0.00000
      1.88053      0.00000      0.00000      0.00000
      1.89053      0.00000      0.00000      0.00000
      1.90053      0.00000      0.00000      0.00000
      1.91053      0.00000      0.00000      0.00000
      1.92053      0.00000      0.00000      0.00000
      1.93053      0.00000      0.00000      0.00000
      1.94053      0.00000      0.00000      0.00000
      1.95053      0.00000      0.00000      0.00000
      1.96053      0.00000      0.00000      0.00000
      1.97053      0.00000      0.00000      0.00000
      1.98053      0.00000      0.00000      0.00000
      1.99053      0.00000      0.00000      0.00000
      2.00053      0.00000      0.00000      0.00000
      2.01053      0.00000      0.00000      0.00000
      2.02053      0.00000      0.00000      0.00000
      2.03053      0.00000      0.00000      0.00000
      2.04053      0.00000      0.00000      0.00000
      2.05053      0.00000      0.00000      0.00000
      2.06053      0.00000      0.00000      0.00000
      2.07053      0.00000      0.00000      0.00000
      2.08053      0.00000      0.00000      0.00000
      2.09053      0.00000      0.00000      0.00000
      2.10053      0.00000      0.00000      0.00000
      2.11053      0.00000      0.00000      0.00000
      2.12053      0.00000      0.00000      0.00000
      2.13053      0.00000      0.00000      0.00000
      2.14053      0.00000      0.00000      0.00000
      2.15053      0.00000      0.00000      0.00000
      2.16053      0.00000      0.00000      0.00000
      2.17053      0.00000      0.00000      0.00000
      2.18053      0.00000      0.00000      0.00000
      2.19053      0.00000      0.00000      0.00000
      2.20053      0.00000      0.00000      0.00000
      2.21053      0.00000      0.00000      0.00000
      2.22053      0.00017      0.00016      0.00002
      2.23053      0.00420      0.00377      0.00044
      2.24053      0.03753      0.03362      0.00390
      2.25053      0.12435      0.11141      0.01294
      2.26053      0.17061      0.15282      0.01779
      2.27053      0.20026      0.17917      0.02109
      2.28053      0.31698      0.28343      0.03356
      2.29053      0.31868      0.28474      0.03394
      2.30053      0.33140      0.29214      0.03926
      2.31053      0.44725      0.36070      0.08654
      2.32053      0.75817      0.51521      0.24296
      2.33053      1.36368      0.86682      0.49686
      2.34053      1.80011      1.09588      0.70423
      2.35053      1.84475      1.09037      0.75439
      2.36053      1.65075      0.96527      0.68548
      2.37053      1.67246      1.00728      0.66518
      2.38053      1.76011      1.09460      0.66551
      2.39053      2.05965      1.26613      0.79352
      2.40053      2.60729      1.59127      1.01602
      2.41053      2.55238      1.56408      0.98831
      2.42053      1.94727      1.20420      0.74307
      2.43053      1.87217      1.17583      0.69633
      2.44053      2.15433      1.33779      0.81654
      2.45053      1.86602      1.11409      0.75193
      2.46053      1.77752      1.02583      0.75169
      2.47053      2.50000      1.46156      1.03844
      2.48053      3.01679      1.80962      1.20718
      2.49053      2.93361      1.77891      1.15471
      2.50053      2.70977      1.63324      1.07652
      2.51053      2.69924      1.62315      1.07609
      2.52053      2.76638      1.65995      1.10643
      2.53053      2.55735      1.53365      1.02370
      2.54053      2.47595      1.51929      0.95666
      2.55053      3.28610      2.04292      1.24318
      2.56053      4.90802      2.88921      2.01881
      2.57053      5.21742      2.98635      2.23107
      2.58053      3.70954      2.19013      1.51941
      2.59053      2.77293      1.70774      1.06519
      2.60053      2.88563      1.75673      1.12890
      2.61053      3.04478      1.83920      1.20558
      2.62053      3.21632      1.98343      1.23290
      2.63053      3.44530      2.21564      1.22966
      2.64053      3.20784      2.12567      1.08218
      2.65053      2.33266      1.53074      0.80192
      2.66053      2.37552      1.50044      0.87508
      2.67053      3.41777      2.12825      1.28952
      2.68053      3.89055      2.43821      1.45235
      2.69053      3.90286      2.59102      1.31184
      2.70053      3.60229      2.51122      1.09107
      2.71053      2.82146      1.96829      0.85317
      2.72053      2.44981      1.66839      0.78142
      2.73053      2.70785      1.82769      0.88016
      2.74053      3.07118      2.08745      0.98373
      2.75053      3.05996      2.08207      0.97789
      2.76053      2.54595      1.71936      0.82659
      2.77053      2.04695      1.37501      0.67194
      2.78053      2.14672      1.45283      0.69389
      2.79053      2.18355      1.48450      0.69905
      2.80053      1.95934      1.33468      0.62466
      2.81053      2.01296      1.41269      0.60027
      2.82053      2.52794      1.85381      0.67414
      2.83053      2.58672      1.81484      0.77188
      2.84053      1.81735      1.13589      0.68146
      2.85053      1.05742      0.63889      0.41853
      2.86053      1.32926      0.95741      0.37185
      2.87053      2.36059      1.78810      0.57249
      2.88053      2.66694      2.01330      0.65364
      2.89053      1.85969      1.35022      0.50947
      2.90053      1.35602      0.92792      0.42810
      2.91053      1.48522      1.05093      0.43428
      2.92053      1.81181      1.38187      0.42995
      2.93053      2.33377      1.74825      0.58552
      2.94053      1.97797      1.41592      0.56205
      2.95053      1.08160      0.79276      0.28884
      2.96053      0.86900      0.68038      0.18862
      2.97053      1.85866      1.40702      0.45163
      2.98053      3.48128      2.57626      0.90502
      2.99053      4.05578      3.00767      1.04810
      3.00053      3.60811      2.66408      0.94403
      3.01053      3.57666      2.57168      1.00498
      3.02053      3.92398      2.76489      1.15909
      3.03053      4.13901      2.89516      1.24385
      3.04053      4.46901      3.10101      1.36800
      3.05053      5.46253      3.76318      1.69935
      3.06053      6.75188      4.67356      2.07832
      3.07053      7.83749      5.43293      2.40455
      3.08053      7.17148      4.97454      2.19695
      3.09053      5.62890      4.00973      1.61917
      3.10053      5.46668      3.97900      1.48768
      3.11053      5.31881      3.90339      1.41542
      3.12053      4.68695      3.39833      1.28862
      3.13053      4.59960      3.18221      1.41739
      3.14053      4.06411      2.66971      1.39440
      3.15053      3.08092      2.06232      1.01860
      3.16053      3.04629      2.11034      0.93596
      3.17053      3.08912      2.10564      0.98348
      3.18053      2.98750      2.01924      0.96826
      3.19053      2.92766      2.02704      0.90061
      3.20053      2.68766      1.86490      0.82276
      3.21053      3.20692      2.13508      1.07184
      3.22053      4.81321      3.16223      1.65098
      3.23053      6.11587      3.90197      2.21390
      3.24053      5.23404      3.31878      1.91526
      3.25053      3.79331      2.55383      1.23949
      3.26053      3.57779      2.49567      1.08212
      3.27053      4.22600      2.95954      1.26646
      3.28053      5.48243      3.78351      1.69892
      3.29053      6.42833      4.33111      2.09722
      3.30053      5.84471      3.95970      1.88501
      3.31053      4.79785      3.29934      1.49850
      3.32053      4.92681      3.40844      1.51836
      3.33053      5.48407      3.69845      1.78562
      3.34053      6.20040      3.99984      2.20056
      3.35053      5.99913      3.92986      2.06927
      3.36053      4.48198      3.18776      1.29421
      3.37053      3.99217      3.03355      0.95862
      3.38053      4.60068      3.42272      1.17796
      3.39053      5.23465      3.68604      1.54861
      3.40053      5.67913      3.87013      1.80900
      3.41053      5.52127      3.87229      1.64898
      3.42053      4.80922      3.50626      1.30296
      3.43053      4.12097      2.87333      1.24764
      3.44053      3.74186      2.42423      1.31763
      3.45053      3.72394      2.41494      1.30899
      3.46053      4.05752      2.67649      1.38103
      3.47053      3.74180      2.49330      1.24850
      3.48053      2.78223      1.86853      0.91370
      3.49053      2.35486      1.59308      0.76177
      3.50053      2.65312      1.82245      0.83067
      3.51053      3.43934      2.36045      1.07889
      3.52053      4.29718      2.86451      1.43268
      3.53053      4.47009      2.86490      1.60518
      3.54053      3.75896      2.29598      1.46297
      3.55053      2.87622      1.68124      1.19498
      3.56053      2.49825      1.43037      1.06788
      3.57053      2.37857      1.37192      1.00665
      3.58053      2.36061      1.44998      0.91062
      3.59053      2.63557      1.67225      0.96332
      3.60053      3.44645      2.07044      1.37601
      3.61053      3.84264      2.16378      1.67885
      3.62053      3.55504      1.91742      1.63762
      3.63053      3.04477      1.63944      1.40532
      3.64053      3.06724      1.66554      1.40170
      3.65053      3.52209      1.93931      1.58279
      3.66053      3.71214      2.15971      1.55243
      3.67053      4.06251      2.43269      1.62982
      3.68053      4.49710      2.54356      1.95353
      3.69053      4.62712      2.48545      2.14167
      3.70053      4.48501      2.37679      2.10822
      3.71053      4.69310      2.44225      2.25085
      3.72053      5.00349      2.59376      2.40973
      3.73053      4.18859      2.19278      1.99580
      3.74053      2.83120      1.50448      1.32672
      3.75053      2.37677      1.29671      1.08007
      3.76053      3.14129      1.71074      1.43054
      3.77053      3.76234      2.00320      1.75914
      3.78053      3.34571      1.82684      1.51887
      3.79053      2.47595      1.44319      1.03276
      3.80053      1.84585      1.06557      0.78028
      3.81053      1.84974      1.02661      0.82313
      3.82053      2.02247      1.13783      0.88464
      3.83053      2.45043      1.40464      1.04578
      3.84053      2.85312      1.64679      1.20633
      3.85053      3.14451      1.75490      1.38961
      3.86053      3.42005      1.86192      1.55813
      3.87053      2.81710      1.52585      1.29125
      3.88053      1.91463      1.02994      0.88469
      3.89053      2.01565      1.08463      0.93103
      3.90053      2.34278      1.24613      1.09665
      3.91053      1.93984      1.03865      0.90120
      3.92053      1.43296      0.80298      0.62998
      3.93053      1.39337      0.79410      0.59927
      3.94053      1.63034      0.89372      0.73662
      3.95053      1.95472      1.05308      0.90164
      3.96053      2.08619      1.11199      0.97420
      3.97053      2.12975      1.16807      0.96168
      3.98053      2.37084      1.33566      1.03518
      3.99053      2.16048      1.17228      0.98819
      4.00053      1.45625      0.75553      0.70071
      4.01053      1.34191      0.69615      0.64576
      4.02053      2.05455      1.08950      0.96505
      4.03053      2.67079      1.42721      1.24358
      4.04053      2.25890      1.21017      1.04874
      4.05053      1.67349      0.90751      0.76598
      4.06053      1.46093      0.79509      0.66584
      4.07053      1.40970      0.75839      0.65131
      4.08053      1.71462      0.88740      0.82722
      4.09053      1.92714      0.96830      0.95884
      4.10053      1.63003      0.79100      0.83903
      4.11053      1.50964      0.72563      0.78402
      4.12053      1.46874      0.71868      0.75006
      4.13053      1.13206      0.55258      0.57948
      4.14053      1.06803      0.51681      0.55122
      4.15053      0.90630      0.44101      0.46528
      4.16053      0.96594      0.46884      0.49710
      4.17053      1.48069      0.71335      0.76735
      4.18053      1.90076      0.91925      0.98151
      4.19053      1.87914      0.91871      0.96044
      4.20053      1.71360      0.84722      0.86638
      4.21053      1.28033      0.62919      0.65114
      4.22053      0.91673      0.44167      0.47506
      4.23053      0.87733      0.42542      0.45191
      4.24053      0.96425      0.46399      0.50027
      4.25053      1.28124      0.60072      0.68052
      4.26053      1.62112      0.75884      0.86228
      4.27053      1.78770      0.85007      0.93763
      4.28053      1.90835      0.91629      0.99206
      4.29053      1.66081      0.79513      0.86568
      4.30053      1.36848      0.64882      0.71966
      4.31053      1.24565      0.59518      0.65047
      4.32053      1.19975      0.57753      0.62222
      4.33053      1.34677      0.64068      0.70609
      4.34053      1.82033      0.86659      0.95374
      4.35053      2.04118      0.98141      1.05977
      4.36053      1.59772      0.77221      0.82551
      4.37053      1.11248      0.53210      0.58038
      4.38053      1.21372      0.57242      0.64130
      4.39053      1.45547      0.68655      0.76892
      4.40053      1.86689      0.88288      0.98401
      4.41053      2.52263      1.19313      1.32950
      4.42053      2.80131      1.32306      1.47825
      4.43053      2.09467      0.98857      1.10610
      4.44053      1.25694      0.59217      0.66477
      4.45053      0.96768      0.45612      0.51156
      4.46053      0.88680      0.42006      0.46674
      4.47053      0.77057      0.37090      0.39967
      4.48053      0.90717      0.43780      0.46936
      4.49053      1.37844      0.65727      0.72118
      4.50053      1.53081      0.72708      0.80372
      4.51053      1.12521      0.53929      0.58593
      4.52053      0.88532      0.42975      0.45557
      4.53053      0.81772      0.39347      0.42425
      4.54053      0.64230      0.30834      0.33396
      4.55053      0.49746      0.24285      0.25461
      4.56053      0.63437      0.30174      0.33263
      4.57053      1.37627      0.64118      0.73508
      4.58053      1.70506      0.79419      0.91086
      4.59053      1.12172      0.52686      0.59486
      4.60053      0.63399      0.30000      0.33398
      4.61053      0.39859      0.18648      0.21211
      4.62053      0.20779      0.09628      0.11151
      4.63053      0.28706      0.13327      0.15378
      4.64053      0.72650      0.33857      0.38793
      4.65053      0.99582      0.46494      0.53088
      4.66053      0.65727      0.30681      0.35046
      4.67053      0.39223      0.18218      0.21004
      4.68053      0.30672      0.14185      0.16486
      4.69053      0.21520      0.09836      0.11684
      4.70053      0.58373      0.26847      0.31525
      4.71053      1.66086      0.77396      0.88690
      4.72053      2.39849      1.12388      1.27461
      4.73053      1.71648      0.80498      0.91150
      4.74053      0.79009      0.36945      0.42065
      4.75053      0.52111      0.24343      0.27768
      4.76053      0.66850      0.31247      0.35602
      4.77053      1.00590      0.46944      0.53646
      4.78053      1.40864      0.65787      0.75077
      4.79053      1.61588      0.75711      0.85877
      4.80053      1.57421      0.73575      0.83846
      4.81053      1.13275      0.52487      0.60788
      4.82053      1.14574      0.52946      0.61628
      4.83053      1.83104      0.85470      0.97634
      4.84053      2.22296      1.04722      1.17574
      4.85053      2.35015      1.11163      1.23852
      4.86053      2.13888      1.01626      1.12262
      4.87053      1.89584      0.90935      0.98649
      4.88053      1.96270      0.94152      1.02119
      4.89053      2.01293      0.95915      1.05377
      4.90053      2.13124      1.01323      1.11801
      4.91053      2.18516      1.03677      1.14839
      4.92053      2.39287      1.13032      1.26255
      4.93053      2.77160      1.31554      1.45606
      4.94053      3.16489      1.51003      1.65487
      4.95053      3.50880      1.67885      1.82995
      4.96053      3.45504      1.66302      1.79202
      4.97053      3.17837      1.53272      1.64565
      4.98053      3.49889      1.67012      1.82877
      4.99053      4.21629      2.00712      2.20917
      5.00053      5.72870      2.72880      2.99990
      5.01053      6.64817      3.15944      3.48874
      5.02053      6.11509      2.90701      3.20808
      5.03053      5.58660      2.67464      2.91196
      5.04053      5.02337      2.45155      2.57183
      5.05053      4.08504      2.03525      2.04980
      5.06053      3.60824      1.79824      1.81001
      5.07053      3.83299      1.88833      1.94466
      5.08053      3.83861      1.88004      1.95857
      5.09053      3.34498      1.64881      1.69618
      5.10053      2.92011      1.45232      1.46779
      5.11053      3.07934      1.53272      1.54662
      5.12053      3.42584      1.70547      1.72038
      5.13053      3.36559      1.68550      1.68009
      5.14053      2.79092      1.41706      1.37385
      5.15053      1.91166      0.98395      0.92771
      5.16053      1.19537      0.62233      0.57304
      5.17053      1.11991      0.59048      0.52943
      5.18053      1.42949      0.75094      0.67855
      5.19053      2.03810      1.05823      0.97987
      5.20053      2.80167      1.46195      1.33972
      5.21053      2.53492      1.33072      1.20421
      5.22053      1.36632      0.71851      0.64781
      5.23053      0.81011      0.42019      0.38992
      5.24053      1.06696      0.51938      0.54758
      5.25053      1.23977      0.58177      0.65800
      5.26053      1.09997      0.54821      0.55176
      5.27053      1.08797      0.59751      0.49046
      5.28053      1.20110      0.67683      0.52427
      5.29053      1.13343      0.61208      0.52135
      5.30053      1.09561      0.52098      0.57463
      5.31053      1.29417      0.58506      0.70911
      5.32053      1.29663      0.61454      0.68210
      5.33053      1.27580      0.65182      0.62398
      5.34053      1.57657      0.83052      0.74605
      5.35053      1.70273      0.89626      0.80647
      5.36053      1.21809      0.62753      0.59057
      5.37053      0.55680      0.28588      0.27092
      5.38053      0.55661      0.30133      0.25528
      5.39053      1.02205      0.51824      0.50382
      5.40053      1.25749      0.58164      0.67585
      5.41053      1.25362      0.58403      0.66959
      5.42053      1.01299      0.51352      0.49947
      5.43053      0.75498      0.42409      0.33089
      5.44053      0.72933      0.43296      0.29636
      5.45053      0.69489      0.41451      0.28039
      5.46053      0.80051      0.46068      0.33983
      5.47053      0.91832      0.48983      0.42848
      5.48053      0.88089      0.44072      0.44017
      5.49053      1.01922      0.48345      0.53576
      5.50053      1.41509      0.64064      0.77446
      5.51053      1.54435      0.69136      0.85299
      5.52053      1.26441      0.58582      0.67859
      5.53053      1.22378      0.61236      0.61142
      5.54053      1.29179      0.66135      0.63044
      5.55053      1.01538      0.53097      0.48440
      5.56053      0.63654      0.34247      0.29407
      5.57053      0.52938      0.25399      0.27540
      5.58053      0.59590      0.25220      0.34370
      5.59053      0.59954      0.25880      0.34075
      5.60053      0.36099      0.16392      0.19707
      5.61053      0.10483      0.04827      0.05656
      5.62053      0.13960      0.05080      0.08881
      5.63053      0.59026      0.20836      0.38189
      5.64053      1.05577      0.36817      0.68760
      5.65053      0.85528      0.29038      0.56490
      5.66053      0.38632      0.12837      0.25795
      5.67053      0.15719      0.07238      0.08481
      5.68053      0.30891      0.18381      0.12510
      5.69053      0.66575      0.33657      0.32918
      5.70053      0.78959      0.32502      0.46457
      5.71053      0.53306      0.19637      0.33669
      5.72053      0.40380      0.16310      0.24070
      5.73053      0.42545      0.19563      0.22982
      5.74053      0.25746      0.12805      0.12941
      5.75053      0.08837      0.04207      0.04630
      5.76053      0.19818      0.06755      0.13063
      5.77053      0.64650      0.21600      0.43051
      5.78053      0.98640      0.32948      0.65692
      5.79053      0.89085      0.29892      0.59193
      5.80053      0.77274      0.28138      0.49136
      5.81053      0.96379      0.40338      0.56041
      5.82053      1.32409      0.54598      0.77811
      5.83053      1.14352      0.43488      0.70864
      5.84053      0.61192      0.21999      0.39193
      5.85053      0.27603      0.09527      0.18075
      5.86053      0.26847      0.08417      0.18431
      5.87053      0.38652      0.12178      0.26474
      5.88053      0.40611      0.13721      0.26890
      5.89053      0.32807      0.11631      0.21176
      5.90053      0.16100      0.05671      0.10429
      5.91053      0.23787      0.07967      0.15819
      5.92053      0.69726      0.25317      0.44409
      5.93053      1.09893      0.44945      0.64948
      5.94053      1.11161      0.46982      0.64180
      5.95053      0.90575      0.35171      0.55404
      5.96053      0.65475      0.27644      0.37831
      5.97053      0.47933      0.26636      0.21297
      5.98053      0.41532      0.21404      0.20128
      5.99053      0.57654      0.20723      0.36931
      6.00053      0.58532      0.18942      0.39590
      6.01053      0.33040      0.10845      0.22196
      6.02053      0.36482      0.13136      0.23346
      6.03053      0.57170      0.21934      0.35237
      6.04053      0.57990      0.23859      0.34131
      6.05053      0.31846      0.13751      0.18094
      6.06053      0.26660      0.10445      0.16215
      6.07053      0.85028      0.30975      0.54053
      6.08053      1.54842      0.54479      1.00363
      6.09053      1.49533      0.50490      0.99043
      6.10053      0.99168      0.32393      0.66775
      6.11053      0.71551      0.23146      0.48405
      6.12053      0.82049      0.27934      0.54114
      6.13053      0.78903      0.32374      0.46528
      6.14053      0.61003      0.30951      0.30052
      6.15053      0.63489      0.26980      0.36509
      6.16053      0.79529      0.26363      0.53166
      6.17053      0.66500      0.20413      0.46088
      6.18053      0.37231      0.11222      0.26009
      6.19053      0.31801      0.10250      0.21552
      6.20053      0.52386      0.16894      0.35492
      6.21053      0.59910      0.19044      0.40867
      6.22053      0.78703      0.27907      0.50796
      6.23053      1.30947      0.51477      0.79470
      6.24053      1.25450      0.51907      0.73543
      6.25053      0.84214      0.36843      0.47371
      6.26053      0.93043      0.40873      0.52169
      6.27053      1.08896      0.41651      0.67245
      6.28053      0.75697      0.25148      0.50548
      6.29053      0.43446      0.14501      0.28945
      6.30053      0.44953      0.18731      0.26222
      6.31053      0.49928      0.26375      0.23553
      6.32053      0.50521      0.26234      0.24287
      6.33053      0.57894      0.21970      0.35924
      6.34053      0.58449      0.18402      0.40046
      6.35053      0.58745      0.17937      0.40808
      6.36053      1.13904      0.34882      0.79022
      6.37053      1.64769      0.50377      1.14391
      6.38053      1.43623      0.46971      0.96651
      6.39053      1.21612      0.47742      0.73870
      6.40053      1.27029      0.53952      0.73077
      6.41053      1.30024      0.49514      0.80510
      6.42053      1.02229      0.34108      0.68121
      6.43053      0.81869      0.26118      0.55751
      6.44053      0.79955      0.25318      0.54637
      6.45053      0.62581      0.19312      0.43269
      6.46053      0.54812      0.16919      0.37893
      6.47053      0.91370      0.29342      0.62029
      6.48053      1.53191      0.52886      1.00305
      6.49053      1.67605      0.60996      1.06609
      6.50053      1.39168      0.48548      0.90620
      6.51053      1.30643      0.41819      0.88824
      6.52053      1.28039      0.39321      0.88718
      6.53053      1.18568      0.36892      0.81677
      6.54053      1.11573      0.39586      0.71987
      6.55053      1.11804      0.47246      0.64558
      6.56053      0.95052      0.44848      0.50203
      6.57053      0.73434      0.36131      0.37303
      6.58053      0.86055      0.33939      0.52116
      6.59053      1.08197      0.39574      0.68623
      6.60053      0.87997      0.37977      0.50020
      6.61053      0.65198      0.28952      0.36246
      6.62053      0.70633      0.24858      0.45774
      6.63053      0.95679      0.31392      0.64286
      6.64053      1.06350      0.37244      0.69105
      6.65053      0.96825      0.39671      0.57154
      6.66053      0.81583      0.34888      0.46695
      6.67053      0.74540      0.27285      0.47255
      6.68053      0.65376      0.21457      0.43919
      6.69053      0.53962      0.18068      0.35895
      6.70053      0.57626      0.22819      0.34807
      6.71053      0.71225      0.31617      0.39608
      6.72053      0.83990      0.39997      0.43992
      6.73053      0.89800      0.42983      0.46817
      6.74053      0.84830      0.34269      0.50561
      6.75053      0.82595      0.27533      0.55062
      6.76053      0.79693      0.25752      0.53941
      6.77053      0.55904      0.18169      0.37735
      6.78053      0.40366      0.13046      0.27319
      6.79053      0.54594      0.19568      0.35026
      6.80053      0.83554      0.34400      0.49154
      6.81053      0.89135      0.37745      0.51390
      6.82053      0.54328      0.21476      0.32852
      6.83053      0.49527      0.16788      0.32739
      6.84053      0.70633      0.24882      0.45751
      6.85053      0.76363      0.34425      0.41938
      6.86053      0.99779      0.51928      0.47851
      6.87053      1.17024      0.58045      0.58979
      6.88053      1.27644      0.55902      0.71741
      6.89053      1.27932      0.51312      0.76620
      6.90053      0.95011      0.41144      0.53866
      6.91053      0.46093      0.23461      0.22632
      6.92053      0.20912      0.11041      0.09871
      6.93053      0.42048      0.20094      0.21954
      6.94053      0.67682      0.31242      0.36440
      6.95053      0.65005      0.26066      0.38939
      6.96053      0.71958      0.24143      0.47815
      6.97053      0.73727      0.24721      0.49006
      6.98053      0.81864      0.30186      0.51677
      6.99053      0.86190      0.36470      0.49720
      7.00053      0.95064      0.45823      0.49241
      7.01053      1.21177      0.56201      0.64975
      7.02053      1.02504      0.42917      0.59587
      7.03053      0.90519      0.32773      0.57747
      7.04053      1.17423      0.43479      0.73944
      7.05053      1.24716      0.49952      0.74764
      7.06053      0.91007      0.36223      0.54784
      7.07053      0.53209      0.19624      0.33585
      7.08053      0.42501      0.14913      0.27588
      7.09053      0.44999      0.15248      0.29752
      7.10053      0.60224      0.20069      0.40154
      7.11053      0.87460      0.34178      0.53282
      7.12053      1.35421      0.68664      0.66757
      7.13053      1.86594      1.05048      0.81546
      7.14053      1.52616      0.86928      0.65688
      7.15053      0.69266      0.38264      0.31002
      7.16053      0.53698      0.24057      0.29640
      7.17053      0.97394      0.36821      0.60573
      7.18053      1.21827      0.42743      0.79084
      7.19053      1.07546      0.38480      0.69066
      7.20053      1.13036      0.44646      0.68390
      7.21053      1.05311      0.45796      0.59515
      7.22053      0.87460      0.40183      0.47277
      7.23053      1.08902      0.47038      0.61864
      7.24053      1.71994      0.73457      0.98537
      7.25053      2.23522      0.97917      1.25604
