Energy-E_F (eV)    DOS (1/eV)    PDOS (1/eV)  of atom type Mo S  
     -5.37801      4.69801      0.00000      0.00000
     -5.36801      5.30169      0.00000      0.00000
     -5.35801      5.57965      0.00000      0.00000
     -5.34801      5.21035      0.00000      0.00000
     -5.33801      3.74877      0.00000      0.00000
     -5.32801      2.42941      0.00000      0.00000
     -5.31801      1.91201      0.00000      0.00000
     -5.30801      1.86993      0.00000      0.00000
     -5.29801      1.95824      0.00000      0.00000
     -5.28801      2.21290      0.00000      0.00000
     -5.27801      2.51345      0.00000      0.00000
     -5.26801      2.37806      0.00000      0.00000
     -5.25801      2.22967      0.00000      0.00000
     -5.24801      2.63750      0.00000      0.00000
     -5.23801      2.96503      0.00000      0.00000
     -5.22801      2.64550      0.00000      0.00000
     -5.21801      2.09198      0.00000      0.00000
     -5.20801      1.72132      0.00000      0.00000
     -5.19801      1.64908      0.00000      0.00000
     -5.18801      2.00291      0.00000      0.00000
     -5.17801      2.30661      0.00000      0.00000
     -5.16801      2.06290      0.00000      0.00000
     -5.15801      2.03784      0.00000      0.00000
     -5.14801      2.55952      0.00000      0.00000
     -5.13801      2.90787      0.00000      0.00000
     -5.12801      2.97116      0.00000      0.00000
     -5.11801      2.57063      0.00000      0.00000
     -5.10801      1.58658      0.00000      0.00000
     -5.09801      0.96481      0.00000      0.00000
     -5.08801      1.07693      0.00000      0.00000
     -5.07801      1.38517      0.00000      0.00000
     -5.06801      1.70592      0.00000      0.00000
     -5.05801      1.85400      0.00000      0.00000
     -5.04801      1.47180      0.00000      0.00000
     -5.03801      1.03482      0.00000      0.00000
     -5.02801      1.15445      0.00000      0.00000
     -5.01801      1.59206      0.00000      0.00000
     -5.00801      1.69104      0.00000      0.00000
     -4.99801      1.47827      0.00000      0.00000
     -4.98801      1.44267      0.00000      0.00000
     -4.97801      1.55685      0.00000      0.00000
     -4.96801      1.64266      0.00000      0.00000
     -4.95801      1.52191      0.00000      0.00000
     -4.94801      1.09277      0.00000      0.00000
     -4.93801      0.83014      0.00000      0.00000
     -4.92801      1.08967      0.00000      0.00000
     -4.91801      1.52061      0.00000      0.00000
     -4.90801      1.71043      0.00000      0.00000
     -4.89801      1.65024      0.00000      0.00000
     -4.88801      1.69495      0.00000      0.00000
     -4.87801      1.92649      0.00000      0.00000
     -4.86801      2.07945      0.00000      0.00000
     -4.85801      1.70314      0.00000      0.00000
     -4.84801      1.01092      0.00000      0.00000
     -4.83801      0.78047      0.00000      0.00000
     -4.82801      1.02911      0.00000      0.00000
     -4.81801      1.14490      0.00000      0.00000
     -4.80801      0.97602      0.00000      0.00000
     -4.79801      0.73320      0.00000      0.00000
     -4.78801      0.66907      0.00000      0.00000
     -4.77801      0.89806      0.00000      0.00000
     -4.76801      1.36577      0.00000      0.00000
     -4.75801      1.92529      0.00000      0.00000
     -4.74801      2.18470      0.00000      0.00000
     -4.73801      1.72638      0.00000      0.00000
     -4.72801      0.99480      0.00000      0.00000
     -4.71801      0.49494      0.00000      0.00000
     -4.70801      0.49312      0.00000      0.00000
     -4.69801      0.99886      0.00000      0.00000
     -4.68801      1.25677      0.00000      0.00000
     -4.67801      0.92513      0.00000      0.00000
     -4.66801      0.63449      0.00000      0.00000
     -4.65801      0.93741      0.00000      0.00000
     -4.64801      1.65963      0.00000      0.00000
     -4.63801      2.42926      0.00000      0.00000
     -4.62801      2.44542      0.00000      0.00000
     -4.61801      1.74989      0.00000      0.00000
     -4.60801      0.99290      0.00000      0.00000
     -4.59801      0.61161      0.00000      0.00000
     -4.58801      0.73203      0.00000      0.00000
     -4.57801      1.34308      0.00000      0.00000
     -4.56801      1.89751      0.00000      0.00000
     -4.55801      2.71949      0.00000      0.00000
     -4.54801      4.58085      0.00000      0.00000
     -4.53801      6.31999      0.00000      0.00000
     -4.52801      7.41768      0.00000      0.00000
     -4.51801      8.71537      0.00000      0.00000
     -4.50801      9.27087      0.00000      0.00000
     -4.49801      8.82693      0.00000      0.00000
     -4.48801      8.97867      0.00000      0.00000
     -4.47801      9.85438      0.00000      0.00000
     -4.46801     11.19034      0.00000      0.00000
     -4.45801     12.28731      0.00000      0.00000
     -4.44801     12.55336      0.00000      0.00000
     -4.43801     12.21440      0.00000      0.00000
     -4.42801     12.31133      0.00000      0.00000
     -4.41801     12.43901      0.00000      0.00000
     -4.40801     12.23523      0.00000      0.00000
     -4.39801     12.51956      0.00000      0.00000
     -4.38801     13.01200      0.00000      0.00000
     -4.37801     12.97641      0.00000      0.00000
     -4.36801     12.16597      0.00000      0.00000
     -4.35801     11.55041      0.00000      0.00000
     -4.34801     11.07197      0.00000      0.00000
     -4.33801     10.94373      0.00000      0.00000
     -4.32801     11.30912      0.00000      0.00000
     -4.31801     10.87571      0.00000      0.00000
     -4.30801      9.91483      0.00000      0.00000
     -4.29801      8.43162      0.00000      0.00000
     -4.28801      6.91678      0.00000      0.00000
     -4.27801      6.67425      0.00000      0.00000
     -4.26801      7.02815      0.00000      0.00000
     -4.25801      7.34075      0.00000      0.00000
     -4.24801      7.60087      0.00000      0.00000
     -4.23801      6.89947      0.00000      0.00000
     -4.22801      6.10615      0.00000      0.00000
     -4.21801      6.18335      0.00000      0.00000
     -4.20801      5.56521      0.00000      0.00000
     -4.19801      4.37330      0.00000      0.00000
     -4.18801      4.35920      0.00000      0.00000
     -4.17801      4.77421      0.00000      0.00000
     -4.16801      4.59346      0.00000      0.00000
     -4.15801      4.01241      0.00000      0.00000
     -4.14801      2.97492      0.00000      0.00000
     -4.13801      2.19804      0.00000      0.00000
     -4.12801      2.26767      0.00000      0.00000
     -4.11801      2.87277      0.00000      0.00000
     -4.10801      3.44337      0.00000      0.00000
     -4.09801      3.24431      0.00000      0.00000
     -4.08801      2.58087      0.00000      0.00000
     -4.07801      1.93700      0.00000      0.00000
     -4.06801      1.78546      0.00000      0.00000
     -4.05801      2.51295      0.00000      0.00000
     -4.04801      3.26320      0.00000      0.00000
     -4.03801      2.96319      0.00000      0.00000
     -4.02801      1.86706      0.00000      0.00000
     -4.01801      1.40177      0.00000      0.00000
     -4.00801      1.58728      0.00000      0.00000
     -3.99801      1.94015      0.00000      0.00000
     -3.98801      2.89171      0.00000      0.00000
     -3.97801      3.56271      0.00000      0.00000
     -3.96801      2.83814      0.00000      0.00000
     -3.95801      2.02749      0.00000      0.00000
     -3.94801      1.84042      0.00000      0.00000
     -3.93801      1.84702      0.00000      0.00000
     -3.92801      1.85737      0.00000      0.00000
     -3.91801      2.27510      0.00000      0.00000
     -3.90801      2.66127      0.00000      0.00000
     -3.89801      2.22367      0.00000      0.00000
     -3.88801      1.50347      0.00000      0.00000
     -3.87801      1.81113      0.00000      0.00000
     -3.86801      2.74128      0.00000      0.00000
     -3.85801      3.24438      0.00000      0.00000
     -3.84801      2.95734      0.00000      0.00000
     -3.83801      2.30775      0.00000      0.00000
     -3.82801      2.10271      0.00000      0.00000
     -3.81801      2.34493      0.00000      0.00000
     -3.80801      2.78008      0.00000      0.00000
     -3.79801      3.93544      0.00000      0.00000
     -3.78801      5.96043      0.00000      0.00000
     -3.77801      6.76806      0.00000      0.00000
     -3.76801      6.42043      0.00000      0.00000
     -3.75801      6.19992      0.00000      0.00000
     -3.74801      6.08384      0.00000      0.00000
     -3.73801      6.41656      0.00000      0.00000
     -3.72801      7.20247      0.00000      0.00000
     -3.71801      7.90664      0.00000      0.00000
     -3.70801      7.35591      0.00000      0.00000
     -3.69801      6.74394      0.00000      0.00000
     -3.68801      6.60567      0.00000      0.00000
     -3.67801      6.64202      0.00000      0.00000
     -3.66801      7.59430      0.00000      0.00000
     -3.65801      8.97951      0.00000      0.00000
     -3.64801      9.21627      0.00000      0.00000
     -3.63801      8.96489      0.00000      0.00000
     -3.62801      9.32101      0.00000      0.00000
     -3.61801     10.07514      0.00000      0.00000
     -3.60801     11.22647      0.00000      0.00000
     -3.59801     12.54428      0.00000      0.00000
     -3.58801     12.23109      0.00000      0.00000
     -3.57801      9.95038      0.00000      0.00000
     -3.56801      8.08861      0.00000      0.00000
     -3.55801      8.72433      0.00000      0.00000
     -3.54801      9.82313      0.00000      0.00000
     -3.53801     10.06901      0.00000      0.00000
     -3.52801      9.92173      0.00000      0.00000
     -3.51801      9.07488      0.00000      0.00000
     -3.50801      8.19437      0.00000      0.00000
     -3.49801      8.75215      0.00000      0.00000
     -3.48801      8.86591      0.00000      0.00000
     -3.47801      7.97404      0.00000      0.00000
     -3.46801      7.44500      0.00000      0.00000
     -3.45801      6.79672      0.00000      0.00000
     -3.44801      6.06611      0.00000      0.00000
     -3.43801      5.63453      0.00000      0.00000
     -3.42801      5.24830      0.00000      0.00000
     -3.41801      5.36943      0.00000      0.00000
     -3.40801      5.08947      0.00000      0.00000
     -3.39801      4.00790      0.00000      0.00000
     -3.38801      3.32239      0.00000      0.00000
     -3.37801      3.41775      0.00000      0.00000
     -3.36801      3.68924      0.00000      0.00000
     -3.35801      4.22032      0.00000      0.00000
     -3.34801      5.21970      0.00000      0.00000
     -3.33801      5.62027      0.00000      0.00000
     -3.32801      4.64449      0.00000      0.00000
     -3.31801      3.29679      0.00000      0.00000
     -3.30801      2.65297      0.00000      0.00000
     -3.29801      2.34749      0.00000      0.00000
     -3.28801      2.97756      0.00000      0.00000
     -3.27801      4.04313      0.00000      0.00000
     -3.26801      3.92110      0.00000      0.00000
     -3.25801      3.04238      0.00000      0.00000
     -3.24801      2.72613      0.00000      0.00000
     -3.23801      3.47931      0.00000      0.00000
     -3.22801      3.87878      0.00000      0.00000
     -3.21801      3.75121      0.00000      0.00000
     -3.20801      4.28887      0.00000      0.00000
     -3.19801      4.47705      0.00000      0.00000
     -3.18801      3.77626      0.00000      0.00000
     -3.17801      3.29301      0.00000      0.00000
     -3.16801      2.87514      0.00000      0.00000
     -3.15801      2.27960      0.00000      0.00000
     -3.14801      2.50045      0.00000      0.00000
     -3.13801      2.71845      0.00000      0.00000
     -3.12801      2.81690      0.00000      0.00000
     -3.11801      3.23686      0.00000      0.00000
     -3.10801      3.34657      0.00000      0.00000
     -3.09801      3.16549      0.00000      0.00000
     -3.08801      3.23157      0.00000      0.00000
     -3.07801      2.82326      0.00000      0.00000
     -3.06801      2.44858      0.00000      0.00000
     -3.05801      2.47408      0.00000      0.00000
     -3.04801      3.02803      0.00000      0.00000
     -3.03801      3.29217      0.00000      0.00000
     -3.02801      2.40364      0.00000      0.00000
     -3.01801      1.97951      0.00000      0.00000
     -3.00801      2.53339      0.00000      0.00000
     -2.99801      3.06752      0.00000      0.00000
     -2.98801      3.23243      0.00000      0.00000
     -2.97801      3.56128      0.00000      0.00000
     -2.96801      3.52933      0.00000      0.00000
     -2.95801      2.36015      0.00000      0.00000
     -2.94801      1.57110      0.00000      0.00000
     -2.93801      2.03072      0.00000      0.00000
     -2.92801      2.56085      0.00000      0.00000
     -2.91801      2.55955      0.00000      0.00000
     -2.90801      2.75525      0.00000      0.00000
     -2.89801      3.28618      0.00000      0.00000
     -2.88801      3.28293      0.00000      0.00000
     -2.87801      2.52113      0.00000      0.00000
     -2.86801      2.37022      0.00000      0.00000
     -2.85801      3.09369      0.00000      0.00000
     -2.84801      3.19866      0.00000      0.00000
     -2.83801      2.80987      0.00000      0.00000
     -2.82801      3.00886      0.00000      0.00000
     -2.81801      3.44624      0.00000      0.00000
     -2.80801      3.17764      0.00000      0.00000
     -2.79801      2.67879      0.00000      0.00000
     -2.78801      2.95727      0.00000      0.00000
     -2.77801      3.34566      0.00000      0.00000
     -2.76801      3.17691      0.00000      0.00000
     -2.75801      2.88819      0.00000      0.00000
     -2.74801      3.38518      0.00000      0.00000
     -2.73801      3.87209      0.00000      0.00000
     -2.72801      3.34264      0.00000      0.00000
     -2.71801      2.24514      0.00000      0.00000
     -2.70801      1.55015      0.00000      0.00000
     -2.69801      1.87041      0.00000      0.00000
     -2.68801      2.85630      0.00000      0.00000
     -2.67801      4.11834      0.00000      0.00000
     -2.66801      5.29673      0.00000      0.00000
     -2.65801      5.51335      0.00000      0.00000
     -2.64801      4.75567      0.00000      0.00000
     -2.63801      3.83367      0.00000      0.00000
     -2.62801      3.09109      0.00000      0.00000
     -2.61801      3.09937      0.00000      0.00000
     -2.60801      3.78364      0.00000      0.00000
     -2.59801      4.38373      0.00000      0.00000
     -2.58801      4.73617      0.00000      0.00000
     -2.57801      4.89945      0.00000      0.00000
     -2.56801      5.25959      0.00000      0.00000
     -2.55801      5.61949      0.00000      0.00000
     -2.54801      5.43314      0.00000      0.00000
     -2.53801      4.65553      0.00000      0.00000
     -2.52801      4.14260      0.00000      0.00000
     -2.51801      3.88620      0.00000      0.00000
     -2.50801      4.33364      0.00000      0.00000
     -2.49801      6.42933      0.00000      0.00000
     -2.48801      8.11196      0.00000      0.00000
     -2.47801      7.41019      0.00000      0.00000
     -2.46801      6.31264      0.00000      0.00000
     -2.45801      5.42393      0.00000      0.00000
     -2.44801      5.78747      0.00000      0.00000
     -2.43801      8.65481      0.00000      0.00000
     -2.42801     11.74789      0.00000      0.00000
     -2.41801     12.67431      0.00000      0.00000
     -2.40801     12.56417      0.00000      0.00000
     -2.39801     13.43759      0.00000      0.00000
     -2.38801     13.44427      0.00000      0.00000
     -2.37801     11.12663      0.00000      0.00000
     -2.36801      8.13540      0.00000      0.00000
     -2.35801      7.24860      0.00000      0.00000
     -2.34801      8.43485      0.00000      0.00000
     -2.33801      8.20152      0.00000      0.00000
     -2.32801      7.94728      0.00000      0.00000
     -2.31801      8.88223      0.00000      0.00000
     -2.30801      9.05841      0.00000      0.00000
     -2.29801      9.04458      0.00000      0.00000
     -2.28801      9.86904      0.00000      0.00000
     -2.27801     10.41325      0.00000      0.00000
     -2.26801      9.48045      0.00000      0.00000
     -2.25801      8.27248      0.00000      0.00000
     -2.24801      7.48620      0.00000      0.00000
     -2.23801      6.89870      0.00000      0.00000
     -2.22801      6.84868      0.00000      0.00000
     -2.21801      7.49765      0.00000      0.00000
     -2.20801      8.60291      0.00000      0.00000
     -2.19801      9.32558      0.00000      0.00000
     -2.18801      8.89429      0.00000      0.00000
     -2.17801      7.55331      0.00000      0.00000
     -2.16801      6.24303      0.00000      0.00000
     -2.15801      5.74138      0.00000      0.00000
     -2.14801      6.63684      0.00000      0.00000
     -2.13801      8.02078      0.00000      0.00000
     -2.12801      8.23178      0.00000      0.00000
     -2.11801      7.32782      0.00000      0.00000
     -2.10801      6.96450      0.00000      0.00000
     -2.09801      6.30875      0.00000      0.00000
     -2.08801      5.46461      0.00000      0.00000
     -2.07801      5.76584      0.00000      0.00000
     -2.06801      5.77023      0.00000      0.00000
     -2.05801      5.29295      0.00000      0.00000
     -2.04801      5.13160      0.00000      0.00000
     -2.03801      5.12247      0.00000      0.00000
     -2.02801      5.56726      0.00000      0.00000
     -2.01801      5.88875      0.00000      0.00000
     -2.00801      5.34105      0.00000      0.00000
     -1.99801      4.42572      0.00000      0.00000
     -1.98801      3.93765      0.00000      0.00000
     -1.97801      4.42549      0.00000      0.00000
     -1.96801      4.41916      0.00000      0.00000
     -1.95801      3.97148      0.00000      0.00000
     -1.94801      4.13345      0.00000      0.00000
     -1.93801      3.97058      0.00000      0.00000
     -1.92801      3.89775      0.00000      0.00000
     -1.91801      5.10427      0.00000      0.00000
     -1.90801      6.57427      0.00000      0.00000
     -1.89801      6.74811      0.00000      0.00000
     -1.88801      6.05660      0.00000      0.00000
     -1.87801      4.81121      0.00000      0.00000
     -1.86801      4.06043      0.00000      0.00000
     -1.85801      4.57724      0.00000      0.00000
     -1.84801      5.03780      0.00000      0.00000
     -1.83801      4.89667      0.00000      0.00000
     -1.82801      5.10972      0.00000      0.00000
     -1.81801      5.50113      0.00000      0.00000
     -1.80801      5.04904      0.00000      0.00000
     -1.79801      4.64417      0.00000      0.00000
     -1.78801      4.99950      0.00000      0.00000
     -1.77801      4.89105      0.00000      0.00000
     -1.76801      4.49131      0.00000      0.00000
     -1.75801      5.18133      0.00000      0.00000
     -1.74801      5.24424      0.00000      0.00000
     -1.73801      4.39422      0.00000      0.00000
     -1.72801      4.11206      0.00000      0.00000
     -1.71801      3.75610      0.00000      0.00000
     -1.70801      3.37824      0.00000      0.00000
     -1.69801      3.90397      0.00000      0.00000
     -1.68801      5.01469      0.00000      0.00000
     -1.67801      5.60571      0.00000      0.00000
     -1.66801      5.35243      0.00000      0.00000
     -1.65801      5.15033      0.00000      0.00000
     -1.64801      4.76673      0.00000      0.00000
     -1.63801      4.99547      0.00000      0.00000
     -1.62801      5.99244      0.00000      0.00000
     -1.61801      5.64600      0.00000      0.00000
     -1.60801      4.73059      0.00000      0.00000
     -1.59801      5.04682      0.00000      0.00000
     -1.58801      5.23130      0.00000      0.00000
     -1.57801      6.02178      0.00000      0.00000
     -1.56801      7.52605      0.00000      0.00000
     -1.55801      7.40466      0.00000      0.00000
     -1.54801      6.05723      0.00000      0.00000
     -1.53801      5.75941      0.00000      0.00000
     -1.52801      6.23003      0.00000      0.00000
     -1.51801      5.74697      0.00000      0.00000
     -1.50801      5.23588      0.00000      0.00000
     -1.49801      4.92158      0.00000      0.00000
     -1.48801      4.48045      0.00000      0.00000
     -1.47801      4.17445      0.00000      0.00000
     -1.46801      3.91644      0.00000      0.00000
     -1.45801      3.59580      0.00000      0.00000
     -1.44801      3.08657      0.00000      0.00000
     -1.43801      2.70114      0.00000      0.00000
     -1.42801      2.02038      0.00000      0.00000
     -1.41801      1.17288      0.00000      0.00000
     -1.40801      0.84462      0.00000      0.00000
     -1.39801      0.96453      0.00000      0.00000
     -1.38801      1.13166      0.00000      0.00000
     -1.37801      1.05021      0.00000      0.00000
     -1.36801      0.53711      0.00000      0.00000
     -1.35801      0.11778      0.00000      0.00000
     -1.34801      0.01012      0.00000      0.00000
     -1.33801      0.00033      0.00000      0.00000
     -1.32801      0.00000      0.00000      0.00000
     -1.31801      0.00000      0.00000      0.00000
     -1.30801      0.00000      0.00000      0.00000
     -1.29801      0.00000      0.00000      0.00000
     -1.28801      0.00000      0.00000      0.00000
     -1.27801      0.00000      0.00000      0.00000
     -1.26801      0.00000      0.00000      0.00000
     -1.25801      0.00000      0.00000      0.00000
     -1.24801      0.00000      0.00000      0.00000
     -1.23801      0.00000      0.00000      0.00000
     -1.22801      0.00000      0.00000      0.00000
     -1.21801      0.00000      0.00000      0.00000
     -1.20801      0.00000      0.00000      0.00000
     -1.19801      0.00000      0.00000      0.00000
     -1.18801      0.00000      0.00000      0.00000
     -1.17801      0.00000      0.00000      0.00000
     -1.16801      0.00000      0.00000      0.00000
     -1.15801      0.00000      0.00000      0.00000
     -1.14801      0.00001      0.00000      0.00000
     -1.13801      0.00040      0.00000      0.00000
     -1.12801      0.01158      0.00000      0.00000
     -1.11801      0.13215      0.00000      0.00000
     -1.10801      0.64163      0.00000      0.00000
     -1.09801      1.51605      0.00000      0.00000
     -1.08801      2.10761      0.00000      0.00000
     -1.07801      2.50538      0.00000      0.00000
     -1.06801      3.14355      0.00000      0.00000
     -1.05801      3.10524      0.00000      0.00000
     -1.04801      2.91372      0.00000      0.00000
     -1.03801      3.10756      0.00000      0.00000
     -1.02801      3.51545      0.00000      0.00000
     -1.01801      3.82392      0.00000      0.00000
     -1.00801      4.17323      0.00000      0.00000
     -0.99801      4.63397      0.00000      0.00000
     -0.98801      4.77330      0.00000      0.00000
     -0.97801      4.90089      0.00000      0.00000
     -0.96801      5.88358      0.00000      0.00000
     -0.95801      7.44316      0.00000      0.00000
     -0.94801      7.78068      0.00000      0.00000
     -0.93801      6.74439      0.00000      0.00000
     -0.92801      6.15672      0.00000      0.00000
     -0.91801      6.01515      0.00000      0.00000
     -0.90801      6.66796      0.00000      0.00000
     -0.89801      7.53654      0.00000      0.00000
     -0.88801      7.45904      0.00000      0.00000
     -0.87801      7.72121      0.00000      0.00000
     -0.86801      8.50892      0.00000      0.00000
     -0.85801      8.58796      0.00000      0.00000
     -0.84801      7.17109      0.00000      0.00000
     -0.83801      5.81498      0.00000      0.00000
     -0.82801      6.06996      0.00000      0.00000
     -0.81801      7.15649      0.00000      0.00000
     -0.80801      7.25272      0.00000      0.00000
     -0.79801      5.80776      0.00000      0.00000
     -0.78801      4.13654      0.00000      0.00000
     -0.77801      4.22646      0.00000      0.00000
     -0.76801      5.10777      0.00000      0.00000
     -0.75801      4.71593      0.00000      0.00000
     -0.74801      4.08401      0.00000      0.00000
     -0.73801      4.51679      0.00000      0.00000
     -0.72801      6.00435      0.00000      0.00000
     -0.71801      7.30953      0.00000      0.00000
     -0.70801      6.00663      0.00000      0.00000
     -0.69801      3.43163      0.00000      0.00000
     -0.68801      2.45061      0.00000      0.00000
     -0.67801      3.35858      0.00000      0.00000
     -0.66801      4.41596      0.00000      0.00000
     -0.65801      4.75721      0.00000      0.00000
     -0.64801      4.02680      0.00000      0.00000
     -0.63801      3.13804      0.00000      0.00000
     -0.62801      3.34965      0.00000      0.00000
     -0.61801      5.04343      0.00000      0.00000
     -0.60801      6.47691      0.00000      0.00000
     -0.59801      5.41589      0.00000      0.00000
     -0.58801      3.56624      0.00000      0.00000
     -0.57801      2.62977      0.00000      0.00000
     -0.56801      2.63655      0.00000      0.00000
     -0.55801      3.36015      0.00000      0.00000
     -0.54801      3.81936      0.00000      0.00000
     -0.53801      3.48432      0.00000      0.00000
     -0.52801      3.08309      0.00000      0.00000
     -0.51801      3.12143      0.00000      0.00000
     -0.50801      3.59071      0.00000      0.00000
     -0.49801      4.24969      0.00000      0.00000
     -0.48801      4.84647      0.00000      0.00000
     -0.47801      4.29349      0.00000      0.00000
     -0.46801      3.07245      0.00000      0.00000
     -0.45801      2.65142      0.00000      0.00000
     -0.44801      2.64567      0.00000      0.00000
     -0.43801      2.72569      0.00000      0.00000
     -0.42801      2.98323      0.00000      0.00000
     -0.41801      3.07811      0.00000      0.00000
     -0.40801      3.13444      0.00000      0.00000
     -0.39801      3.24445      0.00000      0.00000
     -0.38801      3.17823      0.00000      0.00000
     -0.37801      2.70629      0.00000      0.00000
     -0.36801      2.74314      0.00000      0.00000
     -0.35801      3.44090      0.00000      0.00000
     -0.34801      3.71506      0.00000      0.00000
     -0.33801      3.17585      0.00000      0.00000
     -0.32801      2.63116      0.00000      0.00000
     -0.31801      2.47704      0.00000      0.00000
     -0.30801      2.66477      0.00000      0.00000
     -0.29801      2.70140      0.00000      0.00000
     -0.28801      2.64509      0.00000      0.00000
     -0.27801      2.84608      0.00000      0.00000
     -0.26801      2.94367      0.00000      0.00000
     -0.25801      3.00133      0.00000      0.00000
     -0.24801      2.89356      0.00000      0.00000
     -0.23801      2.65073      0.00000      0.00000
     -0.22801      2.80372      0.00000      0.00000
     -0.21801      3.22897      0.00000      0.00000
     -0.20801      3.16567      0.00000      0.00000
     -0.19801      2.77939      0.00000      0.00000
     -0.18801      2.23944      0.00000      0.00000
     -0.17801      1.49637      0.00000      0.00000
     -0.16801      1.06535      0.00000      0.00000
     -0.15801      0.87930      0.00000      0.00000
     -0.14801      0.54689      0.00000      0.00000
     -0.13801      0.35160      0.00000      0.00000
     -0.12801      0.41145      0.00000      0.00000
     -0.11801      0.56955      0.00000      0.00000
     -0.10801      0.80821      0.00000      0.00000
     -0.09801      0.71978      0.00000      0.00000
     -0.08801      0.35728      0.00000      0.00000
     -0.07801      0.19891      0.00000      0.00000
     -0.06801      0.34536      0.00000      0.00000
     -0.05801      0.45532      0.00000      0.00000
     -0.04801      0.41300      0.00000      0.00000
     -0.03801      0.44591      0.00000      0.00000
     -0.02801      0.47038      0.00000      0.00000
     -0.01801      0.38786      0.00000      0.00000
     -0.00801      0.26098      0.00000      0.00000
      0.00199      0.15422      0.00000      0.00000
      0.01199      0.05025      0.00000      0.00000
      0.02199      0.00657      0.00000      0.00000
      0.03199      0.00032      0.00000      0.00000
      0.04199      0.00001      0.00000      0.00000
      0.05199      0.00000      0.00000      0.00000
      0.06199      0.00000      0.00000      0.00000
      0.07199      0.00000      0.00000      0.00000
      0.08199      0.00000      0.00000      0.00000
      0.09199      0.00000      0.00000      0.00000
      0.10199      0.00000      0.00000      0.00000
      0.11199      0.00000      0.00000      0.00000
      0.12199      0.00000      0.00000      0.00000
      0.13199      0.00000      0.00000      0.00000
      0.14199      0.00000      0.00000      0.00000
      0.15199      0.00000      0.00000      0.00000
      0.16199      0.00000      0.00000      0.00000
      0.17199      0.00000      0.00000      0.00000
      0.18199      0.00000      0.00000      0.00000
      0.19199      0.00000      0.00000      0.00000
      0.20199      0.00000      0.00000      0.00000
      0.21199      0.00000      0.00000      0.00000
      0.22199      0.00000      0.00000      0.00000
      0.23199      0.00000      0.00000      0.00000
      0.24199      0.00000      0.00000      0.00000
      0.25199      0.00000      0.00000      0.00000
      0.26199      0.00000      0.00000      0.00000
      0.27199      0.00000      0.00000      0.00000
      0.28199      0.00000      0.00000      0.00000
      0.29199      0.00000      0.00000      0.00000
      0.30199      0.00000      0.00000      0.00000
      0.31199      0.00000      0.00000      0.00000
      0.32199      0.00000      0.00000      0.00000
      0.33199      0.00000      0.00000      0.00000
      0.34199      0.00000      0.00000      0.00000
      0.35199      0.00000      0.00000      0.00000
      0.36199      0.00000      0.00000      0.00000
      0.37199      0.00000      0.00000      0.00000
      0.38199      0.00000      0.00000      0.00000
      0.39199      0.00000      0.00000      0.00000
      0.40199      0.00000      0.00000      0.00000
      0.41199      0.00000      0.00000      0.00000
      0.42199      0.00000      0.00000      0.00000
      0.43199      0.00000      0.00000      0.00000
      0.44199      0.00000      0.00000      0.00000
      0.45199      0.00000      0.00000      0.00000
      0.46199      0.00000      0.00000      0.00000
      0.47199      0.00000      0.00000      0.00000
      0.48199      0.00000      0.00000      0.00000
      0.49199      0.00000      0.00000      0.00000
      0.50199      0.00000      0.00000      0.00000
      0.51199      0.00000      0.00000      0.00000
      0.52199      0.00000      0.00000      0.00000
      0.53199      0.00000      0.00000      0.00000
      0.54199      0.00000      0.00000      0.00000
      0.55199      0.00000      0.00000      0.00000
      0.56199      0.00000      0.00000      0.00000
      0.57199      0.00000      0.00000      0.00000
      0.58199      0.00000      0.00000      0.00000
      0.59199      0.00000      0.00000      0.00000
      0.60199      0.00000      0.00000      0.00000
      0.61199      0.00000      0.00000      0.00000
      0.62199      0.00000      0.00000      0.00000
      0.63199      0.00000      0.00000      0.00000
      0.64199      0.00000      0.00000      0.00000
      0.65199      0.00000      0.00000      0.00000
      0.66199      0.00000      0.00000      0.00000
      0.67199      0.00000      0.00000      0.00000
      0.68199      0.00000      0.00000      0.00000
      0.69199      0.00000      0.00000      0.00000
      0.70199      0.00000      0.00000      0.00000
      0.71199      0.00000      0.00000      0.00000
      0.72199      0.00000      0.00000      0.00000
      0.73199      0.00000      0.00000      0.00000
      0.74199      0.00000      0.00000      0.00000
      0.75199      0.00000      0.00000      0.00000
      0.76199      0.00000      0.00000      0.00000
      0.77199      0.00000      0.00000      0.00000
      0.78199      0.00000      0.00000      0.00000
      0.79199      0.00000      0.00000      0.00000
      0.80199      0.00000      0.00000      0.00000
      0.81199      0.00000      0.00000      0.00000
      0.82199      0.00000      0.00000      0.00000
      0.83199      0.00000      0.00000      0.00000
      0.84199      0.00000      0.00000      0.00000
      0.85199      0.00000      0.00000      0.00000
      0.86199      0.00000      0.00000      0.00000
      0.87199      0.00000      0.00000      0.00000
      0.88199      0.00000      0.00000      0.00000
      0.89199      0.00000      0.00000      0.00000
      0.90199      0.00000      0.00000      0.00000
      0.91199      0.00000      0.00000      0.00000
      0.92199      0.00000      0.00000      0.00000
      0.93199      0.00000      0.00000      0.00000
      0.94199      0.00000      0.00000      0.00000
      0.95199      0.00000      0.00000      0.00000
      0.96199      0.00000      0.00000      0.00000
      0.97199      0.00000      0.00000      0.00000
      0.98199      0.00000      0.00000      0.00000
      0.99199      0.00000      0.00000      0.00000
      1.00199      0.00000      0.00000      0.00000
      1.01199      0.00000      0.00000      0.00000
      1.02199      0.00000      0.00000      0.00000
      1.03199      0.00000      0.00000      0.00000
      1.04199      0.00000      0.00000      0.00000
      1.05199      0.00000      0.00000      0.00000
      1.06199      0.00000      0.00000      0.00000
      1.07199      0.00000      0.00000      0.00000
      1.08199      0.00000      0.00000      0.00000
      1.09199      0.00000      0.00000      0.00000
      1.10199      0.00000      0.00000      0.00000
      1.11199      0.00000      0.00000      0.00000
      1.12199      0.00000      0.00000      0.00000
      1.13199      0.00000      0.00000      0.00000
      1.14199      0.00000      0.00000      0.00000
      1.15199      0.00000      0.00000      0.00000
      1.16199      0.00000      0.00000      0.00000
      1.17199      0.00000      0.00000      0.00000
      1.18199      0.00000      0.00000      0.00000
      1.19199      0.00000      0.00000      0.00000
      1.20199      0.00000      0.00000      0.00000
      1.21199      0.00000      0.00000      0.00000
      1.22199      0.00000      0.00000      0.00000
      1.23199      0.00000      0.00000      0.00000
      1.24199      0.00000      0.00000      0.00000
      1.25199      0.00000      0.00000      0.00000
      1.26199      0.00000      0.00000      0.00000
      1.27199      0.00000      0.00000      0.00000
      1.28199      0.00000      0.00000      0.00000
      1.29199      0.00000      0.00000      0.00000
      1.30199      0.00000      0.00000      0.00000
      1.31199      0.00000      0.00000      0.00000
      1.32199      0.00000      0.00000      0.00000
      1.33199      0.00000      0.00000      0.00000
      1.34199      0.00000      0.00000      0.00000
      1.35199      0.00000      0.00000      0.00000
      1.36199      0.00000      0.00000      0.00000
      1.37199      0.00000      0.00000      0.00000
      1.38199      0.00000      0.00000      0.00000
      1.39199      0.00000      0.00000      0.00000
      1.40199      0.00000      0.00000      0.00000
      1.41199      0.00000      0.00000      0.00000
      1.42199      0.00000      0.00000      0.00000
      1.43199      0.00000      0.00000      0.00000
      1.44199      0.00000      0.00000      0.00000
      1.45199      0.00000      0.00000      0.00000
      1.46199      0.00000      0.00000      0.00000
      1.47199      0.00000      0.00000      0.00000
      1.48199      0.00000      0.00000      0.00000
      1.49199      0.00000      0.00000      0.00000
      1.50199      0.00000      0.00000      0.00000
      1.51199      0.00000      0.00000      0.00000
      1.52199      0.00000      0.00000      0.00000
      1.53199      0.00000      0.00000      0.00000
      1.54199      0.00000      0.00000      0.00000
      1.55199      0.00000      0.00000      0.00000
      1.56199      0.00000      0.00000      0.00000
      1.57199      0.00000      0.00000      0.00000
      1.58199      0.00000      0.00000      0.00000
      1.59199      0.00000      0.00000      0.00000
      1.60199      0.00000      0.00000      0.00000
      1.61199      0.00000      0.00000      0.00000
      1.62199      0.00000      0.00000      0.00000
      1.63199      0.00000      0.00000      0.00000
      1.64199      0.00000      0.00000      0.00000
      1.65199      0.00000      0.00000      0.00000
      1.66199      0.00000      0.00000      0.00000
      1.67199      0.00000      0.00000      0.00000
      1.68199      0.00000      0.00000      0.00000
      1.69199      0.00000      0.00000      0.00000
      1.70199      0.00000      0.00000      0.00000
      1.71199      0.00000      0.00000      0.00000
      1.72199      0.00000      0.00000      0.00000
      1.73199      0.00000      0.00000      0.00000
      1.74199      0.00000      0.00000      0.00000
      1.75199      0.00000      0.00000      0.00000
      1.76199      0.00000      0.00000      0.00000
      1.77199      0.00000      0.00000      0.00000
      1.78199      0.00000      0.00000      0.00000
      1.79199      0.00000      0.00000      0.00000
      1.80199      0.00000      0.00000      0.00000
      1.81199      0.00000      0.00000      0.00000
      1.82199      0.00000      0.00000      0.00000
      1.83199      0.00000      0.00000      0.00000
      1.84199      0.00000      0.00000      0.00000
      1.85199      0.00000      0.00000      0.00000
      1.86199      0.00000      0.00000      0.00000
      1.87199      0.00000      0.00000      0.00000
      1.88199      0.00000      0.00000      0.00000
      1.89199      0.00000      0.00000      0.00000
      1.90199      0.00000      0.00000      0.00000
      1.91199      0.00000      0.00000      0.00000
      1.92199      0.00000      0.00000      0.00000
      1.93199      0.00000      0.00000      0.00000
      1.94199      0.00000      0.00000      0.00000
      1.95199      0.00000      0.00000      0.00000
      1.96199      0.00000      0.00000      0.00000
      1.97199      0.00000      0.00000      0.00000
      1.98199      0.00000      0.00000      0.00000
      1.99199      0.00000      0.00000      0.00000
      2.00199      0.00000      0.00000      0.00000
      2.01199      0.00000      0.00000      0.00000
      2.02199      0.00000      0.00000      0.00000
      2.03199      0.00000      0.00000      0.00000
      2.04199      0.00000      0.00000      0.00000
      2.05199      0.00000      0.00000      0.00000
      2.06199      0.00000      0.00000      0.00000
      2.07199      0.00000      0.00000      0.00000
      2.08199      0.00000      0.00000      0.00000
      2.09199      0.00000      0.00000      0.00000
      2.10199      0.00000      0.00000      0.00000
      2.11199      0.00000      0.00000      0.00000
      2.12199      0.00000      0.00000      0.00000
      2.13199      0.00000      0.00000      0.00000
      2.14199      0.00000      0.00000      0.00000
      2.15199      0.00000      0.00000      0.00000
      2.16199      0.00000      0.00000      0.00000
      2.17199      0.00000      0.00000      0.00000
      2.18199      0.00000      0.00000      0.00000
      2.19199      0.00000      0.00000      0.00000
      2.20199      0.00000      0.00000      0.00000
      2.21199      0.00000      0.00000      0.00000
      2.22199      0.00000      0.00000      0.00000
      2.23199      0.00000      0.00000      0.00000
      2.24199      0.00000      0.00000      0.00000
      2.25199      0.00000      0.00000      0.00000
      2.26199      0.00000      0.00000      0.00000
      2.27199      0.00005      0.00000      0.00000
      2.28199      0.00186      0.00000      0.00000
      2.29199      0.02668      0.00000      0.00000
      2.30199      0.14882      0.00000      0.00000
      2.31199      0.36606      0.00000      0.00000
      2.32199      0.58788      0.00000      0.00000
      2.33199      0.82626      0.00000      0.00000
      2.34199      0.91971      0.00000      0.00000
      2.35199      0.88954      0.00000      0.00000
      2.36199      0.86444      0.00000      0.00000
      2.37199      0.83321      0.00000      0.00000
      2.38199      0.63583      0.00000      0.00000
      2.39199      0.62293      0.00000      0.00000
      2.40199      0.95372      0.00000      0.00000
      2.41199      1.26000      0.00000      0.00000
      2.42199      1.29014      0.00000      0.00000
      2.43199      1.13346      0.00000      0.00000
      2.44199      0.95000      0.00000      0.00000
      2.45199      0.86898      0.00000      0.00000
      2.46199      0.96321      0.00000      0.00000
      2.47199      1.22632      0.00000      0.00000
      2.48199      1.91047      0.00000      0.00000
      2.49199      2.73086      0.00000      0.00000
      2.50199      3.17303      0.00000      0.00000
      2.51199      3.23213      0.00000      0.00000
      2.52199      3.33960      0.00000      0.00000
      2.53199      4.03828      0.00000      0.00000
      2.54199      4.58532      0.00000      0.00000
      2.55199      4.58575      0.00000      0.00000
      2.56199      4.92884      0.00000      0.00000
      2.57199      5.51652      0.00000      0.00000
      2.58199      5.38202      0.00000      0.00000
      2.59199      5.84745      0.00000      0.00000
      2.60199      7.42344      0.00000      0.00000
      2.61199      7.81735      0.00000      0.00000
      2.62199      7.01652      0.00000      0.00000
      2.63199      6.88261      0.00000      0.00000
      2.64199      7.35476      0.00000      0.00000
      2.65199      7.68217      0.00000      0.00000
      2.66199      7.99051      0.00000      0.00000
      2.67199      8.40193      0.00000      0.00000
      2.68199      9.01807      0.00000      0.00000
      2.69199      9.90382      0.00000      0.00000
      2.70199     10.74853      0.00000      0.00000
      2.71199     12.29758      0.00000      0.00000
      2.72199     14.27275      0.00000      0.00000
      2.73199     14.62458      0.00000      0.00000
      2.74199     14.03767      0.00000      0.00000
      2.75199     13.28721      0.00000      0.00000
      2.76199     12.32694      0.00000      0.00000
      2.77199     11.82487      0.00000      0.00000
      2.78199     12.45352      0.00000      0.00000
      2.79199     13.72426      0.00000      0.00000
      2.80199     15.46192      0.00000      0.00000
      2.81199     15.18593      0.00000      0.00000
      2.82199     13.17603      0.00000      0.00000
      2.83199     11.42846      0.00000      0.00000
      2.84199     10.16472      0.00000      0.00000
      2.85199      8.82642      0.00000      0.00000
      2.86199      7.70540      0.00000      0.00000
      2.87199      6.06021      0.00000      0.00000
      2.88199      3.77823      0.00000      0.00000
      2.89199      3.13376      0.00000      0.00000
      2.90199      3.33672      0.00000      0.00000
      2.91199      3.38762      0.00000      0.00000
      2.92199      4.17551      0.00000      0.00000
      2.93199      4.68214      0.00000      0.00000
      2.94199      4.21173      0.00000      0.00000
      2.95199      4.09400      0.00000      0.00000
      2.96199      4.89827      0.00000      0.00000
      2.97199      5.94514      0.00000      0.00000
      2.98199      6.26666      0.00000      0.00000
      2.99199      6.32565      0.00000      0.00000
      3.00199      7.60246      0.00000      0.00000
      3.01199      9.53534      0.00000      0.00000
      3.02199     10.23891      0.00000      0.00000
      3.03199     10.52333      0.00000      0.00000
      3.04199     11.61649      0.00000      0.00000
      3.05199     11.45247      0.00000      0.00000
      3.06199      9.87513      0.00000      0.00000
      3.07199      9.09394      0.00000      0.00000
      3.08199      8.77727      0.00000      0.00000
      3.09199      8.11455      0.00000      0.00000
      3.10199      7.60816      0.00000      0.00000
      3.11199      7.41551      0.00000      0.00000
      3.12199      7.12336      0.00000      0.00000
      3.13199      8.01617      0.00000      0.00000
      3.14199      8.89434      0.00000      0.00000
      3.15199      7.95399      0.00000      0.00000
      3.16199      7.63125      0.00000      0.00000
      3.17199      8.44598      0.00000      0.00000
      3.18199      8.46728      0.00000      0.00000
      3.19199      8.22062      0.00000      0.00000
      3.20199      8.71663      0.00000      0.00000
      3.21199      8.37084      0.00000      0.00000
      3.22199      7.68938      0.00000      0.00000
      3.23199      9.19686      0.00000      0.00000
      3.24199     10.54122      0.00000      0.00000
      3.25199     10.52493      0.00000      0.00000
      3.26199     10.37389      0.00000      0.00000
      3.27199     11.19346      0.00000      0.00000
      3.28199     12.55127      0.00000      0.00000
      3.29199     12.09426      0.00000      0.00000
      3.30199     10.95352      0.00000      0.00000
      3.31199     10.00738      0.00000      0.00000
      3.32199      8.72875      0.00000      0.00000
      3.33199      8.20662      0.00000      0.00000
      3.34199      8.96845      0.00000      0.00000
      3.35199      8.52435      0.00000      0.00000
      3.36199      7.04660      0.00000      0.00000
      3.37199      6.28710      0.00000      0.00000
      3.38199      6.74681      0.00000      0.00000
      3.39199      8.03841      0.00000      0.00000
      3.40199      8.38071      0.00000      0.00000
      3.41199      7.38162      0.00000      0.00000
      3.42199      6.01166      0.00000      0.00000
      3.43199      5.39362      0.00000      0.00000
      3.44199      4.93330      0.00000      0.00000
      3.45199      4.73456      0.00000      0.00000
      3.46199      5.72116      0.00000      0.00000
      3.47199      6.61192      0.00000      0.00000
      3.48199      6.16448      0.00000      0.00000
      3.49199      5.03056      0.00000      0.00000
      3.50199      4.34725      0.00000      0.00000
      3.51199      4.11800      0.00000      0.00000
      3.52199      3.94417      0.00000      0.00000
      3.53199      3.80168      0.00000      0.00000
      3.54199      4.13494      0.00000      0.00000
      3.55199      5.35236      0.00000      0.00000
      3.56199      6.93422      0.00000      0.00000
      3.57199      6.53280      0.00000      0.00000
      3.58199      4.95797      0.00000      0.00000
      3.59199      4.03694      0.00000      0.00000
      3.60199      3.65601      0.00000      0.00000
      3.61199      3.82583      0.00000      0.00000
      3.62199      4.29331      0.00000      0.00000
      3.63199      4.04080      0.00000      0.00000
      3.64199      3.79827      0.00000      0.00000
      3.65199      4.33852      0.00000      0.00000
      3.66199      4.44389      0.00000      0.00000
      3.67199      3.68247      0.00000      0.00000
      3.68199      3.06961      0.00000      0.00000
      3.69199      3.25454      0.00000      0.00000
      3.70199      3.82664      0.00000      0.00000
      3.71199      4.52506      0.00000      0.00000
      3.72199      5.61984      0.00000      0.00000
      3.73199      7.39576      0.00000      0.00000
      3.74199      9.00869      0.00000      0.00000
      3.75199      8.34980      0.00000      0.00000
      3.76199      6.11880      0.00000      0.00000
      3.77199      6.03198      0.00000      0.00000
      3.78199      7.84559      0.00000      0.00000
      3.79199      8.32341      0.00000      0.00000
      3.80199      6.42621      0.00000      0.00000
      3.81199      5.11839      0.00000      0.00000
      3.82199      5.50531      0.00000      0.00000
      3.83199      6.05593      0.00000      0.00000
      3.84199      5.73300      0.00000      0.00000
      3.85199      4.97144      0.00000      0.00000
      3.86199      4.83907      0.00000      0.00000
      3.87199      5.09645      0.00000      0.00000
      3.88199      5.20528      0.00000      0.00000
      3.89199      5.41324      0.00000      0.00000
      3.90199      5.96175      0.00000      0.00000
      3.91199      6.29463      0.00000      0.00000
      3.92199      5.40523      0.00000      0.00000
      3.93199      4.73835      0.00000      0.00000
      3.94199      4.68704      0.00000      0.00000
      3.95199      4.43225      0.00000      0.00000
      3.96199      4.71788      0.00000      0.00000
      3.97199      5.39692      0.00000      0.00000
      3.98199      4.85996      0.00000      0.00000
      3.99199      3.50524      0.00000      0.00000
      4.00199      3.32231      0.00000      0.00000
      4.01199      3.55553      0.00000      0.00000
      4.02199      3.74992      0.00000      0.00000
      4.03199      4.38457      0.00000      0.00000
      4.04199      4.24937      0.00000      0.00000
      4.05199      3.43941      0.00000      0.00000
      4.06199      2.93352      0.00000      0.00000
      4.07199      3.12909      0.00000      0.00000
      4.08199      2.96707      0.00000      0.00000
      4.09199      2.52081      0.00000      0.00000
      4.10199      2.88938      0.00000      0.00000
      4.11199      4.00962      0.00000      0.00000
      4.12199      4.65261      0.00000      0.00000
      4.13199      4.25363      0.00000      0.00000
      4.14199      4.01944      0.00000      0.00000
      4.15199      3.85145      0.00000      0.00000
      4.16199      2.76411      0.00000      0.00000
      4.17199      1.64295      0.00000      0.00000
      4.18199      1.65269      0.00000      0.00000
      4.19199      2.87663      0.00000      0.00000
      4.20199      3.99066      0.00000      0.00000
      4.21199      3.21357      0.00000      0.00000
      4.22199      2.09791      0.00000      0.00000
      4.23199      2.47472      0.00000      0.00000
      4.24199      3.29598      0.00000      0.00000
      4.25199      2.43342      0.00000      0.00000
      4.26199      1.45524      0.00000      0.00000
      4.27199      2.20268      0.00000      0.00000
      4.28199      3.58660      0.00000      0.00000
      4.29199      3.49839      0.00000      0.00000
      4.30199      2.47574      0.00000      0.00000
      4.31199      2.60214      0.00000      0.00000
      4.32199      3.67165      0.00000      0.00000
      4.33199      3.70952      0.00000      0.00000
      4.34199      2.78120      0.00000      0.00000
      4.35199      2.47921      0.00000      0.00000
      4.36199      2.89043      0.00000      0.00000
      4.37199      2.80481      0.00000      0.00000
      4.38199      2.25177      0.00000      0.00000
      4.39199      2.22727      0.00000      0.00000
      4.40199      2.59423      0.00000      0.00000
      4.41199      2.87129      0.00000      0.00000
      4.42199      2.82046      0.00000      0.00000
      4.43199      2.76059      0.00000      0.00000
      4.44199      2.84621      0.00000      0.00000
      4.45199      2.64116      0.00000      0.00000
      4.46199      2.41970      0.00000      0.00000
      4.47199      2.52780      0.00000      0.00000
      4.48199      2.75746      0.00000      0.00000
      4.49199      3.18643      0.00000      0.00000
      4.50199      3.62745      0.00000      0.00000
      4.51199      3.68893      0.00000      0.00000
      4.52199      3.35359      0.00000      0.00000
      4.53199      3.06801      0.00000      0.00000
      4.54199      3.01126      0.00000      0.00000
      4.55199      3.19117      0.00000      0.00000
      4.56199      3.38429      0.00000      0.00000
      4.57199      3.27716      0.00000      0.00000
      4.58199      3.00568      0.00000      0.00000
      4.59199      2.87161      0.00000      0.00000
      4.60199      3.19472      0.00000      0.00000
      4.61199      3.88598      0.00000      0.00000
      4.62199      4.49857      0.00000      0.00000
      4.63199      4.26067      0.00000      0.00000
      4.64199      3.63414      0.00000      0.00000
      4.65199      3.49805      0.00000      0.00000
      4.66199      3.28016      0.00000      0.00000
      4.67199      2.72012      0.00000      0.00000
      4.68199      2.18151      0.00000      0.00000
      4.69199      2.04327      0.00000      0.00000
      4.70199      2.24693      0.00000      0.00000
      4.71199      2.09814      0.00000      0.00000
      4.72199      1.96365      0.00000      0.00000
      4.73199      2.18326      0.00000      0.00000
      4.74199      2.34994      0.00000      0.00000
      4.75199      2.24308      0.00000      0.00000
      4.76199      2.03756      0.00000      0.00000
      4.77199      2.25430      0.00000      0.00000
      4.78199      2.37191      0.00000      0.00000
      4.79199      2.30798      0.00000      0.00000
      4.80199      2.77502      0.00000      0.00000
      4.81199      3.72117      0.00000      0.00000
      4.82199      4.00784      0.00000      0.00000
      4.83199      3.82073      0.00000      0.00000
      4.84199      4.00930      0.00000      0.00000
      4.85199      4.27140      0.00000      0.00000
      4.86199      4.54501      0.00000      0.00000
      4.87199      5.42621      0.00000      0.00000
      4.88199      6.30553      0.00000      0.00000
      4.89199      7.04559      0.00000      0.00000
      4.90199      8.22260      0.00000      0.00000
      4.91199      9.03689      0.00000      0.00000
      4.92199      9.45652      0.00000      0.00000
      4.93199      9.59363      0.00000      0.00000
      4.94199      8.43628      0.00000      0.00000
      4.95199      7.31153      0.00000      0.00000
      4.96199      7.04662      0.00000      0.00000
      4.97199      6.76284      0.00000      0.00000
      4.98199      5.65023      0.00000      0.00000
      4.99199      4.74742      0.00000      0.00000
      5.00199      4.52677      0.00000      0.00000
      5.01199      4.02074      0.00000      0.00000
      5.02199      3.21627      0.00000      0.00000
      5.03199      3.22790      0.00000      0.00000
      5.04199      3.89703      0.00000      0.00000
      5.05199      3.99759      0.00000      0.00000
      5.06199      3.73570      0.00000      0.00000
      5.07199      3.97176      0.00000      0.00000
      5.08199      4.15920      0.00000      0.00000
      5.09199      3.46752      0.00000      0.00000
      5.10199      2.46253      0.00000      0.00000
      5.11199      2.07357      0.00000      0.00000
      5.12199      2.55327      0.00000      0.00000
      5.13199      3.24690      0.00000      0.00000
      5.14199      3.91876      0.00000      0.00000
      5.15199      3.79806      0.00000      0.00000
      5.16199      2.99928      0.00000      0.00000
      5.17199      2.29076      0.00000      0.00000
      5.18199      2.28939      0.00000      0.00000
      5.19199      3.16070      0.00000      0.00000
      5.20199      3.85695      0.00000      0.00000
      5.21199      3.35660      0.00000      0.00000
      5.22199      2.33660      0.00000      0.00000
      5.23199      1.68161      0.00000      0.00000
      5.24199      1.60455      0.00000      0.00000
      5.25199      1.85731      0.00000      0.00000
      5.26199      2.61432      0.00000      0.00000
      5.27199      3.27645      0.00000      0.00000
      5.28199      2.79179      0.00000      0.00000
      5.29199      2.05339      0.00000      0.00000
      5.30199      1.73964      0.00000      0.00000
      5.31199      1.46926      0.00000      0.00000
      5.32199      1.59332      0.00000      0.00000
      5.33199      2.16968      0.00000      0.00000
      5.34199      2.78065      0.00000      0.00000
      5.35199      2.32956      0.00000      0.00000
      5.36199      1.33556      0.00000      0.00000
      5.37199      1.18032      0.00000      0.00000
      5.38199      1.61085      0.00000      0.00000
      5.39199      2.05364      0.00000      0.00000
      5.40199      2.12192      0.00000      0.00000
      5.41199      1.68433      0.00000      0.00000
      5.42199      1.22281      0.00000      0.00000
      5.43199      1.27583      0.00000      0.00000
      5.44199      1.21969      0.00000      0.00000
      5.45199      1.28537      0.00000      0.00000
      5.46199      1.65973      0.00000      0.00000
      5.47199      1.89159      0.00000      0.00000
      5.48199      1.84441      0.00000      0.00000
      5.49199      1.39976      0.00000      0.00000
      5.50199      1.23820      0.00000      0.00000
      5.51199      1.29476      0.00000      0.00000
      5.52199      1.07495      0.00000      0.00000
      5.53199      1.07950      0.00000      0.00000
      5.54199      1.33788      0.00000      0.00000
      5.55199      1.32279      0.00000      0.00000
      5.56199      1.33365      0.00000      0.00000
      5.57199      1.26361      0.00000      0.00000
      5.58199      1.20524      0.00000      0.00000
      5.59199      1.08910      0.00000      0.00000
      5.60199      0.73645      0.00000      0.00000
      5.61199      0.54464      0.00000      0.00000
      5.62199      0.57402      0.00000      0.00000
      5.63199      0.58239      0.00000      0.00000
      5.64199      0.52347      0.00000      0.00000
      5.65199      0.58421      0.00000      0.00000
      5.66199      0.60554      0.00000      0.00000
      5.67199      0.54010      0.00000      0.00000
      5.68199      0.41790      0.00000      0.00000
      5.69199      0.22632      0.00000      0.00000
      5.70199      0.06885      0.00000      0.00000
      5.71199      0.00944      0.00000      0.00000
      5.72199      0.00051      0.00000      0.00000
      5.73199      0.00001      0.00000      0.00000
      5.74199      0.00000      0.00000      0.00000
      5.75199      0.00000      0.00000      0.00000
      5.76199      0.00000      0.00000      0.00000
      5.77199      0.00000      0.00000      0.00000
      5.78199      0.00000      0.00000      0.00000
      5.79199      0.00000      0.00000      0.00000
      5.80199      0.00000      0.00000      0.00000
      5.81199      0.00000      0.00000      0.00000
      5.82199      0.00000      0.00000      0.00000
      5.83199      0.00000      0.00000      0.00000
      5.84199      0.00000      0.00000      0.00000
      5.85199      0.00000      0.00000      0.00000
      5.86199      0.00000      0.00000      0.00000
      5.87199      0.00000      0.00000      0.00000
      5.88199      0.00000      0.00000      0.00000
      5.89199      0.00000      0.00000      0.00000
      5.90199      0.00000      0.00000      0.00000
      5.91199      0.00000      0.00000      0.00000
      5.92199      0.00000      0.00000      0.00000
      5.93199      0.00000      0.00000      0.00000
      5.94199      0.00000      0.00000      0.00000
      5.95199      0.00000      0.00000      0.00000
      5.96199      0.00000      0.00000      0.00000
      5.97199      0.00000      0.00000      0.00000
      5.98199      0.00000      0.00000      0.00000
      5.99199      0.00000      0.00000      0.00000
      6.00199      0.00000      0.00000      0.00000
      6.01199      0.00000      0.00000      0.00000
      6.02199      0.00000      0.00000      0.00000
      6.03199      0.00000      0.00000      0.00000
      6.04199      0.00000      0.00000      0.00000
      6.05199      0.00000      0.00000      0.00000
      6.06199      0.00000      0.00000      0.00000
      6.07199      0.00000      0.00000      0.00000
      6.08199      0.00000      0.00000      0.00000
      6.09199      0.00000      0.00000      0.00000
      6.10199      0.00000      0.00000      0.00000
      6.11199      0.00000      0.00000      0.00000
      6.12199      0.00000      0.00000      0.00000
      6.13199      0.00000      0.00000      0.00000
      6.14199      0.00000      0.00000      0.00000
      6.15199      0.00000      0.00000      0.00000
      6.16199      0.00000      0.00000      0.00000
      6.17199      0.00000      0.00000      0.00000
      6.18199      0.00000      0.00000      0.00000
      6.19199      0.00000      0.00000      0.00000
      6.20199      0.00000      0.00000      0.00000
      6.21199      0.00000      0.00000      0.00000
      6.22199      0.00000      0.00000      0.00000
      6.23199      0.00000      0.00000      0.00000
      6.24199      0.00000      0.00000      0.00000
      6.25199      0.00000      0.00000      0.00000
      6.26199      0.00000      0.00000      0.00000
      6.27199      0.00000      0.00000      0.00000
      6.28199      0.00000      0.00000      0.00000
      6.29199      0.00000      0.00000      0.00000
      6.30199      0.00000      0.00000      0.00000
      6.31199      0.00000      0.00000      0.00000
      6.32199      0.00000      0.00000      0.00000
      6.33199      0.00000      0.00000      0.00000
      6.34199      0.00000      0.00000      0.00000
      6.35199      0.00000      0.00000      0.00000
      6.36199      0.00000      0.00000      0.00000
      6.37199      0.00000      0.00000      0.00000
      6.38199      0.00000      0.00000      0.00000
      6.39199      0.00000      0.00000      0.00000
      6.40199      0.00000      0.00000      0.00000
      6.41199      0.00000      0.00000      0.00000
      6.42199      0.00000      0.00000      0.00000
      6.43199      0.00000      0.00000      0.00000
      6.44199      0.00000      0.00000      0.00000
      6.45199      0.00000      0.00000      0.00000
      6.46199      0.00000      0.00000      0.00000
      6.47199      0.00000      0.00000      0.00000
      6.48199      0.00000      0.00000      0.00000
      6.49199      0.00000      0.00000      0.00000
      6.50199      0.00000      0.00000      0.00000
      6.51199      0.00000      0.00000      0.00000
      6.52199      0.00000      0.00000      0.00000
      6.53199      0.00000      0.00000      0.00000
      6.54199      0.00000      0.00000      0.00000
      6.55199      0.00000      0.00000      0.00000
      6.56199      0.00000      0.00000      0.00000
      6.57199      0.00000      0.00000      0.00000
      6.58199      0.00000      0.00000      0.00000
      6.59199      0.00000      0.00000      0.00000
      6.60199      0.00000      0.00000      0.00000
      6.61199      0.00000      0.00000      0.00000
      6.62199      0.00000      0.00000      0.00000
      6.63199      0.00000      0.00000      0.00000
      6.64199      0.00000      0.00000      0.00000
      6.65199      0.00000      0.00000      0.00000
      6.66199      0.00000      0.00000      0.00000
      6.67199      0.00000      0.00000      0.00000
      6.68199      0.00000      0.00000      0.00000
      6.69199      0.00000      0.00000      0.00000
      6.70199      0.00000      0.00000      0.00000
      6.71199      0.00000      0.00000      0.00000
      6.72199      0.00000      0.00000      0.00000
      6.73199      0.00000      0.00000      0.00000
      6.74199      0.00000      0.00000      0.00000
      6.75199      0.00000      0.00000      0.00000
      6.76199      0.00000      0.00000      0.00000
      6.77199      0.00000      0.00000      0.00000
      6.78199      0.00000      0.00000      0.00000
      6.79199      0.00000      0.00000      0.00000
      6.80199      0.00000      0.00000      0.00000
      6.81199      0.00000      0.00000      0.00000
      6.82199      0.00000      0.00000      0.00000
      6.83199      0.00000      0.00000      0.00000
      6.84199      0.00000      0.00000      0.00000
      6.85199      0.00000      0.00000      0.00000
      6.86199      0.00000      0.00000      0.00000
      6.87199      0.00000      0.00000      0.00000
      6.88199      0.00000      0.00000      0.00000
      6.89199      0.00000      0.00000      0.00000
      6.90199      0.00000      0.00000      0.00000
      6.91199      0.00000      0.00000      0.00000
      6.92199      0.00000      0.00000      0.00000
      6.93199      0.00000      0.00000      0.00000
      6.94199      0.00000      0.00000      0.00000
      6.95199      0.00000      0.00000      0.00000
      6.96199      0.00000      0.00000      0.00000
      6.97199      0.00000      0.00000      0.00000
      6.98199      0.00000      0.00000      0.00000
      6.99199      0.00000      0.00000      0.00000
      7.00199      0.00000      0.00000      0.00000
      7.01199      0.00000      0.00000      0.00000
      7.02199      0.00000      0.00000      0.00000
      7.03199      0.00000      0.00000      0.00000
      7.04199      0.00000      0.00000      0.00000
      7.05199      0.00000      0.00000      0.00000
      7.06199      0.00000      0.00000      0.00000
      7.07199      0.00000      0.00000      0.00000
      7.08199      0.00000      0.00000      0.00000
      7.09199      0.00000      0.00000      0.00000
      7.10199      0.00000      0.00000      0.00000
      7.11199      0.00000      0.00000      0.00000
      7.12199      0.00000      0.00000      0.00000
      7.13199      0.00000      0.00000      0.00000
      7.14199      0.00000      0.00000      0.00000
      7.15199      0.00000      0.00000      0.00000
      7.16199      0.00000      0.00000      0.00000
      7.17199      0.00000      0.00000      0.00000
      7.18199      0.00000      0.00000      0.00000
      7.19199      0.00000      0.00000      0.00000
      7.20199      0.00000      0.00000      0.00000
      7.21199      0.00000      0.00000      0.00000
      7.22199      0.00000      0.00000      0.00000
      7.23199      0.00000      0.00000      0.00000
      7.24199      0.00011      0.00000      0.00000
      7.25199      0.00422      0.00000      0.00000
      7.26199      0.06074      0.00000      0.00000
      7.27199      0.35196      0.00000      0.00000
      7.28199      0.87651      0.00000      0.00000
      7.29199      1.05640      0.00000      0.00000
      7.30199      0.79993      0.00000      0.00000
      7.31199      0.77098      0.00000      0.00000
